{"uid":"11c96769e3f7fd","name":"test_planUnit_success3","fullName":"Tests.test_system.test_planUnit.TestPlanUnitPage#test_planUnit_success3","historyId":"6e64ce0a2ca8ff75bd00cf58fd61d81e","time":{"start":1761532757421,"stop":1761532757421,"duration":0},"status":"broken","statusMessage":"selenium.common.exceptions.TimeoutException: Message: 点击失败，找不到元素：xpath = (//span[text()=\"系统管理\"])[1]","statusTrace":"self = <Pages.itemsPage.login_page.LoginPage object at 0x0000028C9DA33100>, by_or_element = 'xpath', value = '(//span[text()=\"系统管理\"])[1]', wait_time = 10\n\n    def click(self, by_or_element, value=None, wait_time=10):\n        if value is not None:\n            by = by_or_element\n            logging.info(f\"点击元素：By = {by}, Value = {value}\")\n            try:\n>               element = WebDriverWait(self.driver, wait_time).until(\n                    EC.element_to_be_clickable((by, value))\n                )\n\nPages\\base_page.py:45: \n_ _ _ _ _ _ _ _ _ _ _ _ _ _ _ _ _ _ _ _ _ _ _ _ _ _ _ _ _ _ _ _ _ _ _ _ _ _ _ _ _ _ _ _ _ _ _ _ _ _ _ _ _ _ _ _ _ _ _ _ _ _ _ _ _ _ _ _ _ _ _ _ _ _ _ _ _ _ _ _ _ _ _ _ _ _ _ _ _ _ _ _ _ _ _ _ _ _ _ _ _ _ _ _ _ _ _ _ _ _ _ _ _ _ _ _\n\nself = <selenium.webdriver.support.wait.WebDriverWait (session=\"085dc26a4d9b7629e86c7da14a359c57\")>, method = <function element_to_be_clickable.<locals>._predicate at 0x0000028C9DAE5990>, message = ''\n\n    def until(self, method: Callable[[D], Union[Literal[False], T]], message: str = \"\") -> T:\n        \"\"\"Wait until the method returns a value that is not False.\n    \n        Calls the method provided with the driver as an argument until the\n        return value does not evaluate to ``False``.\n    \n        Parameters:\n        -----------\n        method: callable(WebDriver)\n            - A callable object that takes a WebDriver instance as an argument.\n    \n        message: str\n            - Optional message for :exc:`TimeoutException`\n    \n        Return:\n        -------\n        object: T\n            - The result of the last call to `method`\n    \n        Raises:\n        -------\n        TimeoutException\n            - If 'method' does not return a truthy value within the WebDriverWait\n            object's timeout\n    \n        Example:\n        --------\n        >>> from selenium.webdriver.common.by import By\n        >>> from selenium.webdriver.support.ui import WebDriverWait\n        >>> from selenium.webdriver.support import expected_conditions as EC\n    \n        # Wait until an element is visible on the page\n        >>> wait = WebDriverWait(driver, 10)\n        >>> element = wait.until(EC.visibility_of_element_located((By.ID, \"exampleId\")))\n        >>> print(element.text)\n        \"\"\"\n        screen = None\n        stacktrace = None\n    \n        end_time = time.monotonic() + self._timeout\n        while True:\n            try:\n                value = method(self._driver)\n                if value:\n                    return value\n            except self._ignored_exceptions as exc:\n                screen = getattr(exc, \"screen\", None)\n                stacktrace = getattr(exc, \"stacktrace\", None)\n            if time.monotonic() > end_time:\n                break\n            time.sleep(self._poll)\n>       raise TimeoutException(message, screen, stacktrace)\nE       selenium.common.exceptions.TimeoutException: Message: \nE       Stacktrace:\nE       \tGetHandleVerifier [0x0x7ff799566f65+78965]\nE       \tGetHandleVerifier [0x0x7ff799566fc0+79056]\nE       \t(No symbol) [0x0x7ff7992f9dda]\nE       \t(No symbol) [0x0x7ff7993502ea]\nE       \t(No symbol) [0x0x7ff79935059c]\nE       \t(No symbol) [0x0x7ff7993a3f37]\nE       \t(No symbol) [0x0x7ff7993786af]\nE       \t(No symbol) [0x0x7ff7993a0dbe]\nE       \t(No symbol) [0x0x7ff799378443]\nE       \t(No symbol) [0x0x7ff799341311]\nE       \t(No symbol) [0x0x7ff7993420a3]\nE       \tGetHandleVerifier [0x0x7ff79981e26d+2926461]\nE       \tGetHandleVerifier [0x0x7ff799818993+2903715]\nE       \tGetHandleVerifier [0x0x7ff799836aed+3026941]\nE       \tGetHandleVerifier [0x0x7ff7995816fe+187406]\nE       \tGetHandleVerifier [0x0x7ff7995896ef+220159]\nE       \tGetHandleVerifier [0x0x7ff79956faf4+114692]\nE       \tGetHandleVerifier [0x0x7ff79956fca9+115129]\nE       \tGetHandleVerifier [0x0x7ff7995564d8+10728]\nE       \tBaseThreadInitThunk [0x0x7ffee7407374+20]\nE       \tRtlUserThreadStart [0x0x7ffee89bcc91+33]\n\nmyenv\\lib\\site-packages\\selenium\\webdriver\\support\\wait.py:138: TimeoutException\n\nDuring handling of the above exception, another exception occurred:\n\n    @pytest.fixture  # (scope=\"class\")这个参数表示整个测试类共用同一个浏览器，默认一个用例执行一次\n    def login_to_planUnit():\n        \"\"\"初始化并返回 driver\"\"\"\n        download_path = os.path.abspath(\"downloads\")\n        os.makedirs(download_path, exist_ok=True)\n        options = Options()\n        options.add_argument(\"--allow-running-insecure-content\")\n        options.add_experimental_option(\"prefs\", {\n            \"download.prompt_for_download\": False,\n            \"download.default_directory\": download_path,\n            \"safebrowsing.enabled\": False\n        })\n        date_driver = DateDriver()\n        driver = create_driver(date_driver.driver_path, options)\n        driver.implicitly_wait(3)\n    \n        # 初始化登录页面\n        page = LoginPage(driver)  # 初始化登录页面\n        url = date_driver.url\n        print(f\"[INFO] 正在导航到 URL: {url}\")\n        # 尝试访问 URL，捕获连接错误\n        for attempt in range(2):\n            try:\n                page.navigate_to(url)\n                break\n            except WebDriverException as e:\n                capture_screenshot(driver, f\"login_fail_{attempt + 1}\")\n                logging.warning(f\"第 {attempt + 1} 次连接失败: {e}\")\n                driver.refresh()\n                sleep(date_driver.URL_RETRY_WAIT)\n        else:\n            logging.error(\"连接失败多次，测试中止\")\n            safe_quit(driver)\n            raise RuntimeError(\"无法连接到登录页面\")\n    \n        page.login(date_driver.username, date_driver.password, date_driver.planning)\n        list_ = [\"系统管理\", \"系统设置\", \"计划单元\"]\n        for v in list_:\n>           page.click_button(f'(//span[text()=\"{v}\"])[1]')\n\nTests\\test_system\\test_planUnit.py:64: \n_ _ _ _ _ _ _ _ _ _ _ _ _ _ _ _ _ _ _ _ _ _ _ _ _ _ _ _ _ _ _ _ _ _ _ _ _ _ _ _ _ _ _ _ _ _ _ _ _ _ _ _ _ _ _ _ _ _ _ _ _ _ _ _ _ _ _ _ _ _ _ _ _ _ _ _ _ _ _ _ _ _ _ _ _ _ _ _ _ _ _ _ _ _ _ _ _ _ _ _ _ _ _ _ _ _ _ _ _ _ _ _ _ _ _ _\nPages\\itemsPage\\login_page.py:24: in click_button\n    self.click(By.XPATH, xpath)\n_ _ _ _ _ _ _ _ _ _ _ _ _ _ _ _ _ _ _ _ _ _ _ _ _ _ _ _ _ _ _ _ _ _ _ _ _ _ _ _ _ _ _ _ _ _ _ _ _ _ _ _ _ _ _ _ _ _ _ _ _ _ _ _ _ _ _ _ _ _ _ _ _ _ _ _ _ _ _ _ _ _ _ _ _ _ _ _ _ _ _ _ _ _ _ _ _ _ _ _ _ _ _ _ _ _ _ _ _ _ _ _ _ _ _ _\n\nself = <Pages.itemsPage.login_page.LoginPage object at 0x0000028C9DA33100>, by_or_element = 'xpath', value = '(//span[text()=\"系统管理\"])[1]', wait_time = 10\n\n    def click(self, by_or_element, value=None, wait_time=10):\n        if value is not None:\n            by = by_or_element\n            logging.info(f\"点击元素：By = {by}, Value = {value}\")\n            try:\n                element = WebDriverWait(self.driver, wait_time).until(\n                    EC.element_to_be_clickable((by, value))\n                )\n            except TimeoutException:\n                logging.warning(f\"❌ 点击超时：元素 {by} = {value} 未在 {wait_time} 秒内变为可点击\")\n>               raise TimeoutException(f\"点击失败，找不到元素：{by} = {value}\")\nE               selenium.common.exceptions.TimeoutException: Message: 点击失败，找不到元素：xpath = (//span[text()=\"系统管理\"])[1]\n\nPages\\base_page.py:50: TimeoutException","flaky":false,"newFailed":false,"newBroken":false,"newPassed":false,"retriesCount":0,"retriesStatusChange":false,"beforeStages":[{"name":"login_to_planUnit","time":{"start":1761532757422,"stop":1761532778101,"duration":20679},"status":"broken","statusMessage":"selenium.common.exceptions.TimeoutException: Message: 点击失败，找不到元素：xpath = (//span[text()=\"系统管理\"])[1]\n\n","statusTrace":"  File \"D:\\PycharmProjects\\APS\\myenv\\lib\\site-packages\\pluggy\\_callers.py\", line 38, in run_old_style_hookwrapper\n    res = yield\n  File \"D:\\PycharmProjects\\APS\\myenv\\lib\\site-packages\\pluggy\\_callers.py\", line 139, in _multicall\n    teardown.throw(exception)\n  File \"D:\\PycharmProjects\\APS\\myenv\\lib\\site-packages\\_pytest\\setuponly.py\", line 36, in pytest_fixture_setup\n    return (yield)\n  File \"D:\\PycharmProjects\\APS\\myenv\\lib\\site-packages\\pluggy\\_callers.py\", line 121, in _multicall\n    res = hook_impl.function(*args)\n  File \"D:\\PycharmProjects\\APS\\myenv\\lib\\site-packages\\_pytest\\fixtures.py\", line 1195, in pytest_fixture_setup\n    result = call_fixture_func(fixturefunc, request, kwargs)\n  File \"D:\\PycharmProjects\\APS\\myenv\\lib\\site-packages\\_pytest\\fixtures.py\", line 922, in call_fixture_func\n    fixture_result = next(generator)\n  File \"D:\\PycharmProjects\\APS\\Tests\\test_system\\test_planUnit.py\", line 64, in login_to_planUnit\n    page.click_button(f'(//span[text()=\"{v}\"])[1]')\n  File \"D:\\PycharmProjects\\APS\\Pages\\itemsPage\\login_page.py\", line 24, in click_button\n    self.click(By.XPATH, xpath)\n  File \"D:\\PycharmProjects\\APS\\Pages\\base_page.py\", line 50, in click\n    raise TimeoutException(f\"点击失败，找不到元素：{by} = {value}\")\n","steps":[],"attachments":[],"parameters":[],"attachmentStep":false,"stepsCount":0,"hasContent":true,"shouldDisplayMessage":true,"attachmentsCount":0}],"testStage":{"status":"broken","statusMessage":"selenium.common.exceptions.TimeoutException: Message: 点击失败，找不到元素：xpath = (//span[text()=\"系统管理\"])[1]","statusTrace":"self = <Pages.itemsPage.login_page.LoginPage object at 0x0000028C9DA33100>, by_or_element = 'xpath', value = '(//span[text()=\"系统管理\"])[1]', wait_time = 10\n\n    def click(self, by_or_element, value=None, wait_time=10):\n        if value is not None:\n            by = by_or_element\n            logging.info(f\"点击元素：By = {by}, Value = {value}\")\n            try:\n>               element = WebDriverWait(self.driver, wait_time).until(\n                    EC.element_to_be_clickable((by, value))\n                )\n\nPages\\base_page.py:45: \n_ _ _ _ _ _ _ _ _ _ _ _ _ _ _ _ _ _ _ _ _ _ _ _ _ _ _ _ _ _ _ _ _ _ _ _ _ _ _ _ _ _ _ _ _ _ _ _ _ _ _ _ _ _ _ _ _ _ _ _ _ _ _ _ _ _ _ _ _ _ _ _ _ _ _ _ _ _ _ _ _ _ _ _ _ _ _ _ _ _ _ _ _ _ _ _ _ _ _ _ _ _ _ _ _ _ _ _ _ _ _ _ _ _ _ _\n\nself = <selenium.webdriver.support.wait.WebDriverWait (session=\"085dc26a4d9b7629e86c7da14a359c57\")>, method = <function element_to_be_clickable.<locals>._predicate at 0x0000028C9DAE5990>, message = ''\n\n    def until(self, method: Callable[[D], Union[Literal[False], T]], message: str = \"\") -> T:\n        \"\"\"Wait until the method returns a value that is not False.\n    \n        Calls the method provided with the driver as an argument until the\n        return value does not evaluate to ``False``.\n    \n        Parameters:\n        -----------\n        method: callable(WebDriver)\n            - A callable object that takes a WebDriver instance as an argument.\n    \n        message: str\n            - Optional message for :exc:`TimeoutException`\n    \n        Return:\n        -------\n        object: T\n            - The result of the last call to `method`\n    \n        Raises:\n        -------\n        TimeoutException\n            - If 'method' does not return a truthy value within the WebDriverWait\n            object's timeout\n    \n        Example:\n        --------\n        >>> from selenium.webdriver.common.by import By\n        >>> from selenium.webdriver.support.ui import WebDriverWait\n        >>> from selenium.webdriver.support import expected_conditions as EC\n    \n        # Wait until an element is visible on the page\n        >>> wait = WebDriverWait(driver, 10)\n        >>> element = wait.until(EC.visibility_of_element_located((By.ID, \"exampleId\")))\n        >>> print(element.text)\n        \"\"\"\n        screen = None\n        stacktrace = None\n    \n        end_time = time.monotonic() + self._timeout\n        while True:\n            try:\n                value = method(self._driver)\n                if value:\n                    return value\n            except self._ignored_exceptions as exc:\n                screen = getattr(exc, \"screen\", None)\n                stacktrace = getattr(exc, \"stacktrace\", None)\n            if time.monotonic() > end_time:\n                break\n            time.sleep(self._poll)\n>       raise TimeoutException(message, screen, stacktrace)\nE       selenium.common.exceptions.TimeoutException: Message: \nE       Stacktrace:\nE       \tGetHandleVerifier [0x0x7ff799566f65+78965]\nE       \tGetHandleVerifier [0x0x7ff799566fc0+79056]\nE       \t(No symbol) [0x0x7ff7992f9dda]\nE       \t(No symbol) [0x0x7ff7993502ea]\nE       \t(No symbol) [0x0x7ff79935059c]\nE       \t(No symbol) [0x0x7ff7993a3f37]\nE       \t(No symbol) [0x0x7ff7993786af]\nE       \t(No symbol) [0x0x7ff7993a0dbe]\nE       \t(No symbol) [0x0x7ff799378443]\nE       \t(No symbol) [0x0x7ff799341311]\nE       \t(No symbol) [0x0x7ff7993420a3]\nE       \tGetHandleVerifier [0x0x7ff79981e26d+2926461]\nE       \tGetHandleVerifier [0x0x7ff799818993+2903715]\nE       \tGetHandleVerifier [0x0x7ff799836aed+3026941]\nE       \tGetHandleVerifier [0x0x7ff7995816fe+187406]\nE       \tGetHandleVerifier [0x0x7ff7995896ef+220159]\nE       \tGetHandleVerifier [0x0x7ff79956faf4+114692]\nE       \tGetHandleVerifier [0x0x7ff79956fca9+115129]\nE       \tGetHandleVerifier [0x0x7ff7995564d8+10728]\nE       \tBaseThreadInitThunk [0x0x7ffee7407374+20]\nE       \tRtlUserThreadStart [0x0x7ffee89bcc91+33]\n\nmyenv\\lib\\site-packages\\selenium\\webdriver\\support\\wait.py:138: TimeoutException\n\nDuring handling of the above exception, another exception occurred:\n\n    @pytest.fixture  # (scope=\"class\")这个参数表示整个测试类共用同一个浏览器，默认一个用例执行一次\n    def login_to_planUnit():\n        \"\"\"初始化并返回 driver\"\"\"\n        download_path = os.path.abspath(\"downloads\")\n        os.makedirs(download_path, exist_ok=True)\n        options = Options()\n        options.add_argument(\"--allow-running-insecure-content\")\n        options.add_experimental_option(\"prefs\", {\n            \"download.prompt_for_download\": False,\n            \"download.default_directory\": download_path,\n            \"safebrowsing.enabled\": False\n        })\n        date_driver = DateDriver()\n        driver = create_driver(date_driver.driver_path, options)\n        driver.implicitly_wait(3)\n    \n        # 初始化登录页面\n        page = LoginPage(driver)  # 初始化登录页面\n        url = date_driver.url\n        print(f\"[INFO] 正在导航到 URL: {url}\")\n        # 尝试访问 URL，捕获连接错误\n        for attempt in range(2):\n            try:\n                page.navigate_to(url)\n                break\n            except WebDriverException as e:\n                capture_screenshot(driver, f\"login_fail_{attempt + 1}\")\n                logging.warning(f\"第 {attempt + 1} 次连接失败: {e}\")\n                driver.refresh()\n                sleep(date_driver.URL_RETRY_WAIT)\n        else:\n            logging.error(\"连接失败多次，测试中止\")\n            safe_quit(driver)\n            raise RuntimeError(\"无法连接到登录页面\")\n    \n        page.login(date_driver.username, date_driver.password, date_driver.planning)\n        list_ = [\"系统管理\", \"系统设置\", \"计划单元\"]\n        for v in list_:\n>           page.click_button(f'(//span[text()=\"{v}\"])[1]')\n\nTests\\test_system\\test_planUnit.py:64: \n_ _ _ _ _ _ _ _ _ _ _ _ _ _ _ _ _ _ _ _ _ _ _ _ _ _ _ _ _ _ _ _ _ _ _ _ _ _ _ _ _ _ _ _ _ _ _ _ _ _ _ _ _ _ _ _ _ _ _ _ _ _ _ _ _ _ _ _ _ _ _ _ _ _ _ _ _ _ _ _ _ _ _ _ _ _ _ _ _ _ _ _ _ _ _ _ _ _ _ _ _ _ _ _ _ _ _ _ _ _ _ _ _ _ _ _\nPages\\itemsPage\\login_page.py:24: in click_button\n    self.click(By.XPATH, xpath)\n_ _ _ _ _ _ _ _ _ _ _ _ _ _ _ _ _ _ _ _ _ _ _ _ _ _ _ _ _ _ _ _ _ _ _ _ _ _ _ _ _ _ _ _ _ _ _ _ _ _ _ _ _ _ _ _ _ _ _ _ _ _ _ _ _ _ _ _ _ _ _ _ _ _ _ _ _ _ _ _ _ _ _ _ _ _ _ _ _ _ _ _ _ _ _ _ _ _ _ _ _ _ _ _ _ _ _ _ _ _ _ _ _ _ _ _\n\nself = <Pages.itemsPage.login_page.LoginPage object at 0x0000028C9DA33100>, by_or_element = 'xpath', value = '(//span[text()=\"系统管理\"])[1]', wait_time = 10\n\n    def click(self, by_or_element, value=None, wait_time=10):\n        if value is not None:\n            by = by_or_element\n            logging.info(f\"点击元素：By = {by}, Value = {value}\")\n            try:\n                element = WebDriverWait(self.driver, wait_time).until(\n                    EC.element_to_be_clickable((by, value))\n                )\n            except TimeoutException:\n                logging.warning(f\"❌ 点击超时：元素 {by} = {value} 未在 {wait_time} 秒内变为可点击\")\n>               raise TimeoutException(f\"点击失败，找不到元素：{by} = {value}\")\nE               selenium.common.exceptions.TimeoutException: Message: 点击失败，找不到元素：xpath = (//span[text()=\"系统管理\"])[1]\n\nPages\\base_page.py:50: TimeoutException","steps":[],"attachments":[{"uid":"26ac57ac4c9a2ebe","name":"log","source":"26ac57ac4c9a2ebe.txt","type":"text/plain","size":593}],"parameters":[],"attachmentStep":false,"stepsCount":0,"hasContent":true,"shouldDisplayMessage":true,"attachmentsCount":1},"afterStages":[],"labels":[{"name":"story","value":"添加小日程计划单元成功"},{"name":"feature","value":"计划单元页用例"},{"name":"parentSuite","value":"Tests.test_system"},{"name":"suite","value":"test_planUnit"},{"name":"subSuite","value":"TestPlanUnitPage"},{"name":"host","value":"WIN-20240820MJV"},{"name":"thread","value":"22864-MainThread"},{"name":"framework","value":"pytest"},{"name":"language","value":"cpython3"},{"name":"package","value":"Tests.test_system.test_planUnit"},{"name":"resultFormat","value":"allure2"}],"parameters":[],"links":[],"hidden":true,"retry":true,"extra":{"categories":[],"tags":[]},"source":"11c96769e3f7fd.json","parameterValues":[]}