{"uid":"11d5ca94aa560fa","name":"test_spec_spec6","fullName":"Tests.test_items.test_spec1.TestSpecPage#test_spec_spec6","historyId":"e8af9958dfee12fd2245361e7d11ab7f","time":{"start":1768390246239,"stop":1768390300601,"duration":54362},"status":"broken","statusMessage":"selenium.common.exceptions.TimeoutException: Message: 点击失败，找不到元素：xpath = //div[text()=\"代码\" and contains(@optid,\"opt_\")]","statusTrace":"self = <Pages.itemsPage.spec1_page.Spec1Page object at 0x000001E1A69E0DC0>, by_or_element = 'xpath', value = '//div[text()=\"代码\" and contains(@optid,\"opt_\")]', wait_time = 10, retries = 2\n\n    def click(self, by_or_element, value=None, wait_time=10, retries=2):\n        \"\"\"\n        更稳健的点击方法：支持定位符或 WebElement，自动处理 stale 元素、点击拦截等问题。\n        \"\"\"\n        for attempt in range(retries):\n            try:\n                if value is not None:\n                    by = by_or_element\n                    logging.info(f\"点击元素：By = {by}, Value = {value}\")\n>                   element = WebDriverWait(self.driver, wait_time).until(\n                        EC.element_to_be_clickable((by, value))\n                    )\n\nPages\\base_page.py:49: \n_ _ _ _ _ _ _ _ _ _ _ _ _ _ _ _ _ _ _ _ _ _ _ _ _ _ _ _ _ _ _ _ _ _ _ _ _ _ _ _ _ _ _ _ _ _ _ _ _ _ _ _ _ _ _ _ _ _ _ _ _ _ _ _ _ _ _ _ _ _ _ _ _ _ _ _ _ _ _ _ _ _ _ _ _ _ _ _ _ _ _ _ _ _ _ _ _ _ _ _ _ _ _ _ _ _ _ _ _ _ _ _ _ _ _ _\n\nself = <selenium.webdriver.support.wait.WebDriverWait (session=\"af053724de00b29faf8c5ffa3893a805\")>, method = <function element_to_be_clickable.<locals>._predicate at 0x000001E1A68D6B00>, message = ''\n\n    def until(self, method: Callable[[D], Union[Literal[False], T]], message: str = \"\") -> T:\n        \"\"\"Wait until the method returns a value that is not False.\n    \n        Calls the method provided with the driver as an argument until the\n        return value does not evaluate to ``False``.\n    \n        Parameters:\n        -----------\n        method: callable(WebDriver)\n            - A callable object that takes a WebDriver instance as an argument.\n    \n        message: str\n            - Optional message for :exc:`TimeoutException`\n    \n        Return:\n        -------\n        object: T\n            - The result of the last call to `method`\n    \n        Raises:\n        -------\n        TimeoutException\n            - If 'method' does not return a truthy value within the WebDriverWait\n            object's timeout\n    \n        Example:\n        --------\n        >>> from selenium.webdriver.common.by import By\n        >>> from selenium.webdriver.support.ui import WebDriverWait\n        >>> from selenium.webdriver.support import expected_conditions as EC\n    \n        # Wait until an element is visible on the page\n        >>> wait = WebDriverWait(driver, 10)\n        >>> element = wait.until(EC.visibility_of_element_located((By.ID, \"exampleId\")))\n        >>> print(element.text)\n        \"\"\"\n        screen = None\n        stacktrace = None\n    \n        end_time = time.monotonic() + self._timeout\n        while True:\n            try:\n                value = method(self._driver)\n                if value:\n                    return value\n            except self._ignored_exceptions as exc:\n                screen = getattr(exc, \"screen\", None)\n                stacktrace = getattr(exc, \"stacktrace\", None)\n            if time.monotonic() > end_time:\n                break\n            time.sleep(self._poll)\n>       raise TimeoutException(message, screen, stacktrace)\nE       selenium.common.exceptions.TimeoutException: Message: \nE       Stacktrace:\nE       \tGetHandleVerifier [0x0x7ff62e736f65+78965]\nE       \tGetHandleVerifier [0x0x7ff62e736fc0+79056]\nE       \t(No symbol) [0x0x7ff62e4c9dda]\nE       \t(No symbol) [0x0x7ff62e5202ea]\nE       \t(No symbol) [0x0x7ff62e52059c]\nE       \t(No symbol) [0x0x7ff62e573f37]\nE       \t(No symbol) [0x0x7ff62e5486af]\nE       \t(No symbol) [0x0x7ff62e570dbe]\nE       \t(No symbol) [0x0x7ff62e548443]\nE       \t(No symbol) [0x0x7ff62e511311]\nE       \t(No symbol) [0x0x7ff62e5120a3]\nE       \tGetHandleVerifier [0x0x7ff62e9ee26d+2926461]\nE       \tGetHandleVerifier [0x0x7ff62e9e8993+2903715]\nE       \tGetHandleVerifier [0x0x7ff62ea06aed+3026941]\nE       \tGetHandleVerifier [0x0x7ff62e7516fe+187406]\nE       \tGetHandleVerifier [0x0x7ff62e7596ef+220159]\nE       \tGetHandleVerifier [0x0x7ff62e73faf4+114692]\nE       \tGetHandleVerifier [0x0x7ff62e73fca9+115129]\nE       \tGetHandleVerifier [0x0x7ff62e7264d8+10728]\nE       \tBaseThreadInitThunk [0x0x7ff90e507374+20]\nE       \tRtlUserThreadStart [0x0x7ff91019cc91+33]\n\nmyenv\\lib\\site-packages\\selenium\\webdriver\\support\\wait.py:138: TimeoutException\n\nDuring handling of the above exception, another exception occurred:\n\nself = <test_items.test_spec1.TestSpecPage object at 0x000001E1A5F22530>, login_to_spec1 = <selenium.webdriver.chrome.webdriver.WebDriver (session=\"af053724de00b29faf8c5ffa3893a805\")>\n\n    @allure.story(\"生产特征6增删查改\")\n    # @pytest.mark.run(order=1)\n    def test_spec_spec6(self, login_to_spec1):\n        driver = login_to_spec1  # WebDriver 实例\n        spec = Spec1Page(driver)  # 用 driver 初始化 Spec1Page\n        list_name = ['1测试生产特征66', '1测试生产特征6']\n        after_name = '1修改生产特征66'\n        spec.click_button('//div[text()=\" 生产特征5 \"]')\n        spec.click_button('//div[div[text()=\" 生产特征5 \"]]/span')\n        spec.click_spec_num(6)\n        add1 = spec.finds_elements(By.XPATH, f'//tr[./td[2][.//span[text()=\"{list_name[0]}\"]]]/td[2]')\n        add2 = spec.finds_elements(By.XPATH, f'//tr[./td[2][.//span[text()=\"{list_name[1]}\"]]]/td[2]')\n        add3 = spec.finds_elements(By.XPATH, f'//tr[./td[2][.//span[text()=\"{after_name}\"]]]/td[2]')\n        if len(add2) == 0:\n            spec.add_spec_data(list_name[1])\n        if len(add1) == 0 and len(add3) == 0:\n            spec.add_spec_data(list_name[0])\n            ele0 = spec.finds_elements(By.XPATH, f'//tr[./td[2][.//span[text()=\"{list_name[0]}\"]]]/td[2]')\n            assert len(ele0) == 1\n        ele1 = spec.finds_elements(By.XPATH, f'//tr[./td[2][.//span[text()=\"{list_name[1]}\"]]]/td[2]')\n        assert len(ele1) == 1\n    \n        edit = spec.finds_elements(By.XPATH, f'//tr[./td[2][.//span[text()=\"{after_name}\"]]]/td[2]')\n        if len(edit) == 0:\n            spec.edit_spec_data(list_name[0], after_name)\n        ele = spec.finds_elements(By.XPATH, f'//tr[./td[2][.//span[text()=\"{after_name}\"]]]/td[2]')\n        assert len(ele) == 1\n    \n>       spec.select_spec_data(after_name)\n\nTests\\test_items\\test_spec1.py:1384: \n_ _ _ _ _ _ _ _ _ _ _ _ _ _ _ _ _ _ _ _ _ _ _ _ _ _ _ _ _ _ _ _ _ _ _ _ _ _ _ _ _ _ _ _ _ _ _ _ _ _ _ _ _ _ _ _ _ _ _ _ _ _ _ _ _ _ _ _ _ _ _ _ _ _ _ _ _ _ _ _ _ _ _ _ _ _ _ _ _ _ _ _ _ _ _ _ _ _ _ _ _ _ _ _ _ _ _ _ _ _ _ _ _ _ _ _\nPages\\itemsPage\\spec1_page.py:288: in select_spec_data\n    self.click_button('//div[text()=\"代码\" and contains(@optid,\"opt_\")]')\nPages\\itemsPage\\spec1_page.py:42: in click_button\n    self.click(By.XPATH, xpath)\n_ _ _ _ _ _ _ _ _ _ _ _ _ _ _ _ _ _ _ _ _ _ _ _ _ _ _ _ _ _ _ _ _ _ _ _ _ _ _ _ _ _ _ _ _ _ _ _ _ _ _ _ _ _ _ _ _ _ _ _ _ _ _ _ _ _ _ _ _ _ _ _ _ _ _ _ _ _ _ _ _ _ _ _ _ _ _ _ _ _ _ _ _ _ _ _ _ _ _ _ _ _ _ _ _ _ _ _ _ _ _ _ _ _ _ _\n\nself = <Pages.itemsPage.spec1_page.Spec1Page object at 0x000001E1A69E0DC0>, by_or_element = 'xpath', value = '//div[text()=\"代码\" and contains(@optid,\"opt_\")]', wait_time = 10, retries = 2\n\n    def click(self, by_or_element, value=None, wait_time=10, retries=2):\n        \"\"\"\n        更稳健的点击方法：支持定位符或 WebElement，自动处理 stale 元素、点击拦截等问题。\n        \"\"\"\n        for attempt in range(retries):\n            try:\n                if value is not None:\n                    by = by_or_element\n                    logging.info(f\"点击元素：By = {by}, Value = {value}\")\n                    element = WebDriverWait(self.driver, wait_time).until(\n                        EC.element_to_be_clickable((by, value))\n                    )\n                else:\n                    logging.info(\"点击元素：WebElement 对象\")\n                    element = by_or_element\n    \n                element.click()\n                logging.info(\"✅ 点击成功\")\n                return\n    \n            except ElementClickInterceptedException:\n                logging.warning(\"⚠️ 原生点击被拦截，尝试使用 JS 点击\")\n                try:\n                    self.driver.execute_script(\"arguments[0].click();\", element)\n                    logging.info(\"✅ JS 点击成功\")\n                    return\n                except Exception as js_error:\n                    logging.warning(f\"⚠️ JS 点击失败：{js_error}\")\n                    sleep(1)\n                    continue  # 下一轮重试\n    \n            except StaleElementReferenceException:\n                logging.warning(f\"⚠️ 第 {attempt + 1} 次点击失败：元素过期，尝试重新定位\")\n                sleep(1)\n                continue  # 下一轮重试时重新定位\n    \n            except TimeoutException:\n                logging.error(f\"❌ 元素未在 {wait_time} 秒内变为可点击\")\n>               raise TimeoutException(f\"点击失败，找不到元素：{by_or_element} = {value}\")\nE               selenium.common.exceptions.TimeoutException: Message: 点击失败，找不到元素：xpath = //div[text()=\"代码\" and contains(@optid,\"opt_\")]\n\nPages\\base_page.py:78: TimeoutException","flaky":false,"newFailed":false,"newBroken":false,"newPassed":false,"retriesCount":0,"retriesStatusChange":false,"beforeStages":[{"name":"login_to_spec1","time":{"start":1768389472225,"stop":1768389491119,"duration":18894},"status":"passed","steps":[],"attachments":[],"parameters":[],"attachmentStep":false,"hasContent":false,"stepsCount":0,"shouldDisplayMessage":false,"attachmentsCount":0}],"testStage":{"status":"broken","statusMessage":"selenium.common.exceptions.TimeoutException: Message: 点击失败，找不到元素：xpath = //div[text()=\"代码\" and contains(@optid,\"opt_\")]","statusTrace":"self = <Pages.itemsPage.spec1_page.Spec1Page object at 0x000001E1A69E0DC0>, by_or_element = 'xpath', value = '//div[text()=\"代码\" and contains(@optid,\"opt_\")]', wait_time = 10, retries = 2\n\n    def click(self, by_or_element, value=None, wait_time=10, retries=2):\n        \"\"\"\n        更稳健的点击方法：支持定位符或 WebElement，自动处理 stale 元素、点击拦截等问题。\n        \"\"\"\n        for attempt in range(retries):\n            try:\n                if value is not None:\n                    by = by_or_element\n                    logging.info(f\"点击元素：By = {by}, Value = {value}\")\n>                   element = WebDriverWait(self.driver, wait_time).until(\n                        EC.element_to_be_clickable((by, value))\n                    )\n\nPages\\base_page.py:49: \n_ _ _ _ _ _ _ _ _ _ _ _ _ _ _ _ _ _ _ _ _ _ _ _ _ _ _ _ _ _ _ _ _ _ _ _ _ _ _ _ _ _ _ _ _ _ _ _ _ _ _ _ _ _ _ _ _ _ _ _ _ _ _ _ _ _ _ _ _ _ _ _ _ _ _ _ _ _ _ _ _ _ _ _ _ _ _ _ _ _ _ _ _ _ _ _ _ _ _ _ _ _ _ _ _ _ _ _ _ _ _ _ _ _ _ _\n\nself = <selenium.webdriver.support.wait.WebDriverWait (session=\"af053724de00b29faf8c5ffa3893a805\")>, method = <function element_to_be_clickable.<locals>._predicate at 0x000001E1A68D6B00>, message = ''\n\n    def until(self, method: Callable[[D], Union[Literal[False], T]], message: str = \"\") -> T:\n        \"\"\"Wait until the method returns a value that is not False.\n    \n        Calls the method provided with the driver as an argument until the\n        return value does not evaluate to ``False``.\n    \n        Parameters:\n        -----------\n        method: callable(WebDriver)\n            - A callable object that takes a WebDriver instance as an argument.\n    \n        message: str\n            - Optional message for :exc:`TimeoutException`\n    \n        Return:\n        -------\n        object: T\n            - The result of the last call to `method`\n    \n        Raises:\n        -------\n        TimeoutException\n            - If 'method' does not return a truthy value within the WebDriverWait\n            object's timeout\n    \n        Example:\n        --------\n        >>> from selenium.webdriver.common.by import By\n        >>> from selenium.webdriver.support.ui import WebDriverWait\n        >>> from selenium.webdriver.support import expected_conditions as EC\n    \n        # Wait until an element is visible on the page\n        >>> wait = WebDriverWait(driver, 10)\n        >>> element = wait.until(EC.visibility_of_element_located((By.ID, \"exampleId\")))\n        >>> print(element.text)\n        \"\"\"\n        screen = None\n        stacktrace = None\n    \n        end_time = time.monotonic() + self._timeout\n        while True:\n            try:\n                value = method(self._driver)\n                if value:\n                    return value\n            except self._ignored_exceptions as exc:\n                screen = getattr(exc, \"screen\", None)\n                stacktrace = getattr(exc, \"stacktrace\", None)\n            if time.monotonic() > end_time:\n                break\n            time.sleep(self._poll)\n>       raise TimeoutException(message, screen, stacktrace)\nE       selenium.common.exceptions.TimeoutException: Message: \nE       Stacktrace:\nE       \tGetHandleVerifier [0x0x7ff62e736f65+78965]\nE       \tGetHandleVerifier [0x0x7ff62e736fc0+79056]\nE       \t(No symbol) [0x0x7ff62e4c9dda]\nE       \t(No symbol) [0x0x7ff62e5202ea]\nE       \t(No symbol) [0x0x7ff62e52059c]\nE       \t(No symbol) [0x0x7ff62e573f37]\nE       \t(No symbol) [0x0x7ff62e5486af]\nE       \t(No symbol) [0x0x7ff62e570dbe]\nE       \t(No symbol) [0x0x7ff62e548443]\nE       \t(No symbol) [0x0x7ff62e511311]\nE       \t(No symbol) [0x0x7ff62e5120a3]\nE       \tGetHandleVerifier [0x0x7ff62e9ee26d+2926461]\nE       \tGetHandleVerifier [0x0x7ff62e9e8993+2903715]\nE       \tGetHandleVerifier [0x0x7ff62ea06aed+3026941]\nE       \tGetHandleVerifier [0x0x7ff62e7516fe+187406]\nE       \tGetHandleVerifier [0x0x7ff62e7596ef+220159]\nE       \tGetHandleVerifier [0x0x7ff62e73faf4+114692]\nE       \tGetHandleVerifier [0x0x7ff62e73fca9+115129]\nE       \tGetHandleVerifier [0x0x7ff62e7264d8+10728]\nE       \tBaseThreadInitThunk [0x0x7ff90e507374+20]\nE       \tRtlUserThreadStart [0x0x7ff91019cc91+33]\n\nmyenv\\lib\\site-packages\\selenium\\webdriver\\support\\wait.py:138: TimeoutException\n\nDuring handling of the above exception, another exception occurred:\n\nself = <test_items.test_spec1.TestSpecPage object at 0x000001E1A5F22530>, login_to_spec1 = <selenium.webdriver.chrome.webdriver.WebDriver (session=\"af053724de00b29faf8c5ffa3893a805\")>\n\n    @allure.story(\"生产特征6增删查改\")\n    # @pytest.mark.run(order=1)\n    def test_spec_spec6(self, login_to_spec1):\n        driver = login_to_spec1  # WebDriver 实例\n        spec = Spec1Page(driver)  # 用 driver 初始化 Spec1Page\n        list_name = ['1测试生产特征66', '1测试生产特征6']\n        after_name = '1修改生产特征66'\n        spec.click_button('//div[text()=\" 生产特征5 \"]')\n        spec.click_button('//div[div[text()=\" 生产特征5 \"]]/span')\n        spec.click_spec_num(6)\n        add1 = spec.finds_elements(By.XPATH, f'//tr[./td[2][.//span[text()=\"{list_name[0]}\"]]]/td[2]')\n        add2 = spec.finds_elements(By.XPATH, f'//tr[./td[2][.//span[text()=\"{list_name[1]}\"]]]/td[2]')\n        add3 = spec.finds_elements(By.XPATH, f'//tr[./td[2][.//span[text()=\"{after_name}\"]]]/td[2]')\n        if len(add2) == 0:\n            spec.add_spec_data(list_name[1])\n        if len(add1) == 0 and len(add3) == 0:\n            spec.add_spec_data(list_name[0])\n            ele0 = spec.finds_elements(By.XPATH, f'//tr[./td[2][.//span[text()=\"{list_name[0]}\"]]]/td[2]')\n            assert len(ele0) == 1\n        ele1 = spec.finds_elements(By.XPATH, f'//tr[./td[2][.//span[text()=\"{list_name[1]}\"]]]/td[2]')\n        assert len(ele1) == 1\n    \n        edit = spec.finds_elements(By.XPATH, f'//tr[./td[2][.//span[text()=\"{after_name}\"]]]/td[2]')\n        if len(edit) == 0:\n            spec.edit_spec_data(list_name[0], after_name)\n        ele = spec.finds_elements(By.XPATH, f'//tr[./td[2][.//span[text()=\"{after_name}\"]]]/td[2]')\n        assert len(ele) == 1\n    \n>       spec.select_spec_data(after_name)\n\nTests\\test_items\\test_spec1.py:1384: \n_ _ _ _ _ _ _ _ _ _ _ _ _ _ _ _ _ _ _ _ _ _ _ _ _ _ _ _ _ _ _ _ _ _ _ _ _ _ _ _ _ _ _ _ _ _ _ _ _ _ _ _ _ _ _ _ _ _ _ _ _ _ _ _ _ _ _ _ _ _ _ _ _ _ _ _ _ _ _ _ _ _ _ _ _ _ _ _ _ _ _ _ _ _ _ _ _ _ _ _ _ _ _ _ _ _ _ _ _ _ _ _ _ _ _ _\nPages\\itemsPage\\spec1_page.py:288: in select_spec_data\n    self.click_button('//div[text()=\"代码\" and contains(@optid,\"opt_\")]')\nPages\\itemsPage\\spec1_page.py:42: in click_button\n    self.click(By.XPATH, xpath)\n_ _ _ _ _ _ _ _ _ _ _ _ _ _ _ _ _ _ _ _ _ _ _ _ _ _ _ _ _ _ _ _ _ _ _ _ _ _ _ _ _ _ _ _ _ _ _ _ _ _ _ _ _ _ _ _ _ _ _ _ _ _ _ _ _ _ _ _ _ _ _ _ _ _ _ _ _ _ _ _ _ _ _ _ _ _ _ _ _ _ _ _ _ _ _ _ _ _ _ _ _ _ _ _ _ _ _ _ _ _ _ _ _ _ _ _\n\nself = <Pages.itemsPage.spec1_page.Spec1Page object at 0x000001E1A69E0DC0>, by_or_element = 'xpath', value = '//div[text()=\"代码\" and contains(@optid,\"opt_\")]', wait_time = 10, retries = 2\n\n    def click(self, by_or_element, value=None, wait_time=10, retries=2):\n        \"\"\"\n        更稳健的点击方法：支持定位符或 WebElement，自动处理 stale 元素、点击拦截等问题。\n        \"\"\"\n        for attempt in range(retries):\n            try:\n                if value is not None:\n                    by = by_or_element\n                    logging.info(f\"点击元素：By = {by}, Value = {value}\")\n                    element = WebDriverWait(self.driver, wait_time).until(\n                        EC.element_to_be_clickable((by, value))\n                    )\n                else:\n                    logging.info(\"点击元素：WebElement 对象\")\n                    element = by_or_element\n    \n                element.click()\n                logging.info(\"✅ 点击成功\")\n                return\n    \n            except ElementClickInterceptedException:\n                logging.warning(\"⚠️ 原生点击被拦截，尝试使用 JS 点击\")\n                try:\n                    self.driver.execute_script(\"arguments[0].click();\", element)\n                    logging.info(\"✅ JS 点击成功\")\n                    return\n                except Exception as js_error:\n                    logging.warning(f\"⚠️ JS 点击失败：{js_error}\")\n                    sleep(1)\n                    continue  # 下一轮重试\n    \n            except StaleElementReferenceException:\n                logging.warning(f\"⚠️ 第 {attempt + 1} 次点击失败：元素过期，尝试重新定位\")\n                sleep(1)\n                continue  # 下一轮重试时重新定位\n    \n            except TimeoutException:\n                logging.error(f\"❌ 元素未在 {wait_time} 秒内变为可点击\")\n>               raise TimeoutException(f\"点击失败，找不到元素：{by_or_element} = {value}\")\nE               selenium.common.exceptions.TimeoutException: Message: 点击失败，找不到元素：xpath = //div[text()=\"代码\" and contains(@optid,\"opt_\")]\n\nPages\\base_page.py:78: TimeoutException","steps":[],"attachments":[{"uid":"4b0fe93c9f81cf08","name":"test_spec_spec6_20260114_193140","source":"4b0fe93c9f81cf08.png","type":"image/png","size":69410},{"uid":"2f3c6b1ea7b937a3","name":"log","source":"2f3c6b1ea7b937a3.txt","type":"text/plain","size":3980}],"parameters":[],"attachmentStep":false,"hasContent":true,"stepsCount":0,"shouldDisplayMessage":true,"attachmentsCount":2},"afterStages":[{"name":"login_to_spec1::0","time":{"start":1768390571756,"stop":1768390573979,"duration":2223},"status":"passed","steps":[],"attachments":[],"parameters":[],"attachmentStep":false,"hasContent":false,"stepsCount":0,"shouldDisplayMessage":false,"attachmentsCount":0}],"labels":[{"name":"feature","value":"生产特征表测试用例"},{"name":"story","value":"生产特征6增删查改"},{"name":"parentSuite","value":"Tests.test_items"},{"name":"suite","value":"test_spec1"},{"name":"subSuite","value":"TestSpecPage"},{"name":"host","value":"WIN-20240820MJV"},{"name":"thread","value":"6652-MainThread"},{"name":"framework","value":"pytest"},{"name":"language","value":"cpython3"},{"name":"package","value":"Tests.test_items.test_spec1"},{"name":"resultFormat","value":"allure2"}],"parameters":[],"links":[],"hidden":true,"retry":true,"extra":{"categories":[],"tags":[]},"source":"11d5ca94aa560fa.json","parameterValues":[]}