{"uid":"1224447129a0aa08","name":"test_module_selectsuccess","fullName":"Tests.test_system.test_module.TestSModulePage#test_module_selectsuccess","historyId":"73798f5158cff6ded71e1aa43bc14b4e","time":{"start":1764807671878,"stop":1764807684142,"duration":12264},"status":"failed","statusMessage":"AssertionError: assert ('ABCDAA' == 'ComponentSystemSet'\n  \n  \u001B[0m\u001B[91m- ComponentSystemSet\u001B[39;49;00m\u001B[90m\u001B[39;49;00m\n  \u001B[92m+ ABCDAA\u001B[39;49;00m\u001B[90m\u001B[39;49;00m)","statusTrace":"self = <test_system.test_module.TestSModulePage object at 0x000002ECDED43E20>, login_to_module = <selenium.webdriver.chrome.webdriver.WebDriver (session=\"136f8eb8d06978592acb315723019857\")>\n\n    @allure.story(\"查询模块代码成功\")\n    # @pytest.mark.run(order=1)\n    def test_module_selectsuccess(self, login_to_module):\n        driver = login_to_module  # WebDriver 实例\n        module = ExpressionPage(driver)  # 用 driver 初始化 ExpressionPage\n        name = \"ComponentSystemSet\"\n        # 点击查询\n        module.click_all_button(\"查询\")\n        sleep(1)\n        # 定位名称输入框\n        element_to_double_click = driver.find_element(\n            By.XPATH,\n            '(//div[@class=\"vxe-table--render-wrapper\"])[3]/div[1]/div[2]//tr[1]/td[4]',\n        )\n        # 创建一个 ActionChains 对象\n        actions = ActionChains(driver)\n        # 双击命令\n        actions.double_click(element_to_double_click).perform()\n        sleep(1)\n        # 点击物料代码\n        module.click_button('//div[text()=\"模块代码\" and contains(@optid,\"opt_\")]')\n        sleep(1)\n        # 点击比较关系框\n        module.click_button(\n            '(//div[@class=\"vxe-table--render-wrapper\"])[3]/div[1]/div[2]//tr[1]/td[5]//input'\n        )\n        sleep(1)\n        # 点击=\n        module.click_button('//div[text()=\"=\" and contains(@optid,\"opt_\")]')\n        sleep(1)\n        # 点击输入数值\n        module.enter_texts(\n            '(//div[@class=\"vxe-table--render-wrapper\"])[3]/div[1]/div[2]//tr[1]/td[6]//input',\n            name,\n        )\n        sleep(1)\n    \n        # 点击确认\n        module.click_button(\n            '(//div[@class=\"demo-drawer-footer\"])[2]/button[2]'\n        )\n        sleep(2)\n        # 定位第一行是否为name\n        itemcode = module.get_find_element_xpath(\n            '(//table[contains(@class, \"vxe-table--body\")])[2]//tr[@class=\"vxe-body--row\"][1]/td[2]'\n        ).text\n        # 定位第二行没有数据\n        itemcode2 = driver.find_elements(\n            By.XPATH,\n            '(//table[contains(@class, \"vxe-table--body\")])[2]//tr[@class=\"vxe-body--row\"][2]/td[2]',\n        )\n>       assert itemcode == name and len(itemcode2) == 0\nE       AssertionError: assert ('ABCDAA' == 'ComponentSystemSet'\nE         \nE         \u001B[0m\u001B[91m- ComponentSystemSet\u001B[39;49;00m\u001B[90m\u001B[39;49;00m\nE         \u001B[92m+ ABCDAA\u001B[39;49;00m\u001B[90m\u001B[39;49;00m)\n\nTests\\test_system\\test_module.py:317: AssertionError","flaky":false,"newFailed":false,"newBroken":false,"newPassed":false,"retriesCount":0,"retriesStatusChange":false,"beforeStages":[{"name":"login_to_module","time":{"start":1764807658234,"stop":1764807671878,"duration":13644},"status":"passed","steps":[],"attachments":[],"parameters":[],"shouldDisplayMessage":false,"attachmentsCount":0,"stepsCount":0,"attachmentStep":false,"hasContent":false}],"testStage":{"status":"failed","statusMessage":"AssertionError: assert ('ABCDAA' == 'ComponentSystemSet'\n  \n  \u001B[0m\u001B[91m- ComponentSystemSet\u001B[39;49;00m\u001B[90m\u001B[39;49;00m\n  \u001B[92m+ ABCDAA\u001B[39;49;00m\u001B[90m\u001B[39;49;00m)","statusTrace":"self = <test_system.test_module.TestSModulePage object at 0x000002ECDED43E20>, login_to_module = <selenium.webdriver.chrome.webdriver.WebDriver (session=\"136f8eb8d06978592acb315723019857\")>\n\n    @allure.story(\"查询模块代码成功\")\n    # @pytest.mark.run(order=1)\n    def test_module_selectsuccess(self, login_to_module):\n        driver = login_to_module  # WebDriver 实例\n        module = ExpressionPage(driver)  # 用 driver 初始化 ExpressionPage\n        name = \"ComponentSystemSet\"\n        # 点击查询\n        module.click_all_button(\"查询\")\n        sleep(1)\n        # 定位名称输入框\n        element_to_double_click = driver.find_element(\n            By.XPATH,\n            '(//div[@class=\"vxe-table--render-wrapper\"])[3]/div[1]/div[2]//tr[1]/td[4]',\n        )\n        # 创建一个 ActionChains 对象\n        actions = ActionChains(driver)\n        # 双击命令\n        actions.double_click(element_to_double_click).perform()\n        sleep(1)\n        # 点击物料代码\n        module.click_button('//div[text()=\"模块代码\" and contains(@optid,\"opt_\")]')\n        sleep(1)\n        # 点击比较关系框\n        module.click_button(\n            '(//div[@class=\"vxe-table--render-wrapper\"])[3]/div[1]/div[2]//tr[1]/td[5]//input'\n        )\n        sleep(1)\n        # 点击=\n        module.click_button('//div[text()=\"=\" and contains(@optid,\"opt_\")]')\n        sleep(1)\n        # 点击输入数值\n        module.enter_texts(\n            '(//div[@class=\"vxe-table--render-wrapper\"])[3]/div[1]/div[2]//tr[1]/td[6]//input',\n            name,\n        )\n        sleep(1)\n    \n        # 点击确认\n        module.click_button(\n            '(//div[@class=\"demo-drawer-footer\"])[2]/button[2]'\n        )\n        sleep(2)\n        # 定位第一行是否为name\n        itemcode = module.get_find_element_xpath(\n            '(//table[contains(@class, \"vxe-table--body\")])[2]//tr[@class=\"vxe-body--row\"][1]/td[2]'\n        ).text\n        # 定位第二行没有数据\n        itemcode2 = driver.find_elements(\n            By.XPATH,\n            '(//table[contains(@class, \"vxe-table--body\")])[2]//tr[@class=\"vxe-body--row\"][2]/td[2]',\n        )\n>       assert itemcode == name and len(itemcode2) == 0\nE       AssertionError: assert ('ABCDAA' == 'ComponentSystemSet'\nE         \nE         \u001B[0m\u001B[91m- ComponentSystemSet\u001B[39;49;00m\u001B[90m\u001B[39;49;00m\nE         \u001B[92m+ ABCDAA\u001B[39;49;00m\u001B[90m\u001B[39;49;00m)\n\nTests\\test_system\\test_module.py:317: AssertionError","steps":[],"attachments":[{"uid":"a98ffc0dad906e69","name":"test_module_selectsuccess_failure","source":"a98ffc0dad906e69.png","type":"image/png","size":167369},{"uid":"881d5eb7c0427461","name":"test_module_selectsuccess_source","source":"881d5eb7c0427461.html","type":"text/html","size":1434143},{"uid":"506c80b1368c892d","name":"log","source":"506c80b1368c892d.txt","type":"text/plain","size":2260}],"parameters":[],"shouldDisplayMessage":true,"attachmentsCount":3,"stepsCount":0,"attachmentStep":false,"hasContent":true},"afterStages":[{"name":"login_to_module::0","time":{"start":1764807684340,"stop":1764807686510,"duration":2170},"status":"passed","steps":[],"attachments":[],"parameters":[],"shouldDisplayMessage":false,"attachmentsCount":0,"stepsCount":0,"attachmentStep":false,"hasContent":false}],"labels":[{"name":"story","value":"查询模块代码成功"},{"name":"feature","value":"模块管理页用例"},{"name":"parentSuite","value":"Tests.test_system"},{"name":"suite","value":"test_module"},{"name":"subSuite","value":"TestSModulePage"},{"name":"host","value":"WIN-20240820MJV"},{"name":"thread","value":"27684-MainThread"},{"name":"framework","value":"pytest"},{"name":"language","value":"cpython3"},{"name":"package","value":"Tests.test_system.test_module"},{"name":"resultFormat","value":"allure2"}],"parameters":[],"links":[],"hidden":true,"retry":true,"extra":{"categories":[],"tags":[]},"source":"1224447129a0aa08.json","parameterValues":[]}