{"uid":"128f873498fd2c02","name":"test_user_roledel2","fullName":"Tests.test_system.test_userRole.TestUserRolePage#test_user_roledel2","historyId":"3e95d395688141b76ea80471d073565b","time":{"start":1761852557136,"stop":1761852577432,"duration":20296},"status":"broken","statusMessage":"selenium.common.exceptions.TimeoutException: Message: \nStacktrace:\n\tGetHandleVerifier [0x0x7ff765cb6f65+78965]\n\tGetHandleVerifier [0x0x7ff765cb6fc0+79056]\n\t(No symbol) [0x0x7ff765a49dda]\n\t(No symbol) [0x0x7ff765aa02ea]\n\t(No symbol) [0x0x7ff765aa059c]\n\t(No symbol) [0x0x7ff765af3f37]\n\t(No symbol) [0x0x7ff765ac86af]\n\t(No symbol) [0x0x7ff765af0dbe]\n\t(No symbol) [0x0x7ff765ac8443]\n\t(No symbol) [0x0x7ff765a91311]\n\t(No symbol) [0x0x7ff765a920a3]\n\tGetHandleVerifier [0x0x7ff765f6e26d+2926461]\n\tGetHandleVerifier [0x0x7ff765f68993+2903715]\n\tGetHandleVerifier [0x0x7ff765f86aed+3026941]\n\tGetHandleVerifier [0x0x7ff765cd16fe+187406]\n\tGetHandleVerifier [0x0x7ff765cd96ef+220159]\n\tGetHandleVerifier [0x0x7ff765cbfaf4+114692]\n\tGetHandleVerifier [0x0x7ff765cbfca9+115129]\n\tGetHandleVerifier [0x0x7ff765ca64d8+10728]\n\tBaseThreadInitThunk [0x0x7ff832417374+20]\n\tRtlUserThreadStart [0x0x7ff833d3cc91+33]","statusTrace":"self = <test_system.test_userRole.TestUserRolePage object at 0x0000021E16EDB730>, login_to_userrole = <selenium.webdriver.chrome.webdriver.WebDriver (session=\"be8cf6290479209a3f6b3f29a47d7711\")>\n\n    @allure.story(\"删除角色成功\")\n    # @pytest.mark.run(order=1)\n    def test_user_roledel2(self, login_to_userrole):\n        driver = login_to_userrole  # WebDriver 实例\n        user = UserRolePage(driver)  # 用 driver 初始化 UserRolePage\n        username = DateDriver().username\n        name = \"1测试角色代码2\"\n        # 取消当前用户选中的角色\n        user.select_input(username)\n        user.click_button(f'(//table[@class=\"vxe-table--body\"])[1]//tr/td[2]//span[text()=\"{username}\"]')\n        sleep(1)\n        user.click_all_button(\"编辑\")\n        sleep(1)\n        user.enter_texts('//div[div[p[text()=\"角色代码\"]]]//input', name)\n        sleep(1)\n        user.click_button('//table[@class=\"vxe-table--body\"]//tr/td[2]//span[@class=\"vxe-cell--checkbox is--checked\"]')\n        user.click_all_button(\"保存\")\n        user.get_find_message()\n    \n        user.click_button('(//span[text()=\"角色管理\"])[1]')\n        # 等待遮罩层消失\n        WebDriverWait(driver, 10).until(\n            EC.invisibility_of_element_located((By.XPATH, \"//div[@class='el-loading-mask']\"))\n        )\n        user.enter_texts('//div[div[p[text()=\"角色代码\"]]]//input', name)\n        sleep(1)\n        user.click_button(f'(//table[@class=\"vxe-table--body\"])[1]//tr/td[2]//span[text()=\"{name}\"]')\n        user.click_all_button(\"删除\")\n        user.click_button('//div[@class=\"ivu-modal-confirm-footer\"]//span[text()=\"确定\"]')\n>       user.get_find_message()\n\nTests\\test_system\\test_userRole.py:914: \n_ _ _ _ _ _ _ _ _ _ _ _ _ _ _ _ _ _ _ _ _ _ _ _ _ _ _ _ _ _ _ _ _ _ _ _ _ _ _ _ _ _ _ _ _ _ _ _ _ _ _ _ _ _ _ _ _ _ _ _ _ _ _ _ _ _ _ _ _ _ _ _ _ _ _ _ _ _ _ _ _ _ _ _ _ _ _ _ _ _ _ _ _ _ _ _ _ _ _ _ _ _ _ _ _ _ _ _ _ _ _ _ _ _ _ _\nPages\\systemPage\\userRole_page.py:35: in get_find_message\n    message = WebDriverWait(self.driver, 10).until(\n_ _ _ _ _ _ _ _ _ _ _ _ _ _ _ _ _ _ _ _ _ _ _ _ _ _ _ _ _ _ _ _ _ _ _ _ _ _ _ _ _ _ _ _ _ _ _ _ _ _ _ _ _ _ _ _ _ _ _ _ _ _ _ _ _ _ _ _ _ _ _ _ _ _ _ _ _ _ _ _ _ _ _ _ _ _ _ _ _ _ _ _ _ _ _ _ _ _ _ _ _ _ _ _ _ _ _ _ _ _ _ _ _ _ _ _\n\nself = <selenium.webdriver.support.wait.WebDriverWait (session=\"be8cf6290479209a3f6b3f29a47d7711\")>, method = <function visibility_of_element_located.<locals>._predicate at 0x0000021E19135FC0>, message = ''\n\n    def until(self, method: Callable[[D], Union[Literal[False], T]], message: str = \"\") -> T:\n        \"\"\"Wait until the method returns a value that is not False.\n    \n        Calls the method provided with the driver as an argument until the\n        return value does not evaluate to ``False``.\n    \n        Parameters:\n        -----------\n        method: callable(WebDriver)\n            - A callable object that takes a WebDriver instance as an argument.\n    \n        message: str\n            - Optional message for :exc:`TimeoutException`\n    \n        Return:\n        -------\n        object: T\n            - The result of the last call to `method`\n    \n        Raises:\n        -------\n        TimeoutException\n            - If 'method' does not return a truthy value within the WebDriverWait\n            object's timeout\n    \n        Example:\n        --------\n        >>> from selenium.webdriver.common.by import By\n        >>> from selenium.webdriver.support.ui import WebDriverWait\n        >>> from selenium.webdriver.support import expected_conditions as EC\n    \n        # Wait until an element is visible on the page\n        >>> wait = WebDriverWait(driver, 10)\n        >>> element = wait.until(EC.visibility_of_element_located((By.ID, \"exampleId\")))\n        >>> print(element.text)\n        \"\"\"\n        screen = None\n        stacktrace = None\n    \n        end_time = time.monotonic() + self._timeout\n        while True:\n            try:\n                value = method(self._driver)\n                if value:\n                    return value\n            except self._ignored_exceptions as exc:\n                screen = getattr(exc, \"screen\", None)\n                stacktrace = getattr(exc, \"stacktrace\", None)\n            if time.monotonic() > end_time:\n                break\n            time.sleep(self._poll)\n>       raise TimeoutException(message, screen, stacktrace)\nE       selenium.common.exceptions.TimeoutException: Message: \nE       Stacktrace:\nE       \tGetHandleVerifier [0x0x7ff765cb6f65+78965]\nE       \tGetHandleVerifier [0x0x7ff765cb6fc0+79056]\nE       \t(No symbol) [0x0x7ff765a49dda]\nE       \t(No symbol) [0x0x7ff765aa02ea]\nE       \t(No symbol) [0x0x7ff765aa059c]\nE       \t(No symbol) [0x0x7ff765af3f37]\nE       \t(No symbol) [0x0x7ff765ac86af]\nE       \t(No symbol) [0x0x7ff765af0dbe]\nE       \t(No symbol) [0x0x7ff765ac8443]\nE       \t(No symbol) [0x0x7ff765a91311]\nE       \t(No symbol) [0x0x7ff765a920a3]\nE       \tGetHandleVerifier [0x0x7ff765f6e26d+2926461]\nE       \tGetHandleVerifier [0x0x7ff765f68993+2903715]\nE       \tGetHandleVerifier [0x0x7ff765f86aed+3026941]\nE       \tGetHandleVerifier [0x0x7ff765cd16fe+187406]\nE       \tGetHandleVerifier [0x0x7ff765cd96ef+220159]\nE       \tGetHandleVerifier [0x0x7ff765cbfaf4+114692]\nE       \tGetHandleVerifier [0x0x7ff765cbfca9+115129]\nE       \tGetHandleVerifier [0x0x7ff765ca64d8+10728]\nE       \tBaseThreadInitThunk [0x0x7ff832417374+20]\nE       \tRtlUserThreadStart [0x0x7ff833d3cc91+33]\n\nmyenv\\lib\\site-packages\\selenium\\webdriver\\support\\wait.py:138: TimeoutException","flaky":false,"newFailed":false,"newBroken":false,"newPassed":false,"retriesCount":1,"retriesStatusChange":false,"beforeStages":[{"name":"login_to_userrole","time":{"start":1761852546113,"stop":1761852557135,"duration":11022},"status":"passed","steps":[],"attachments":[],"parameters":[],"hasContent":false,"attachmentStep":false,"stepsCount":0,"shouldDisplayMessage":false,"attachmentsCount":0}],"testStage":{"status":"broken","statusMessage":"selenium.common.exceptions.TimeoutException: Message: \nStacktrace:\n\tGetHandleVerifier [0x0x7ff765cb6f65+78965]\n\tGetHandleVerifier [0x0x7ff765cb6fc0+79056]\n\t(No symbol) [0x0x7ff765a49dda]\n\t(No symbol) [0x0x7ff765aa02ea]\n\t(No symbol) [0x0x7ff765aa059c]\n\t(No symbol) [0x0x7ff765af3f37]\n\t(No symbol) [0x0x7ff765ac86af]\n\t(No symbol) [0x0x7ff765af0dbe]\n\t(No symbol) [0x0x7ff765ac8443]\n\t(No symbol) [0x0x7ff765a91311]\n\t(No symbol) [0x0x7ff765a920a3]\n\tGetHandleVerifier [0x0x7ff765f6e26d+2926461]\n\tGetHandleVerifier [0x0x7ff765f68993+2903715]\n\tGetHandleVerifier [0x0x7ff765f86aed+3026941]\n\tGetHandleVerifier [0x0x7ff765cd16fe+187406]\n\tGetHandleVerifier [0x0x7ff765cd96ef+220159]\n\tGetHandleVerifier [0x0x7ff765cbfaf4+114692]\n\tGetHandleVerifier [0x0x7ff765cbfca9+115129]\n\tGetHandleVerifier [0x0x7ff765ca64d8+10728]\n\tBaseThreadInitThunk [0x0x7ff832417374+20]\n\tRtlUserThreadStart [0x0x7ff833d3cc91+33]","statusTrace":"self = <test_system.test_userRole.TestUserRolePage object at 0x0000021E16EDB730>, login_to_userrole = <selenium.webdriver.chrome.webdriver.WebDriver (session=\"be8cf6290479209a3f6b3f29a47d7711\")>\n\n    @allure.story(\"删除角色成功\")\n    # @pytest.mark.run(order=1)\n    def test_user_roledel2(self, login_to_userrole):\n        driver = login_to_userrole  # WebDriver 实例\n        user = UserRolePage(driver)  # 用 driver 初始化 UserRolePage\n        username = DateDriver().username\n        name = \"1测试角色代码2\"\n        # 取消当前用户选中的角色\n        user.select_input(username)\n        user.click_button(f'(//table[@class=\"vxe-table--body\"])[1]//tr/td[2]//span[text()=\"{username}\"]')\n        sleep(1)\n        user.click_all_button(\"编辑\")\n        sleep(1)\n        user.enter_texts('//div[div[p[text()=\"角色代码\"]]]//input', name)\n        sleep(1)\n        user.click_button('//table[@class=\"vxe-table--body\"]//tr/td[2]//span[@class=\"vxe-cell--checkbox is--checked\"]')\n        user.click_all_button(\"保存\")\n        user.get_find_message()\n    \n        user.click_button('(//span[text()=\"角色管理\"])[1]')\n        # 等待遮罩层消失\n        WebDriverWait(driver, 10).until(\n            EC.invisibility_of_element_located((By.XPATH, \"//div[@class='el-loading-mask']\"))\n        )\n        user.enter_texts('//div[div[p[text()=\"角色代码\"]]]//input', name)\n        sleep(1)\n        user.click_button(f'(//table[@class=\"vxe-table--body\"])[1]//tr/td[2]//span[text()=\"{name}\"]')\n        user.click_all_button(\"删除\")\n        user.click_button('//div[@class=\"ivu-modal-confirm-footer\"]//span[text()=\"确定\"]')\n>       user.get_find_message()\n\nTests\\test_system\\test_userRole.py:914: \n_ _ _ _ _ _ _ _ _ _ _ _ _ _ _ _ _ _ _ _ _ _ _ _ _ _ _ _ _ _ _ _ _ _ _ _ _ _ _ _ _ _ _ _ _ _ _ _ _ _ _ _ _ _ _ _ _ _ _ _ _ _ _ _ _ _ _ _ _ _ _ _ _ _ _ _ _ _ _ _ _ _ _ _ _ _ _ _ _ _ _ _ _ _ _ _ _ _ _ _ _ _ _ _ _ _ _ _ _ _ _ _ _ _ _ _\nPages\\systemPage\\userRole_page.py:35: in get_find_message\n    message = WebDriverWait(self.driver, 10).until(\n_ _ _ _ _ _ _ _ _ _ _ _ _ _ _ _ _ _ _ _ _ _ _ _ _ _ _ _ _ _ _ _ _ _ _ _ _ _ _ _ _ _ _ _ _ _ _ _ _ _ _ _ _ _ _ _ _ _ _ _ _ _ _ _ _ _ _ _ _ _ _ _ _ _ _ _ _ _ _ _ _ _ _ _ _ _ _ _ _ _ _ _ _ _ _ _ _ _ _ _ _ _ _ _ _ _ _ _ _ _ _ _ _ _ _ _\n\nself = <selenium.webdriver.support.wait.WebDriverWait (session=\"be8cf6290479209a3f6b3f29a47d7711\")>, method = <function visibility_of_element_located.<locals>._predicate at 0x0000021E19135FC0>, message = ''\n\n    def until(self, method: Callable[[D], Union[Literal[False], T]], message: str = \"\") -> T:\n        \"\"\"Wait until the method returns a value that is not False.\n    \n        Calls the method provided with the driver as an argument until the\n        return value does not evaluate to ``False``.\n    \n        Parameters:\n        -----------\n        method: callable(WebDriver)\n            - A callable object that takes a WebDriver instance as an argument.\n    \n        message: str\n            - Optional message for :exc:`TimeoutException`\n    \n        Return:\n        -------\n        object: T\n            - The result of the last call to `method`\n    \n        Raises:\n        -------\n        TimeoutException\n            - If 'method' does not return a truthy value within the WebDriverWait\n            object's timeout\n    \n        Example:\n        --------\n        >>> from selenium.webdriver.common.by import By\n        >>> from selenium.webdriver.support.ui import WebDriverWait\n        >>> from selenium.webdriver.support import expected_conditions as EC\n    \n        # Wait until an element is visible on the page\n        >>> wait = WebDriverWait(driver, 10)\n        >>> element = wait.until(EC.visibility_of_element_located((By.ID, \"exampleId\")))\n        >>> print(element.text)\n        \"\"\"\n        screen = None\n        stacktrace = None\n    \n        end_time = time.monotonic() + self._timeout\n        while True:\n            try:\n                value = method(self._driver)\n                if value:\n                    return value\n            except self._ignored_exceptions as exc:\n                screen = getattr(exc, \"screen\", None)\n                stacktrace = getattr(exc, \"stacktrace\", None)\n            if time.monotonic() > end_time:\n                break\n            time.sleep(self._poll)\n>       raise TimeoutException(message, screen, stacktrace)\nE       selenium.common.exceptions.TimeoutException: Message: \nE       Stacktrace:\nE       \tGetHandleVerifier [0x0x7ff765cb6f65+78965]\nE       \tGetHandleVerifier [0x0x7ff765cb6fc0+79056]\nE       \t(No symbol) [0x0x7ff765a49dda]\nE       \t(No symbol) [0x0x7ff765aa02ea]\nE       \t(No symbol) [0x0x7ff765aa059c]\nE       \t(No symbol) [0x0x7ff765af3f37]\nE       \t(No symbol) [0x0x7ff765ac86af]\nE       \t(No symbol) [0x0x7ff765af0dbe]\nE       \t(No symbol) [0x0x7ff765ac8443]\nE       \t(No symbol) [0x0x7ff765a91311]\nE       \t(No symbol) [0x0x7ff765a920a3]\nE       \tGetHandleVerifier [0x0x7ff765f6e26d+2926461]\nE       \tGetHandleVerifier [0x0x7ff765f68993+2903715]\nE       \tGetHandleVerifier [0x0x7ff765f86aed+3026941]\nE       \tGetHandleVerifier [0x0x7ff765cd16fe+187406]\nE       \tGetHandleVerifier [0x0x7ff765cd96ef+220159]\nE       \tGetHandleVerifier [0x0x7ff765cbfaf4+114692]\nE       \tGetHandleVerifier [0x0x7ff765cbfca9+115129]\nE       \tGetHandleVerifier [0x0x7ff765ca64d8+10728]\nE       \tBaseThreadInitThunk [0x0x7ff832417374+20]\nE       \tRtlUserThreadStart [0x0x7ff833d3cc91+33]\n\nmyenv\\lib\\site-packages\\selenium\\webdriver\\support\\wait.py:138: TimeoutException","steps":[],"attachments":[{"uid":"20317ebb7e95b089","name":"test_user_roledel2_failure","source":"20317ebb7e95b089.png","type":"image/png","size":115997},{"uid":"96f9d0a2e9799f25","name":"test_user_roledel2_source","source":"96f9d0a2e9799f25.html","type":"text/html","size":1149735},{"uid":"575c72b5a517a00f","name":"log","source":"575c72b5a517a00f.txt","type":"text/plain","size":3669}],"parameters":[],"hasContent":true,"attachmentStep":false,"stepsCount":0,"shouldDisplayMessage":true,"attachmentsCount":3},"afterStages":[{"name":"login_to_userrole::0","time":{"start":1761852577634,"stop":1761852579826,"duration":2192},"status":"passed","steps":[],"attachments":[],"parameters":[],"hasContent":false,"attachmentStep":false,"stepsCount":0,"shouldDisplayMessage":false,"attachmentsCount":0}],"labels":[{"name":"story","value":"删除角色成功"},{"name":"feature","value":"用户权限管理页用例"},{"name":"parentSuite","value":"Tests.test_system"},{"name":"suite","value":"test_userRole"},{"name":"subSuite","value":"TestUserRolePage"},{"name":"host","value":"WIN-20240820MJV"},{"name":"thread","value":"23908-MainThread"},{"name":"framework","value":"pytest"},{"name":"language","value":"cpython3"},{"name":"package","value":"Tests.test_system.test_userRole"},{"name":"resultFormat","value":"allure2"}],"parameters":[],"links":[],"hidden":false,"retry":false,"extra":{"severity":"normal","retries":[{"uid":"6ccb5a5826ad5c17","status":"broken","statusDetails":"selenium.common.exceptions.TimeoutException: Message: 点击失败，找不到元素：xpath = (//span[text()=\"系统管理\"])[1]","time":{"start":1761852525429,"stop":1761852525429,"duration":0}}],"categories":[{"name":"Test defects","matchedStatuses":[]}],"tags":[]},"source":"128f873498fd2c02.json","parameterValues":[]}