{"uid":"13ecede3a8f08991","name":"test_setting_addsuccess1","fullName":"Tests.test_items.test_setting.TestSettingPage#test_setting_addsuccess1","historyId":"9794079e11c65b863a2e306bd9dc15d5","time":{"start":1765301785451,"stop":1765301803886,"duration":18435},"status":"broken","statusMessage":"selenium.common.exceptions.TimeoutException: Message: \nStacktrace:\n\tGetHandleVerifier [0x0x7ff785d56f65+78965]\n\tGetHandleVerifier [0x0x7ff785d56fc0+79056]\n\t(No symbol) [0x0x7ff785ae9dda]\n\t(No symbol) [0x0x7ff785b402ea]\n\t(No symbol) [0x0x7ff785b4059c]\n\t(No symbol) [0x0x7ff785b93f37]\n\t(No symbol) [0x0x7ff785b686af]\n\t(No symbol) [0x0x7ff785b90dbe]\n\t(No symbol) [0x0x7ff785b68443]\n\t(No symbol) [0x0x7ff785b31311]\n\t(No symbol) [0x0x7ff785b320a3]\n\tGetHandleVerifier [0x0x7ff78600e26d+2926461]\n\tGetHandleVerifier [0x0x7ff786008993+2903715]\n\tGetHandleVerifier [0x0x7ff786026aed+3026941]\n\tGetHandleVerifier [0x0x7ff785d716fe+187406]\n\tGetHandleVerifier [0x0x7ff785d796ef+220159]\n\tGetHandleVerifier [0x0x7ff785d5faf4+114692]\n\tGetHandleVerifier [0x0x7ff785d5fca9+115129]\n\tGetHandleVerifier [0x0x7ff785d464d8+10728]\n\tBaseThreadInitThunk [0x0x7ffe121c7374+20]\n\tRtlUserThreadStart [0x0x7ffe133dcc91+33]","statusTrace":"self = <test_items.test_setting.TestSettingPage object at 0x00000262357B0EB0>, login_to_setting = <selenium.webdriver.chrome.webdriver.WebDriver (session=\"668b9c8eeb2157424c0cd6db14d9737e\")>\n\n    @allure.story(\"添加测试布局成功\")\n    # @pytest.mark.run(order=1)\n    def test_setting_addsuccess1(self, login_to_setting):\n        driver = login_to_setting  # WebDriver 实例\n        setting = SettingPage(driver)  # 用 driver 初始化 SettingPage\n        layout = \"测试布局A\"\n        setting.add_layout()\n        setting.enter_texts(\n            '//div[text()=\"当前布局:\"]/following-sibling::div//input', f\"{layout}\"\n        )\n        setting.click_button('//div[text()=\" 显示设置 \"]')\n        # 获取是否可见选项的复选框元素\n        checkbox = setting.get_find_element_xpath(\n            '//div[./div[text()=\"是否可见:\"]]/label/span'\n        )\n        # 检查复选框是否未被选中\n        if checkbox.get_attribute(\"class\") == \"ivu-checkbox\":\n            # 如果未选中，则点击复选框进行选中\n            setting.click_button('//div[./div[text()=\"是否可见:\"]]/label/span/span')\n            # 点击确定按钮保存设置\n            setting.click_confirm_button()\n        else:\n            # 如果已选中，直接点击确定按钮保存设置\n            setting.click_confirm_button()\n    \n        # 获取布局名称的文本元素\n>       name = setting.get_find_element_xpath(\n            f'//div[@class=\"tabsDivItemCon\"]/div[text()=\" {layout} \"]'\n        ).text\n\nTests\\test_items\\test_setting.py:291: \n_ _ _ _ _ _ _ _ _ _ _ _ _ _ _ _ _ _ _ _ _ _ _ _ _ _ _ _ _ _ _ _ _ _ _ _ _ _ _ _ _ _ _ _ _ _ _ _ _ _ _ _ _ _ _ _ _ _ _ _ _ _ _ _ _ _ _ _ _ _ _ _ _ _ _ _ _ _ _ _ _ _ _ _ _ _ _ _ _ _ _ _ _ _ _ _ _ _ _ _ _ _ _ _ _ _ _ _ _ _ _ _ _ _ _ _\nPages\\itemsPage\\setting_page.py:27: in get_find_element_xpath\n    return self.find_element(By.XPATH, xpath)\nPages\\base_page.py:28: in find_element\n    return WebDriverWait(self.driver, wait_time).until(\n_ _ _ _ _ _ _ _ _ _ _ _ _ _ _ _ _ _ _ _ _ _ _ _ _ _ _ _ _ _ _ _ _ _ _ _ _ _ _ _ _ _ _ _ _ _ _ _ _ _ _ _ _ _ _ _ _ _ _ _ _ _ _ _ _ _ _ _ _ _ _ _ _ _ _ _ _ _ _ _ _ _ _ _ _ _ _ _ _ _ _ _ _ _ _ _ _ _ _ _ _ _ _ _ _ _ _ _ _ _ _ _ _ _ _ _\n\nself = <selenium.webdriver.support.wait.WebDriverWait (session=\"668b9c8eeb2157424c0cd6db14d9737e\")>, method = <function presence_of_element_located.<locals>._predicate at 0x00000262363F3D00>, message = ''\n\n    def until(self, method: Callable[[D], Union[Literal[False], T]], message: str = \"\") -> T:\n        \"\"\"Wait until the method returns a value that is not False.\n    \n        Calls the method provided with the driver as an argument until the\n        return value does not evaluate to ``False``.\n    \n        Parameters:\n        -----------\n        method: callable(WebDriver)\n            - A callable object that takes a WebDriver instance as an argument.\n    \n        message: str\n            - Optional message for :exc:`TimeoutException`\n    \n        Return:\n        -------\n        object: T\n            - The result of the last call to `method`\n    \n        Raises:\n        -------\n        TimeoutException\n            - If 'method' does not return a truthy value within the WebDriverWait\n            object's timeout\n    \n        Example:\n        --------\n        >>> from selenium.webdriver.common.by import By\n        >>> from selenium.webdriver.support.ui import WebDriverWait\n        >>> from selenium.webdriver.support import expected_conditions as EC\n    \n        # Wait until an element is visible on the page\n        >>> wait = WebDriverWait(driver, 10)\n        >>> element = wait.until(EC.visibility_of_element_located((By.ID, \"exampleId\")))\n        >>> print(element.text)\n        \"\"\"\n        screen = None\n        stacktrace = None\n    \n        end_time = time.monotonic() + self._timeout\n        while True:\n            try:\n                value = method(self._driver)\n                if value:\n                    return value\n            except self._ignored_exceptions as exc:\n                screen = getattr(exc, \"screen\", None)\n                stacktrace = getattr(exc, \"stacktrace\", None)\n            if time.monotonic() > end_time:\n                break\n            time.sleep(self._poll)\n>       raise TimeoutException(message, screen, stacktrace)\nE       selenium.common.exceptions.TimeoutException: Message: \nE       Stacktrace:\nE       \tGetHandleVerifier [0x0x7ff785d56f65+78965]\nE       \tGetHandleVerifier [0x0x7ff785d56fc0+79056]\nE       \t(No symbol) [0x0x7ff785ae9dda]\nE       \t(No symbol) [0x0x7ff785b402ea]\nE       \t(No symbol) [0x0x7ff785b4059c]\nE       \t(No symbol) [0x0x7ff785b93f37]\nE       \t(No symbol) [0x0x7ff785b686af]\nE       \t(No symbol) [0x0x7ff785b90dbe]\nE       \t(No symbol) [0x0x7ff785b68443]\nE       \t(No symbol) [0x0x7ff785b31311]\nE       \t(No symbol) [0x0x7ff785b320a3]\nE       \tGetHandleVerifier [0x0x7ff78600e26d+2926461]\nE       \tGetHandleVerifier [0x0x7ff786008993+2903715]\nE       \tGetHandleVerifier [0x0x7ff786026aed+3026941]\nE       \tGetHandleVerifier [0x0x7ff785d716fe+187406]\nE       \tGetHandleVerifier [0x0x7ff785d796ef+220159]\nE       \tGetHandleVerifier [0x0x7ff785d5faf4+114692]\nE       \tGetHandleVerifier [0x0x7ff785d5fca9+115129]\nE       \tGetHandleVerifier [0x0x7ff785d464d8+10728]\nE       \tBaseThreadInitThunk [0x0x7ffe121c7374+20]\nE       \tRtlUserThreadStart [0x0x7ffe133dcc91+33]\n\nmyenv\\lib\\site-packages\\selenium\\webdriver\\support\\wait.py:138: TimeoutException","flaky":false,"newFailed":false,"newBroken":false,"newPassed":false,"retriesCount":0,"retriesStatusChange":false,"beforeStages":[{"name":"login_to_setting","time":{"start":1765301767840,"stop":1765301785450,"duration":17610},"status":"passed","steps":[],"attachments":[],"parameters":[],"stepsCount":0,"attachmentStep":false,"hasContent":false,"attachmentsCount":0,"shouldDisplayMessage":false}],"testStage":{"status":"broken","statusMessage":"selenium.common.exceptions.TimeoutException: Message: \nStacktrace:\n\tGetHandleVerifier [0x0x7ff785d56f65+78965]\n\tGetHandleVerifier [0x0x7ff785d56fc0+79056]\n\t(No symbol) [0x0x7ff785ae9dda]\n\t(No symbol) [0x0x7ff785b402ea]\n\t(No symbol) [0x0x7ff785b4059c]\n\t(No symbol) [0x0x7ff785b93f37]\n\t(No symbol) [0x0x7ff785b686af]\n\t(No symbol) [0x0x7ff785b90dbe]\n\t(No symbol) [0x0x7ff785b68443]\n\t(No symbol) [0x0x7ff785b31311]\n\t(No symbol) [0x0x7ff785b320a3]\n\tGetHandleVerifier [0x0x7ff78600e26d+2926461]\n\tGetHandleVerifier [0x0x7ff786008993+2903715]\n\tGetHandleVerifier [0x0x7ff786026aed+3026941]\n\tGetHandleVerifier [0x0x7ff785d716fe+187406]\n\tGetHandleVerifier [0x0x7ff785d796ef+220159]\n\tGetHandleVerifier [0x0x7ff785d5faf4+114692]\n\tGetHandleVerifier [0x0x7ff785d5fca9+115129]\n\tGetHandleVerifier [0x0x7ff785d464d8+10728]\n\tBaseThreadInitThunk [0x0x7ffe121c7374+20]\n\tRtlUserThreadStart [0x0x7ffe133dcc91+33]","statusTrace":"self = <test_items.test_setting.TestSettingPage object at 0x00000262357B0EB0>, login_to_setting = <selenium.webdriver.chrome.webdriver.WebDriver (session=\"668b9c8eeb2157424c0cd6db14d9737e\")>\n\n    @allure.story(\"添加测试布局成功\")\n    # @pytest.mark.run(order=1)\n    def test_setting_addsuccess1(self, login_to_setting):\n        driver = login_to_setting  # WebDriver 实例\n        setting = SettingPage(driver)  # 用 driver 初始化 SettingPage\n        layout = \"测试布局A\"\n        setting.add_layout()\n        setting.enter_texts(\n            '//div[text()=\"当前布局:\"]/following-sibling::div//input', f\"{layout}\"\n        )\n        setting.click_button('//div[text()=\" 显示设置 \"]')\n        # 获取是否可见选项的复选框元素\n        checkbox = setting.get_find_element_xpath(\n            '//div[./div[text()=\"是否可见:\"]]/label/span'\n        )\n        # 检查复选框是否未被选中\n        if checkbox.get_attribute(\"class\") == \"ivu-checkbox\":\n            # 如果未选中，则点击复选框进行选中\n            setting.click_button('//div[./div[text()=\"是否可见:\"]]/label/span/span')\n            # 点击确定按钮保存设置\n            setting.click_confirm_button()\n        else:\n            # 如果已选中，直接点击确定按钮保存设置\n            setting.click_confirm_button()\n    \n        # 获取布局名称的文本元素\n>       name = setting.get_find_element_xpath(\n            f'//div[@class=\"tabsDivItemCon\"]/div[text()=\" {layout} \"]'\n        ).text\n\nTests\\test_items\\test_setting.py:291: \n_ _ _ _ _ _ _ _ _ _ _ _ _ _ _ _ _ _ _ _ _ _ _ _ _ _ _ _ _ _ _ _ _ _ _ _ _ _ _ _ _ _ _ _ _ _ _ _ _ _ _ _ _ _ _ _ _ _ _ _ _ _ _ _ _ _ _ _ _ _ _ _ _ _ _ _ _ _ _ _ _ _ _ _ _ _ _ _ _ _ _ _ _ _ _ _ _ _ _ _ _ _ _ _ _ _ _ _ _ _ _ _ _ _ _ _\nPages\\itemsPage\\setting_page.py:27: in get_find_element_xpath\n    return self.find_element(By.XPATH, xpath)\nPages\\base_page.py:28: in find_element\n    return WebDriverWait(self.driver, wait_time).until(\n_ _ _ _ _ _ _ _ _ _ _ _ _ _ _ _ _ _ _ _ _ _ _ _ _ _ _ _ _ _ _ _ _ _ _ _ _ _ _ _ _ _ _ _ _ _ _ _ _ _ _ _ _ _ _ _ _ _ _ _ _ _ _ _ _ _ _ _ _ _ _ _ _ _ _ _ _ _ _ _ _ _ _ _ _ _ _ _ _ _ _ _ _ _ _ _ _ _ _ _ _ _ _ _ _ _ _ _ _ _ _ _ _ _ _ _\n\nself = <selenium.webdriver.support.wait.WebDriverWait (session=\"668b9c8eeb2157424c0cd6db14d9737e\")>, method = <function presence_of_element_located.<locals>._predicate at 0x00000262363F3D00>, message = ''\n\n    def until(self, method: Callable[[D], Union[Literal[False], T]], message: str = \"\") -> T:\n        \"\"\"Wait until the method returns a value that is not False.\n    \n        Calls the method provided with the driver as an argument until the\n        return value does not evaluate to ``False``.\n    \n        Parameters:\n        -----------\n        method: callable(WebDriver)\n            - A callable object that takes a WebDriver instance as an argument.\n    \n        message: str\n            - Optional message for :exc:`TimeoutException`\n    \n        Return:\n        -------\n        object: T\n            - The result of the last call to `method`\n    \n        Raises:\n        -------\n        TimeoutException\n            - If 'method' does not return a truthy value within the WebDriverWait\n            object's timeout\n    \n        Example:\n        --------\n        >>> from selenium.webdriver.common.by import By\n        >>> from selenium.webdriver.support.ui import WebDriverWait\n        >>> from selenium.webdriver.support import expected_conditions as EC\n    \n        # Wait until an element is visible on the page\n        >>> wait = WebDriverWait(driver, 10)\n        >>> element = wait.until(EC.visibility_of_element_located((By.ID, \"exampleId\")))\n        >>> print(element.text)\n        \"\"\"\n        screen = None\n        stacktrace = None\n    \n        end_time = time.monotonic() + self._timeout\n        while True:\n            try:\n                value = method(self._driver)\n                if value:\n                    return value\n            except self._ignored_exceptions as exc:\n                screen = getattr(exc, \"screen\", None)\n                stacktrace = getattr(exc, \"stacktrace\", None)\n            if time.monotonic() > end_time:\n                break\n            time.sleep(self._poll)\n>       raise TimeoutException(message, screen, stacktrace)\nE       selenium.common.exceptions.TimeoutException: Message: \nE       Stacktrace:\nE       \tGetHandleVerifier [0x0x7ff785d56f65+78965]\nE       \tGetHandleVerifier [0x0x7ff785d56fc0+79056]\nE       \t(No symbol) [0x0x7ff785ae9dda]\nE       \t(No symbol) [0x0x7ff785b402ea]\nE       \t(No symbol) [0x0x7ff785b4059c]\nE       \t(No symbol) [0x0x7ff785b93f37]\nE       \t(No symbol) [0x0x7ff785b686af]\nE       \t(No symbol) [0x0x7ff785b90dbe]\nE       \t(No symbol) [0x0x7ff785b68443]\nE       \t(No symbol) [0x0x7ff785b31311]\nE       \t(No symbol) [0x0x7ff785b320a3]\nE       \tGetHandleVerifier [0x0x7ff78600e26d+2926461]\nE       \tGetHandleVerifier [0x0x7ff786008993+2903715]\nE       \tGetHandleVerifier [0x0x7ff786026aed+3026941]\nE       \tGetHandleVerifier [0x0x7ff785d716fe+187406]\nE       \tGetHandleVerifier [0x0x7ff785d796ef+220159]\nE       \tGetHandleVerifier [0x0x7ff785d5faf4+114692]\nE       \tGetHandleVerifier [0x0x7ff785d5fca9+115129]\nE       \tGetHandleVerifier [0x0x7ff785d464d8+10728]\nE       \tBaseThreadInitThunk [0x0x7ffe121c7374+20]\nE       \tRtlUserThreadStart [0x0x7ffe133dcc91+33]\n\nmyenv\\lib\\site-packages\\selenium\\webdriver\\support\\wait.py:138: TimeoutException","steps":[],"attachments":[{"uid":"d16ddd05957cdc9a","name":"test_setting_addsuccess1_failure","source":"d16ddd05957cdc9a.png","type":"image/png","size":178141},{"uid":"2949270c9e14c235","name":"test_setting_addsuccess1_source","source":"2949270c9e14c235.html","type":"text/html","size":1536292},{"uid":"9bedb6deaf151569","name":"log","source":"9bedb6deaf151569.txt","type":"text/plain","size":2461}],"parameters":[],"stepsCount":0,"attachmentStep":false,"hasContent":true,"attachmentsCount":3,"shouldDisplayMessage":true},"afterStages":[{"name":"login_to_setting::0","time":{"start":1765301804099,"stop":1765301806263,"duration":2164},"status":"passed","steps":[],"attachments":[],"parameters":[],"stepsCount":0,"attachmentStep":false,"hasContent":false,"attachmentsCount":0,"shouldDisplayMessage":false}],"labels":[{"name":"feature","value":"标准应用设置测试用例"},{"name":"story","value":"添加测试布局成功"},{"name":"parentSuite","value":"Tests.test_items"},{"name":"suite","value":"test_setting"},{"name":"subSuite","value":"TestSettingPage"},{"name":"host","value":"WIN-20240820MJV"},{"name":"thread","value":"28508-MainThread"},{"name":"framework","value":"pytest"},{"name":"language","value":"cpython3"},{"name":"package","value":"Tests.test_items.test_setting"},{"name":"resultFormat","value":"allure2"}],"parameters":[],"links":[],"hidden":true,"retry":true,"extra":{"categories":[],"tags":[]},"source":"13ecede3a8f08991.json","parameterValues":[]}