{"uid":"1522a75436b16291","name":"test_systemSettings_trademark1","fullName":"Tests.test_system.test_systemSettings.TestSystemSettingsPage#test_systemSettings_trademark1","historyId":"56a5b347883e0fd036236d81954dc1dd","time":{"start":1768942013081,"stop":1768942024480,"duration":11399},"status":"broken","statusMessage":"selenium.common.exceptions.TimeoutException: Message: \nStacktrace:\n\tGetHandleVerifier [0x0x7ff79dc26f65+78965]\n\tGetHandleVerifier [0x0x7ff79dc26fc0+79056]\n\t(No symbol) [0x0x7ff79d9b9dda]\n\t(No symbol) [0x0x7ff79da102ea]\n\t(No symbol) [0x0x7ff79da1059c]\n\t(No symbol) [0x0x7ff79da63f37]\n\t(No symbol) [0x0x7ff79da386af]\n\t(No symbol) [0x0x7ff79da60dbe]\n\t(No symbol) [0x0x7ff79da38443]\n\t(No symbol) [0x0x7ff79da01311]\n\t(No symbol) [0x0x7ff79da020a3]\n\tGetHandleVerifier [0x0x7ff79dede26d+2926461]\n\tGetHandleVerifier [0x0x7ff79ded8993+2903715]\n\tGetHandleVerifier [0x0x7ff79def6aed+3026941]\n\tGetHandleVerifier [0x0x7ff79dc416fe+187406]\n\tGetHandleVerifier [0x0x7ff79dc496ef+220159]\n\tGetHandleVerifier [0x0x7ff79dc2faf4+114692]\n\tGetHandleVerifier [0x0x7ff79dc2fca9+115129]\n\tGetHandleVerifier [0x0x7ff79dc164d8+10728]\n\tBaseThreadInitThunk [0x0x7ffc4d1c7374+20]\n\tRtlUserThreadStart [0x0x7ffc4ec7cc91+33]","statusTrace":"self = <test_system.test_systemSettings.TestSystemSettingsPage object at 0x000001A16C5A14B0>, login_to_systemSettings = <selenium.webdriver.chrome.webdriver.WebDriver (session=\"9cf3c68f4309a0c51e6c497222969e60\")>\n\n    @allure.story(\"设置商标名称成功\")\n    # @pytest.mark.run(order=1)\n    def test_systemSettings_trademark1(self, login_to_systemSettings):\n        driver = login_to_systemSettings  # WebDriver 实例\n        settings = SystemSettingsPage(driver)  # 用 driver 初始化 SystemSettingsPage\n        text = '测试商标'\n        settings.enter_texts('//div[p[text()=\" 商标名称: \"]]//input', text)\n        settings.click_save_button()\n>       maeessage = settings.get_find_message()\n\nTests\\test_system\\test_systemSettings.py:73: \n_ _ _ _ _ _ _ _ _ _ _ _ _ _ _ _ _ _ _ _ _ _ _ _ _ _ _ _ _ _ _ _ _ _ _ _ _ _ _ _ _ _ _ _ _ _ _ _ _ _ _ _ _ _ _ _ _ _ _ _ _ _ _ _ _ _ _ _ _ _ _ _ _ _ _ _ _ _ _ _ _ _ _ _ _ _ _ _ _ _ _ _ _ _ _ _ _ _ _ _ _ _ _ _ _ _ _ _ _ _ _ _ _ _ _ _\nPages\\systemPage\\systemSettings_page.py:36: in get_find_message\n    message = WebDriverWait(self.driver, 10).until(\n_ _ _ _ _ _ _ _ _ _ _ _ _ _ _ _ _ _ _ _ _ _ _ _ _ _ _ _ _ _ _ _ _ _ _ _ _ _ _ _ _ _ _ _ _ _ _ _ _ _ _ _ _ _ _ _ _ _ _ _ _ _ _ _ _ _ _ _ _ _ _ _ _ _ _ _ _ _ _ _ _ _ _ _ _ _ _ _ _ _ _ _ _ _ _ _ _ _ _ _ _ _ _ _ _ _ _ _ _ _ _ _ _ _ _ _\n\nself = <selenium.webdriver.support.wait.WebDriverWait (session=\"9cf3c68f4309a0c51e6c497222969e60\")>, method = <function visibility_of_element_located.<locals>._predicate at 0x000001A16A8D1750>, message = ''\n\n    def until(self, method: Callable[[D], Union[Literal[False], T]], message: str = \"\") -> T:\n        \"\"\"Wait until the method returns a value that is not False.\n    \n        Calls the method provided with the driver as an argument until the\n        return value does not evaluate to ``False``.\n    \n        Parameters:\n        -----------\n        method: callable(WebDriver)\n            - A callable object that takes a WebDriver instance as an argument.\n    \n        message: str\n            - Optional message for :exc:`TimeoutException`\n    \n        Return:\n        -------\n        object: T\n            - The result of the last call to `method`\n    \n        Raises:\n        -------\n        TimeoutException\n            - If 'method' does not return a truthy value within the WebDriverWait\n            object's timeout\n    \n        Example:\n        --------\n        >>> from selenium.webdriver.common.by import By\n        >>> from selenium.webdriver.support.ui import WebDriverWait\n        >>> from selenium.webdriver.support import expected_conditions as EC\n    \n        # Wait until an element is visible on the page\n        >>> wait = WebDriverWait(driver, 10)\n        >>> element = wait.until(EC.visibility_of_element_located((By.ID, \"exampleId\")))\n        >>> print(element.text)\n        \"\"\"\n        screen = None\n        stacktrace = None\n    \n        end_time = time.monotonic() + self._timeout\n        while True:\n            try:\n                value = method(self._driver)\n                if value:\n                    return value\n            except self._ignored_exceptions as exc:\n                screen = getattr(exc, \"screen\", None)\n                stacktrace = getattr(exc, \"stacktrace\", None)\n            if time.monotonic() > end_time:\n                break\n            time.sleep(self._poll)\n>       raise TimeoutException(message, screen, stacktrace)\nE       selenium.common.exceptions.TimeoutException: Message: \nE       Stacktrace:\nE       \tGetHandleVerifier [0x0x7ff79dc26f65+78965]\nE       \tGetHandleVerifier [0x0x7ff79dc26fc0+79056]\nE       \t(No symbol) [0x0x7ff79d9b9dda]\nE       \t(No symbol) [0x0x7ff79da102ea]\nE       \t(No symbol) [0x0x7ff79da1059c]\nE       \t(No symbol) [0x0x7ff79da63f37]\nE       \t(No symbol) [0x0x7ff79da386af]\nE       \t(No symbol) [0x0x7ff79da60dbe]\nE       \t(No symbol) [0x0x7ff79da38443]\nE       \t(No symbol) [0x0x7ff79da01311]\nE       \t(No symbol) [0x0x7ff79da020a3]\nE       \tGetHandleVerifier [0x0x7ff79dede26d+2926461]\nE       \tGetHandleVerifier [0x0x7ff79ded8993+2903715]\nE       \tGetHandleVerifier [0x0x7ff79def6aed+3026941]\nE       \tGetHandleVerifier [0x0x7ff79dc416fe+187406]\nE       \tGetHandleVerifier [0x0x7ff79dc496ef+220159]\nE       \tGetHandleVerifier [0x0x7ff79dc2faf4+114692]\nE       \tGetHandleVerifier [0x0x7ff79dc2fca9+115129]\nE       \tGetHandleVerifier [0x0x7ff79dc164d8+10728]\nE       \tBaseThreadInitThunk [0x0x7ffc4d1c7374+20]\nE       \tRtlUserThreadStart [0x0x7ffc4ec7cc91+33]\n\nmyenv\\lib\\site-packages\\selenium\\webdriver\\support\\wait.py:138: TimeoutException","flaky":false,"newFailed":false,"newBroken":false,"newPassed":false,"retriesCount":0,"retriesStatusChange":false,"beforeStages":[{"name":"login_to_systemSettings","time":{"start":1768941998052,"stop":1768942013081,"duration":15029},"status":"passed","steps":[],"attachments":[],"parameters":[],"hasContent":false,"attachmentStep":false,"stepsCount":0,"attachmentsCount":0,"shouldDisplayMessage":false}],"testStage":{"status":"broken","statusMessage":"selenium.common.exceptions.TimeoutException: Message: \nStacktrace:\n\tGetHandleVerifier [0x0x7ff79dc26f65+78965]\n\tGetHandleVerifier [0x0x7ff79dc26fc0+79056]\n\t(No symbol) [0x0x7ff79d9b9dda]\n\t(No symbol) [0x0x7ff79da102ea]\n\t(No symbol) [0x0x7ff79da1059c]\n\t(No symbol) [0x0x7ff79da63f37]\n\t(No symbol) [0x0x7ff79da386af]\n\t(No symbol) [0x0x7ff79da60dbe]\n\t(No symbol) [0x0x7ff79da38443]\n\t(No symbol) [0x0x7ff79da01311]\n\t(No symbol) [0x0x7ff79da020a3]\n\tGetHandleVerifier [0x0x7ff79dede26d+2926461]\n\tGetHandleVerifier [0x0x7ff79ded8993+2903715]\n\tGetHandleVerifier [0x0x7ff79def6aed+3026941]\n\tGetHandleVerifier [0x0x7ff79dc416fe+187406]\n\tGetHandleVerifier [0x0x7ff79dc496ef+220159]\n\tGetHandleVerifier [0x0x7ff79dc2faf4+114692]\n\tGetHandleVerifier [0x0x7ff79dc2fca9+115129]\n\tGetHandleVerifier [0x0x7ff79dc164d8+10728]\n\tBaseThreadInitThunk [0x0x7ffc4d1c7374+20]\n\tRtlUserThreadStart [0x0x7ffc4ec7cc91+33]","statusTrace":"self = <test_system.test_systemSettings.TestSystemSettingsPage object at 0x000001A16C5A14B0>, login_to_systemSettings = <selenium.webdriver.chrome.webdriver.WebDriver (session=\"9cf3c68f4309a0c51e6c497222969e60\")>\n\n    @allure.story(\"设置商标名称成功\")\n    # @pytest.mark.run(order=1)\n    def test_systemSettings_trademark1(self, login_to_systemSettings):\n        driver = login_to_systemSettings  # WebDriver 实例\n        settings = SystemSettingsPage(driver)  # 用 driver 初始化 SystemSettingsPage\n        text = '测试商标'\n        settings.enter_texts('//div[p[text()=\" 商标名称: \"]]//input', text)\n        settings.click_save_button()\n>       maeessage = settings.get_find_message()\n\nTests\\test_system\\test_systemSettings.py:73: \n_ _ _ _ _ _ _ _ _ _ _ _ _ _ _ _ _ _ _ _ _ _ _ _ _ _ _ _ _ _ _ _ _ _ _ _ _ _ _ _ _ _ _ _ _ _ _ _ _ _ _ _ _ _ _ _ _ _ _ _ _ _ _ _ _ _ _ _ _ _ _ _ _ _ _ _ _ _ _ _ _ _ _ _ _ _ _ _ _ _ _ _ _ _ _ _ _ _ _ _ _ _ _ _ _ _ _ _ _ _ _ _ _ _ _ _\nPages\\systemPage\\systemSettings_page.py:36: in get_find_message\n    message = WebDriverWait(self.driver, 10).until(\n_ _ _ _ _ _ _ _ _ _ _ _ _ _ _ _ _ _ _ _ _ _ _ _ _ _ _ _ _ _ _ _ _ _ _ _ _ _ _ _ _ _ _ _ _ _ _ _ _ _ _ _ _ _ _ _ _ _ _ _ _ _ _ _ _ _ _ _ _ _ _ _ _ _ _ _ _ _ _ _ _ _ _ _ _ _ _ _ _ _ _ _ _ _ _ _ _ _ _ _ _ _ _ _ _ _ _ _ _ _ _ _ _ _ _ _\n\nself = <selenium.webdriver.support.wait.WebDriverWait (session=\"9cf3c68f4309a0c51e6c497222969e60\")>, method = <function visibility_of_element_located.<locals>._predicate at 0x000001A16A8D1750>, message = ''\n\n    def until(self, method: Callable[[D], Union[Literal[False], T]], message: str = \"\") -> T:\n        \"\"\"Wait until the method returns a value that is not False.\n    \n        Calls the method provided with the driver as an argument until the\n        return value does not evaluate to ``False``.\n    \n        Parameters:\n        -----------\n        method: callable(WebDriver)\n            - A callable object that takes a WebDriver instance as an argument.\n    \n        message: str\n            - Optional message for :exc:`TimeoutException`\n    \n        Return:\n        -------\n        object: T\n            - The result of the last call to `method`\n    \n        Raises:\n        -------\n        TimeoutException\n            - If 'method' does not return a truthy value within the WebDriverWait\n            object's timeout\n    \n        Example:\n        --------\n        >>> from selenium.webdriver.common.by import By\n        >>> from selenium.webdriver.support.ui import WebDriverWait\n        >>> from selenium.webdriver.support import expected_conditions as EC\n    \n        # Wait until an element is visible on the page\n        >>> wait = WebDriverWait(driver, 10)\n        >>> element = wait.until(EC.visibility_of_element_located((By.ID, \"exampleId\")))\n        >>> print(element.text)\n        \"\"\"\n        screen = None\n        stacktrace = None\n    \n        end_time = time.monotonic() + self._timeout\n        while True:\n            try:\n                value = method(self._driver)\n                if value:\n                    return value\n            except self._ignored_exceptions as exc:\n                screen = getattr(exc, \"screen\", None)\n                stacktrace = getattr(exc, \"stacktrace\", None)\n            if time.monotonic() > end_time:\n                break\n            time.sleep(self._poll)\n>       raise TimeoutException(message, screen, stacktrace)\nE       selenium.common.exceptions.TimeoutException: Message: \nE       Stacktrace:\nE       \tGetHandleVerifier [0x0x7ff79dc26f65+78965]\nE       \tGetHandleVerifier [0x0x7ff79dc26fc0+79056]\nE       \t(No symbol) [0x0x7ff79d9b9dda]\nE       \t(No symbol) [0x0x7ff79da102ea]\nE       \t(No symbol) [0x0x7ff79da1059c]\nE       \t(No symbol) [0x0x7ff79da63f37]\nE       \t(No symbol) [0x0x7ff79da386af]\nE       \t(No symbol) [0x0x7ff79da60dbe]\nE       \t(No symbol) [0x0x7ff79da38443]\nE       \t(No symbol) [0x0x7ff79da01311]\nE       \t(No symbol) [0x0x7ff79da020a3]\nE       \tGetHandleVerifier [0x0x7ff79dede26d+2926461]\nE       \tGetHandleVerifier [0x0x7ff79ded8993+2903715]\nE       \tGetHandleVerifier [0x0x7ff79def6aed+3026941]\nE       \tGetHandleVerifier [0x0x7ff79dc416fe+187406]\nE       \tGetHandleVerifier [0x0x7ff79dc496ef+220159]\nE       \tGetHandleVerifier [0x0x7ff79dc2faf4+114692]\nE       \tGetHandleVerifier [0x0x7ff79dc2fca9+115129]\nE       \tGetHandleVerifier [0x0x7ff79dc164d8+10728]\nE       \tBaseThreadInitThunk [0x0x7ffc4d1c7374+20]\nE       \tRtlUserThreadStart [0x0x7ffc4ec7cc91+33]\n\nmyenv\\lib\\site-packages\\selenium\\webdriver\\support\\wait.py:138: TimeoutException","steps":[],"attachments":[{"uid":"5745b38d53d8bd30","name":"test_systemSettings_trademark1_20260121_044704","source":"5745b38d53d8bd30.png","type":"image/png","size":109604},{"uid":"9ebc63eb239fb7de","name":"test_systemSettings_trademark1_20260121_044704","source":"9ebc63eb239fb7de.png","type":"image/png","size":109637},{"uid":"8539e83d84d8e1e1","name":"test_systemSettings_trademark1_20260121_044704","source":"8539e83d84d8e1e1.png","type":"image/png","size":249992},{"uid":"134eba88ba4b6129","name":"test_systemSettings_trademark1_20260121_044704","source":"134eba88ba4b6129.png","type":"image/png","size":90231},{"uid":"c1ed2c5bfcf4e231","name":"log","source":"c1ed2c5bfcf4e231.txt","type":"text/plain","size":1176}],"parameters":[],"hasContent":true,"attachmentStep":false,"stepsCount":0,"attachmentsCount":5,"shouldDisplayMessage":true},"afterStages":[{"name":"login_to_systemSettings::0","time":{"start":1768942238720,"stop":1768942240904,"duration":2184},"status":"passed","steps":[],"attachments":[],"parameters":[],"hasContent":false,"attachmentStep":false,"stepsCount":0,"attachmentsCount":0,"shouldDisplayMessage":false}],"labels":[{"name":"story","value":"设置商标名称成功"},{"name":"feature","value":"系统标识设置页用例"},{"name":"parentSuite","value":"Tests.test_system"},{"name":"suite","value":"test_systemSettings"},{"name":"subSuite","value":"TestSystemSettingsPage"},{"name":"host","value":"WIN-20240820MJV"},{"name":"thread","value":"43840-MainThread"},{"name":"framework","value":"pytest"},{"name":"language","value":"cpython3"},{"name":"package","value":"Tests.test_system.test_systemSettings"},{"name":"resultFormat","value":"allure2"}],"parameters":[],"links":[],"hidden":true,"retry":true,"extra":{"categories":[],"tags":[]},"source":"1522a75436b16291.json","parameterValues":[]}