{"uid":"1533bf7cd268c16","name":"test_plan_success","fullName":"Tests.test_items.test_plan.TestPlanPage#test_plan_success","historyId":"7932ed1668f4741badd9fdd965da8b1b","time":{"start":1769441017579,"stop":1769441085625,"duration":68046},"status":"broken","statusMessage":"selenium.common.exceptions.TimeoutException: Message: \nStacktrace:\n\tGetHandleVerifier [0x0x7ff6f1146f65+78965]\n\tGetHandleVerifier [0x0x7ff6f1146fc0+79056]\n\t(No symbol) [0x0x7ff6f0ed9dda]\n\t(No symbol) [0x0x7ff6f0f302ea]\n\t(No symbol) [0x0x7ff6f0f3059c]\n\t(No symbol) [0x0x7ff6f0f83f37]\n\t(No symbol) [0x0x7ff6f0f586af]\n\t(No symbol) [0x0x7ff6f0f80dbe]\n\t(No symbol) [0x0x7ff6f0f58443]\n\t(No symbol) [0x0x7ff6f0f21311]\n\t(No symbol) [0x0x7ff6f0f220a3]\n\tGetHandleVerifier [0x0x7ff6f13fe26d+2926461]\n\tGetHandleVerifier [0x0x7ff6f13f8993+2903715]\n\tGetHandleVerifier [0x0x7ff6f1416aed+3026941]\n\tGetHandleVerifier [0x0x7ff6f11616fe+187406]\n\tGetHandleVerifier [0x0x7ff6f11696ef+220159]\n\tGetHandleVerifier [0x0x7ff6f114faf4+114692]\n\tGetHandleVerifier [0x0x7ff6f114fca9+115129]\n\tGetHandleVerifier [0x0x7ff6f11364d8+10728]\n\tBaseThreadInitThunk [0x0x7ffd42e67374+20]\n\tRtlUserThreadStart [0x0x7ffd43a1cc91+33]","statusTrace":"self = <test_items.test_plan.TestPlanPage object at 0x0000022062EB6470>, login_to_plan = <selenium.webdriver.chrome.webdriver.WebDriver (session=\"6a38c396c9c5ba2f6cac5120fd3d8d62\")>\n\n    @allure.story(\"执行成功\")\n    # @pytest.mark.run(order=1)\n    def test_plan_success(self, login_to_plan):\n        driver = login_to_plan\n        plan = PlanPage(driver)\n        wait = WebDriverWait(driver, 60)\n    \n        # 等待loading遮罩消失\n        wait.until(\n            EC.invisibility_of_element_located(\n                (By.CSS_SELECTOR, \"div.el-loading-spinner\")\n            )\n        )\n    \n        list_ = [\"计算工作台\", \"计划计算\"]\n        for v in list_:\n            plan.click_button(f'(//span[text()=\"{v}\"])[1]')\n    \n        # 等待 el-loading-spinner 消失\n        WebDriverWait(driver, 10).until(\n            EC.invisibility_of_element_located((By.CLASS_NAME, \"el-loading-spinner\"))\n        )\n        target = WebDriverWait(driver, 10).until(\n            EC.element_to_be_clickable((By.XPATH, '//div[@class=\"vue-treeselect__control-arrow-container\"]'))\n        )\n        sleep(3)\n        target.click()\n    \n        # 等待第一个方案标签可点击后点击选择\n        first_option = wait.until(\n            EC.element_to_be_clickable(\n                (\n                    By.XPATH,\n                    '//div[@class=\"vue-treeselect__list\"]/div[1]',\n                )\n            )\n        )\n        first_option.click()\n    \n        # 执行计划\n        plan.click_plan()\n    \n        # 等待“完成”的文本出现\n>       success_element = wait.until(\n            EC.presence_of_element_located(\n                (By.XPATH, '(//div[@class=\"d-flex\"])[3]/p[text()=\" 完成 \"]')\n            )\n        )\n\nTests\\test_items\\test_plan.py:283: \n_ _ _ _ _ _ _ _ _ _ _ _ _ _ _ _ _ _ _ _ _ _ _ _ _ _ _ _ _ _ _ _ _ _ _ _ _ _ _ _ _ _ _ _ _ _ _ _ _ _ _ _ _ _ _ _ _ _ _ _ _ _ _ _ _ _ _ _ _ _ _ _ _ _ _ _ _ _ _ _ _ _ _ _ _ _ _ _ _ _ _ _ _ _ _ _ _ _ _ _ _ _ _ _ _ _ _ _ _ _ _ _ _ _ _ _\n\nself = <selenium.webdriver.support.wait.WebDriverWait (session=\"6a38c396c9c5ba2f6cac5120fd3d8d62\")>, method = <function presence_of_element_located.<locals>._predicate at 0x0000022064235FC0>, message = ''\n\n    def until(self, method: Callable[[D], Union[Literal[False], T]], message: str = \"\") -> T:\n        \"\"\"Wait until the method returns a value that is not False.\n    \n        Calls the method provided with the driver as an argument until the\n        return value does not evaluate to ``False``.\n    \n        Parameters:\n        -----------\n        method: callable(WebDriver)\n            - A callable object that takes a WebDriver instance as an argument.\n    \n        message: str\n            - Optional message for :exc:`TimeoutException`\n    \n        Return:\n        -------\n        object: T\n            - The result of the last call to `method`\n    \n        Raises:\n        -------\n        TimeoutException\n            - If 'method' does not return a truthy value within the WebDriverWait\n            object's timeout\n    \n        Example:\n        --------\n        >>> from selenium.webdriver.common.by import By\n        >>> from selenium.webdriver.support.ui import WebDriverWait\n        >>> from selenium.webdriver.support import expected_conditions as EC\n    \n        # Wait until an element is visible on the page\n        >>> wait = WebDriverWait(driver, 10)\n        >>> element = wait.until(EC.visibility_of_element_located((By.ID, \"exampleId\")))\n        >>> print(element.text)\n        \"\"\"\n        screen = None\n        stacktrace = None\n    \n        end_time = time.monotonic() + self._timeout\n        while True:\n            try:\n                value = method(self._driver)\n                if value:\n                    return value\n            except self._ignored_exceptions as exc:\n                screen = getattr(exc, \"screen\", None)\n                stacktrace = getattr(exc, \"stacktrace\", None)\n            if time.monotonic() > end_time:\n                break\n            time.sleep(self._poll)\n>       raise TimeoutException(message, screen, stacktrace)\nE       selenium.common.exceptions.TimeoutException: Message: \nE       Stacktrace:\nE       \tGetHandleVerifier [0x0x7ff6f1146f65+78965]\nE       \tGetHandleVerifier [0x0x7ff6f1146fc0+79056]\nE       \t(No symbol) [0x0x7ff6f0ed9dda]\nE       \t(No symbol) [0x0x7ff6f0f302ea]\nE       \t(No symbol) [0x0x7ff6f0f3059c]\nE       \t(No symbol) [0x0x7ff6f0f83f37]\nE       \t(No symbol) [0x0x7ff6f0f586af]\nE       \t(No symbol) [0x0x7ff6f0f80dbe]\nE       \t(No symbol) [0x0x7ff6f0f58443]\nE       \t(No symbol) [0x0x7ff6f0f21311]\nE       \t(No symbol) [0x0x7ff6f0f220a3]\nE       \tGetHandleVerifier [0x0x7ff6f13fe26d+2926461]\nE       \tGetHandleVerifier [0x0x7ff6f13f8993+2903715]\nE       \tGetHandleVerifier [0x0x7ff6f1416aed+3026941]\nE       \tGetHandleVerifier [0x0x7ff6f11616fe+187406]\nE       \tGetHandleVerifier [0x0x7ff6f11696ef+220159]\nE       \tGetHandleVerifier [0x0x7ff6f114faf4+114692]\nE       \tGetHandleVerifier [0x0x7ff6f114fca9+115129]\nE       \tGetHandleVerifier [0x0x7ff6f11364d8+10728]\nE       \tBaseThreadInitThunk [0x0x7ffd42e67374+20]\nE       \tRtlUserThreadStart [0x0x7ffd43a1cc91+33]\n\nmyenv\\lib\\site-packages\\selenium\\webdriver\\support\\wait.py:138: TimeoutException","flaky":false,"newFailed":false,"newBroken":false,"newPassed":false,"retriesCount":1,"retriesStatusChange":false,"beforeStages":[{"name":"login_to_plan","time":{"start":1769440995692,"stop":1769441017579,"duration":21887},"status":"passed","steps":[],"attachments":[],"parameters":[],"shouldDisplayMessage":false,"attachmentsCount":0,"stepsCount":0,"attachmentStep":false,"hasContent":false}],"testStage":{"status":"broken","statusMessage":"selenium.common.exceptions.TimeoutException: Message: \nStacktrace:\n\tGetHandleVerifier [0x0x7ff6f1146f65+78965]\n\tGetHandleVerifier [0x0x7ff6f1146fc0+79056]\n\t(No symbol) [0x0x7ff6f0ed9dda]\n\t(No symbol) [0x0x7ff6f0f302ea]\n\t(No symbol) [0x0x7ff6f0f3059c]\n\t(No symbol) [0x0x7ff6f0f83f37]\n\t(No symbol) [0x0x7ff6f0f586af]\n\t(No symbol) [0x0x7ff6f0f80dbe]\n\t(No symbol) [0x0x7ff6f0f58443]\n\t(No symbol) [0x0x7ff6f0f21311]\n\t(No symbol) [0x0x7ff6f0f220a3]\n\tGetHandleVerifier [0x0x7ff6f13fe26d+2926461]\n\tGetHandleVerifier [0x0x7ff6f13f8993+2903715]\n\tGetHandleVerifier [0x0x7ff6f1416aed+3026941]\n\tGetHandleVerifier [0x0x7ff6f11616fe+187406]\n\tGetHandleVerifier [0x0x7ff6f11696ef+220159]\n\tGetHandleVerifier [0x0x7ff6f114faf4+114692]\n\tGetHandleVerifier [0x0x7ff6f114fca9+115129]\n\tGetHandleVerifier [0x0x7ff6f11364d8+10728]\n\tBaseThreadInitThunk [0x0x7ffd42e67374+20]\n\tRtlUserThreadStart [0x0x7ffd43a1cc91+33]","statusTrace":"self = <test_items.test_plan.TestPlanPage object at 0x0000022062EB6470>, login_to_plan = <selenium.webdriver.chrome.webdriver.WebDriver (session=\"6a38c396c9c5ba2f6cac5120fd3d8d62\")>\n\n    @allure.story(\"执行成功\")\n    # @pytest.mark.run(order=1)\n    def test_plan_success(self, login_to_plan):\n        driver = login_to_plan\n        plan = PlanPage(driver)\n        wait = WebDriverWait(driver, 60)\n    \n        # 等待loading遮罩消失\n        wait.until(\n            EC.invisibility_of_element_located(\n                (By.CSS_SELECTOR, \"div.el-loading-spinner\")\n            )\n        )\n    \n        list_ = [\"计算工作台\", \"计划计算\"]\n        for v in list_:\n            plan.click_button(f'(//span[text()=\"{v}\"])[1]')\n    \n        # 等待 el-loading-spinner 消失\n        WebDriverWait(driver, 10).until(\n            EC.invisibility_of_element_located((By.CLASS_NAME, \"el-loading-spinner\"))\n        )\n        target = WebDriverWait(driver, 10).until(\n            EC.element_to_be_clickable((By.XPATH, '//div[@class=\"vue-treeselect__control-arrow-container\"]'))\n        )\n        sleep(3)\n        target.click()\n    \n        # 等待第一个方案标签可点击后点击选择\n        first_option = wait.until(\n            EC.element_to_be_clickable(\n                (\n                    By.XPATH,\n                    '//div[@class=\"vue-treeselect__list\"]/div[1]',\n                )\n            )\n        )\n        first_option.click()\n    \n        # 执行计划\n        plan.click_plan()\n    \n        # 等待“完成”的文本出现\n>       success_element = wait.until(\n            EC.presence_of_element_located(\n                (By.XPATH, '(//div[@class=\"d-flex\"])[3]/p[text()=\" 完成 \"]')\n            )\n        )\n\nTests\\test_items\\test_plan.py:283: \n_ _ _ _ _ _ _ _ _ _ _ _ _ _ _ _ _ _ _ _ _ _ _ _ _ _ _ _ _ _ _ _ _ _ _ _ _ _ _ _ _ _ _ _ _ _ _ _ _ _ _ _ _ _ _ _ _ _ _ _ _ _ _ _ _ _ _ _ _ _ _ _ _ _ _ _ _ _ _ _ _ _ _ _ _ _ _ _ _ _ _ _ _ _ _ _ _ _ _ _ _ _ _ _ _ _ _ _ _ _ _ _ _ _ _ _\n\nself = <selenium.webdriver.support.wait.WebDriverWait (session=\"6a38c396c9c5ba2f6cac5120fd3d8d62\")>, method = <function presence_of_element_located.<locals>._predicate at 0x0000022064235FC0>, message = ''\n\n    def until(self, method: Callable[[D], Union[Literal[False], T]], message: str = \"\") -> T:\n        \"\"\"Wait until the method returns a value that is not False.\n    \n        Calls the method provided with the driver as an argument until the\n        return value does not evaluate to ``False``.\n    \n        Parameters:\n        -----------\n        method: callable(WebDriver)\n            - A callable object that takes a WebDriver instance as an argument.\n    \n        message: str\n            - Optional message for :exc:`TimeoutException`\n    \n        Return:\n        -------\n        object: T\n            - The result of the last call to `method`\n    \n        Raises:\n        -------\n        TimeoutException\n            - If 'method' does not return a truthy value within the WebDriverWait\n            object's timeout\n    \n        Example:\n        --------\n        >>> from selenium.webdriver.common.by import By\n        >>> from selenium.webdriver.support.ui import WebDriverWait\n        >>> from selenium.webdriver.support import expected_conditions as EC\n    \n        # Wait until an element is visible on the page\n        >>> wait = WebDriverWait(driver, 10)\n        >>> element = wait.until(EC.visibility_of_element_located((By.ID, \"exampleId\")))\n        >>> print(element.text)\n        \"\"\"\n        screen = None\n        stacktrace = None\n    \n        end_time = time.monotonic() + self._timeout\n        while True:\n            try:\n                value = method(self._driver)\n                if value:\n                    return value\n            except self._ignored_exceptions as exc:\n                screen = getattr(exc, \"screen\", None)\n                stacktrace = getattr(exc, \"stacktrace\", None)\n            if time.monotonic() > end_time:\n                break\n            time.sleep(self._poll)\n>       raise TimeoutException(message, screen, stacktrace)\nE       selenium.common.exceptions.TimeoutException: Message: \nE       Stacktrace:\nE       \tGetHandleVerifier [0x0x7ff6f1146f65+78965]\nE       \tGetHandleVerifier [0x0x7ff6f1146fc0+79056]\nE       \t(No symbol) [0x0x7ff6f0ed9dda]\nE       \t(No symbol) [0x0x7ff6f0f302ea]\nE       \t(No symbol) [0x0x7ff6f0f3059c]\nE       \t(No symbol) [0x0x7ff6f0f83f37]\nE       \t(No symbol) [0x0x7ff6f0f586af]\nE       \t(No symbol) [0x0x7ff6f0f80dbe]\nE       \t(No symbol) [0x0x7ff6f0f58443]\nE       \t(No symbol) [0x0x7ff6f0f21311]\nE       \t(No symbol) [0x0x7ff6f0f220a3]\nE       \tGetHandleVerifier [0x0x7ff6f13fe26d+2926461]\nE       \tGetHandleVerifier [0x0x7ff6f13f8993+2903715]\nE       \tGetHandleVerifier [0x0x7ff6f1416aed+3026941]\nE       \tGetHandleVerifier [0x0x7ff6f11616fe+187406]\nE       \tGetHandleVerifier [0x0x7ff6f11696ef+220159]\nE       \tGetHandleVerifier [0x0x7ff6f114faf4+114692]\nE       \tGetHandleVerifier [0x0x7ff6f114fca9+115129]\nE       \tGetHandleVerifier [0x0x7ff6f11364d8+10728]\nE       \tBaseThreadInitThunk [0x0x7ffd42e67374+20]\nE       \tRtlUserThreadStart [0x0x7ffd43a1cc91+33]\n\nmyenv\\lib\\site-packages\\selenium\\webdriver\\support\\wait.py:138: TimeoutException","steps":[],"attachments":[{"uid":"73b56a7e1691e6ac","name":"test_plan_success_20260126_232445","source":"73b56a7e1691e6ac.png","type":"image/png","size":111956},{"uid":"aa627756662f80f5","name":"log","source":"aa627756662f80f5.txt","type":"text/plain","size":4071}],"parameters":[],"shouldDisplayMessage":true,"attachmentsCount":2,"stepsCount":0,"attachmentStep":false,"hasContent":true},"afterStages":[{"name":"login_to_plan::0","time":{"start":1769441085731,"stop":1769441087915,"duration":2184},"status":"passed","steps":[],"attachments":[],"parameters":[],"shouldDisplayMessage":false,"attachmentsCount":0,"stepsCount":0,"attachmentStep":false,"hasContent":false}],"labels":[{"name":"feature","value":"计划计算测试用例"},{"name":"story","value":"执行成功"},{"name":"parentSuite","value":"Tests.test_items"},{"name":"suite","value":"test_plan"},{"name":"subSuite","value":"TestPlanPage"},{"name":"host","value":"WIN-20240820MJV"},{"name":"thread","value":"40768-MainThread"},{"name":"framework","value":"pytest"},{"name":"language","value":"cpython3"},{"name":"package","value":"Tests.test_items.test_plan"},{"name":"resultFormat","value":"allure2"}],"parameters":[],"links":[],"hidden":false,"retry":false,"extra":{"severity":"normal","retries":[{"uid":"f3c14f741ebd6251","status":"broken","statusDetails":"selenium.common.exceptions.TimeoutException: Message: \nStacktrace:\n\tGetHandleVerifier [0x0x7ff6f1146f65+78965]\n\tGetHandleVerifier [0x0x7ff6f1146fc0+79056]\n\t(No symbol) [0x0x7ff6f0ed9dda]\n\t(No symbol) [0x0x7ff6f0f302ea]\n\t(No symbol) [0x0x7ff6f0f3059c]\n\t(No symbol) [0x0x7ff6f0f83f37]\n\t(No symbol) [0x0x7ff6f0f586af]\n\t(No symbol) [0x0x7ff6f0f80dbe]\n\t(No symbol) [0x0x7ff6f0f58443]\n\t(No symbol) [0x0x7ff6f0f21311]\n\t(No symbol) [0x0x7ff6f0f220a3]\n\tGetHandleVerifier [0x0x7ff6f13fe26d+2926461]\n\tGetHandleVerifier [0x0x7ff6f13f8993+2903715]\n\tGetHandleVerifier [0x0x7ff6f1416aed+3026941]\n\tGetHandleVerifier [0x0x7ff6f11616fe+187406]\n\tGetHandleVerifier [0x0x7ff6f11696ef+220159]\n\tGetHandleVerifier [0x0x7ff6f114faf4+114692]\n\tGetHandleVerifier [0x0x7ff6f114fca9+115129]\n\tGetHandleVerifier [0x0x7ff6f11364d8+10728]\n\tBaseThreadInitThunk [0x0x7ffd42e67374+20]\n\tRtlUserThreadStart [0x0x7ffd43a1cc91+33]","time":{"start":1769440926095,"stop":1769440993405,"duration":67310}}],"categories":[{"name":"Test defects","matchedStatuses":[]}],"tags":[]},"source":"1533bf7cd268c16.json","parameterValues":[]}