{"uid":"1956c7fe993fb44f","name":"test_affairs_template_updatnamerepe","fullName":"Tests.test_system.test_affairs.TestAffairsPage#test_affairs_template_updatnamerepe","historyId":"ed2cdd468ad21ee7737bdaf5e16581de","time":{"start":1762803555990,"stop":1762803566156,"duration":10166},"status":"broken","statusMessage":"selenium.common.exceptions.TimeoutException: Message: \nStacktrace:\n\tGetHandleVerifier [0x0x7ff7e9026f65+78965]\n\tGetHandleVerifier [0x0x7ff7e9026fc0+79056]\n\t(No symbol) [0x0x7ff7e8db9dda]\n\t(No symbol) [0x0x7ff7e8e102ea]\n\t(No symbol) [0x0x7ff7e8e1059c]\n\t(No symbol) [0x0x7ff7e8e63f37]\n\t(No symbol) [0x0x7ff7e8e386af]\n\t(No symbol) [0x0x7ff7e8e60dbe]\n\t(No symbol) [0x0x7ff7e8e38443]\n\t(No symbol) [0x0x7ff7e8e01311]\n\t(No symbol) [0x0x7ff7e8e020a3]\n\tGetHandleVerifier [0x0x7ff7e92de26d+2926461]\n\tGetHandleVerifier [0x0x7ff7e92d8993+2903715]\n\tGetHandleVerifier [0x0x7ff7e92f6aed+3026941]\n\tGetHandleVerifier [0x0x7ff7e90416fe+187406]\n\tGetHandleVerifier [0x0x7ff7e90496ef+220159]\n\tGetHandleVerifier [0x0x7ff7e902faf4+114692]\n\tGetHandleVerifier [0x0x7ff7e902fca9+115129]\n\tGetHandleVerifier [0x0x7ff7e90164d8+10728]\n\tBaseThreadInitThunk [0x0x7ffcf36a7374+20]\n\tRtlUserThreadStart [0x0x7ffcf523cc91+33]","statusTrace":"self = <test_system.test_affairs.TestAffairsPage object at 0x00000143DF1B5210>, login_to_affairs = <selenium.webdriver.chrome.webdriver.WebDriver (session=\"d945d6694af0e354ac0062bff6b6faab\")>\n\n    @allure.story(\"事务模版-修改事务名称重复\")\n    # @pytest.mark.run(order=1)\n    def test_affairs_template_updatnamerepe(self, login_to_affairs):\n        driver = login_to_affairs  # WebDriver 实例\n        affairs = AffairsPage(driver)  # 用 driver 初始化 AffairsPage\n        name = \"测试事务模版6\"\n>       affairs.hover(name=name, edi=\"编辑\")\n\nTests\\test_system\\test_affairs.py:429: \n_ _ _ _ _ _ _ _ _ _ _ _ _ _ _ _ _ _ _ _ _ _ _ _ _ _ _ _ _ _ _ _ _ _ _ _ _ _ _ _ _ _ _ _ _ _ _ _ _ _ _ _ _ _ _ _ _ _ _ _ _ _ _ _ _ _ _ _ _ _ _ _ _ _ _ _ _ _ _ _ _ _ _ _ _ _ _ _ _ _ _ _ _ _ _ _ _ _ _ _ _ _ _ _ _ _ _ _ _ _ _ _ _ _ _ _\nPages\\systemPage\\affairs_page.py:152: in hover\n    container = self.get_find_element_xpath(\nPages\\systemPage\\affairs_page.py:28: in get_find_element_xpath\n    return self.find_element(By.XPATH, xpath)\nPages\\base_page.py:28: in find_element\n    return WebDriverWait(self.driver, wait_time).until(\n_ _ _ _ _ _ _ _ _ _ _ _ _ _ _ _ _ _ _ _ _ _ _ _ _ _ _ _ _ _ _ _ _ _ _ _ _ _ _ _ _ _ _ _ _ _ _ _ _ _ _ _ _ _ _ _ _ _ _ _ _ _ _ _ _ _ _ _ _ _ _ _ _ _ _ _ _ _ _ _ _ _ _ _ _ _ _ _ _ _ _ _ _ _ _ _ _ _ _ _ _ _ _ _ _ _ _ _ _ _ _ _ _ _ _ _\n\nself = <selenium.webdriver.support.wait.WebDriverWait (session=\"d945d6694af0e354ac0062bff6b6faab\")>, method = <function presence_of_element_located.<locals>._predicate at 0x00000143E14A1510>, message = ''\n\n    def until(self, method: Callable[[D], Union[Literal[False], T]], message: str = \"\") -> T:\n        \"\"\"Wait until the method returns a value that is not False.\n    \n        Calls the method provided with the driver as an argument until the\n        return value does not evaluate to ``False``.\n    \n        Parameters:\n        -----------\n        method: callable(WebDriver)\n            - A callable object that takes a WebDriver instance as an argument.\n    \n        message: str\n            - Optional message for :exc:`TimeoutException`\n    \n        Return:\n        -------\n        object: T\n            - The result of the last call to `method`\n    \n        Raises:\n        -------\n        TimeoutException\n            - If 'method' does not return a truthy value within the WebDriverWait\n            object's timeout\n    \n        Example:\n        --------\n        >>> from selenium.webdriver.common.by import By\n        >>> from selenium.webdriver.support.ui import WebDriverWait\n        >>> from selenium.webdriver.support import expected_conditions as EC\n    \n        # Wait until an element is visible on the page\n        >>> wait = WebDriverWait(driver, 10)\n        >>> element = wait.until(EC.visibility_of_element_located((By.ID, \"exampleId\")))\n        >>> print(element.text)\n        \"\"\"\n        screen = None\n        stacktrace = None\n    \n        end_time = time.monotonic() + self._timeout\n        while True:\n            try:\n                value = method(self._driver)\n                if value:\n                    return value\n            except self._ignored_exceptions as exc:\n                screen = getattr(exc, \"screen\", None)\n                stacktrace = getattr(exc, \"stacktrace\", None)\n            if time.monotonic() > end_time:\n                break\n            time.sleep(self._poll)\n>       raise TimeoutException(message, screen, stacktrace)\nE       selenium.common.exceptions.TimeoutException: Message: \nE       Stacktrace:\nE       \tGetHandleVerifier [0x0x7ff7e9026f65+78965]\nE       \tGetHandleVerifier [0x0x7ff7e9026fc0+79056]\nE       \t(No symbol) [0x0x7ff7e8db9dda]\nE       \t(No symbol) [0x0x7ff7e8e102ea]\nE       \t(No symbol) [0x0x7ff7e8e1059c]\nE       \t(No symbol) [0x0x7ff7e8e63f37]\nE       \t(No symbol) [0x0x7ff7e8e386af]\nE       \t(No symbol) [0x0x7ff7e8e60dbe]\nE       \t(No symbol) [0x0x7ff7e8e38443]\nE       \t(No symbol) [0x0x7ff7e8e01311]\nE       \t(No symbol) [0x0x7ff7e8e020a3]\nE       \tGetHandleVerifier [0x0x7ff7e92de26d+2926461]\nE       \tGetHandleVerifier [0x0x7ff7e92d8993+2903715]\nE       \tGetHandleVerifier [0x0x7ff7e92f6aed+3026941]\nE       \tGetHandleVerifier [0x0x7ff7e90416fe+187406]\nE       \tGetHandleVerifier [0x0x7ff7e90496ef+220159]\nE       \tGetHandleVerifier [0x0x7ff7e902faf4+114692]\nE       \tGetHandleVerifier [0x0x7ff7e902fca9+115129]\nE       \tGetHandleVerifier [0x0x7ff7e90164d8+10728]\nE       \tBaseThreadInitThunk [0x0x7ffcf36a7374+20]\nE       \tRtlUserThreadStart [0x0x7ffcf523cc91+33]\n\nmyenv\\lib\\site-packages\\selenium\\webdriver\\support\\wait.py:138: TimeoutException","flaky":false,"newFailed":false,"newBroken":false,"newPassed":false,"retriesCount":1,"retriesStatusChange":false,"beforeStages":[{"name":"login_to_affairs","time":{"start":1762803544709,"stop":1762803555989,"duration":11280},"status":"passed","steps":[],"attachments":[],"parameters":[],"stepsCount":0,"hasContent":false,"attachmentStep":false,"attachmentsCount":0,"shouldDisplayMessage":false}],"testStage":{"status":"broken","statusMessage":"selenium.common.exceptions.TimeoutException: Message: \nStacktrace:\n\tGetHandleVerifier [0x0x7ff7e9026f65+78965]\n\tGetHandleVerifier [0x0x7ff7e9026fc0+79056]\n\t(No symbol) [0x0x7ff7e8db9dda]\n\t(No symbol) [0x0x7ff7e8e102ea]\n\t(No symbol) [0x0x7ff7e8e1059c]\n\t(No symbol) [0x0x7ff7e8e63f37]\n\t(No symbol) [0x0x7ff7e8e386af]\n\t(No symbol) [0x0x7ff7e8e60dbe]\n\t(No symbol) [0x0x7ff7e8e38443]\n\t(No symbol) [0x0x7ff7e8e01311]\n\t(No symbol) [0x0x7ff7e8e020a3]\n\tGetHandleVerifier [0x0x7ff7e92de26d+2926461]\n\tGetHandleVerifier [0x0x7ff7e92d8993+2903715]\n\tGetHandleVerifier [0x0x7ff7e92f6aed+3026941]\n\tGetHandleVerifier [0x0x7ff7e90416fe+187406]\n\tGetHandleVerifier [0x0x7ff7e90496ef+220159]\n\tGetHandleVerifier [0x0x7ff7e902faf4+114692]\n\tGetHandleVerifier [0x0x7ff7e902fca9+115129]\n\tGetHandleVerifier [0x0x7ff7e90164d8+10728]\n\tBaseThreadInitThunk [0x0x7ffcf36a7374+20]\n\tRtlUserThreadStart [0x0x7ffcf523cc91+33]","statusTrace":"self = <test_system.test_affairs.TestAffairsPage object at 0x00000143DF1B5210>, login_to_affairs = <selenium.webdriver.chrome.webdriver.WebDriver (session=\"d945d6694af0e354ac0062bff6b6faab\")>\n\n    @allure.story(\"事务模版-修改事务名称重复\")\n    # @pytest.mark.run(order=1)\n    def test_affairs_template_updatnamerepe(self, login_to_affairs):\n        driver = login_to_affairs  # WebDriver 实例\n        affairs = AffairsPage(driver)  # 用 driver 初始化 AffairsPage\n        name = \"测试事务模版6\"\n>       affairs.hover(name=name, edi=\"编辑\")\n\nTests\\test_system\\test_affairs.py:429: \n_ _ _ _ _ _ _ _ _ _ _ _ _ _ _ _ _ _ _ _ _ _ _ _ _ _ _ _ _ _ _ _ _ _ _ _ _ _ _ _ _ _ _ _ _ _ _ _ _ _ _ _ _ _ _ _ _ _ _ _ _ _ _ _ _ _ _ _ _ _ _ _ _ _ _ _ _ _ _ _ _ _ _ _ _ _ _ _ _ _ _ _ _ _ _ _ _ _ _ _ _ _ _ _ _ _ _ _ _ _ _ _ _ _ _ _\nPages\\systemPage\\affairs_page.py:152: in hover\n    container = self.get_find_element_xpath(\nPages\\systemPage\\affairs_page.py:28: in get_find_element_xpath\n    return self.find_element(By.XPATH, xpath)\nPages\\base_page.py:28: in find_element\n    return WebDriverWait(self.driver, wait_time).until(\n_ _ _ _ _ _ _ _ _ _ _ _ _ _ _ _ _ _ _ _ _ _ _ _ _ _ _ _ _ _ _ _ _ _ _ _ _ _ _ _ _ _ _ _ _ _ _ _ _ _ _ _ _ _ _ _ _ _ _ _ _ _ _ _ _ _ _ _ _ _ _ _ _ _ _ _ _ _ _ _ _ _ _ _ _ _ _ _ _ _ _ _ _ _ _ _ _ _ _ _ _ _ _ _ _ _ _ _ _ _ _ _ _ _ _ _\n\nself = <selenium.webdriver.support.wait.WebDriverWait (session=\"d945d6694af0e354ac0062bff6b6faab\")>, method = <function presence_of_element_located.<locals>._predicate at 0x00000143E14A1510>, message = ''\n\n    def until(self, method: Callable[[D], Union[Literal[False], T]], message: str = \"\") -> T:\n        \"\"\"Wait until the method returns a value that is not False.\n    \n        Calls the method provided with the driver as an argument until the\n        return value does not evaluate to ``False``.\n    \n        Parameters:\n        -----------\n        method: callable(WebDriver)\n            - A callable object that takes a WebDriver instance as an argument.\n    \n        message: str\n            - Optional message for :exc:`TimeoutException`\n    \n        Return:\n        -------\n        object: T\n            - The result of the last call to `method`\n    \n        Raises:\n        -------\n        TimeoutException\n            - If 'method' does not return a truthy value within the WebDriverWait\n            object's timeout\n    \n        Example:\n        --------\n        >>> from selenium.webdriver.common.by import By\n        >>> from selenium.webdriver.support.ui import WebDriverWait\n        >>> from selenium.webdriver.support import expected_conditions as EC\n    \n        # Wait until an element is visible on the page\n        >>> wait = WebDriverWait(driver, 10)\n        >>> element = wait.until(EC.visibility_of_element_located((By.ID, \"exampleId\")))\n        >>> print(element.text)\n        \"\"\"\n        screen = None\n        stacktrace = None\n    \n        end_time = time.monotonic() + self._timeout\n        while True:\n            try:\n                value = method(self._driver)\n                if value:\n                    return value\n            except self._ignored_exceptions as exc:\n                screen = getattr(exc, \"screen\", None)\n                stacktrace = getattr(exc, \"stacktrace\", None)\n            if time.monotonic() > end_time:\n                break\n            time.sleep(self._poll)\n>       raise TimeoutException(message, screen, stacktrace)\nE       selenium.common.exceptions.TimeoutException: Message: \nE       Stacktrace:\nE       \tGetHandleVerifier [0x0x7ff7e9026f65+78965]\nE       \tGetHandleVerifier [0x0x7ff7e9026fc0+79056]\nE       \t(No symbol) [0x0x7ff7e8db9dda]\nE       \t(No symbol) [0x0x7ff7e8e102ea]\nE       \t(No symbol) [0x0x7ff7e8e1059c]\nE       \t(No symbol) [0x0x7ff7e8e63f37]\nE       \t(No symbol) [0x0x7ff7e8e386af]\nE       \t(No symbol) [0x0x7ff7e8e60dbe]\nE       \t(No symbol) [0x0x7ff7e8e38443]\nE       \t(No symbol) [0x0x7ff7e8e01311]\nE       \t(No symbol) [0x0x7ff7e8e020a3]\nE       \tGetHandleVerifier [0x0x7ff7e92de26d+2926461]\nE       \tGetHandleVerifier [0x0x7ff7e92d8993+2903715]\nE       \tGetHandleVerifier [0x0x7ff7e92f6aed+3026941]\nE       \tGetHandleVerifier [0x0x7ff7e90416fe+187406]\nE       \tGetHandleVerifier [0x0x7ff7e90496ef+220159]\nE       \tGetHandleVerifier [0x0x7ff7e902faf4+114692]\nE       \tGetHandleVerifier [0x0x7ff7e902fca9+115129]\nE       \tGetHandleVerifier [0x0x7ff7e90164d8+10728]\nE       \tBaseThreadInitThunk [0x0x7ffcf36a7374+20]\nE       \tRtlUserThreadStart [0x0x7ffcf523cc91+33]\n\nmyenv\\lib\\site-packages\\selenium\\webdriver\\support\\wait.py:138: TimeoutException","steps":[],"attachments":[{"uid":"fee1667ebdac32b5","name":"test_affairs_template_updatnamerepe_failure","source":"fee1667ebdac32b5.png","type":"image/png","size":123754},{"uid":"1106b3ef6a74fb61","name":"test_affairs_template_updatnamerepe_source","source":"1106b3ef6a74fb61.html","type":"text/html","size":1144798},{"uid":"19fadab4790a9f6f","name":"log","source":"19fadab4790a9f6f.txt","type":"text/plain","size":2805}],"parameters":[],"stepsCount":0,"hasContent":true,"attachmentStep":false,"attachmentsCount":3,"shouldDisplayMessage":true},"afterStages":[{"name":"login_to_affairs::0","time":{"start":1762803566385,"stop":1762803568590,"duration":2205},"status":"passed","steps":[],"attachments":[],"parameters":[],"stepsCount":0,"hasContent":false,"attachmentStep":false,"attachmentsCount":0,"shouldDisplayMessage":false}],"labels":[{"name":"feature","value":"事务管理页用例"},{"name":"story","value":"事务模版-修改事务名称重复"},{"name":"parentSuite","value":"Tests.test_system"},{"name":"suite","value":"test_affairs"},{"name":"subSuite","value":"TestAffairsPage"},{"name":"host","value":"WIN-20240820MJV"},{"name":"thread","value":"12084-MainThread"},{"name":"framework","value":"pytest"},{"name":"language","value":"cpython3"},{"name":"package","value":"Tests.test_system.test_affairs"},{"name":"resultFormat","value":"allure2"}],"parameters":[],"links":[],"hidden":false,"retry":false,"extra":{"severity":"normal","retries":[{"uid":"b86f1ff36056a7e8","status":"broken","statusDetails":"selenium.common.exceptions.TimeoutException: Message: \nStacktrace:\n\tGetHandleVerifier [0x0x7ff7e9026f65+78965]\n\tGetHandleVerifier [0x0x7ff7e9026fc0+79056]\n\t(No symbol) [0x0x7ff7e8db9dda]\n\t(No symbol) [0x0x7ff7e8e102ea]\n\t(No symbol) [0x0x7ff7e8e1059c]\n\t(No symbol) [0x0x7ff7e8e63f37]\n\t(No symbol) [0x0x7ff7e8e386af]\n\t(No symbol) [0x0x7ff7e8e60dbe]\n\t(No symbol) [0x0x7ff7e8e38443]\n\t(No symbol) [0x0x7ff7e8e01311]\n\t(No symbol) [0x0x7ff7e8e020a3]\n\tGetHandleVerifier [0x0x7ff7e92de26d+2926461]\n\tGetHandleVerifier [0x0x7ff7e92d8993+2903715]\n\tGetHandleVerifier [0x0x7ff7e92f6aed+3026941]\n\tGetHandleVerifier [0x0x7ff7e90416fe+187406]\n\tGetHandleVerifier [0x0x7ff7e90496ef+220159]\n\tGetHandleVerifier [0x0x7ff7e902faf4+114692]\n\tGetHandleVerifier [0x0x7ff7e902fca9+115129]\n\tGetHandleVerifier [0x0x7ff7e90164d8+10728]\n\tBaseThreadInitThunk [0x0x7ffcf36a7374+20]\n\tRtlUserThreadStart [0x0x7ffcf523cc91+33]","time":{"start":1762803532165,"stop":1762803542328,"duration":10163}}],"categories":[{"name":"Test defects","matchedStatuses":[]}],"tags":[]},"source":"1956c7fe993fb44f.json","parameterValues":[]}