{"uid":"1ad32e8c080b8c9c","name":"test_synchronize_all_import","fullName":"Tests.test_system.test_synchronize.TestSynchronizePage#test_synchronize_all_import","historyId":"bf175caeb0cd623323faf11ad7ba865f","time":{"start":1761640701257,"stop":1761640715379,"duration":14122},"status":"failed","statusMessage":"AssertionError: 未找到或找到多个1同步导入1\nassert 0 == 1\n +  where 0 = len([])","statusTrace":"self = <test_system.test_synchronize.TestSynchronizePage object at 0x0000018911349270>, login_to_synchronize = <selenium.webdriver.chrome.webdriver.WebDriver (session=\"6accfed5a3a08e3e78262267c0a865ec\")>\n\n    @allure.story(\"同步单个数据导入成功\")\n    # @pytest.mark.run(order=1)\n    def test_synchronize_all_import(self, login_to_synchronize):\n        driver = login_to_synchronize  # WebDriver 实例\n        synchronize = SynchronizePage(driver)  # 用 driver 初始化 SynchronizePage\n        import_name = [\n            \"1同步导入1\",\n        ]\n        plan_names = [\n            \"1测试计划单元标准\",\n        ]\n        synchronize.click_checkbox_value(import_name, plan_names, \"4\")\n        synchronize.click_synchronize_button()\n        synchronize.click_synchronize_pop(True)\n        message = synchronize.get_find_message()\n        synchronize.switch_plane(plan_names[0], 4)\n        synchronize.click_button('//input[@class=\"ivu-select-input\" and @placeholder=\"请选择\"]')\n        for name in import_name:\n            elements = synchronize.finds_elements(\n                By.XPATH,\n                f'//div[@class=\"d-alIt-ba cursor-pointer m-l-22 col-black font14\"]//li[text()=\"{name}\"]'\n            )\n>           assert len(elements) == 1, f\"未找到或找到多个{name}\"\nE           AssertionError: 未找到或找到多个1同步导入1\nE           assert 0 == 1\nE            +  where 0 = len([])\n\nTests\\test_system\\test_synchronize.py:389: AssertionError","flaky":false,"newFailed":false,"newBroken":false,"newPassed":false,"retriesCount":1,"retriesStatusChange":false,"beforeStages":[{"name":"login_to_synchronize","time":{"start":1761640689818,"stop":1761640701256,"duration":11438},"status":"passed","steps":[],"attachments":[],"parameters":[],"attachmentsCount":0,"shouldDisplayMessage":false,"stepsCount":0,"hasContent":false,"attachmentStep":false}],"testStage":{"status":"failed","statusMessage":"AssertionError: 未找到或找到多个1同步导入1\nassert 0 == 1\n +  where 0 = len([])","statusTrace":"self = <test_system.test_synchronize.TestSynchronizePage object at 0x0000018911349270>, login_to_synchronize = <selenium.webdriver.chrome.webdriver.WebDriver (session=\"6accfed5a3a08e3e78262267c0a865ec\")>\n\n    @allure.story(\"同步单个数据导入成功\")\n    # @pytest.mark.run(order=1)\n    def test_synchronize_all_import(self, login_to_synchronize):\n        driver = login_to_synchronize  # WebDriver 实例\n        synchronize = SynchronizePage(driver)  # 用 driver 初始化 SynchronizePage\n        import_name = [\n            \"1同步导入1\",\n        ]\n        plan_names = [\n            \"1测试计划单元标准\",\n        ]\n        synchronize.click_checkbox_value(import_name, plan_names, \"4\")\n        synchronize.click_synchronize_button()\n        synchronize.click_synchronize_pop(True)\n        message = synchronize.get_find_message()\n        synchronize.switch_plane(plan_names[0], 4)\n        synchronize.click_button('//input[@class=\"ivu-select-input\" and @placeholder=\"请选择\"]')\n        for name in import_name:\n            elements = synchronize.finds_elements(\n                By.XPATH,\n                f'//div[@class=\"d-alIt-ba cursor-pointer m-l-22 col-black font14\"]//li[text()=\"{name}\"]'\n            )\n>           assert len(elements) == 1, f\"未找到或找到多个{name}\"\nE           AssertionError: 未找到或找到多个1同步导入1\nE           assert 0 == 1\nE            +  where 0 = len([])\n\nTests\\test_system\\test_synchronize.py:389: AssertionError","steps":[],"attachments":[{"uid":"ad3271f722ac4e83","name":"test_synchronize_all_import_failure","source":"ad3271f722ac4e83.png","type":"image/png","size":47202},{"uid":"b8c9ab67356743ad","name":"test_synchronize_all_import_source","source":"b8c9ab67356743ad.html","type":"text/html","size":1064966},{"uid":"9bf4bdb1326ea4b3","name":"log","source":"9bf4bdb1326ea4b3.txt","type":"text/plain","size":5327}],"parameters":[],"attachmentsCount":3,"shouldDisplayMessage":true,"stepsCount":0,"hasContent":true,"attachmentStep":false},"afterStages":[{"name":"login_to_synchronize::0","time":{"start":1761640715522,"stop":1761640717685,"duration":2163},"status":"passed","steps":[],"attachments":[],"parameters":[],"attachmentsCount":0,"shouldDisplayMessage":false,"stepsCount":0,"hasContent":false,"attachmentStep":false}],"labels":[{"name":"feature","value":"配置同步页用例"},{"name":"story","value":"同步单个数据导入成功"},{"name":"parentSuite","value":"Tests.test_system"},{"name":"suite","value":"test_synchronize"},{"name":"subSuite","value":"TestSynchronizePage"},{"name":"host","value":"WIN-20240820MJV"},{"name":"thread","value":"9064-MainThread"},{"name":"framework","value":"pytest"},{"name":"language","value":"cpython3"},{"name":"package","value":"Tests.test_system.test_synchronize"},{"name":"resultFormat","value":"allure2"}],"parameters":[],"links":[],"hidden":false,"retry":false,"extra":{"severity":"normal","retries":[{"uid":"b4a6fd2029792e03","status":"failed","statusDetails":"AssertionError: 未找到或找到多个1同步导入1\nassert 0 == 1\n +  where 0 = len([])","time":{"start":1761640672118,"stop":1761640686736,"duration":14618}}],"categories":[{"name":"Product defects","matchedStatuses":[]}],"tags":[]},"source":"1ad32e8c080b8c9c.json","parameterValues":[]}