{"uid":"1d9b0d134ed0bf18","name":"test_acceptdata_select2","fullName":"Tests.test_system.test_acceptdata.TestSAcceptDataPage#test_acceptdata_select2","historyId":"07048f8ed6466fa01118b7de65b1dd3d","time":{"start":1762286769152,"stop":1762286777256,"duration":8104},"status":"failed","statusMessage":"AssertionError: assert False\n +  where False = all(<generator object TestSAcceptDataPage.test_acceptdata_select2.<locals>.<genexpr> at 0x00000168590E8E40>)","statusTrace":"self = <test_system.test_acceptdata.TestSAcceptDataPage object at 0x0000016856954670>, login_to_acceptdata = <selenium.webdriver.chrome.webdriver.WebDriver (session=\"3cceea51feadadc46a44f4a15f6dcf8d\")>\n\n    @allure.story(\"过滤条件查询，设置包含条件查询成功\")\n    # @pytest.mark.run(order=1)\n    def test_acceptdata_select2(self, login_to_acceptdata):\n        driver = login_to_acceptdata  # WebDriver 实例\n        acceptdata = ImpPage(driver)  # 用 driver 初始化 ImpPage\n        acceptdata.wait_for_loading_to_disappear()\n        name = \"1测试\"\n        acceptdata.click_button('//div[p[text()=\"接口名称\"]]/following-sibling::div//i')\n        acceptdata.hover(\"包含\")\n        sleep(1)\n        acceptdata.select_input(name)\n        sleep(1)\n        eles = acceptdata.finds_elements(By.XPATH, '//table[@class=\"vxe-table--body\"]//tr//td[3]')\n        sleep(1)\n        list_ = [ele.text for ele in eles]\n>       assert all(name in text for text in list_)\nE       assert False\nE        +  where False = all(<generator object TestSAcceptDataPage.test_acceptdata_select2.<locals>.<genexpr> at 0x00000168590E8E40>)\n\nTests\\test_system\\test_acceptdata.py:294: AssertionError","flaky":false,"newFailed":false,"newBroken":false,"newPassed":false,"retriesCount":1,"retriesStatusChange":false,"beforeStages":[{"name":"login_to_acceptdata","time":{"start":1762286757435,"stop":1762286769151,"duration":11716},"status":"passed","steps":[],"attachments":[],"parameters":[],"hasContent":false,"attachmentStep":false,"stepsCount":0,"attachmentsCount":0,"shouldDisplayMessage":false}],"testStage":{"status":"failed","statusMessage":"AssertionError: assert False\n +  where False = all(<generator object TestSAcceptDataPage.test_acceptdata_select2.<locals>.<genexpr> at 0x00000168590E8E40>)","statusTrace":"self = <test_system.test_acceptdata.TestSAcceptDataPage object at 0x0000016856954670>, login_to_acceptdata = <selenium.webdriver.chrome.webdriver.WebDriver (session=\"3cceea51feadadc46a44f4a15f6dcf8d\")>\n\n    @allure.story(\"过滤条件查询，设置包含条件查询成功\")\n    # @pytest.mark.run(order=1)\n    def test_acceptdata_select2(self, login_to_acceptdata):\n        driver = login_to_acceptdata  # WebDriver 实例\n        acceptdata = ImpPage(driver)  # 用 driver 初始化 ImpPage\n        acceptdata.wait_for_loading_to_disappear()\n        name = \"1测试\"\n        acceptdata.click_button('//div[p[text()=\"接口名称\"]]/following-sibling::div//i')\n        acceptdata.hover(\"包含\")\n        sleep(1)\n        acceptdata.select_input(name)\n        sleep(1)\n        eles = acceptdata.finds_elements(By.XPATH, '//table[@class=\"vxe-table--body\"]//tr//td[3]')\n        sleep(1)\n        list_ = [ele.text for ele in eles]\n>       assert all(name in text for text in list_)\nE       assert False\nE        +  where False = all(<generator object TestSAcceptDataPage.test_acceptdata_select2.<locals>.<genexpr> at 0x00000168590E8E40>)\n\nTests\\test_system\\test_acceptdata.py:294: AssertionError","steps":[],"attachments":[{"uid":"fc389af091245846","name":"test_acceptdata_select2_failure","source":"fc389af091245846.png","type":"image/png","size":58523},{"uid":"552561a143bd0cad","name":"test_acceptdata_select2_source","source":"552561a143bd0cad.html","type":"text/html","size":1120082},{"uid":"b72bfe5bd8103657","name":"log","source":"b72bfe5bd8103657.txt","type":"text/plain","size":3283}],"parameters":[],"hasContent":true,"attachmentStep":false,"stepsCount":0,"attachmentsCount":3,"shouldDisplayMessage":true},"afterStages":[{"name":"login_to_acceptdata::0","time":{"start":1762286777389,"stop":1762286779538,"duration":2149},"status":"passed","steps":[],"attachments":[],"parameters":[],"hasContent":false,"attachmentStep":false,"stepsCount":0,"attachmentsCount":0,"shouldDisplayMessage":false}],"labels":[{"name":"feature","value":"接收数据页用例"},{"name":"story","value":"过滤条件查询，设置包含条件查询成功"},{"name":"parentSuite","value":"Tests.test_system"},{"name":"suite","value":"test_acceptdata"},{"name":"subSuite","value":"TestSAcceptDataPage"},{"name":"host","value":"WIN-20240820MJV"},{"name":"thread","value":"33540-MainThread"},{"name":"framework","value":"pytest"},{"name":"language","value":"cpython3"},{"name":"package","value":"Tests.test_system.test_acceptdata"},{"name":"resultFormat","value":"allure2"}],"parameters":[],"links":[],"hidden":false,"retry":false,"extra":{"severity":"normal","retries":[{"uid":"8d21596df9f49b27","status":"failed","statusDetails":"AssertionError: assert False\n +  where False = all(<generator object TestSAcceptDataPage.test_acceptdata_select2.<locals>.<genexpr> at 0x00000168590C28F0>)","time":{"start":1762286747015,"stop":1762286755135,"duration":8120}}],"categories":[{"name":"Product defects","matchedStatuses":[]}],"tags":[]},"source":"1d9b0d134ed0bf18.json","parameterValues":[]}