{"uid":"1df6f48abd6c9d7","name":"test_apps_textverify","fullName":"Tests.test_system.test_apps.TestSAppsPage#test_apps_textverify","historyId":"3de62d3f82a347102382573c8b12bef4","time":{"start":1762283674199,"stop":1762283691450,"duration":17251},"status":"broken","statusMessage":"selenium.common.exceptions.TimeoutException: Message: \nStacktrace:\n\tGetHandleVerifier [0x0x7ff761236f65+78965]\n\tGetHandleVerifier [0x0x7ff761236fc0+79056]\n\t(No symbol) [0x0x7ff760fc9dda]\n\t(No symbol) [0x0x7ff7610202ea]\n\t(No symbol) [0x0x7ff76102059c]\n\t(No symbol) [0x0x7ff761073f37]\n\t(No symbol) [0x0x7ff7610486af]\n\t(No symbol) [0x0x7ff761070dbe]\n\t(No symbol) [0x0x7ff761048443]\n\t(No symbol) [0x0x7ff761011311]\n\t(No symbol) [0x0x7ff7610120a3]\n\tGetHandleVerifier [0x0x7ff7614ee26d+2926461]\n\tGetHandleVerifier [0x0x7ff7614e8993+2903715]\n\tGetHandleVerifier [0x0x7ff761506aed+3026941]\n\tGetHandleVerifier [0x0x7ff7612516fe+187406]\n\tGetHandleVerifier [0x0x7ff7612596ef+220159]\n\tGetHandleVerifier [0x0x7ff76123faf4+114692]\n\tGetHandleVerifier [0x0x7ff76123fca9+115129]\n\tGetHandleVerifier [0x0x7ff7612264d8+10728]\n\tBaseThreadInitThunk [0x0x7ff956997374+20]\n\tRtlUserThreadStart [0x0x7ff956c3cc91+33]","statusTrace":"self = <test_system.test_apps.TestSAppsPage object at 0x00000168569F5930>, login_to_apps = <selenium.webdriver.chrome.webdriver.WebDriver (session=\"c760f3874e0c28706b3d71abadb7b496\")>\n\n    @allure.story(\"校验数字文本框成功\")\n    # @pytest.mark.run(order=1)\n    def test_apps_textverify(self, login_to_apps):\n        num = \"111111111111111133331122221111222221111111113333111111144444111111111111111111111111111111111111111111111111\"\n        driver = login_to_apps  # WebDriver 实例\n        apps = AppsPage(driver)  # 用 driver 初始化 ExpressionPage\n        name = \"appstest1\"\n        apps.wait_for_loading_to_disappear()\n        apps.select_input(name)\n        apps.click_button(f'//table[@class=\"vxe-table--body\"]//tr/td[2]//span[text()=\"{name}\"]')\n        apps.click_all_button(\"编辑\")\n        xpath = '//div[@class=\"d-flex\"]/div[label[text()=\"排序\"]]//input'\n        ele = apps.get_find_element_xpath(xpath)\n        ele.send_keys(Keys.CONTROL, \"a\")\n        ele.send_keys(Keys.DELETE)\n        apps.enter_texts('//div[@class=\"d-flex\"]/div[label[text()=\"排序\"]]//input', num)\n        apps.click_save_button()\n>       message = apps.get_find_message()\n\nTests\\test_system\\test_apps.py:352: \n_ _ _ _ _ _ _ _ _ _ _ _ _ _ _ _ _ _ _ _ _ _ _ _ _ _ _ _ _ _ _ _ _ _ _ _ _ _ _ _ _ _ _ _ _ _ _ _ _ _ _ _ _ _ _ _ _ _ _ _ _ _ _ _ _ _ _ _ _ _ _ _ _ _ _ _ _ _ _ _ _ _ _ _ _ _ _ _ _ _ _ _ _ _ _ _ _ _ _ _ _ _ _ _ _ _ _ _ _ _ _ _ _ _ _ _\nPages\\systemPage\\apps_page.py:35: in get_find_message\n    message = WebDriverWait(self.driver, 10).until(\n_ _ _ _ _ _ _ _ _ _ _ _ _ _ _ _ _ _ _ _ _ _ _ _ _ _ _ _ _ _ _ _ _ _ _ _ _ _ _ _ _ _ _ _ _ _ _ _ _ _ _ _ _ _ _ _ _ _ _ _ _ _ _ _ _ _ _ _ _ _ _ _ _ _ _ _ _ _ _ _ _ _ _ _ _ _ _ _ _ _ _ _ _ _ _ _ _ _ _ _ _ _ _ _ _ _ _ _ _ _ _ _ _ _ _ _\n\nself = <selenium.webdriver.support.wait.WebDriverWait (session=\"c760f3874e0c28706b3d71abadb7b496\")>, method = <function visibility_of_element_located.<locals>._predicate at 0x0000016858F6FC70>, message = ''\n\n    def until(self, method: Callable[[D], Union[Literal[False], T]], message: str = \"\") -> T:\n        \"\"\"Wait until the method returns a value that is not False.\n    \n        Calls the method provided with the driver as an argument until the\n        return value does not evaluate to ``False``.\n    \n        Parameters:\n        -----------\n        method: callable(WebDriver)\n            - A callable object that takes a WebDriver instance as an argument.\n    \n        message: str\n            - Optional message for :exc:`TimeoutException`\n    \n        Return:\n        -------\n        object: T\n            - The result of the last call to `method`\n    \n        Raises:\n        -------\n        TimeoutException\n            - If 'method' does not return a truthy value within the WebDriverWait\n            object's timeout\n    \n        Example:\n        --------\n        >>> from selenium.webdriver.common.by import By\n        >>> from selenium.webdriver.support.ui import WebDriverWait\n        >>> from selenium.webdriver.support import expected_conditions as EC\n    \n        # Wait until an element is visible on the page\n        >>> wait = WebDriverWait(driver, 10)\n        >>> element = wait.until(EC.visibility_of_element_located((By.ID, \"exampleId\")))\n        >>> print(element.text)\n        \"\"\"\n        screen = None\n        stacktrace = None\n    \n        end_time = time.monotonic() + self._timeout\n        while True:\n            try:\n                value = method(self._driver)\n                if value:\n                    return value\n            except self._ignored_exceptions as exc:\n                screen = getattr(exc, \"screen\", None)\n                stacktrace = getattr(exc, \"stacktrace\", None)\n            if time.monotonic() > end_time:\n                break\n            time.sleep(self._poll)\n>       raise TimeoutException(message, screen, stacktrace)\nE       selenium.common.exceptions.TimeoutException: Message: \nE       Stacktrace:\nE       \tGetHandleVerifier [0x0x7ff761236f65+78965]\nE       \tGetHandleVerifier [0x0x7ff761236fc0+79056]\nE       \t(No symbol) [0x0x7ff760fc9dda]\nE       \t(No symbol) [0x0x7ff7610202ea]\nE       \t(No symbol) [0x0x7ff76102059c]\nE       \t(No symbol) [0x0x7ff761073f37]\nE       \t(No symbol) [0x0x7ff7610486af]\nE       \t(No symbol) [0x0x7ff761070dbe]\nE       \t(No symbol) [0x0x7ff761048443]\nE       \t(No symbol) [0x0x7ff761011311]\nE       \t(No symbol) [0x0x7ff7610120a3]\nE       \tGetHandleVerifier [0x0x7ff7614ee26d+2926461]\nE       \tGetHandleVerifier [0x0x7ff7614e8993+2903715]\nE       \tGetHandleVerifier [0x0x7ff761506aed+3026941]\nE       \tGetHandleVerifier [0x0x7ff7612516fe+187406]\nE       \tGetHandleVerifier [0x0x7ff7612596ef+220159]\nE       \tGetHandleVerifier [0x0x7ff76123faf4+114692]\nE       \tGetHandleVerifier [0x0x7ff76123fca9+115129]\nE       \tGetHandleVerifier [0x0x7ff7612264d8+10728]\nE       \tBaseThreadInitThunk [0x0x7ff956997374+20]\nE       \tRtlUserThreadStart [0x0x7ff956c3cc91+33]\n\nmyenv\\lib\\site-packages\\selenium\\webdriver\\support\\wait.py:138: TimeoutException","flaky":false,"newFailed":false,"newBroken":false,"newPassed":false,"retriesCount":1,"retriesStatusChange":false,"beforeStages":[{"name":"login_to_apps","time":{"start":1762283660758,"stop":1762283674198,"duration":13440},"status":"passed","steps":[],"attachments":[],"parameters":[],"attachmentsCount":0,"shouldDisplayMessage":false,"hasContent":false,"stepsCount":0,"attachmentStep":false}],"testStage":{"status":"broken","statusMessage":"selenium.common.exceptions.TimeoutException: Message: \nStacktrace:\n\tGetHandleVerifier [0x0x7ff761236f65+78965]\n\tGetHandleVerifier [0x0x7ff761236fc0+79056]\n\t(No symbol) [0x0x7ff760fc9dda]\n\t(No symbol) [0x0x7ff7610202ea]\n\t(No symbol) [0x0x7ff76102059c]\n\t(No symbol) [0x0x7ff761073f37]\n\t(No symbol) [0x0x7ff7610486af]\n\t(No symbol) [0x0x7ff761070dbe]\n\t(No symbol) [0x0x7ff761048443]\n\t(No symbol) [0x0x7ff761011311]\n\t(No symbol) [0x0x7ff7610120a3]\n\tGetHandleVerifier [0x0x7ff7614ee26d+2926461]\n\tGetHandleVerifier [0x0x7ff7614e8993+2903715]\n\tGetHandleVerifier [0x0x7ff761506aed+3026941]\n\tGetHandleVerifier [0x0x7ff7612516fe+187406]\n\tGetHandleVerifier [0x0x7ff7612596ef+220159]\n\tGetHandleVerifier [0x0x7ff76123faf4+114692]\n\tGetHandleVerifier [0x0x7ff76123fca9+115129]\n\tGetHandleVerifier [0x0x7ff7612264d8+10728]\n\tBaseThreadInitThunk [0x0x7ff956997374+20]\n\tRtlUserThreadStart [0x0x7ff956c3cc91+33]","statusTrace":"self = <test_system.test_apps.TestSAppsPage object at 0x00000168569F5930>, login_to_apps = <selenium.webdriver.chrome.webdriver.WebDriver (session=\"c760f3874e0c28706b3d71abadb7b496\")>\n\n    @allure.story(\"校验数字文本框成功\")\n    # @pytest.mark.run(order=1)\n    def test_apps_textverify(self, login_to_apps):\n        num = \"111111111111111133331122221111222221111111113333111111144444111111111111111111111111111111111111111111111111\"\n        driver = login_to_apps  # WebDriver 实例\n        apps = AppsPage(driver)  # 用 driver 初始化 ExpressionPage\n        name = \"appstest1\"\n        apps.wait_for_loading_to_disappear()\n        apps.select_input(name)\n        apps.click_button(f'//table[@class=\"vxe-table--body\"]//tr/td[2]//span[text()=\"{name}\"]')\n        apps.click_all_button(\"编辑\")\n        xpath = '//div[@class=\"d-flex\"]/div[label[text()=\"排序\"]]//input'\n        ele = apps.get_find_element_xpath(xpath)\n        ele.send_keys(Keys.CONTROL, \"a\")\n        ele.send_keys(Keys.DELETE)\n        apps.enter_texts('//div[@class=\"d-flex\"]/div[label[text()=\"排序\"]]//input', num)\n        apps.click_save_button()\n>       message = apps.get_find_message()\n\nTests\\test_system\\test_apps.py:352: \n_ _ _ _ _ _ _ _ _ _ _ _ _ _ _ _ _ _ _ _ _ _ _ _ _ _ _ _ _ _ _ _ _ _ _ _ _ _ _ _ _ _ _ _ _ _ _ _ _ _ _ _ _ _ _ _ _ _ _ _ _ _ _ _ _ _ _ _ _ _ _ _ _ _ _ _ _ _ _ _ _ _ _ _ _ _ _ _ _ _ _ _ _ _ _ _ _ _ _ _ _ _ _ _ _ _ _ _ _ _ _ _ _ _ _ _\nPages\\systemPage\\apps_page.py:35: in get_find_message\n    message = WebDriverWait(self.driver, 10).until(\n_ _ _ _ _ _ _ _ _ _ _ _ _ _ _ _ _ _ _ _ _ _ _ _ _ _ _ _ _ _ _ _ _ _ _ _ _ _ _ _ _ _ _ _ _ _ _ _ _ _ _ _ _ _ _ _ _ _ _ _ _ _ _ _ _ _ _ _ _ _ _ _ _ _ _ _ _ _ _ _ _ _ _ _ _ _ _ _ _ _ _ _ _ _ _ _ _ _ _ _ _ _ _ _ _ _ _ _ _ _ _ _ _ _ _ _\n\nself = <selenium.webdriver.support.wait.WebDriverWait (session=\"c760f3874e0c28706b3d71abadb7b496\")>, method = <function visibility_of_element_located.<locals>._predicate at 0x0000016858F6FC70>, message = ''\n\n    def until(self, method: Callable[[D], Union[Literal[False], T]], message: str = \"\") -> T:\n        \"\"\"Wait until the method returns a value that is not False.\n    \n        Calls the method provided with the driver as an argument until the\n        return value does not evaluate to ``False``.\n    \n        Parameters:\n        -----------\n        method: callable(WebDriver)\n            - A callable object that takes a WebDriver instance as an argument.\n    \n        message: str\n            - Optional message for :exc:`TimeoutException`\n    \n        Return:\n        -------\n        object: T\n            - The result of the last call to `method`\n    \n        Raises:\n        -------\n        TimeoutException\n            - If 'method' does not return a truthy value within the WebDriverWait\n            object's timeout\n    \n        Example:\n        --------\n        >>> from selenium.webdriver.common.by import By\n        >>> from selenium.webdriver.support.ui import WebDriverWait\n        >>> from selenium.webdriver.support import expected_conditions as EC\n    \n        # Wait until an element is visible on the page\n        >>> wait = WebDriverWait(driver, 10)\n        >>> element = wait.until(EC.visibility_of_element_located((By.ID, \"exampleId\")))\n        >>> print(element.text)\n        \"\"\"\n        screen = None\n        stacktrace = None\n    \n        end_time = time.monotonic() + self._timeout\n        while True:\n            try:\n                value = method(self._driver)\n                if value:\n                    return value\n            except self._ignored_exceptions as exc:\n                screen = getattr(exc, \"screen\", None)\n                stacktrace = getattr(exc, \"stacktrace\", None)\n            if time.monotonic() > end_time:\n                break\n            time.sleep(self._poll)\n>       raise TimeoutException(message, screen, stacktrace)\nE       selenium.common.exceptions.TimeoutException: Message: \nE       Stacktrace:\nE       \tGetHandleVerifier [0x0x7ff761236f65+78965]\nE       \tGetHandleVerifier [0x0x7ff761236fc0+79056]\nE       \t(No symbol) [0x0x7ff760fc9dda]\nE       \t(No symbol) [0x0x7ff7610202ea]\nE       \t(No symbol) [0x0x7ff76102059c]\nE       \t(No symbol) [0x0x7ff761073f37]\nE       \t(No symbol) [0x0x7ff7610486af]\nE       \t(No symbol) [0x0x7ff761070dbe]\nE       \t(No symbol) [0x0x7ff761048443]\nE       \t(No symbol) [0x0x7ff761011311]\nE       \t(No symbol) [0x0x7ff7610120a3]\nE       \tGetHandleVerifier [0x0x7ff7614ee26d+2926461]\nE       \tGetHandleVerifier [0x0x7ff7614e8993+2903715]\nE       \tGetHandleVerifier [0x0x7ff761506aed+3026941]\nE       \tGetHandleVerifier [0x0x7ff7612516fe+187406]\nE       \tGetHandleVerifier [0x0x7ff7612596ef+220159]\nE       \tGetHandleVerifier [0x0x7ff76123faf4+114692]\nE       \tGetHandleVerifier [0x0x7ff76123fca9+115129]\nE       \tGetHandleVerifier [0x0x7ff7612264d8+10728]\nE       \tBaseThreadInitThunk [0x0x7ff956997374+20]\nE       \tRtlUserThreadStart [0x0x7ff956c3cc91+33]\n\nmyenv\\lib\\site-packages\\selenium\\webdriver\\support\\wait.py:138: TimeoutException","steps":[],"attachments":[{"uid":"9361eb86b3b8318b","name":"test_apps_textverify_failure","source":"9361eb86b3b8318b.png","type":"image/png","size":106348},{"uid":"6744cde67627c806","name":"test_apps_textverify_source","source":"6744cde67627c806.html","type":"text/html","size":2353153},{"uid":"4999c510c32d2cff","name":"log","source":"4999c510c32d2cff.txt","type":"text/plain","size":3903}],"parameters":[],"attachmentsCount":3,"shouldDisplayMessage":true,"hasContent":true,"stepsCount":0,"attachmentStep":false},"afterStages":[{"name":"login_to_apps::0","time":{"start":1762283691703,"stop":1762283693864,"duration":2161},"status":"passed","steps":[],"attachments":[],"parameters":[],"attachmentsCount":0,"shouldDisplayMessage":false,"hasContent":false,"stepsCount":0,"attachmentStep":false}],"labels":[{"name":"story","value":"校验数字文本框成功"},{"name":"feature","value":"应用管理页用例"},{"name":"parentSuite","value":"Tests.test_system"},{"name":"suite","value":"test_apps"},{"name":"subSuite","value":"TestSAppsPage"},{"name":"host","value":"WIN-20240820MJV"},{"name":"thread","value":"33540-MainThread"},{"name":"framework","value":"pytest"},{"name":"language","value":"cpython3"},{"name":"package","value":"Tests.test_system.test_apps"},{"name":"resultFormat","value":"allure2"}],"parameters":[],"links":[],"hidden":false,"retry":false,"extra":{"severity":"normal","retries":[{"uid":"49a3952f8332bb74","status":"broken","statusDetails":"selenium.common.exceptions.TimeoutException: Message: \nStacktrace:\n\tGetHandleVerifier [0x0x7ff761236f65+78965]\n\tGetHandleVerifier [0x0x7ff761236fc0+79056]\n\t(No symbol) [0x0x7ff760fc9dda]\n\t(No symbol) [0x0x7ff7610202ea]\n\t(No symbol) [0x0x7ff76102059c]\n\t(No symbol) [0x0x7ff761073f37]\n\t(No symbol) [0x0x7ff7610486af]\n\t(No symbol) [0x0x7ff761070dbe]\n\t(No symbol) [0x0x7ff761048443]\n\t(No symbol) [0x0x7ff761011311]\n\t(No symbol) [0x0x7ff7610120a3]\n\tGetHandleVerifier [0x0x7ff7614ee26d+2926461]\n\tGetHandleVerifier [0x0x7ff7614e8993+2903715]\n\tGetHandleVerifier [0x0x7ff761506aed+3026941]\n\tGetHandleVerifier [0x0x7ff7612516fe+187406]\n\tGetHandleVerifier [0x0x7ff7612596ef+220159]\n\tGetHandleVerifier [0x0x7ff76123faf4+114692]\n\tGetHandleVerifier [0x0x7ff76123fca9+115129]\n\tGetHandleVerifier [0x0x7ff7612264d8+10728]\n\tBaseThreadInitThunk [0x0x7ff956997374+20]\n\tRtlUserThreadStart [0x0x7ff956c3cc91+33]","time":{"start":1762283641114,"stop":1762283658372,"duration":17258}}],"categories":[{"name":"Test defects","matchedStatuses":[]}],"tags":[]},"source":"1df6f48abd6c9d7.json","parameterValues":[]}