{"uid":"1eba978e0fd149fb","name":"test_user_verify1","fullName":"Tests.test_system.test_userRole.TestUserRolePage#test_user_verify1","historyId":"c2bb957e1751db30a0c067b81eb528e4","time":{"start":1770237930163,"stop":1770237931589,"duration":1426},"status":"failed","statusMessage":"AssertionError: assert '1w.a_1' == '1wa_1'\n  \n  \u001B[0m\u001B[91m- 1wa_1\u001B[39;49;00m\u001B[90m\u001B[39;49;00m\n  \u001B[92m+ 1w.a_1\u001B[39;49;00m\u001B[90m\u001B[39;49;00m\n  ?   +\u001B[90m\u001B[39;49;00m","statusTrace":"self = <test_system.test_userRole.TestUserRolePage object at 0x0000012CEFC805E0>, login_to_userrole = <selenium.webdriver.chrome.webdriver.WebDriver (session=\"7c1c212bb6528d36736a50dd1c37fc13\")>\n\n    @allure.story(\"校验用户代码文本框，输入其他字符，显示只能包含字母和数字和下划线\")\n    # @pytest.mark.run(order=1)\n    def test_user_verify1(self, login_to_userrole):\n        driver = login_to_userrole  # WebDriver 实例\n        user = UserRolePage(driver)  # 用 driver 初始化 UserRolePage\n        name = '1用户w+.?=-+a_1'\n        list_ = [\n            '//div[label[text()=\"用户代码\"]]//input',\n            '//div[label[text()=\"用户名称\"]]//input'\n        ]\n        user.click_all_button(\"新增\")\n        user.enter_texts(list_[0], name)\n        user.click_button(list_[1])\n        sleep(0.5)\n        ele = user.get_find_element_xpath(list_[0]).get_attribute(\"value\")\n        user.click_all_button(\"取消\")\n>       assert ele == '1wa_1'\nE       AssertionError: assert '1w.a_1' == '1wa_1'\nE         \nE         \u001B[0m\u001B[91m- 1wa_1\u001B[39;49;00m\u001B[90m\u001B[39;49;00m\nE         \u001B[92m+ 1w.a_1\u001B[39;49;00m\u001B[90m\u001B[39;49;00m\nE         ?   +\u001B[90m\u001B[39;49;00m\n\nTests\\test_system\\test_userRole.py:208: AssertionError","flaky":false,"newFailed":false,"newBroken":false,"newPassed":false,"retriesCount":1,"retriesStatusChange":false,"beforeStages":[{"name":"login_to_userrole","time":{"start":1770237865258,"stop":1770237877924,"duration":12666},"status":"passed","steps":[],"attachments":[],"parameters":[],"hasContent":false,"stepsCount":0,"attachmentStep":false,"shouldDisplayMessage":false,"attachmentsCount":0}],"testStage":{"status":"failed","statusMessage":"AssertionError: assert '1w.a_1' == '1wa_1'\n  \n  \u001B[0m\u001B[91m- 1wa_1\u001B[39;49;00m\u001B[90m\u001B[39;49;00m\n  \u001B[92m+ 1w.a_1\u001B[39;49;00m\u001B[90m\u001B[39;49;00m\n  ?   +\u001B[90m\u001B[39;49;00m","statusTrace":"self = <test_system.test_userRole.TestUserRolePage object at 0x0000012CEFC805E0>, login_to_userrole = <selenium.webdriver.chrome.webdriver.WebDriver (session=\"7c1c212bb6528d36736a50dd1c37fc13\")>\n\n    @allure.story(\"校验用户代码文本框，输入其他字符，显示只能包含字母和数字和下划线\")\n    # @pytest.mark.run(order=1)\n    def test_user_verify1(self, login_to_userrole):\n        driver = login_to_userrole  # WebDriver 实例\n        user = UserRolePage(driver)  # 用 driver 初始化 UserRolePage\n        name = '1用户w+.?=-+a_1'\n        list_ = [\n            '//div[label[text()=\"用户代码\"]]//input',\n            '//div[label[text()=\"用户名称\"]]//input'\n        ]\n        user.click_all_button(\"新增\")\n        user.enter_texts(list_[0], name)\n        user.click_button(list_[1])\n        sleep(0.5)\n        ele = user.get_find_element_xpath(list_[0]).get_attribute(\"value\")\n        user.click_all_button(\"取消\")\n>       assert ele == '1wa_1'\nE       AssertionError: assert '1w.a_1' == '1wa_1'\nE         \nE         \u001B[0m\u001B[91m- 1wa_1\u001B[39;49;00m\u001B[90m\u001B[39;49;00m\nE         \u001B[92m+ 1w.a_1\u001B[39;49;00m\u001B[90m\u001B[39;49;00m\nE         ?   +\u001B[90m\u001B[39;49;00m\n\nTests\\test_system\\test_userRole.py:208: AssertionError","steps":[],"attachments":[{"uid":"1cd7009081351640","name":"test_user_verify1_20260205_044531","source":"1cd7009081351640.png","type":"image/png","size":172750},{"uid":"7bdb2305ed824dfc","name":"log","source":"7bdb2305ed824dfc.txt","type":"text/plain","size":1543}],"parameters":[],"hasContent":true,"stepsCount":0,"attachmentStep":false,"shouldDisplayMessage":true,"attachmentsCount":2},"afterStages":[{"name":"login_to_userrole::0","time":{"start":1770238582917,"stop":1770238585130,"duration":2213},"status":"passed","steps":[],"attachments":[],"parameters":[],"hasContent":false,"stepsCount":0,"attachmentStep":false,"shouldDisplayMessage":false,"attachmentsCount":0}],"labels":[{"name":"feature","value":"用户权限管理页用例"},{"name":"story","value":"校验用户代码文本框，输入其他字符，显示只能包含字母和数字和下划线"},{"name":"parentSuite","value":"Tests.test_system"},{"name":"suite","value":"test_userRole"},{"name":"subSuite","value":"TestUserRolePage"},{"name":"host","value":"WIN-20240820MJV"},{"name":"thread","value":"39344-MainThread"},{"name":"framework","value":"pytest"},{"name":"language","value":"cpython3"},{"name":"package","value":"Tests.test_system.test_userRole"},{"name":"resultFormat","value":"allure2"}],"parameters":[],"links":[],"hidden":false,"retry":false,"extra":{"severity":"normal","retries":[{"uid":"7028fedffe213587","status":"failed","statusDetails":"AssertionError: assert '1w.a_1' == '1wa_1'\n  \n  \u001B[0m\u001B[91m- 1wa_1\u001B[39;49;00m\u001B[90m\u001B[39;49;00m\n  \u001B[92m+ 1w.a_1\u001B[39;49;00m\u001B[90m\u001B[39;49;00m\n  ?   +\u001B[90m\u001B[39;49;00m","time":{"start":1770237928605,"stop":1770237930028,"duration":1423}}],"categories":[{"name":"Product defects","matchedStatuses":[]}],"tags":[]},"source":"1eba978e0fd149fb.json","parameterValues":[]}