{"uid":"1fcb0bf7456c96ce","name":"test_interfaceexecution_select4","fullName":"Tests.test_system.test_interfaceexecution.TestsInterfaceExecutionPage#test_interfaceexecution_select4","historyId":"baa68656d29c236043acdc53444fb186","time":{"start":1763422758762,"stop":1763422766931,"duration":8169},"status":"failed","statusMessage":"AssertionError: assert False\n +  where False = all(<generator object TestsInterfaceExecutionPage.test_interfaceexecution_select4.<locals>.<genexpr> at 0x000001961E775000>)","statusTrace":"self = <test_system.test_interfaceexecution.TestsInterfaceExecutionPage object at 0x000001961BE7E710>, login_to_interfaceexecution = <selenium.webdriver.chrome.webdriver.WebDriver (session=\"733937b1836138009e27074432858410\")>\n\n    @allure.story(\"过滤条件查询，设置符合结尾查询成功\")\n    # @pytest.mark.run(order=1)\n    def test_interfaceexecution_select4(self, login_to_interfaceexecution):\n        driver = login_to_interfaceexecution  # WebDriver 实例\n        interface = ImpPage(driver)  # 用 driver 初始化 ImpPage\n        interface.wait_for_el_loading_mask()\n        name = \"2\"\n        interface.click_button('//div[p[text()=\"接口名称\"]]/following-sibling::div//i')\n        interface.hover(\"符合结尾\")\n        sleep(1)\n        interface.select_input(name)\n        sleep(1)\n        eles = interface.finds_elements(By.XPATH, '//table[@class=\"vxe-table--body\"]//tr//td[3]')\n        sleep(1)\n        list_ = [ele.text for ele in eles]\n>       assert all(str(item).endswith(name) for item in list_)\nE       assert False\nE        +  where False = all(<generator object TestsInterfaceExecutionPage.test_interfaceexecution_select4.<locals>.<genexpr> at 0x000001961E775000>)\n\nTests\\test_system\\test_interfaceexecution.py:214: AssertionError","flaky":false,"newFailed":false,"newBroken":false,"newPassed":false,"retriesCount":1,"retriesStatusChange":false,"beforeStages":[{"name":"login_to_interfaceexecution","time":{"start":1763422746604,"stop":1763422758762,"duration":12158},"status":"passed","steps":[],"attachments":[],"parameters":[],"hasContent":false,"stepsCount":0,"attachmentStep":false,"attachmentsCount":0,"shouldDisplayMessage":false}],"testStage":{"status":"failed","statusMessage":"AssertionError: assert False\n +  where False = all(<generator object TestsInterfaceExecutionPage.test_interfaceexecution_select4.<locals>.<genexpr> at 0x000001961E775000>)","statusTrace":"self = <test_system.test_interfaceexecution.TestsInterfaceExecutionPage object at 0x000001961BE7E710>, login_to_interfaceexecution = <selenium.webdriver.chrome.webdriver.WebDriver (session=\"733937b1836138009e27074432858410\")>\n\n    @allure.story(\"过滤条件查询，设置符合结尾查询成功\")\n    # @pytest.mark.run(order=1)\n    def test_interfaceexecution_select4(self, login_to_interfaceexecution):\n        driver = login_to_interfaceexecution  # WebDriver 实例\n        interface = ImpPage(driver)  # 用 driver 初始化 ImpPage\n        interface.wait_for_el_loading_mask()\n        name = \"2\"\n        interface.click_button('//div[p[text()=\"接口名称\"]]/following-sibling::div//i')\n        interface.hover(\"符合结尾\")\n        sleep(1)\n        interface.select_input(name)\n        sleep(1)\n        eles = interface.finds_elements(By.XPATH, '//table[@class=\"vxe-table--body\"]//tr//td[3]')\n        sleep(1)\n        list_ = [ele.text for ele in eles]\n>       assert all(str(item).endswith(name) for item in list_)\nE       assert False\nE        +  where False = all(<generator object TestsInterfaceExecutionPage.test_interfaceexecution_select4.<locals>.<genexpr> at 0x000001961E775000>)\n\nTests\\test_system\\test_interfaceexecution.py:214: AssertionError","steps":[],"attachments":[{"uid":"22c313ae52a4e748","name":"test_interfaceexecution_select4_failure","source":"22c313ae52a4e748.png","type":"image/png","size":60131},{"uid":"1ff9d3866bc30f40","name":"test_interfaceexecution_select4_source","source":"1ff9d3866bc30f40.html","type":"text/html","size":1106579},{"uid":"c55de44d8be90c5d","name":"log","source":"c55de44d8be90c5d.txt","type":"text/plain","size":3283}],"parameters":[],"hasContent":true,"stepsCount":0,"attachmentStep":false,"attachmentsCount":3,"shouldDisplayMessage":true},"afterStages":[{"name":"login_to_interfaceexecution::0","time":{"start":1763422767072,"stop":1763422769217,"duration":2145},"status":"passed","steps":[],"attachments":[],"parameters":[],"hasContent":false,"stepsCount":0,"attachmentStep":false,"attachmentsCount":0,"shouldDisplayMessage":false}],"labels":[{"name":"feature","value":"接口执行页用例"},{"name":"story","value":"过滤条件查询，设置符合结尾查询成功"},{"name":"parentSuite","value":"Tests.test_system"},{"name":"suite","value":"test_interfaceexecution"},{"name":"subSuite","value":"TestsInterfaceExecutionPage"},{"name":"host","value":"WIN-20240820MJV"},{"name":"thread","value":"24860-MainThread"},{"name":"framework","value":"pytest"},{"name":"language","value":"cpython3"},{"name":"package","value":"Tests.test_system.test_interfaceexecution"},{"name":"resultFormat","value":"allure2"}],"parameters":[],"links":[],"hidden":false,"retry":false,"extra":{"severity":"normal","retries":[{"uid":"e8877c72df510c49","status":"failed","statusDetails":"AssertionError: assert False\n +  where False = all(<generator object TestsInterfaceExecutionPage.test_interfaceexecution_select4.<locals>.<genexpr> at 0x000001961E73C900>)","time":{"start":1763422736144,"stop":1763422744288,"duration":8144}}],"categories":[{"name":"Product defects","matchedStatuses":[]}],"tags":[]},"source":"1fcb0bf7456c96ce.json","parameterValues":[]}