{"uid":"2204987819d28e83","name":"test_resourcegroup_textverify","fullName":"Tests.test_items.test_resourcegroup.TestResourceGroupPage#test_resourcegroup_textverify","historyId":"ceb3726d14340653dda0e4a6a1081dbd","time":{"start":1762172817179,"stop":1762172831192,"duration":14013},"status":"failed","statusMessage":"AssertionError: 预期数据是111111111111111133331122221111222221111111113333111111144444111111111111111111111111111111111111111111111111，实际得到111111111111111133331122221111222221111111113333111111144444111111111111111111111111111111111111111111111111\nassert ('111111111111...1111111111111' == '111111111111...1111111111111'\n  \n  \u001B[0m\u001B[90m \u001B[39;49;00m 111111111111111133331122221111222221111111113333111111144444111111111111111111111111111111111111111111111111\u001B[90m\u001B[39;49;00m and '9999999999' == '99999999999'\n  \n  \u001B[0m\u001B[91m- 99999999999\u001B[39;49;00m\u001B[90m\u001B[39;49;00m\n  ?           -\u001B[90m\u001B[39;49;00m\n  \u001B[92m+ 9999999999\u001B[39;49;00m\u001B[90m\u001B[39;49;00m)","statusTrace":"self = <test_items.test_resourcegroup.TestResourceGroupPage object at 0x0000024A9DDB19C0>, login_to_resourcegroup = <selenium.webdriver.chrome.webdriver.WebDriver (session=\"0988e05ee3e9e6fefbdb512101e293ee\")>\n\n    @allure.story(\"校验数字文本框和文本框成功\")\n    # @pytest.mark.run(order=1)\n    def test_resourcegroup_textverify(self, login_to_resourcegroup):\n        driver = login_to_resourcegroup  # WebDriver 实例\n        resource = ResourcePage(driver)  # 用 driver 初始化 resourcePage\n        name = \"111111111111111133331122221111222221111111113333111111144444111111111111111111111111111111111111111111111111\"\n        resource.add_test_data(name)\n        resource.enter_texts('(//label[text()=\"显示顺序\"])[1]/parent::div//input', name)\n        # 点击确定\n        resource.click_button(\n            '//div[@class=\"vxe-modal--footer\"]//span[text()=\"确定\"]')\n        sleep(1)\n        adddata = resource.get_find_element_xpath(\n            f'(//span[text()=\"{name}\"])[1]/ancestor::tr[1]/td[2]'\n        ).text\n        num_ = resource.get_find_element_xpath(\n            f'(//span[text()=\"{name}\"])[1]/ancestor::tr[1]/td[9]'\n        ).text\n>       assert adddata == name and num_ == '99999999999', f\"预期数据是{name}，实际得到{adddata}\"\nE       AssertionError: 预期数据是111111111111111133331122221111222221111111113333111111144444111111111111111111111111111111111111111111111111，实际得到111111111111111133331122221111222221111111113333111111144444111111111111111111111111111111111111111111111111\nE       assert ('111111111111...1111111111111' == '111111111111...1111111111111'\nE         \nE         \u001B[0m\u001B[90m \u001B[39;49;00m 111111111111111133331122221111222221111111113333111111144444111111111111111111111111111111111111111111111111\u001B[90m\u001B[39;49;00m and '9999999999' == '99999999999'\nE         \nE         \u001B[0m\u001B[91m- 99999999999\u001B[39;49;00m\u001B[90m\u001B[39;49;00m\nE         ?           -\u001B[90m\u001B[39;49;00m\nE         \u001B[92m+ 9999999999\u001B[39;49;00m\u001B[90m\u001B[39;49;00m)\n\nTests\\test_items\\test_resourcegroup.py:237: AssertionError","flaky":false,"newFailed":false,"newBroken":false,"newPassed":false,"retriesCount":0,"retriesStatusChange":false,"beforeStages":[{"name":"login_to_resourcegroup","time":{"start":1762172806984,"stop":1762172817178,"duration":10194},"status":"passed","steps":[],"attachments":[],"parameters":[],"hasContent":false,"attachmentStep":false,"stepsCount":0,"attachmentsCount":0,"shouldDisplayMessage":false}],"testStage":{"status":"failed","statusMessage":"AssertionError: 预期数据是111111111111111133331122221111222221111111113333111111144444111111111111111111111111111111111111111111111111，实际得到111111111111111133331122221111222221111111113333111111144444111111111111111111111111111111111111111111111111\nassert ('111111111111...1111111111111' == '111111111111...1111111111111'\n  \n  \u001B[0m\u001B[90m \u001B[39;49;00m 111111111111111133331122221111222221111111113333111111144444111111111111111111111111111111111111111111111111\u001B[90m\u001B[39;49;00m and '9999999999' == '99999999999'\n  \n  \u001B[0m\u001B[91m- 99999999999\u001B[39;49;00m\u001B[90m\u001B[39;49;00m\n  ?           -\u001B[90m\u001B[39;49;00m\n  \u001B[92m+ 9999999999\u001B[39;49;00m\u001B[90m\u001B[39;49;00m)","statusTrace":"self = <test_items.test_resourcegroup.TestResourceGroupPage object at 0x0000024A9DDB19C0>, login_to_resourcegroup = <selenium.webdriver.chrome.webdriver.WebDriver (session=\"0988e05ee3e9e6fefbdb512101e293ee\")>\n\n    @allure.story(\"校验数字文本框和文本框成功\")\n    # @pytest.mark.run(order=1)\n    def test_resourcegroup_textverify(self, login_to_resourcegroup):\n        driver = login_to_resourcegroup  # WebDriver 实例\n        resource = ResourcePage(driver)  # 用 driver 初始化 resourcePage\n        name = \"111111111111111133331122221111222221111111113333111111144444111111111111111111111111111111111111111111111111\"\n        resource.add_test_data(name)\n        resource.enter_texts('(//label[text()=\"显示顺序\"])[1]/parent::div//input', name)\n        # 点击确定\n        resource.click_button(\n            '//div[@class=\"vxe-modal--footer\"]//span[text()=\"确定\"]')\n        sleep(1)\n        adddata = resource.get_find_element_xpath(\n            f'(//span[text()=\"{name}\"])[1]/ancestor::tr[1]/td[2]'\n        ).text\n        num_ = resource.get_find_element_xpath(\n            f'(//span[text()=\"{name}\"])[1]/ancestor::tr[1]/td[9]'\n        ).text\n>       assert adddata == name and num_ == '99999999999', f\"预期数据是{name}，实际得到{adddata}\"\nE       AssertionError: 预期数据是111111111111111133331122221111222221111111113333111111144444111111111111111111111111111111111111111111111111，实际得到111111111111111133331122221111222221111111113333111111144444111111111111111111111111111111111111111111111111\nE       assert ('111111111111...1111111111111' == '111111111111...1111111111111'\nE         \nE         \u001B[0m\u001B[90m \u001B[39;49;00m 111111111111111133331122221111222221111111113333111111144444111111111111111111111111111111111111111111111111\u001B[90m\u001B[39;49;00m and '9999999999' == '99999999999'\nE         \nE         \u001B[0m\u001B[91m- 99999999999\u001B[39;49;00m\u001B[90m\u001B[39;49;00m\nE         ?           -\u001B[90m\u001B[39;49;00m\nE         \u001B[92m+ 9999999999\u001B[39;49;00m\u001B[90m\u001B[39;49;00m)\n\nTests\\test_items\\test_resourcegroup.py:237: AssertionError","steps":[],"attachments":[{"uid":"a4131646fe8b2178","name":"test_resourcegroup_textverify_failure","source":"a4131646fe8b2178.png","type":"image/png","size":80282},{"uid":"cdd75a80d4477be5","name":"test_resourcegroup_textverify_source","source":"cdd75a80d4477be5.html","type":"text/html","size":1452194},{"uid":"85bf61d194486deb","name":"log","source":"85bf61d194486deb.txt","type":"text/plain","size":1881}],"parameters":[],"hasContent":true,"attachmentStep":false,"stepsCount":0,"attachmentsCount":3,"shouldDisplayMessage":true},"afterStages":[{"name":"login_to_resourcegroup::0","time":{"start":1762172831379,"stop":1762172833551,"duration":2172},"status":"passed","steps":[],"attachments":[],"parameters":[],"hasContent":false,"attachmentStep":false,"stepsCount":0,"attachmentsCount":0,"shouldDisplayMessage":false}],"labels":[{"name":"feature","value":"资源组表测试用例"},{"name":"story","value":"校验数字文本框和文本框成功"},{"name":"parentSuite","value":"Tests.test_items"},{"name":"suite","value":"test_resourcegroup"},{"name":"subSuite","value":"TestResourceGroupPage"},{"name":"host","value":"WIN-20240820MJV"},{"name":"thread","value":"22376-MainThread"},{"name":"framework","value":"pytest"},{"name":"language","value":"cpython3"},{"name":"package","value":"Tests.test_items.test_resourcegroup"},{"name":"resultFormat","value":"allure2"}],"parameters":[],"links":[],"hidden":true,"retry":true,"extra":{"categories":[],"tags":[]},"source":"2204987819d28e83.json","parameterValues":[]}