{"uid":"234162cf8e6093b6","name":"test_button_updatesuccess1","fullName":"Tests.test_system.test_button.TestSButtonPage#test_button_updatesuccess1","historyId":"22dc55de6fbad67b1863cab24ba06114","time":{"start":1763073540893,"stop":1763073550620,"duration":9727},"status":"failed","statusMessage":"AssertionError: assert 'Abutton1' == 'Abutton2'\n  \n  \u001B[0m\u001B[91m- Abutton2\u001B[39;49;00m\u001B[90m\u001B[39;49;00m\n  ?        ^\u001B[90m\u001B[39;49;00m\n  \u001B[92m+ Abutton1\u001B[39;49;00m\u001B[90m\u001B[39;49;00m\n  ?        ^\u001B[90m\u001B[39;49;00m","statusTrace":"self = <test_system.test_button.TestSButtonPage object at 0x0000025DC5324100>, login_to_button = <selenium.webdriver.chrome.webdriver.WebDriver (session=\"065ed9969ff8101c5c700184999dbedb\")>\n\n    @allure.story(\"修改按钮代码成功\")\n    # @pytest.mark.run(order=1)\n    def test_button_updatesuccess1(self, login_to_button):\n        driver = login_to_button  # WebDriver 实例\n        button = ExpressionPage(driver)  # 用 driver 初始化 ExpressionPage\n        add = AddsPages(driver)\n        before_name = 'Abutton1'\n        after_name = 'Abutton2'\n        button.wait_for_loading_to_disappear()\n        button.select_input_button(before_name)\n        sleep(1)\n        button.click_button('//table[@class=\"vxe-table--body\"]//tr[1]/td[2]')\n        button.click_all_button(\"编辑\")\n        xpath_list = [\n            '//div[label[text()=\"按钮代码\"]]//input',\n            '//div[label[text()=\"按钮名称\"]]//input',\n            '//div[label[text()=\"图标\"]]//i[contains(@class,\"ivu-ico\")]',\n            '(//div[@class=\"flex-wrap\"])[2]/div[1]',\n        ]\n        add.batch_modify_input(xpath_list[:1], after_name)\n        button.click_confirm()\n        message = button.get_find_message()\n        button.select_input_button(after_name)\n        eles2 = button.get_find_element_xpath('//table[@class=\"vxe-table--body\"]//tr[1]/td[2]').text\n>       assert eles2 == after_name\nE       AssertionError: assert 'Abutton1' == 'Abutton2'\nE         \nE         \u001B[0m\u001B[91m- Abutton2\u001B[39;49;00m\u001B[90m\u001B[39;49;00m\nE         ?        ^\u001B[90m\u001B[39;49;00m\nE         \u001B[92m+ Abutton1\u001B[39;49;00m\u001B[90m\u001B[39;49;00m\nE         ?        ^\u001B[90m\u001B[39;49;00m\n\nTests\\test_system\\test_button.py:196: AssertionError","flaky":false,"newFailed":false,"newBroken":false,"newPassed":false,"retriesCount":1,"retriesStatusChange":false,"beforeStages":[{"name":"login_to_button","time":{"start":1763073529700,"stop":1763073540892,"duration":11192},"status":"passed","steps":[],"attachments":[],"parameters":[],"attachmentsCount":0,"shouldDisplayMessage":false,"stepsCount":0,"attachmentStep":false,"hasContent":false}],"testStage":{"status":"failed","statusMessage":"AssertionError: assert 'Abutton1' == 'Abutton2'\n  \n  \u001B[0m\u001B[91m- Abutton2\u001B[39;49;00m\u001B[90m\u001B[39;49;00m\n  ?        ^\u001B[90m\u001B[39;49;00m\n  \u001B[92m+ Abutton1\u001B[39;49;00m\u001B[90m\u001B[39;49;00m\n  ?        ^\u001B[90m\u001B[39;49;00m","statusTrace":"self = <test_system.test_button.TestSButtonPage object at 0x0000025DC5324100>, login_to_button = <selenium.webdriver.chrome.webdriver.WebDriver (session=\"065ed9969ff8101c5c700184999dbedb\")>\n\n    @allure.story(\"修改按钮代码成功\")\n    # @pytest.mark.run(order=1)\n    def test_button_updatesuccess1(self, login_to_button):\n        driver = login_to_button  # WebDriver 实例\n        button = ExpressionPage(driver)  # 用 driver 初始化 ExpressionPage\n        add = AddsPages(driver)\n        before_name = 'Abutton1'\n        after_name = 'Abutton2'\n        button.wait_for_loading_to_disappear()\n        button.select_input_button(before_name)\n        sleep(1)\n        button.click_button('//table[@class=\"vxe-table--body\"]//tr[1]/td[2]')\n        button.click_all_button(\"编辑\")\n        xpath_list = [\n            '//div[label[text()=\"按钮代码\"]]//input',\n            '//div[label[text()=\"按钮名称\"]]//input',\n            '//div[label[text()=\"图标\"]]//i[contains(@class,\"ivu-ico\")]',\n            '(//div[@class=\"flex-wrap\"])[2]/div[1]',\n        ]\n        add.batch_modify_input(xpath_list[:1], after_name)\n        button.click_confirm()\n        message = button.get_find_message()\n        button.select_input_button(after_name)\n        eles2 = button.get_find_element_xpath('//table[@class=\"vxe-table--body\"]//tr[1]/td[2]').text\n>       assert eles2 == after_name\nE       AssertionError: assert 'Abutton1' == 'Abutton2'\nE         \nE         \u001B[0m\u001B[91m- Abutton2\u001B[39;49;00m\u001B[90m\u001B[39;49;00m\nE         ?        ^\u001B[90m\u001B[39;49;00m\nE         \u001B[92m+ Abutton1\u001B[39;49;00m\u001B[90m\u001B[39;49;00m\nE         ?        ^\u001B[90m\u001B[39;49;00m\n\nTests\\test_system\\test_button.py:196: AssertionError","steps":[],"attachments":[{"uid":"7b5fb1b02238017c","name":"test_button_updatesuccess1_failure","source":"7b5fb1b02238017c.png","type":"image/png","size":130183},{"uid":"ac2b0225cb8fccde","name":"test_button_updatesuccess1_source","source":"ac2b0225cb8fccde.html","type":"text/html","size":1269676},{"uid":"b5bf2cc4dbbe4fcb","name":"log","source":"b5bf2cc4dbbe4fcb.txt","type":"text/plain","size":6619}],"parameters":[],"attachmentsCount":3,"shouldDisplayMessage":true,"stepsCount":0,"attachmentStep":false,"hasContent":true},"afterStages":[{"name":"login_to_button::0","time":{"start":1763073550822,"stop":1763073553015,"duration":2193},"status":"passed","steps":[],"attachments":[],"parameters":[],"attachmentsCount":0,"shouldDisplayMessage":false,"stepsCount":0,"attachmentStep":false,"hasContent":false}],"labels":[{"name":"story","value":"修改按钮代码成功"},{"name":"feature","value":"工具栏按钮管理页用例"},{"name":"parentSuite","value":"Tests.test_system"},{"name":"suite","value":"test_button"},{"name":"subSuite","value":"TestSButtonPage"},{"name":"host","value":"WIN-20240820MJV"},{"name":"thread","value":"22584-MainThread"},{"name":"framework","value":"pytest"},{"name":"language","value":"cpython3"},{"name":"package","value":"Tests.test_system.test_button"},{"name":"resultFormat","value":"allure2"}],"parameters":[],"links":[],"hidden":false,"retry":false,"extra":{"severity":"normal","retries":[{"uid":"1cc0ed3348792776","status":"failed","statusDetails":"AssertionError: assert 'Abutton1' == 'Abutton2'\n  \n  \u001B[0m\u001B[91m- Abutton2\u001B[39;49;00m\u001B[90m\u001B[39;49;00m\n  ?        ^\u001B[90m\u001B[39;49;00m\n  \u001B[92m+ Abutton1\u001B[39;49;00m\u001B[90m\u001B[39;49;00m\n  ?        ^\u001B[90m\u001B[39;49;00m","time":{"start":1763073517594,"stop":1763073527356,"duration":9762}}],"categories":[{"name":"Product defects","matchedStatuses":[]}],"tags":[]},"source":"234162cf8e6093b6.json","parameterValues":[]}