{"uid":"23b255113dd9dce4","name":"test_synchronize_delall","fullName":"Tests.test_system.test_synchronize.TestSynchronizePage#test_synchronize_delall","historyId":"8d80295131986b7fca16298894b234f6","time":{"start":1769805312115,"stop":1769805371984,"duration":59869},"status":"broken","statusMessage":"selenium.common.exceptions.TimeoutException: Message: 点击失败，找不到元素：xpath = //label[text()=\"排产方案(订单级)同步1\"]","statusTrace":"self = <Pages.itemsPage.sched_page.SchedPage object at 0x000001F73DF62BC0>, by_or_element = 'xpath', value = '//label[text()=\"排产方案(订单级)同步1\"]', wait_time = 10, retries = 2\n\n    def click(self, by_or_element, value=None, wait_time=10, retries=2):\n        \"\"\"\n        更稳健的点击方法：支持定位符或 WebElement，自动处理 stale 元素、点击拦截等问题。\n        \"\"\"\n        for attempt in range(retries):\n            try:\n                if value is not None:\n                    by = by_or_element\n                    logging.info(f\"点击元素：By = {by}, Value = {value}\")\n>                   element = WebDriverWait(self.driver, wait_time).until(\n                        EC.element_to_be_clickable((by, value))\n                    )\n\nPages\\base_page.py:49: \n_ _ _ _ _ _ _ _ _ _ _ _ _ _ _ _ _ _ _ _ _ _ _ _ _ _ _ _ _ _ _ _ _ _ _ _ _ _ _ _ _ _ _ _ _ _ _ _ _ _ _ _ _ _ _ _ _ _ _ _ _ _ _ _ _ _ _ _ _ _ _ _ _ _ _ _ _ _ _ _ _ _ _ _ _ _ _ _ _ _ _ _ _ _ _ _ _ _ _ _ _ _ _ _ _ _ _ _ _ _ _ _ _ _ _ _\n\nself = <selenium.webdriver.support.wait.WebDriverWait (session=\"22063dba8c45f4911b86cc8f669d7cc5\")>, method = <function element_to_be_clickable.<locals>._predicate at 0x000001F7401A9990>, message = ''\n\n    def until(self, method: Callable[[D], Union[Literal[False], T]], message: str = \"\") -> T:\n        \"\"\"Wait until the method returns a value that is not False.\n    \n        Calls the method provided with the driver as an argument until the\n        return value does not evaluate to ``False``.\n    \n        Parameters:\n        -----------\n        method: callable(WebDriver)\n            - A callable object that takes a WebDriver instance as an argument.\n    \n        message: str\n            - Optional message for :exc:`TimeoutException`\n    \n        Return:\n        -------\n        object: T\n            - The result of the last call to `method`\n    \n        Raises:\n        -------\n        TimeoutException\n            - If 'method' does not return a truthy value within the WebDriverWait\n            object's timeout\n    \n        Example:\n        --------\n        >>> from selenium.webdriver.common.by import By\n        >>> from selenium.webdriver.support.ui import WebDriverWait\n        >>> from selenium.webdriver.support import expected_conditions as EC\n    \n        # Wait until an element is visible on the page\n        >>> wait = WebDriverWait(driver, 10)\n        >>> element = wait.until(EC.visibility_of_element_located((By.ID, \"exampleId\")))\n        >>> print(element.text)\n        \"\"\"\n        screen = None\n        stacktrace = None\n    \n        end_time = time.monotonic() + self._timeout\n        while True:\n            try:\n                value = method(self._driver)\n                if value:\n                    return value\n            except self._ignored_exceptions as exc:\n                screen = getattr(exc, \"screen\", None)\n                stacktrace = getattr(exc, \"stacktrace\", None)\n            if time.monotonic() > end_time:\n                break\n            time.sleep(self._poll)\n>       raise TimeoutException(message, screen, stacktrace)\nE       selenium.common.exceptions.TimeoutException: Message: \nE       Stacktrace:\nE       \tGetHandleVerifier [0x0x7ff6634d6f65+78965]\nE       \tGetHandleVerifier [0x0x7ff6634d6fc0+79056]\nE       \t(No symbol) [0x0x7ff663269dda]\nE       \t(No symbol) [0x0x7ff6632c02ea]\nE       \t(No symbol) [0x0x7ff6632c059c]\nE       \t(No symbol) [0x0x7ff663313f37]\nE       \t(No symbol) [0x0x7ff6632e86af]\nE       \t(No symbol) [0x0x7ff663310dbe]\nE       \t(No symbol) [0x0x7ff6632e8443]\nE       \t(No symbol) [0x0x7ff6632b1311]\nE       \t(No symbol) [0x0x7ff6632b20a3]\nE       \tGetHandleVerifier [0x0x7ff66378e26d+2926461]\nE       \tGetHandleVerifier [0x0x7ff663788993+2903715]\nE       \tGetHandleVerifier [0x0x7ff6637a6aed+3026941]\nE       \tGetHandleVerifier [0x0x7ff6634f16fe+187406]\nE       \tGetHandleVerifier [0x0x7ff6634f96ef+220159]\nE       \tGetHandleVerifier [0x0x7ff6634dfaf4+114692]\nE       \tGetHandleVerifier [0x0x7ff6634dfca9+115129]\nE       \tGetHandleVerifier [0x0x7ff6634c64d8+10728]\nE       \tBaseThreadInitThunk [0x0x7ffa14ef7374+20]\nE       \tRtlUserThreadStart [0x0x7ffa16b1cc91+33]\n\nmyenv\\lib\\site-packages\\selenium\\webdriver\\support\\wait.py:138: TimeoutException\n\nDuring handling of the above exception, another exception occurred:\n\nself = <test_system.test_synchronize.TestSynchronizePage object at 0x000001F73DE73D30>, login_to_synchronize = <selenium.webdriver.chrome.webdriver.WebDriver (session=\"22063dba8c45f4911b86cc8f669d7cc5\")>\n\n    @allure.story(\"删除psi，计划方案，导入设置，计划单元所有数据成功\")\n    # @pytest.mark.run(order=1)\n    def test_synchronize_delall(self, login_to_synchronize):\n        driver = login_to_synchronize  # WebDriver 实例\n        synchronize = SynchronizePage(driver)  # 用 driver 初始化 SynchronizePage\n    \n        psi = PsiPage(driver)  # 用 driver 初始化 PsiPage\n        imp = ImpPage(driver)\n        sched = SchedPage(driver)\n        unit = PlanUnitPage(driver)\n        role = RolePage(driver)\n        user = UserRolePage(driver)\n        username = DateDriver().username\n        synchronize.click_button('(//span[text()=\"PSI设置\"])[1]')\n        sleep(1)\n        psi_name = [\"1测试psi1\", \"1测试psi2\", \"1测试psi3\"]\n        psi.del_all(psi_name, '//p[text()=\"PSI名称\"]/ancestor::div[2]//input')\n        for v in psi_name:\n            eles = synchronize.finds_elements(By.XPATH, f'//table[@class=\"vxe-table--body\"]//tr/td[2]//span[text()=\"{v}\"]')\n            assert len(eles) == 0, f\"未删除{v}\"\n    \n        plan_list =[\"计划运行\", \"方案管理\", \"计划方案管理\"]\n        for v in plan_list:\n            synchronize.click_button(f'(//span[text()=\"{v}\"])[1]')\n        plan_name = [\n            \"排产方案(订单级)同步1\",\n            \"排产方案(订单级)同步2\",\n            \"排产方案(订单级)同步3\",\n        ]\n>       sched.del_all_sched(plan_name)\n\nTests\\test_system\\test_synchronize.py:895: \n_ _ _ _ _ _ _ _ _ _ _ _ _ _ _ _ _ _ _ _ _ _ _ _ _ _ _ _ _ _ _ _ _ _ _ _ _ _ _ _ _ _ _ _ _ _ _ _ _ _ _ _ _ _ _ _ _ _ _ _ _ _ _ _ _ _ _ _ _ _ _ _ _ _ _ _ _ _ _ _ _ _ _ _ _ _ _ _ _ _ _ _ _ _ _ _ _ _ _ _ _ _ _ _ _ _ _ _ _ _ _ _ _ _ _ _\nPages\\itemsPage\\sched_page.py:176: in del_all_sched\n    self.click_button(f'//label[text()=\"{v}\"]')\nPages\\itemsPage\\sched_page.py:81: in click_button\n    self.click(By.XPATH, xpath)\n_ _ _ _ _ _ _ _ _ _ _ _ _ _ _ _ _ _ _ _ _ _ _ _ _ _ _ _ _ _ _ _ _ _ _ _ _ _ _ _ _ _ _ _ _ _ _ _ _ _ _ _ _ _ _ _ _ _ _ _ _ _ _ _ _ _ _ _ _ _ _ _ _ _ _ _ _ _ _ _ _ _ _ _ _ _ _ _ _ _ _ _ _ _ _ _ _ _ _ _ _ _ _ _ _ _ _ _ _ _ _ _ _ _ _ _\n\nself = <Pages.itemsPage.sched_page.SchedPage object at 0x000001F73DF62BC0>, by_or_element = 'xpath', value = '//label[text()=\"排产方案(订单级)同步1\"]', wait_time = 10, retries = 2\n\n    def click(self, by_or_element, value=None, wait_time=10, retries=2):\n        \"\"\"\n        更稳健的点击方法：支持定位符或 WebElement，自动处理 stale 元素、点击拦截等问题。\n        \"\"\"\n        for attempt in range(retries):\n            try:\n                if value is not None:\n                    by = by_or_element\n                    logging.info(f\"点击元素：By = {by}, Value = {value}\")\n                    element = WebDriverWait(self.driver, wait_time).until(\n                        EC.element_to_be_clickable((by, value))\n                    )\n                else:\n                    logging.info(\"点击元素：WebElement 对象\")\n                    element = by_or_element\n    \n                element.click()\n                logging.info(\"✅ 点击成功\")\n                return\n    \n            except ElementClickInterceptedException:\n                logging.warning(\"⚠️ 原生点击被拦截，尝试使用 JS 点击\")\n                try:\n                    self.driver.execute_script(\"arguments[0].click();\", element)\n                    logging.info(\"✅ JS 点击成功\")\n                    return\n                except Exception as js_error:\n                    logging.warning(f\"⚠️ JS 点击失败：{js_error}\")\n                    sleep(1)\n                    continue  # 下一轮重试\n    \n            except StaleElementReferenceException:\n                logging.warning(f\"⚠️ 第 {attempt + 1} 次点击失败：元素过期，尝试重新定位\")\n                sleep(1)\n                continue  # 下一轮重试时重新定位\n    \n            except TimeoutException:\n                logging.error(f\"❌ 元素未在 {wait_time} 秒内变为可点击\")\n>               raise TimeoutException(f\"点击失败，找不到元素：{by_or_element} = {value}\")\nE               selenium.common.exceptions.TimeoutException: Message: 点击失败，找不到元素：xpath = //label[text()=\"排产方案(订单级)同步1\"]\n\nPages\\base_page.py:78: TimeoutException","flaky":false,"newFailed":false,"newBroken":false,"newPassed":false,"retriesCount":1,"retriesStatusChange":false,"beforeStages":[{"name":"login_to_synchronize","time":{"start":1769804452176,"stop":1769804467470,"duration":15294},"status":"passed","steps":[],"attachments":[],"parameters":[],"attachmentStep":false,"hasContent":false,"stepsCount":0,"attachmentsCount":0,"shouldDisplayMessage":false}],"testStage":{"status":"broken","statusMessage":"selenium.common.exceptions.TimeoutException: Message: 点击失败，找不到元素：xpath = //label[text()=\"排产方案(订单级)同步1\"]","statusTrace":"self = <Pages.itemsPage.sched_page.SchedPage object at 0x000001F73DF62BC0>, by_or_element = 'xpath', value = '//label[text()=\"排产方案(订单级)同步1\"]', wait_time = 10, retries = 2\n\n    def click(self, by_or_element, value=None, wait_time=10, retries=2):\n        \"\"\"\n        更稳健的点击方法：支持定位符或 WebElement，自动处理 stale 元素、点击拦截等问题。\n        \"\"\"\n        for attempt in range(retries):\n            try:\n                if value is not None:\n                    by = by_or_element\n                    logging.info(f\"点击元素：By = {by}, Value = {value}\")\n>                   element = WebDriverWait(self.driver, wait_time).until(\n                        EC.element_to_be_clickable((by, value))\n                    )\n\nPages\\base_page.py:49: \n_ _ _ _ _ _ _ _ _ _ _ _ _ _ _ _ _ _ _ _ _ _ _ _ _ _ _ _ _ _ _ _ _ _ _ _ _ _ _ _ _ _ _ _ _ _ _ _ _ _ _ _ _ _ _ _ _ _ _ _ _ _ _ _ _ _ _ _ _ _ _ _ _ _ _ _ _ _ _ _ _ _ _ _ _ _ _ _ _ _ _ _ _ _ _ _ _ _ _ _ _ _ _ _ _ _ _ _ _ _ _ _ _ _ _ _\n\nself = <selenium.webdriver.support.wait.WebDriverWait (session=\"22063dba8c45f4911b86cc8f669d7cc5\")>, method = <function element_to_be_clickable.<locals>._predicate at 0x000001F7401A9990>, message = ''\n\n    def until(self, method: Callable[[D], Union[Literal[False], T]], message: str = \"\") -> T:\n        \"\"\"Wait until the method returns a value that is not False.\n    \n        Calls the method provided with the driver as an argument until the\n        return value does not evaluate to ``False``.\n    \n        Parameters:\n        -----------\n        method: callable(WebDriver)\n            - A callable object that takes a WebDriver instance as an argument.\n    \n        message: str\n            - Optional message for :exc:`TimeoutException`\n    \n        Return:\n        -------\n        object: T\n            - The result of the last call to `method`\n    \n        Raises:\n        -------\n        TimeoutException\n            - If 'method' does not return a truthy value within the WebDriverWait\n            object's timeout\n    \n        Example:\n        --------\n        >>> from selenium.webdriver.common.by import By\n        >>> from selenium.webdriver.support.ui import WebDriverWait\n        >>> from selenium.webdriver.support import expected_conditions as EC\n    \n        # Wait until an element is visible on the page\n        >>> wait = WebDriverWait(driver, 10)\n        >>> element = wait.until(EC.visibility_of_element_located((By.ID, \"exampleId\")))\n        >>> print(element.text)\n        \"\"\"\n        screen = None\n        stacktrace = None\n    \n        end_time = time.monotonic() + self._timeout\n        while True:\n            try:\n                value = method(self._driver)\n                if value:\n                    return value\n            except self._ignored_exceptions as exc:\n                screen = getattr(exc, \"screen\", None)\n                stacktrace = getattr(exc, \"stacktrace\", None)\n            if time.monotonic() > end_time:\n                break\n            time.sleep(self._poll)\n>       raise TimeoutException(message, screen, stacktrace)\nE       selenium.common.exceptions.TimeoutException: Message: \nE       Stacktrace:\nE       \tGetHandleVerifier [0x0x7ff6634d6f65+78965]\nE       \tGetHandleVerifier [0x0x7ff6634d6fc0+79056]\nE       \t(No symbol) [0x0x7ff663269dda]\nE       \t(No symbol) [0x0x7ff6632c02ea]\nE       \t(No symbol) [0x0x7ff6632c059c]\nE       \t(No symbol) [0x0x7ff663313f37]\nE       \t(No symbol) [0x0x7ff6632e86af]\nE       \t(No symbol) [0x0x7ff663310dbe]\nE       \t(No symbol) [0x0x7ff6632e8443]\nE       \t(No symbol) [0x0x7ff6632b1311]\nE       \t(No symbol) [0x0x7ff6632b20a3]\nE       \tGetHandleVerifier [0x0x7ff66378e26d+2926461]\nE       \tGetHandleVerifier [0x0x7ff663788993+2903715]\nE       \tGetHandleVerifier [0x0x7ff6637a6aed+3026941]\nE       \tGetHandleVerifier [0x0x7ff6634f16fe+187406]\nE       \tGetHandleVerifier [0x0x7ff6634f96ef+220159]\nE       \tGetHandleVerifier [0x0x7ff6634dfaf4+114692]\nE       \tGetHandleVerifier [0x0x7ff6634dfca9+115129]\nE       \tGetHandleVerifier [0x0x7ff6634c64d8+10728]\nE       \tBaseThreadInitThunk [0x0x7ffa14ef7374+20]\nE       \tRtlUserThreadStart [0x0x7ffa16b1cc91+33]\n\nmyenv\\lib\\site-packages\\selenium\\webdriver\\support\\wait.py:138: TimeoutException\n\nDuring handling of the above exception, another exception occurred:\n\nself = <test_system.test_synchronize.TestSynchronizePage object at 0x000001F73DE73D30>, login_to_synchronize = <selenium.webdriver.chrome.webdriver.WebDriver (session=\"22063dba8c45f4911b86cc8f669d7cc5\")>\n\n    @allure.story(\"删除psi，计划方案，导入设置，计划单元所有数据成功\")\n    # @pytest.mark.run(order=1)\n    def test_synchronize_delall(self, login_to_synchronize):\n        driver = login_to_synchronize  # WebDriver 实例\n        synchronize = SynchronizePage(driver)  # 用 driver 初始化 SynchronizePage\n    \n        psi = PsiPage(driver)  # 用 driver 初始化 PsiPage\n        imp = ImpPage(driver)\n        sched = SchedPage(driver)\n        unit = PlanUnitPage(driver)\n        role = RolePage(driver)\n        user = UserRolePage(driver)\n        username = DateDriver().username\n        synchronize.click_button('(//span[text()=\"PSI设置\"])[1]')\n        sleep(1)\n        psi_name = [\"1测试psi1\", \"1测试psi2\", \"1测试psi3\"]\n        psi.del_all(psi_name, '//p[text()=\"PSI名称\"]/ancestor::div[2]//input')\n        for v in psi_name:\n            eles = synchronize.finds_elements(By.XPATH, f'//table[@class=\"vxe-table--body\"]//tr/td[2]//span[text()=\"{v}\"]')\n            assert len(eles) == 0, f\"未删除{v}\"\n    \n        plan_list =[\"计划运行\", \"方案管理\", \"计划方案管理\"]\n        for v in plan_list:\n            synchronize.click_button(f'(//span[text()=\"{v}\"])[1]')\n        plan_name = [\n            \"排产方案(订单级)同步1\",\n            \"排产方案(订单级)同步2\",\n            \"排产方案(订单级)同步3\",\n        ]\n>       sched.del_all_sched(plan_name)\n\nTests\\test_system\\test_synchronize.py:895: \n_ _ _ _ _ _ _ _ _ _ _ _ _ _ _ _ _ _ _ _ _ _ _ _ _ _ _ _ _ _ _ _ _ _ _ _ _ _ _ _ _ _ _ _ _ _ _ _ _ _ _ _ _ _ _ _ _ _ _ _ _ _ _ _ _ _ _ _ _ _ _ _ _ _ _ _ _ _ _ _ _ _ _ _ _ _ _ _ _ _ _ _ _ _ _ _ _ _ _ _ _ _ _ _ _ _ _ _ _ _ _ _ _ _ _ _\nPages\\itemsPage\\sched_page.py:176: in del_all_sched\n    self.click_button(f'//label[text()=\"{v}\"]')\nPages\\itemsPage\\sched_page.py:81: in click_button\n    self.click(By.XPATH, xpath)\n_ _ _ _ _ _ _ _ _ _ _ _ _ _ _ _ _ _ _ _ _ _ _ _ _ _ _ _ _ _ _ _ _ _ _ _ _ _ _ _ _ _ _ _ _ _ _ _ _ _ _ _ _ _ _ _ _ _ _ _ _ _ _ _ _ _ _ _ _ _ _ _ _ _ _ _ _ _ _ _ _ _ _ _ _ _ _ _ _ _ _ _ _ _ _ _ _ _ _ _ _ _ _ _ _ _ _ _ _ _ _ _ _ _ _ _\n\nself = <Pages.itemsPage.sched_page.SchedPage object at 0x000001F73DF62BC0>, by_or_element = 'xpath', value = '//label[text()=\"排产方案(订单级)同步1\"]', wait_time = 10, retries = 2\n\n    def click(self, by_or_element, value=None, wait_time=10, retries=2):\n        \"\"\"\n        更稳健的点击方法：支持定位符或 WebElement，自动处理 stale 元素、点击拦截等问题。\n        \"\"\"\n        for attempt in range(retries):\n            try:\n                if value is not None:\n                    by = by_or_element\n                    logging.info(f\"点击元素：By = {by}, Value = {value}\")\n                    element = WebDriverWait(self.driver, wait_time).until(\n                        EC.element_to_be_clickable((by, value))\n                    )\n                else:\n                    logging.info(\"点击元素：WebElement 对象\")\n                    element = by_or_element\n    \n                element.click()\n                logging.info(\"✅ 点击成功\")\n                return\n    \n            except ElementClickInterceptedException:\n                logging.warning(\"⚠️ 原生点击被拦截，尝试使用 JS 点击\")\n                try:\n                    self.driver.execute_script(\"arguments[0].click();\", element)\n                    logging.info(\"✅ JS 点击成功\")\n                    return\n                except Exception as js_error:\n                    logging.warning(f\"⚠️ JS 点击失败：{js_error}\")\n                    sleep(1)\n                    continue  # 下一轮重试\n    \n            except StaleElementReferenceException:\n                logging.warning(f\"⚠️ 第 {attempt + 1} 次点击失败：元素过期，尝试重新定位\")\n                sleep(1)\n                continue  # 下一轮重试时重新定位\n    \n            except TimeoutException:\n                logging.error(f\"❌ 元素未在 {wait_time} 秒内变为可点击\")\n>               raise TimeoutException(f\"点击失败，找不到元素：{by_or_element} = {value}\")\nE               selenium.common.exceptions.TimeoutException: Message: 点击失败，找不到元素：xpath = //label[text()=\"排产方案(订单级)同步1\"]\n\nPages\\base_page.py:78: TimeoutException","steps":[],"attachments":[{"uid":"e25479c65c6ce875","name":"test_synchronize_delall_20260131_043612","source":"e25479c65c6ce875.png","type":"image/png","size":151137},{"uid":"b7941b9e73025a21","name":"test_synchronize_delall_20260131_043612","source":"b7941b9e73025a21.png","type":"image/png","size":141106},{"uid":"b5dc29398707a560","name":"test_synchronize_delall_20260131_043612","source":"b5dc29398707a560.png","type":"image/png","size":91833},{"uid":"20caa86294175962","name":"log","source":"20caa86294175962.txt","type":"text/plain","size":21999}],"parameters":[],"attachmentStep":false,"hasContent":true,"stepsCount":0,"attachmentsCount":4,"shouldDisplayMessage":true},"afterStages":[{"name":"login_to_synchronize::0","time":{"start":1769805372343,"stop":1769805374601,"duration":2258},"status":"passed","steps":[],"attachments":[],"parameters":[],"attachmentStep":false,"hasContent":false,"stepsCount":0,"attachmentsCount":0,"shouldDisplayMessage":false}],"labels":[{"name":"story","value":"删除psi，计划方案，导入设置，计划单元所有数据成功"},{"name":"feature","value":"配置同步页用例"},{"name":"parentSuite","value":"Tests.test_system"},{"name":"suite","value":"test_synchronize"},{"name":"subSuite","value":"TestSynchronizePage"},{"name":"host","value":"WIN-20240820MJV"},{"name":"thread","value":"18148-MainThread"},{"name":"framework","value":"pytest"},{"name":"language","value":"cpython3"},{"name":"package","value":"Tests.test_system.test_synchronize"},{"name":"resultFormat","value":"allure2"}],"parameters":[],"links":[],"hidden":false,"retry":false,"extra":{"severity":"normal","retries":[{"uid":"6e08cc43e0a3e12c","status":"broken","statusDetails":"selenium.common.exceptions.ElementClickInterceptedException: Message: element click intercepted: Element <div data-v-3bd25850=\"\" class=\"labelStyle cursor-pointer m-l-1\">...</div> is not clickable at point (933, 64). Other element would receive the click: <div class=\"ivu-modal-wrap\" style=\"z-index: 100000024;\">...</div>\n  (Session info: chrome=137.0.7151.69)\nStacktrace:\n\tGetHandleVerifier [0x0x7ff6634d6f65+78965]\n\tGetHandleVerifier [0x0x7ff6634d6fc0+79056]\n\t(No symbol) [0x0x7ff663269dda]\n\t(No symbol) [0x0x7ff6632c82e9]\n\t(No symbol) [0x0x7ff6632c5c82]\n\t(No symbol) [0x0x7ff6632c2cd1]\n\t(No symbol) [0x0x7ff6632c1c44]\n\t(No symbol) [0x0x7ff6632b32a4]\n\t(No symbol) [0x0x7ff6632e866a]\n\t(No symbol) [0x0x7ff6632b2b56]\n\t(No symbol) [0x0x7ff6632e8880]\n\t(No symbol) [0x0x7ff663310dbe]\n\t(No symbol) [0x0x7ff6632e8443]\n\t(No symbol) [0x0x7ff6632b1311]\n\t(No symbol) [0x0x7ff6632b20a3]\n\tGetHandleVerifier [0x0x7ff66378e26d+2926461]\n\tGetHandleVerifier [0x0x7ff663788993+2903715]\n\tGetHandleVerifier [0x0x7ff6637a6aed+3026941]\n\tGetHandleVerifier [0x0x7ff6634f16fe+187406]\n\tGetHandleVerifier [0x0x7ff6634f96ef+220159]\n\tGetHandleVerifier [0x0x7ff6634dfaf4+114692]\n\tGetHandleVerifier [0x0x7ff6634dfca9+115129]\n\tGetHandleVerifier [0x0x7ff6634c64d8+10728]\n\tBaseThreadInitThunk [0x0x7ffa14ef7374+20]\n\tRtlUserThreadStart [0x0x7ffa16b1cc91+33]","time":{"start":1769805166657,"stop":1769805311762,"duration":145105}}],"categories":[{"name":"Test defects","matchedStatuses":[]}],"tags":[]},"source":"23b255113dd9dce4.json","parameterValues":[]}