{"uid":"241292348bca6460","name":"test_materialplan_success","fullName":"Tests.test_material.test_materialplan.TestMaterialPlanPage#test_materialplan_success","historyId":"d9d83b70188dee25ffb1449f120b16bd","time":{"start":1767801684154,"stop":1767801752255,"duration":68101},"status":"broken","statusMessage":"selenium.common.exceptions.TimeoutException: Message: \nStacktrace:\n\tGetHandleVerifier [0x0x7ff768646f65+78965]\n\tGetHandleVerifier [0x0x7ff768646fc0+79056]\n\t(No symbol) [0x0x7ff7683d9dda]\n\t(No symbol) [0x0x7ff7684302ea]\n\t(No symbol) [0x0x7ff76843059c]\n\t(No symbol) [0x0x7ff768483f37]\n\t(No symbol) [0x0x7ff7684586af]\n\t(No symbol) [0x0x7ff768480dbe]\n\t(No symbol) [0x0x7ff768458443]\n\t(No symbol) [0x0x7ff768421311]\n\t(No symbol) [0x0x7ff7684220a3]\n\tGetHandleVerifier [0x0x7ff7688fe26d+2926461]\n\tGetHandleVerifier [0x0x7ff7688f8993+2903715]\n\tGetHandleVerifier [0x0x7ff768916aed+3026941]\n\tGetHandleVerifier [0x0x7ff7686616fe+187406]\n\tGetHandleVerifier [0x0x7ff7686696ef+220159]\n\tGetHandleVerifier [0x0x7ff76864faf4+114692]\n\tGetHandleVerifier [0x0x7ff76864fca9+115129]\n\tGetHandleVerifier [0x0x7ff7686364d8+10728]\n\tBaseThreadInitThunk [0x0x7ff882c97374+20]\n\tRtlUserThreadStart [0x0x7ff883bdcc91+33]","statusTrace":"self = <test_material.test_materialplan.TestMaterialPlanPage object at 0x000002301F50F2E0>, login_to_materialplan = <selenium.webdriver.chrome.webdriver.WebDriver (session=\"2adf78d0b54774138fe0b060ce2f365d\")>\n\n    @allure.story(\"执行成功\")\n    # @pytest.mark.run(order=1)\n    def test_materialplan_success(self, login_to_materialplan):\n        driver = login_to_materialplan\n        plan = PlanPage(driver)\n        wait = WebDriverWait(driver, 60)\n    \n        # 等待 el-loading-spinner 消失\n        WebDriverWait(driver, 10).until(\n            EC.invisibility_of_element_located((By.CLASS_NAME, \"el-loading-spinner\"))\n        )\n        target = WebDriverWait(driver, 10).until(\n            EC.element_to_be_clickable((By.XPATH, '//div[@class=\"vue-treeselect__control-arrow-container\"]'))\n        )\n        sleep(3)\n        target.click()\n    \n        # 等待第一个方案标签可点击后点击选择\n        first_option = wait.until(\n            EC.element_to_be_clickable(\n                (\n                    By.XPATH,\n                    '//div[@class=\"vue-treeselect__list\"]/div[1]',\n                )\n            )\n        )\n        first_option.click()\n    \n        # 执行计划\n        plan.click_plan()\n        # 等待“完成”的文本出现\n        success_element1 = wait.until(\n            EC.presence_of_element_located(\n                (By.XPATH, '(//div[@class=\"d-flex\"])[1]/p[text()=\" 完成 \"]')\n            )\n        )\n    \n        # 等待“完成”的文本出现\n>       success_element3 = wait.until(\n            EC.presence_of_element_located(\n                (By.XPATH, '(//div[@class=\"d-flex\"])[3]/p[text()=\" 完成 \"]')\n            )\n        )\n\nTests\\test_material\\test_materialplan.py:118: \n_ _ _ _ _ _ _ _ _ _ _ _ _ _ _ _ _ _ _ _ _ _ _ _ _ _ _ _ _ _ _ _ _ _ _ _ _ _ _ _ _ _ _ _ _ _ _ _ _ _ _ _ _ _ _ _ _ _ _ _ _ _ _ _ _ _ _ _ _ _ _ _ _ _ _ _ _ _ _ _ _ _ _ _ _ _ _ _ _ _ _ _ _ _ _ _ _ _ _ _ _ _ _ _ _ _ _ _ _ _ _ _ _ _ _ _\n\nself = <selenium.webdriver.support.wait.WebDriverWait (session=\"2adf78d0b54774138fe0b060ce2f365d\")>, method = <function presence_of_element_located.<locals>._predicate at 0x000002301FCF7D90>, message = ''\n\n    def until(self, method: Callable[[D], Union[Literal[False], T]], message: str = \"\") -> T:\n        \"\"\"Wait until the method returns a value that is not False.\n    \n        Calls the method provided with the driver as an argument until the\n        return value does not evaluate to ``False``.\n    \n        Parameters:\n        -----------\n        method: callable(WebDriver)\n            - A callable object that takes a WebDriver instance as an argument.\n    \n        message: str\n            - Optional message for :exc:`TimeoutException`\n    \n        Return:\n        -------\n        object: T\n            - The result of the last call to `method`\n    \n        Raises:\n        -------\n        TimeoutException\n            - If 'method' does not return a truthy value within the WebDriverWait\n            object's timeout\n    \n        Example:\n        --------\n        >>> from selenium.webdriver.common.by import By\n        >>> from selenium.webdriver.support.ui import WebDriverWait\n        >>> from selenium.webdriver.support import expected_conditions as EC\n    \n        # Wait until an element is visible on the page\n        >>> wait = WebDriverWait(driver, 10)\n        >>> element = wait.until(EC.visibility_of_element_located((By.ID, \"exampleId\")))\n        >>> print(element.text)\n        \"\"\"\n        screen = None\n        stacktrace = None\n    \n        end_time = time.monotonic() + self._timeout\n        while True:\n            try:\n                value = method(self._driver)\n                if value:\n                    return value\n            except self._ignored_exceptions as exc:\n                screen = getattr(exc, \"screen\", None)\n                stacktrace = getattr(exc, \"stacktrace\", None)\n            if time.monotonic() > end_time:\n                break\n            time.sleep(self._poll)\n>       raise TimeoutException(message, screen, stacktrace)\nE       selenium.common.exceptions.TimeoutException: Message: \nE       Stacktrace:\nE       \tGetHandleVerifier [0x0x7ff768646f65+78965]\nE       \tGetHandleVerifier [0x0x7ff768646fc0+79056]\nE       \t(No symbol) [0x0x7ff7683d9dda]\nE       \t(No symbol) [0x0x7ff7684302ea]\nE       \t(No symbol) [0x0x7ff76843059c]\nE       \t(No symbol) [0x0x7ff768483f37]\nE       \t(No symbol) [0x0x7ff7684586af]\nE       \t(No symbol) [0x0x7ff768480dbe]\nE       \t(No symbol) [0x0x7ff768458443]\nE       \t(No symbol) [0x0x7ff768421311]\nE       \t(No symbol) [0x0x7ff7684220a3]\nE       \tGetHandleVerifier [0x0x7ff7688fe26d+2926461]\nE       \tGetHandleVerifier [0x0x7ff7688f8993+2903715]\nE       \tGetHandleVerifier [0x0x7ff768916aed+3026941]\nE       \tGetHandleVerifier [0x0x7ff7686616fe+187406]\nE       \tGetHandleVerifier [0x0x7ff7686696ef+220159]\nE       \tGetHandleVerifier [0x0x7ff76864faf4+114692]\nE       \tGetHandleVerifier [0x0x7ff76864fca9+115129]\nE       \tGetHandleVerifier [0x0x7ff7686364d8+10728]\nE       \tBaseThreadInitThunk [0x0x7ff882c97374+20]\nE       \tRtlUserThreadStart [0x0x7ff883bdcc91+33]\n\nmyenv\\lib\\site-packages\\selenium\\webdriver\\support\\wait.py:138: TimeoutException","flaky":false,"newFailed":false,"newBroken":false,"newPassed":false,"retriesCount":1,"retriesStatusChange":false,"beforeStages":[{"name":"login_to_materialplan","time":{"start":1767801670484,"stop":1767801684153,"duration":13669},"status":"passed","steps":[],"attachments":[],"parameters":[],"attachmentStep":false,"stepsCount":0,"hasContent":false,"shouldDisplayMessage":false,"attachmentsCount":0}],"testStage":{"status":"broken","statusMessage":"selenium.common.exceptions.TimeoutException: Message: \nStacktrace:\n\tGetHandleVerifier [0x0x7ff768646f65+78965]\n\tGetHandleVerifier [0x0x7ff768646fc0+79056]\n\t(No symbol) [0x0x7ff7683d9dda]\n\t(No symbol) [0x0x7ff7684302ea]\n\t(No symbol) [0x0x7ff76843059c]\n\t(No symbol) [0x0x7ff768483f37]\n\t(No symbol) [0x0x7ff7684586af]\n\t(No symbol) [0x0x7ff768480dbe]\n\t(No symbol) [0x0x7ff768458443]\n\t(No symbol) [0x0x7ff768421311]\n\t(No symbol) [0x0x7ff7684220a3]\n\tGetHandleVerifier [0x0x7ff7688fe26d+2926461]\n\tGetHandleVerifier [0x0x7ff7688f8993+2903715]\n\tGetHandleVerifier [0x0x7ff768916aed+3026941]\n\tGetHandleVerifier [0x0x7ff7686616fe+187406]\n\tGetHandleVerifier [0x0x7ff7686696ef+220159]\n\tGetHandleVerifier [0x0x7ff76864faf4+114692]\n\tGetHandleVerifier [0x0x7ff76864fca9+115129]\n\tGetHandleVerifier [0x0x7ff7686364d8+10728]\n\tBaseThreadInitThunk [0x0x7ff882c97374+20]\n\tRtlUserThreadStart [0x0x7ff883bdcc91+33]","statusTrace":"self = <test_material.test_materialplan.TestMaterialPlanPage object at 0x000002301F50F2E0>, login_to_materialplan = <selenium.webdriver.chrome.webdriver.WebDriver (session=\"2adf78d0b54774138fe0b060ce2f365d\")>\n\n    @allure.story(\"执行成功\")\n    # @pytest.mark.run(order=1)\n    def test_materialplan_success(self, login_to_materialplan):\n        driver = login_to_materialplan\n        plan = PlanPage(driver)\n        wait = WebDriverWait(driver, 60)\n    \n        # 等待 el-loading-spinner 消失\n        WebDriverWait(driver, 10).until(\n            EC.invisibility_of_element_located((By.CLASS_NAME, \"el-loading-spinner\"))\n        )\n        target = WebDriverWait(driver, 10).until(\n            EC.element_to_be_clickable((By.XPATH, '//div[@class=\"vue-treeselect__control-arrow-container\"]'))\n        )\n        sleep(3)\n        target.click()\n    \n        # 等待第一个方案标签可点击后点击选择\n        first_option = wait.until(\n            EC.element_to_be_clickable(\n                (\n                    By.XPATH,\n                    '//div[@class=\"vue-treeselect__list\"]/div[1]',\n                )\n            )\n        )\n        first_option.click()\n    \n        # 执行计划\n        plan.click_plan()\n        # 等待“完成”的文本出现\n        success_element1 = wait.until(\n            EC.presence_of_element_located(\n                (By.XPATH, '(//div[@class=\"d-flex\"])[1]/p[text()=\" 完成 \"]')\n            )\n        )\n    \n        # 等待“完成”的文本出现\n>       success_element3 = wait.until(\n            EC.presence_of_element_located(\n                (By.XPATH, '(//div[@class=\"d-flex\"])[3]/p[text()=\" 完成 \"]')\n            )\n        )\n\nTests\\test_material\\test_materialplan.py:118: \n_ _ _ _ _ _ _ _ _ _ _ _ _ _ _ _ _ _ _ _ _ _ _ _ _ _ _ _ _ _ _ _ _ _ _ _ _ _ _ _ _ _ _ _ _ _ _ _ _ _ _ _ _ _ _ _ _ _ _ _ _ _ _ _ _ _ _ _ _ _ _ _ _ _ _ _ _ _ _ _ _ _ _ _ _ _ _ _ _ _ _ _ _ _ _ _ _ _ _ _ _ _ _ _ _ _ _ _ _ _ _ _ _ _ _ _\n\nself = <selenium.webdriver.support.wait.WebDriverWait (session=\"2adf78d0b54774138fe0b060ce2f365d\")>, method = <function presence_of_element_located.<locals>._predicate at 0x000002301FCF7D90>, message = ''\n\n    def until(self, method: Callable[[D], Union[Literal[False], T]], message: str = \"\") -> T:\n        \"\"\"Wait until the method returns a value that is not False.\n    \n        Calls the method provided with the driver as an argument until the\n        return value does not evaluate to ``False``.\n    \n        Parameters:\n        -----------\n        method: callable(WebDriver)\n            - A callable object that takes a WebDriver instance as an argument.\n    \n        message: str\n            - Optional message for :exc:`TimeoutException`\n    \n        Return:\n        -------\n        object: T\n            - The result of the last call to `method`\n    \n        Raises:\n        -------\n        TimeoutException\n            - If 'method' does not return a truthy value within the WebDriverWait\n            object's timeout\n    \n        Example:\n        --------\n        >>> from selenium.webdriver.common.by import By\n        >>> from selenium.webdriver.support.ui import WebDriverWait\n        >>> from selenium.webdriver.support import expected_conditions as EC\n    \n        # Wait until an element is visible on the page\n        >>> wait = WebDriverWait(driver, 10)\n        >>> element = wait.until(EC.visibility_of_element_located((By.ID, \"exampleId\")))\n        >>> print(element.text)\n        \"\"\"\n        screen = None\n        stacktrace = None\n    \n        end_time = time.monotonic() + self._timeout\n        while True:\n            try:\n                value = method(self._driver)\n                if value:\n                    return value\n            except self._ignored_exceptions as exc:\n                screen = getattr(exc, \"screen\", None)\n                stacktrace = getattr(exc, \"stacktrace\", None)\n            if time.monotonic() > end_time:\n                break\n            time.sleep(self._poll)\n>       raise TimeoutException(message, screen, stacktrace)\nE       selenium.common.exceptions.TimeoutException: Message: \nE       Stacktrace:\nE       \tGetHandleVerifier [0x0x7ff768646f65+78965]\nE       \tGetHandleVerifier [0x0x7ff768646fc0+79056]\nE       \t(No symbol) [0x0x7ff7683d9dda]\nE       \t(No symbol) [0x0x7ff7684302ea]\nE       \t(No symbol) [0x0x7ff76843059c]\nE       \t(No symbol) [0x0x7ff768483f37]\nE       \t(No symbol) [0x0x7ff7684586af]\nE       \t(No symbol) [0x0x7ff768480dbe]\nE       \t(No symbol) [0x0x7ff768458443]\nE       \t(No symbol) [0x0x7ff768421311]\nE       \t(No symbol) [0x0x7ff7684220a3]\nE       \tGetHandleVerifier [0x0x7ff7688fe26d+2926461]\nE       \tGetHandleVerifier [0x0x7ff7688f8993+2903715]\nE       \tGetHandleVerifier [0x0x7ff768916aed+3026941]\nE       \tGetHandleVerifier [0x0x7ff7686616fe+187406]\nE       \tGetHandleVerifier [0x0x7ff7686696ef+220159]\nE       \tGetHandleVerifier [0x0x7ff76864faf4+114692]\nE       \tGetHandleVerifier [0x0x7ff76864fca9+115129]\nE       \tGetHandleVerifier [0x0x7ff7686364d8+10728]\nE       \tBaseThreadInitThunk [0x0x7ff882c97374+20]\nE       \tRtlUserThreadStart [0x0x7ff883bdcc91+33]\n\nmyenv\\lib\\site-packages\\selenium\\webdriver\\support\\wait.py:138: TimeoutException","steps":[],"attachments":[{"uid":"66836ff2d8ddb6ac","name":"test_materialplan_success_20260108_000232","source":"66836ff2d8ddb6ac.png","type":"image/png","size":104898},{"uid":"440a536d3e773ab5","name":"log","source":"440a536d3e773ab5.txt","type":"text/plain","size":2587}],"parameters":[],"attachmentStep":false,"stepsCount":0,"hasContent":true,"shouldDisplayMessage":true,"attachmentsCount":2},"afterStages":[{"name":"login_to_materialplan::0","time":{"start":1767801752341,"stop":1767801754509,"duration":2168},"status":"passed","steps":[],"attachments":[],"parameters":[],"attachmentStep":false,"stepsCount":0,"hasContent":false,"shouldDisplayMessage":false,"attachmentsCount":0}],"labels":[{"name":"story","value":"执行成功"},{"name":"feature","value":"物控计算测试用例"},{"name":"parentSuite","value":"Tests.test_material"},{"name":"suite","value":"test_materialplan"},{"name":"subSuite","value":"TestMaterialPlanPage"},{"name":"host","value":"WIN-20240820MJV"},{"name":"thread","value":"10012-MainThread"},{"name":"framework","value":"pytest"},{"name":"language","value":"cpython3"},{"name":"package","value":"Tests.test_material.test_materialplan"},{"name":"resultFormat","value":"allure2"}],"parameters":[],"links":[],"hidden":false,"retry":false,"extra":{"severity":"normal","retries":[{"uid":"838603b26b59fe67","status":"broken","statusDetails":"selenium.common.exceptions.TimeoutException: Message: \nStacktrace:\n\tGetHandleVerifier [0x0x7ff768646f65+78965]\n\tGetHandleVerifier [0x0x7ff768646fc0+79056]\n\t(No symbol) [0x0x7ff7683d9dda]\n\t(No symbol) [0x0x7ff7684302ea]\n\t(No symbol) [0x0x7ff76843059c]\n\t(No symbol) [0x0x7ff768483f37]\n\t(No symbol) [0x0x7ff7684586af]\n\t(No symbol) [0x0x7ff768480dbe]\n\t(No symbol) [0x0x7ff768458443]\n\t(No symbol) [0x0x7ff768421311]\n\t(No symbol) [0x0x7ff7684220a3]\n\tGetHandleVerifier [0x0x7ff7688fe26d+2926461]\n\tGetHandleVerifier [0x0x7ff7688f8993+2903715]\n\tGetHandleVerifier [0x0x7ff768916aed+3026941]\n\tGetHandleVerifier [0x0x7ff7686616fe+187406]\n\tGetHandleVerifier [0x0x7ff7686696ef+220159]\n\tGetHandleVerifier [0x0x7ff76864faf4+114692]\n\tGetHandleVerifier [0x0x7ff76864fca9+115129]\n\tGetHandleVerifier [0x0x7ff7686364d8+10728]\n\tBaseThreadInitThunk [0x0x7ff882c97374+20]\n\tRtlUserThreadStart [0x0x7ff883bdcc91+33]","time":{"start":1767801601645,"stop":1767801668213,"duration":66568}}],"categories":[{"name":"Test defects","matchedStatuses":[]}],"tags":[]},"source":"241292348bca6460.json","parameterValues":[]}