{"uid":"2606296eaf4bb769","name":"test_user_verify1","fullName":"Tests.test_system.test_userRole.TestUserRolePage#test_user_verify1","historyId":"c2bb957e1751db30a0c067b81eb528e4","time":{"start":1762383811422,"stop":1762383813325,"duration":1903},"status":"failed","statusMessage":"AssertionError: assert '1w+.?=-+a_1' == '1wa_1'\n  \n  \u001B[0m\u001B[91m- 1wa_1\u001B[39;49;00m\u001B[90m\u001B[39;49;00m\n  \u001B[92m+ 1w+.?=-+a_1\u001B[39;49;00m\u001B[90m\u001B[39;49;00m","statusTrace":"self = <test_system.test_userRole.TestUserRolePage object at 0x0000023D3210C2E0>, login_to_userrole = <selenium.webdriver.chrome.webdriver.WebDriver (session=\"6f328db8b8eb3fb7c1739f94833d7a94\")>\n\n    @allure.story(\"校验用户代码文本框，输入其他字符，显示只能包含字母和数字和下划线\")\n    # @pytest.mark.run(order=1)\n    def test_user_verify1(self, login_to_userrole):\n        driver = login_to_userrole  # WebDriver 实例\n        user = UserRolePage(driver)  # 用 driver 初始化 UserRolePage\n        name = '1用户w+.?=-+a_1'\n        add = AddsPages(driver)\n        list_ = [\n            '//div[label[text()=\"用户代码\"]]//input',\n            '//div[label[text()=\"用户名称\"]]//input'\n        ]\n        user.click_all_button(\"新增\")\n        user.enter_texts(list_[0], name)\n        user.click_button(list_[1])\n        sleep(0.5)\n        ele = user.get_find_element_xpath(list_[0]).get_attribute(\"value\")\n>       assert ele == '1wa_1'\nE       AssertionError: assert '1w+.?=-+a_1' == '1wa_1'\nE         \nE         \u001B[0m\u001B[91m- 1wa_1\u001B[39;49;00m\u001B[90m\u001B[39;49;00m\nE         \u001B[92m+ 1w+.?=-+a_1\u001B[39;49;00m\u001B[90m\u001B[39;49;00m\n\nTests\\test_system\\test_userRole.py:203: AssertionError","flaky":false,"newFailed":false,"newBroken":false,"newPassed":false,"retriesCount":1,"retriesStatusChange":false,"beforeStages":[{"name":"login_to_userrole","time":{"start":1762383797314,"stop":1762383811421,"duration":14107},"status":"passed","steps":[],"attachments":[],"parameters":[],"stepsCount":0,"hasContent":false,"attachmentStep":false,"shouldDisplayMessage":false,"attachmentsCount":0}],"testStage":{"status":"failed","statusMessage":"AssertionError: assert '1w+.?=-+a_1' == '1wa_1'\n  \n  \u001B[0m\u001B[91m- 1wa_1\u001B[39;49;00m\u001B[90m\u001B[39;49;00m\n  \u001B[92m+ 1w+.?=-+a_1\u001B[39;49;00m\u001B[90m\u001B[39;49;00m","statusTrace":"self = <test_system.test_userRole.TestUserRolePage object at 0x0000023D3210C2E0>, login_to_userrole = <selenium.webdriver.chrome.webdriver.WebDriver (session=\"6f328db8b8eb3fb7c1739f94833d7a94\")>\n\n    @allure.story(\"校验用户代码文本框，输入其他字符，显示只能包含字母和数字和下划线\")\n    # @pytest.mark.run(order=1)\n    def test_user_verify1(self, login_to_userrole):\n        driver = login_to_userrole  # WebDriver 实例\n        user = UserRolePage(driver)  # 用 driver 初始化 UserRolePage\n        name = '1用户w+.?=-+a_1'\n        add = AddsPages(driver)\n        list_ = [\n            '//div[label[text()=\"用户代码\"]]//input',\n            '//div[label[text()=\"用户名称\"]]//input'\n        ]\n        user.click_all_button(\"新增\")\n        user.enter_texts(list_[0], name)\n        user.click_button(list_[1])\n        sleep(0.5)\n        ele = user.get_find_element_xpath(list_[0]).get_attribute(\"value\")\n>       assert ele == '1wa_1'\nE       AssertionError: assert '1w+.?=-+a_1' == '1wa_1'\nE         \nE         \u001B[0m\u001B[91m- 1wa_1\u001B[39;49;00m\u001B[90m\u001B[39;49;00m\nE         \u001B[92m+ 1w+.?=-+a_1\u001B[39;49;00m\u001B[90m\u001B[39;49;00m\n\nTests\\test_system\\test_userRole.py:203: AssertionError","steps":[],"attachments":[{"uid":"a542987c3c3c3cc7","name":"test_user_verify1_failure","source":"a542987c3c3c3cc7.png","type":"image/png","size":166215},{"uid":"66cc38f8df7a2d9d","name":"test_user_verify1_source","source":"66cc38f8df7a2d9d.html","type":"text/html","size":1219614},{"uid":"d0f5c9c9f0616551","name":"log","source":"d0f5c9c9f0616551.txt","type":"text/plain","size":3283}],"parameters":[],"stepsCount":0,"hasContent":true,"attachmentStep":false,"shouldDisplayMessage":true,"attachmentsCount":3},"afterStages":[{"name":"login_to_userrole::0","time":{"start":1762383813520,"stop":1762383815692,"duration":2172},"status":"passed","steps":[],"attachments":[],"parameters":[],"stepsCount":0,"hasContent":false,"attachmentStep":false,"shouldDisplayMessage":false,"attachmentsCount":0}],"labels":[{"name":"feature","value":"用户权限管理页用例"},{"name":"story","value":"校验用户代码文本框，输入其他字符，显示只能包含字母和数字和下划线"},{"name":"parentSuite","value":"Tests.test_system"},{"name":"suite","value":"test_userRole"},{"name":"subSuite","value":"TestUserRolePage"},{"name":"host","value":"WIN-20240820MJV"},{"name":"thread","value":"34192-MainThread"},{"name":"framework","value":"pytest"},{"name":"language","value":"cpython3"},{"name":"package","value":"Tests.test_system.test_userRole"},{"name":"resultFormat","value":"allure2"}],"parameters":[],"links":[],"hidden":false,"retry":false,"extra":{"severity":"normal","retries":[{"uid":"6b3ce1cdee9defec","status":"failed","statusDetails":"AssertionError: assert '1w+.?=-+a_1' == '1wa_1'\n  \n  \u001B[0m\u001B[91m- 1wa_1\u001B[39;49;00m\u001B[90m\u001B[39;49;00m\n  \u001B[92m+ 1w+.?=-+a_1\u001B[39;49;00m\u001B[90m\u001B[39;49;00m","time":{"start":1762383793012,"stop":1762383794936,"duration":1924}}],"categories":[{"name":"Product defects","matchedStatuses":[]}],"tags":[]},"source":"2606296eaf4bb769.json","parameterValues":[]}