{"uid":"284e52b0f22d1f29","name":"test_apps_ctrlM","fullName":"Tests.test_system.test_apps.TestSAppsPage#test_apps_ctrlM","historyId":"a2304a1dbbc7cbefa8472596a0a65e83","time":{"start":1769464843243,"stop":1769464876451,"duration":33208},"status":"broken","statusMessage":"selenium.common.exceptions.TimeoutException: Message: \nStacktrace:\n\tGetHandleVerifier [0x0x7ff6f1146f65+78965]\n\tGetHandleVerifier [0x0x7ff6f1146fc0+79056]\n\t(No symbol) [0x0x7ff6f0ed9dda]\n\t(No symbol) [0x0x7ff6f0f302ea]\n\t(No symbol) [0x0x7ff6f0f3059c]\n\t(No symbol) [0x0x7ff6f0f83f37]\n\t(No symbol) [0x0x7ff6f0f586af]\n\t(No symbol) [0x0x7ff6f0f80dbe]\n\t(No symbol) [0x0x7ff6f0f58443]\n\t(No symbol) [0x0x7ff6f0f21311]\n\t(No symbol) [0x0x7ff6f0f220a3]\n\tGetHandleVerifier [0x0x7ff6f13fe26d+2926461]\n\tGetHandleVerifier [0x0x7ff6f13f8993+2903715]\n\tGetHandleVerifier [0x0x7ff6f1416aed+3026941]\n\tGetHandleVerifier [0x0x7ff6f11616fe+187406]\n\tGetHandleVerifier [0x0x7ff6f11696ef+220159]\n\tGetHandleVerifier [0x0x7ff6f114faf4+114692]\n\tGetHandleVerifier [0x0x7ff6f114fca9+115129]\n\tGetHandleVerifier [0x0x7ff6f11364d8+10728]\n\tBaseThreadInitThunk [0x0x7ffd42e67374+20]\n\tRtlUserThreadStart [0x0x7ffd43a1cc91+33]","statusTrace":"self = <test_system.test_apps.TestSAppsPage object at 0x0000022063AA1C90>, login_to_apps = <selenium.webdriver.chrome.webdriver.WebDriver (session=\"5a1feac0c6493747f511423a4b0cd41f\")>\n\n    @allure.story(\"模拟ctrl+m修改\")\n    # @pytest.mark.run(order=1)\n    def test_apps_ctrlM(self, login_to_apps):\n        driver = login_to_apps  # WebDriver 实例\n        apps = AppsPage(driver)  # 用 driver 初始化 AppsPage\n        apps.click_button('//table[@class=\"vxe-table--body\"]//tr[1]//td[2]')\n        ActionChains(driver).key_down(Keys.CONTROL).send_keys('m').key_up(Keys.CONTROL).perform()\n        apps.click_button('(//table[@class=\"vxe-table--body\"]//tr[1]/td[2])[2]')\n        apps.enter_texts('(//table[@class=\"vxe-table--body\"]//tr[1]/td[3])[2]//input', '1没有数据修改')\n        ele1 = apps.get_find_element_xpath(\n            '(//table[@class=\"vxe-table--body\"]//tr[1]/td[3])[2]//input').get_attribute(\n            \"value\")\n        apps.click_button('//div[@class=\"vxe-modal--footer\"]//span[text()=\"确定\"]')\n>       apps.get_find_message()\n\nTests\\test_system\\test_apps.py:1024: \n_ _ _ _ _ _ _ _ _ _ _ _ _ _ _ _ _ _ _ _ _ _ _ _ _ _ _ _ _ _ _ _ _ _ _ _ _ _ _ _ _ _ _ _ _ _ _ _ _ _ _ _ _ _ _ _ _ _ _ _ _ _ _ _ _ _ _ _ _ _ _ _ _ _ _ _ _ _ _ _ _ _ _ _ _ _ _ _ _ _ _ _ _ _ _ _ _ _ _ _ _ _ _ _ _ _ _ _ _ _ _ _ _ _ _ _\nPages\\systemPage\\apps_page.py:35: in get_find_message\n    message = WebDriverWait(self.driver, 30).until(\n_ _ _ _ _ _ _ _ _ _ _ _ _ _ _ _ _ _ _ _ _ _ _ _ _ _ _ _ _ _ _ _ _ _ _ _ _ _ _ _ _ _ _ _ _ _ _ _ _ _ _ _ _ _ _ _ _ _ _ _ _ _ _ _ _ _ _ _ _ _ _ _ _ _ _ _ _ _ _ _ _ _ _ _ _ _ _ _ _ _ _ _ _ _ _ _ _ _ _ _ _ _ _ _ _ _ _ _ _ _ _ _ _ _ _ _\n\nself = <selenium.webdriver.support.wait.WebDriverWait (session=\"5a1feac0c6493747f511423a4b0cd41f\")>, method = <function visibility_of_element_located.<locals>._predicate at 0x00000220664DAB90>, message = ''\n\n    def until(self, method: Callable[[D], Union[Literal[False], T]], message: str = \"\") -> T:\n        \"\"\"Wait until the method returns a value that is not False.\n    \n        Calls the method provided with the driver as an argument until the\n        return value does not evaluate to ``False``.\n    \n        Parameters:\n        -----------\n        method: callable(WebDriver)\n            - A callable object that takes a WebDriver instance as an argument.\n    \n        message: str\n            - Optional message for :exc:`TimeoutException`\n    \n        Return:\n        -------\n        object: T\n            - The result of the last call to `method`\n    \n        Raises:\n        -------\n        TimeoutException\n            - If 'method' does not return a truthy value within the WebDriverWait\n            object's timeout\n    \n        Example:\n        --------\n        >>> from selenium.webdriver.common.by import By\n        >>> from selenium.webdriver.support.ui import WebDriverWait\n        >>> from selenium.webdriver.support import expected_conditions as EC\n    \n        # Wait until an element is visible on the page\n        >>> wait = WebDriverWait(driver, 10)\n        >>> element = wait.until(EC.visibility_of_element_located((By.ID, \"exampleId\")))\n        >>> print(element.text)\n        \"\"\"\n        screen = None\n        stacktrace = None\n    \n        end_time = time.monotonic() + self._timeout\n        while True:\n            try:\n                value = method(self._driver)\n                if value:\n                    return value\n            except self._ignored_exceptions as exc:\n                screen = getattr(exc, \"screen\", None)\n                stacktrace = getattr(exc, \"stacktrace\", None)\n            if time.monotonic() > end_time:\n                break\n            time.sleep(self._poll)\n>       raise TimeoutException(message, screen, stacktrace)\nE       selenium.common.exceptions.TimeoutException: Message: \nE       Stacktrace:\nE       \tGetHandleVerifier [0x0x7ff6f1146f65+78965]\nE       \tGetHandleVerifier [0x0x7ff6f1146fc0+79056]\nE       \t(No symbol) [0x0x7ff6f0ed9dda]\nE       \t(No symbol) [0x0x7ff6f0f302ea]\nE       \t(No symbol) [0x0x7ff6f0f3059c]\nE       \t(No symbol) [0x0x7ff6f0f83f37]\nE       \t(No symbol) [0x0x7ff6f0f586af]\nE       \t(No symbol) [0x0x7ff6f0f80dbe]\nE       \t(No symbol) [0x0x7ff6f0f58443]\nE       \t(No symbol) [0x0x7ff6f0f21311]\nE       \t(No symbol) [0x0x7ff6f0f220a3]\nE       \tGetHandleVerifier [0x0x7ff6f13fe26d+2926461]\nE       \tGetHandleVerifier [0x0x7ff6f13f8993+2903715]\nE       \tGetHandleVerifier [0x0x7ff6f1416aed+3026941]\nE       \tGetHandleVerifier [0x0x7ff6f11616fe+187406]\nE       \tGetHandleVerifier [0x0x7ff6f11696ef+220159]\nE       \tGetHandleVerifier [0x0x7ff6f114faf4+114692]\nE       \tGetHandleVerifier [0x0x7ff6f114fca9+115129]\nE       \tGetHandleVerifier [0x0x7ff6f11364d8+10728]\nE       \tBaseThreadInitThunk [0x0x7ffd42e67374+20]\nE       \tRtlUserThreadStart [0x0x7ffd43a1cc91+33]\n\nmyenv\\lib\\site-packages\\selenium\\webdriver\\support\\wait.py:138: TimeoutException","flaky":false,"newFailed":false,"newBroken":false,"newPassed":false,"retriesCount":0,"retriesStatusChange":false,"beforeStages":[{"name":"login_to_apps","time":{"start":1769464468222,"stop":1769464486229,"duration":18007},"status":"passed","steps":[],"attachments":[],"parameters":[],"stepsCount":0,"hasContent":false,"attachmentStep":false,"shouldDisplayMessage":false,"attachmentsCount":0}],"testStage":{"status":"broken","statusMessage":"selenium.common.exceptions.TimeoutException: Message: \nStacktrace:\n\tGetHandleVerifier [0x0x7ff6f1146f65+78965]\n\tGetHandleVerifier [0x0x7ff6f1146fc0+79056]\n\t(No symbol) [0x0x7ff6f0ed9dda]\n\t(No symbol) [0x0x7ff6f0f302ea]\n\t(No symbol) [0x0x7ff6f0f3059c]\n\t(No symbol) [0x0x7ff6f0f83f37]\n\t(No symbol) [0x0x7ff6f0f586af]\n\t(No symbol) [0x0x7ff6f0f80dbe]\n\t(No symbol) [0x0x7ff6f0f58443]\n\t(No symbol) [0x0x7ff6f0f21311]\n\t(No symbol) [0x0x7ff6f0f220a3]\n\tGetHandleVerifier [0x0x7ff6f13fe26d+2926461]\n\tGetHandleVerifier [0x0x7ff6f13f8993+2903715]\n\tGetHandleVerifier [0x0x7ff6f1416aed+3026941]\n\tGetHandleVerifier [0x0x7ff6f11616fe+187406]\n\tGetHandleVerifier [0x0x7ff6f11696ef+220159]\n\tGetHandleVerifier [0x0x7ff6f114faf4+114692]\n\tGetHandleVerifier [0x0x7ff6f114fca9+115129]\n\tGetHandleVerifier [0x0x7ff6f11364d8+10728]\n\tBaseThreadInitThunk [0x0x7ffd42e67374+20]\n\tRtlUserThreadStart [0x0x7ffd43a1cc91+33]","statusTrace":"self = <test_system.test_apps.TestSAppsPage object at 0x0000022063AA1C90>, login_to_apps = <selenium.webdriver.chrome.webdriver.WebDriver (session=\"5a1feac0c6493747f511423a4b0cd41f\")>\n\n    @allure.story(\"模拟ctrl+m修改\")\n    # @pytest.mark.run(order=1)\n    def test_apps_ctrlM(self, login_to_apps):\n        driver = login_to_apps  # WebDriver 实例\n        apps = AppsPage(driver)  # 用 driver 初始化 AppsPage\n        apps.click_button('//table[@class=\"vxe-table--body\"]//tr[1]//td[2]')\n        ActionChains(driver).key_down(Keys.CONTROL).send_keys('m').key_up(Keys.CONTROL).perform()\n        apps.click_button('(//table[@class=\"vxe-table--body\"]//tr[1]/td[2])[2]')\n        apps.enter_texts('(//table[@class=\"vxe-table--body\"]//tr[1]/td[3])[2]//input', '1没有数据修改')\n        ele1 = apps.get_find_element_xpath(\n            '(//table[@class=\"vxe-table--body\"]//tr[1]/td[3])[2]//input').get_attribute(\n            \"value\")\n        apps.click_button('//div[@class=\"vxe-modal--footer\"]//span[text()=\"确定\"]')\n>       apps.get_find_message()\n\nTests\\test_system\\test_apps.py:1024: \n_ _ _ _ _ _ _ _ _ _ _ _ _ _ _ _ _ _ _ _ _ _ _ _ _ _ _ _ _ _ _ _ _ _ _ _ _ _ _ _ _ _ _ _ _ _ _ _ _ _ _ _ _ _ _ _ _ _ _ _ _ _ _ _ _ _ _ _ _ _ _ _ _ _ _ _ _ _ _ _ _ _ _ _ _ _ _ _ _ _ _ _ _ _ _ _ _ _ _ _ _ _ _ _ _ _ _ _ _ _ _ _ _ _ _ _\nPages\\systemPage\\apps_page.py:35: in get_find_message\n    message = WebDriverWait(self.driver, 30).until(\n_ _ _ _ _ _ _ _ _ _ _ _ _ _ _ _ _ _ _ _ _ _ _ _ _ _ _ _ _ _ _ _ _ _ _ _ _ _ _ _ _ _ _ _ _ _ _ _ _ _ _ _ _ _ _ _ _ _ _ _ _ _ _ _ _ _ _ _ _ _ _ _ _ _ _ _ _ _ _ _ _ _ _ _ _ _ _ _ _ _ _ _ _ _ _ _ _ _ _ _ _ _ _ _ _ _ _ _ _ _ _ _ _ _ _ _\n\nself = <selenium.webdriver.support.wait.WebDriverWait (session=\"5a1feac0c6493747f511423a4b0cd41f\")>, method = <function visibility_of_element_located.<locals>._predicate at 0x00000220664DAB90>, message = ''\n\n    def until(self, method: Callable[[D], Union[Literal[False], T]], message: str = \"\") -> T:\n        \"\"\"Wait until the method returns a value that is not False.\n    \n        Calls the method provided with the driver as an argument until the\n        return value does not evaluate to ``False``.\n    \n        Parameters:\n        -----------\n        method: callable(WebDriver)\n            - A callable object that takes a WebDriver instance as an argument.\n    \n        message: str\n            - Optional message for :exc:`TimeoutException`\n    \n        Return:\n        -------\n        object: T\n            - The result of the last call to `method`\n    \n        Raises:\n        -------\n        TimeoutException\n            - If 'method' does not return a truthy value within the WebDriverWait\n            object's timeout\n    \n        Example:\n        --------\n        >>> from selenium.webdriver.common.by import By\n        >>> from selenium.webdriver.support.ui import WebDriverWait\n        >>> from selenium.webdriver.support import expected_conditions as EC\n    \n        # Wait until an element is visible on the page\n        >>> wait = WebDriverWait(driver, 10)\n        >>> element = wait.until(EC.visibility_of_element_located((By.ID, \"exampleId\")))\n        >>> print(element.text)\n        \"\"\"\n        screen = None\n        stacktrace = None\n    \n        end_time = time.monotonic() + self._timeout\n        while True:\n            try:\n                value = method(self._driver)\n                if value:\n                    return value\n            except self._ignored_exceptions as exc:\n                screen = getattr(exc, \"screen\", None)\n                stacktrace = getattr(exc, \"stacktrace\", None)\n            if time.monotonic() > end_time:\n                break\n            time.sleep(self._poll)\n>       raise TimeoutException(message, screen, stacktrace)\nE       selenium.common.exceptions.TimeoutException: Message: \nE       Stacktrace:\nE       \tGetHandleVerifier [0x0x7ff6f1146f65+78965]\nE       \tGetHandleVerifier [0x0x7ff6f1146fc0+79056]\nE       \t(No symbol) [0x0x7ff6f0ed9dda]\nE       \t(No symbol) [0x0x7ff6f0f302ea]\nE       \t(No symbol) [0x0x7ff6f0f3059c]\nE       \t(No symbol) [0x0x7ff6f0f83f37]\nE       \t(No symbol) [0x0x7ff6f0f586af]\nE       \t(No symbol) [0x0x7ff6f0f80dbe]\nE       \t(No symbol) [0x0x7ff6f0f58443]\nE       \t(No symbol) [0x0x7ff6f0f21311]\nE       \t(No symbol) [0x0x7ff6f0f220a3]\nE       \tGetHandleVerifier [0x0x7ff6f13fe26d+2926461]\nE       \tGetHandleVerifier [0x0x7ff6f13f8993+2903715]\nE       \tGetHandleVerifier [0x0x7ff6f1416aed+3026941]\nE       \tGetHandleVerifier [0x0x7ff6f11616fe+187406]\nE       \tGetHandleVerifier [0x0x7ff6f11696ef+220159]\nE       \tGetHandleVerifier [0x0x7ff6f114faf4+114692]\nE       \tGetHandleVerifier [0x0x7ff6f114fca9+115129]\nE       \tGetHandleVerifier [0x0x7ff6f11364d8+10728]\nE       \tBaseThreadInitThunk [0x0x7ffd42e67374+20]\nE       \tRtlUserThreadStart [0x0x7ffd43a1cc91+33]\n\nmyenv\\lib\\site-packages\\selenium\\webdriver\\support\\wait.py:138: TimeoutException","steps":[],"attachments":[{"uid":"bc6bdb0b61a5cd15","name":"test_apps_ctrlM_20260127_060116","source":"bc6bdb0b61a5cd15.png","type":"image/png","size":46321},{"uid":"9b7822e0abf0a33d","name":"test_apps_ctrlM_20260127_060116","source":"9b7822e0abf0a33d.png","type":"image/png","size":45662},{"uid":"72050d4252223465","name":"test_apps_ctrlM_20260127_060116","source":"72050d4252223465.png","type":"image/png","size":79799},{"uid":"c98a261524476d","name":"log","source":"c98a261524476d.txt","type":"text/plain","size":763}],"parameters":[],"stepsCount":0,"hasContent":true,"attachmentStep":false,"shouldDisplayMessage":true,"attachmentsCount":4},"afterStages":[{"name":"login_to_apps::0","time":{"start":1769465021900,"stop":1769465024189,"duration":2289},"status":"passed","steps":[],"attachments":[],"parameters":[],"stepsCount":0,"hasContent":false,"attachmentStep":false,"shouldDisplayMessage":false,"attachmentsCount":0}],"labels":[{"name":"story","value":"模拟ctrl+m修改"},{"name":"feature","value":"应用管理页用例"},{"name":"parentSuite","value":"Tests.test_system"},{"name":"suite","value":"test_apps"},{"name":"subSuite","value":"TestSAppsPage"},{"name":"host","value":"WIN-20240820MJV"},{"name":"thread","value":"40768-MainThread"},{"name":"framework","value":"pytest"},{"name":"language","value":"cpython3"},{"name":"package","value":"Tests.test_system.test_apps"},{"name":"resultFormat","value":"allure2"}],"parameters":[],"links":[],"hidden":true,"retry":true,"extra":{"categories":[],"tags":[]},"source":"284e52b0f22d1f29.json","parameterValues":[]}