{"uid":"2e23a605c8b0447c","name":"test_apps_addnum","fullName":"Tests.test_system.test_apps.TestSAppsPage#test_apps_addnum","historyId":"570fb89e41ca817fa4348b5563e3b504","time":{"start":1764895382593,"stop":1764895398137,"duration":15544},"status":"broken","statusMessage":"selenium.common.exceptions.TimeoutException: Message: \nStacktrace:\n\tGetHandleVerifier [0x0x7ff777126f65+78965]\n\tGetHandleVerifier [0x0x7ff777126fc0+79056]\n\t(No symbol) [0x0x7ff776eb9dda]\n\t(No symbol) [0x0x7ff776f102ea]\n\t(No symbol) [0x0x7ff776f1059c]\n\t(No symbol) [0x0x7ff776f63f37]\n\t(No symbol) [0x0x7ff776f386af]\n\t(No symbol) [0x0x7ff776f60dbe]\n\t(No symbol) [0x0x7ff776f38443]\n\t(No symbol) [0x0x7ff776f01311]\n\t(No symbol) [0x0x7ff776f020a3]\n\tGetHandleVerifier [0x0x7ff7773de26d+2926461]\n\tGetHandleVerifier [0x0x7ff7773d8993+2903715]\n\tGetHandleVerifier [0x0x7ff7773f6aed+3026941]\n\tGetHandleVerifier [0x0x7ff7771416fe+187406]\n\tGetHandleVerifier [0x0x7ff7771496ef+220159]\n\tGetHandleVerifier [0x0x7ff77712faf4+114692]\n\tGetHandleVerifier [0x0x7ff77712fca9+115129]\n\tGetHandleVerifier [0x0x7ff7771164d8+10728]\n\tBaseThreadInitThunk [0x0x7ffe121c7374+20]\n\tRtlUserThreadStart [0x0x7ffe133dcc91+33]","statusTrace":"self = <test_system.test_apps.TestSAppsPage object at 0x0000028D694B3220>, login_to_apps = <selenium.webdriver.chrome.webdriver.WebDriver (session=\"b16c973eefabdf09d9635ec2e1e8e2aa\")>\n\n    @allure.story(\"数字文本框 只允许填写数字\")\n    # @pytest.mark.run(order=1)\n    def test_apps_addnum(self, login_to_apps):\n        driver = login_to_apps  # WebDriver 实例\n        apps = AppsPage(driver)  # 用 driver 初始化 ExpressionPage\n        name = \"appstest1\"\n        apps.wait_for_loading_to_disappear()\n        apps.select_input(name)\n        apps.click_button(f'//table[@class=\"vxe-table--body\"]//tr/td[2]//span[text()=\"{name}\"]')\n        apps.click_all_button(\"编辑\")\n        xpath = '//div[@class=\"d-flex\"]/div[label[text()=\"排序\"]]//input'\n>       ele = apps.get_find_element_xpath(xpath)\n\nTests\\test_system\\test_apps.py:325: \n_ _ _ _ _ _ _ _ _ _ _ _ _ _ _ _ _ _ _ _ _ _ _ _ _ _ _ _ _ _ _ _ _ _ _ _ _ _ _ _ _ _ _ _ _ _ _ _ _ _ _ _ _ _ _ _ _ _ _ _ _ _ _ _ _ _ _ _ _ _ _ _ _ _ _ _ _ _ _ _ _ _ _ _ _ _ _ _ _ _ _ _ _ _ _ _ _ _ _ _ _ _ _ _ _ _ _ _ _ _ _ _ _ _ _ _\nPages\\systemPage\\apps_page.py:29: in get_find_element_xpath\n    return self.find_element(By.XPATH, xpath)\nPages\\base_page.py:28: in find_element\n    return WebDriverWait(self.driver, wait_time).until(\n_ _ _ _ _ _ _ _ _ _ _ _ _ _ _ _ _ _ _ _ _ _ _ _ _ _ _ _ _ _ _ _ _ _ _ _ _ _ _ _ _ _ _ _ _ _ _ _ _ _ _ _ _ _ _ _ _ _ _ _ _ _ _ _ _ _ _ _ _ _ _ _ _ _ _ _ _ _ _ _ _ _ _ _ _ _ _ _ _ _ _ _ _ _ _ _ _ _ _ _ _ _ _ _ _ _ _ _ _ _ _ _ _ _ _ _\n\nself = <selenium.webdriver.support.wait.WebDriverWait (session=\"b16c973eefabdf09d9635ec2e1e8e2aa\")>, method = <function presence_of_element_located.<locals>._predicate at 0x0000028D6BD7D120>, message = ''\n\n    def until(self, method: Callable[[D], Union[Literal[False], T]], message: str = \"\") -> T:\n        \"\"\"Wait until the method returns a value that is not False.\n    \n        Calls the method provided with the driver as an argument until the\n        return value does not evaluate to ``False``.\n    \n        Parameters:\n        -----------\n        method: callable(WebDriver)\n            - A callable object that takes a WebDriver instance as an argument.\n    \n        message: str\n            - Optional message for :exc:`TimeoutException`\n    \n        Return:\n        -------\n        object: T\n            - The result of the last call to `method`\n    \n        Raises:\n        -------\n        TimeoutException\n            - If 'method' does not return a truthy value within the WebDriverWait\n            object's timeout\n    \n        Example:\n        --------\n        >>> from selenium.webdriver.common.by import By\n        >>> from selenium.webdriver.support.ui import WebDriverWait\n        >>> from selenium.webdriver.support import expected_conditions as EC\n    \n        # Wait until an element is visible on the page\n        >>> wait = WebDriverWait(driver, 10)\n        >>> element = wait.until(EC.visibility_of_element_located((By.ID, \"exampleId\")))\n        >>> print(element.text)\n        \"\"\"\n        screen = None\n        stacktrace = None\n    \n        end_time = time.monotonic() + self._timeout\n        while True:\n            try:\n                value = method(self._driver)\n                if value:\n                    return value\n            except self._ignored_exceptions as exc:\n                screen = getattr(exc, \"screen\", None)\n                stacktrace = getattr(exc, \"stacktrace\", None)\n            if time.monotonic() > end_time:\n                break\n            time.sleep(self._poll)\n>       raise TimeoutException(message, screen, stacktrace)\nE       selenium.common.exceptions.TimeoutException: Message: \nE       Stacktrace:\nE       \tGetHandleVerifier [0x0x7ff777126f65+78965]\nE       \tGetHandleVerifier [0x0x7ff777126fc0+79056]\nE       \t(No symbol) [0x0x7ff776eb9dda]\nE       \t(No symbol) [0x0x7ff776f102ea]\nE       \t(No symbol) [0x0x7ff776f1059c]\nE       \t(No symbol) [0x0x7ff776f63f37]\nE       \t(No symbol) [0x0x7ff776f386af]\nE       \t(No symbol) [0x0x7ff776f60dbe]\nE       \t(No symbol) [0x0x7ff776f38443]\nE       \t(No symbol) [0x0x7ff776f01311]\nE       \t(No symbol) [0x0x7ff776f020a3]\nE       \tGetHandleVerifier [0x0x7ff7773de26d+2926461]\nE       \tGetHandleVerifier [0x0x7ff7773d8993+2903715]\nE       \tGetHandleVerifier [0x0x7ff7773f6aed+3026941]\nE       \tGetHandleVerifier [0x0x7ff7771416fe+187406]\nE       \tGetHandleVerifier [0x0x7ff7771496ef+220159]\nE       \tGetHandleVerifier [0x0x7ff77712faf4+114692]\nE       \tGetHandleVerifier [0x0x7ff77712fca9+115129]\nE       \tGetHandleVerifier [0x0x7ff7771164d8+10728]\nE       \tBaseThreadInitThunk [0x0x7ffe121c7374+20]\nE       \tRtlUserThreadStart [0x0x7ffe133dcc91+33]\n\nmyenv\\lib\\site-packages\\selenium\\webdriver\\support\\wait.py:138: TimeoutException","flaky":false,"newFailed":false,"newBroken":false,"newPassed":false,"retriesCount":0,"retriesStatusChange":false,"beforeStages":[{"name":"login_to_apps","time":{"start":1764895369806,"stop":1764895382593,"duration":12787},"status":"passed","steps":[],"attachments":[],"parameters":[],"hasContent":false,"stepsCount":0,"attachmentStep":false,"attachmentsCount":0,"shouldDisplayMessage":false}],"testStage":{"status":"broken","statusMessage":"selenium.common.exceptions.TimeoutException: Message: \nStacktrace:\n\tGetHandleVerifier [0x0x7ff777126f65+78965]\n\tGetHandleVerifier [0x0x7ff777126fc0+79056]\n\t(No symbol) [0x0x7ff776eb9dda]\n\t(No symbol) [0x0x7ff776f102ea]\n\t(No symbol) [0x0x7ff776f1059c]\n\t(No symbol) [0x0x7ff776f63f37]\n\t(No symbol) [0x0x7ff776f386af]\n\t(No symbol) [0x0x7ff776f60dbe]\n\t(No symbol) [0x0x7ff776f38443]\n\t(No symbol) [0x0x7ff776f01311]\n\t(No symbol) [0x0x7ff776f020a3]\n\tGetHandleVerifier [0x0x7ff7773de26d+2926461]\n\tGetHandleVerifier [0x0x7ff7773d8993+2903715]\n\tGetHandleVerifier [0x0x7ff7773f6aed+3026941]\n\tGetHandleVerifier [0x0x7ff7771416fe+187406]\n\tGetHandleVerifier [0x0x7ff7771496ef+220159]\n\tGetHandleVerifier [0x0x7ff77712faf4+114692]\n\tGetHandleVerifier [0x0x7ff77712fca9+115129]\n\tGetHandleVerifier [0x0x7ff7771164d8+10728]\n\tBaseThreadInitThunk [0x0x7ffe121c7374+20]\n\tRtlUserThreadStart [0x0x7ffe133dcc91+33]","statusTrace":"self = <test_system.test_apps.TestSAppsPage object at 0x0000028D694B3220>, login_to_apps = <selenium.webdriver.chrome.webdriver.WebDriver (session=\"b16c973eefabdf09d9635ec2e1e8e2aa\")>\n\n    @allure.story(\"数字文本框 只允许填写数字\")\n    # @pytest.mark.run(order=1)\n    def test_apps_addnum(self, login_to_apps):\n        driver = login_to_apps  # WebDriver 实例\n        apps = AppsPage(driver)  # 用 driver 初始化 ExpressionPage\n        name = \"appstest1\"\n        apps.wait_for_loading_to_disappear()\n        apps.select_input(name)\n        apps.click_button(f'//table[@class=\"vxe-table--body\"]//tr/td[2]//span[text()=\"{name}\"]')\n        apps.click_all_button(\"编辑\")\n        xpath = '//div[@class=\"d-flex\"]/div[label[text()=\"排序\"]]//input'\n>       ele = apps.get_find_element_xpath(xpath)\n\nTests\\test_system\\test_apps.py:325: \n_ _ _ _ _ _ _ _ _ _ _ _ _ _ _ _ _ _ _ _ _ _ _ _ _ _ _ _ _ _ _ _ _ _ _ _ _ _ _ _ _ _ _ _ _ _ _ _ _ _ _ _ _ _ _ _ _ _ _ _ _ _ _ _ _ _ _ _ _ _ _ _ _ _ _ _ _ _ _ _ _ _ _ _ _ _ _ _ _ _ _ _ _ _ _ _ _ _ _ _ _ _ _ _ _ _ _ _ _ _ _ _ _ _ _ _\nPages\\systemPage\\apps_page.py:29: in get_find_element_xpath\n    return self.find_element(By.XPATH, xpath)\nPages\\base_page.py:28: in find_element\n    return WebDriverWait(self.driver, wait_time).until(\n_ _ _ _ _ _ _ _ _ _ _ _ _ _ _ _ _ _ _ _ _ _ _ _ _ _ _ _ _ _ _ _ _ _ _ _ _ _ _ _ _ _ _ _ _ _ _ _ _ _ _ _ _ _ _ _ _ _ _ _ _ _ _ _ _ _ _ _ _ _ _ _ _ _ _ _ _ _ _ _ _ _ _ _ _ _ _ _ _ _ _ _ _ _ _ _ _ _ _ _ _ _ _ _ _ _ _ _ _ _ _ _ _ _ _ _\n\nself = <selenium.webdriver.support.wait.WebDriverWait (session=\"b16c973eefabdf09d9635ec2e1e8e2aa\")>, method = <function presence_of_element_located.<locals>._predicate at 0x0000028D6BD7D120>, message = ''\n\n    def until(self, method: Callable[[D], Union[Literal[False], T]], message: str = \"\") -> T:\n        \"\"\"Wait until the method returns a value that is not False.\n    \n        Calls the method provided with the driver as an argument until the\n        return value does not evaluate to ``False``.\n    \n        Parameters:\n        -----------\n        method: callable(WebDriver)\n            - A callable object that takes a WebDriver instance as an argument.\n    \n        message: str\n            - Optional message for :exc:`TimeoutException`\n    \n        Return:\n        -------\n        object: T\n            - The result of the last call to `method`\n    \n        Raises:\n        -------\n        TimeoutException\n            - If 'method' does not return a truthy value within the WebDriverWait\n            object's timeout\n    \n        Example:\n        --------\n        >>> from selenium.webdriver.common.by import By\n        >>> from selenium.webdriver.support.ui import WebDriverWait\n        >>> from selenium.webdriver.support import expected_conditions as EC\n    \n        # Wait until an element is visible on the page\n        >>> wait = WebDriverWait(driver, 10)\n        >>> element = wait.until(EC.visibility_of_element_located((By.ID, \"exampleId\")))\n        >>> print(element.text)\n        \"\"\"\n        screen = None\n        stacktrace = None\n    \n        end_time = time.monotonic() + self._timeout\n        while True:\n            try:\n                value = method(self._driver)\n                if value:\n                    return value\n            except self._ignored_exceptions as exc:\n                screen = getattr(exc, \"screen\", None)\n                stacktrace = getattr(exc, \"stacktrace\", None)\n            if time.monotonic() > end_time:\n                break\n            time.sleep(self._poll)\n>       raise TimeoutException(message, screen, stacktrace)\nE       selenium.common.exceptions.TimeoutException: Message: \nE       Stacktrace:\nE       \tGetHandleVerifier [0x0x7ff777126f65+78965]\nE       \tGetHandleVerifier [0x0x7ff777126fc0+79056]\nE       \t(No symbol) [0x0x7ff776eb9dda]\nE       \t(No symbol) [0x0x7ff776f102ea]\nE       \t(No symbol) [0x0x7ff776f1059c]\nE       \t(No symbol) [0x0x7ff776f63f37]\nE       \t(No symbol) [0x0x7ff776f386af]\nE       \t(No symbol) [0x0x7ff776f60dbe]\nE       \t(No symbol) [0x0x7ff776f38443]\nE       \t(No symbol) [0x0x7ff776f01311]\nE       \t(No symbol) [0x0x7ff776f020a3]\nE       \tGetHandleVerifier [0x0x7ff7773de26d+2926461]\nE       \tGetHandleVerifier [0x0x7ff7773d8993+2903715]\nE       \tGetHandleVerifier [0x0x7ff7773f6aed+3026941]\nE       \tGetHandleVerifier [0x0x7ff7771416fe+187406]\nE       \tGetHandleVerifier [0x0x7ff7771496ef+220159]\nE       \tGetHandleVerifier [0x0x7ff77712faf4+114692]\nE       \tGetHandleVerifier [0x0x7ff77712fca9+115129]\nE       \tGetHandleVerifier [0x0x7ff7771164d8+10728]\nE       \tBaseThreadInitThunk [0x0x7ffe121c7374+20]\nE       \tRtlUserThreadStart [0x0x7ffe133dcc91+33]\n\nmyenv\\lib\\site-packages\\selenium\\webdriver\\support\\wait.py:138: TimeoutException","steps":[],"attachments":[{"uid":"9e0ac392daa51a38","name":"test_apps_addnum_failure","source":"9e0ac392daa51a38.png","type":"image/png","size":77908},{"uid":"85b5b523151fa331","name":"test_apps_addnum_source","source":"85b5b523151fa331.html","type":"text/html","size":1252003},{"uid":"cd2e7b684bb82b4","name":"log","source":"cd2e7b684bb82b4.txt","type":"text/plain","size":1929}],"parameters":[],"hasContent":true,"stepsCount":0,"attachmentStep":false,"attachmentsCount":3,"shouldDisplayMessage":true},"afterStages":[{"name":"login_to_apps::0","time":{"start":1764895398308,"stop":1764895400486,"duration":2178},"status":"passed","steps":[],"attachments":[],"parameters":[],"hasContent":false,"stepsCount":0,"attachmentStep":false,"attachmentsCount":0,"shouldDisplayMessage":false}],"labels":[{"name":"story","value":"数字文本框 只允许填写数字"},{"name":"feature","value":"应用管理页用例"},{"name":"parentSuite","value":"Tests.test_system"},{"name":"suite","value":"test_apps"},{"name":"subSuite","value":"TestSAppsPage"},{"name":"host","value":"WIN-20240820MJV"},{"name":"thread","value":"28764-MainThread"},{"name":"framework","value":"pytest"},{"name":"language","value":"cpython3"},{"name":"package","value":"Tests.test_system.test_apps"},{"name":"resultFormat","value":"allure2"}],"parameters":[],"links":[],"hidden":true,"retry":true,"extra":{"categories":[],"tags":[]},"source":"2e23a605c8b0447c.json","parameterValues":[]}