{"uid":"3017ea1c246dd6ec","name":"test_modeldesign_save","fullName":"Tests.test_system.test_modeldesign.TestSModelDesignPage#test_modeldesign_save","historyId":"0f64803f1165750c5438c218ed2324c6","time":{"start":1768336555886,"stop":1768336568331,"duration":12445},"status":"broken","statusMessage":"selenium.common.exceptions.TimeoutException: Message: \nStacktrace:\n\tGetHandleVerifier [0x0x7ff732cc6f65+78965]\n\tGetHandleVerifier [0x0x7ff732cc6fc0+79056]\n\t(No symbol) [0x0x7ff732a59dda]\n\t(No symbol) [0x0x7ff732ab02ea]\n\t(No symbol) [0x0x7ff732ab059c]\n\t(No symbol) [0x0x7ff732b03f37]\n\t(No symbol) [0x0x7ff732ad86af]\n\t(No symbol) [0x0x7ff732b00dbe]\n\t(No symbol) [0x0x7ff732ad8443]\n\t(No symbol) [0x0x7ff732aa1311]\n\t(No symbol) [0x0x7ff732aa20a3]\n\tGetHandleVerifier [0x0x7ff732f7e26d+2926461]\n\tGetHandleVerifier [0x0x7ff732f78993+2903715]\n\tGetHandleVerifier [0x0x7ff732f96aed+3026941]\n\tGetHandleVerifier [0x0x7ff732ce16fe+187406]\n\tGetHandleVerifier [0x0x7ff732ce96ef+220159]\n\tGetHandleVerifier [0x0x7ff732ccfaf4+114692]\n\tGetHandleVerifier [0x0x7ff732ccfca9+115129]\n\tGetHandleVerifier [0x0x7ff732cb64d8+10728]\n\tBaseThreadInitThunk [0x0x7ff90e507374+20]\n\tRtlUserThreadStart [0x0x7ff91019cc91+33]","statusTrace":"self = <test_system.test_modeldesign.TestSModelDesignPage object at 0x000001C819895960>, login_to_modeldesign = <selenium.webdriver.chrome.webdriver.WebDriver (session=\"3645cb07d48db08f3532184382c97a81\")>\n\n    @allure.story(\"点击保存 不报错\")\n    # @pytest.mark.run(order=1)\n    def test_modeldesign_save(self, login_to_modeldesign):\n        driver = login_to_modeldesign  # WebDriver 实例\n        model = OtherPage(driver)  # 用 driver 初始化 OtherPage\n        name = '3测试模型'\n        sleep(2)\n        model.click_button(\n            f'//div[@class=\"content-siadeNav\"]//div[@role=\"treeitem\"][1]/div[2]/div//span[text()=\" {name} \"]')\n        model.click_modeldesign_button(\"保存\")\n        model.click_del_confirm()\n>       message = model.get_find_message()\n\nTests\\test_system\\test_modeldesign.py:188: \n_ _ _ _ _ _ _ _ _ _ _ _ _ _ _ _ _ _ _ _ _ _ _ _ _ _ _ _ _ _ _ _ _ _ _ _ _ _ _ _ _ _ _ _ _ _ _ _ _ _ _ _ _ _ _ _ _ _ _ _ _ _ _ _ _ _ _ _ _ _ _ _ _ _ _ _ _ _ _ _ _ _ _ _ _ _ _ _ _ _ _ _ _ _ _ _ _ _ _ _ _ _ _ _ _ _ _ _ _ _ _ _ _ _ _ _\nPages\\systemPage\\other_page.py:35: in get_find_message\n    message = WebDriverWait(self.driver, 10).until(\n_ _ _ _ _ _ _ _ _ _ _ _ _ _ _ _ _ _ _ _ _ _ _ _ _ _ _ _ _ _ _ _ _ _ _ _ _ _ _ _ _ _ _ _ _ _ _ _ _ _ _ _ _ _ _ _ _ _ _ _ _ _ _ _ _ _ _ _ _ _ _ _ _ _ _ _ _ _ _ _ _ _ _ _ _ _ _ _ _ _ _ _ _ _ _ _ _ _ _ _ _ _ _ _ _ _ _ _ _ _ _ _ _ _ _ _\n\nself = <selenium.webdriver.support.wait.WebDriverWait (session=\"3645cb07d48db08f3532184382c97a81\")>, method = <function visibility_of_element_located.<locals>._predicate at 0x000001C81BACC5E0>, message = ''\n\n    def until(self, method: Callable[[D], Union[Literal[False], T]], message: str = \"\") -> T:\n        \"\"\"Wait until the method returns a value that is not False.\n    \n        Calls the method provided with the driver as an argument until the\n        return value does not evaluate to ``False``.\n    \n        Parameters:\n        -----------\n        method: callable(WebDriver)\n            - A callable object that takes a WebDriver instance as an argument.\n    \n        message: str\n            - Optional message for :exc:`TimeoutException`\n    \n        Return:\n        -------\n        object: T\n            - The result of the last call to `method`\n    \n        Raises:\n        -------\n        TimeoutException\n            - If 'method' does not return a truthy value within the WebDriverWait\n            object's timeout\n    \n        Example:\n        --------\n        >>> from selenium.webdriver.common.by import By\n        >>> from selenium.webdriver.support.ui import WebDriverWait\n        >>> from selenium.webdriver.support import expected_conditions as EC\n    \n        # Wait until an element is visible on the page\n        >>> wait = WebDriverWait(driver, 10)\n        >>> element = wait.until(EC.visibility_of_element_located((By.ID, \"exampleId\")))\n        >>> print(element.text)\n        \"\"\"\n        screen = None\n        stacktrace = None\n    \n        end_time = time.monotonic() + self._timeout\n        while True:\n            try:\n                value = method(self._driver)\n                if value:\n                    return value\n            except self._ignored_exceptions as exc:\n                screen = getattr(exc, \"screen\", None)\n                stacktrace = getattr(exc, \"stacktrace\", None)\n            if time.monotonic() > end_time:\n                break\n            time.sleep(self._poll)\n>       raise TimeoutException(message, screen, stacktrace)\nE       selenium.common.exceptions.TimeoutException: Message: \nE       Stacktrace:\nE       \tGetHandleVerifier [0x0x7ff732cc6f65+78965]\nE       \tGetHandleVerifier [0x0x7ff732cc6fc0+79056]\nE       \t(No symbol) [0x0x7ff732a59dda]\nE       \t(No symbol) [0x0x7ff732ab02ea]\nE       \t(No symbol) [0x0x7ff732ab059c]\nE       \t(No symbol) [0x0x7ff732b03f37]\nE       \t(No symbol) [0x0x7ff732ad86af]\nE       \t(No symbol) [0x0x7ff732b00dbe]\nE       \t(No symbol) [0x0x7ff732ad8443]\nE       \t(No symbol) [0x0x7ff732aa1311]\nE       \t(No symbol) [0x0x7ff732aa20a3]\nE       \tGetHandleVerifier [0x0x7ff732f7e26d+2926461]\nE       \tGetHandleVerifier [0x0x7ff732f78993+2903715]\nE       \tGetHandleVerifier [0x0x7ff732f96aed+3026941]\nE       \tGetHandleVerifier [0x0x7ff732ce16fe+187406]\nE       \tGetHandleVerifier [0x0x7ff732ce96ef+220159]\nE       \tGetHandleVerifier [0x0x7ff732ccfaf4+114692]\nE       \tGetHandleVerifier [0x0x7ff732ccfca9+115129]\nE       \tGetHandleVerifier [0x0x7ff732cb64d8+10728]\nE       \tBaseThreadInitThunk [0x0x7ff90e507374+20]\nE       \tRtlUserThreadStart [0x0x7ff91019cc91+33]\n\nmyenv\\lib\\site-packages\\selenium\\webdriver\\support\\wait.py:138: TimeoutException","flaky":false,"newFailed":false,"newBroken":false,"newPassed":false,"retriesCount":0,"retriesStatusChange":false,"beforeStages":[{"name":"login_to_modeldesign","time":{"start":1768336542013,"stop":1768336555885,"duration":13872},"status":"passed","steps":[],"attachments":[],"parameters":[],"stepsCount":0,"hasContent":false,"attachmentStep":false,"shouldDisplayMessage":false,"attachmentsCount":0}],"testStage":{"status":"broken","statusMessage":"selenium.common.exceptions.TimeoutException: Message: \nStacktrace:\n\tGetHandleVerifier [0x0x7ff732cc6f65+78965]\n\tGetHandleVerifier [0x0x7ff732cc6fc0+79056]\n\t(No symbol) [0x0x7ff732a59dda]\n\t(No symbol) [0x0x7ff732ab02ea]\n\t(No symbol) [0x0x7ff732ab059c]\n\t(No symbol) [0x0x7ff732b03f37]\n\t(No symbol) [0x0x7ff732ad86af]\n\t(No symbol) [0x0x7ff732b00dbe]\n\t(No symbol) [0x0x7ff732ad8443]\n\t(No symbol) [0x0x7ff732aa1311]\n\t(No symbol) [0x0x7ff732aa20a3]\n\tGetHandleVerifier [0x0x7ff732f7e26d+2926461]\n\tGetHandleVerifier [0x0x7ff732f78993+2903715]\n\tGetHandleVerifier [0x0x7ff732f96aed+3026941]\n\tGetHandleVerifier [0x0x7ff732ce16fe+187406]\n\tGetHandleVerifier [0x0x7ff732ce96ef+220159]\n\tGetHandleVerifier [0x0x7ff732ccfaf4+114692]\n\tGetHandleVerifier [0x0x7ff732ccfca9+115129]\n\tGetHandleVerifier [0x0x7ff732cb64d8+10728]\n\tBaseThreadInitThunk [0x0x7ff90e507374+20]\n\tRtlUserThreadStart [0x0x7ff91019cc91+33]","statusTrace":"self = <test_system.test_modeldesign.TestSModelDesignPage object at 0x000001C819895960>, login_to_modeldesign = <selenium.webdriver.chrome.webdriver.WebDriver (session=\"3645cb07d48db08f3532184382c97a81\")>\n\n    @allure.story(\"点击保存 不报错\")\n    # @pytest.mark.run(order=1)\n    def test_modeldesign_save(self, login_to_modeldesign):\n        driver = login_to_modeldesign  # WebDriver 实例\n        model = OtherPage(driver)  # 用 driver 初始化 OtherPage\n        name = '3测试模型'\n        sleep(2)\n        model.click_button(\n            f'//div[@class=\"content-siadeNav\"]//div[@role=\"treeitem\"][1]/div[2]/div//span[text()=\" {name} \"]')\n        model.click_modeldesign_button(\"保存\")\n        model.click_del_confirm()\n>       message = model.get_find_message()\n\nTests\\test_system\\test_modeldesign.py:188: \n_ _ _ _ _ _ _ _ _ _ _ _ _ _ _ _ _ _ _ _ _ _ _ _ _ _ _ _ _ _ _ _ _ _ _ _ _ _ _ _ _ _ _ _ _ _ _ _ _ _ _ _ _ _ _ _ _ _ _ _ _ _ _ _ _ _ _ _ _ _ _ _ _ _ _ _ _ _ _ _ _ _ _ _ _ _ _ _ _ _ _ _ _ _ _ _ _ _ _ _ _ _ _ _ _ _ _ _ _ _ _ _ _ _ _ _\nPages\\systemPage\\other_page.py:35: in get_find_message\n    message = WebDriverWait(self.driver, 10).until(\n_ _ _ _ _ _ _ _ _ _ _ _ _ _ _ _ _ _ _ _ _ _ _ _ _ _ _ _ _ _ _ _ _ _ _ _ _ _ _ _ _ _ _ _ _ _ _ _ _ _ _ _ _ _ _ _ _ _ _ _ _ _ _ _ _ _ _ _ _ _ _ _ _ _ _ _ _ _ _ _ _ _ _ _ _ _ _ _ _ _ _ _ _ _ _ _ _ _ _ _ _ _ _ _ _ _ _ _ _ _ _ _ _ _ _ _\n\nself = <selenium.webdriver.support.wait.WebDriverWait (session=\"3645cb07d48db08f3532184382c97a81\")>, method = <function visibility_of_element_located.<locals>._predicate at 0x000001C81BACC5E0>, message = ''\n\n    def until(self, method: Callable[[D], Union[Literal[False], T]], message: str = \"\") -> T:\n        \"\"\"Wait until the method returns a value that is not False.\n    \n        Calls the method provided with the driver as an argument until the\n        return value does not evaluate to ``False``.\n    \n        Parameters:\n        -----------\n        method: callable(WebDriver)\n            - A callable object that takes a WebDriver instance as an argument.\n    \n        message: str\n            - Optional message for :exc:`TimeoutException`\n    \n        Return:\n        -------\n        object: T\n            - The result of the last call to `method`\n    \n        Raises:\n        -------\n        TimeoutException\n            - If 'method' does not return a truthy value within the WebDriverWait\n            object's timeout\n    \n        Example:\n        --------\n        >>> from selenium.webdriver.common.by import By\n        >>> from selenium.webdriver.support.ui import WebDriverWait\n        >>> from selenium.webdriver.support import expected_conditions as EC\n    \n        # Wait until an element is visible on the page\n        >>> wait = WebDriverWait(driver, 10)\n        >>> element = wait.until(EC.visibility_of_element_located((By.ID, \"exampleId\")))\n        >>> print(element.text)\n        \"\"\"\n        screen = None\n        stacktrace = None\n    \n        end_time = time.monotonic() + self._timeout\n        while True:\n            try:\n                value = method(self._driver)\n                if value:\n                    return value\n            except self._ignored_exceptions as exc:\n                screen = getattr(exc, \"screen\", None)\n                stacktrace = getattr(exc, \"stacktrace\", None)\n            if time.monotonic() > end_time:\n                break\n            time.sleep(self._poll)\n>       raise TimeoutException(message, screen, stacktrace)\nE       selenium.common.exceptions.TimeoutException: Message: \nE       Stacktrace:\nE       \tGetHandleVerifier [0x0x7ff732cc6f65+78965]\nE       \tGetHandleVerifier [0x0x7ff732cc6fc0+79056]\nE       \t(No symbol) [0x0x7ff732a59dda]\nE       \t(No symbol) [0x0x7ff732ab02ea]\nE       \t(No symbol) [0x0x7ff732ab059c]\nE       \t(No symbol) [0x0x7ff732b03f37]\nE       \t(No symbol) [0x0x7ff732ad86af]\nE       \t(No symbol) [0x0x7ff732b00dbe]\nE       \t(No symbol) [0x0x7ff732ad8443]\nE       \t(No symbol) [0x0x7ff732aa1311]\nE       \t(No symbol) [0x0x7ff732aa20a3]\nE       \tGetHandleVerifier [0x0x7ff732f7e26d+2926461]\nE       \tGetHandleVerifier [0x0x7ff732f78993+2903715]\nE       \tGetHandleVerifier [0x0x7ff732f96aed+3026941]\nE       \tGetHandleVerifier [0x0x7ff732ce16fe+187406]\nE       \tGetHandleVerifier [0x0x7ff732ce96ef+220159]\nE       \tGetHandleVerifier [0x0x7ff732ccfaf4+114692]\nE       \tGetHandleVerifier [0x0x7ff732ccfca9+115129]\nE       \tGetHandleVerifier [0x0x7ff732cb64d8+10728]\nE       \tBaseThreadInitThunk [0x0x7ff90e507374+20]\nE       \tRtlUserThreadStart [0x0x7ff91019cc91+33]\n\nmyenv\\lib\\site-packages\\selenium\\webdriver\\support\\wait.py:138: TimeoutException","steps":[],"attachments":[{"uid":"cfb25023535d28af","name":"test_modeldesign_save_20260114_043608","source":"cfb25023535d28af.png","type":"image/png","size":109726},{"uid":"f6f265c68527e562","name":"test_modeldesign_save_20260114_043608","source":"f6f265c68527e562.png","type":"image/png","size":109427},{"uid":"94644c5b1824ebc9","name":"test_modeldesign_save_20260114_043608","source":"94644c5b1824ebc9.png","type":"image/png","size":71856},{"uid":"807286afe5965c","name":"test_modeldesign_save_20260114_043608","source":"807286afe5965c.png","type":"image/png","size":65260},{"uid":"49b000936a4f62f4","name":"log","source":"49b000936a4f62f4.txt","type":"text/plain","size":1715}],"parameters":[],"stepsCount":0,"hasContent":true,"attachmentStep":false,"shouldDisplayMessage":true,"attachmentsCount":5},"afterStages":[{"name":"login_to_modeldesign::0","time":{"start":1768336568793,"stop":1768336570964,"duration":2171},"status":"passed","steps":[],"attachments":[],"parameters":[],"stepsCount":0,"hasContent":false,"attachmentStep":false,"shouldDisplayMessage":false,"attachmentsCount":0}],"labels":[{"name":"story","value":"点击保存 不报错"},{"name":"feature","value":"模型设计页用例"},{"name":"parentSuite","value":"Tests.test_system"},{"name":"suite","value":"test_modeldesign"},{"name":"subSuite","value":"TestSModelDesignPage"},{"name":"host","value":"WIN-20240820MJV"},{"name":"thread","value":"33200-MainThread"},{"name":"framework","value":"pytest"},{"name":"language","value":"cpython3"},{"name":"package","value":"Tests.test_system.test_modeldesign"},{"name":"resultFormat","value":"allure2"}],"parameters":[],"links":[],"hidden":true,"retry":true,"extra":{"categories":[],"tags":[]},"source":"3017ea1c246dd6ec.json","parameterValues":[]}