{"uid":"31bf7352105d472f","name":"test_affairs_process_update2","fullName":"Tests.test_system.test_affairs.TestAffairsPage#test_affairs_process_update2","historyId":"119edf7b15762dffae29b0f371ad9e60","time":{"start":1763757486042,"stop":1763757499706,"duration":13664},"status":"broken","statusMessage":"selenium.common.exceptions.TimeoutException: Message: 点击失败，找不到元素：xpath = //td[@class=\"available today\"]//span","statusTrace":"self = <Pages.systemPage.affairs_page.AffairsPage object at 0x000001C3263444C0>, by_or_element = 'xpath', value = '//td[@class=\"available today\"]//span', wait_time = 10, retries = 2\n\n    def click(self, by_or_element, value=None, wait_time=10, retries=2):\n        \"\"\"\n        更稳健的点击方法：支持定位符或 WebElement，自动处理 stale 元素、点击拦截等问题。\n        \"\"\"\n        for attempt in range(retries):\n            try:\n                if value is not None:\n                    by = by_or_element\n                    logging.info(f\"点击元素：By = {by}, Value = {value}\")\n>                   element = WebDriverWait(self.driver, wait_time).until(\n                        EC.element_to_be_clickable((by, value))\n                    )\n\nPages\\base_page.py:49: \n_ _ _ _ _ _ _ _ _ _ _ _ _ _ _ _ _ _ _ _ _ _ _ _ _ _ _ _ _ _ _ _ _ _ _ _ _ _ _ _ _ _ _ _ _ _ _ _ _ _ _ _ _ _ _ _ _ _ _ _ _ _ _ _ _ _ _ _ _ _ _ _ _ _ _ _ _ _ _ _ _ _ _ _ _ _ _ _ _ _ _ _ _ _ _ _ _ _ _ _ _ _ _ _ _ _ _ _ _ _ _ _ _ _ _ _\n\nself = <selenium.webdriver.support.wait.WebDriverWait (session=\"7ab79838cb275b7c605b96630db47ea4\")>, method = <function element_to_be_clickable.<locals>._predicate at 0x000001C327C34940>, message = ''\n\n    def until(self, method: Callable[[D], Union[Literal[False], T]], message: str = \"\") -> T:\n        \"\"\"Wait until the method returns a value that is not False.\n    \n        Calls the method provided with the driver as an argument until the\n        return value does not evaluate to ``False``.\n    \n        Parameters:\n        -----------\n        method: callable(WebDriver)\n            - A callable object that takes a WebDriver instance as an argument.\n    \n        message: str\n            - Optional message for :exc:`TimeoutException`\n    \n        Return:\n        -------\n        object: T\n            - The result of the last call to `method`\n    \n        Raises:\n        -------\n        TimeoutException\n            - If 'method' does not return a truthy value within the WebDriverWait\n            object's timeout\n    \n        Example:\n        --------\n        >>> from selenium.webdriver.common.by import By\n        >>> from selenium.webdriver.support.ui import WebDriverWait\n        >>> from selenium.webdriver.support import expected_conditions as EC\n    \n        # Wait until an element is visible on the page\n        >>> wait = WebDriverWait(driver, 10)\n        >>> element = wait.until(EC.visibility_of_element_located((By.ID, \"exampleId\")))\n        >>> print(element.text)\n        \"\"\"\n        screen = None\n        stacktrace = None\n    \n        end_time = time.monotonic() + self._timeout\n        while True:\n            try:\n                value = method(self._driver)\n                if value:\n                    return value\n            except self._ignored_exceptions as exc:\n                screen = getattr(exc, \"screen\", None)\n                stacktrace = getattr(exc, \"stacktrace\", None)\n            if time.monotonic() > end_time:\n                break\n            time.sleep(self._poll)\n>       raise TimeoutException(message, screen, stacktrace)\nE       selenium.common.exceptions.TimeoutException: Message: \nE       Stacktrace:\nE       \tGetHandleVerifier [0x0x7ff7e6796f65+78965]\nE       \tGetHandleVerifier [0x0x7ff7e6796fc0+79056]\nE       \t(No symbol) [0x0x7ff7e6529dda]\nE       \t(No symbol) [0x0x7ff7e65802ea]\nE       \t(No symbol) [0x0x7ff7e658059c]\nE       \t(No symbol) [0x0x7ff7e65d3f37]\nE       \t(No symbol) [0x0x7ff7e65a86af]\nE       \t(No symbol) [0x0x7ff7e65d0dbe]\nE       \t(No symbol) [0x0x7ff7e65a8443]\nE       \t(No symbol) [0x0x7ff7e6571311]\nE       \t(No symbol) [0x0x7ff7e65720a3]\nE       \tGetHandleVerifier [0x0x7ff7e6a4e26d+2926461]\nE       \tGetHandleVerifier [0x0x7ff7e6a48993+2903715]\nE       \tGetHandleVerifier [0x0x7ff7e6a66aed+3026941]\nE       \tGetHandleVerifier [0x0x7ff7e67b16fe+187406]\nE       \tGetHandleVerifier [0x0x7ff7e67b96ef+220159]\nE       \tGetHandleVerifier [0x0x7ff7e679faf4+114692]\nE       \tGetHandleVerifier [0x0x7ff7e679fca9+115129]\nE       \tGetHandleVerifier [0x0x7ff7e67864d8+10728]\nE       \tBaseThreadInitThunk [0x0x7ffcce1b7374+20]\nE       \tRtlUserThreadStart [0x0x7ffcce53cc91+33]\n\nmyenv\\lib\\site-packages\\selenium\\webdriver\\support\\wait.py:138: TimeoutException\n\nDuring handling of the above exception, another exception occurred:\n\nself = <test_system.test_affairs.TestAffairsPage object at 0x000001C325FAB1C0>, login_to_affairs = <selenium.webdriver.chrome.webdriver.WebDriver (session=\"7ab79838cb275b7c605b96630db47ea4\")>\n\n    @allure.story(\"我的流程-修改频率成功\")\n    # @pytest.mark.run(order=1)\n    def test_affairs_process_update2(self, login_to_affairs):\n        driver = login_to_affairs  # WebDriver 实例\n        affairs = AffairsPage(driver)  # 用 driver 初始化 AffairsPage\n        name = \"测试流程8\"\n        affairs.click_process()\n        affairs.click_process_update(name)\n        affairs.click_button('//div[label[text()=\"频率\"]]/div//i')\n        affairs.click_button(f'//li[span[text()=\"一次\"]]')\n        affairs.click_button('//div[label[text()=\"执行时间\"]]/div//input')\n>       affairs.click_button('//td[@class=\"available today\"]//span')\n\nTests\\test_system\\test_affairs.py:1148: \n_ _ _ _ _ _ _ _ _ _ _ _ _ _ _ _ _ _ _ _ _ _ _ _ _ _ _ _ _ _ _ _ _ _ _ _ _ _ _ _ _ _ _ _ _ _ _ _ _ _ _ _ _ _ _ _ _ _ _ _ _ _ _ _ _ _ _ _ _ _ _ _ _ _ _ _ _ _ _ _ _ _ _ _ _ _ _ _ _ _ _ _ _ _ _ _ _ _ _ _ _ _ _ _ _ _ _ _ _ _ _ _ _ _ _ _\nPages\\systemPage\\affairs_page.py:23: in click_button\n    self.click(By.XPATH, xpath)\n_ _ _ _ _ _ _ _ _ _ _ _ _ _ _ _ _ _ _ _ _ _ _ _ _ _ _ _ _ _ _ _ _ _ _ _ _ _ _ _ _ _ _ _ _ _ _ _ _ _ _ _ _ _ _ _ _ _ _ _ _ _ _ _ _ _ _ _ _ _ _ _ _ _ _ _ _ _ _ _ _ _ _ _ _ _ _ _ _ _ _ _ _ _ _ _ _ _ _ _ _ _ _ _ _ _ _ _ _ _ _ _ _ _ _ _\n\nself = <Pages.systemPage.affairs_page.AffairsPage object at 0x000001C3263444C0>, by_or_element = 'xpath', value = '//td[@class=\"available today\"]//span', wait_time = 10, retries = 2\n\n    def click(self, by_or_element, value=None, wait_time=10, retries=2):\n        \"\"\"\n        更稳健的点击方法：支持定位符或 WebElement，自动处理 stale 元素、点击拦截等问题。\n        \"\"\"\n        for attempt in range(retries):\n            try:\n                if value is not None:\n                    by = by_or_element\n                    logging.info(f\"点击元素：By = {by}, Value = {value}\")\n                    element = WebDriverWait(self.driver, wait_time).until(\n                        EC.element_to_be_clickable((by, value))\n                    )\n                else:\n                    logging.info(\"点击元素：WebElement 对象\")\n                    element = by_or_element\n    \n                element.click()\n                logging.info(\"✅ 点击成功\")\n                return\n    \n            except ElementClickInterceptedException:\n                logging.warning(\"⚠️ 原生点击被拦截，尝试使用 JS 点击\")\n                try:\n                    self.driver.execute_script(\"arguments[0].click();\", element)\n                    logging.info(\"✅ JS 点击成功\")\n                    return\n                except Exception as js_error:\n                    logging.warning(f\"⚠️ JS 点击失败：{js_error}\")\n                    sleep(1)\n                    continue  # 下一轮重试\n    \n            except StaleElementReferenceException:\n                logging.warning(f\"⚠️ 第 {attempt + 1} 次点击失败：元素过期，尝试重新定位\")\n                sleep(1)\n                continue  # 下一轮重试时重新定位\n    \n            except TimeoutException:\n                logging.error(f\"❌ 元素未在 {wait_time} 秒内变为可点击\")\n>               raise TimeoutException(f\"点击失败，找不到元素：{by_or_element} = {value}\")\nE               selenium.common.exceptions.TimeoutException: Message: 点击失败，找不到元素：xpath = //td[@class=\"available today\"]//span\n\nPages\\base_page.py:78: TimeoutException","flaky":false,"newFailed":false,"newBroken":false,"newPassed":false,"retriesCount":0,"retriesStatusChange":false,"beforeStages":[{"name":"login_to_affairs","time":{"start":1763757476002,"stop":1763757486041,"duration":10039},"status":"passed","steps":[],"attachments":[],"parameters":[],"hasContent":false,"stepsCount":0,"attachmentStep":false,"shouldDisplayMessage":false,"attachmentsCount":0}],"testStage":{"status":"broken","statusMessage":"selenium.common.exceptions.TimeoutException: Message: 点击失败，找不到元素：xpath = //td[@class=\"available today\"]//span","statusTrace":"self = <Pages.systemPage.affairs_page.AffairsPage object at 0x000001C3263444C0>, by_or_element = 'xpath', value = '//td[@class=\"available today\"]//span', wait_time = 10, retries = 2\n\n    def click(self, by_or_element, value=None, wait_time=10, retries=2):\n        \"\"\"\n        更稳健的点击方法：支持定位符或 WebElement，自动处理 stale 元素、点击拦截等问题。\n        \"\"\"\n        for attempt in range(retries):\n            try:\n                if value is not None:\n                    by = by_or_element\n                    logging.info(f\"点击元素：By = {by}, Value = {value}\")\n>                   element = WebDriverWait(self.driver, wait_time).until(\n                        EC.element_to_be_clickable((by, value))\n                    )\n\nPages\\base_page.py:49: \n_ _ _ _ _ _ _ _ _ _ _ _ _ _ _ _ _ _ _ _ _ _ _ _ _ _ _ _ _ _ _ _ _ _ _ _ _ _ _ _ _ _ _ _ _ _ _ _ _ _ _ _ _ _ _ _ _ _ _ _ _ _ _ _ _ _ _ _ _ _ _ _ _ _ _ _ _ _ _ _ _ _ _ _ _ _ _ _ _ _ _ _ _ _ _ _ _ _ _ _ _ _ _ _ _ _ _ _ _ _ _ _ _ _ _ _\n\nself = <selenium.webdriver.support.wait.WebDriverWait (session=\"7ab79838cb275b7c605b96630db47ea4\")>, method = <function element_to_be_clickable.<locals>._predicate at 0x000001C327C34940>, message = ''\n\n    def until(self, method: Callable[[D], Union[Literal[False], T]], message: str = \"\") -> T:\n        \"\"\"Wait until the method returns a value that is not False.\n    \n        Calls the method provided with the driver as an argument until the\n        return value does not evaluate to ``False``.\n    \n        Parameters:\n        -----------\n        method: callable(WebDriver)\n            - A callable object that takes a WebDriver instance as an argument.\n    \n        message: str\n            - Optional message for :exc:`TimeoutException`\n    \n        Return:\n        -------\n        object: T\n            - The result of the last call to `method`\n    \n        Raises:\n        -------\n        TimeoutException\n            - If 'method' does not return a truthy value within the WebDriverWait\n            object's timeout\n    \n        Example:\n        --------\n        >>> from selenium.webdriver.common.by import By\n        >>> from selenium.webdriver.support.ui import WebDriverWait\n        >>> from selenium.webdriver.support import expected_conditions as EC\n    \n        # Wait until an element is visible on the page\n        >>> wait = WebDriverWait(driver, 10)\n        >>> element = wait.until(EC.visibility_of_element_located((By.ID, \"exampleId\")))\n        >>> print(element.text)\n        \"\"\"\n        screen = None\n        stacktrace = None\n    \n        end_time = time.monotonic() + self._timeout\n        while True:\n            try:\n                value = method(self._driver)\n                if value:\n                    return value\n            except self._ignored_exceptions as exc:\n                screen = getattr(exc, \"screen\", None)\n                stacktrace = getattr(exc, \"stacktrace\", None)\n            if time.monotonic() > end_time:\n                break\n            time.sleep(self._poll)\n>       raise TimeoutException(message, screen, stacktrace)\nE       selenium.common.exceptions.TimeoutException: Message: \nE       Stacktrace:\nE       \tGetHandleVerifier [0x0x7ff7e6796f65+78965]\nE       \tGetHandleVerifier [0x0x7ff7e6796fc0+79056]\nE       \t(No symbol) [0x0x7ff7e6529dda]\nE       \t(No symbol) [0x0x7ff7e65802ea]\nE       \t(No symbol) [0x0x7ff7e658059c]\nE       \t(No symbol) [0x0x7ff7e65d3f37]\nE       \t(No symbol) [0x0x7ff7e65a86af]\nE       \t(No symbol) [0x0x7ff7e65d0dbe]\nE       \t(No symbol) [0x0x7ff7e65a8443]\nE       \t(No symbol) [0x0x7ff7e6571311]\nE       \t(No symbol) [0x0x7ff7e65720a3]\nE       \tGetHandleVerifier [0x0x7ff7e6a4e26d+2926461]\nE       \tGetHandleVerifier [0x0x7ff7e6a48993+2903715]\nE       \tGetHandleVerifier [0x0x7ff7e6a66aed+3026941]\nE       \tGetHandleVerifier [0x0x7ff7e67b16fe+187406]\nE       \tGetHandleVerifier [0x0x7ff7e67b96ef+220159]\nE       \tGetHandleVerifier [0x0x7ff7e679faf4+114692]\nE       \tGetHandleVerifier [0x0x7ff7e679fca9+115129]\nE       \tGetHandleVerifier [0x0x7ff7e67864d8+10728]\nE       \tBaseThreadInitThunk [0x0x7ffcce1b7374+20]\nE       \tRtlUserThreadStart [0x0x7ffcce53cc91+33]\n\nmyenv\\lib\\site-packages\\selenium\\webdriver\\support\\wait.py:138: TimeoutException\n\nDuring handling of the above exception, another exception occurred:\n\nself = <test_system.test_affairs.TestAffairsPage object at 0x000001C325FAB1C0>, login_to_affairs = <selenium.webdriver.chrome.webdriver.WebDriver (session=\"7ab79838cb275b7c605b96630db47ea4\")>\n\n    @allure.story(\"我的流程-修改频率成功\")\n    # @pytest.mark.run(order=1)\n    def test_affairs_process_update2(self, login_to_affairs):\n        driver = login_to_affairs  # WebDriver 实例\n        affairs = AffairsPage(driver)  # 用 driver 初始化 AffairsPage\n        name = \"测试流程8\"\n        affairs.click_process()\n        affairs.click_process_update(name)\n        affairs.click_button('//div[label[text()=\"频率\"]]/div//i')\n        affairs.click_button(f'//li[span[text()=\"一次\"]]')\n        affairs.click_button('//div[label[text()=\"执行时间\"]]/div//input')\n>       affairs.click_button('//td[@class=\"available today\"]//span')\n\nTests\\test_system\\test_affairs.py:1148: \n_ _ _ _ _ _ _ _ _ _ _ _ _ _ _ _ _ _ _ _ _ _ _ _ _ _ _ _ _ _ _ _ _ _ _ _ _ _ _ _ _ _ _ _ _ _ _ _ _ _ _ _ _ _ _ _ _ _ _ _ _ _ _ _ _ _ _ _ _ _ _ _ _ _ _ _ _ _ _ _ _ _ _ _ _ _ _ _ _ _ _ _ _ _ _ _ _ _ _ _ _ _ _ _ _ _ _ _ _ _ _ _ _ _ _ _\nPages\\systemPage\\affairs_page.py:23: in click_button\n    self.click(By.XPATH, xpath)\n_ _ _ _ _ _ _ _ _ _ _ _ _ _ _ _ _ _ _ _ _ _ _ _ _ _ _ _ _ _ _ _ _ _ _ _ _ _ _ _ _ _ _ _ _ _ _ _ _ _ _ _ _ _ _ _ _ _ _ _ _ _ _ _ _ _ _ _ _ _ _ _ _ _ _ _ _ _ _ _ _ _ _ _ _ _ _ _ _ _ _ _ _ _ _ _ _ _ _ _ _ _ _ _ _ _ _ _ _ _ _ _ _ _ _ _\n\nself = <Pages.systemPage.affairs_page.AffairsPage object at 0x000001C3263444C0>, by_or_element = 'xpath', value = '//td[@class=\"available today\"]//span', wait_time = 10, retries = 2\n\n    def click(self, by_or_element, value=None, wait_time=10, retries=2):\n        \"\"\"\n        更稳健的点击方法：支持定位符或 WebElement，自动处理 stale 元素、点击拦截等问题。\n        \"\"\"\n        for attempt in range(retries):\n            try:\n                if value is not None:\n                    by = by_or_element\n                    logging.info(f\"点击元素：By = {by}, Value = {value}\")\n                    element = WebDriverWait(self.driver, wait_time).until(\n                        EC.element_to_be_clickable((by, value))\n                    )\n                else:\n                    logging.info(\"点击元素：WebElement 对象\")\n                    element = by_or_element\n    \n                element.click()\n                logging.info(\"✅ 点击成功\")\n                return\n    \n            except ElementClickInterceptedException:\n                logging.warning(\"⚠️ 原生点击被拦截，尝试使用 JS 点击\")\n                try:\n                    self.driver.execute_script(\"arguments[0].click();\", element)\n                    logging.info(\"✅ JS 点击成功\")\n                    return\n                except Exception as js_error:\n                    logging.warning(f\"⚠️ JS 点击失败：{js_error}\")\n                    sleep(1)\n                    continue  # 下一轮重试\n    \n            except StaleElementReferenceException:\n                logging.warning(f\"⚠️ 第 {attempt + 1} 次点击失败：元素过期，尝试重新定位\")\n                sleep(1)\n                continue  # 下一轮重试时重新定位\n    \n            except TimeoutException:\n                logging.error(f\"❌ 元素未在 {wait_time} 秒内变为可点击\")\n>               raise TimeoutException(f\"点击失败，找不到元素：{by_or_element} = {value}\")\nE               selenium.common.exceptions.TimeoutException: Message: 点击失败，找不到元素：xpath = //td[@class=\"available today\"]//span\n\nPages\\base_page.py:78: TimeoutException","steps":[],"attachments":[{"uid":"2d8d0706f97c80b3","name":"test_affairs_process_update2_failure","source":"2d8d0706f97c80b3.png","type":"image/png","size":89295},{"uid":"3d5f2d710b5ef5b8","name":"test_affairs_process_update2_source","source":"3d5f2d710b5ef5b8.html","type":"text/html","size":1166153},{"uid":"c7bf6c677bf5b2e1","name":"log","source":"c7bf6c677bf5b2e1.txt","type":"text/plain","size":2197}],"parameters":[],"hasContent":true,"stepsCount":0,"attachmentStep":false,"shouldDisplayMessage":true,"attachmentsCount":3},"afterStages":[{"name":"login_to_affairs::0","time":{"start":1763757499906,"stop":1763757502054,"duration":2148},"status":"passed","steps":[],"attachments":[],"parameters":[],"hasContent":false,"stepsCount":0,"attachmentStep":false,"shouldDisplayMessage":false,"attachmentsCount":0}],"labels":[{"name":"story","value":"我的流程-修改频率成功"},{"name":"feature","value":"事务管理页用例"},{"name":"parentSuite","value":"Tests.test_system"},{"name":"suite","value":"test_affairs"},{"name":"subSuite","value":"TestAffairsPage"},{"name":"host","value":"WIN-20240820MJV"},{"name":"thread","value":"18332-MainThread"},{"name":"framework","value":"pytest"},{"name":"language","value":"cpython3"},{"name":"package","value":"Tests.test_system.test_affairs"},{"name":"resultFormat","value":"allure2"}],"parameters":[],"links":[],"hidden":true,"retry":true,"extra":{"categories":[],"tags":[]},"source":"31bf7352105d472f.json","parameterValues":[]}