{"uid":"33c8266456064581","name":"test_process_selectsuccess1","fullName":"Tests.test_items.test_process.TestProcessPage#test_process_selectsuccess1","historyId":"b8714930d01508448bcc21edee94eb61","time":{"start":1764594508060,"stop":1764594517379,"duration":9319},"status":"failed","statusMessage":"AssertionError: assert False\n +  where False = all(<generator object TestProcessPage.test_process_selectsuccess1.<locals>.<genexpr> at 0x00000190E50DD700>)","statusTrace":"self = <test_items.test_process.TestProcessPage object at 0x00000190E4922E90>, login_to_process = <selenium.webdriver.chrome.webdriver.WebDriver (session=\"48fe219f212ff1cb6fdfef47bc9c2532\")>\n\n    @allure.story(\"显示顺序>60\")\n    # @pytest.mark.run(order=1)\n    def test_process_selectsuccess1(self, login_to_process):\n        driver = login_to_process  # WebDriver 实例\n        process = ProcessPage(driver)  # 用 driver 初始化 ProcessPage\n        num = 60\n        # 点击查询\n        process.click_sel_button()\n        sleep(1)\n        # 定位名称输入框\n        element_to_double_click = driver.find_element(\n            By.XPATH,\n            '(//div[@class=\"vxe-table--render-wrapper\"])[3]/div[1]/div[2]//tr[1]/td[4]',\n        )\n        # 创建一个 ActionChains 对象\n        actions = ActionChains(driver)\n        # 双击命令\n        actions.double_click(element_to_double_click).perform()\n        sleep(1)\n        # 点击显示顺序\n        process.click_button('//div[text()=\"显示顺序\" and contains(@optid,\"opt_\")]')\n        sleep(1)\n        # 点击比较关系框\n        process.click_button(\n            '(//div[@class=\"vxe-table--render-wrapper\"])[3]/div[1]/div[2]//tr[1]/td[5]//input'\n        )\n        sleep(1)\n        # 点击=\n        process.click_button('//div[text()=\">\" and contains(@optid,\"opt_\")]')\n        sleep(1)\n        # 点击输入数值\n        process.enter_texts(\n            '(//div[@class=\"vxe-table--render-wrapper\"])[3]/div[1]/div[2]//tr[1]/td[6]//input',\n            num,\n        )\n        sleep(1)\n    \n        # 点击确认\n        process.click_button(\n            '(//div[@class=\"demo-drawer-footer\"]//span[text()=\"确定\"])[3]'\n        )\n        sleep(1)\n        eles = process.loop_judgment('(//table[@class=\"vxe-table--body\"])[2]//tr/td[5]')\n        assert len(eles) > 0\n>       assert all(int(ele) > num for ele in eles)\nE       assert False\nE        +  where False = all(<generator object TestProcessPage.test_process_selectsuccess1.<locals>.<genexpr> at 0x00000190E50DD700>)\n\nTests\\test_items\\test_process.py:609: AssertionError","flaky":false,"newFailed":false,"newBroken":false,"newPassed":false,"retriesCount":0,"retriesStatusChange":false,"beforeStages":[{"name":"login_to_process","time":{"start":1764594495244,"stop":1764594508059,"duration":12815},"status":"passed","steps":[],"attachments":[],"parameters":[],"hasContent":false,"attachmentStep":false,"stepsCount":0,"attachmentsCount":0,"shouldDisplayMessage":false}],"testStage":{"status":"failed","statusMessage":"AssertionError: assert False\n +  where False = all(<generator object TestProcessPage.test_process_selectsuccess1.<locals>.<genexpr> at 0x00000190E50DD700>)","statusTrace":"self = <test_items.test_process.TestProcessPage object at 0x00000190E4922E90>, login_to_process = <selenium.webdriver.chrome.webdriver.WebDriver (session=\"48fe219f212ff1cb6fdfef47bc9c2532\")>\n\n    @allure.story(\"显示顺序>60\")\n    # @pytest.mark.run(order=1)\n    def test_process_selectsuccess1(self, login_to_process):\n        driver = login_to_process  # WebDriver 实例\n        process = ProcessPage(driver)  # 用 driver 初始化 ProcessPage\n        num = 60\n        # 点击查询\n        process.click_sel_button()\n        sleep(1)\n        # 定位名称输入框\n        element_to_double_click = driver.find_element(\n            By.XPATH,\n            '(//div[@class=\"vxe-table--render-wrapper\"])[3]/div[1]/div[2]//tr[1]/td[4]',\n        )\n        # 创建一个 ActionChains 对象\n        actions = ActionChains(driver)\n        # 双击命令\n        actions.double_click(element_to_double_click).perform()\n        sleep(1)\n        # 点击显示顺序\n        process.click_button('//div[text()=\"显示顺序\" and contains(@optid,\"opt_\")]')\n        sleep(1)\n        # 点击比较关系框\n        process.click_button(\n            '(//div[@class=\"vxe-table--render-wrapper\"])[3]/div[1]/div[2]//tr[1]/td[5]//input'\n        )\n        sleep(1)\n        # 点击=\n        process.click_button('//div[text()=\">\" and contains(@optid,\"opt_\")]')\n        sleep(1)\n        # 点击输入数值\n        process.enter_texts(\n            '(//div[@class=\"vxe-table--render-wrapper\"])[3]/div[1]/div[2]//tr[1]/td[6]//input',\n            num,\n        )\n        sleep(1)\n    \n        # 点击确认\n        process.click_button(\n            '(//div[@class=\"demo-drawer-footer\"]//span[text()=\"确定\"])[3]'\n        )\n        sleep(1)\n        eles = process.loop_judgment('(//table[@class=\"vxe-table--body\"])[2]//tr/td[5]')\n        assert len(eles) > 0\n>       assert all(int(ele) > num for ele in eles)\nE       assert False\nE        +  where False = all(<generator object TestProcessPage.test_process_selectsuccess1.<locals>.<genexpr> at 0x00000190E50DD700>)\n\nTests\\test_items\\test_process.py:609: AssertionError","steps":[],"attachments":[{"uid":"8c02a7ccd91f6077","name":"test_process_selectsuccess1_failure","source":"8c02a7ccd91f6077.png","type":"image/png","size":115118},{"uid":"ec0d5974e38a2d17","name":"test_process_selectsuccess1_source","source":"ec0d5974e38a2d17.html","type":"text/html","size":1414876},{"uid":"9c246cea0293c6a","name":"log","source":"9c246cea0293c6a.txt","type":"text/plain","size":2139}],"parameters":[],"hasContent":true,"attachmentStep":false,"stepsCount":0,"attachmentsCount":3,"shouldDisplayMessage":true},"afterStages":[{"name":"login_to_process::0","time":{"start":1764594517543,"stop":1764594519711,"duration":2168},"status":"passed","steps":[],"attachments":[],"parameters":[],"hasContent":false,"attachmentStep":false,"stepsCount":0,"attachmentsCount":0,"shouldDisplayMessage":false}],"labels":[{"name":"story","value":"显示顺序>60"},{"name":"feature","value":"工序表测试用例"},{"name":"parentSuite","value":"Tests.test_items"},{"name":"suite","value":"test_process"},{"name":"subSuite","value":"TestProcessPage"},{"name":"host","value":"WIN-20240820MJV"},{"name":"thread","value":"29308-MainThread"},{"name":"framework","value":"pytest"},{"name":"language","value":"cpython3"},{"name":"package","value":"Tests.test_items.test_process"},{"name":"resultFormat","value":"allure2"}],"parameters":[],"links":[],"hidden":true,"retry":true,"extra":{"categories":[],"tags":[]},"source":"33c8266456064581.json","parameterValues":[]}