{"uid":"3495313c3fd89fb5","name":"test_setting_label_repeat","fullName":"Tests.test_items.test_setting.TestSettingPage#test_setting_label_repeat","historyId":"d7cd0226561d8f44074451a8452cb126","time":{"start":1770096208025,"stop":1770096228283,"duration":20258},"status":"broken","statusMessage":"selenium.common.exceptions.TimeoutException: Message: \nStacktrace:\n\tGetHandleVerifier [0x0x7ff737376f65+78965]\n\tGetHandleVerifier [0x0x7ff737376fc0+79056]\n\t(No symbol) [0x0x7ff737109dda]\n\t(No symbol) [0x0x7ff7371602ea]\n\t(No symbol) [0x0x7ff73716059c]\n\t(No symbol) [0x0x7ff7371b3f37]\n\t(No symbol) [0x0x7ff7371886af]\n\t(No symbol) [0x0x7ff7371b0dbe]\n\t(No symbol) [0x0x7ff737188443]\n\t(No symbol) [0x0x7ff737151311]\n\t(No symbol) [0x0x7ff7371520a3]\n\tGetHandleVerifier [0x0x7ff73762e26d+2926461]\n\tGetHandleVerifier [0x0x7ff737628993+2903715]\n\tGetHandleVerifier [0x0x7ff737646aed+3026941]\n\tGetHandleVerifier [0x0x7ff7373916fe+187406]\n\tGetHandleVerifier [0x0x7ff7373996ef+220159]\n\tGetHandleVerifier [0x0x7ff73737faf4+114692]\n\tGetHandleVerifier [0x0x7ff73737fca9+115129]\n\tGetHandleVerifier [0x0x7ff7373664d8+10728]\n\tBaseThreadInitThunk [0x0x7ffa14ef7374+20]\n\tRtlUserThreadStart [0x0x7ffa16b1cc91+33]","statusTrace":"self = <test_items.test_setting.TestSettingPage object at 0x000001C77AA76860>, login_to_setting = <selenium.webdriver.chrome.webdriver.WebDriver (session=\"766583d08e095faf400f775d418236cc\")>\n\n    @allure.story(\"添加重复标签名，不允许修改\")\n    # @pytest.mark.run(order=1)\n    def test_setting_label_repeat(self, login_to_setting):\n        driver = login_to_setting  # WebDriver 实例\n        setting = SettingPage(driver)  # 用 driver 初始化 SettingPage\n        driver.refresh()\n        setting.wait_for_loading_to_disappear()\n        layout = \"测试布局A\"\n        lable = \"标签1\"\n        sleep(1)\n        setting.click_button(f'//div[@class=\"tabsDivItemCon\"]/div[text()=\" {layout} \"]')\n        sleep(1)\n        setting.click_button('//div[@class=\"toolTabsDiv\"]/div[2]/div[5]//i')\n        # 获取目标 div 元素，这里的目标是具有特定文本的 div\n        setting.click_button(\n            f'//div[@class=\"labelItem\" and ./div[text()=\" {lable} \"]]//i[@title=\"编辑\"]'\n        )\n        setting.enter_texts('//div[text()=\"标签名：\"]/following-sibling::div/input', \"标签2\")\n    \n        setting.click_button('(//button[@class=\"ivu-btn ivu-btn-primary\"])[last()]')\n>       mess = setting.get_error_message()\n\nTests\\test_items\\test_setting.py:1933: \n_ _ _ _ _ _ _ _ _ _ _ _ _ _ _ _ _ _ _ _ _ _ _ _ _ _ _ _ _ _ _ _ _ _ _ _ _ _ _ _ _ _ _ _ _ _ _ _ _ _ _ _ _ _ _ _ _ _ _ _ _ _ _ _ _ _ _ _ _ _ _ _ _ _ _ _ _ _ _ _ _ _ _ _ _ _ _ _ _ _ _ _ _ _ _ _ _ _ _ _ _ _ _ _ _ _ _ _ _ _ _ _ _ _ _ _\nPages\\itemsPage\\setting_page.py:192: in get_error_message\n    message = WebDriverWait(self.driver, 10).until(\n_ _ _ _ _ _ _ _ _ _ _ _ _ _ _ _ _ _ _ _ _ _ _ _ _ _ _ _ _ _ _ _ _ _ _ _ _ _ _ _ _ _ _ _ _ _ _ _ _ _ _ _ _ _ _ _ _ _ _ _ _ _ _ _ _ _ _ _ _ _ _ _ _ _ _ _ _ _ _ _ _ _ _ _ _ _ _ _ _ _ _ _ _ _ _ _ _ _ _ _ _ _ _ _ _ _ _ _ _ _ _ _ _ _ _ _\n\nself = <selenium.webdriver.support.wait.WebDriverWait (session=\"766583d08e095faf400f775d418236cc\")>, method = <function visibility_of_element_located.<locals>._predicate at 0x000001C77AF7CF70>, message = ''\n\n    def until(self, method: Callable[[D], Union[Literal[False], T]], message: str = \"\") -> T:\n        \"\"\"Wait until the method returns a value that is not False.\n    \n        Calls the method provided with the driver as an argument until the\n        return value does not evaluate to ``False``.\n    \n        Parameters:\n        -----------\n        method: callable(WebDriver)\n            - A callable object that takes a WebDriver instance as an argument.\n    \n        message: str\n            - Optional message for :exc:`TimeoutException`\n    \n        Return:\n        -------\n        object: T\n            - The result of the last call to `method`\n    \n        Raises:\n        -------\n        TimeoutException\n            - If 'method' does not return a truthy value within the WebDriverWait\n            object's timeout\n    \n        Example:\n        --------\n        >>> from selenium.webdriver.common.by import By\n        >>> from selenium.webdriver.support.ui import WebDriverWait\n        >>> from selenium.webdriver.support import expected_conditions as EC\n    \n        # Wait until an element is visible on the page\n        >>> wait = WebDriverWait(driver, 10)\n        >>> element = wait.until(EC.visibility_of_element_located((By.ID, \"exampleId\")))\n        >>> print(element.text)\n        \"\"\"\n        screen = None\n        stacktrace = None\n    \n        end_time = time.monotonic() + self._timeout\n        while True:\n            try:\n                value = method(self._driver)\n                if value:\n                    return value\n            except self._ignored_exceptions as exc:\n                screen = getattr(exc, \"screen\", None)\n                stacktrace = getattr(exc, \"stacktrace\", None)\n            if time.monotonic() > end_time:\n                break\n            time.sleep(self._poll)\n>       raise TimeoutException(message, screen, stacktrace)\nE       selenium.common.exceptions.TimeoutException: Message: \nE       Stacktrace:\nE       \tGetHandleVerifier [0x0x7ff737376f65+78965]\nE       \tGetHandleVerifier [0x0x7ff737376fc0+79056]\nE       \t(No symbol) [0x0x7ff737109dda]\nE       \t(No symbol) [0x0x7ff7371602ea]\nE       \t(No symbol) [0x0x7ff73716059c]\nE       \t(No symbol) [0x0x7ff7371b3f37]\nE       \t(No symbol) [0x0x7ff7371886af]\nE       \t(No symbol) [0x0x7ff7371b0dbe]\nE       \t(No symbol) [0x0x7ff737188443]\nE       \t(No symbol) [0x0x7ff737151311]\nE       \t(No symbol) [0x0x7ff7371520a3]\nE       \tGetHandleVerifier [0x0x7ff73762e26d+2926461]\nE       \tGetHandleVerifier [0x0x7ff737628993+2903715]\nE       \tGetHandleVerifier [0x0x7ff737646aed+3026941]\nE       \tGetHandleVerifier [0x0x7ff7373916fe+187406]\nE       \tGetHandleVerifier [0x0x7ff7373996ef+220159]\nE       \tGetHandleVerifier [0x0x7ff73737faf4+114692]\nE       \tGetHandleVerifier [0x0x7ff73737fca9+115129]\nE       \tGetHandleVerifier [0x0x7ff7373664d8+10728]\nE       \tBaseThreadInitThunk [0x0x7ffa14ef7374+20]\nE       \tRtlUserThreadStart [0x0x7ffa16b1cc91+33]\n\nmyenv\\lib\\site-packages\\selenium\\webdriver\\support\\wait.py:138: TimeoutException","flaky":false,"newFailed":false,"newBroken":false,"newPassed":false,"retriesCount":0,"retriesStatusChange":false,"beforeStages":[{"name":"login_to_setting","time":{"start":1770094995090,"stop":1770095015562,"duration":20472},"status":"passed","steps":[],"attachments":[],"parameters":[],"hasContent":false,"attachmentStep":false,"stepsCount":0,"shouldDisplayMessage":false,"attachmentsCount":0}],"testStage":{"status":"broken","statusMessage":"selenium.common.exceptions.TimeoutException: Message: \nStacktrace:\n\tGetHandleVerifier [0x0x7ff737376f65+78965]\n\tGetHandleVerifier [0x0x7ff737376fc0+79056]\n\t(No symbol) [0x0x7ff737109dda]\n\t(No symbol) [0x0x7ff7371602ea]\n\t(No symbol) [0x0x7ff73716059c]\n\t(No symbol) [0x0x7ff7371b3f37]\n\t(No symbol) [0x0x7ff7371886af]\n\t(No symbol) [0x0x7ff7371b0dbe]\n\t(No symbol) [0x0x7ff737188443]\n\t(No symbol) [0x0x7ff737151311]\n\t(No symbol) [0x0x7ff7371520a3]\n\tGetHandleVerifier [0x0x7ff73762e26d+2926461]\n\tGetHandleVerifier [0x0x7ff737628993+2903715]\n\tGetHandleVerifier [0x0x7ff737646aed+3026941]\n\tGetHandleVerifier [0x0x7ff7373916fe+187406]\n\tGetHandleVerifier [0x0x7ff7373996ef+220159]\n\tGetHandleVerifier [0x0x7ff73737faf4+114692]\n\tGetHandleVerifier [0x0x7ff73737fca9+115129]\n\tGetHandleVerifier [0x0x7ff7373664d8+10728]\n\tBaseThreadInitThunk [0x0x7ffa14ef7374+20]\n\tRtlUserThreadStart [0x0x7ffa16b1cc91+33]","statusTrace":"self = <test_items.test_setting.TestSettingPage object at 0x000001C77AA76860>, login_to_setting = <selenium.webdriver.chrome.webdriver.WebDriver (session=\"766583d08e095faf400f775d418236cc\")>\n\n    @allure.story(\"添加重复标签名，不允许修改\")\n    # @pytest.mark.run(order=1)\n    def test_setting_label_repeat(self, login_to_setting):\n        driver = login_to_setting  # WebDriver 实例\n        setting = SettingPage(driver)  # 用 driver 初始化 SettingPage\n        driver.refresh()\n        setting.wait_for_loading_to_disappear()\n        layout = \"测试布局A\"\n        lable = \"标签1\"\n        sleep(1)\n        setting.click_button(f'//div[@class=\"tabsDivItemCon\"]/div[text()=\" {layout} \"]')\n        sleep(1)\n        setting.click_button('//div[@class=\"toolTabsDiv\"]/div[2]/div[5]//i')\n        # 获取目标 div 元素，这里的目标是具有特定文本的 div\n        setting.click_button(\n            f'//div[@class=\"labelItem\" and ./div[text()=\" {lable} \"]]//i[@title=\"编辑\"]'\n        )\n        setting.enter_texts('//div[text()=\"标签名：\"]/following-sibling::div/input', \"标签2\")\n    \n        setting.click_button('(//button[@class=\"ivu-btn ivu-btn-primary\"])[last()]')\n>       mess = setting.get_error_message()\n\nTests\\test_items\\test_setting.py:1933: \n_ _ _ _ _ _ _ _ _ _ _ _ _ _ _ _ _ _ _ _ _ _ _ _ _ _ _ _ _ _ _ _ _ _ _ _ _ _ _ _ _ _ _ _ _ _ _ _ _ _ _ _ _ _ _ _ _ _ _ _ _ _ _ _ _ _ _ _ _ _ _ _ _ _ _ _ _ _ _ _ _ _ _ _ _ _ _ _ _ _ _ _ _ _ _ _ _ _ _ _ _ _ _ _ _ _ _ _ _ _ _ _ _ _ _ _\nPages\\itemsPage\\setting_page.py:192: in get_error_message\n    message = WebDriverWait(self.driver, 10).until(\n_ _ _ _ _ _ _ _ _ _ _ _ _ _ _ _ _ _ _ _ _ _ _ _ _ _ _ _ _ _ _ _ _ _ _ _ _ _ _ _ _ _ _ _ _ _ _ _ _ _ _ _ _ _ _ _ _ _ _ _ _ _ _ _ _ _ _ _ _ _ _ _ _ _ _ _ _ _ _ _ _ _ _ _ _ _ _ _ _ _ _ _ _ _ _ _ _ _ _ _ _ _ _ _ _ _ _ _ _ _ _ _ _ _ _ _\n\nself = <selenium.webdriver.support.wait.WebDriverWait (session=\"766583d08e095faf400f775d418236cc\")>, method = <function visibility_of_element_located.<locals>._predicate at 0x000001C77AF7CF70>, message = ''\n\n    def until(self, method: Callable[[D], Union[Literal[False], T]], message: str = \"\") -> T:\n        \"\"\"Wait until the method returns a value that is not False.\n    \n        Calls the method provided with the driver as an argument until the\n        return value does not evaluate to ``False``.\n    \n        Parameters:\n        -----------\n        method: callable(WebDriver)\n            - A callable object that takes a WebDriver instance as an argument.\n    \n        message: str\n            - Optional message for :exc:`TimeoutException`\n    \n        Return:\n        -------\n        object: T\n            - The result of the last call to `method`\n    \n        Raises:\n        -------\n        TimeoutException\n            - If 'method' does not return a truthy value within the WebDriverWait\n            object's timeout\n    \n        Example:\n        --------\n        >>> from selenium.webdriver.common.by import By\n        >>> from selenium.webdriver.support.ui import WebDriverWait\n        >>> from selenium.webdriver.support import expected_conditions as EC\n    \n        # Wait until an element is visible on the page\n        >>> wait = WebDriverWait(driver, 10)\n        >>> element = wait.until(EC.visibility_of_element_located((By.ID, \"exampleId\")))\n        >>> print(element.text)\n        \"\"\"\n        screen = None\n        stacktrace = None\n    \n        end_time = time.monotonic() + self._timeout\n        while True:\n            try:\n                value = method(self._driver)\n                if value:\n                    return value\n            except self._ignored_exceptions as exc:\n                screen = getattr(exc, \"screen\", None)\n                stacktrace = getattr(exc, \"stacktrace\", None)\n            if time.monotonic() > end_time:\n                break\n            time.sleep(self._poll)\n>       raise TimeoutException(message, screen, stacktrace)\nE       selenium.common.exceptions.TimeoutException: Message: \nE       Stacktrace:\nE       \tGetHandleVerifier [0x0x7ff737376f65+78965]\nE       \tGetHandleVerifier [0x0x7ff737376fc0+79056]\nE       \t(No symbol) [0x0x7ff737109dda]\nE       \t(No symbol) [0x0x7ff7371602ea]\nE       \t(No symbol) [0x0x7ff73716059c]\nE       \t(No symbol) [0x0x7ff7371b3f37]\nE       \t(No symbol) [0x0x7ff7371886af]\nE       \t(No symbol) [0x0x7ff7371b0dbe]\nE       \t(No symbol) [0x0x7ff737188443]\nE       \t(No symbol) [0x0x7ff737151311]\nE       \t(No symbol) [0x0x7ff7371520a3]\nE       \tGetHandleVerifier [0x0x7ff73762e26d+2926461]\nE       \tGetHandleVerifier [0x0x7ff737628993+2903715]\nE       \tGetHandleVerifier [0x0x7ff737646aed+3026941]\nE       \tGetHandleVerifier [0x0x7ff7373916fe+187406]\nE       \tGetHandleVerifier [0x0x7ff7373996ef+220159]\nE       \tGetHandleVerifier [0x0x7ff73737faf4+114692]\nE       \tGetHandleVerifier [0x0x7ff73737fca9+115129]\nE       \tGetHandleVerifier [0x0x7ff7373664d8+10728]\nE       \tBaseThreadInitThunk [0x0x7ffa14ef7374+20]\nE       \tRtlUserThreadStart [0x0x7ffa16b1cc91+33]\n\nmyenv\\lib\\site-packages\\selenium\\webdriver\\support\\wait.py:138: TimeoutException","steps":[],"attachments":[{"uid":"7e8231eb0b97cdea","name":"test_setting_label_repeat_20260203_132348","source":"7e8231eb0b97cdea.png","type":"image/png","size":74763},{"uid":"f4a80546a778e2ff","name":"log","source":"f4a80546a778e2ff.txt","type":"text/plain","size":754}],"parameters":[],"hasContent":true,"attachmentStep":false,"stepsCount":0,"shouldDisplayMessage":true,"attachmentsCount":2},"afterStages":[{"name":"login_to_setting::0","time":{"start":1770096668512,"stop":1770096670685,"duration":2173},"status":"passed","steps":[],"attachments":[],"parameters":[],"hasContent":false,"attachmentStep":false,"stepsCount":0,"shouldDisplayMessage":false,"attachmentsCount":0}],"labels":[{"name":"feature","value":"标准应用设置测试用例"},{"name":"story","value":"添加重复标签名，不允许修改"},{"name":"parentSuite","value":"Tests.test_items"},{"name":"suite","value":"test_setting"},{"name":"subSuite","value":"TestSettingPage"},{"name":"host","value":"WIN-20240820MJV"},{"name":"thread","value":"55356-MainThread"},{"name":"framework","value":"pytest"},{"name":"language","value":"cpython3"},{"name":"package","value":"Tests.test_items.test_setting"},{"name":"resultFormat","value":"allure2"}],"parameters":[],"links":[],"hidden":true,"retry":true,"extra":{"categories":[],"tags":[]},"source":"3495313c3fd89fb5.json","parameterValues":[]}