{"uid":"36ac6397ec13f939","name":"test_synchronize_all_materialplan2","fullName":"Tests.test_system.test_synchronize.TestSynchronizePage#test_synchronize_all_materialplan2","historyId":"3e636ff450aaf3f8b291edde3c35f5cb","time":{"start":1768422749718,"stop":1768422765090,"duration":15372},"status":"broken","statusMessage":"selenium.common.exceptions.TimeoutException: Message: 点击失败，找不到元素：xpath = //div[div[text()=\"将同步数据到目的计划单元, 是否继续?\"]]/following-sibling::div//span[text()=\"确定\"]","statusTrace":"self = <Pages.systemPage.synchronize_page.SynchronizePage object at 0x000001E1A6AB4D60>, by_or_element = 'xpath', value = '//div[div[text()=\"将同步数据到目的计划单元, 是否继续?\"]]/following-sibling::div//span[text()=\"确定\"]', wait_time = 10\nretries = 2\n\n    def click(self, by_or_element, value=None, wait_time=10, retries=2):\n        \"\"\"\n        更稳健的点击方法：支持定位符或 WebElement，自动处理 stale 元素、点击拦截等问题。\n        \"\"\"\n        for attempt in range(retries):\n            try:\n                if value is not None:\n                    by = by_or_element\n                    logging.info(f\"点击元素：By = {by}, Value = {value}\")\n>                   element = WebDriverWait(self.driver, wait_time).until(\n                        EC.element_to_be_clickable((by, value))\n                    )\n\nPages\\base_page.py:49: \n_ _ _ _ _ _ _ _ _ _ _ _ _ _ _ _ _ _ _ _ _ _ _ _ _ _ _ _ _ _ _ _ _ _ _ _ _ _ _ _ _ _ _ _ _ _ _ _ _ _ _ _ _ _ _ _ _ _ _ _ _ _ _ _ _ _ _ _ _ _ _ _ _ _ _ _ _ _ _ _ _ _ _ _ _ _ _ _ _ _ _ _ _ _ _ _ _ _ _ _ _ _ _ _ _ _ _ _ _ _ _ _ _ _ _ _\n\nself = <selenium.webdriver.support.wait.WebDriverWait (session=\"da3de1738566399ef76cd32e94a74fa0\")>, method = <function element_to_be_clickable.<locals>._predicate at 0x000001E1A8ECDA20>, message = ''\n\n    def until(self, method: Callable[[D], Union[Literal[False], T]], message: str = \"\") -> T:\n        \"\"\"Wait until the method returns a value that is not False.\n    \n        Calls the method provided with the driver as an argument until the\n        return value does not evaluate to ``False``.\n    \n        Parameters:\n        -----------\n        method: callable(WebDriver)\n            - A callable object that takes a WebDriver instance as an argument.\n    \n        message: str\n            - Optional message for :exc:`TimeoutException`\n    \n        Return:\n        -------\n        object: T\n            - The result of the last call to `method`\n    \n        Raises:\n        -------\n        TimeoutException\n            - If 'method' does not return a truthy value within the WebDriverWait\n            object's timeout\n    \n        Example:\n        --------\n        >>> from selenium.webdriver.common.by import By\n        >>> from selenium.webdriver.support.ui import WebDriverWait\n        >>> from selenium.webdriver.support import expected_conditions as EC\n    \n        # Wait until an element is visible on the page\n        >>> wait = WebDriverWait(driver, 10)\n        >>> element = wait.until(EC.visibility_of_element_located((By.ID, \"exampleId\")))\n        >>> print(element.text)\n        \"\"\"\n        screen = None\n        stacktrace = None\n    \n        end_time = time.monotonic() + self._timeout\n        while True:\n            try:\n                value = method(self._driver)\n                if value:\n                    return value\n            except self._ignored_exceptions as exc:\n                screen = getattr(exc, \"screen\", None)\n                stacktrace = getattr(exc, \"stacktrace\", None)\n            if time.monotonic() > end_time:\n                break\n            time.sleep(self._poll)\n>       raise TimeoutException(message, screen, stacktrace)\nE       selenium.common.exceptions.TimeoutException: Message: \nE       Stacktrace:\nE       \tGetHandleVerifier [0x0x7ff62e736f65+78965]\nE       \tGetHandleVerifier [0x0x7ff62e736fc0+79056]\nE       \t(No symbol) [0x0x7ff62e4c9dda]\nE       \t(No symbol) [0x0x7ff62e5202ea]\nE       \t(No symbol) [0x0x7ff62e52059c]\nE       \t(No symbol) [0x0x7ff62e573f37]\nE       \t(No symbol) [0x0x7ff62e5486af]\nE       \t(No symbol) [0x0x7ff62e570dbe]\nE       \t(No symbol) [0x0x7ff62e548443]\nE       \t(No symbol) [0x0x7ff62e511311]\nE       \t(No symbol) [0x0x7ff62e5120a3]\nE       \tGetHandleVerifier [0x0x7ff62e9ee26d+2926461]\nE       \tGetHandleVerifier [0x0x7ff62e9e8993+2903715]\nE       \tGetHandleVerifier [0x0x7ff62ea06aed+3026941]\nE       \tGetHandleVerifier [0x0x7ff62e7516fe+187406]\nE       \tGetHandleVerifier [0x0x7ff62e7596ef+220159]\nE       \tGetHandleVerifier [0x0x7ff62e73faf4+114692]\nE       \tGetHandleVerifier [0x0x7ff62e73fca9+115129]\nE       \tGetHandleVerifier [0x0x7ff62e7264d8+10728]\nE       \tBaseThreadInitThunk [0x0x7ff90e507374+20]\nE       \tRtlUserThreadStart [0x0x7ff91019cc91+33]\n\nmyenv\\lib\\site-packages\\selenium\\webdriver\\support\\wait.py:138: TimeoutException\n\nDuring handling of the above exception, another exception occurred:\n\nself = <test_system.test_synchronize.TestSynchronizePage object at 0x000001E1A69DAE00>, login_to_synchronize = <selenium.webdriver.chrome.webdriver.WebDriver (session=\"da3de1738566399ef76cd32e94a74fa0\")>\n\n    @allure.story(\"同步1个计划方案到多个计划单元成功\")\n    # @pytest.mark.run(order=1)\n    def test_synchronize_all_materialplan2(self, login_to_synchronize):\n        driver = login_to_synchronize  # WebDriver 实例\n        synchronize = SynchronizePage(driver)  # 用 driver 初始化 SynchronizePage\n        date_driver = DateDriver()\n        plan_name = [\n            \"物控方案(订单级)同步3\",\n        ]\n        plan_names = [\n            \"1测试计划单元标准\",\n            \"1测试A\",\n        ]\n        synchronize.click_checkbox_value(plan_name, plan_names, \"3\")\n        synchronize.click_synchronize_button()\n>       synchronize.click_synchronize_pop(True)\n\nTests\\test_system\\test_synchronize.py:586: \n_ _ _ _ _ _ _ _ _ _ _ _ _ _ _ _ _ _ _ _ _ _ _ _ _ _ _ _ _ _ _ _ _ _ _ _ _ _ _ _ _ _ _ _ _ _ _ _ _ _ _ _ _ _ _ _ _ _ _ _ _ _ _ _ _ _ _ _ _ _ _ _ _ _ _ _ _ _ _ _ _ _ _ _ _ _ _ _ _ _ _ _ _ _ _ _ _ _ _ _ _ _ _ _ _ _ _ _ _ _ _ _ _ _ _ _\nPages\\systemPage\\synchronize_page.py:216: in click_synchronize_pop\n    self.click_button('//div[div[text()=\"将同步数据到目的计划单元, 是否继续?\"]]/following-sibling::div//span[text()=\"确定\"]')\nPages\\systemPage\\synchronize_page.py:24: in click_button\n    self.click(By.XPATH, xpath)\n_ _ _ _ _ _ _ _ _ _ _ _ _ _ _ _ _ _ _ _ _ _ _ _ _ _ _ _ _ _ _ _ _ _ _ _ _ _ _ _ _ _ _ _ _ _ _ _ _ _ _ _ _ _ _ _ _ _ _ _ _ _ _ _ _ _ _ _ _ _ _ _ _ _ _ _ _ _ _ _ _ _ _ _ _ _ _ _ _ _ _ _ _ _ _ _ _ _ _ _ _ _ _ _ _ _ _ _ _ _ _ _ _ _ _ _\n\nself = <Pages.systemPage.synchronize_page.SynchronizePage object at 0x000001E1A6AB4D60>, by_or_element = 'xpath', value = '//div[div[text()=\"将同步数据到目的计划单元, 是否继续?\"]]/following-sibling::div//span[text()=\"确定\"]', wait_time = 10\nretries = 2\n\n    def click(self, by_or_element, value=None, wait_time=10, retries=2):\n        \"\"\"\n        更稳健的点击方法：支持定位符或 WebElement，自动处理 stale 元素、点击拦截等问题。\n        \"\"\"\n        for attempt in range(retries):\n            try:\n                if value is not None:\n                    by = by_or_element\n                    logging.info(f\"点击元素：By = {by}, Value = {value}\")\n                    element = WebDriverWait(self.driver, wait_time).until(\n                        EC.element_to_be_clickable((by, value))\n                    )\n                else:\n                    logging.info(\"点击元素：WebElement 对象\")\n                    element = by_or_element\n    \n                element.click()\n                logging.info(\"✅ 点击成功\")\n                return\n    \n            except ElementClickInterceptedException:\n                logging.warning(\"⚠️ 原生点击被拦截，尝试使用 JS 点击\")\n                try:\n                    self.driver.execute_script(\"arguments[0].click();\", element)\n                    logging.info(\"✅ JS 点击成功\")\n                    return\n                except Exception as js_error:\n                    logging.warning(f\"⚠️ JS 点击失败：{js_error}\")\n                    sleep(1)\n                    continue  # 下一轮重试\n    \n            except StaleElementReferenceException:\n                logging.warning(f\"⚠️ 第 {attempt + 1} 次点击失败：元素过期，尝试重新定位\")\n                sleep(1)\n                continue  # 下一轮重试时重新定位\n    \n            except TimeoutException:\n                logging.error(f\"❌ 元素未在 {wait_time} 秒内变为可点击\")\n>               raise TimeoutException(f\"点击失败，找不到元素：{by_or_element} = {value}\")\nE               selenium.common.exceptions.TimeoutException: Message: 点击失败，找不到元素：xpath = //div[div[text()=\"将同步数据到目的计划单元, 是否继续?\"]]/following-sibling::div//span[text()=\"确定\"]\n\nPages\\base_page.py:78: TimeoutException","flaky":false,"newFailed":false,"newBroken":false,"newPassed":false,"retriesCount":1,"retriesStatusChange":false,"beforeStages":[{"name":"login_to_synchronize","time":{"start":1768422291487,"stop":1768422305676,"duration":14189},"status":"passed","steps":[],"attachments":[],"parameters":[],"attachmentStep":false,"hasContent":false,"stepsCount":0,"shouldDisplayMessage":false,"attachmentsCount":0}],"testStage":{"status":"broken","statusMessage":"selenium.common.exceptions.TimeoutException: Message: 点击失败，找不到元素：xpath = //div[div[text()=\"将同步数据到目的计划单元, 是否继续?\"]]/following-sibling::div//span[text()=\"确定\"]","statusTrace":"self = <Pages.systemPage.synchronize_page.SynchronizePage object at 0x000001E1A6AB4D60>, by_or_element = 'xpath', value = '//div[div[text()=\"将同步数据到目的计划单元, 是否继续?\"]]/following-sibling::div//span[text()=\"确定\"]', wait_time = 10\nretries = 2\n\n    def click(self, by_or_element, value=None, wait_time=10, retries=2):\n        \"\"\"\n        更稳健的点击方法：支持定位符或 WebElement，自动处理 stale 元素、点击拦截等问题。\n        \"\"\"\n        for attempt in range(retries):\n            try:\n                if value is not None:\n                    by = by_or_element\n                    logging.info(f\"点击元素：By = {by}, Value = {value}\")\n>                   element = WebDriverWait(self.driver, wait_time).until(\n                        EC.element_to_be_clickable((by, value))\n                    )\n\nPages\\base_page.py:49: \n_ _ _ _ _ _ _ _ _ _ _ _ _ _ _ _ _ _ _ _ _ _ _ _ _ _ _ _ _ _ _ _ _ _ _ _ _ _ _ _ _ _ _ _ _ _ _ _ _ _ _ _ _ _ _ _ _ _ _ _ _ _ _ _ _ _ _ _ _ _ _ _ _ _ _ _ _ _ _ _ _ _ _ _ _ _ _ _ _ _ _ _ _ _ _ _ _ _ _ _ _ _ _ _ _ _ _ _ _ _ _ _ _ _ _ _\n\nself = <selenium.webdriver.support.wait.WebDriverWait (session=\"da3de1738566399ef76cd32e94a74fa0\")>, method = <function element_to_be_clickable.<locals>._predicate at 0x000001E1A8ECDA20>, message = ''\n\n    def until(self, method: Callable[[D], Union[Literal[False], T]], message: str = \"\") -> T:\n        \"\"\"Wait until the method returns a value that is not False.\n    \n        Calls the method provided with the driver as an argument until the\n        return value does not evaluate to ``False``.\n    \n        Parameters:\n        -----------\n        method: callable(WebDriver)\n            - A callable object that takes a WebDriver instance as an argument.\n    \n        message: str\n            - Optional message for :exc:`TimeoutException`\n    \n        Return:\n        -------\n        object: T\n            - The result of the last call to `method`\n    \n        Raises:\n        -------\n        TimeoutException\n            - If 'method' does not return a truthy value within the WebDriverWait\n            object's timeout\n    \n        Example:\n        --------\n        >>> from selenium.webdriver.common.by import By\n        >>> from selenium.webdriver.support.ui import WebDriverWait\n        >>> from selenium.webdriver.support import expected_conditions as EC\n    \n        # Wait until an element is visible on the page\n        >>> wait = WebDriverWait(driver, 10)\n        >>> element = wait.until(EC.visibility_of_element_located((By.ID, \"exampleId\")))\n        >>> print(element.text)\n        \"\"\"\n        screen = None\n        stacktrace = None\n    \n        end_time = time.monotonic() + self._timeout\n        while True:\n            try:\n                value = method(self._driver)\n                if value:\n                    return value\n            except self._ignored_exceptions as exc:\n                screen = getattr(exc, \"screen\", None)\n                stacktrace = getattr(exc, \"stacktrace\", None)\n            if time.monotonic() > end_time:\n                break\n            time.sleep(self._poll)\n>       raise TimeoutException(message, screen, stacktrace)\nE       selenium.common.exceptions.TimeoutException: Message: \nE       Stacktrace:\nE       \tGetHandleVerifier [0x0x7ff62e736f65+78965]\nE       \tGetHandleVerifier [0x0x7ff62e736fc0+79056]\nE       \t(No symbol) [0x0x7ff62e4c9dda]\nE       \t(No symbol) [0x0x7ff62e5202ea]\nE       \t(No symbol) [0x0x7ff62e52059c]\nE       \t(No symbol) [0x0x7ff62e573f37]\nE       \t(No symbol) [0x0x7ff62e5486af]\nE       \t(No symbol) [0x0x7ff62e570dbe]\nE       \t(No symbol) [0x0x7ff62e548443]\nE       \t(No symbol) [0x0x7ff62e511311]\nE       \t(No symbol) [0x0x7ff62e5120a3]\nE       \tGetHandleVerifier [0x0x7ff62e9ee26d+2926461]\nE       \tGetHandleVerifier [0x0x7ff62e9e8993+2903715]\nE       \tGetHandleVerifier [0x0x7ff62ea06aed+3026941]\nE       \tGetHandleVerifier [0x0x7ff62e7516fe+187406]\nE       \tGetHandleVerifier [0x0x7ff62e7596ef+220159]\nE       \tGetHandleVerifier [0x0x7ff62e73faf4+114692]\nE       \tGetHandleVerifier [0x0x7ff62e73fca9+115129]\nE       \tGetHandleVerifier [0x0x7ff62e7264d8+10728]\nE       \tBaseThreadInitThunk [0x0x7ff90e507374+20]\nE       \tRtlUserThreadStart [0x0x7ff91019cc91+33]\n\nmyenv\\lib\\site-packages\\selenium\\webdriver\\support\\wait.py:138: TimeoutException\n\nDuring handling of the above exception, another exception occurred:\n\nself = <test_system.test_synchronize.TestSynchronizePage object at 0x000001E1A69DAE00>, login_to_synchronize = <selenium.webdriver.chrome.webdriver.WebDriver (session=\"da3de1738566399ef76cd32e94a74fa0\")>\n\n    @allure.story(\"同步1个计划方案到多个计划单元成功\")\n    # @pytest.mark.run(order=1)\n    def test_synchronize_all_materialplan2(self, login_to_synchronize):\n        driver = login_to_synchronize  # WebDriver 实例\n        synchronize = SynchronizePage(driver)  # 用 driver 初始化 SynchronizePage\n        date_driver = DateDriver()\n        plan_name = [\n            \"物控方案(订单级)同步3\",\n        ]\n        plan_names = [\n            \"1测试计划单元标准\",\n            \"1测试A\",\n        ]\n        synchronize.click_checkbox_value(plan_name, plan_names, \"3\")\n        synchronize.click_synchronize_button()\n>       synchronize.click_synchronize_pop(True)\n\nTests\\test_system\\test_synchronize.py:586: \n_ _ _ _ _ _ _ _ _ _ _ _ _ _ _ _ _ _ _ _ _ _ _ _ _ _ _ _ _ _ _ _ _ _ _ _ _ _ _ _ _ _ _ _ _ _ _ _ _ _ _ _ _ _ _ _ _ _ _ _ _ _ _ _ _ _ _ _ _ _ _ _ _ _ _ _ _ _ _ _ _ _ _ _ _ _ _ _ _ _ _ _ _ _ _ _ _ _ _ _ _ _ _ _ _ _ _ _ _ _ _ _ _ _ _ _\nPages\\systemPage\\synchronize_page.py:216: in click_synchronize_pop\n    self.click_button('//div[div[text()=\"将同步数据到目的计划单元, 是否继续?\"]]/following-sibling::div//span[text()=\"确定\"]')\nPages\\systemPage\\synchronize_page.py:24: in click_button\n    self.click(By.XPATH, xpath)\n_ _ _ _ _ _ _ _ _ _ _ _ _ _ _ _ _ _ _ _ _ _ _ _ _ _ _ _ _ _ _ _ _ _ _ _ _ _ _ _ _ _ _ _ _ _ _ _ _ _ _ _ _ _ _ _ _ _ _ _ _ _ _ _ _ _ _ _ _ _ _ _ _ _ _ _ _ _ _ _ _ _ _ _ _ _ _ _ _ _ _ _ _ _ _ _ _ _ _ _ _ _ _ _ _ _ _ _ _ _ _ _ _ _ _ _\n\nself = <Pages.systemPage.synchronize_page.SynchronizePage object at 0x000001E1A6AB4D60>, by_or_element = 'xpath', value = '//div[div[text()=\"将同步数据到目的计划单元, 是否继续?\"]]/following-sibling::div//span[text()=\"确定\"]', wait_time = 10\nretries = 2\n\n    def click(self, by_or_element, value=None, wait_time=10, retries=2):\n        \"\"\"\n        更稳健的点击方法：支持定位符或 WebElement，自动处理 stale 元素、点击拦截等问题。\n        \"\"\"\n        for attempt in range(retries):\n            try:\n                if value is not None:\n                    by = by_or_element\n                    logging.info(f\"点击元素：By = {by}, Value = {value}\")\n                    element = WebDriverWait(self.driver, wait_time).until(\n                        EC.element_to_be_clickable((by, value))\n                    )\n                else:\n                    logging.info(\"点击元素：WebElement 对象\")\n                    element = by_or_element\n    \n                element.click()\n                logging.info(\"✅ 点击成功\")\n                return\n    \n            except ElementClickInterceptedException:\n                logging.warning(\"⚠️ 原生点击被拦截，尝试使用 JS 点击\")\n                try:\n                    self.driver.execute_script(\"arguments[0].click();\", element)\n                    logging.info(\"✅ JS 点击成功\")\n                    return\n                except Exception as js_error:\n                    logging.warning(f\"⚠️ JS 点击失败：{js_error}\")\n                    sleep(1)\n                    continue  # 下一轮重试\n    \n            except StaleElementReferenceException:\n                logging.warning(f\"⚠️ 第 {attempt + 1} 次点击失败：元素过期，尝试重新定位\")\n                sleep(1)\n                continue  # 下一轮重试时重新定位\n    \n            except TimeoutException:\n                logging.error(f\"❌ 元素未在 {wait_time} 秒内变为可点击\")\n>               raise TimeoutException(f\"点击失败，找不到元素：{by_or_element} = {value}\")\nE               selenium.common.exceptions.TimeoutException: Message: 点击失败，找不到元素：xpath = //div[div[text()=\"将同步数据到目的计划单元, 是否继续?\"]]/following-sibling::div//span[text()=\"确定\"]\n\nPages\\base_page.py:78: TimeoutException","steps":[],"attachments":[{"uid":"82359be2274229fa","name":"test_synchronize_all_materialplan2_20260115_043245","source":"82359be2274229fa.png","type":"image/png","size":109625},{"uid":"f5257dbc90236108","name":"test_synchronize_all_materialplan2_20260115_043245","source":"f5257dbc90236108.png","type":"image/png","size":110052},{"uid":"6a6b76808959edd2","name":"test_synchronize_all_materialplan2_20260115_043245","source":"6a6b76808959edd2.png","type":"image/png","size":61400},{"uid":"9540e1bce5015159","name":"log","source":"9540e1bce5015159.txt","type":"text/plain","size":3472}],"parameters":[],"attachmentStep":false,"hasContent":true,"stepsCount":0,"shouldDisplayMessage":true,"attachmentsCount":4},"afterStages":[{"name":"login_to_synchronize::0","time":{"start":1768423067712,"stop":1768423069977,"duration":2265},"status":"passed","steps":[],"attachments":[],"parameters":[],"attachmentStep":false,"hasContent":false,"stepsCount":0,"shouldDisplayMessage":false,"attachmentsCount":0}],"labels":[{"name":"story","value":"同步1个计划方案到多个计划单元成功"},{"name":"feature","value":"配置同步页用例"},{"name":"parentSuite","value":"Tests.test_system"},{"name":"suite","value":"test_synchronize"},{"name":"subSuite","value":"TestSynchronizePage"},{"name":"host","value":"WIN-20240820MJV"},{"name":"thread","value":"6652-MainThread"},{"name":"framework","value":"pytest"},{"name":"language","value":"cpython3"},{"name":"package","value":"Tests.test_system.test_synchronize"},{"name":"resultFormat","value":"allure2"}],"parameters":[],"links":[],"hidden":false,"retry":false,"extra":{"severity":"normal","retries":[{"uid":"40725fae9244270e","status":"broken","statusDetails":"selenium.common.exceptions.TimeoutException: Message: 点击失败，找不到元素：xpath = //ul/li[text()=\"1测试计划单元标准\"]","time":{"start":1768422733068,"stop":1768422749403,"duration":16335}}],"categories":[{"name":"Test defects","matchedStatuses":[]}],"tags":[]},"source":"36ac6397ec13f939.json","parameterValues":[]}