{"uid":"398b205b51d0c9f3","name":"test_language_select3","fullName":"Tests.test_system.test_language.TestSLanguagePage#test_language_select3","historyId":"e90e2f2e47ed742b2514cc45ca01a04f","time":{"start":1763419561749,"stop":1763419571460,"duration":9711},"status":"failed","statusMessage":"AssertionError: assert False\n +  where False = all(<generator object TestSLanguagePage.test_language_select3.<locals>.<genexpr> at 0x000001961E861FC0>)","statusTrace":"self = <test_system.test_language.TestSLanguagePage object at 0x000001961C56D990>, login_to_language = <selenium.webdriver.chrome.webdriver.WebDriver (session=\"56aaf457332856799ed56b15d8f0665b\")>\n\n    @allure.story(\"过滤条件查询，设置包含条件查询成功\")\n    # @pytest.mark.run(order=1)\n    def test_language_select3(self, login_to_language):\n        driver = login_to_language  # WebDriver 实例\n        language = ExpressionPage(driver)  # 用 driver 初始化 ExpressionPage\n        language.wait_for_loading_to_disappear()\n        name = \"Plan\"\n        sleep(1)\n        language.click_button('//div[div[span[text()=\" 键\"]]]/div[3]//i')\n        language.hover(\"包含\")\n        sleep(1)\n        language.select_input_language(name)\n        sleep(1)\n        eles = language.finds_elements(By.XPATH, '//table[@class=\"vxe-table--body\"]//tr//td[2]')\n        sleep(1)\n        list_ = [ele.text for ele in eles]\n>       assert all(name in text for text in list_)\nE       assert False\nE        +  where False = all(<generator object TestSLanguagePage.test_language_select3.<locals>.<genexpr> at 0x000001961E861FC0>)\n\nTests\\test_system\\test_language.py:475: AssertionError","flaky":false,"newFailed":false,"newBroken":false,"newPassed":false,"retriesCount":1,"retriesStatusChange":false,"beforeStages":[{"name":"login_to_language","time":{"start":1763419549790,"stop":1763419561748,"duration":11958},"status":"passed","steps":[],"attachments":[],"parameters":[],"attachmentsCount":0,"shouldDisplayMessage":false,"stepsCount":0,"hasContent":false,"attachmentStep":false}],"testStage":{"status":"failed","statusMessage":"AssertionError: assert False\n +  where False = all(<generator object TestSLanguagePage.test_language_select3.<locals>.<genexpr> at 0x000001961E861FC0>)","statusTrace":"self = <test_system.test_language.TestSLanguagePage object at 0x000001961C56D990>, login_to_language = <selenium.webdriver.chrome.webdriver.WebDriver (session=\"56aaf457332856799ed56b15d8f0665b\")>\n\n    @allure.story(\"过滤条件查询，设置包含条件查询成功\")\n    # @pytest.mark.run(order=1)\n    def test_language_select3(self, login_to_language):\n        driver = login_to_language  # WebDriver 实例\n        language = ExpressionPage(driver)  # 用 driver 初始化 ExpressionPage\n        language.wait_for_loading_to_disappear()\n        name = \"Plan\"\n        sleep(1)\n        language.click_button('//div[div[span[text()=\" 键\"]]]/div[3]//i')\n        language.hover(\"包含\")\n        sleep(1)\n        language.select_input_language(name)\n        sleep(1)\n        eles = language.finds_elements(By.XPATH, '//table[@class=\"vxe-table--body\"]//tr//td[2]')\n        sleep(1)\n        list_ = [ele.text for ele in eles]\n>       assert all(name in text for text in list_)\nE       assert False\nE        +  where False = all(<generator object TestSLanguagePage.test_language_select3.<locals>.<genexpr> at 0x000001961E861FC0>)\n\nTests\\test_system\\test_language.py:475: AssertionError","steps":[],"attachments":[{"uid":"19b0cc6c9dbf9069","name":"test_language_select3_failure","source":"19b0cc6c9dbf9069.png","type":"image/png","size":185251},{"uid":"e576ddf8ee93756","name":"test_language_select3_source","source":"e576ddf8ee93756.html","type":"text/html","size":1275190},{"uid":"16195c1724682e93","name":"log","source":"16195c1724682e93.txt","type":"text/plain","size":3211}],"parameters":[],"attachmentsCount":3,"shouldDisplayMessage":true,"stepsCount":0,"hasContent":true,"attachmentStep":false},"afterStages":[{"name":"login_to_language::0","time":{"start":1763419571669,"stop":1763419573829,"duration":2160},"status":"passed","steps":[],"attachments":[],"parameters":[],"attachmentsCount":0,"shouldDisplayMessage":false,"stepsCount":0,"hasContent":false,"attachmentStep":false}],"labels":[{"name":"story","value":"过滤条件查询，设置包含条件查询成功"},{"name":"feature","value":"多语言资源页用例"},{"name":"parentSuite","value":"Tests.test_system"},{"name":"suite","value":"test_language"},{"name":"subSuite","value":"TestSLanguagePage"},{"name":"host","value":"WIN-20240820MJV"},{"name":"thread","value":"24860-MainThread"},{"name":"framework","value":"pytest"},{"name":"language","value":"cpython3"},{"name":"package","value":"Tests.test_system.test_language"},{"name":"resultFormat","value":"allure2"}],"parameters":[],"links":[],"hidden":false,"retry":false,"extra":{"severity":"normal","retries":[{"uid":"9376ca1117b8666f","status":"failed","statusDetails":"AssertionError: assert False\n +  where False = all(<generator object TestSLanguagePage.test_language_select3.<locals>.<genexpr> at 0x000001961E8A7610>)","time":{"start":1763419537654,"stop":1763419547442,"duration":9788}}],"categories":[{"name":"Product defects","matchedStatuses":[]}],"tags":[]},"source":"398b205b51d0c9f3.json","parameterValues":[]}