{"uid":"3a6ce4141ddfaffe","name":"test_resourcegroup_delsuccess","fullName":"Tests.test_items.test_resourcegroup.TestResourceGroupPage#test_resourcegroup_delsuccess","historyId":"6d0dfa0503b809ecf8861b248f7fcd26","time":{"start":1768222900892,"stop":1768222963175,"duration":62283},"status":"broken","statusMessage":"selenium.common.exceptions.TimeoutException: Message: \nStacktrace:\n\tGetHandleVerifier [0x0x7ff690b56f65+78965]\n\tGetHandleVerifier [0x0x7ff690b56fc0+79056]\n\t(No symbol) [0x0x7ff6908e9dda]\n\t(No symbol) [0x0x7ff6909402ea]\n\t(No symbol) [0x0x7ff69094059c]\n\t(No symbol) [0x0x7ff690993f37]\n\t(No symbol) [0x0x7ff6909686af]\n\t(No symbol) [0x0x7ff690990dbe]\n\t(No symbol) [0x0x7ff690968443]\n\t(No symbol) [0x0x7ff690931311]\n\t(No symbol) [0x0x7ff6909320a3]\n\tGetHandleVerifier [0x0x7ff690e0e26d+2926461]\n\tGetHandleVerifier [0x0x7ff690e08993+2903715]\n\tGetHandleVerifier [0x0x7ff690e26aed+3026941]\n\tGetHandleVerifier [0x0x7ff690b716fe+187406]\n\tGetHandleVerifier [0x0x7ff690b796ef+220159]\n\tGetHandleVerifier [0x0x7ff690b5faf4+114692]\n\tGetHandleVerifier [0x0x7ff690b5fca9+115129]\n\tGetHandleVerifier [0x0x7ff690b464d8+10728]\n\tBaseThreadInitThunk [0x0x7ff90e507374+20]\n\tRtlUserThreadStart [0x0x7ff91019cc91+33]","statusTrace":"self = <test_items.test_resourcegroup.TestResourceGroupPage object at 0x0000021D31F64550>, login_to_resourcegroup = <selenium.webdriver.chrome.webdriver.WebDriver (session=\"eac152de92677c7400e8d1ab3c183d4b\")>\n\n    @allure.story(\"删除测试数据成功，删除布局成功\")\n    # @pytest.mark.run(order=1)\n    def test_resourcegroup_delsuccess(self, login_to_resourcegroup):\n        driver = login_to_resourcegroup  # WebDriver 实例\n        resource = ResourcePage(driver)  # 用 driver 初始化 resourcePage\n        layout = \"测试布局A\"\n    \n        value = ['111', '11测试全部数据', '1测试A', '111111111111111133331122221111222221111111113333111111144444111111111111111111111111111111111111111111111111']\n        resource.del_all(value, xpath='//p[text()=\"资源组代码\"]/ancestor::div[2]//input')\n        data = [\n            driver.find_elements(By.XPATH, f'//tr[./td[2][.//span[text()=\"{v}\"]]]/td[2]')\n            for v in value[:4]\n        ]\n>       resource.del_layout(layout)\n\nTests\\test_items\\test_resourcegroup.py:1032: \n_ _ _ _ _ _ _ _ _ _ _ _ _ _ _ _ _ _ _ _ _ _ _ _ _ _ _ _ _ _ _ _ _ _ _ _ _ _ _ _ _ _ _ _ _ _ _ _ _ _ _ _ _ _ _ _ _ _ _ _ _ _ _ _ _ _ _ _ _ _ _ _ _ _ _ _ _ _ _ _ _ _ _ _ _ _ _ _ _ _ _ _ _ _ _ _ _ _ _ _ _ _ _ _ _ _ _ _ _ _ _ _ _ _ _ _\nPages\\itemsPage\\resource_page.py:204: in del_layout\n    target_div = self.get_find_element_xpath(\nPages\\itemsPage\\resource_page.py:46: in get_find_element_xpath\n    return self.find_element(By.XPATH, xpath)\nPages\\base_page.py:28: in find_element\n    return WebDriverWait(self.driver, wait_time).until(\n_ _ _ _ _ _ _ _ _ _ _ _ _ _ _ _ _ _ _ _ _ _ _ _ _ _ _ _ _ _ _ _ _ _ _ _ _ _ _ _ _ _ _ _ _ _ _ _ _ _ _ _ _ _ _ _ _ _ _ _ _ _ _ _ _ _ _ _ _ _ _ _ _ _ _ _ _ _ _ _ _ _ _ _ _ _ _ _ _ _ _ _ _ _ _ _ _ _ _ _ _ _ _ _ _ _ _ _ _ _ _ _ _ _ _ _\n\nself = <selenium.webdriver.support.wait.WebDriverWait (session=\"eac152de92677c7400e8d1ab3c183d4b\")>, method = <function presence_of_element_located.<locals>._predicate at 0x0000021D3281E560>, message = ''\n\n    def until(self, method: Callable[[D], Union[Literal[False], T]], message: str = \"\") -> T:\n        \"\"\"Wait until the method returns a value that is not False.\n    \n        Calls the method provided with the driver as an argument until the\n        return value does not evaluate to ``False``.\n    \n        Parameters:\n        -----------\n        method: callable(WebDriver)\n            - A callable object that takes a WebDriver instance as an argument.\n    \n        message: str\n            - Optional message for :exc:`TimeoutException`\n    \n        Return:\n        -------\n        object: T\n            - The result of the last call to `method`\n    \n        Raises:\n        -------\n        TimeoutException\n            - If 'method' does not return a truthy value within the WebDriverWait\n            object's timeout\n    \n        Example:\n        --------\n        >>> from selenium.webdriver.common.by import By\n        >>> from selenium.webdriver.support.ui import WebDriverWait\n        >>> from selenium.webdriver.support import expected_conditions as EC\n    \n        # Wait until an element is visible on the page\n        >>> wait = WebDriverWait(driver, 10)\n        >>> element = wait.until(EC.visibility_of_element_located((By.ID, \"exampleId\")))\n        >>> print(element.text)\n        \"\"\"\n        screen = None\n        stacktrace = None\n    \n        end_time = time.monotonic() + self._timeout\n        while True:\n            try:\n                value = method(self._driver)\n                if value:\n                    return value\n            except self._ignored_exceptions as exc:\n                screen = getattr(exc, \"screen\", None)\n                stacktrace = getattr(exc, \"stacktrace\", None)\n            if time.monotonic() > end_time:\n                break\n            time.sleep(self._poll)\n>       raise TimeoutException(message, screen, stacktrace)\nE       selenium.common.exceptions.TimeoutException: Message: \nE       Stacktrace:\nE       \tGetHandleVerifier [0x0x7ff690b56f65+78965]\nE       \tGetHandleVerifier [0x0x7ff690b56fc0+79056]\nE       \t(No symbol) [0x0x7ff6908e9dda]\nE       \t(No symbol) [0x0x7ff6909402ea]\nE       \t(No symbol) [0x0x7ff69094059c]\nE       \t(No symbol) [0x0x7ff690993f37]\nE       \t(No symbol) [0x0x7ff6909686af]\nE       \t(No symbol) [0x0x7ff690990dbe]\nE       \t(No symbol) [0x0x7ff690968443]\nE       \t(No symbol) [0x0x7ff690931311]\nE       \t(No symbol) [0x0x7ff6909320a3]\nE       \tGetHandleVerifier [0x0x7ff690e0e26d+2926461]\nE       \tGetHandleVerifier [0x0x7ff690e08993+2903715]\nE       \tGetHandleVerifier [0x0x7ff690e26aed+3026941]\nE       \tGetHandleVerifier [0x0x7ff690b716fe+187406]\nE       \tGetHandleVerifier [0x0x7ff690b796ef+220159]\nE       \tGetHandleVerifier [0x0x7ff690b5faf4+114692]\nE       \tGetHandleVerifier [0x0x7ff690b5fca9+115129]\nE       \tGetHandleVerifier [0x0x7ff690b464d8+10728]\nE       \tBaseThreadInitThunk [0x0x7ff90e507374+20]\nE       \tRtlUserThreadStart [0x0x7ff91019cc91+33]\n\nmyenv\\lib\\site-packages\\selenium\\webdriver\\support\\wait.py:138: TimeoutException","flaky":false,"newFailed":false,"newBroken":false,"newPassed":false,"retriesCount":1,"retriesStatusChange":true,"beforeStages":[{"name":"login_to_resourcegroup","time":{"start":1768222267849,"stop":1768222289070,"duration":21221},"status":"passed","steps":[],"attachments":[],"parameters":[],"shouldDisplayMessage":false,"attachmentsCount":0,"attachmentStep":false,"hasContent":false,"stepsCount":0}],"testStage":{"status":"broken","statusMessage":"selenium.common.exceptions.TimeoutException: Message: \nStacktrace:\n\tGetHandleVerifier [0x0x7ff690b56f65+78965]\n\tGetHandleVerifier [0x0x7ff690b56fc0+79056]\n\t(No symbol) [0x0x7ff6908e9dda]\n\t(No symbol) [0x0x7ff6909402ea]\n\t(No symbol) [0x0x7ff69094059c]\n\t(No symbol) [0x0x7ff690993f37]\n\t(No symbol) [0x0x7ff6909686af]\n\t(No symbol) [0x0x7ff690990dbe]\n\t(No symbol) [0x0x7ff690968443]\n\t(No symbol) [0x0x7ff690931311]\n\t(No symbol) [0x0x7ff6909320a3]\n\tGetHandleVerifier [0x0x7ff690e0e26d+2926461]\n\tGetHandleVerifier [0x0x7ff690e08993+2903715]\n\tGetHandleVerifier [0x0x7ff690e26aed+3026941]\n\tGetHandleVerifier [0x0x7ff690b716fe+187406]\n\tGetHandleVerifier [0x0x7ff690b796ef+220159]\n\tGetHandleVerifier [0x0x7ff690b5faf4+114692]\n\tGetHandleVerifier [0x0x7ff690b5fca9+115129]\n\tGetHandleVerifier [0x0x7ff690b464d8+10728]\n\tBaseThreadInitThunk [0x0x7ff90e507374+20]\n\tRtlUserThreadStart [0x0x7ff91019cc91+33]","statusTrace":"self = <test_items.test_resourcegroup.TestResourceGroupPage object at 0x0000021D31F64550>, login_to_resourcegroup = <selenium.webdriver.chrome.webdriver.WebDriver (session=\"eac152de92677c7400e8d1ab3c183d4b\")>\n\n    @allure.story(\"删除测试数据成功，删除布局成功\")\n    # @pytest.mark.run(order=1)\n    def test_resourcegroup_delsuccess(self, login_to_resourcegroup):\n        driver = login_to_resourcegroup  # WebDriver 实例\n        resource = ResourcePage(driver)  # 用 driver 初始化 resourcePage\n        layout = \"测试布局A\"\n    \n        value = ['111', '11测试全部数据', '1测试A', '111111111111111133331122221111222221111111113333111111144444111111111111111111111111111111111111111111111111']\n        resource.del_all(value, xpath='//p[text()=\"资源组代码\"]/ancestor::div[2]//input')\n        data = [\n            driver.find_elements(By.XPATH, f'//tr[./td[2][.//span[text()=\"{v}\"]]]/td[2]')\n            for v in value[:4]\n        ]\n>       resource.del_layout(layout)\n\nTests\\test_items\\test_resourcegroup.py:1032: \n_ _ _ _ _ _ _ _ _ _ _ _ _ _ _ _ _ _ _ _ _ _ _ _ _ _ _ _ _ _ _ _ _ _ _ _ _ _ _ _ _ _ _ _ _ _ _ _ _ _ _ _ _ _ _ _ _ _ _ _ _ _ _ _ _ _ _ _ _ _ _ _ _ _ _ _ _ _ _ _ _ _ _ _ _ _ _ _ _ _ _ _ _ _ _ _ _ _ _ _ _ _ _ _ _ _ _ _ _ _ _ _ _ _ _ _\nPages\\itemsPage\\resource_page.py:204: in del_layout\n    target_div = self.get_find_element_xpath(\nPages\\itemsPage\\resource_page.py:46: in get_find_element_xpath\n    return self.find_element(By.XPATH, xpath)\nPages\\base_page.py:28: in find_element\n    return WebDriverWait(self.driver, wait_time).until(\n_ _ _ _ _ _ _ _ _ _ _ _ _ _ _ _ _ _ _ _ _ _ _ _ _ _ _ _ _ _ _ _ _ _ _ _ _ _ _ _ _ _ _ _ _ _ _ _ _ _ _ _ _ _ _ _ _ _ _ _ _ _ _ _ _ _ _ _ _ _ _ _ _ _ _ _ _ _ _ _ _ _ _ _ _ _ _ _ _ _ _ _ _ _ _ _ _ _ _ _ _ _ _ _ _ _ _ _ _ _ _ _ _ _ _ _\n\nself = <selenium.webdriver.support.wait.WebDriverWait (session=\"eac152de92677c7400e8d1ab3c183d4b\")>, method = <function presence_of_element_located.<locals>._predicate at 0x0000021D3281E560>, message = ''\n\n    def until(self, method: Callable[[D], Union[Literal[False], T]], message: str = \"\") -> T:\n        \"\"\"Wait until the method returns a value that is not False.\n    \n        Calls the method provided with the driver as an argument until the\n        return value does not evaluate to ``False``.\n    \n        Parameters:\n        -----------\n        method: callable(WebDriver)\n            - A callable object that takes a WebDriver instance as an argument.\n    \n        message: str\n            - Optional message for :exc:`TimeoutException`\n    \n        Return:\n        -------\n        object: T\n            - The result of the last call to `method`\n    \n        Raises:\n        -------\n        TimeoutException\n            - If 'method' does not return a truthy value within the WebDriverWait\n            object's timeout\n    \n        Example:\n        --------\n        >>> from selenium.webdriver.common.by import By\n        >>> from selenium.webdriver.support.ui import WebDriverWait\n        >>> from selenium.webdriver.support import expected_conditions as EC\n    \n        # Wait until an element is visible on the page\n        >>> wait = WebDriverWait(driver, 10)\n        >>> element = wait.until(EC.visibility_of_element_located((By.ID, \"exampleId\")))\n        >>> print(element.text)\n        \"\"\"\n        screen = None\n        stacktrace = None\n    \n        end_time = time.monotonic() + self._timeout\n        while True:\n            try:\n                value = method(self._driver)\n                if value:\n                    return value\n            except self._ignored_exceptions as exc:\n                screen = getattr(exc, \"screen\", None)\n                stacktrace = getattr(exc, \"stacktrace\", None)\n            if time.monotonic() > end_time:\n                break\n            time.sleep(self._poll)\n>       raise TimeoutException(message, screen, stacktrace)\nE       selenium.common.exceptions.TimeoutException: Message: \nE       Stacktrace:\nE       \tGetHandleVerifier [0x0x7ff690b56f65+78965]\nE       \tGetHandleVerifier [0x0x7ff690b56fc0+79056]\nE       \t(No symbol) [0x0x7ff6908e9dda]\nE       \t(No symbol) [0x0x7ff6909402ea]\nE       \t(No symbol) [0x0x7ff69094059c]\nE       \t(No symbol) [0x0x7ff690993f37]\nE       \t(No symbol) [0x0x7ff6909686af]\nE       \t(No symbol) [0x0x7ff690990dbe]\nE       \t(No symbol) [0x0x7ff690968443]\nE       \t(No symbol) [0x0x7ff690931311]\nE       \t(No symbol) [0x0x7ff6909320a3]\nE       \tGetHandleVerifier [0x0x7ff690e0e26d+2926461]\nE       \tGetHandleVerifier [0x0x7ff690e08993+2903715]\nE       \tGetHandleVerifier [0x0x7ff690e26aed+3026941]\nE       \tGetHandleVerifier [0x0x7ff690b716fe+187406]\nE       \tGetHandleVerifier [0x0x7ff690b796ef+220159]\nE       \tGetHandleVerifier [0x0x7ff690b5faf4+114692]\nE       \tGetHandleVerifier [0x0x7ff690b5fca9+115129]\nE       \tGetHandleVerifier [0x0x7ff690b464d8+10728]\nE       \tBaseThreadInitThunk [0x0x7ff90e507374+20]\nE       \tRtlUserThreadStart [0x0x7ff91019cc91+33]\n\nmyenv\\lib\\site-packages\\selenium\\webdriver\\support\\wait.py:138: TimeoutException","steps":[],"attachments":[{"uid":"400dfd8719b8b474","name":"test_resourcegroup_delsuccess_20260112_210243","source":"400dfd8719b8b474.png","type":"image/png","size":60141},{"uid":"59f93e6f4a566f5b","name":"log","source":"59f93e6f4a566f5b.txt","type":"text/plain","size":5239}],"parameters":[],"shouldDisplayMessage":true,"attachmentsCount":2,"attachmentStep":false,"hasContent":true,"stepsCount":0},"afterStages":[{"name":"login_to_resourcegroup::0","time":{"start":1768222963329,"stop":1768222965531,"duration":2202},"status":"passed","steps":[],"attachments":[],"parameters":[],"shouldDisplayMessage":false,"attachmentsCount":0,"attachmentStep":false,"hasContent":false,"stepsCount":0}],"labels":[{"name":"story","value":"删除测试数据成功，删除布局成功"},{"name":"feature","value":"资源组表测试用例"},{"name":"parentSuite","value":"Tests.test_items"},{"name":"suite","value":"test_resourcegroup"},{"name":"subSuite","value":"TestResourceGroupPage"},{"name":"host","value":"WIN-20240820MJV"},{"name":"thread","value":"28120-MainThread"},{"name":"framework","value":"pytest"},{"name":"language","value":"cpython3"},{"name":"package","value":"Tests.test_items.test_resourcegroup"},{"name":"resultFormat","value":"allure2"}],"parameters":[],"links":[],"hidden":false,"retry":false,"extra":{"severity":"normal","retries":[{"uid":"1b2c4acaa3b63c62","status":"failed","statusDetails":"AssertionError: assert False\n +  where False = all(<generator object TestResourceGroupPage.test_resourcegroup_delsuccess.<locals>.<genexpr> at 0x0000021D325A82E0>)","time":{"start":1768222858567,"stop":1768222900582,"duration":42015}}],"categories":[{"name":"Test defects","matchedStatuses":[]}],"tags":[]},"source":"3a6ce4141ddfaffe.json","parameterValues":[]}