{"uid":"3e2a814eb38e155b","name":"test_coverage_refreshsuccess","fullName":"Tests.test_items.test_coverage.TestCoveragePage#test_coverage_refreshsuccess","historyId":"34065d44e82feb67bb826f168c1f0409","time":{"start":1763645228908,"stop":1763645232830,"duration":3922},"status":"broken","statusMessage":"selenium.common.exceptions.StaleElementReferenceException: Message: stale element reference: stale element not found in the current frame\n  (Session info: chrome=137.0.7151.69); For documentation on this error, please visit: https://www.selenium.dev/documentation/webdriver/troubleshooting/errors#stale-element-reference-exception\nStacktrace:\n\tGetHandleVerifier [0x0x7ff6ddda6f65+78965]\n\tGetHandleVerifier [0x0x7ff6ddda6fc0+79056]\n\t(No symbol) [0x0x7ff6ddb39dda]\n\t(No symbol) [0x0x7ff6ddb417c1]\n\t(No symbol) [0x0x7ff6ddb4482c]\n\t(No symbol) [0x0x7ff6ddb448ff]\n\t(No symbol) [0x0x7ff6ddb9120a]\n\t(No symbol) [0x0x7ff6ddb912d7]\n\t(No symbol) [0x0x7ff6ddb86acc]\n\t(No symbol) [0x0x7ff6ddbb866a]\n\t(No symbol) [0x0x7ff6ddb82b56]\n\t(No symbol) [0x0x7ff6ddbb8880]\n\t(No symbol) [0x0x7ff6ddbe0dbe]\n\t(No symbol) [0x0x7ff6ddbb8443]\n\t(No symbol) [0x0x7ff6ddb81311]\n\t(No symbol) [0x0x7ff6ddb820a3]\n\tGetHandleVerifier [0x0x7ff6de05e26d+2926461]\n\tGetHandleVerifier [0x0x7ff6de058993+2903715]\n\tGetHandleVerifier [0x0x7ff6de076aed+3026941]\n\tGetHandleVerifier [0x0x7ff6dddc16fe+187406]\n\tGetHandleVerifier [0x0x7ff6dddc96ef+220159]\n\tGetHandleVerifier [0x0x7ff6dddafaf4+114692]\n\tGetHandleVerifier [0x0x7ff6dddafca9+115129]\n\tGetHandleVerifier [0x0x7ff6ddd964d8+10728]\n\tBaseThreadInitThunk [0x0x7ffcce1b7374+20]\n\tRtlUserThreadStart [0x0x7ffcce53cc91+33]","statusTrace":"self = <test_items.test_coverage.TestCoveragePage object at 0x0000024AB4FA34C0>, login_to_coverage = <selenium.webdriver.chrome.webdriver.WebDriver (session=\"71e8c5f45337aa715354e9615f8dfc28\")>\n\n    @allure.story(\"刷新成功\")\n    # @pytest.mark.run(order=1)\n    def test_coverage_refreshsuccess(self, login_to_coverage):\n        driver = login_to_coverage  # WebDriver 实例\n        coverage = Coverage(driver)  # 用 driver 初始化 Coverage\n        coverage.wait_for_loading_to_disappear()\n        # 覆盖日历筛选框输入123\n>       coverage.enter_texts(\n            '//div[span[text()=\" 资源代码\"]]/following-sibling::div//input',\n            \"123\",\n        )\n\nTests\\test_items\\test_coverage.py:858: \n_ _ _ _ _ _ _ _ _ _ _ _ _ _ _ _ _ _ _ _ _ _ _ _ _ _ _ _ _ _ _ _ _ _ _ _ _ _ _ _ _ _ _ _ _ _ _ _ _ _ _ _ _ _ _ _ _ _ _ _ _ _ _ _ _ _ _ _ _ _ _ _ _ _ _ _ _ _ _ _ _ _ _ _ _ _ _ _ _ _ _ _ _ _ _ _ _ _ _ _ _ _ _ _ _ _ _ _ _ _ _ _ _ _ _ _\nPages\\itemsPage\\coverage_page.py:38: in enter_texts\n    self.enter_text(By.XPATH, xpath, text)\nPages\\base_page.py:103: in enter_text\n    element.send_keys(text)\nmyenv\\lib\\site-packages\\selenium\\webdriver\\remote\\webelement.py:305: in send_keys\n    self._execute(\nmyenv\\lib\\site-packages\\selenium\\webdriver\\remote\\webelement.py:574: in _execute\n    return self._parent.execute(command, params)\nmyenv\\lib\\site-packages\\selenium\\webdriver\\remote\\webdriver.py:447: in execute\n    self.error_handler.check_response(response)\n_ _ _ _ _ _ _ _ _ _ _ _ _ _ _ _ _ _ _ _ _ _ _ _ _ _ _ _ _ _ _ _ _ _ _ _ _ _ _ _ _ _ _ _ _ _ _ _ _ _ _ _ _ _ _ _ _ _ _ _ _ _ _ _ _ _ _ _ _ _ _ _ _ _ _ _ _ _ _ _ _ _ _ _ _ _ _ _ _ _ _ _ _ _ _ _ _ _ _ _ _ _ _ _ _ _ _ _ _ _ _ _ _ _ _ _\n\nself = <selenium.webdriver.remote.errorhandler.ErrorHandler object at 0x0000024AB5A79780>\nresponse = {'status': 404, 'value': '{\"value\":{\"error\":\"stale element reference\",\"message\":\"stale element reference: stale elemen...ff6ddd964d8+10728]\\\\n\\\\tBaseThreadInitThunk [0x0x7ffcce1b7374+20]\\\\n\\\\tRtlUserThreadStart [0x0x7ffcce53cc91+33]\\\\n\"}}'}\n\n    def check_response(self, response: Dict[str, Any]) -> None:\n        \"\"\"Checks that a JSON response from the WebDriver does not have an\n        error.\n    \n        :Args:\n         - response - The JSON response from the WebDriver server as a dictionary\n           object.\n    \n        :Raises: If the response contains an error message.\n        \"\"\"\n        status = response.get(\"status\", None)\n        if not status or status == ErrorCode.SUCCESS:\n            return\n        value = None\n        message = response.get(\"message\", \"\")\n        screen: str = response.get(\"screen\", \"\")\n        stacktrace = None\n        if isinstance(status, int):\n            value_json = response.get(\"value\", None)\n            if value_json and isinstance(value_json, str):\n                import json\n    \n                try:\n                    value = json.loads(value_json)\n                    if len(value) == 1:\n                        value = value[\"value\"]\n                    status = value.get(\"error\", None)\n                    if not status:\n                        status = value.get(\"status\", ErrorCode.UNKNOWN_ERROR)\n                        message = value.get(\"value\") or value.get(\"message\")\n                        if not isinstance(message, str):\n                            value = message\n                            message = message.get(\"message\")\n                    else:\n                        message = value.get(\"message\", None)\n                except ValueError:\n                    pass\n    \n        exception_class: Type[WebDriverException]\n        e = ErrorCode()\n        error_codes = [item for item in dir(e) if not item.startswith(\"__\")]\n        for error_code in error_codes:\n            error_info = getattr(ErrorCode, error_code)\n            if isinstance(error_info, list) and status in error_info:\n                exception_class = getattr(ExceptionMapping, error_code, WebDriverException)\n                break\n        else:\n            exception_class = WebDriverException\n    \n        if not value:\n            value = response[\"value\"]\n        if isinstance(value, str):\n            raise exception_class(value)\n        if message == \"\" and \"message\" in value:\n            message = value[\"message\"]\n    \n        screen = None  # type: ignore[assignment]\n        if \"screen\" in value:\n            screen = value[\"screen\"]\n    \n        stacktrace = None\n        st_value = value.get(\"stackTrace\") or value.get(\"stacktrace\")\n        if st_value:\n            if isinstance(st_value, str):\n                stacktrace = st_value.split(\"\\n\")\n            else:\n                stacktrace = []\n                try:\n                    for frame in st_value:\n                        line = frame.get(\"lineNumber\", \"\")\n                        file = frame.get(\"fileName\", \"<anonymous>\")\n                        if line:\n                            file = f\"{file}:{line}\"\n                        meth = frame.get(\"methodName\", \"<anonymous>\")\n                        if \"className\" in frame:\n                            meth = f\"{frame['className']}.{meth}\"\n                        msg = \"    at %s (%s)\"\n                        msg = msg % (meth, file)\n                        stacktrace.append(msg)\n                except TypeError:\n                    pass\n        if exception_class == UnexpectedAlertPresentException:\n            alert_text = None\n            if \"data\" in value:\n                alert_text = value[\"data\"].get(\"text\")\n            elif \"alert\" in value:\n                alert_text = value[\"alert\"].get(\"text\")\n            raise exception_class(message, screen, stacktrace, alert_text)  # type: ignore[call-arg]  # mypy is not smart enough here\n>       raise exception_class(message, screen, stacktrace)\nE       selenium.common.exceptions.StaleElementReferenceException: Message: stale element reference: stale element not found in the current frame\nE         (Session info: chrome=137.0.7151.69); For documentation on this error, please visit: https://www.selenium.dev/documentation/webdriver/troubleshooting/errors#stale-element-reference-exception\nE       Stacktrace:\nE       \tGetHandleVerifier [0x0x7ff6ddda6f65+78965]\nE       \tGetHandleVerifier [0x0x7ff6ddda6fc0+79056]\nE       \t(No symbol) [0x0x7ff6ddb39dda]\nE       \t(No symbol) [0x0x7ff6ddb417c1]\nE       \t(No symbol) [0x0x7ff6ddb4482c]\nE       \t(No symbol) [0x0x7ff6ddb448ff]\nE       \t(No symbol) [0x0x7ff6ddb9120a]\nE       \t(No symbol) [0x0x7ff6ddb912d7]\nE       \t(No symbol) [0x0x7ff6ddb86acc]\nE       \t(No symbol) [0x0x7ff6ddbb866a]\nE       \t(No symbol) [0x0x7ff6ddb82b56]\nE       \t(No symbol) [0x0x7ff6ddbb8880]\nE       \t(No symbol) [0x0x7ff6ddbe0dbe]\nE       \t(No symbol) [0x0x7ff6ddbb8443]\nE       \t(No symbol) [0x0x7ff6ddb81311]\nE       \t(No symbol) [0x0x7ff6ddb820a3]\nE       \tGetHandleVerifier [0x0x7ff6de05e26d+2926461]\nE       \tGetHandleVerifier [0x0x7ff6de058993+2903715]\nE       \tGetHandleVerifier [0x0x7ff6de076aed+3026941]\nE       \tGetHandleVerifier [0x0x7ff6dddc16fe+187406]\nE       \tGetHandleVerifier [0x0x7ff6dddc96ef+220159]\nE       \tGetHandleVerifier [0x0x7ff6dddafaf4+114692]\nE       \tGetHandleVerifier [0x0x7ff6dddafca9+115129]\nE       \tGetHandleVerifier [0x0x7ff6ddd964d8+10728]\nE       \tBaseThreadInitThunk [0x0x7ffcce1b7374+20]\nE       \tRtlUserThreadStart [0x0x7ffcce53cc91+33]\n\nmyenv\\lib\\site-packages\\selenium\\webdriver\\remote\\errorhandler.py:232: StaleElementReferenceException","flaky":false,"newFailed":false,"newBroken":false,"newPassed":false,"retriesCount":0,"retriesStatusChange":false,"beforeStages":[{"name":"login_to_coverage","time":{"start":1763645219109,"stop":1763645228907,"duration":9798},"status":"passed","steps":[],"attachments":[],"parameters":[],"stepsCount":0,"attachmentStep":false,"hasContent":false,"shouldDisplayMessage":false,"attachmentsCount":0}],"testStage":{"status":"broken","statusMessage":"selenium.common.exceptions.StaleElementReferenceException: Message: stale element reference: stale element not found in the current frame\n  (Session info: chrome=137.0.7151.69); For documentation on this error, please visit: https://www.selenium.dev/documentation/webdriver/troubleshooting/errors#stale-element-reference-exception\nStacktrace:\n\tGetHandleVerifier [0x0x7ff6ddda6f65+78965]\n\tGetHandleVerifier [0x0x7ff6ddda6fc0+79056]\n\t(No symbol) [0x0x7ff6ddb39dda]\n\t(No symbol) [0x0x7ff6ddb417c1]\n\t(No symbol) [0x0x7ff6ddb4482c]\n\t(No symbol) [0x0x7ff6ddb448ff]\n\t(No symbol) [0x0x7ff6ddb9120a]\n\t(No symbol) [0x0x7ff6ddb912d7]\n\t(No symbol) [0x0x7ff6ddb86acc]\n\t(No symbol) [0x0x7ff6ddbb866a]\n\t(No symbol) [0x0x7ff6ddb82b56]\n\t(No symbol) [0x0x7ff6ddbb8880]\n\t(No symbol) [0x0x7ff6ddbe0dbe]\n\t(No symbol) [0x0x7ff6ddbb8443]\n\t(No symbol) [0x0x7ff6ddb81311]\n\t(No symbol) [0x0x7ff6ddb820a3]\n\tGetHandleVerifier [0x0x7ff6de05e26d+2926461]\n\tGetHandleVerifier [0x0x7ff6de058993+2903715]\n\tGetHandleVerifier [0x0x7ff6de076aed+3026941]\n\tGetHandleVerifier [0x0x7ff6dddc16fe+187406]\n\tGetHandleVerifier [0x0x7ff6dddc96ef+220159]\n\tGetHandleVerifier [0x0x7ff6dddafaf4+114692]\n\tGetHandleVerifier [0x0x7ff6dddafca9+115129]\n\tGetHandleVerifier [0x0x7ff6ddd964d8+10728]\n\tBaseThreadInitThunk [0x0x7ffcce1b7374+20]\n\tRtlUserThreadStart [0x0x7ffcce53cc91+33]","statusTrace":"self = <test_items.test_coverage.TestCoveragePage object at 0x0000024AB4FA34C0>, login_to_coverage = <selenium.webdriver.chrome.webdriver.WebDriver (session=\"71e8c5f45337aa715354e9615f8dfc28\")>\n\n    @allure.story(\"刷新成功\")\n    # @pytest.mark.run(order=1)\n    def test_coverage_refreshsuccess(self, login_to_coverage):\n        driver = login_to_coverage  # WebDriver 实例\n        coverage = Coverage(driver)  # 用 driver 初始化 Coverage\n        coverage.wait_for_loading_to_disappear()\n        # 覆盖日历筛选框输入123\n>       coverage.enter_texts(\n            '//div[span[text()=\" 资源代码\"]]/following-sibling::div//input',\n            \"123\",\n        )\n\nTests\\test_items\\test_coverage.py:858: \n_ _ _ _ _ _ _ _ _ _ _ _ _ _ _ _ _ _ _ _ _ _ _ _ _ _ _ _ _ _ _ _ _ _ _ _ _ _ _ _ _ _ _ _ _ _ _ _ _ _ _ _ _ _ _ _ _ _ _ _ _ _ _ _ _ _ _ _ _ _ _ _ _ _ _ _ _ _ _ _ _ _ _ _ _ _ _ _ _ _ _ _ _ _ _ _ _ _ _ _ _ _ _ _ _ _ _ _ _ _ _ _ _ _ _ _\nPages\\itemsPage\\coverage_page.py:38: in enter_texts\n    self.enter_text(By.XPATH, xpath, text)\nPages\\base_page.py:103: in enter_text\n    element.send_keys(text)\nmyenv\\lib\\site-packages\\selenium\\webdriver\\remote\\webelement.py:305: in send_keys\n    self._execute(\nmyenv\\lib\\site-packages\\selenium\\webdriver\\remote\\webelement.py:574: in _execute\n    return self._parent.execute(command, params)\nmyenv\\lib\\site-packages\\selenium\\webdriver\\remote\\webdriver.py:447: in execute\n    self.error_handler.check_response(response)\n_ _ _ _ _ _ _ _ _ _ _ _ _ _ _ _ _ _ _ _ _ _ _ _ _ _ _ _ _ _ _ _ _ _ _ _ _ _ _ _ _ _ _ _ _ _ _ _ _ _ _ _ _ _ _ _ _ _ _ _ _ _ _ _ _ _ _ _ _ _ _ _ _ _ _ _ _ _ _ _ _ _ _ _ _ _ _ _ _ _ _ _ _ _ _ _ _ _ _ _ _ _ _ _ _ _ _ _ _ _ _ _ _ _ _ _\n\nself = <selenium.webdriver.remote.errorhandler.ErrorHandler object at 0x0000024AB5A79780>\nresponse = {'status': 404, 'value': '{\"value\":{\"error\":\"stale element reference\",\"message\":\"stale element reference: stale elemen...ff6ddd964d8+10728]\\\\n\\\\tBaseThreadInitThunk [0x0x7ffcce1b7374+20]\\\\n\\\\tRtlUserThreadStart [0x0x7ffcce53cc91+33]\\\\n\"}}'}\n\n    def check_response(self, response: Dict[str, Any]) -> None:\n        \"\"\"Checks that a JSON response from the WebDriver does not have an\n        error.\n    \n        :Args:\n         - response - The JSON response from the WebDriver server as a dictionary\n           object.\n    \n        :Raises: If the response contains an error message.\n        \"\"\"\n        status = response.get(\"status\", None)\n        if not status or status == ErrorCode.SUCCESS:\n            return\n        value = None\n        message = response.get(\"message\", \"\")\n        screen: str = response.get(\"screen\", \"\")\n        stacktrace = None\n        if isinstance(status, int):\n            value_json = response.get(\"value\", None)\n            if value_json and isinstance(value_json, str):\n                import json\n    \n                try:\n                    value = json.loads(value_json)\n                    if len(value) == 1:\n                        value = value[\"value\"]\n                    status = value.get(\"error\", None)\n                    if not status:\n                        status = value.get(\"status\", ErrorCode.UNKNOWN_ERROR)\n                        message = value.get(\"value\") or value.get(\"message\")\n                        if not isinstance(message, str):\n                            value = message\n                            message = message.get(\"message\")\n                    else:\n                        message = value.get(\"message\", None)\n                except ValueError:\n                    pass\n    \n        exception_class: Type[WebDriverException]\n        e = ErrorCode()\n        error_codes = [item for item in dir(e) if not item.startswith(\"__\")]\n        for error_code in error_codes:\n            error_info = getattr(ErrorCode, error_code)\n            if isinstance(error_info, list) and status in error_info:\n                exception_class = getattr(ExceptionMapping, error_code, WebDriverException)\n                break\n        else:\n            exception_class = WebDriverException\n    \n        if not value:\n            value = response[\"value\"]\n        if isinstance(value, str):\n            raise exception_class(value)\n        if message == \"\" and \"message\" in value:\n            message = value[\"message\"]\n    \n        screen = None  # type: ignore[assignment]\n        if \"screen\" in value:\n            screen = value[\"screen\"]\n    \n        stacktrace = None\n        st_value = value.get(\"stackTrace\") or value.get(\"stacktrace\")\n        if st_value:\n            if isinstance(st_value, str):\n                stacktrace = st_value.split(\"\\n\")\n            else:\n                stacktrace = []\n                try:\n                    for frame in st_value:\n                        line = frame.get(\"lineNumber\", \"\")\n                        file = frame.get(\"fileName\", \"<anonymous>\")\n                        if line:\n                            file = f\"{file}:{line}\"\n                        meth = frame.get(\"methodName\", \"<anonymous>\")\n                        if \"className\" in frame:\n                            meth = f\"{frame['className']}.{meth}\"\n                        msg = \"    at %s (%s)\"\n                        msg = msg % (meth, file)\n                        stacktrace.append(msg)\n                except TypeError:\n                    pass\n        if exception_class == UnexpectedAlertPresentException:\n            alert_text = None\n            if \"data\" in value:\n                alert_text = value[\"data\"].get(\"text\")\n            elif \"alert\" in value:\n                alert_text = value[\"alert\"].get(\"text\")\n            raise exception_class(message, screen, stacktrace, alert_text)  # type: ignore[call-arg]  # mypy is not smart enough here\n>       raise exception_class(message, screen, stacktrace)\nE       selenium.common.exceptions.StaleElementReferenceException: Message: stale element reference: stale element not found in the current frame\nE         (Session info: chrome=137.0.7151.69); For documentation on this error, please visit: https://www.selenium.dev/documentation/webdriver/troubleshooting/errors#stale-element-reference-exception\nE       Stacktrace:\nE       \tGetHandleVerifier [0x0x7ff6ddda6f65+78965]\nE       \tGetHandleVerifier [0x0x7ff6ddda6fc0+79056]\nE       \t(No symbol) [0x0x7ff6ddb39dda]\nE       \t(No symbol) [0x0x7ff6ddb417c1]\nE       \t(No symbol) [0x0x7ff6ddb4482c]\nE       \t(No symbol) [0x0x7ff6ddb448ff]\nE       \t(No symbol) [0x0x7ff6ddb9120a]\nE       \t(No symbol) [0x0x7ff6ddb912d7]\nE       \t(No symbol) [0x0x7ff6ddb86acc]\nE       \t(No symbol) [0x0x7ff6ddbb866a]\nE       \t(No symbol) [0x0x7ff6ddb82b56]\nE       \t(No symbol) [0x0x7ff6ddbb8880]\nE       \t(No symbol) [0x0x7ff6ddbe0dbe]\nE       \t(No symbol) [0x0x7ff6ddbb8443]\nE       \t(No symbol) [0x0x7ff6ddb81311]\nE       \t(No symbol) [0x0x7ff6ddb820a3]\nE       \tGetHandleVerifier [0x0x7ff6de05e26d+2926461]\nE       \tGetHandleVerifier [0x0x7ff6de058993+2903715]\nE       \tGetHandleVerifier [0x0x7ff6de076aed+3026941]\nE       \tGetHandleVerifier [0x0x7ff6dddc16fe+187406]\nE       \tGetHandleVerifier [0x0x7ff6dddc96ef+220159]\nE       \tGetHandleVerifier [0x0x7ff6dddafaf4+114692]\nE       \tGetHandleVerifier [0x0x7ff6dddafca9+115129]\nE       \tGetHandleVerifier [0x0x7ff6ddd964d8+10728]\nE       \tBaseThreadInitThunk [0x0x7ffcce1b7374+20]\nE       \tRtlUserThreadStart [0x0x7ffcce53cc91+33]\n\nmyenv\\lib\\site-packages\\selenium\\webdriver\\remote\\errorhandler.py:232: StaleElementReferenceException","steps":[],"attachments":[{"uid":"d4abd095ac9731c8","name":"test_coverage_refreshsuccess_failure","source":"d4abd095ac9731c8.png","type":"image/png","size":87579},{"uid":"850752fce34d1953","name":"test_coverage_refreshsuccess_source","source":"850752fce34d1953.html","type":"text/html","size":1272540},{"uid":"51a35235f12a493f","name":"log","source":"51a35235f12a493f.txt","type":"text/plain","size":3618}],"parameters":[],"stepsCount":0,"attachmentStep":false,"hasContent":true,"shouldDisplayMessage":true,"attachmentsCount":3},"afterStages":[{"name":"login_to_coverage::0","time":{"start":1763645233184,"stop":1763645235343,"duration":2159},"status":"passed","steps":[],"attachments":[],"parameters":[],"stepsCount":0,"attachmentStep":false,"hasContent":false,"shouldDisplayMessage":false,"attachmentsCount":0}],"labels":[{"name":"feature","value":"覆盖日历表测试用例"},{"name":"story","value":"刷新成功"},{"name":"parentSuite","value":"Tests.test_items"},{"name":"suite","value":"test_coverage"},{"name":"subSuite","value":"TestCoveragePage"},{"name":"host","value":"WIN-20240820MJV"},{"name":"thread","value":"9148-MainThread"},{"name":"framework","value":"pytest"},{"name":"language","value":"cpython3"},{"name":"package","value":"Tests.test_items.test_coverage"},{"name":"resultFormat","value":"allure2"}],"parameters":[],"links":[],"hidden":true,"retry":true,"extra":{"categories":[],"tags":[]},"source":"3e2a814eb38e155b.json","parameterValues":[]}