{"uid":"3e347a5cecd6e1b9","name":"test_inTransitInventory_delsuccess2","fullName":"Tests.test_material.test_inTransitInventory.TestItemPage#test_inTransitInventory_delsuccess2","historyId":"9c7c670f70e153297349a8d9cc176c4c","time":{"start":1768238489104,"stop":1768238499255,"duration":10151},"status":"broken","statusMessage":"selenium.common.exceptions.TimeoutException: Message: 点击失败，找不到元素：xpath = //tr[./td[2][.//span[text()=\"111\"]]]/td[2]","statusTrace":"self = <Pages.materialPage.warehouseLocation_page.WarehouseLocationPage object at 0x0000021D326F7640>, by_or_element = 'xpath', value = '//tr[./td[2][.//span[text()=\"111\"]]]/td[2]', wait_time = 10, retries = 2\n\n    def click(self, by_or_element, value=None, wait_time=10, retries=2):\n        \"\"\"\n        更稳健的点击方法：支持定位符或 WebElement，自动处理 stale 元素、点击拦截等问题。\n        \"\"\"\n        for attempt in range(retries):\n            try:\n                if value is not None:\n                    by = by_or_element\n                    logging.info(f\"点击元素：By = {by}, Value = {value}\")\n>                   element = WebDriverWait(self.driver, wait_time).until(\n                        EC.element_to_be_clickable((by, value))\n                    )\n\nPages\\base_page.py:49: \n_ _ _ _ _ _ _ _ _ _ _ _ _ _ _ _ _ _ _ _ _ _ _ _ _ _ _ _ _ _ _ _ _ _ _ _ _ _ _ _ _ _ _ _ _ _ _ _ _ _ _ _ _ _ _ _ _ _ _ _ _ _ _ _ _ _ _ _ _ _ _ _ _ _ _ _ _ _ _ _ _ _ _ _ _ _ _ _ _ _ _ _ _ _ _ _ _ _ _ _ _ _ _ _ _ _ _ _ _ _ _ _ _ _ _ _\n\nself = <selenium.webdriver.support.wait.WebDriverWait (session=\"af9f46533962daf78dae7a752b83159a\")>, method = <function element_to_be_clickable.<locals>._predicate at 0x0000021D341CDD80>, message = ''\n\n    def until(self, method: Callable[[D], Union[Literal[False], T]], message: str = \"\") -> T:\n        \"\"\"Wait until the method returns a value that is not False.\n    \n        Calls the method provided with the driver as an argument until the\n        return value does not evaluate to ``False``.\n    \n        Parameters:\n        -----------\n        method: callable(WebDriver)\n            - A callable object that takes a WebDriver instance as an argument.\n    \n        message: str\n            - Optional message for :exc:`TimeoutException`\n    \n        Return:\n        -------\n        object: T\n            - The result of the last call to `method`\n    \n        Raises:\n        -------\n        TimeoutException\n            - If 'method' does not return a truthy value within the WebDriverWait\n            object's timeout\n    \n        Example:\n        --------\n        >>> from selenium.webdriver.common.by import By\n        >>> from selenium.webdriver.support.ui import WebDriverWait\n        >>> from selenium.webdriver.support import expected_conditions as EC\n    \n        # Wait until an element is visible on the page\n        >>> wait = WebDriverWait(driver, 10)\n        >>> element = wait.until(EC.visibility_of_element_located((By.ID, \"exampleId\")))\n        >>> print(element.text)\n        \"\"\"\n        screen = None\n        stacktrace = None\n    \n        end_time = time.monotonic() + self._timeout\n        while True:\n            try:\n                value = method(self._driver)\n                if value:\n                    return value\n            except self._ignored_exceptions as exc:\n                screen = getattr(exc, \"screen\", None)\n                stacktrace = getattr(exc, \"stacktrace\", None)\n            if time.monotonic() > end_time:\n                break\n            time.sleep(self._poll)\n>       raise TimeoutException(message, screen, stacktrace)\nE       selenium.common.exceptions.TimeoutException: Message: \nE       Stacktrace:\nE       \tGetHandleVerifier [0x0x7ff690b56f65+78965]\nE       \tGetHandleVerifier [0x0x7ff690b56fc0+79056]\nE       \t(No symbol) [0x0x7ff6908e9dda]\nE       \t(No symbol) [0x0x7ff6909402ea]\nE       \t(No symbol) [0x0x7ff69094059c]\nE       \t(No symbol) [0x0x7ff690993f37]\nE       \t(No symbol) [0x0x7ff6909686af]\nE       \t(No symbol) [0x0x7ff690990dbe]\nE       \t(No symbol) [0x0x7ff690968443]\nE       \t(No symbol) [0x0x7ff690931311]\nE       \t(No symbol) [0x0x7ff6909320a3]\nE       \tGetHandleVerifier [0x0x7ff690e0e26d+2926461]\nE       \tGetHandleVerifier [0x0x7ff690e08993+2903715]\nE       \tGetHandleVerifier [0x0x7ff690e26aed+3026941]\nE       \tGetHandleVerifier [0x0x7ff690b716fe+187406]\nE       \tGetHandleVerifier [0x0x7ff690b796ef+220159]\nE       \tGetHandleVerifier [0x0x7ff690b5faf4+114692]\nE       \tGetHandleVerifier [0x0x7ff690b5fca9+115129]\nE       \tGetHandleVerifier [0x0x7ff690b464d8+10728]\nE       \tBaseThreadInitThunk [0x0x7ff90e507374+20]\nE       \tRtlUserThreadStart [0x0x7ff91019cc91+33]\n\nmyenv\\lib\\site-packages\\selenium\\webdriver\\support\\wait.py:138: TimeoutException\n\nDuring handling of the above exception, another exception occurred:\n\nself = <test_material.test_inTransitInventory.TestItemPage object at 0x0000021D320FDC60>, login_to_item = <selenium.webdriver.chrome.webdriver.WebDriver (session=\"af9f46533962daf78dae7a752b83159a\")>\n\n    @allure.story(\"删除测试数据成功\")\n    # @pytest.mark.run(order=1)\n    def test_inTransitInventory_delsuccess2(self, login_to_item):\n        # 定位内容为‘111’的行\n>       self.item.click_button('//tr[./td[2][.//span[text()=\"111\"]]]/td[2]')\n\nTests\\test_material\\test_inTransitInventory.py:490: \n_ _ _ _ _ _ _ _ _ _ _ _ _ _ _ _ _ _ _ _ _ _ _ _ _ _ _ _ _ _ _ _ _ _ _ _ _ _ _ _ _ _ _ _ _ _ _ _ _ _ _ _ _ _ _ _ _ _ _ _ _ _ _ _ _ _ _ _ _ _ _ _ _ _ _ _ _ _ _ _ _ _ _ _ _ _ _ _ _ _ _ _ _ _ _ _ _ _ _ _ _ _ _ _ _ _ _ _ _ _ _ _ _ _ _ _\nPages\\materialPage\\warehouseLocation_page.py:170: in click_button\n    self.click(By.XPATH, xpath)\n_ _ _ _ _ _ _ _ _ _ _ _ _ _ _ _ _ _ _ _ _ _ _ _ _ _ _ _ _ _ _ _ _ _ _ _ _ _ _ _ _ _ _ _ _ _ _ _ _ _ _ _ _ _ _ _ _ _ _ _ _ _ _ _ _ _ _ _ _ _ _ _ _ _ _ _ _ _ _ _ _ _ _ _ _ _ _ _ _ _ _ _ _ _ _ _ _ _ _ _ _ _ _ _ _ _ _ _ _ _ _ _ _ _ _ _\n\nself = <Pages.materialPage.warehouseLocation_page.WarehouseLocationPage object at 0x0000021D326F7640>, by_or_element = 'xpath', value = '//tr[./td[2][.//span[text()=\"111\"]]]/td[2]', wait_time = 10, retries = 2\n\n    def click(self, by_or_element, value=None, wait_time=10, retries=2):\n        \"\"\"\n        更稳健的点击方法：支持定位符或 WebElement，自动处理 stale 元素、点击拦截等问题。\n        \"\"\"\n        for attempt in range(retries):\n            try:\n                if value is not None:\n                    by = by_or_element\n                    logging.info(f\"点击元素：By = {by}, Value = {value}\")\n                    element = WebDriverWait(self.driver, wait_time).until(\n                        EC.element_to_be_clickable((by, value))\n                    )\n                else:\n                    logging.info(\"点击元素：WebElement 对象\")\n                    element = by_or_element\n    \n                element.click()\n                logging.info(\"✅ 点击成功\")\n                return\n    \n            except ElementClickInterceptedException:\n                logging.warning(\"⚠️ 原生点击被拦截，尝试使用 JS 点击\")\n                try:\n                    self.driver.execute_script(\"arguments[0].click();\", element)\n                    logging.info(\"✅ JS 点击成功\")\n                    return\n                except Exception as js_error:\n                    logging.warning(f\"⚠️ JS 点击失败：{js_error}\")\n                    sleep(1)\n                    continue  # 下一轮重试\n    \n            except StaleElementReferenceException:\n                logging.warning(f\"⚠️ 第 {attempt + 1} 次点击失败：元素过期，尝试重新定位\")\n                sleep(1)\n                continue  # 下一轮重试时重新定位\n    \n            except TimeoutException:\n                logging.error(f\"❌ 元素未在 {wait_time} 秒内变为可点击\")\n>               raise TimeoutException(f\"点击失败，找不到元素：{by_or_element} = {value}\")\nE               selenium.common.exceptions.TimeoutException: Message: 点击失败，找不到元素：xpath = //tr[./td[2][.//span[text()=\"111\"]]]/td[2]\n\nPages\\base_page.py:78: TimeoutException","flaky":false,"newFailed":false,"newBroken":false,"newPassed":false,"retriesCount":1,"retriesStatusChange":false,"beforeStages":[{"name":"login_to_item","time":{"start":1768238471741,"stop":1768238489065,"duration":17324},"status":"passed","steps":[],"attachments":[],"parameters":[],"shouldDisplayMessage":false,"attachmentsCount":0,"attachmentStep":false,"hasContent":false,"stepsCount":0},{"name":"setup","time":{"start":1768238489066,"stop":1768238489103,"duration":37},"status":"passed","steps":[],"attachments":[],"parameters":[],"shouldDisplayMessage":false,"attachmentsCount":0,"attachmentStep":false,"hasContent":false,"stepsCount":0}],"testStage":{"status":"broken","statusMessage":"selenium.common.exceptions.TimeoutException: Message: 点击失败，找不到元素：xpath = //tr[./td[2][.//span[text()=\"111\"]]]/td[2]","statusTrace":"self = <Pages.materialPage.warehouseLocation_page.WarehouseLocationPage object at 0x0000021D326F7640>, by_or_element = 'xpath', value = '//tr[./td[2][.//span[text()=\"111\"]]]/td[2]', wait_time = 10, retries = 2\n\n    def click(self, by_or_element, value=None, wait_time=10, retries=2):\n        \"\"\"\n        更稳健的点击方法：支持定位符或 WebElement，自动处理 stale 元素、点击拦截等问题。\n        \"\"\"\n        for attempt in range(retries):\n            try:\n                if value is not None:\n                    by = by_or_element\n                    logging.info(f\"点击元素：By = {by}, Value = {value}\")\n>                   element = WebDriverWait(self.driver, wait_time).until(\n                        EC.element_to_be_clickable((by, value))\n                    )\n\nPages\\base_page.py:49: \n_ _ _ _ _ _ _ _ _ _ _ _ _ _ _ _ _ _ _ _ _ _ _ _ _ _ _ _ _ _ _ _ _ _ _ _ _ _ _ _ _ _ _ _ _ _ _ _ _ _ _ _ _ _ _ _ _ _ _ _ _ _ _ _ _ _ _ _ _ _ _ _ _ _ _ _ _ _ _ _ _ _ _ _ _ _ _ _ _ _ _ _ _ _ _ _ _ _ _ _ _ _ _ _ _ _ _ _ _ _ _ _ _ _ _ _\n\nself = <selenium.webdriver.support.wait.WebDriverWait (session=\"af9f46533962daf78dae7a752b83159a\")>, method = <function element_to_be_clickable.<locals>._predicate at 0x0000021D341CDD80>, message = ''\n\n    def until(self, method: Callable[[D], Union[Literal[False], T]], message: str = \"\") -> T:\n        \"\"\"Wait until the method returns a value that is not False.\n    \n        Calls the method provided with the driver as an argument until the\n        return value does not evaluate to ``False``.\n    \n        Parameters:\n        -----------\n        method: callable(WebDriver)\n            - A callable object that takes a WebDriver instance as an argument.\n    \n        message: str\n            - Optional message for :exc:`TimeoutException`\n    \n        Return:\n        -------\n        object: T\n            - The result of the last call to `method`\n    \n        Raises:\n        -------\n        TimeoutException\n            - If 'method' does not return a truthy value within the WebDriverWait\n            object's timeout\n    \n        Example:\n        --------\n        >>> from selenium.webdriver.common.by import By\n        >>> from selenium.webdriver.support.ui import WebDriverWait\n        >>> from selenium.webdriver.support import expected_conditions as EC\n    \n        # Wait until an element is visible on the page\n        >>> wait = WebDriverWait(driver, 10)\n        >>> element = wait.until(EC.visibility_of_element_located((By.ID, \"exampleId\")))\n        >>> print(element.text)\n        \"\"\"\n        screen = None\n        stacktrace = None\n    \n        end_time = time.monotonic() + self._timeout\n        while True:\n            try:\n                value = method(self._driver)\n                if value:\n                    return value\n            except self._ignored_exceptions as exc:\n                screen = getattr(exc, \"screen\", None)\n                stacktrace = getattr(exc, \"stacktrace\", None)\n            if time.monotonic() > end_time:\n                break\n            time.sleep(self._poll)\n>       raise TimeoutException(message, screen, stacktrace)\nE       selenium.common.exceptions.TimeoutException: Message: \nE       Stacktrace:\nE       \tGetHandleVerifier [0x0x7ff690b56f65+78965]\nE       \tGetHandleVerifier [0x0x7ff690b56fc0+79056]\nE       \t(No symbol) [0x0x7ff6908e9dda]\nE       \t(No symbol) [0x0x7ff6909402ea]\nE       \t(No symbol) [0x0x7ff69094059c]\nE       \t(No symbol) [0x0x7ff690993f37]\nE       \t(No symbol) [0x0x7ff6909686af]\nE       \t(No symbol) [0x0x7ff690990dbe]\nE       \t(No symbol) [0x0x7ff690968443]\nE       \t(No symbol) [0x0x7ff690931311]\nE       \t(No symbol) [0x0x7ff6909320a3]\nE       \tGetHandleVerifier [0x0x7ff690e0e26d+2926461]\nE       \tGetHandleVerifier [0x0x7ff690e08993+2903715]\nE       \tGetHandleVerifier [0x0x7ff690e26aed+3026941]\nE       \tGetHandleVerifier [0x0x7ff690b716fe+187406]\nE       \tGetHandleVerifier [0x0x7ff690b796ef+220159]\nE       \tGetHandleVerifier [0x0x7ff690b5faf4+114692]\nE       \tGetHandleVerifier [0x0x7ff690b5fca9+115129]\nE       \tGetHandleVerifier [0x0x7ff690b464d8+10728]\nE       \tBaseThreadInitThunk [0x0x7ff90e507374+20]\nE       \tRtlUserThreadStart [0x0x7ff91019cc91+33]\n\nmyenv\\lib\\site-packages\\selenium\\webdriver\\support\\wait.py:138: TimeoutException\n\nDuring handling of the above exception, another exception occurred:\n\nself = <test_material.test_inTransitInventory.TestItemPage object at 0x0000021D320FDC60>, login_to_item = <selenium.webdriver.chrome.webdriver.WebDriver (session=\"af9f46533962daf78dae7a752b83159a\")>\n\n    @allure.story(\"删除测试数据成功\")\n    # @pytest.mark.run(order=1)\n    def test_inTransitInventory_delsuccess2(self, login_to_item):\n        # 定位内容为‘111’的行\n>       self.item.click_button('//tr[./td[2][.//span[text()=\"111\"]]]/td[2]')\n\nTests\\test_material\\test_inTransitInventory.py:490: \n_ _ _ _ _ _ _ _ _ _ _ _ _ _ _ _ _ _ _ _ _ _ _ _ _ _ _ _ _ _ _ _ _ _ _ _ _ _ _ _ _ _ _ _ _ _ _ _ _ _ _ _ _ _ _ _ _ _ _ _ _ _ _ _ _ _ _ _ _ _ _ _ _ _ _ _ _ _ _ _ _ _ _ _ _ _ _ _ _ _ _ _ _ _ _ _ _ _ _ _ _ _ _ _ _ _ _ _ _ _ _ _ _ _ _ _\nPages\\materialPage\\warehouseLocation_page.py:170: in click_button\n    self.click(By.XPATH, xpath)\n_ _ _ _ _ _ _ _ _ _ _ _ _ _ _ _ _ _ _ _ _ _ _ _ _ _ _ _ _ _ _ _ _ _ _ _ _ _ _ _ _ _ _ _ _ _ _ _ _ _ _ _ _ _ _ _ _ _ _ _ _ _ _ _ _ _ _ _ _ _ _ _ _ _ _ _ _ _ _ _ _ _ _ _ _ _ _ _ _ _ _ _ _ _ _ _ _ _ _ _ _ _ _ _ _ _ _ _ _ _ _ _ _ _ _ _\n\nself = <Pages.materialPage.warehouseLocation_page.WarehouseLocationPage object at 0x0000021D326F7640>, by_or_element = 'xpath', value = '//tr[./td[2][.//span[text()=\"111\"]]]/td[2]', wait_time = 10, retries = 2\n\n    def click(self, by_or_element, value=None, wait_time=10, retries=2):\n        \"\"\"\n        更稳健的点击方法：支持定位符或 WebElement，自动处理 stale 元素、点击拦截等问题。\n        \"\"\"\n        for attempt in range(retries):\n            try:\n                if value is not None:\n                    by = by_or_element\n                    logging.info(f\"点击元素：By = {by}, Value = {value}\")\n                    element = WebDriverWait(self.driver, wait_time).until(\n                        EC.element_to_be_clickable((by, value))\n                    )\n                else:\n                    logging.info(\"点击元素：WebElement 对象\")\n                    element = by_or_element\n    \n                element.click()\n                logging.info(\"✅ 点击成功\")\n                return\n    \n            except ElementClickInterceptedException:\n                logging.warning(\"⚠️ 原生点击被拦截，尝试使用 JS 点击\")\n                try:\n                    self.driver.execute_script(\"arguments[0].click();\", element)\n                    logging.info(\"✅ JS 点击成功\")\n                    return\n                except Exception as js_error:\n                    logging.warning(f\"⚠️ JS 点击失败：{js_error}\")\n                    sleep(1)\n                    continue  # 下一轮重试\n    \n            except StaleElementReferenceException:\n                logging.warning(f\"⚠️ 第 {attempt + 1} 次点击失败：元素过期，尝试重新定位\")\n                sleep(1)\n                continue  # 下一轮重试时重新定位\n    \n            except TimeoutException:\n                logging.error(f\"❌ 元素未在 {wait_time} 秒内变为可点击\")\n>               raise TimeoutException(f\"点击失败，找不到元素：{by_or_element} = {value}\")\nE               selenium.common.exceptions.TimeoutException: Message: 点击失败，找不到元素：xpath = //tr[./td[2][.//span[text()=\"111\"]]]/td[2]\n\nPages\\base_page.py:78: TimeoutException","steps":[],"attachments":[{"uid":"7b0ab956abc784fb","name":"test_inTransitInventory_delsuccess2_20260113_012139","source":"7b0ab956abc784fb.png","type":"image/png","size":117215},{"uid":"1f4c66c539cd964d","name":"test_inTransitInventory_delsuccess2_20260113_012139","source":"1f4c66c539cd964d.png","type":"image/png","size":161471},{"uid":"962014b981fb071c","name":"log","source":"962014b981fb071c.txt","type":"text/plain","size":2637}],"parameters":[],"shouldDisplayMessage":true,"attachmentsCount":3,"attachmentStep":false,"hasContent":true,"stepsCount":0},"afterStages":[{"name":"login_to_item::0","time":{"start":1768238499529,"stop":1768238501728,"duration":2199},"status":"passed","steps":[],"attachments":[],"parameters":[],"shouldDisplayMessage":false,"attachmentsCount":0,"attachmentStep":false,"hasContent":false,"stepsCount":0}],"labels":[{"name":"story","value":"删除测试数据成功"},{"name":"feature","value":"在途库存测试用例"},{"name":"parentSuite","value":"Tests.test_material"},{"name":"suite","value":"test_inTransitInventory"},{"name":"subSuite","value":"TestItemPage"},{"name":"host","value":"WIN-20240820MJV"},{"name":"thread","value":"28120-MainThread"},{"name":"framework","value":"pytest"},{"name":"language","value":"cpython3"},{"name":"package","value":"Tests.test_material.test_inTransitInventory"},{"name":"resultFormat","value":"allure2"}],"parameters":[],"links":[],"hidden":false,"retry":false,"extra":{"severity":"normal","retries":[{"uid":"1df3893aaf85f5d1","status":"broken","statusDetails":"selenium.common.exceptions.TimeoutException: Message: 点击失败，找不到元素：xpath = //tr[./td[2][.//span[text()=\"111\"]]]/td[2]","time":{"start":1768238459170,"stop":1768238469295,"duration":10125}}],"categories":[{"name":"Test defects","matchedStatuses":[]}],"tags":[]},"source":"3e347a5cecd6e1b9.json","parameterValues":[]}