{"uid":"4059113ece53de1","name":"test_item_addsuccess","fullName":"Tests.test_material.test_warehouseLocation.TestItemPage#test_item_addsuccess","historyId":"b89d60a9a7358661a842c0e48e573bcd","time":{"start":1762186187984,"stop":1762186204797,"duration":16813},"status":"broken","statusMessage":"selenium.common.exceptions.TimeoutException: Message: 点击失败，找不到元素：xpath = (//button[@type=\"button\"]/span[text()=\"取消\"])[5]","statusTrace":"self = <Pages.materialPage.warehouseLocation_page.WarehouseLocationPage object at 0x0000024A9E6C17E0>, by_or_element = 'xpath', value = '(//button[@type=\"button\"]/span[text()=\"取消\"])[5]', wait_time = 10, retries = 2\n\n    def click(self, by_or_element, value=None, wait_time=10, retries=2):\n        \"\"\"\n        更稳健的点击方法：支持定位符或 WebElement，自动处理 stale 元素、点击拦截等问题。\n        \"\"\"\n        for attempt in range(retries):\n            try:\n                if value is not None:\n                    by = by_or_element\n                    logging.info(f\"点击元素：By = {by}, Value = {value}\")\n>                   element = WebDriverWait(self.driver, wait_time).until(\n                        EC.element_to_be_clickable((by, value))\n                    )\n\nPages\\base_page.py:49: \n_ _ _ _ _ _ _ _ _ _ _ _ _ _ _ _ _ _ _ _ _ _ _ _ _ _ _ _ _ _ _ _ _ _ _ _ _ _ _ _ _ _ _ _ _ _ _ _ _ _ _ _ _ _ _ _ _ _ _ _ _ _ _ _ _ _ _ _ _ _ _ _ _ _ _ _ _ _ _ _ _ _ _ _ _ _ _ _ _ _ _ _ _ _ _ _ _ _ _ _ _ _ _ _ _ _ _ _ _ _ _ _ _ _ _ _\n\nself = <selenium.webdriver.support.wait.WebDriverWait (session=\"8b0a6cf77f8ad4662bfbc84bc121af8a\")>, method = <function element_to_be_clickable.<locals>._predicate at 0x0000024A9EA437F0>, message = ''\n\n    def until(self, method: Callable[[D], Union[Literal[False], T]], message: str = \"\") -> T:\n        \"\"\"Wait until the method returns a value that is not False.\n    \n        Calls the method provided with the driver as an argument until the\n        return value does not evaluate to ``False``.\n    \n        Parameters:\n        -----------\n        method: callable(WebDriver)\n            - A callable object that takes a WebDriver instance as an argument.\n    \n        message: str\n            - Optional message for :exc:`TimeoutException`\n    \n        Return:\n        -------\n        object: T\n            - The result of the last call to `method`\n    \n        Raises:\n        -------\n        TimeoutException\n            - If 'method' does not return a truthy value within the WebDriverWait\n            object's timeout\n    \n        Example:\n        --------\n        >>> from selenium.webdriver.common.by import By\n        >>> from selenium.webdriver.support.ui import WebDriverWait\n        >>> from selenium.webdriver.support import expected_conditions as EC\n    \n        # Wait until an element is visible on the page\n        >>> wait = WebDriverWait(driver, 10)\n        >>> element = wait.until(EC.visibility_of_element_located((By.ID, \"exampleId\")))\n        >>> print(element.text)\n        \"\"\"\n        screen = None\n        stacktrace = None\n    \n        end_time = time.monotonic() + self._timeout\n        while True:\n            try:\n                value = method(self._driver)\n                if value:\n                    return value\n            except self._ignored_exceptions as exc:\n                screen = getattr(exc, \"screen\", None)\n                stacktrace = getattr(exc, \"stacktrace\", None)\n            if time.monotonic() > end_time:\n                break\n            time.sleep(self._poll)\n>       raise TimeoutException(message, screen, stacktrace)\nE       selenium.common.exceptions.TimeoutException: Message: \nE       Stacktrace:\nE       \tGetHandleVerifier [0x0x7ff65ba86f65+78965]\nE       \tGetHandleVerifier [0x0x7ff65ba86fc0+79056]\nE       \t(No symbol) [0x0x7ff65b819dda]\nE       \t(No symbol) [0x0x7ff65b8702ea]\nE       \t(No symbol) [0x0x7ff65b87059c]\nE       \t(No symbol) [0x0x7ff65b8c3f37]\nE       \t(No symbol) [0x0x7ff65b8986af]\nE       \t(No symbol) [0x0x7ff65b8c0dbe]\nE       \t(No symbol) [0x0x7ff65b898443]\nE       \t(No symbol) [0x0x7ff65b861311]\nE       \t(No symbol) [0x0x7ff65b8620a3]\nE       \tGetHandleVerifier [0x0x7ff65bd3e26d+2926461]\nE       \tGetHandleVerifier [0x0x7ff65bd38993+2903715]\nE       \tGetHandleVerifier [0x0x7ff65bd56aed+3026941]\nE       \tGetHandleVerifier [0x0x7ff65baa16fe+187406]\nE       \tGetHandleVerifier [0x0x7ff65baa96ef+220159]\nE       \tGetHandleVerifier [0x0x7ff65ba8faf4+114692]\nE       \tGetHandleVerifier [0x0x7ff65ba8fca9+115129]\nE       \tGetHandleVerifier [0x0x7ff65ba764d8+10728]\nE       \tBaseThreadInitThunk [0x0x7ff956997374+20]\nE       \tRtlUserThreadStart [0x0x7ff956c3cc91+33]\n\nmyenv\\lib\\site-packages\\selenium\\webdriver\\support\\wait.py:138: TimeoutException\n\nDuring handling of the above exception, another exception occurred:\n\nself = <test_material.test_warehouseLocation.TestItemPage object at 0x0000024A9DF46140>, login_to_item = <selenium.webdriver.chrome.webdriver.WebDriver (session=\"8b0a6cf77f8ad4662bfbc84bc121af8a\")>\n\n    @allure.story(\"添加数据成功\")\n    # @pytest.mark.run(order=1)\n    def test_item_addsuccess(self, login_to_item):\n    \n        self.item.click_add_button()  # 检查点击添加\n        # 输入工厂代码\n        self.item.enter_texts(\"//div[@id='p34nag46-7evf']//input\", \"111\")\n        self.item.enter_texts(\"//div[@id='ywz9q11i-sp3b']//input\", \"111\")\n        self.item.enter_texts(\"//div[@id='u2tgl5h9-otp1']//input\", \"111\")\n        # 点击确定\n        self.item.click_button('(//button[@type=\"button\"]/span[text()=\"确定\"])[5]')\n        sleep(1)\n        adddata = self.item.get_find_element_xpath(\n            '//tr[./td[2][.//span[text()=\"111\"]]]/td[2]'\n        ).text\n        sleep(1)\n>       self.item.click_button('(//button[@type=\"button\"]/span[text()=\"取消\"])[5]')\n\nTests\\test_material\\test_warehouseLocation.py:127: \n_ _ _ _ _ _ _ _ _ _ _ _ _ _ _ _ _ _ _ _ _ _ _ _ _ _ _ _ _ _ _ _ _ _ _ _ _ _ _ _ _ _ _ _ _ _ _ _ _ _ _ _ _ _ _ _ _ _ _ _ _ _ _ _ _ _ _ _ _ _ _ _ _ _ _ _ _ _ _ _ _ _ _ _ _ _ _ _ _ _ _ _ _ _ _ _ _ _ _ _ _ _ _ _ _ _ _ _ _ _ _ _ _ _ _ _\nPages\\materialPage\\warehouseLocation_page.py:134: in click_button\n    self.click(By.XPATH, xpath)\n_ _ _ _ _ _ _ _ _ _ _ _ _ _ _ _ _ _ _ _ _ _ _ _ _ _ _ _ _ _ _ _ _ _ _ _ _ _ _ _ _ _ _ _ _ _ _ _ _ _ _ _ _ _ _ _ _ _ _ _ _ _ _ _ _ _ _ _ _ _ _ _ _ _ _ _ _ _ _ _ _ _ _ _ _ _ _ _ _ _ _ _ _ _ _ _ _ _ _ _ _ _ _ _ _ _ _ _ _ _ _ _ _ _ _ _\n\nself = <Pages.materialPage.warehouseLocation_page.WarehouseLocationPage object at 0x0000024A9E6C17E0>, by_or_element = 'xpath', value = '(//button[@type=\"button\"]/span[text()=\"取消\"])[5]', wait_time = 10, retries = 2\n\n    def click(self, by_or_element, value=None, wait_time=10, retries=2):\n        \"\"\"\n        更稳健的点击方法：支持定位符或 WebElement，自动处理 stale 元素、点击拦截等问题。\n        \"\"\"\n        for attempt in range(retries):\n            try:\n                if value is not None:\n                    by = by_or_element\n                    logging.info(f\"点击元素：By = {by}, Value = {value}\")\n                    element = WebDriverWait(self.driver, wait_time).until(\n                        EC.element_to_be_clickable((by, value))\n                    )\n                else:\n                    logging.info(\"点击元素：WebElement 对象\")\n                    element = by_or_element\n    \n                element.click()\n                logging.info(\"✅ 点击成功\")\n                return\n    \n            except ElementClickInterceptedException:\n                logging.warning(\"⚠️ 原生点击被拦截，尝试使用 JS 点击\")\n                try:\n                    self.driver.execute_script(\"arguments[0].click();\", element)\n                    logging.info(\"✅ JS 点击成功\")\n                    return\n                except Exception as js_error:\n                    logging.warning(f\"⚠️ JS 点击失败：{js_error}\")\n                    sleep(1)\n                    continue  # 下一轮重试\n    \n            except StaleElementReferenceException:\n                logging.warning(f\"⚠️ 第 {attempt + 1} 次点击失败：元素过期，尝试重新定位\")\n                sleep(1)\n                continue  # 下一轮重试时重新定位\n    \n            except TimeoutException:\n                logging.error(f\"❌ 元素未在 {wait_time} 秒内变为可点击\")\n>               raise TimeoutException(f\"点击失败，找不到元素：{by_or_element} = {value}\")\nE               selenium.common.exceptions.TimeoutException: Message: 点击失败，找不到元素：xpath = (//button[@type=\"button\"]/span[text()=\"取消\"])[5]\n\nPages\\base_page.py:78: TimeoutException","flaky":false,"newFailed":false,"newBroken":false,"newPassed":false,"retriesCount":0,"retriesStatusChange":false,"beforeStages":[{"name":"login_to_item","time":{"start":1762186176273,"stop":1762186187980,"duration":11707},"status":"passed","steps":[],"attachments":[],"parameters":[],"shouldDisplayMessage":false,"attachmentsCount":0,"hasContent":false,"stepsCount":0,"attachmentStep":false},{"name":"setup","time":{"start":1762186187980,"stop":1762186187983,"duration":3},"status":"passed","steps":[],"attachments":[],"parameters":[],"shouldDisplayMessage":false,"attachmentsCount":0,"hasContent":false,"stepsCount":0,"attachmentStep":false}],"testStage":{"status":"broken","statusMessage":"selenium.common.exceptions.TimeoutException: Message: 点击失败，找不到元素：xpath = (//button[@type=\"button\"]/span[text()=\"取消\"])[5]","statusTrace":"self = <Pages.materialPage.warehouseLocation_page.WarehouseLocationPage object at 0x0000024A9E6C17E0>, by_or_element = 'xpath', value = '(//button[@type=\"button\"]/span[text()=\"取消\"])[5]', wait_time = 10, retries = 2\n\n    def click(self, by_or_element, value=None, wait_time=10, retries=2):\n        \"\"\"\n        更稳健的点击方法：支持定位符或 WebElement，自动处理 stale 元素、点击拦截等问题。\n        \"\"\"\n        for attempt in range(retries):\n            try:\n                if value is not None:\n                    by = by_or_element\n                    logging.info(f\"点击元素：By = {by}, Value = {value}\")\n>                   element = WebDriverWait(self.driver, wait_time).until(\n                        EC.element_to_be_clickable((by, value))\n                    )\n\nPages\\base_page.py:49: \n_ _ _ _ _ _ _ _ _ _ _ _ _ _ _ _ _ _ _ _ _ _ _ _ _ _ _ _ _ _ _ _ _ _ _ _ _ _ _ _ _ _ _ _ _ _ _ _ _ _ _ _ _ _ _ _ _ _ _ _ _ _ _ _ _ _ _ _ _ _ _ _ _ _ _ _ _ _ _ _ _ _ _ _ _ _ _ _ _ _ _ _ _ _ _ _ _ _ _ _ _ _ _ _ _ _ _ _ _ _ _ _ _ _ _ _\n\nself = <selenium.webdriver.support.wait.WebDriverWait (session=\"8b0a6cf77f8ad4662bfbc84bc121af8a\")>, method = <function element_to_be_clickable.<locals>._predicate at 0x0000024A9EA437F0>, message = ''\n\n    def until(self, method: Callable[[D], Union[Literal[False], T]], message: str = \"\") -> T:\n        \"\"\"Wait until the method returns a value that is not False.\n    \n        Calls the method provided with the driver as an argument until the\n        return value does not evaluate to ``False``.\n    \n        Parameters:\n        -----------\n        method: callable(WebDriver)\n            - A callable object that takes a WebDriver instance as an argument.\n    \n        message: str\n            - Optional message for :exc:`TimeoutException`\n    \n        Return:\n        -------\n        object: T\n            - The result of the last call to `method`\n    \n        Raises:\n        -------\n        TimeoutException\n            - If 'method' does not return a truthy value within the WebDriverWait\n            object's timeout\n    \n        Example:\n        --------\n        >>> from selenium.webdriver.common.by import By\n        >>> from selenium.webdriver.support.ui import WebDriverWait\n        >>> from selenium.webdriver.support import expected_conditions as EC\n    \n        # Wait until an element is visible on the page\n        >>> wait = WebDriverWait(driver, 10)\n        >>> element = wait.until(EC.visibility_of_element_located((By.ID, \"exampleId\")))\n        >>> print(element.text)\n        \"\"\"\n        screen = None\n        stacktrace = None\n    \n        end_time = time.monotonic() + self._timeout\n        while True:\n            try:\n                value = method(self._driver)\n                if value:\n                    return value\n            except self._ignored_exceptions as exc:\n                screen = getattr(exc, \"screen\", None)\n                stacktrace = getattr(exc, \"stacktrace\", None)\n            if time.monotonic() > end_time:\n                break\n            time.sleep(self._poll)\n>       raise TimeoutException(message, screen, stacktrace)\nE       selenium.common.exceptions.TimeoutException: Message: \nE       Stacktrace:\nE       \tGetHandleVerifier [0x0x7ff65ba86f65+78965]\nE       \tGetHandleVerifier [0x0x7ff65ba86fc0+79056]\nE       \t(No symbol) [0x0x7ff65b819dda]\nE       \t(No symbol) [0x0x7ff65b8702ea]\nE       \t(No symbol) [0x0x7ff65b87059c]\nE       \t(No symbol) [0x0x7ff65b8c3f37]\nE       \t(No symbol) [0x0x7ff65b8986af]\nE       \t(No symbol) [0x0x7ff65b8c0dbe]\nE       \t(No symbol) [0x0x7ff65b898443]\nE       \t(No symbol) [0x0x7ff65b861311]\nE       \t(No symbol) [0x0x7ff65b8620a3]\nE       \tGetHandleVerifier [0x0x7ff65bd3e26d+2926461]\nE       \tGetHandleVerifier [0x0x7ff65bd38993+2903715]\nE       \tGetHandleVerifier [0x0x7ff65bd56aed+3026941]\nE       \tGetHandleVerifier [0x0x7ff65baa16fe+187406]\nE       \tGetHandleVerifier [0x0x7ff65baa96ef+220159]\nE       \tGetHandleVerifier [0x0x7ff65ba8faf4+114692]\nE       \tGetHandleVerifier [0x0x7ff65ba8fca9+115129]\nE       \tGetHandleVerifier [0x0x7ff65ba764d8+10728]\nE       \tBaseThreadInitThunk [0x0x7ff956997374+20]\nE       \tRtlUserThreadStart [0x0x7ff956c3cc91+33]\n\nmyenv\\lib\\site-packages\\selenium\\webdriver\\support\\wait.py:138: TimeoutException\n\nDuring handling of the above exception, another exception occurred:\n\nself = <test_material.test_warehouseLocation.TestItemPage object at 0x0000024A9DF46140>, login_to_item = <selenium.webdriver.chrome.webdriver.WebDriver (session=\"8b0a6cf77f8ad4662bfbc84bc121af8a\")>\n\n    @allure.story(\"添加数据成功\")\n    # @pytest.mark.run(order=1)\n    def test_item_addsuccess(self, login_to_item):\n    \n        self.item.click_add_button()  # 检查点击添加\n        # 输入工厂代码\n        self.item.enter_texts(\"//div[@id='p34nag46-7evf']//input\", \"111\")\n        self.item.enter_texts(\"//div[@id='ywz9q11i-sp3b']//input\", \"111\")\n        self.item.enter_texts(\"//div[@id='u2tgl5h9-otp1']//input\", \"111\")\n        # 点击确定\n        self.item.click_button('(//button[@type=\"button\"]/span[text()=\"确定\"])[5]')\n        sleep(1)\n        adddata = self.item.get_find_element_xpath(\n            '//tr[./td[2][.//span[text()=\"111\"]]]/td[2]'\n        ).text\n        sleep(1)\n>       self.item.click_button('(//button[@type=\"button\"]/span[text()=\"取消\"])[5]')\n\nTests\\test_material\\test_warehouseLocation.py:127: \n_ _ _ _ _ _ _ _ _ _ _ _ _ _ _ _ _ _ _ _ _ _ _ _ _ _ _ _ _ _ _ _ _ _ _ _ _ _ _ _ _ _ _ _ _ _ _ _ _ _ _ _ _ _ _ _ _ _ _ _ _ _ _ _ _ _ _ _ _ _ _ _ _ _ _ _ _ _ _ _ _ _ _ _ _ _ _ _ _ _ _ _ _ _ _ _ _ _ _ _ _ _ _ _ _ _ _ _ _ _ _ _ _ _ _ _\nPages\\materialPage\\warehouseLocation_page.py:134: in click_button\n    self.click(By.XPATH, xpath)\n_ _ _ _ _ _ _ _ _ _ _ _ _ _ _ _ _ _ _ _ _ _ _ _ _ _ _ _ _ _ _ _ _ _ _ _ _ _ _ _ _ _ _ _ _ _ _ _ _ _ _ _ _ _ _ _ _ _ _ _ _ _ _ _ _ _ _ _ _ _ _ _ _ _ _ _ _ _ _ _ _ _ _ _ _ _ _ _ _ _ _ _ _ _ _ _ _ _ _ _ _ _ _ _ _ _ _ _ _ _ _ _ _ _ _ _\n\nself = <Pages.materialPage.warehouseLocation_page.WarehouseLocationPage object at 0x0000024A9E6C17E0>, by_or_element = 'xpath', value = '(//button[@type=\"button\"]/span[text()=\"取消\"])[5]', wait_time = 10, retries = 2\n\n    def click(self, by_or_element, value=None, wait_time=10, retries=2):\n        \"\"\"\n        更稳健的点击方法：支持定位符或 WebElement，自动处理 stale 元素、点击拦截等问题。\n        \"\"\"\n        for attempt in range(retries):\n            try:\n                if value is not None:\n                    by = by_or_element\n                    logging.info(f\"点击元素：By = {by}, Value = {value}\")\n                    element = WebDriverWait(self.driver, wait_time).until(\n                        EC.element_to_be_clickable((by, value))\n                    )\n                else:\n                    logging.info(\"点击元素：WebElement 对象\")\n                    element = by_or_element\n    \n                element.click()\n                logging.info(\"✅ 点击成功\")\n                return\n    \n            except ElementClickInterceptedException:\n                logging.warning(\"⚠️ 原生点击被拦截，尝试使用 JS 点击\")\n                try:\n                    self.driver.execute_script(\"arguments[0].click();\", element)\n                    logging.info(\"✅ JS 点击成功\")\n                    return\n                except Exception as js_error:\n                    logging.warning(f\"⚠️ JS 点击失败：{js_error}\")\n                    sleep(1)\n                    continue  # 下一轮重试\n    \n            except StaleElementReferenceException:\n                logging.warning(f\"⚠️ 第 {attempt + 1} 次点击失败：元素过期，尝试重新定位\")\n                sleep(1)\n                continue  # 下一轮重试时重新定位\n    \n            except TimeoutException:\n                logging.error(f\"❌ 元素未在 {wait_time} 秒内变为可点击\")\n>               raise TimeoutException(f\"点击失败，找不到元素：{by_or_element} = {value}\")\nE               selenium.common.exceptions.TimeoutException: Message: 点击失败，找不到元素：xpath = (//button[@type=\"button\"]/span[text()=\"取消\"])[5]\n\nPages\\base_page.py:78: TimeoutException","steps":[],"attachments":[{"uid":"93142c3ed607ff1b","name":"test_item_addsuccess_failure","source":"93142c3ed607ff1b.png","type":"image/png","size":112160},{"uid":"3fad69ac0f26805","name":"test_item_addsuccess_source","source":"3fad69ac0f26805.html","type":"text/html","size":1282819},{"uid":"294ae68fb251340a","name":"log","source":"294ae68fb251340a.txt","type":"text/plain","size":1765}],"parameters":[],"shouldDisplayMessage":true,"attachmentsCount":3,"hasContent":true,"stepsCount":0,"attachmentStep":false},"afterStages":[{"name":"login_to_item::0","time":{"start":1762186204970,"stop":1762186207138,"duration":2168},"status":"passed","steps":[],"attachments":[],"parameters":[],"shouldDisplayMessage":false,"attachmentsCount":0,"hasContent":false,"stepsCount":0,"attachmentStep":false}],"labels":[{"name":"feature","value":"仓库库位测试用例"},{"name":"story","value":"添加数据成功"},{"name":"parentSuite","value":"Tests.test_material"},{"name":"suite","value":"test_warehouseLocation"},{"name":"subSuite","value":"TestItemPage"},{"name":"host","value":"WIN-20240820MJV"},{"name":"thread","value":"22376-MainThread"},{"name":"framework","value":"pytest"},{"name":"language","value":"cpython3"},{"name":"package","value":"Tests.test_material.test_warehouseLocation"},{"name":"resultFormat","value":"allure2"}],"parameters":[],"links":[],"hidden":true,"retry":true,"extra":{"categories":[],"tags":[]},"source":"4059113ece53de1.json","parameterValues":[]}