{"uid":"408147df36dacf40","name":"test_personal_expand1","fullName":"Tests.test_items.test_personal.TestPersonalPage#test_personal_expand1","historyId":"cdf4e6407e397b508acf680860ee4701","time":{"start":1762376186570,"stop":1762376189587,"duration":3017},"status":"broken","statusMessage":"selenium.common.exceptions.NoSuchElementException: Message: no such element: Unable to locate element: {\"method\":\"xpath\",\"selector\":\"//ul[@role=\"menubar\"]\"}\n  (Session info: chrome=137.0.7151.69); For documentation on this error, please visit: https://www.selenium.dev/documentation/webdriver/troubleshooting/errors#no-such-element-exception\nStacktrace:\n\tGetHandleVerifier [0x0x7ff767936f65+78965]\n\tGetHandleVerifier [0x0x7ff767936fc0+79056]\n\t(No symbol) [0x0x7ff7676c9dda]\n\t(No symbol) [0x0x7ff7677202ea]\n\t(No symbol) [0x0x7ff76772059c]\n\t(No symbol) [0x0x7ff767773f37]\n\t(No symbol) [0x0x7ff7677486af]\n\t(No symbol) [0x0x7ff767770dbe]\n\t(No symbol) [0x0x7ff767748443]\n\t(No symbol) [0x0x7ff767711311]\n\t(No symbol) [0x0x7ff7677120a3]\n\tGetHandleVerifier [0x0x7ff767bee26d+2926461]\n\tGetHandleVerifier [0x0x7ff767be8993+2903715]\n\tGetHandleVerifier [0x0x7ff767c06aed+3026941]\n\tGetHandleVerifier [0x0x7ff7679516fe+187406]\n\tGetHandleVerifier [0x0x7ff7679596ef+220159]\n\tGetHandleVerifier [0x0x7ff76793faf4+114692]\n\tGetHandleVerifier [0x0x7ff76793fca9+115129]\n\tGetHandleVerifier [0x0x7ff7679264d8+10728]\n\tBaseThreadInitThunk [0x0x7ff956997374+20]\n\tRtlUserThreadStart [0x0x7ff956c3cc91+33]","statusTrace":"self = <test_items.test_personal.TestPersonalPage object at 0x0000023D31BA6FE0>, login_to_personal = <selenium.webdriver.chrome.webdriver.WebDriver (session=\"baa1c90a93aba8b0b830f6d9e40cf680\")>\n\n    @allure.story(\"设置菜单展开方式为悬浮\")\n    # @pytest.mark.run(order=1)\n    def test_personal_expand1(self, login_to_personal):\n        driver = login_to_personal  # WebDriver 实例\n        personal = PersonalPage(driver)  # 用 driver 初始化 PersonalPage\n        # 获取设置前宽度\n>       before_width = driver.find_element(By.XPATH, '//ul[@role=\"menubar\"]').size['width']\n\nTests\\test_items\\test_personal.py:319: \n_ _ _ _ _ _ _ _ _ _ _ _ _ _ _ _ _ _ _ _ _ _ _ _ _ _ _ _ _ _ _ _ _ _ _ _ _ _ _ _ _ _ _ _ _ _ _ _ _ _ _ _ _ _ _ _ _ _ _ _ _ _ _ _ _ _ _ _ _ _ _ _ _ _ _ _ _ _ _ _ _ _ _ _ _ _ _ _ _ _ _ _ _ _ _ _ _ _ _ _ _ _ _ _ _ _ _ _ _ _ _ _ _ _ _ _\nmyenv\\lib\\site-packages\\selenium\\webdriver\\remote\\webdriver.py:914: in find_element\n    return self.execute(Command.FIND_ELEMENT, {\"using\": by, \"value\": value})[\"value\"]\nmyenv\\lib\\site-packages\\selenium\\webdriver\\remote\\webdriver.py:447: in execute\n    self.error_handler.check_response(response)\n_ _ _ _ _ _ _ _ _ _ _ _ _ _ _ _ _ _ _ _ _ _ _ _ _ _ _ _ _ _ _ _ _ _ _ _ _ _ _ _ _ _ _ _ _ _ _ _ _ _ _ _ _ _ _ _ _ _ _ _ _ _ _ _ _ _ _ _ _ _ _ _ _ _ _ _ _ _ _ _ _ _ _ _ _ _ _ _ _ _ _ _ _ _ _ _ _ _ _ _ _ _ _ _ _ _ _ _ _ _ _ _ _ _ _ _\n\nself = <selenium.webdriver.remote.errorhandler.ErrorHandler object at 0x0000023D323370D0>\nresponse = {'status': 404, 'value': '{\"value\":{\"error\":\"no such element\",\"message\":\"no such element: Unable to locate element: {\\...ff7679264d8+10728]\\\\n\\\\tBaseThreadInitThunk [0x0x7ff956997374+20]\\\\n\\\\tRtlUserThreadStart [0x0x7ff956c3cc91+33]\\\\n\"}}'}\n\n    def check_response(self, response: Dict[str, Any]) -> None:\n        \"\"\"Checks that a JSON response from the WebDriver does not have an\n        error.\n    \n        :Args:\n         - response - The JSON response from the WebDriver server as a dictionary\n           object.\n    \n        :Raises: If the response contains an error message.\n        \"\"\"\n        status = response.get(\"status\", None)\n        if not status or status == ErrorCode.SUCCESS:\n            return\n        value = None\n        message = response.get(\"message\", \"\")\n        screen: str = response.get(\"screen\", \"\")\n        stacktrace = None\n        if isinstance(status, int):\n            value_json = response.get(\"value\", None)\n            if value_json and isinstance(value_json, str):\n                import json\n    \n                try:\n                    value = json.loads(value_json)\n                    if len(value) == 1:\n                        value = value[\"value\"]\n                    status = value.get(\"error\", None)\n                    if not status:\n                        status = value.get(\"status\", ErrorCode.UNKNOWN_ERROR)\n                        message = value.get(\"value\") or value.get(\"message\")\n                        if not isinstance(message, str):\n                            value = message\n                            message = message.get(\"message\")\n                    else:\n                        message = value.get(\"message\", None)\n                except ValueError:\n                    pass\n    \n        exception_class: Type[WebDriverException]\n        e = ErrorCode()\n        error_codes = [item for item in dir(e) if not item.startswith(\"__\")]\n        for error_code in error_codes:\n            error_info = getattr(ErrorCode, error_code)\n            if isinstance(error_info, list) and status in error_info:\n                exception_class = getattr(ExceptionMapping, error_code, WebDriverException)\n                break\n        else:\n            exception_class = WebDriverException\n    \n        if not value:\n            value = response[\"value\"]\n        if isinstance(value, str):\n            raise exception_class(value)\n        if message == \"\" and \"message\" in value:\n            message = value[\"message\"]\n    \n        screen = None  # type: ignore[assignment]\n        if \"screen\" in value:\n            screen = value[\"screen\"]\n    \n        stacktrace = None\n        st_value = value.get(\"stackTrace\") or value.get(\"stacktrace\")\n        if st_value:\n            if isinstance(st_value, str):\n                stacktrace = st_value.split(\"\\n\")\n            else:\n                stacktrace = []\n                try:\n                    for frame in st_value:\n                        line = frame.get(\"lineNumber\", \"\")\n                        file = frame.get(\"fileName\", \"<anonymous>\")\n                        if line:\n                            file = f\"{file}:{line}\"\n                        meth = frame.get(\"methodName\", \"<anonymous>\")\n                        if \"className\" in frame:\n                            meth = f\"{frame['className']}.{meth}\"\n                        msg = \"    at %s (%s)\"\n                        msg = msg % (meth, file)\n                        stacktrace.append(msg)\n                except TypeError:\n                    pass\n        if exception_class == UnexpectedAlertPresentException:\n            alert_text = None\n            if \"data\" in value:\n                alert_text = value[\"data\"].get(\"text\")\n            elif \"alert\" in value:\n                alert_text = value[\"alert\"].get(\"text\")\n            raise exception_class(message, screen, stacktrace, alert_text)  # type: ignore[call-arg]  # mypy is not smart enough here\n>       raise exception_class(message, screen, stacktrace)\nE       selenium.common.exceptions.NoSuchElementException: Message: no such element: Unable to locate element: {\"method\":\"xpath\",\"selector\":\"//ul[@role=\"menubar\"]\"}\nE         (Session info: chrome=137.0.7151.69); For documentation on this error, please visit: https://www.selenium.dev/documentation/webdriver/troubleshooting/errors#no-such-element-exception\nE       Stacktrace:\nE       \tGetHandleVerifier [0x0x7ff767936f65+78965]\nE       \tGetHandleVerifier [0x0x7ff767936fc0+79056]\nE       \t(No symbol) [0x0x7ff7676c9dda]\nE       \t(No symbol) [0x0x7ff7677202ea]\nE       \t(No symbol) [0x0x7ff76772059c]\nE       \t(No symbol) [0x0x7ff767773f37]\nE       \t(No symbol) [0x0x7ff7677486af]\nE       \t(No symbol) [0x0x7ff767770dbe]\nE       \t(No symbol) [0x0x7ff767748443]\nE       \t(No symbol) [0x0x7ff767711311]\nE       \t(No symbol) [0x0x7ff7677120a3]\nE       \tGetHandleVerifier [0x0x7ff767bee26d+2926461]\nE       \tGetHandleVerifier [0x0x7ff767be8993+2903715]\nE       \tGetHandleVerifier [0x0x7ff767c06aed+3026941]\nE       \tGetHandleVerifier [0x0x7ff7679516fe+187406]\nE       \tGetHandleVerifier [0x0x7ff7679596ef+220159]\nE       \tGetHandleVerifier [0x0x7ff76793faf4+114692]\nE       \tGetHandleVerifier [0x0x7ff76793fca9+115129]\nE       \tGetHandleVerifier [0x0x7ff7679264d8+10728]\nE       \tBaseThreadInitThunk [0x0x7ff956997374+20]\nE       \tRtlUserThreadStart [0x0x7ff956c3cc91+33]\n\nmyenv\\lib\\site-packages\\selenium\\webdriver\\remote\\errorhandler.py:232: NoSuchElementException","flaky":false,"newFailed":false,"newBroken":false,"newPassed":false,"retriesCount":0,"retriesStatusChange":false,"beforeStages":[{"name":"login_to_personal","time":{"start":1762376176662,"stop":1762376186570,"duration":9908},"status":"passed","steps":[],"attachments":[],"parameters":[],"stepsCount":0,"hasContent":false,"attachmentStep":false,"attachmentsCount":0,"shouldDisplayMessage":false}],"testStage":{"status":"broken","statusMessage":"selenium.common.exceptions.NoSuchElementException: Message: no such element: Unable to locate element: {\"method\":\"xpath\",\"selector\":\"//ul[@role=\"menubar\"]\"}\n  (Session info: chrome=137.0.7151.69); For documentation on this error, please visit: https://www.selenium.dev/documentation/webdriver/troubleshooting/errors#no-such-element-exception\nStacktrace:\n\tGetHandleVerifier [0x0x7ff767936f65+78965]\n\tGetHandleVerifier [0x0x7ff767936fc0+79056]\n\t(No symbol) [0x0x7ff7676c9dda]\n\t(No symbol) [0x0x7ff7677202ea]\n\t(No symbol) [0x0x7ff76772059c]\n\t(No symbol) [0x0x7ff767773f37]\n\t(No symbol) [0x0x7ff7677486af]\n\t(No symbol) [0x0x7ff767770dbe]\n\t(No symbol) [0x0x7ff767748443]\n\t(No symbol) [0x0x7ff767711311]\n\t(No symbol) [0x0x7ff7677120a3]\n\tGetHandleVerifier [0x0x7ff767bee26d+2926461]\n\tGetHandleVerifier [0x0x7ff767be8993+2903715]\n\tGetHandleVerifier [0x0x7ff767c06aed+3026941]\n\tGetHandleVerifier [0x0x7ff7679516fe+187406]\n\tGetHandleVerifier [0x0x7ff7679596ef+220159]\n\tGetHandleVerifier [0x0x7ff76793faf4+114692]\n\tGetHandleVerifier [0x0x7ff76793fca9+115129]\n\tGetHandleVerifier [0x0x7ff7679264d8+10728]\n\tBaseThreadInitThunk [0x0x7ff956997374+20]\n\tRtlUserThreadStart [0x0x7ff956c3cc91+33]","statusTrace":"self = <test_items.test_personal.TestPersonalPage object at 0x0000023D31BA6FE0>, login_to_personal = <selenium.webdriver.chrome.webdriver.WebDriver (session=\"baa1c90a93aba8b0b830f6d9e40cf680\")>\n\n    @allure.story(\"设置菜单展开方式为悬浮\")\n    # @pytest.mark.run(order=1)\n    def test_personal_expand1(self, login_to_personal):\n        driver = login_to_personal  # WebDriver 实例\n        personal = PersonalPage(driver)  # 用 driver 初始化 PersonalPage\n        # 获取设置前宽度\n>       before_width = driver.find_element(By.XPATH, '//ul[@role=\"menubar\"]').size['width']\n\nTests\\test_items\\test_personal.py:319: \n_ _ _ _ _ _ _ _ _ _ _ _ _ _ _ _ _ _ _ _ _ _ _ _ _ _ _ _ _ _ _ _ _ _ _ _ _ _ _ _ _ _ _ _ _ _ _ _ _ _ _ _ _ _ _ _ _ _ _ _ _ _ _ _ _ _ _ _ _ _ _ _ _ _ _ _ _ _ _ _ _ _ _ _ _ _ _ _ _ _ _ _ _ _ _ _ _ _ _ _ _ _ _ _ _ _ _ _ _ _ _ _ _ _ _ _\nmyenv\\lib\\site-packages\\selenium\\webdriver\\remote\\webdriver.py:914: in find_element\n    return self.execute(Command.FIND_ELEMENT, {\"using\": by, \"value\": value})[\"value\"]\nmyenv\\lib\\site-packages\\selenium\\webdriver\\remote\\webdriver.py:447: in execute\n    self.error_handler.check_response(response)\n_ _ _ _ _ _ _ _ _ _ _ _ _ _ _ _ _ _ _ _ _ _ _ _ _ _ _ _ _ _ _ _ _ _ _ _ _ _ _ _ _ _ _ _ _ _ _ _ _ _ _ _ _ _ _ _ _ _ _ _ _ _ _ _ _ _ _ _ _ _ _ _ _ _ _ _ _ _ _ _ _ _ _ _ _ _ _ _ _ _ _ _ _ _ _ _ _ _ _ _ _ _ _ _ _ _ _ _ _ _ _ _ _ _ _ _\n\nself = <selenium.webdriver.remote.errorhandler.ErrorHandler object at 0x0000023D323370D0>\nresponse = {'status': 404, 'value': '{\"value\":{\"error\":\"no such element\",\"message\":\"no such element: Unable to locate element: {\\...ff7679264d8+10728]\\\\n\\\\tBaseThreadInitThunk [0x0x7ff956997374+20]\\\\n\\\\tRtlUserThreadStart [0x0x7ff956c3cc91+33]\\\\n\"}}'}\n\n    def check_response(self, response: Dict[str, Any]) -> None:\n        \"\"\"Checks that a JSON response from the WebDriver does not have an\n        error.\n    \n        :Args:\n         - response - The JSON response from the WebDriver server as a dictionary\n           object.\n    \n        :Raises: If the response contains an error message.\n        \"\"\"\n        status = response.get(\"status\", None)\n        if not status or status == ErrorCode.SUCCESS:\n            return\n        value = None\n        message = response.get(\"message\", \"\")\n        screen: str = response.get(\"screen\", \"\")\n        stacktrace = None\n        if isinstance(status, int):\n            value_json = response.get(\"value\", None)\n            if value_json and isinstance(value_json, str):\n                import json\n    \n                try:\n                    value = json.loads(value_json)\n                    if len(value) == 1:\n                        value = value[\"value\"]\n                    status = value.get(\"error\", None)\n                    if not status:\n                        status = value.get(\"status\", ErrorCode.UNKNOWN_ERROR)\n                        message = value.get(\"value\") or value.get(\"message\")\n                        if not isinstance(message, str):\n                            value = message\n                            message = message.get(\"message\")\n                    else:\n                        message = value.get(\"message\", None)\n                except ValueError:\n                    pass\n    \n        exception_class: Type[WebDriverException]\n        e = ErrorCode()\n        error_codes = [item for item in dir(e) if not item.startswith(\"__\")]\n        for error_code in error_codes:\n            error_info = getattr(ErrorCode, error_code)\n            if isinstance(error_info, list) and status in error_info:\n                exception_class = getattr(ExceptionMapping, error_code, WebDriverException)\n                break\n        else:\n            exception_class = WebDriverException\n    \n        if not value:\n            value = response[\"value\"]\n        if isinstance(value, str):\n            raise exception_class(value)\n        if message == \"\" and \"message\" in value:\n            message = value[\"message\"]\n    \n        screen = None  # type: ignore[assignment]\n        if \"screen\" in value:\n            screen = value[\"screen\"]\n    \n        stacktrace = None\n        st_value = value.get(\"stackTrace\") or value.get(\"stacktrace\")\n        if st_value:\n            if isinstance(st_value, str):\n                stacktrace = st_value.split(\"\\n\")\n            else:\n                stacktrace = []\n                try:\n                    for frame in st_value:\n                        line = frame.get(\"lineNumber\", \"\")\n                        file = frame.get(\"fileName\", \"<anonymous>\")\n                        if line:\n                            file = f\"{file}:{line}\"\n                        meth = frame.get(\"methodName\", \"<anonymous>\")\n                        if \"className\" in frame:\n                            meth = f\"{frame['className']}.{meth}\"\n                        msg = \"    at %s (%s)\"\n                        msg = msg % (meth, file)\n                        stacktrace.append(msg)\n                except TypeError:\n                    pass\n        if exception_class == UnexpectedAlertPresentException:\n            alert_text = None\n            if \"data\" in value:\n                alert_text = value[\"data\"].get(\"text\")\n            elif \"alert\" in value:\n                alert_text = value[\"alert\"].get(\"text\")\n            raise exception_class(message, screen, stacktrace, alert_text)  # type: ignore[call-arg]  # mypy is not smart enough here\n>       raise exception_class(message, screen, stacktrace)\nE       selenium.common.exceptions.NoSuchElementException: Message: no such element: Unable to locate element: {\"method\":\"xpath\",\"selector\":\"//ul[@role=\"menubar\"]\"}\nE         (Session info: chrome=137.0.7151.69); For documentation on this error, please visit: https://www.selenium.dev/documentation/webdriver/troubleshooting/errors#no-such-element-exception\nE       Stacktrace:\nE       \tGetHandleVerifier [0x0x7ff767936f65+78965]\nE       \tGetHandleVerifier [0x0x7ff767936fc0+79056]\nE       \t(No symbol) [0x0x7ff7676c9dda]\nE       \t(No symbol) [0x0x7ff7677202ea]\nE       \t(No symbol) [0x0x7ff76772059c]\nE       \t(No symbol) [0x0x7ff767773f37]\nE       \t(No symbol) [0x0x7ff7677486af]\nE       \t(No symbol) [0x0x7ff767770dbe]\nE       \t(No symbol) [0x0x7ff767748443]\nE       \t(No symbol) [0x0x7ff767711311]\nE       \t(No symbol) [0x0x7ff7677120a3]\nE       \tGetHandleVerifier [0x0x7ff767bee26d+2926461]\nE       \tGetHandleVerifier [0x0x7ff767be8993+2903715]\nE       \tGetHandleVerifier [0x0x7ff767c06aed+3026941]\nE       \tGetHandleVerifier [0x0x7ff7679516fe+187406]\nE       \tGetHandleVerifier [0x0x7ff7679596ef+220159]\nE       \tGetHandleVerifier [0x0x7ff76793faf4+114692]\nE       \tGetHandleVerifier [0x0x7ff76793fca9+115129]\nE       \tGetHandleVerifier [0x0x7ff7679264d8+10728]\nE       \tBaseThreadInitThunk [0x0x7ff956997374+20]\nE       \tRtlUserThreadStart [0x0x7ff956c3cc91+33]\n\nmyenv\\lib\\site-packages\\selenium\\webdriver\\remote\\errorhandler.py:232: NoSuchElementException","steps":[],"attachments":[{"uid":"9cc4fd175c027909","name":"test_personal_expand1_failure","source":"9cc4fd175c027909.png","type":"image/png","size":7188},{"uid":"ea8b8510093ed261","name":"test_personal_expand1_source","source":"ea8b8510093ed261.html","type":"text/html","size":796392},{"uid":"72359b8a8011da22","name":"log","source":"72359b8a8011da22.txt","type":"text/plain","size":715}],"parameters":[],"stepsCount":0,"hasContent":true,"attachmentStep":false,"attachmentsCount":3,"shouldDisplayMessage":true},"afterStages":[{"name":"login_to_personal::0","time":{"start":1762376189741,"stop":1762376191860,"duration":2119},"status":"passed","steps":[],"attachments":[],"parameters":[],"stepsCount":0,"hasContent":false,"attachmentStep":false,"attachmentsCount":0,"shouldDisplayMessage":false}],"labels":[{"name":"feature","value":"个人设置测试用例"},{"name":"story","value":"设置菜单展开方式为悬浮"},{"name":"parentSuite","value":"Tests.test_items"},{"name":"suite","value":"test_personal"},{"name":"subSuite","value":"TestPersonalPage"},{"name":"host","value":"WIN-20240820MJV"},{"name":"thread","value":"34192-MainThread"},{"name":"framework","value":"pytest"},{"name":"language","value":"cpython3"},{"name":"package","value":"Tests.test_items.test_personal"},{"name":"resultFormat","value":"allure2"}],"parameters":[],"links":[],"hidden":true,"retry":true,"extra":{"categories":[],"tags":[]},"source":"408147df36dacf40.json","parameterValues":[]}