{"uid":"40b397edc5343585","name":"test_modeldesign_addrepeat","fullName":"Tests.test_system.test_modeldesign.TestSModelDesignPage#test_modeldesign_addrepeat","historyId":"740465df28192386c521904f8d1fbf26","time":{"start":1762391739308,"stop":1762391742854,"duration":3546},"status":"failed","statusMessage":"AssertionError: assert '新增成功！' == '重复命名'\n  \n  \u001B[0m\u001B[91m- 重复命名\u001B[39;49;00m\u001B[90m\u001B[39;49;00m\n  \u001B[92m+ 新增成功！\u001B[39;49;00m\u001B[90m\u001B[39;49;00m","statusTrace":"self = <test_system.test_modeldesign.TestSModelDesignPage object at 0x0000023D3200D3F0>, login_to_modeldesign = <selenium.webdriver.chrome.webdriver.WebDriver (session=\"3b152a1b07fda2798f62957436a22a16\")>\n\n    @allure.story(\"新增重复模型不允许添加\")\n    # @pytest.mark.run(order=1)\n    def test_modeldesign_addrepeat(self, login_to_modeldesign):\n        driver = login_to_modeldesign  # WebDriver 实例\n        model = OtherPage(driver)  # 用 driver 初始化 OtherPage\n        name = '1测试模型'\n        sleep(2)\n        model.click_modeldesign_button(\"新增模型\")\n        model.enter_texts('//div[label[text()=\"模型名称\"]]//input', name)\n        model.click_confirm()\n        message = model.get_find_message()\n>       assert message == \"重复命名\"\nE       AssertionError: assert '新增成功！' == '重复命名'\nE         \nE         \u001B[0m\u001B[91m- 重复命名\u001B[39;49;00m\u001B[90m\u001B[39;49;00m\nE         \u001B[92m+ 新增成功！\u001B[39;49;00m\u001B[90m\u001B[39;49;00m\n\nTests\\test_system\\test_modeldesign.py:131: AssertionError","flaky":false,"newFailed":false,"newBroken":false,"newPassed":false,"retriesCount":1,"retriesStatusChange":false,"beforeStages":[{"name":"login_to_modeldesign","time":{"start":1762391727160,"stop":1762391739308,"duration":12148},"status":"passed","steps":[],"attachments":[],"parameters":[],"shouldDisplayMessage":false,"attachmentsCount":0,"stepsCount":0,"hasContent":false,"attachmentStep":false}],"testStage":{"status":"failed","statusMessage":"AssertionError: assert '新增成功！' == '重复命名'\n  \n  \u001B[0m\u001B[91m- 重复命名\u001B[39;49;00m\u001B[90m\u001B[39;49;00m\n  \u001B[92m+ 新增成功！\u001B[39;49;00m\u001B[90m\u001B[39;49;00m","statusTrace":"self = <test_system.test_modeldesign.TestSModelDesignPage object at 0x0000023D3200D3F0>, login_to_modeldesign = <selenium.webdriver.chrome.webdriver.WebDriver (session=\"3b152a1b07fda2798f62957436a22a16\")>\n\n    @allure.story(\"新增重复模型不允许添加\")\n    # @pytest.mark.run(order=1)\n    def test_modeldesign_addrepeat(self, login_to_modeldesign):\n        driver = login_to_modeldesign  # WebDriver 实例\n        model = OtherPage(driver)  # 用 driver 初始化 OtherPage\n        name = '1测试模型'\n        sleep(2)\n        model.click_modeldesign_button(\"新增模型\")\n        model.enter_texts('//div[label[text()=\"模型名称\"]]//input', name)\n        model.click_confirm()\n        message = model.get_find_message()\n>       assert message == \"重复命名\"\nE       AssertionError: assert '新增成功！' == '重复命名'\nE         \nE         \u001B[0m\u001B[91m- 重复命名\u001B[39;49;00m\u001B[90m\u001B[39;49;00m\nE         \u001B[92m+ 新增成功！\u001B[39;49;00m\u001B[90m\u001B[39;49;00m\n\nTests\\test_system\\test_modeldesign.py:131: AssertionError","steps":[],"attachments":[{"uid":"f8fc12edfdeeccf7","name":"test_modeldesign_addrepeat_failure","source":"f8fc12edfdeeccf7.png","type":"image/png","size":60557},{"uid":"f0baa03ec5a3e1b0","name":"test_modeldesign_addrepeat_source","source":"f0baa03ec5a3e1b0.html","type":"text/html","size":1163947},{"uid":"2e57f240ecd121ca","name":"log","source":"2e57f240ecd121ca.txt","type":"text/plain","size":2965}],"parameters":[],"shouldDisplayMessage":true,"attachmentsCount":3,"stepsCount":0,"hasContent":true,"attachmentStep":false},"afterStages":[{"name":"login_to_modeldesign::0","time":{"start":1762391743018,"stop":1762391745186,"duration":2168},"status":"passed","steps":[],"attachments":[],"parameters":[],"shouldDisplayMessage":false,"attachmentsCount":0,"stepsCount":0,"hasContent":false,"attachmentStep":false}],"labels":[{"name":"feature","value":"模型设计页用例"},{"name":"story","value":"新增重复模型不允许添加"},{"name":"parentSuite","value":"Tests.test_system"},{"name":"suite","value":"test_modeldesign"},{"name":"subSuite","value":"TestSModelDesignPage"},{"name":"host","value":"WIN-20240820MJV"},{"name":"thread","value":"34192-MainThread"},{"name":"framework","value":"pytest"},{"name":"language","value":"cpython3"},{"name":"package","value":"Tests.test_system.test_modeldesign"},{"name":"resultFormat","value":"allure2"}],"parameters":[],"links":[],"hidden":false,"retry":false,"extra":{"severity":"normal","retries":[{"uid":"4ccf0162b31ad2ad","status":"failed","statusDetails":"AssertionError: assert '新增成功！' == '重复命名'\n  \n  \u001B[0m\u001B[91m- 重复命名\u001B[39;49;00m\u001B[90m\u001B[39;49;00m\n  \u001B[92m+ 新增成功！\u001B[39;49;00m\u001B[90m\u001B[39;49;00m","time":{"start":1762391721321,"stop":1762391724829,"duration":3508}}],"categories":[{"name":"Product defects","matchedStatuses":[]}],"tags":[]},"source":"40b397edc5343585.json","parameterValues":[]}