{"uid":"41caecab221fa8e0","name":"test_modeldesign_save","fullName":"Tests.test_system.test_modeldesign.TestSModelDesignPage#test_modeldesign_save","historyId":"0f64803f1165750c5438c218ed2324c6","time":{"start":1769810481697,"stop":1769810494091,"duration":12394},"status":"broken","statusMessage":"selenium.common.exceptions.TimeoutException: Message: \nStacktrace:\n\tGetHandleVerifier [0x0x7ff6634d6f65+78965]\n\tGetHandleVerifier [0x0x7ff6634d6fc0+79056]\n\t(No symbol) [0x0x7ff663269dda]\n\t(No symbol) [0x0x7ff6632c02ea]\n\t(No symbol) [0x0x7ff6632c059c]\n\t(No symbol) [0x0x7ff663313f37]\n\t(No symbol) [0x0x7ff6632e86af]\n\t(No symbol) [0x0x7ff663310dbe]\n\t(No symbol) [0x0x7ff6632e8443]\n\t(No symbol) [0x0x7ff6632b1311]\n\t(No symbol) [0x0x7ff6632b20a3]\n\tGetHandleVerifier [0x0x7ff66378e26d+2926461]\n\tGetHandleVerifier [0x0x7ff663788993+2903715]\n\tGetHandleVerifier [0x0x7ff6637a6aed+3026941]\n\tGetHandleVerifier [0x0x7ff6634f16fe+187406]\n\tGetHandleVerifier [0x0x7ff6634f96ef+220159]\n\tGetHandleVerifier [0x0x7ff6634dfaf4+114692]\n\tGetHandleVerifier [0x0x7ff6634dfca9+115129]\n\tGetHandleVerifier [0x0x7ff6634c64d8+10728]\n\tBaseThreadInitThunk [0x0x7ffa14ef7374+20]\n\tRtlUserThreadStart [0x0x7ffa16b1cc91+33]","statusTrace":"self = <test_system.test_modeldesign.TestSModelDesignPage object at 0x000001F73DE72500>, login_to_modeldesign = <selenium.webdriver.chrome.webdriver.WebDriver (session=\"f30767ae5a0a7f98c4689df9d5f0d4dc\")>\n\n    @allure.story(\"点击保存 不报错\")\n    # @pytest.mark.run(order=1)\n    def test_modeldesign_save(self, login_to_modeldesign):\n        driver = login_to_modeldesign  # WebDriver 实例\n        model = OtherPage(driver)  # 用 driver 初始化 OtherPage\n        name = '3测试模型'\n        sleep(2)\n        model.click_button(\n            f'//div[@class=\"content-siadeNav\"]//div[@role=\"treeitem\"][1]/div[2]/div//span[text()=\" {name} \"]')\n        model.click_modeldesign_button(\"保存\")\n        model.click_del_confirm()\n>       message = model.get_find_message()\n\nTests\\test_system\\test_modeldesign.py:192: \n_ _ _ _ _ _ _ _ _ _ _ _ _ _ _ _ _ _ _ _ _ _ _ _ _ _ _ _ _ _ _ _ _ _ _ _ _ _ _ _ _ _ _ _ _ _ _ _ _ _ _ _ _ _ _ _ _ _ _ _ _ _ _ _ _ _ _ _ _ _ _ _ _ _ _ _ _ _ _ _ _ _ _ _ _ _ _ _ _ _ _ _ _ _ _ _ _ _ _ _ _ _ _ _ _ _ _ _ _ _ _ _ _ _ _ _\nPages\\systemPage\\other_page.py:35: in get_find_message\n    message = WebDriverWait(self.driver, 10).until(\n_ _ _ _ _ _ _ _ _ _ _ _ _ _ _ _ _ _ _ _ _ _ _ _ _ _ _ _ _ _ _ _ _ _ _ _ _ _ _ _ _ _ _ _ _ _ _ _ _ _ _ _ _ _ _ _ _ _ _ _ _ _ _ _ _ _ _ _ _ _ _ _ _ _ _ _ _ _ _ _ _ _ _ _ _ _ _ _ _ _ _ _ _ _ _ _ _ _ _ _ _ _ _ _ _ _ _ _ _ _ _ _ _ _ _ _\n\nself = <selenium.webdriver.support.wait.WebDriverWait (session=\"f30767ae5a0a7f98c4689df9d5f0d4dc\")>, method = <function visibility_of_element_located.<locals>._predicate at 0x000001F740475750>, message = ''\n\n    def until(self, method: Callable[[D], Union[Literal[False], T]], message: str = \"\") -> T:\n        \"\"\"Wait until the method returns a value that is not False.\n    \n        Calls the method provided with the driver as an argument until the\n        return value does not evaluate to ``False``.\n    \n        Parameters:\n        -----------\n        method: callable(WebDriver)\n            - A callable object that takes a WebDriver instance as an argument.\n    \n        message: str\n            - Optional message for :exc:`TimeoutException`\n    \n        Return:\n        -------\n        object: T\n            - The result of the last call to `method`\n    \n        Raises:\n        -------\n        TimeoutException\n            - If 'method' does not return a truthy value within the WebDriverWait\n            object's timeout\n    \n        Example:\n        --------\n        >>> from selenium.webdriver.common.by import By\n        >>> from selenium.webdriver.support.ui import WebDriverWait\n        >>> from selenium.webdriver.support import expected_conditions as EC\n    \n        # Wait until an element is visible on the page\n        >>> wait = WebDriverWait(driver, 10)\n        >>> element = wait.until(EC.visibility_of_element_located((By.ID, \"exampleId\")))\n        >>> print(element.text)\n        \"\"\"\n        screen = None\n        stacktrace = None\n    \n        end_time = time.monotonic() + self._timeout\n        while True:\n            try:\n                value = method(self._driver)\n                if value:\n                    return value\n            except self._ignored_exceptions as exc:\n                screen = getattr(exc, \"screen\", None)\n                stacktrace = getattr(exc, \"stacktrace\", None)\n            if time.monotonic() > end_time:\n                break\n            time.sleep(self._poll)\n>       raise TimeoutException(message, screen, stacktrace)\nE       selenium.common.exceptions.TimeoutException: Message: \nE       Stacktrace:\nE       \tGetHandleVerifier [0x0x7ff6634d6f65+78965]\nE       \tGetHandleVerifier [0x0x7ff6634d6fc0+79056]\nE       \t(No symbol) [0x0x7ff663269dda]\nE       \t(No symbol) [0x0x7ff6632c02ea]\nE       \t(No symbol) [0x0x7ff6632c059c]\nE       \t(No symbol) [0x0x7ff663313f37]\nE       \t(No symbol) [0x0x7ff6632e86af]\nE       \t(No symbol) [0x0x7ff663310dbe]\nE       \t(No symbol) [0x0x7ff6632e8443]\nE       \t(No symbol) [0x0x7ff6632b1311]\nE       \t(No symbol) [0x0x7ff6632b20a3]\nE       \tGetHandleVerifier [0x0x7ff66378e26d+2926461]\nE       \tGetHandleVerifier [0x0x7ff663788993+2903715]\nE       \tGetHandleVerifier [0x0x7ff6637a6aed+3026941]\nE       \tGetHandleVerifier [0x0x7ff6634f16fe+187406]\nE       \tGetHandleVerifier [0x0x7ff6634f96ef+220159]\nE       \tGetHandleVerifier [0x0x7ff6634dfaf4+114692]\nE       \tGetHandleVerifier [0x0x7ff6634dfca9+115129]\nE       \tGetHandleVerifier [0x0x7ff6634c64d8+10728]\nE       \tBaseThreadInitThunk [0x0x7ffa14ef7374+20]\nE       \tRtlUserThreadStart [0x0x7ffa16b1cc91+33]\n\nmyenv\\lib\\site-packages\\selenium\\webdriver\\support\\wait.py:138: TimeoutException","flaky":false,"newFailed":false,"newBroken":false,"newPassed":false,"retriesCount":0,"retriesStatusChange":false,"beforeStages":[{"name":"login_to_modeldesign","time":{"start":1769810415832,"stop":1769810431212,"duration":15380},"status":"passed","steps":[],"attachments":[],"parameters":[],"attachmentStep":false,"hasContent":false,"stepsCount":0,"attachmentsCount":0,"shouldDisplayMessage":false}],"testStage":{"status":"broken","statusMessage":"selenium.common.exceptions.TimeoutException: Message: \nStacktrace:\n\tGetHandleVerifier [0x0x7ff6634d6f65+78965]\n\tGetHandleVerifier [0x0x7ff6634d6fc0+79056]\n\t(No symbol) [0x0x7ff663269dda]\n\t(No symbol) [0x0x7ff6632c02ea]\n\t(No symbol) [0x0x7ff6632c059c]\n\t(No symbol) [0x0x7ff663313f37]\n\t(No symbol) [0x0x7ff6632e86af]\n\t(No symbol) [0x0x7ff663310dbe]\n\t(No symbol) [0x0x7ff6632e8443]\n\t(No symbol) [0x0x7ff6632b1311]\n\t(No symbol) [0x0x7ff6632b20a3]\n\tGetHandleVerifier [0x0x7ff66378e26d+2926461]\n\tGetHandleVerifier [0x0x7ff663788993+2903715]\n\tGetHandleVerifier [0x0x7ff6637a6aed+3026941]\n\tGetHandleVerifier [0x0x7ff6634f16fe+187406]\n\tGetHandleVerifier [0x0x7ff6634f96ef+220159]\n\tGetHandleVerifier [0x0x7ff6634dfaf4+114692]\n\tGetHandleVerifier [0x0x7ff6634dfca9+115129]\n\tGetHandleVerifier [0x0x7ff6634c64d8+10728]\n\tBaseThreadInitThunk [0x0x7ffa14ef7374+20]\n\tRtlUserThreadStart [0x0x7ffa16b1cc91+33]","statusTrace":"self = <test_system.test_modeldesign.TestSModelDesignPage object at 0x000001F73DE72500>, login_to_modeldesign = <selenium.webdriver.chrome.webdriver.WebDriver (session=\"f30767ae5a0a7f98c4689df9d5f0d4dc\")>\n\n    @allure.story(\"点击保存 不报错\")\n    # @pytest.mark.run(order=1)\n    def test_modeldesign_save(self, login_to_modeldesign):\n        driver = login_to_modeldesign  # WebDriver 实例\n        model = OtherPage(driver)  # 用 driver 初始化 OtherPage\n        name = '3测试模型'\n        sleep(2)\n        model.click_button(\n            f'//div[@class=\"content-siadeNav\"]//div[@role=\"treeitem\"][1]/div[2]/div//span[text()=\" {name} \"]')\n        model.click_modeldesign_button(\"保存\")\n        model.click_del_confirm()\n>       message = model.get_find_message()\n\nTests\\test_system\\test_modeldesign.py:192: \n_ _ _ _ _ _ _ _ _ _ _ _ _ _ _ _ _ _ _ _ _ _ _ _ _ _ _ _ _ _ _ _ _ _ _ _ _ _ _ _ _ _ _ _ _ _ _ _ _ _ _ _ _ _ _ _ _ _ _ _ _ _ _ _ _ _ _ _ _ _ _ _ _ _ _ _ _ _ _ _ _ _ _ _ _ _ _ _ _ _ _ _ _ _ _ _ _ _ _ _ _ _ _ _ _ _ _ _ _ _ _ _ _ _ _ _\nPages\\systemPage\\other_page.py:35: in get_find_message\n    message = WebDriverWait(self.driver, 10).until(\n_ _ _ _ _ _ _ _ _ _ _ _ _ _ _ _ _ _ _ _ _ _ _ _ _ _ _ _ _ _ _ _ _ _ _ _ _ _ _ _ _ _ _ _ _ _ _ _ _ _ _ _ _ _ _ _ _ _ _ _ _ _ _ _ _ _ _ _ _ _ _ _ _ _ _ _ _ _ _ _ _ _ _ _ _ _ _ _ _ _ _ _ _ _ _ _ _ _ _ _ _ _ _ _ _ _ _ _ _ _ _ _ _ _ _ _\n\nself = <selenium.webdriver.support.wait.WebDriverWait (session=\"f30767ae5a0a7f98c4689df9d5f0d4dc\")>, method = <function visibility_of_element_located.<locals>._predicate at 0x000001F740475750>, message = ''\n\n    def until(self, method: Callable[[D], Union[Literal[False], T]], message: str = \"\") -> T:\n        \"\"\"Wait until the method returns a value that is not False.\n    \n        Calls the method provided with the driver as an argument until the\n        return value does not evaluate to ``False``.\n    \n        Parameters:\n        -----------\n        method: callable(WebDriver)\n            - A callable object that takes a WebDriver instance as an argument.\n    \n        message: str\n            - Optional message for :exc:`TimeoutException`\n    \n        Return:\n        -------\n        object: T\n            - The result of the last call to `method`\n    \n        Raises:\n        -------\n        TimeoutException\n            - If 'method' does not return a truthy value within the WebDriverWait\n            object's timeout\n    \n        Example:\n        --------\n        >>> from selenium.webdriver.common.by import By\n        >>> from selenium.webdriver.support.ui import WebDriverWait\n        >>> from selenium.webdriver.support import expected_conditions as EC\n    \n        # Wait until an element is visible on the page\n        >>> wait = WebDriverWait(driver, 10)\n        >>> element = wait.until(EC.visibility_of_element_located((By.ID, \"exampleId\")))\n        >>> print(element.text)\n        \"\"\"\n        screen = None\n        stacktrace = None\n    \n        end_time = time.monotonic() + self._timeout\n        while True:\n            try:\n                value = method(self._driver)\n                if value:\n                    return value\n            except self._ignored_exceptions as exc:\n                screen = getattr(exc, \"screen\", None)\n                stacktrace = getattr(exc, \"stacktrace\", None)\n            if time.monotonic() > end_time:\n                break\n            time.sleep(self._poll)\n>       raise TimeoutException(message, screen, stacktrace)\nE       selenium.common.exceptions.TimeoutException: Message: \nE       Stacktrace:\nE       \tGetHandleVerifier [0x0x7ff6634d6f65+78965]\nE       \tGetHandleVerifier [0x0x7ff6634d6fc0+79056]\nE       \t(No symbol) [0x0x7ff663269dda]\nE       \t(No symbol) [0x0x7ff6632c02ea]\nE       \t(No symbol) [0x0x7ff6632c059c]\nE       \t(No symbol) [0x0x7ff663313f37]\nE       \t(No symbol) [0x0x7ff6632e86af]\nE       \t(No symbol) [0x0x7ff663310dbe]\nE       \t(No symbol) [0x0x7ff6632e8443]\nE       \t(No symbol) [0x0x7ff6632b1311]\nE       \t(No symbol) [0x0x7ff6632b20a3]\nE       \tGetHandleVerifier [0x0x7ff66378e26d+2926461]\nE       \tGetHandleVerifier [0x0x7ff663788993+2903715]\nE       \tGetHandleVerifier [0x0x7ff6637a6aed+3026941]\nE       \tGetHandleVerifier [0x0x7ff6634f16fe+187406]\nE       \tGetHandleVerifier [0x0x7ff6634f96ef+220159]\nE       \tGetHandleVerifier [0x0x7ff6634dfaf4+114692]\nE       \tGetHandleVerifier [0x0x7ff6634dfca9+115129]\nE       \tGetHandleVerifier [0x0x7ff6634c64d8+10728]\nE       \tBaseThreadInitThunk [0x0x7ffa14ef7374+20]\nE       \tRtlUserThreadStart [0x0x7ffa16b1cc91+33]\n\nmyenv\\lib\\site-packages\\selenium\\webdriver\\support\\wait.py:138: TimeoutException","steps":[],"attachments":[{"uid":"147e70e05874121f","name":"test_modeldesign_save_20260131_060134","source":"147e70e05874121f.png","type":"image/png","size":151137},{"uid":"140c712cf883afd3","name":"test_modeldesign_save_20260131_060134","source":"140c712cf883afd3.png","type":"image/png","size":141106},{"uid":"c9ac2f2aa370c060","name":"test_modeldesign_save_20260131_060134","source":"c9ac2f2aa370c060.png","type":"image/png","size":65262},{"uid":"dfae4a8ae3fb9500","name":"log","source":"dfae4a8ae3fb9500.txt","type":"text/plain","size":604}],"parameters":[],"attachmentStep":false,"hasContent":true,"stepsCount":0,"attachmentsCount":4,"shouldDisplayMessage":true},"afterStages":[{"name":"login_to_modeldesign::0","time":{"start":1769810537102,"stop":1769810539264,"duration":2162},"status":"passed","steps":[],"attachments":[],"parameters":[],"attachmentStep":false,"hasContent":false,"stepsCount":0,"attachmentsCount":0,"shouldDisplayMessage":false}],"labels":[{"name":"story","value":"点击保存 不报错"},{"name":"feature","value":"模型设计页用例"},{"name":"parentSuite","value":"Tests.test_system"},{"name":"suite","value":"test_modeldesign"},{"name":"subSuite","value":"TestSModelDesignPage"},{"name":"host","value":"WIN-20240820MJV"},{"name":"thread","value":"18148-MainThread"},{"name":"framework","value":"pytest"},{"name":"language","value":"cpython3"},{"name":"package","value":"Tests.test_system.test_modeldesign"},{"name":"resultFormat","value":"allure2"}],"parameters":[],"links":[],"hidden":true,"retry":true,"extra":{"categories":[],"tags":[]},"source":"41caecab221fa8e0.json","parameterValues":[]}