{"uid":"43a41761272407a3","name":"test_spec_addall","fullName":"Tests.test_items.test_spec1.TestSpecPage#test_spec_addall","historyId":"b0c6b840dd1b44ff77cd53bb033b1c45","time":{"start":1770207396578,"stop":1770207422402,"duration":25824},"status":"broken","statusMessage":"selenium.common.exceptions.ElementClickInterceptedException: Message: element click intercepted: Element <div data-v-3bd25850=\"\" class=\"labelStyle cursor-pointer m-l-1\">...</div> is not clickable at point (182, 25). Other element would receive the click: <div class=\"ivu-modal-wrap\" style=\"z-index: 100000546;\">...</div>\n  (Session info: chrome=137.0.7151.69)\nStacktrace:\n\tGetHandleVerifier [0x0x7ff737376f65+78965]\n\tGetHandleVerifier [0x0x7ff737376fc0+79056]\n\t(No symbol) [0x0x7ff737109dda]\n\t(No symbol) [0x0x7ff7371682e9]\n\t(No symbol) [0x0x7ff737165c82]\n\t(No symbol) [0x0x7ff737162cd1]\n\t(No symbol) [0x0x7ff737161c44]\n\t(No symbol) [0x0x7ff7371532a4]\n\t(No symbol) [0x0x7ff73718866a]\n\t(No symbol) [0x0x7ff737152b56]\n\t(No symbol) [0x0x7ff737188880]\n\t(No symbol) [0x0x7ff7371b0dbe]\n\t(No symbol) [0x0x7ff737188443]\n\t(No symbol) [0x0x7ff737151311]\n\t(No symbol) [0x0x7ff7371520a3]\n\tGetHandleVerifier [0x0x7ff73762e26d+2926461]\n\tGetHandleVerifier [0x0x7ff737628993+2903715]\n\tGetHandleVerifier [0x0x7ff737646aed+3026941]\n\tGetHandleVerifier [0x0x7ff7373916fe+187406]\n\tGetHandleVerifier [0x0x7ff7373996ef+220159]\n\tGetHandleVerifier [0x0x7ff73737faf4+114692]\n\tGetHandleVerifier [0x0x7ff73737fca9+115129]\n\tGetHandleVerifier [0x0x7ff7373664d8+10728]\n\tBaseThreadInitThunk [0x0x7ffa14ef7374+20]\n\tRtlUserThreadStart [0x0x7ffa16b1cc91+33]","statusTrace":"self = <test_items.test_spec1.TestSpecPage object at 0x0000012CEFA33AC0>, login_to_spec1 = <selenium.webdriver.chrome.webdriver.WebDriver (session=\"681381e0215d31e8f9435821c3d3f6b2\")>\n\n    @allure.story(\"输入全部数据，添加保存成功\")\n    # @pytest.mark.run(order=1)\n    def test_spec_addall(self, login_to_spec1):\n        driver = login_to_spec1  # WebDriver 实例\n        spec = Spec1Page(driver)  # 用 driver 初始化 Spec1Page\n        data_list = [\"全部数据\", \"20\"]\n        spec.click_add_button()  # 检查点击添加\n        spec.add_input_all(data_list[0], data_list[1])\n        sleep(1)\n        spec.enter_texts(\n            '//p[text()=\"代码\"]/ancestor::div[2]//input', data_list[0]\n        )\n        # 缩放到最小（例如 25%）\n        driver.execute_script(\"document.body.style.zoom='0.4'\")\n        sleep(1)\n    \n        row_xpath = f'//tr[./td[2][.//span[text()=\"{data_list[0]}\"]]]'\n        # 获取目标行\n        target_row = driver.find_element(By.XPATH, row_xpath)\n    \n        # 获取该行下所有 td 元素\n        td_elements = target_row.find_elements(By.XPATH, \"./td\")\n        td_count = len(td_elements)\n        print(f\"该行共有 {td_count} 个 <td> 元素\")\n        columns_text = []\n        # 遍历每个 td[i]\n        # 遍历每个 td[i] 并提取文本\n        for i in range(2, td_count + 1):\n            td_xpath = f'{row_xpath}/td[{i}]'\n            sleep(0.2)\n            try:\n                td = driver.find_element(By.XPATH, td_xpath)\n                text = td.text.strip()\n                print(f\"第 {i} 个单元格内容：{text}\")\n                columns_text.append(text)\n            except StaleElementReferenceException:\n                print(f\"⚠️ 第 {i} 个单元格引用失效，尝试重新查找\")\n                sleep(0.2)\n                td = driver.find_element(By.XPATH, td_xpath)\n                text = td.text.strip()\n                columns_text.append(text)\n    \n        print(columns_text)\n        bef_text = ['全部数据', '全部数据', '2', '20', '全部数据', f'{DateDriver().username}', date.today().strftime(\"%Y/%m/%d\"), '20', '20', '20', '20', '20', '20', '20', '20', '20', '20', '20', '20', '20', '20', '20', '20', '20', '20', '20', '20', '20']\n>       spec.right_refresh('生产特征1')\n\nTests\\test_items\\test_spec1.py:861: \n_ _ _ _ _ _ _ _ _ _ _ _ _ _ _ _ _ _ _ _ _ _ _ _ _ _ _ _ _ _ _ _ _ _ _ _ _ _ _ _ _ _ _ _ _ _ _ _ _ _ _ _ _ _ _ _ _ _ _ _ _ _ _ _ _ _ _ _ _ _ _ _ _ _ _ _ _ _ _ _ _ _ _ _ _ _ _ _ _ _ _ _ _ _ _ _ _ _ _ _ _ _ _ _ _ _ _ _ _ _ _ _ _ _ _ _\nPages\\itemsPage\\spec1_page.py:61: in right_refresh\n    but.click()\nmyenv\\lib\\site-packages\\selenium\\webdriver\\remote\\webelement.py:121: in click\n    self._execute(Command.CLICK_ELEMENT)\nmyenv\\lib\\site-packages\\selenium\\webdriver\\remote\\webelement.py:574: in _execute\n    return self._parent.execute(command, params)\nmyenv\\lib\\site-packages\\selenium\\webdriver\\remote\\webdriver.py:447: in execute\n    self.error_handler.check_response(response)\n_ _ _ _ _ _ _ _ _ _ _ _ _ _ _ _ _ _ _ _ _ _ _ _ _ _ _ _ _ _ _ _ _ _ _ _ _ _ _ _ _ _ _ _ _ _ _ _ _ _ _ _ _ _ _ _ _ _ _ _ _ _ _ _ _ _ _ _ _ _ _ _ _ _ _ _ _ _ _ _ _ _ _ _ _ _ _ _ _ _ _ _ _ _ _ _ _ _ _ _ _ _ _ _ _ _ _ _ _ _ _ _ _ _ _ _\n\nself = <selenium.webdriver.remote.errorhandler.ErrorHandler object at 0x0000012CEFC58250>\nresponse = {'status': 400, 'value': '{\"value\":{\"error\":\"element click intercepted\",\"message\":\"element click intercepted: Element ...ff7373664d8+10728]\\\\n\\\\tBaseThreadInitThunk [0x0x7ffa14ef7374+20]\\\\n\\\\tRtlUserThreadStart [0x0x7ffa16b1cc91+33]\\\\n\"}}'}\n\n    def check_response(self, response: Dict[str, Any]) -> None:\n        \"\"\"Checks that a JSON response from the WebDriver does not have an\n        error.\n    \n        :Args:\n         - response - The JSON response from the WebDriver server as a dictionary\n           object.\n    \n        :Raises: If the response contains an error message.\n        \"\"\"\n        status = response.get(\"status\", None)\n        if not status or status == ErrorCode.SUCCESS:\n            return\n        value = None\n        message = response.get(\"message\", \"\")\n        screen: str = response.get(\"screen\", \"\")\n        stacktrace = None\n        if isinstance(status, int):\n            value_json = response.get(\"value\", None)\n            if value_json and isinstance(value_json, str):\n                import json\n    \n                try:\n                    value = json.loads(value_json)\n                    if len(value) == 1:\n                        value = value[\"value\"]\n                    status = value.get(\"error\", None)\n                    if not status:\n                        status = value.get(\"status\", ErrorCode.UNKNOWN_ERROR)\n                        message = value.get(\"value\") or value.get(\"message\")\n                        if not isinstance(message, str):\n                            value = message\n                            message = message.get(\"message\")\n                    else:\n                        message = value.get(\"message\", None)\n                except ValueError:\n                    pass\n    \n        exception_class: Type[WebDriverException]\n        e = ErrorCode()\n        error_codes = [item for item in dir(e) if not item.startswith(\"__\")]\n        for error_code in error_codes:\n            error_info = getattr(ErrorCode, error_code)\n            if isinstance(error_info, list) and status in error_info:\n                exception_class = getattr(ExceptionMapping, error_code, WebDriverException)\n                break\n        else:\n            exception_class = WebDriverException\n    \n        if not value:\n            value = response[\"value\"]\n        if isinstance(value, str):\n            raise exception_class(value)\n        if message == \"\" and \"message\" in value:\n            message = value[\"message\"]\n    \n        screen = None  # type: ignore[assignment]\n        if \"screen\" in value:\n            screen = value[\"screen\"]\n    \n        stacktrace = None\n        st_value = value.get(\"stackTrace\") or value.get(\"stacktrace\")\n        if st_value:\n            if isinstance(st_value, str):\n                stacktrace = st_value.split(\"\\n\")\n            else:\n                stacktrace = []\n                try:\n                    for frame in st_value:\n                        line = frame.get(\"lineNumber\", \"\")\n                        file = frame.get(\"fileName\", \"<anonymous>\")\n                        if line:\n                            file = f\"{file}:{line}\"\n                        meth = frame.get(\"methodName\", \"<anonymous>\")\n                        if \"className\" in frame:\n                            meth = f\"{frame['className']}.{meth}\"\n                        msg = \"    at %s (%s)\"\n                        msg = msg % (meth, file)\n                        stacktrace.append(msg)\n                except TypeError:\n                    pass\n        if exception_class == UnexpectedAlertPresentException:\n            alert_text = None\n            if \"data\" in value:\n                alert_text = value[\"data\"].get(\"text\")\n            elif \"alert\" in value:\n                alert_text = value[\"alert\"].get(\"text\")\n            raise exception_class(message, screen, stacktrace, alert_text)  # type: ignore[call-arg]  # mypy is not smart enough here\n>       raise exception_class(message, screen, stacktrace)\nE       selenium.common.exceptions.ElementClickInterceptedException: Message: element click intercepted: Element <div data-v-3bd25850=\"\" class=\"labelStyle cursor-pointer m-l-1\">...</div> is not clickable at point (182, 25). Other element would receive the click: <div class=\"ivu-modal-wrap\" style=\"z-index: 100000546;\">...</div>\nE         (Session info: chrome=137.0.7151.69)\nE       Stacktrace:\nE       \tGetHandleVerifier [0x0x7ff737376f65+78965]\nE       \tGetHandleVerifier [0x0x7ff737376fc0+79056]\nE       \t(No symbol) [0x0x7ff737109dda]\nE       \t(No symbol) [0x0x7ff7371682e9]\nE       \t(No symbol) [0x0x7ff737165c82]\nE       \t(No symbol) [0x0x7ff737162cd1]\nE       \t(No symbol) [0x0x7ff737161c44]\nE       \t(No symbol) [0x0x7ff7371532a4]\nE       \t(No symbol) [0x0x7ff73718866a]\nE       \t(No symbol) [0x0x7ff737152b56]\nE       \t(No symbol) [0x0x7ff737188880]\nE       \t(No symbol) [0x0x7ff7371b0dbe]\nE       \t(No symbol) [0x0x7ff737188443]\nE       \t(No symbol) [0x0x7ff737151311]\nE       \t(No symbol) [0x0x7ff7371520a3]\nE       \tGetHandleVerifier [0x0x7ff73762e26d+2926461]\nE       \tGetHandleVerifier [0x0x7ff737628993+2903715]\nE       \tGetHandleVerifier [0x0x7ff737646aed+3026941]\nE       \tGetHandleVerifier [0x0x7ff7373916fe+187406]\nE       \tGetHandleVerifier [0x0x7ff7373996ef+220159]\nE       \tGetHandleVerifier [0x0x7ff73737faf4+114692]\nE       \tGetHandleVerifier [0x0x7ff73737fca9+115129]\nE       \tGetHandleVerifier [0x0x7ff7373664d8+10728]\nE       \tBaseThreadInitThunk [0x0x7ffa14ef7374+20]\nE       \tRtlUserThreadStart [0x0x7ffa16b1cc91+33]\n\nmyenv\\lib\\site-packages\\selenium\\webdriver\\remote\\errorhandler.py:232: ElementClickInterceptedException","flaky":false,"newFailed":false,"newBroken":false,"newPassed":false,"retriesCount":0,"retriesStatusChange":false,"beforeStages":[{"name":"login_to_spec1","time":{"start":1770207148943,"stop":1770207168860,"duration":19917},"status":"passed","steps":[],"attachments":[],"parameters":[],"attachmentStep":false,"stepsCount":0,"hasContent":false,"attachmentsCount":0,"shouldDisplayMessage":false}],"testStage":{"status":"broken","statusMessage":"selenium.common.exceptions.ElementClickInterceptedException: Message: element click intercepted: Element <div data-v-3bd25850=\"\" class=\"labelStyle cursor-pointer m-l-1\">...</div> is not clickable at point (182, 25). Other element would receive the click: <div class=\"ivu-modal-wrap\" style=\"z-index: 100000546;\">...</div>\n  (Session info: chrome=137.0.7151.69)\nStacktrace:\n\tGetHandleVerifier [0x0x7ff737376f65+78965]\n\tGetHandleVerifier [0x0x7ff737376fc0+79056]\n\t(No symbol) [0x0x7ff737109dda]\n\t(No symbol) [0x0x7ff7371682e9]\n\t(No symbol) [0x0x7ff737165c82]\n\t(No symbol) [0x0x7ff737162cd1]\n\t(No symbol) [0x0x7ff737161c44]\n\t(No symbol) [0x0x7ff7371532a4]\n\t(No symbol) [0x0x7ff73718866a]\n\t(No symbol) [0x0x7ff737152b56]\n\t(No symbol) [0x0x7ff737188880]\n\t(No symbol) [0x0x7ff7371b0dbe]\n\t(No symbol) [0x0x7ff737188443]\n\t(No symbol) [0x0x7ff737151311]\n\t(No symbol) [0x0x7ff7371520a3]\n\tGetHandleVerifier [0x0x7ff73762e26d+2926461]\n\tGetHandleVerifier [0x0x7ff737628993+2903715]\n\tGetHandleVerifier [0x0x7ff737646aed+3026941]\n\tGetHandleVerifier [0x0x7ff7373916fe+187406]\n\tGetHandleVerifier [0x0x7ff7373996ef+220159]\n\tGetHandleVerifier [0x0x7ff73737faf4+114692]\n\tGetHandleVerifier [0x0x7ff73737fca9+115129]\n\tGetHandleVerifier [0x0x7ff7373664d8+10728]\n\tBaseThreadInitThunk [0x0x7ffa14ef7374+20]\n\tRtlUserThreadStart [0x0x7ffa16b1cc91+33]","statusTrace":"self = <test_items.test_spec1.TestSpecPage object at 0x0000012CEFA33AC0>, login_to_spec1 = <selenium.webdriver.chrome.webdriver.WebDriver (session=\"681381e0215d31e8f9435821c3d3f6b2\")>\n\n    @allure.story(\"输入全部数据，添加保存成功\")\n    # @pytest.mark.run(order=1)\n    def test_spec_addall(self, login_to_spec1):\n        driver = login_to_spec1  # WebDriver 实例\n        spec = Spec1Page(driver)  # 用 driver 初始化 Spec1Page\n        data_list = [\"全部数据\", \"20\"]\n        spec.click_add_button()  # 检查点击添加\n        spec.add_input_all(data_list[0], data_list[1])\n        sleep(1)\n        spec.enter_texts(\n            '//p[text()=\"代码\"]/ancestor::div[2]//input', data_list[0]\n        )\n        # 缩放到最小（例如 25%）\n        driver.execute_script(\"document.body.style.zoom='0.4'\")\n        sleep(1)\n    \n        row_xpath = f'//tr[./td[2][.//span[text()=\"{data_list[0]}\"]]]'\n        # 获取目标行\n        target_row = driver.find_element(By.XPATH, row_xpath)\n    \n        # 获取该行下所有 td 元素\n        td_elements = target_row.find_elements(By.XPATH, \"./td\")\n        td_count = len(td_elements)\n        print(f\"该行共有 {td_count} 个 <td> 元素\")\n        columns_text = []\n        # 遍历每个 td[i]\n        # 遍历每个 td[i] 并提取文本\n        for i in range(2, td_count + 1):\n            td_xpath = f'{row_xpath}/td[{i}]'\n            sleep(0.2)\n            try:\n                td = driver.find_element(By.XPATH, td_xpath)\n                text = td.text.strip()\n                print(f\"第 {i} 个单元格内容：{text}\")\n                columns_text.append(text)\n            except StaleElementReferenceException:\n                print(f\"⚠️ 第 {i} 个单元格引用失效，尝试重新查找\")\n                sleep(0.2)\n                td = driver.find_element(By.XPATH, td_xpath)\n                text = td.text.strip()\n                columns_text.append(text)\n    \n        print(columns_text)\n        bef_text = ['全部数据', '全部数据', '2', '20', '全部数据', f'{DateDriver().username}', date.today().strftime(\"%Y/%m/%d\"), '20', '20', '20', '20', '20', '20', '20', '20', '20', '20', '20', '20', '20', '20', '20', '20', '20', '20', '20', '20', '20']\n>       spec.right_refresh('生产特征1')\n\nTests\\test_items\\test_spec1.py:861: \n_ _ _ _ _ _ _ _ _ _ _ _ _ _ _ _ _ _ _ _ _ _ _ _ _ _ _ _ _ _ _ _ _ _ _ _ _ _ _ _ _ _ _ _ _ _ _ _ _ _ _ _ _ _ _ _ _ _ _ _ _ _ _ _ _ _ _ _ _ _ _ _ _ _ _ _ _ _ _ _ _ _ _ _ _ _ _ _ _ _ _ _ _ _ _ _ _ _ _ _ _ _ _ _ _ _ _ _ _ _ _ _ _ _ _ _\nPages\\itemsPage\\spec1_page.py:61: in right_refresh\n    but.click()\nmyenv\\lib\\site-packages\\selenium\\webdriver\\remote\\webelement.py:121: in click\n    self._execute(Command.CLICK_ELEMENT)\nmyenv\\lib\\site-packages\\selenium\\webdriver\\remote\\webelement.py:574: in _execute\n    return self._parent.execute(command, params)\nmyenv\\lib\\site-packages\\selenium\\webdriver\\remote\\webdriver.py:447: in execute\n    self.error_handler.check_response(response)\n_ _ _ _ _ _ _ _ _ _ _ _ _ _ _ _ _ _ _ _ _ _ _ _ _ _ _ _ _ _ _ _ _ _ _ _ _ _ _ _ _ _ _ _ _ _ _ _ _ _ _ _ _ _ _ _ _ _ _ _ _ _ _ _ _ _ _ _ _ _ _ _ _ _ _ _ _ _ _ _ _ _ _ _ _ _ _ _ _ _ _ _ _ _ _ _ _ _ _ _ _ _ _ _ _ _ _ _ _ _ _ _ _ _ _ _\n\nself = <selenium.webdriver.remote.errorhandler.ErrorHandler object at 0x0000012CEFC58250>\nresponse = {'status': 400, 'value': '{\"value\":{\"error\":\"element click intercepted\",\"message\":\"element click intercepted: Element ...ff7373664d8+10728]\\\\n\\\\tBaseThreadInitThunk [0x0x7ffa14ef7374+20]\\\\n\\\\tRtlUserThreadStart [0x0x7ffa16b1cc91+33]\\\\n\"}}'}\n\n    def check_response(self, response: Dict[str, Any]) -> None:\n        \"\"\"Checks that a JSON response from the WebDriver does not have an\n        error.\n    \n        :Args:\n         - response - The JSON response from the WebDriver server as a dictionary\n           object.\n    \n        :Raises: If the response contains an error message.\n        \"\"\"\n        status = response.get(\"status\", None)\n        if not status or status == ErrorCode.SUCCESS:\n            return\n        value = None\n        message = response.get(\"message\", \"\")\n        screen: str = response.get(\"screen\", \"\")\n        stacktrace = None\n        if isinstance(status, int):\n            value_json = response.get(\"value\", None)\n            if value_json and isinstance(value_json, str):\n                import json\n    \n                try:\n                    value = json.loads(value_json)\n                    if len(value) == 1:\n                        value = value[\"value\"]\n                    status = value.get(\"error\", None)\n                    if not status:\n                        status = value.get(\"status\", ErrorCode.UNKNOWN_ERROR)\n                        message = value.get(\"value\") or value.get(\"message\")\n                        if not isinstance(message, str):\n                            value = message\n                            message = message.get(\"message\")\n                    else:\n                        message = value.get(\"message\", None)\n                except ValueError:\n                    pass\n    \n        exception_class: Type[WebDriverException]\n        e = ErrorCode()\n        error_codes = [item for item in dir(e) if not item.startswith(\"__\")]\n        for error_code in error_codes:\n            error_info = getattr(ErrorCode, error_code)\n            if isinstance(error_info, list) and status in error_info:\n                exception_class = getattr(ExceptionMapping, error_code, WebDriverException)\n                break\n        else:\n            exception_class = WebDriverException\n    \n        if not value:\n            value = response[\"value\"]\n        if isinstance(value, str):\n            raise exception_class(value)\n        if message == \"\" and \"message\" in value:\n            message = value[\"message\"]\n    \n        screen = None  # type: ignore[assignment]\n        if \"screen\" in value:\n            screen = value[\"screen\"]\n    \n        stacktrace = None\n        st_value = value.get(\"stackTrace\") or value.get(\"stacktrace\")\n        if st_value:\n            if isinstance(st_value, str):\n                stacktrace = st_value.split(\"\\n\")\n            else:\n                stacktrace = []\n                try:\n                    for frame in st_value:\n                        line = frame.get(\"lineNumber\", \"\")\n                        file = frame.get(\"fileName\", \"<anonymous>\")\n                        if line:\n                            file = f\"{file}:{line}\"\n                        meth = frame.get(\"methodName\", \"<anonymous>\")\n                        if \"className\" in frame:\n                            meth = f\"{frame['className']}.{meth}\"\n                        msg = \"    at %s (%s)\"\n                        msg = msg % (meth, file)\n                        stacktrace.append(msg)\n                except TypeError:\n                    pass\n        if exception_class == UnexpectedAlertPresentException:\n            alert_text = None\n            if \"data\" in value:\n                alert_text = value[\"data\"].get(\"text\")\n            elif \"alert\" in value:\n                alert_text = value[\"alert\"].get(\"text\")\n            raise exception_class(message, screen, stacktrace, alert_text)  # type: ignore[call-arg]  # mypy is not smart enough here\n>       raise exception_class(message, screen, stacktrace)\nE       selenium.common.exceptions.ElementClickInterceptedException: Message: element click intercepted: Element <div data-v-3bd25850=\"\" class=\"labelStyle cursor-pointer m-l-1\">...</div> is not clickable at point (182, 25). Other element would receive the click: <div class=\"ivu-modal-wrap\" style=\"z-index: 100000546;\">...</div>\nE         (Session info: chrome=137.0.7151.69)\nE       Stacktrace:\nE       \tGetHandleVerifier [0x0x7ff737376f65+78965]\nE       \tGetHandleVerifier [0x0x7ff737376fc0+79056]\nE       \t(No symbol) [0x0x7ff737109dda]\nE       \t(No symbol) [0x0x7ff7371682e9]\nE       \t(No symbol) [0x0x7ff737165c82]\nE       \t(No symbol) [0x0x7ff737162cd1]\nE       \t(No symbol) [0x0x7ff737161c44]\nE       \t(No symbol) [0x0x7ff7371532a4]\nE       \t(No symbol) [0x0x7ff73718866a]\nE       \t(No symbol) [0x0x7ff737152b56]\nE       \t(No symbol) [0x0x7ff737188880]\nE       \t(No symbol) [0x0x7ff7371b0dbe]\nE       \t(No symbol) [0x0x7ff737188443]\nE       \t(No symbol) [0x0x7ff737151311]\nE       \t(No symbol) [0x0x7ff7371520a3]\nE       \tGetHandleVerifier [0x0x7ff73762e26d+2926461]\nE       \tGetHandleVerifier [0x0x7ff737628993+2903715]\nE       \tGetHandleVerifier [0x0x7ff737646aed+3026941]\nE       \tGetHandleVerifier [0x0x7ff7373916fe+187406]\nE       \tGetHandleVerifier [0x0x7ff7373996ef+220159]\nE       \tGetHandleVerifier [0x0x7ff73737faf4+114692]\nE       \tGetHandleVerifier [0x0x7ff73737fca9+115129]\nE       \tGetHandleVerifier [0x0x7ff7373664d8+10728]\nE       \tBaseThreadInitThunk [0x0x7ffa14ef7374+20]\nE       \tRtlUserThreadStart [0x0x7ffa16b1cc91+33]\n\nmyenv\\lib\\site-packages\\selenium\\webdriver\\remote\\errorhandler.py:232: ElementClickInterceptedException","steps":[],"attachments":[{"uid":"c6724882ea93d694","name":"test_spec_addall_20260204_201702","source":"c6724882ea93d694.png","type":"image/png","size":48381},{"uid":"93c098e0bf3e8296","name":"log","source":"93c098e0bf3e8296.txt","type":"text/plain","size":927}],"parameters":[],"attachmentStep":false,"stepsCount":0,"hasContent":true,"attachmentsCount":2,"shouldDisplayMessage":true},"afterStages":[{"name":"login_to_spec1::0","time":{"start":1770208317929,"stop":1770208320161,"duration":2232},"status":"passed","steps":[],"attachments":[],"parameters":[],"attachmentStep":false,"stepsCount":0,"hasContent":false,"attachmentsCount":0,"shouldDisplayMessage":false}],"labels":[{"name":"story","value":"输入全部数据，添加保存成功"},{"name":"feature","value":"生产特征表测试用例"},{"name":"parentSuite","value":"Tests.test_items"},{"name":"suite","value":"test_spec1"},{"name":"subSuite","value":"TestSpecPage"},{"name":"host","value":"WIN-20240820MJV"},{"name":"thread","value":"39344-MainThread"},{"name":"framework","value":"pytest"},{"name":"language","value":"cpython3"},{"name":"package","value":"Tests.test_items.test_spec1"},{"name":"resultFormat","value":"allure2"}],"parameters":[],"links":[],"hidden":true,"retry":true,"extra":{"categories":[],"tags":[]},"source":"43a41761272407a3.json","parameterValues":[]}