{"uid":"446b7d7d6af164f3","name":"test_setting_label_delete","fullName":"Tests.test_items.test_setting.TestSettingPage#test_setting_label_delete","historyId":"eb87f1588c391925c90db421fb0e5161","time":{"start":1761762608056,"stop":1761762622504,"duration":14448},"status":"broken","statusMessage":"selenium.common.exceptions.TimeoutException: Message: 点击失败，找不到元素：xpath = //div[@class=\"labelItem\" and ./div[text()=\" 标签3 \"]]//i[@title=\"删除\"]","statusTrace":"self = <Pages.itemsPage.setting_page.SettingPage object at 0x0000018AD3F7FE50>, by_or_element = 'xpath', value = '//div[@class=\"labelItem\" and ./div[text()=\" 标签3 \"]]//i[@title=\"删除\"]', wait_time = 10\n\n    def click(self, by_or_element, value=None, wait_time=10):\n        if value is not None:\n            by = by_or_element\n            logging.info(f\"点击元素：By = {by}, Value = {value}\")\n            try:\n>               element = WebDriverWait(self.driver, wait_time).until(\n                    EC.element_to_be_clickable((by, value))\n                )\n\nPages\\base_page.py:45: \n_ _ _ _ _ _ _ _ _ _ _ _ _ _ _ _ _ _ _ _ _ _ _ _ _ _ _ _ _ _ _ _ _ _ _ _ _ _ _ _ _ _ _ _ _ _ _ _ _ _ _ _ _ _ _ _ _ _ _ _ _ _ _ _ _ _ _ _ _ _ _ _ _ _ _ _ _ _ _ _ _ _ _ _ _ _ _ _ _ _ _ _ _ _ _ _ _ _ _ _ _ _ _ _ _ _ _ _ _ _ _ _ _ _ _ _\n\nself = <selenium.webdriver.support.wait.WebDriverWait (session=\"34fc0e0a906df171e88e419290a9cc8e\")>, method = <function element_to_be_clickable.<locals>._predicate at 0x0000018AD13D79A0>, message = ''\n\n    def until(self, method: Callable[[D], Union[Literal[False], T]], message: str = \"\") -> T:\n        \"\"\"Wait until the method returns a value that is not False.\n    \n        Calls the method provided with the driver as an argument until the\n        return value does not evaluate to ``False``.\n    \n        Parameters:\n        -----------\n        method: callable(WebDriver)\n            - A callable object that takes a WebDriver instance as an argument.\n    \n        message: str\n            - Optional message for :exc:`TimeoutException`\n    \n        Return:\n        -------\n        object: T\n            - The result of the last call to `method`\n    \n        Raises:\n        -------\n        TimeoutException\n            - If 'method' does not return a truthy value within the WebDriverWait\n            object's timeout\n    \n        Example:\n        --------\n        >>> from selenium.webdriver.common.by import By\n        >>> from selenium.webdriver.support.ui import WebDriverWait\n        >>> from selenium.webdriver.support import expected_conditions as EC\n    \n        # Wait until an element is visible on the page\n        >>> wait = WebDriverWait(driver, 10)\n        >>> element = wait.until(EC.visibility_of_element_located((By.ID, \"exampleId\")))\n        >>> print(element.text)\n        \"\"\"\n        screen = None\n        stacktrace = None\n    \n        end_time = time.monotonic() + self._timeout\n        while True:\n            try:\n                value = method(self._driver)\n                if value:\n                    return value\n            except self._ignored_exceptions as exc:\n                screen = getattr(exc, \"screen\", None)\n                stacktrace = getattr(exc, \"stacktrace\", None)\n            if time.monotonic() > end_time:\n                break\n            time.sleep(self._poll)\n>       raise TimeoutException(message, screen, stacktrace)\nE       selenium.common.exceptions.TimeoutException: Message: \nE       Stacktrace:\nE       \tGetHandleVerifier [0x0x7ff7c25b6f65+78965]\nE       \tGetHandleVerifier [0x0x7ff7c25b6fc0+79056]\nE       \t(No symbol) [0x0x7ff7c2349dda]\nE       \t(No symbol) [0x0x7ff7c23a02ea]\nE       \t(No symbol) [0x0x7ff7c23a059c]\nE       \t(No symbol) [0x0x7ff7c23f3f37]\nE       \t(No symbol) [0x0x7ff7c23c86af]\nE       \t(No symbol) [0x0x7ff7c23f0dbe]\nE       \t(No symbol) [0x0x7ff7c23c8443]\nE       \t(No symbol) [0x0x7ff7c2391311]\nE       \t(No symbol) [0x0x7ff7c23920a3]\nE       \tGetHandleVerifier [0x0x7ff7c286e26d+2926461]\nE       \tGetHandleVerifier [0x0x7ff7c2868993+2903715]\nE       \tGetHandleVerifier [0x0x7ff7c2886aed+3026941]\nE       \tGetHandleVerifier [0x0x7ff7c25d16fe+187406]\nE       \tGetHandleVerifier [0x0x7ff7c25d96ef+220159]\nE       \tGetHandleVerifier [0x0x7ff7c25bfaf4+114692]\nE       \tGetHandleVerifier [0x0x7ff7c25bfca9+115129]\nE       \tGetHandleVerifier [0x0x7ff7c25a64d8+10728]\nE       \tBaseThreadInitThunk [0x0x7ff832417374+20]\nE       \tRtlUserThreadStart [0x0x7ff833d3cc91+33]\n\nmyenv\\lib\\site-packages\\selenium\\webdriver\\support\\wait.py:138: TimeoutException\n\nDuring handling of the above exception, another exception occurred:\n\nself = <test_items.test_setting.TestSettingPage object at 0x0000018AD2344E20>, login_to_setting = <selenium.webdriver.chrome.webdriver.WebDriver (session=\"34fc0e0a906df171e88e419290a9cc8e\")>\n\n    @allure.story(\"删除标签成功\")\n    # @pytest.mark.run(order=1)\n    def test_setting_label_delete(self, login_to_setting):\n        driver = login_to_setting  # WebDriver 实例\n        setting = SettingPage(driver)  # 用 driver 初始化 SettingPage\n        layout = \"测试布局A\"\n        lable = \"标签3\"\n        setting.click_button(f'//div[@class=\"tabsDivItemCon\"]/div[text()=\" {layout} \"]')\n        setting.click_button('//div[@class=\"toolTabsDiv\"]/div[2]/div[5]//i')\n>       setting.click_button(\n            f'//div[@class=\"labelItem\" and ./div[text()=\" {lable} \"]]//i[@title=\"删除\"]'\n        )\n\nTests\\test_items\\test_setting.py:2041: \n_ _ _ _ _ _ _ _ _ _ _ _ _ _ _ _ _ _ _ _ _ _ _ _ _ _ _ _ _ _ _ _ _ _ _ _ _ _ _ _ _ _ _ _ _ _ _ _ _ _ _ _ _ _ _ _ _ _ _ _ _ _ _ _ _ _ _ _ _ _ _ _ _ _ _ _ _ _ _ _ _ _ _ _ _ _ _ _ _ _ _ _ _ _ _ _ _ _ _ _ _ _ _ _ _ _ _ _ _ _ _ _ _ _ _ _\nPages\\itemsPage\\setting_page.py:22: in click_button\n    self.click(By.XPATH, xpath)\n_ _ _ _ _ _ _ _ _ _ _ _ _ _ _ _ _ _ _ _ _ _ _ _ _ _ _ _ _ _ _ _ _ _ _ _ _ _ _ _ _ _ _ _ _ _ _ _ _ _ _ _ _ _ _ _ _ _ _ _ _ _ _ _ _ _ _ _ _ _ _ _ _ _ _ _ _ _ _ _ _ _ _ _ _ _ _ _ _ _ _ _ _ _ _ _ _ _ _ _ _ _ _ _ _ _ _ _ _ _ _ _ _ _ _ _\n\nself = <Pages.itemsPage.setting_page.SettingPage object at 0x0000018AD3F7FE50>, by_or_element = 'xpath', value = '//div[@class=\"labelItem\" and ./div[text()=\" 标签3 \"]]//i[@title=\"删除\"]', wait_time = 10\n\n    def click(self, by_or_element, value=None, wait_time=10):\n        if value is not None:\n            by = by_or_element\n            logging.info(f\"点击元素：By = {by}, Value = {value}\")\n            try:\n                element = WebDriverWait(self.driver, wait_time).until(\n                    EC.element_to_be_clickable((by, value))\n                )\n            except TimeoutException:\n                logging.warning(f\"❌ 点击超时：元素 {by} = {value} 未在 {wait_time} 秒内变为可点击\")\n>               raise TimeoutException(f\"点击失败，找不到元素：{by} = {value}\")\nE               selenium.common.exceptions.TimeoutException: Message: 点击失败，找不到元素：xpath = //div[@class=\"labelItem\" and ./div[text()=\" 标签3 \"]]//i[@title=\"删除\"]\n\nPages\\base_page.py:50: TimeoutException","flaky":false,"newFailed":false,"newBroken":false,"newPassed":false,"retriesCount":1,"retriesStatusChange":false,"beforeStages":[{"name":"login_to_setting","time":{"start":1761762586941,"stop":1761762608054,"duration":21113},"status":"passed","steps":[],"attachments":[],"parameters":[],"stepsCount":0,"attachmentStep":false,"hasContent":false,"shouldDisplayMessage":false,"attachmentsCount":0}],"testStage":{"status":"broken","statusMessage":"selenium.common.exceptions.TimeoutException: Message: 点击失败，找不到元素：xpath = //div[@class=\"labelItem\" and ./div[text()=\" 标签3 \"]]//i[@title=\"删除\"]","statusTrace":"self = <Pages.itemsPage.setting_page.SettingPage object at 0x0000018AD3F7FE50>, by_or_element = 'xpath', value = '//div[@class=\"labelItem\" and ./div[text()=\" 标签3 \"]]//i[@title=\"删除\"]', wait_time = 10\n\n    def click(self, by_or_element, value=None, wait_time=10):\n        if value is not None:\n            by = by_or_element\n            logging.info(f\"点击元素：By = {by}, Value = {value}\")\n            try:\n>               element = WebDriverWait(self.driver, wait_time).until(\n                    EC.element_to_be_clickable((by, value))\n                )\n\nPages\\base_page.py:45: \n_ _ _ _ _ _ _ _ _ _ _ _ _ _ _ _ _ _ _ _ _ _ _ _ _ _ _ _ _ _ _ _ _ _ _ _ _ _ _ _ _ _ _ _ _ _ _ _ _ _ _ _ _ _ _ _ _ _ _ _ _ _ _ _ _ _ _ _ _ _ _ _ _ _ _ _ _ _ _ _ _ _ _ _ _ _ _ _ _ _ _ _ _ _ _ _ _ _ _ _ _ _ _ _ _ _ _ _ _ _ _ _ _ _ _ _\n\nself = <selenium.webdriver.support.wait.WebDriverWait (session=\"34fc0e0a906df171e88e419290a9cc8e\")>, method = <function element_to_be_clickable.<locals>._predicate at 0x0000018AD13D79A0>, message = ''\n\n    def until(self, method: Callable[[D], Union[Literal[False], T]], message: str = \"\") -> T:\n        \"\"\"Wait until the method returns a value that is not False.\n    \n        Calls the method provided with the driver as an argument until the\n        return value does not evaluate to ``False``.\n    \n        Parameters:\n        -----------\n        method: callable(WebDriver)\n            - A callable object that takes a WebDriver instance as an argument.\n    \n        message: str\n            - Optional message for :exc:`TimeoutException`\n    \n        Return:\n        -------\n        object: T\n            - The result of the last call to `method`\n    \n        Raises:\n        -------\n        TimeoutException\n            - If 'method' does not return a truthy value within the WebDriverWait\n            object's timeout\n    \n        Example:\n        --------\n        >>> from selenium.webdriver.common.by import By\n        >>> from selenium.webdriver.support.ui import WebDriverWait\n        >>> from selenium.webdriver.support import expected_conditions as EC\n    \n        # Wait until an element is visible on the page\n        >>> wait = WebDriverWait(driver, 10)\n        >>> element = wait.until(EC.visibility_of_element_located((By.ID, \"exampleId\")))\n        >>> print(element.text)\n        \"\"\"\n        screen = None\n        stacktrace = None\n    \n        end_time = time.monotonic() + self._timeout\n        while True:\n            try:\n                value = method(self._driver)\n                if value:\n                    return value\n            except self._ignored_exceptions as exc:\n                screen = getattr(exc, \"screen\", None)\n                stacktrace = getattr(exc, \"stacktrace\", None)\n            if time.monotonic() > end_time:\n                break\n            time.sleep(self._poll)\n>       raise TimeoutException(message, screen, stacktrace)\nE       selenium.common.exceptions.TimeoutException: Message: \nE       Stacktrace:\nE       \tGetHandleVerifier [0x0x7ff7c25b6f65+78965]\nE       \tGetHandleVerifier [0x0x7ff7c25b6fc0+79056]\nE       \t(No symbol) [0x0x7ff7c2349dda]\nE       \t(No symbol) [0x0x7ff7c23a02ea]\nE       \t(No symbol) [0x0x7ff7c23a059c]\nE       \t(No symbol) [0x0x7ff7c23f3f37]\nE       \t(No symbol) [0x0x7ff7c23c86af]\nE       \t(No symbol) [0x0x7ff7c23f0dbe]\nE       \t(No symbol) [0x0x7ff7c23c8443]\nE       \t(No symbol) [0x0x7ff7c2391311]\nE       \t(No symbol) [0x0x7ff7c23920a3]\nE       \tGetHandleVerifier [0x0x7ff7c286e26d+2926461]\nE       \tGetHandleVerifier [0x0x7ff7c2868993+2903715]\nE       \tGetHandleVerifier [0x0x7ff7c2886aed+3026941]\nE       \tGetHandleVerifier [0x0x7ff7c25d16fe+187406]\nE       \tGetHandleVerifier [0x0x7ff7c25d96ef+220159]\nE       \tGetHandleVerifier [0x0x7ff7c25bfaf4+114692]\nE       \tGetHandleVerifier [0x0x7ff7c25bfca9+115129]\nE       \tGetHandleVerifier [0x0x7ff7c25a64d8+10728]\nE       \tBaseThreadInitThunk [0x0x7ff832417374+20]\nE       \tRtlUserThreadStart [0x0x7ff833d3cc91+33]\n\nmyenv\\lib\\site-packages\\selenium\\webdriver\\support\\wait.py:138: TimeoutException\n\nDuring handling of the above exception, another exception occurred:\n\nself = <test_items.test_setting.TestSettingPage object at 0x0000018AD2344E20>, login_to_setting = <selenium.webdriver.chrome.webdriver.WebDriver (session=\"34fc0e0a906df171e88e419290a9cc8e\")>\n\n    @allure.story(\"删除标签成功\")\n    # @pytest.mark.run(order=1)\n    def test_setting_label_delete(self, login_to_setting):\n        driver = login_to_setting  # WebDriver 实例\n        setting = SettingPage(driver)  # 用 driver 初始化 SettingPage\n        layout = \"测试布局A\"\n        lable = \"标签3\"\n        setting.click_button(f'//div[@class=\"tabsDivItemCon\"]/div[text()=\" {layout} \"]')\n        setting.click_button('//div[@class=\"toolTabsDiv\"]/div[2]/div[5]//i')\n>       setting.click_button(\n            f'//div[@class=\"labelItem\" and ./div[text()=\" {lable} \"]]//i[@title=\"删除\"]'\n        )\n\nTests\\test_items\\test_setting.py:2041: \n_ _ _ _ _ _ _ _ _ _ _ _ _ _ _ _ _ _ _ _ _ _ _ _ _ _ _ _ _ _ _ _ _ _ _ _ _ _ _ _ _ _ _ _ _ _ _ _ _ _ _ _ _ _ _ _ _ _ _ _ _ _ _ _ _ _ _ _ _ _ _ _ _ _ _ _ _ _ _ _ _ _ _ _ _ _ _ _ _ _ _ _ _ _ _ _ _ _ _ _ _ _ _ _ _ _ _ _ _ _ _ _ _ _ _ _\nPages\\itemsPage\\setting_page.py:22: in click_button\n    self.click(By.XPATH, xpath)\n_ _ _ _ _ _ _ _ _ _ _ _ _ _ _ _ _ _ _ _ _ _ _ _ _ _ _ _ _ _ _ _ _ _ _ _ _ _ _ _ _ _ _ _ _ _ _ _ _ _ _ _ _ _ _ _ _ _ _ _ _ _ _ _ _ _ _ _ _ _ _ _ _ _ _ _ _ _ _ _ _ _ _ _ _ _ _ _ _ _ _ _ _ _ _ _ _ _ _ _ _ _ _ _ _ _ _ _ _ _ _ _ _ _ _ _\n\nself = <Pages.itemsPage.setting_page.SettingPage object at 0x0000018AD3F7FE50>, by_or_element = 'xpath', value = '//div[@class=\"labelItem\" and ./div[text()=\" 标签3 \"]]//i[@title=\"删除\"]', wait_time = 10\n\n    def click(self, by_or_element, value=None, wait_time=10):\n        if value is not None:\n            by = by_or_element\n            logging.info(f\"点击元素：By = {by}, Value = {value}\")\n            try:\n                element = WebDriverWait(self.driver, wait_time).until(\n                    EC.element_to_be_clickable((by, value))\n                )\n            except TimeoutException:\n                logging.warning(f\"❌ 点击超时：元素 {by} = {value} 未在 {wait_time} 秒内变为可点击\")\n>               raise TimeoutException(f\"点击失败，找不到元素：{by} = {value}\")\nE               selenium.common.exceptions.TimeoutException: Message: 点击失败，找不到元素：xpath = //div[@class=\"labelItem\" and ./div[text()=\" 标签3 \"]]//i[@title=\"删除\"]\n\nPages\\base_page.py:50: TimeoutException","steps":[],"attachments":[{"uid":"b6333f786ccbd0c1","name":"test_setting_label_delete_failure","source":"b6333f786ccbd0c1.png","type":"image/png","size":97676},{"uid":"e4eeaab04b6594d1","name":"test_setting_label_delete_source","source":"e4eeaab04b6594d1.html","type":"text/html","size":1334453},{"uid":"5c49a54efc896a20","name":"log","source":"5c49a54efc896a20.txt","type":"text/plain","size":2719}],"parameters":[],"stepsCount":0,"attachmentStep":false,"hasContent":true,"shouldDisplayMessage":true,"attachmentsCount":3},"afterStages":[{"name":"login_to_setting::0","time":{"start":1761762623438,"stop":1761762626128,"duration":2690},"status":"passed","steps":[],"attachments":[],"parameters":[],"stepsCount":0,"attachmentStep":false,"hasContent":false,"shouldDisplayMessage":false,"attachmentsCount":0}],"labels":[{"name":"story","value":"删除标签成功"},{"name":"feature","value":"标准应用设置测试用例"},{"name":"parentSuite","value":"Tests.test_items"},{"name":"suite","value":"test_setting"},{"name":"subSuite","value":"TestSettingPage"},{"name":"host","value":"WIN-20240820MJV"},{"name":"thread","value":"2848-MainThread"},{"name":"framework","value":"pytest"},{"name":"language","value":"cpython3"},{"name":"package","value":"Tests.test_items.test_setting"},{"name":"resultFormat","value":"allure2"}],"parameters":[],"links":[],"hidden":false,"retry":false,"extra":{"severity":"normal","retries":[{"uid":"d03a274ea5a9dc38","status":"broken","statusDetails":"selenium.common.exceptions.TimeoutException: Message: 点击失败，找不到元素：xpath = //div[@class=\"labelItem\" and ./div[text()=\" 标签3 \"]]//i[@title=\"删除\"]","time":{"start":1761762568824,"stop":1761762583239,"duration":14415}}],"categories":[{"name":"Test defects","matchedStatuses":[]}],"tags":[]},"source":"446b7d7d6af164f3.json","parameterValues":[]}