{"uid":"4628916f261cce7c","name":"test_affairs_process_select2","fullName":"Tests.test_system.test_affairs.TestAffairsPage#test_affairs_process_select2","historyId":"93c7e901049f9729cf0a06d3c280f979","time":{"start":1768418599215,"stop":1768418606156,"duration":6941},"status":"broken","statusMessage":"selenium.common.exceptions.NoSuchElementException: Message: no such element: Unable to locate element: {\"method\":\"xpath\",\"selector\":\"./td[6]/div/span\"}\n  (Session info: chrome=137.0.7151.69); For documentation on this error, please visit: https://www.selenium.dev/documentation/webdriver/troubleshooting/errors#no-such-element-exception\nStacktrace:\n\tGetHandleVerifier [0x0x7ff62e736f65+78965]\n\tGetHandleVerifier [0x0x7ff62e736fc0+79056]\n\t(No symbol) [0x0x7ff62e4c9dda]\n\t(No symbol) [0x0x7ff62e5202ea]\n\t(No symbol) [0x0x7ff62e52059c]\n\t(No symbol) [0x0x7ff62e512c8c]\n\t(No symbol) [0x0x7ff62e5486af]\n\t(No symbol) [0x0x7ff62e512b56]\n\t(No symbol) [0x0x7ff62e548880]\n\t(No symbol) [0x0x7ff62e570dbe]\n\t(No symbol) [0x0x7ff62e548443]\n\t(No symbol) [0x0x7ff62e511311]\n\t(No symbol) [0x0x7ff62e5120a3]\n\tGetHandleVerifier [0x0x7ff62e9ee26d+2926461]\n\tGetHandleVerifier [0x0x7ff62e9e8993+2903715]\n\tGetHandleVerifier [0x0x7ff62ea06aed+3026941]\n\tGetHandleVerifier [0x0x7ff62e7516fe+187406]\n\tGetHandleVerifier [0x0x7ff62e7596ef+220159]\n\tGetHandleVerifier [0x0x7ff62e73faf4+114692]\n\tGetHandleVerifier [0x0x7ff62e73fca9+115129]\n\tGetHandleVerifier [0x0x7ff62e7264d8+10728]\n\tBaseThreadInitThunk [0x0x7ff90e507374+20]\n\tRtlUserThreadStart [0x0x7ff91019cc91+33]","statusTrace":"self = <test_system.test_affairs.TestAffairsPage object at 0x000001E1A6690BB0>, login_to_affairs = <selenium.webdriver.chrome.webdriver.WebDriver (session=\"8dd42b6dc705c4168bd7acebcdf17549\")>\n\n    @allure.story(\"我的流程-是否启动查询为开启\")\n    # @pytest.mark.run(order=1)\n    def test_affairs_process_select2(self, login_to_affairs):\n        driver = login_to_affairs  # WebDriver 实例\n        affairs = AffairsPage(driver)  # 用 driver 初始化 AffairsPage\n        enable = \"开启\"\n        sleep(1)\n        affairs.click_process()\n        affairs.select_all(enable=enable)\n        # 获取表格中所有行\n        rows = WebDriverWait(driver, 10).until(\n            EC.presence_of_all_elements_located(\n                (By.XPATH, '(//table[@class=\"el-table__body\"])[1]//tr')\n            )\n        )\n        # 逐行检查（发现第一个失败立即终止）\n        for index, row in enumerate(rows, start=1):\n>           div_class = row.find_element(\n                By.XPATH,\n                './td[6]/div/span'\n            ).get_attribute(\"class\")\n\nTests\\test_system\\test_affairs.py:1009: \n_ _ _ _ _ _ _ _ _ _ _ _ _ _ _ _ _ _ _ _ _ _ _ _ _ _ _ _ _ _ _ _ _ _ _ _ _ _ _ _ _ _ _ _ _ _ _ _ _ _ _ _ _ _ _ _ _ _ _ _ _ _ _ _ _ _ _ _ _ _ _ _ _ _ _ _ _ _ _ _ _ _ _ _ _ _ _ _ _ _ _ _ _ _ _ _ _ _ _ _ _ _ _ _ _ _ _ _ _ _ _ _ _ _ _ _\nmyenv\\lib\\site-packages\\selenium\\webdriver\\remote\\webelement.py:603: in find_element\n    return self._execute(Command.FIND_CHILD_ELEMENT, {\"using\": by, \"value\": value})[\"value\"]\nmyenv\\lib\\site-packages\\selenium\\webdriver\\remote\\webelement.py:574: in _execute\n    return self._parent.execute(command, params)\nmyenv\\lib\\site-packages\\selenium\\webdriver\\remote\\webdriver.py:447: in execute\n    self.error_handler.check_response(response)\n_ _ _ _ _ _ _ _ _ _ _ _ _ _ _ _ _ _ _ _ _ _ _ _ _ _ _ _ _ _ _ _ _ _ _ _ _ _ _ _ _ _ _ _ _ _ _ _ _ _ _ _ _ _ _ _ _ _ _ _ _ _ _ _ _ _ _ _ _ _ _ _ _ _ _ _ _ _ _ _ _ _ _ _ _ _ _ _ _ _ _ _ _ _ _ _ _ _ _ _ _ _ _ _ _ _ _ _ _ _ _ _ _ _ _ _\n\nself = <selenium.webdriver.remote.errorhandler.ErrorHandler object at 0x000001E1A64AB280>\nresponse = {'status': 404, 'value': '{\"value\":{\"error\":\"no such element\",\"message\":\"no such element: Unable to locate element: {\\...ff62e7264d8+10728]\\\\n\\\\tBaseThreadInitThunk [0x0x7ff90e507374+20]\\\\n\\\\tRtlUserThreadStart [0x0x7ff91019cc91+33]\\\\n\"}}'}\n\n    def check_response(self, response: Dict[str, Any]) -> None:\n        \"\"\"Checks that a JSON response from the WebDriver does not have an\n        error.\n    \n        :Args:\n         - response - The JSON response from the WebDriver server as a dictionary\n           object.\n    \n        :Raises: If the response contains an error message.\n        \"\"\"\n        status = response.get(\"status\", None)\n        if not status or status == ErrorCode.SUCCESS:\n            return\n        value = None\n        message = response.get(\"message\", \"\")\n        screen: str = response.get(\"screen\", \"\")\n        stacktrace = None\n        if isinstance(status, int):\n            value_json = response.get(\"value\", None)\n            if value_json and isinstance(value_json, str):\n                import json\n    \n                try:\n                    value = json.loads(value_json)\n                    if len(value) == 1:\n                        value = value[\"value\"]\n                    status = value.get(\"error\", None)\n                    if not status:\n                        status = value.get(\"status\", ErrorCode.UNKNOWN_ERROR)\n                        message = value.get(\"value\") or value.get(\"message\")\n                        if not isinstance(message, str):\n                            value = message\n                            message = message.get(\"message\")\n                    else:\n                        message = value.get(\"message\", None)\n                except ValueError:\n                    pass\n    \n        exception_class: Type[WebDriverException]\n        e = ErrorCode()\n        error_codes = [item for item in dir(e) if not item.startswith(\"__\")]\n        for error_code in error_codes:\n            error_info = getattr(ErrorCode, error_code)\n            if isinstance(error_info, list) and status in error_info:\n                exception_class = getattr(ExceptionMapping, error_code, WebDriverException)\n                break\n        else:\n            exception_class = WebDriverException\n    \n        if not value:\n            value = response[\"value\"]\n        if isinstance(value, str):\n            raise exception_class(value)\n        if message == \"\" and \"message\" in value:\n            message = value[\"message\"]\n    \n        screen = None  # type: ignore[assignment]\n        if \"screen\" in value:\n            screen = value[\"screen\"]\n    \n        stacktrace = None\n        st_value = value.get(\"stackTrace\") or value.get(\"stacktrace\")\n        if st_value:\n            if isinstance(st_value, str):\n                stacktrace = st_value.split(\"\\n\")\n            else:\n                stacktrace = []\n                try:\n                    for frame in st_value:\n                        line = frame.get(\"lineNumber\", \"\")\n                        file = frame.get(\"fileName\", \"<anonymous>\")\n                        if line:\n                            file = f\"{file}:{line}\"\n                        meth = frame.get(\"methodName\", \"<anonymous>\")\n                        if \"className\" in frame:\n                            meth = f\"{frame['className']}.{meth}\"\n                        msg = \"    at %s (%s)\"\n                        msg = msg % (meth, file)\n                        stacktrace.append(msg)\n                except TypeError:\n                    pass\n        if exception_class == UnexpectedAlertPresentException:\n            alert_text = None\n            if \"data\" in value:\n                alert_text = value[\"data\"].get(\"text\")\n            elif \"alert\" in value:\n                alert_text = value[\"alert\"].get(\"text\")\n            raise exception_class(message, screen, stacktrace, alert_text)  # type: ignore[call-arg]  # mypy is not smart enough here\n>       raise exception_class(message, screen, stacktrace)\nE       selenium.common.exceptions.NoSuchElementException: Message: no such element: Unable to locate element: {\"method\":\"xpath\",\"selector\":\"./td[6]/div/span\"}\nE         (Session info: chrome=137.0.7151.69); For documentation on this error, please visit: https://www.selenium.dev/documentation/webdriver/troubleshooting/errors#no-such-element-exception\nE       Stacktrace:\nE       \tGetHandleVerifier [0x0x7ff62e736f65+78965]\nE       \tGetHandleVerifier [0x0x7ff62e736fc0+79056]\nE       \t(No symbol) [0x0x7ff62e4c9dda]\nE       \t(No symbol) [0x0x7ff62e5202ea]\nE       \t(No symbol) [0x0x7ff62e52059c]\nE       \t(No symbol) [0x0x7ff62e512c8c]\nE       \t(No symbol) [0x0x7ff62e5486af]\nE       \t(No symbol) [0x0x7ff62e512b56]\nE       \t(No symbol) [0x0x7ff62e548880]\nE       \t(No symbol) [0x0x7ff62e570dbe]\nE       \t(No symbol) [0x0x7ff62e548443]\nE       \t(No symbol) [0x0x7ff62e511311]\nE       \t(No symbol) [0x0x7ff62e5120a3]\nE       \tGetHandleVerifier [0x0x7ff62e9ee26d+2926461]\nE       \tGetHandleVerifier [0x0x7ff62e9e8993+2903715]\nE       \tGetHandleVerifier [0x0x7ff62ea06aed+3026941]\nE       \tGetHandleVerifier [0x0x7ff62e7516fe+187406]\nE       \tGetHandleVerifier [0x0x7ff62e7596ef+220159]\nE       \tGetHandleVerifier [0x0x7ff62e73faf4+114692]\nE       \tGetHandleVerifier [0x0x7ff62e73fca9+115129]\nE       \tGetHandleVerifier [0x0x7ff62e7264d8+10728]\nE       \tBaseThreadInitThunk [0x0x7ff90e507374+20]\nE       \tRtlUserThreadStart [0x0x7ff91019cc91+33]\n\nmyenv\\lib\\site-packages\\selenium\\webdriver\\remote\\errorhandler.py:232: NoSuchElementException","flaky":false,"newFailed":false,"newBroken":false,"newPassed":false,"retriesCount":0,"retriesStatusChange":false,"beforeStages":[{"name":"login_to_affairs","time":{"start":1768418583803,"stop":1768418599215,"duration":15412},"status":"passed","steps":[],"attachments":[],"parameters":[],"attachmentStep":false,"hasContent":false,"stepsCount":0,"shouldDisplayMessage":false,"attachmentsCount":0}],"testStage":{"status":"broken","statusMessage":"selenium.common.exceptions.NoSuchElementException: Message: no such element: Unable to locate element: {\"method\":\"xpath\",\"selector\":\"./td[6]/div/span\"}\n  (Session info: chrome=137.0.7151.69); For documentation on this error, please visit: https://www.selenium.dev/documentation/webdriver/troubleshooting/errors#no-such-element-exception\nStacktrace:\n\tGetHandleVerifier [0x0x7ff62e736f65+78965]\n\tGetHandleVerifier [0x0x7ff62e736fc0+79056]\n\t(No symbol) [0x0x7ff62e4c9dda]\n\t(No symbol) [0x0x7ff62e5202ea]\n\t(No symbol) [0x0x7ff62e52059c]\n\t(No symbol) [0x0x7ff62e512c8c]\n\t(No symbol) [0x0x7ff62e5486af]\n\t(No symbol) [0x0x7ff62e512b56]\n\t(No symbol) [0x0x7ff62e548880]\n\t(No symbol) [0x0x7ff62e570dbe]\n\t(No symbol) [0x0x7ff62e548443]\n\t(No symbol) [0x0x7ff62e511311]\n\t(No symbol) [0x0x7ff62e5120a3]\n\tGetHandleVerifier [0x0x7ff62e9ee26d+2926461]\n\tGetHandleVerifier [0x0x7ff62e9e8993+2903715]\n\tGetHandleVerifier [0x0x7ff62ea06aed+3026941]\n\tGetHandleVerifier [0x0x7ff62e7516fe+187406]\n\tGetHandleVerifier [0x0x7ff62e7596ef+220159]\n\tGetHandleVerifier [0x0x7ff62e73faf4+114692]\n\tGetHandleVerifier [0x0x7ff62e73fca9+115129]\n\tGetHandleVerifier [0x0x7ff62e7264d8+10728]\n\tBaseThreadInitThunk [0x0x7ff90e507374+20]\n\tRtlUserThreadStart [0x0x7ff91019cc91+33]","statusTrace":"self = <test_system.test_affairs.TestAffairsPage object at 0x000001E1A6690BB0>, login_to_affairs = <selenium.webdriver.chrome.webdriver.WebDriver (session=\"8dd42b6dc705c4168bd7acebcdf17549\")>\n\n    @allure.story(\"我的流程-是否启动查询为开启\")\n    # @pytest.mark.run(order=1)\n    def test_affairs_process_select2(self, login_to_affairs):\n        driver = login_to_affairs  # WebDriver 实例\n        affairs = AffairsPage(driver)  # 用 driver 初始化 AffairsPage\n        enable = \"开启\"\n        sleep(1)\n        affairs.click_process()\n        affairs.select_all(enable=enable)\n        # 获取表格中所有行\n        rows = WebDriverWait(driver, 10).until(\n            EC.presence_of_all_elements_located(\n                (By.XPATH, '(//table[@class=\"el-table__body\"])[1]//tr')\n            )\n        )\n        # 逐行检查（发现第一个失败立即终止）\n        for index, row in enumerate(rows, start=1):\n>           div_class = row.find_element(\n                By.XPATH,\n                './td[6]/div/span'\n            ).get_attribute(\"class\")\n\nTests\\test_system\\test_affairs.py:1009: \n_ _ _ _ _ _ _ _ _ _ _ _ _ _ _ _ _ _ _ _ _ _ _ _ _ _ _ _ _ _ _ _ _ _ _ _ _ _ _ _ _ _ _ _ _ _ _ _ _ _ _ _ _ _ _ _ _ _ _ _ _ _ _ _ _ _ _ _ _ _ _ _ _ _ _ _ _ _ _ _ _ _ _ _ _ _ _ _ _ _ _ _ _ _ _ _ _ _ _ _ _ _ _ _ _ _ _ _ _ _ _ _ _ _ _ _\nmyenv\\lib\\site-packages\\selenium\\webdriver\\remote\\webelement.py:603: in find_element\n    return self._execute(Command.FIND_CHILD_ELEMENT, {\"using\": by, \"value\": value})[\"value\"]\nmyenv\\lib\\site-packages\\selenium\\webdriver\\remote\\webelement.py:574: in _execute\n    return self._parent.execute(command, params)\nmyenv\\lib\\site-packages\\selenium\\webdriver\\remote\\webdriver.py:447: in execute\n    self.error_handler.check_response(response)\n_ _ _ _ _ _ _ _ _ _ _ _ _ _ _ _ _ _ _ _ _ _ _ _ _ _ _ _ _ _ _ _ _ _ _ _ _ _ _ _ _ _ _ _ _ _ _ _ _ _ _ _ _ _ _ _ _ _ _ _ _ _ _ _ _ _ _ _ _ _ _ _ _ _ _ _ _ _ _ _ _ _ _ _ _ _ _ _ _ _ _ _ _ _ _ _ _ _ _ _ _ _ _ _ _ _ _ _ _ _ _ _ _ _ _ _\n\nself = <selenium.webdriver.remote.errorhandler.ErrorHandler object at 0x000001E1A64AB280>\nresponse = {'status': 404, 'value': '{\"value\":{\"error\":\"no such element\",\"message\":\"no such element: Unable to locate element: {\\...ff62e7264d8+10728]\\\\n\\\\tBaseThreadInitThunk [0x0x7ff90e507374+20]\\\\n\\\\tRtlUserThreadStart [0x0x7ff91019cc91+33]\\\\n\"}}'}\n\n    def check_response(self, response: Dict[str, Any]) -> None:\n        \"\"\"Checks that a JSON response from the WebDriver does not have an\n        error.\n    \n        :Args:\n         - response - The JSON response from the WebDriver server as a dictionary\n           object.\n    \n        :Raises: If the response contains an error message.\n        \"\"\"\n        status = response.get(\"status\", None)\n        if not status or status == ErrorCode.SUCCESS:\n            return\n        value = None\n        message = response.get(\"message\", \"\")\n        screen: str = response.get(\"screen\", \"\")\n        stacktrace = None\n        if isinstance(status, int):\n            value_json = response.get(\"value\", None)\n            if value_json and isinstance(value_json, str):\n                import json\n    \n                try:\n                    value = json.loads(value_json)\n                    if len(value) == 1:\n                        value = value[\"value\"]\n                    status = value.get(\"error\", None)\n                    if not status:\n                        status = value.get(\"status\", ErrorCode.UNKNOWN_ERROR)\n                        message = value.get(\"value\") or value.get(\"message\")\n                        if not isinstance(message, str):\n                            value = message\n                            message = message.get(\"message\")\n                    else:\n                        message = value.get(\"message\", None)\n                except ValueError:\n                    pass\n    \n        exception_class: Type[WebDriverException]\n        e = ErrorCode()\n        error_codes = [item for item in dir(e) if not item.startswith(\"__\")]\n        for error_code in error_codes:\n            error_info = getattr(ErrorCode, error_code)\n            if isinstance(error_info, list) and status in error_info:\n                exception_class = getattr(ExceptionMapping, error_code, WebDriverException)\n                break\n        else:\n            exception_class = WebDriverException\n    \n        if not value:\n            value = response[\"value\"]\n        if isinstance(value, str):\n            raise exception_class(value)\n        if message == \"\" and \"message\" in value:\n            message = value[\"message\"]\n    \n        screen = None  # type: ignore[assignment]\n        if \"screen\" in value:\n            screen = value[\"screen\"]\n    \n        stacktrace = None\n        st_value = value.get(\"stackTrace\") or value.get(\"stacktrace\")\n        if st_value:\n            if isinstance(st_value, str):\n                stacktrace = st_value.split(\"\\n\")\n            else:\n                stacktrace = []\n                try:\n                    for frame in st_value:\n                        line = frame.get(\"lineNumber\", \"\")\n                        file = frame.get(\"fileName\", \"<anonymous>\")\n                        if line:\n                            file = f\"{file}:{line}\"\n                        meth = frame.get(\"methodName\", \"<anonymous>\")\n                        if \"className\" in frame:\n                            meth = f\"{frame['className']}.{meth}\"\n                        msg = \"    at %s (%s)\"\n                        msg = msg % (meth, file)\n                        stacktrace.append(msg)\n                except TypeError:\n                    pass\n        if exception_class == UnexpectedAlertPresentException:\n            alert_text = None\n            if \"data\" in value:\n                alert_text = value[\"data\"].get(\"text\")\n            elif \"alert\" in value:\n                alert_text = value[\"alert\"].get(\"text\")\n            raise exception_class(message, screen, stacktrace, alert_text)  # type: ignore[call-arg]  # mypy is not smart enough here\n>       raise exception_class(message, screen, stacktrace)\nE       selenium.common.exceptions.NoSuchElementException: Message: no such element: Unable to locate element: {\"method\":\"xpath\",\"selector\":\"./td[6]/div/span\"}\nE         (Session info: chrome=137.0.7151.69); For documentation on this error, please visit: https://www.selenium.dev/documentation/webdriver/troubleshooting/errors#no-such-element-exception\nE       Stacktrace:\nE       \tGetHandleVerifier [0x0x7ff62e736f65+78965]\nE       \tGetHandleVerifier [0x0x7ff62e736fc0+79056]\nE       \t(No symbol) [0x0x7ff62e4c9dda]\nE       \t(No symbol) [0x0x7ff62e5202ea]\nE       \t(No symbol) [0x0x7ff62e52059c]\nE       \t(No symbol) [0x0x7ff62e512c8c]\nE       \t(No symbol) [0x0x7ff62e5486af]\nE       \t(No symbol) [0x0x7ff62e512b56]\nE       \t(No symbol) [0x0x7ff62e548880]\nE       \t(No symbol) [0x0x7ff62e570dbe]\nE       \t(No symbol) [0x0x7ff62e548443]\nE       \t(No symbol) [0x0x7ff62e511311]\nE       \t(No symbol) [0x0x7ff62e5120a3]\nE       \tGetHandleVerifier [0x0x7ff62e9ee26d+2926461]\nE       \tGetHandleVerifier [0x0x7ff62e9e8993+2903715]\nE       \tGetHandleVerifier [0x0x7ff62ea06aed+3026941]\nE       \tGetHandleVerifier [0x0x7ff62e7516fe+187406]\nE       \tGetHandleVerifier [0x0x7ff62e7596ef+220159]\nE       \tGetHandleVerifier [0x0x7ff62e73faf4+114692]\nE       \tGetHandleVerifier [0x0x7ff62e73fca9+115129]\nE       \tGetHandleVerifier [0x0x7ff62e7264d8+10728]\nE       \tBaseThreadInitThunk [0x0x7ff90e507374+20]\nE       \tRtlUserThreadStart [0x0x7ff91019cc91+33]\n\nmyenv\\lib\\site-packages\\selenium\\webdriver\\remote\\errorhandler.py:232: NoSuchElementException","steps":[],"attachments":[{"uid":"c3268964d5d48e32","name":"test_affairs_process_select2_20260115_032326","source":"c3268964d5d48e32.png","type":"image/png","size":109625},{"uid":"1f236e222befd333","name":"test_affairs_process_select2_20260115_032326","source":"1f236e222befd333.png","type":"image/png","size":110052},{"uid":"9bdc68cb0e9ac88f","name":"test_affairs_process_select2_20260115_032326","source":"9bdc68cb0e9ac88f.png","type":"image/png","size":125576},{"uid":"9ce9a149431a5e1b","name":"log","source":"9ce9a149431a5e1b.txt","type":"text/plain","size":1815}],"parameters":[],"attachmentStep":false,"hasContent":true,"stepsCount":0,"shouldDisplayMessage":true,"attachmentsCount":4},"afterStages":[{"name":"login_to_affairs::0","time":{"start":1768418606601,"stop":1768418608766,"duration":2165},"status":"passed","steps":[],"attachments":[],"parameters":[],"attachmentStep":false,"hasContent":false,"stepsCount":0,"shouldDisplayMessage":false,"attachmentsCount":0}],"labels":[{"name":"feature","value":"事务管理页用例"},{"name":"story","value":"我的流程-是否启动查询为开启"},{"name":"parentSuite","value":"Tests.test_system"},{"name":"suite","value":"test_affairs"},{"name":"subSuite","value":"TestAffairsPage"},{"name":"host","value":"WIN-20240820MJV"},{"name":"thread","value":"6652-MainThread"},{"name":"framework","value":"pytest"},{"name":"language","value":"cpython3"},{"name":"package","value":"Tests.test_system.test_affairs"},{"name":"resultFormat","value":"allure2"}],"parameters":[],"links":[],"hidden":true,"retry":true,"extra":{"categories":[],"tags":[]},"source":"4628916f261cce7c.json","parameterValues":[]}