{"uid":"46e04701bd308727","name":"test_environment_cycle_numinput2","fullName":"Tests.test_system.test_environment.TestEnvironmentPage#test_environment_cycle_numinput2","historyId":"b29780f2abb21e675f30e89a0bef0279","time":{"start":1761769360836,"stop":1761769381782,"duration":20946},"status":"failed","statusMessage":"AssertionError: assert (False)\n +  where False = all(<generator object TestEnvironmentPage.test_environment_cycle_numinput2.<locals>.<genexpr> at 0x0000018AD3E755B0>)","statusTrace":"self = <test_system.test_environment.TestEnvironmentPage object at 0x0000018AD2662410>, login_to_environment = <selenium.webdriver.chrome.webdriver.WebDriver (session=\"2030495b0f3c7c15fc096c4103d7a7d1\")>\n\n    @allure.story(\"周期页面-校验所有数字输入框-超过最大值为99999999999\")\n    # @pytest.mark.run(order=1)\n    def test_environment_cycle_numinput2(self, login_to_environment):\n        driver = login_to_environment  # WebDriver 实例\n        environment = EnvironmentPage(driver)  # 用 driver 初始化 EnvironmentPage\n        environment.click_cycle()\n        value = \"11111111111111111111111111\"\n        xpth_list = [\n            '//div[label[text()=\"分派开始时间:\"]]//input',\n            '//div[label[text()=\"分派结束时间:\"]]//input',\n            '//div[label[text()=\"生产指令结束时间:\"]]//input',\n            '//div[label[text()=\"显示开始时间:\"]]//input',\n            '//div[label[text()=\"显示结束时间:\"]]//input',\n        ]\n        environment.batch_modify_input(xpth_list, value)\n        before_value = environment.batch_acquisition_input(xpth_list)\n        environment.click_save_button()\n        message = environment.get_find_message()\n        environment.right_refresh()\n        environment.click_cycle()\n        after_value = environment.batch_acquisition_input(xpth_list)\n        num_ = \"99999999999\"\n>       assert all(num_ == v for v in after_value) and message == \"保存成功\"\nE       assert (False)\nE        +  where False = all(<generator object TestEnvironmentPage.test_environment_cycle_numinput2.<locals>.<genexpr> at 0x0000018AD3E755B0>)\n\nTests\\test_system\\test_environment.py:192: AssertionError","flaky":false,"newFailed":false,"newBroken":false,"newPassed":false,"retriesCount":0,"retriesStatusChange":false,"beforeStages":[{"name":"login_to_environment","time":{"start":1761769338842,"stop":1761769360833,"duration":21991},"status":"passed","steps":[],"attachments":[],"parameters":[],"stepsCount":0,"attachmentStep":false,"hasContent":false,"shouldDisplayMessage":false,"attachmentsCount":0}],"testStage":{"status":"failed","statusMessage":"AssertionError: assert (False)\n +  where False = all(<generator object TestEnvironmentPage.test_environment_cycle_numinput2.<locals>.<genexpr> at 0x0000018AD3E755B0>)","statusTrace":"self = <test_system.test_environment.TestEnvironmentPage object at 0x0000018AD2662410>, login_to_environment = <selenium.webdriver.chrome.webdriver.WebDriver (session=\"2030495b0f3c7c15fc096c4103d7a7d1\")>\n\n    @allure.story(\"周期页面-校验所有数字输入框-超过最大值为99999999999\")\n    # @pytest.mark.run(order=1)\n    def test_environment_cycle_numinput2(self, login_to_environment):\n        driver = login_to_environment  # WebDriver 实例\n        environment = EnvironmentPage(driver)  # 用 driver 初始化 EnvironmentPage\n        environment.click_cycle()\n        value = \"11111111111111111111111111\"\n        xpth_list = [\n            '//div[label[text()=\"分派开始时间:\"]]//input',\n            '//div[label[text()=\"分派结束时间:\"]]//input',\n            '//div[label[text()=\"生产指令结束时间:\"]]//input',\n            '//div[label[text()=\"显示开始时间:\"]]//input',\n            '//div[label[text()=\"显示结束时间:\"]]//input',\n        ]\n        environment.batch_modify_input(xpth_list, value)\n        before_value = environment.batch_acquisition_input(xpth_list)\n        environment.click_save_button()\n        message = environment.get_find_message()\n        environment.right_refresh()\n        environment.click_cycle()\n        after_value = environment.batch_acquisition_input(xpth_list)\n        num_ = \"99999999999\"\n>       assert all(num_ == v for v in after_value) and message == \"保存成功\"\nE       assert (False)\nE        +  where False = all(<generator object TestEnvironmentPage.test_environment_cycle_numinput2.<locals>.<genexpr> at 0x0000018AD3E755B0>)\n\nTests\\test_system\\test_environment.py:192: AssertionError","steps":[],"attachments":[{"uid":"66e2162143a13d09","name":"test_environment_cycle_numinput2_failure","source":"66e2162143a13d09.png","type":"image/png","size":67106},{"uid":"e54d5169612960ee","name":"test_environment_cycle_numinput2_source","source":"e54d5169612960ee.html","type":"text/html","size":1116940},{"uid":"2e0294996eb5ac18","name":"log","source":"2e0294996eb5ac18.txt","type":"text/plain","size":2989}],"parameters":[],"stepsCount":0,"attachmentStep":false,"hasContent":true,"shouldDisplayMessage":true,"attachmentsCount":3},"afterStages":[{"name":"login_to_environment::0","time":{"start":1761769382541,"stop":1761769385325,"duration":2784},"status":"passed","steps":[],"attachments":[],"parameters":[],"stepsCount":0,"attachmentStep":false,"hasContent":false,"shouldDisplayMessage":false,"attachmentsCount":0}],"labels":[{"name":"story","value":"周期页面-校验所有数字输入框-超过最大值为99999999999"},{"name":"feature","value":"环境设置页用例"},{"name":"parentSuite","value":"Tests.test_system"},{"name":"suite","value":"test_environment"},{"name":"subSuite","value":"TestEnvironmentPage"},{"name":"host","value":"WIN-20240820MJV"},{"name":"thread","value":"2848-MainThread"},{"name":"framework","value":"pytest"},{"name":"language","value":"cpython3"},{"name":"package","value":"Tests.test_system.test_environment"},{"name":"resultFormat","value":"allure2"}],"parameters":[],"links":[],"hidden":true,"retry":true,"extra":{"categories":[],"tags":[]},"source":"46e04701bd308727.json","parameterValues":[]}