{"uid":"4973823b4f8745ab","name":"test_user_t3","fullName":"Tests.test_system.test_userRole.TestUserRolePage#test_user_t3","historyId":"e5afc6fdd78257e72d785bbdb8aff689","time":{"start":1761852006913,"stop":1761852022053,"duration":15140},"status":"failed","statusMessage":"AssertionError: assert ('\\u4fdd\\u5b58\\u6210\\u529f' == '\\u4fdd\\u5b58\\u6210\\u529f'\n  \n  \u001B[0m\u001B[90m \u001B[39;49;00m 保存成功\u001B[90m\u001B[39;49;00m and 1 == 0)\n +  where 0 = len([])","statusTrace":"self = <test_system.test_userRole.TestUserRolePage object at 0x0000021E16EDA470>, login_to_userrole = <selenium.webdriver.chrome.webdriver.WebDriver (session=\"66747c038f42c5b1839d36ec2dec7f71\")>\n\n    @allure.story(\"设置用户禁用成功\")\n    # @pytest.mark.run(order=1)\n    def test_user_t3(self, login_to_userrole):\n        driver = login_to_userrole  # WebDriver 实例\n        user = UserRolePage(driver)  # 用 driver 初始化 UserRolePage\n        page = LoginPage(driver)\n        name = '1user2'\n        password = 'Qw123456'\n        user.select_input(name)\n        sleep(1)\n        user.click_button(f'//table[@class=\"vxe-table--body\"]//tr/td[2]//span[text()=\"{name}\"]')\n        sleep(1)\n        user.click_all_button(\"编辑\")\n        sleep(1)\n        sy = user.get_find_element_xpath('//div[label[text()=\"是否锁定\"]]/div//span').get_attribute(\"class\")\n        if sy == 'ivu-checkbox ivu-checkbox-checked':\n            user.click_button('//div[label[text()=\"是否锁定\"]]/div//span')\n        user.click_button('//div[label[text()=\"是否禁用\"]]/div//span')\n        user.click_all_button(\"保存\")\n        sleep(1)\n        message = user.get_find_message()\n    \n        user.click_button('//div[@class=\"flex-alignItems-center\"]')\n        user.click_button('//ul/li/div[text()=\" 注销 \"]')\n        page.login(name, password, '1测试计划单元小日程')\n        ele_err = user.finds_elements(By.XPATH, f'//div[@class=\"ivu-modal-body\"]//div[text()=\" 用户已禁用 \"]')\n>       assert message == \"保存成功\" and 1 == len(ele_err)\nE       AssertionError: assert ('\\u4fdd\\u5b58\\u6210\\u529f' == '\\u4fdd\\u5b58\\u6210\\u529f'\nE         \nE         \u001B[0m\u001B[90m \u001B[39;49;00m 保存成功\u001B[90m\u001B[39;49;00m and 1 == 0)\nE        +  where 0 = len([])\n\nTests\\test_system\\test_userRole.py:517: AssertionError","flaky":false,"newFailed":false,"newBroken":false,"newPassed":false,"retriesCount":1,"retriesStatusChange":false,"beforeStages":[{"name":"login_to_userrole","time":{"start":1761851993177,"stop":1761852006913,"duration":13736},"status":"passed","steps":[],"attachments":[],"parameters":[],"hasContent":false,"attachmentStep":false,"stepsCount":0,"shouldDisplayMessage":false,"attachmentsCount":0}],"testStage":{"status":"failed","statusMessage":"AssertionError: assert ('\\u4fdd\\u5b58\\u6210\\u529f' == '\\u4fdd\\u5b58\\u6210\\u529f'\n  \n  \u001B[0m\u001B[90m \u001B[39;49;00m 保存成功\u001B[90m\u001B[39;49;00m and 1 == 0)\n +  where 0 = len([])","statusTrace":"self = <test_system.test_userRole.TestUserRolePage object at 0x0000021E16EDA470>, login_to_userrole = <selenium.webdriver.chrome.webdriver.WebDriver (session=\"66747c038f42c5b1839d36ec2dec7f71\")>\n\n    @allure.story(\"设置用户禁用成功\")\n    # @pytest.mark.run(order=1)\n    def test_user_t3(self, login_to_userrole):\n        driver = login_to_userrole  # WebDriver 实例\n        user = UserRolePage(driver)  # 用 driver 初始化 UserRolePage\n        page = LoginPage(driver)\n        name = '1user2'\n        password = 'Qw123456'\n        user.select_input(name)\n        sleep(1)\n        user.click_button(f'//table[@class=\"vxe-table--body\"]//tr/td[2]//span[text()=\"{name}\"]')\n        sleep(1)\n        user.click_all_button(\"编辑\")\n        sleep(1)\n        sy = user.get_find_element_xpath('//div[label[text()=\"是否锁定\"]]/div//span').get_attribute(\"class\")\n        if sy == 'ivu-checkbox ivu-checkbox-checked':\n            user.click_button('//div[label[text()=\"是否锁定\"]]/div//span')\n        user.click_button('//div[label[text()=\"是否禁用\"]]/div//span')\n        user.click_all_button(\"保存\")\n        sleep(1)\n        message = user.get_find_message()\n    \n        user.click_button('//div[@class=\"flex-alignItems-center\"]')\n        user.click_button('//ul/li/div[text()=\" 注销 \"]')\n        page.login(name, password, '1测试计划单元小日程')\n        ele_err = user.finds_elements(By.XPATH, f'//div[@class=\"ivu-modal-body\"]//div[text()=\" 用户已禁用 \"]')\n>       assert message == \"保存成功\" and 1 == len(ele_err)\nE       AssertionError: assert ('\\u4fdd\\u5b58\\u6210\\u529f' == '\\u4fdd\\u5b58\\u6210\\u529f'\nE         \nE         \u001B[0m\u001B[90m \u001B[39;49;00m 保存成功\u001B[90m\u001B[39;49;00m and 1 == 0)\nE        +  where 0 = len([])\n\nTests\\test_system\\test_userRole.py:517: AssertionError","steps":[],"attachments":[{"uid":"20c7ef389ad51dc7","name":"test_user_t3_failure","source":"20c7ef389ad51dc7.png","type":"image/png","size":468103},{"uid":"3622d873f32fccc3","name":"test_user_t3_source","source":"3622d873f32fccc3.html","type":"text/html","size":813612},{"uid":"191b5601b3c15c32","name":"log","source":"191b5601b3c15c32.txt","type":"text/plain","size":6141}],"parameters":[],"hasContent":true,"attachmentStep":false,"stepsCount":0,"shouldDisplayMessage":true,"attachmentsCount":3},"afterStages":[{"name":"login_to_userrole::0","time":{"start":1761852022256,"stop":1761852024434,"duration":2178},"status":"passed","steps":[],"attachments":[],"parameters":[],"hasContent":false,"attachmentStep":false,"stepsCount":0,"shouldDisplayMessage":false,"attachmentsCount":0}],"labels":[{"name":"feature","value":"用户权限管理页用例"},{"name":"story","value":"设置用户禁用成功"},{"name":"parentSuite","value":"Tests.test_system"},{"name":"suite","value":"test_userRole"},{"name":"subSuite","value":"TestUserRolePage"},{"name":"host","value":"WIN-20240820MJV"},{"name":"thread","value":"23908-MainThread"},{"name":"framework","value":"pytest"},{"name":"language","value":"cpython3"},{"name":"package","value":"Tests.test_system.test_userRole"},{"name":"resultFormat","value":"allure2"}],"parameters":[],"links":[],"hidden":false,"retry":false,"extra":{"severity":"normal","retries":[{"uid":"689c6c33cfaa31d0","status":"failed","statusDetails":"AssertionError: assert ('\\u4fdd\\u5b58\\u6210\\u529f' == '\\u4fdd\\u5b58\\u6210\\u529f'\n  \n  \u001B[0m\u001B[90m \u001B[39;49;00m 保存成功\u001B[90m\u001B[39;49;00m and 1 == 0)\n +  where 0 = len([])","time":{"start":1761851977731,"stop":1761851990823,"duration":13092}}],"categories":[{"name":"Product defects","matchedStatuses":[]}],"tags":[]},"source":"4973823b4f8745ab.json","parameterValues":[]}