{"uid":"4aa7e3e22e8570d9","name":"test_affairs_template_updattype","fullName":"Tests.test_system.test_affairs.TestAffairsPage#test_affairs_template_updattype","historyId":"b24c55640d049dc2713493a06bbc82a3","time":{"start":1761770926950,"stop":1761770944978,"duration":18028},"status":"broken","statusMessage":"selenium.common.exceptions.TimeoutException: Message: \nStacktrace:\n\tGetHandleVerifier [0x0x7ff7c25b6f65+78965]\n\tGetHandleVerifier [0x0x7ff7c25b6fc0+79056]\n\t(No symbol) [0x0x7ff7c2349dda]\n\t(No symbol) [0x0x7ff7c23a02ea]\n\t(No symbol) [0x0x7ff7c23a059c]\n\t(No symbol) [0x0x7ff7c23f3f37]\n\t(No symbol) [0x0x7ff7c23c86af]\n\t(No symbol) [0x0x7ff7c23f0dbe]\n\t(No symbol) [0x0x7ff7c23c8443]\n\t(No symbol) [0x0x7ff7c2391311]\n\t(No symbol) [0x0x7ff7c23920a3]\n\tGetHandleVerifier [0x0x7ff7c286e26d+2926461]\n\tGetHandleVerifier [0x0x7ff7c2868993+2903715]\n\tGetHandleVerifier [0x0x7ff7c2886aed+3026941]\n\tGetHandleVerifier [0x0x7ff7c25d16fe+187406]\n\tGetHandleVerifier [0x0x7ff7c25d96ef+220159]\n\tGetHandleVerifier [0x0x7ff7c25bfaf4+114692]\n\tGetHandleVerifier [0x0x7ff7c25bfca9+115129]\n\tGetHandleVerifier [0x0x7ff7c25a64d8+10728]\n\tBaseThreadInitThunk [0x0x7ff832417374+20]\n\tRtlUserThreadStart [0x0x7ff833d3cc91+33]","statusTrace":"self = <test_system.test_affairs.TestAffairsPage object at 0x0000018AD20EACE0>, login_to_affairs = <selenium.webdriver.chrome.webdriver.WebDriver (session=\"4f1185c5cf913c2880ba844a923b69da\")>\n\n    @allure.story(\"事务模版-切换事务类型，配置参数刷新\")\n    # @pytest.mark.run(order=1)\n    def test_affairs_template_updattype(self, login_to_affairs):\n        driver = login_to_affairs  # WebDriver 实例\n        affairs = AffairsPage(driver)  # 用 driver 初始化 AffairsPage\n        name = \"测试事务模版7\"\n        type = \"接口\"\n        affairs.hover(name=name, edi=\"编辑\")\n        affairs.click_button('//div[label[text()=\"事务类型\"]]//input')\n        affairs.click_button(f'//span[text()=\"{type}\"]')\n        affairs.click_button('//div[@class=\"ivu-modal-confirm-footer\"]//span[text()=\"取消\"]')\n        sleep(1)\n        type_ = affairs.get_find_element_xpath('//div[label[text()=\"事务类型\"]]//input').get_attribute(\"value\")\n        sleep(2)\n        before_parameter = affairs.get_find_element_xpath('//div[label[text()=\"配置参数\"]]//input').get_attribute(\n            \"value\")\n        affairs.click_button(\n            '(//div[@class=\"h-40px flex-justify-end flex-align-items-end b-t-s-d9e3f3\"])[1]//span[text()=\"确定\"]')\n>       ele = affairs.get_find_element_xpath(f'//div[label[text()=\"配置参数\"]]//div[@class=\"el-form-item__error\"]').text\n\nTests\\test_system\\test_affairs.py:503: \n_ _ _ _ _ _ _ _ _ _ _ _ _ _ _ _ _ _ _ _ _ _ _ _ _ _ _ _ _ _ _ _ _ _ _ _ _ _ _ _ _ _ _ _ _ _ _ _ _ _ _ _ _ _ _ _ _ _ _ _ _ _ _ _ _ _ _ _ _ _ _ _ _ _ _ _ _ _ _ _ _ _ _ _ _ _ _ _ _ _ _ _ _ _ _ _ _ _ _ _ _ _ _ _ _ _ _ _ _ _ _ _ _ _ _ _\nPages\\systemPage\\affairs_page.py:28: in get_find_element_xpath\n    return self.find_element(By.XPATH, xpath)\nPages\\base_page.py:28: in find_element\n    return WebDriverWait(self.driver, wait_time).until(\n_ _ _ _ _ _ _ _ _ _ _ _ _ _ _ _ _ _ _ _ _ _ _ _ _ _ _ _ _ _ _ _ _ _ _ _ _ _ _ _ _ _ _ _ _ _ _ _ _ _ _ _ _ _ _ _ _ _ _ _ _ _ _ _ _ _ _ _ _ _ _ _ _ _ _ _ _ _ _ _ _ _ _ _ _ _ _ _ _ _ _ _ _ _ _ _ _ _ _ _ _ _ _ _ _ _ _ _ _ _ _ _ _ _ _ _\n\nself = <selenium.webdriver.support.wait.WebDriverWait (session=\"4f1185c5cf913c2880ba844a923b69da\")>, method = <function presence_of_element_located.<locals>._predicate at 0x0000018AD40BDE10>, message = ''\n\n    def until(self, method: Callable[[D], Union[Literal[False], T]], message: str = \"\") -> T:\n        \"\"\"Wait until the method returns a value that is not False.\n    \n        Calls the method provided with the driver as an argument until the\n        return value does not evaluate to ``False``.\n    \n        Parameters:\n        -----------\n        method: callable(WebDriver)\n            - A callable object that takes a WebDriver instance as an argument.\n    \n        message: str\n            - Optional message for :exc:`TimeoutException`\n    \n        Return:\n        -------\n        object: T\n            - The result of the last call to `method`\n    \n        Raises:\n        -------\n        TimeoutException\n            - If 'method' does not return a truthy value within the WebDriverWait\n            object's timeout\n    \n        Example:\n        --------\n        >>> from selenium.webdriver.common.by import By\n        >>> from selenium.webdriver.support.ui import WebDriverWait\n        >>> from selenium.webdriver.support import expected_conditions as EC\n    \n        # Wait until an element is visible on the page\n        >>> wait = WebDriverWait(driver, 10)\n        >>> element = wait.until(EC.visibility_of_element_located((By.ID, \"exampleId\")))\n        >>> print(element.text)\n        \"\"\"\n        screen = None\n        stacktrace = None\n    \n        end_time = time.monotonic() + self._timeout\n        while True:\n            try:\n                value = method(self._driver)\n                if value:\n                    return value\n            except self._ignored_exceptions as exc:\n                screen = getattr(exc, \"screen\", None)\n                stacktrace = getattr(exc, \"stacktrace\", None)\n            if time.monotonic() > end_time:\n                break\n            time.sleep(self._poll)\n>       raise TimeoutException(message, screen, stacktrace)\nE       selenium.common.exceptions.TimeoutException: Message: \nE       Stacktrace:\nE       \tGetHandleVerifier [0x0x7ff7c25b6f65+78965]\nE       \tGetHandleVerifier [0x0x7ff7c25b6fc0+79056]\nE       \t(No symbol) [0x0x7ff7c2349dda]\nE       \t(No symbol) [0x0x7ff7c23a02ea]\nE       \t(No symbol) [0x0x7ff7c23a059c]\nE       \t(No symbol) [0x0x7ff7c23f3f37]\nE       \t(No symbol) [0x0x7ff7c23c86af]\nE       \t(No symbol) [0x0x7ff7c23f0dbe]\nE       \t(No symbol) [0x0x7ff7c23c8443]\nE       \t(No symbol) [0x0x7ff7c2391311]\nE       \t(No symbol) [0x0x7ff7c23920a3]\nE       \tGetHandleVerifier [0x0x7ff7c286e26d+2926461]\nE       \tGetHandleVerifier [0x0x7ff7c2868993+2903715]\nE       \tGetHandleVerifier [0x0x7ff7c2886aed+3026941]\nE       \tGetHandleVerifier [0x0x7ff7c25d16fe+187406]\nE       \tGetHandleVerifier [0x0x7ff7c25d96ef+220159]\nE       \tGetHandleVerifier [0x0x7ff7c25bfaf4+114692]\nE       \tGetHandleVerifier [0x0x7ff7c25bfca9+115129]\nE       \tGetHandleVerifier [0x0x7ff7c25a64d8+10728]\nE       \tBaseThreadInitThunk [0x0x7ff832417374+20]\nE       \tRtlUserThreadStart [0x0x7ff833d3cc91+33]\n\nmyenv\\lib\\site-packages\\selenium\\webdriver\\support\\wait.py:138: TimeoutException","flaky":false,"newFailed":false,"newBroken":false,"newPassed":false,"retriesCount":0,"retriesStatusChange":false,"beforeStages":[{"name":"login_to_affairs","time":{"start":1761770907960,"stop":1761770926946,"duration":18986},"status":"passed","steps":[],"attachments":[],"parameters":[],"stepsCount":0,"attachmentStep":false,"hasContent":false,"shouldDisplayMessage":false,"attachmentsCount":0}],"testStage":{"status":"broken","statusMessage":"selenium.common.exceptions.TimeoutException: Message: \nStacktrace:\n\tGetHandleVerifier [0x0x7ff7c25b6f65+78965]\n\tGetHandleVerifier [0x0x7ff7c25b6fc0+79056]\n\t(No symbol) [0x0x7ff7c2349dda]\n\t(No symbol) [0x0x7ff7c23a02ea]\n\t(No symbol) [0x0x7ff7c23a059c]\n\t(No symbol) [0x0x7ff7c23f3f37]\n\t(No symbol) [0x0x7ff7c23c86af]\n\t(No symbol) [0x0x7ff7c23f0dbe]\n\t(No symbol) [0x0x7ff7c23c8443]\n\t(No symbol) [0x0x7ff7c2391311]\n\t(No symbol) [0x0x7ff7c23920a3]\n\tGetHandleVerifier [0x0x7ff7c286e26d+2926461]\n\tGetHandleVerifier [0x0x7ff7c2868993+2903715]\n\tGetHandleVerifier [0x0x7ff7c2886aed+3026941]\n\tGetHandleVerifier [0x0x7ff7c25d16fe+187406]\n\tGetHandleVerifier [0x0x7ff7c25d96ef+220159]\n\tGetHandleVerifier [0x0x7ff7c25bfaf4+114692]\n\tGetHandleVerifier [0x0x7ff7c25bfca9+115129]\n\tGetHandleVerifier [0x0x7ff7c25a64d8+10728]\n\tBaseThreadInitThunk [0x0x7ff832417374+20]\n\tRtlUserThreadStart [0x0x7ff833d3cc91+33]","statusTrace":"self = <test_system.test_affairs.TestAffairsPage object at 0x0000018AD20EACE0>, login_to_affairs = <selenium.webdriver.chrome.webdriver.WebDriver (session=\"4f1185c5cf913c2880ba844a923b69da\")>\n\n    @allure.story(\"事务模版-切换事务类型，配置参数刷新\")\n    # @pytest.mark.run(order=1)\n    def test_affairs_template_updattype(self, login_to_affairs):\n        driver = login_to_affairs  # WebDriver 实例\n        affairs = AffairsPage(driver)  # 用 driver 初始化 AffairsPage\n        name = \"测试事务模版7\"\n        type = \"接口\"\n        affairs.hover(name=name, edi=\"编辑\")\n        affairs.click_button('//div[label[text()=\"事务类型\"]]//input')\n        affairs.click_button(f'//span[text()=\"{type}\"]')\n        affairs.click_button('//div[@class=\"ivu-modal-confirm-footer\"]//span[text()=\"取消\"]')\n        sleep(1)\n        type_ = affairs.get_find_element_xpath('//div[label[text()=\"事务类型\"]]//input').get_attribute(\"value\")\n        sleep(2)\n        before_parameter = affairs.get_find_element_xpath('//div[label[text()=\"配置参数\"]]//input').get_attribute(\n            \"value\")\n        affairs.click_button(\n            '(//div[@class=\"h-40px flex-justify-end flex-align-items-end b-t-s-d9e3f3\"])[1]//span[text()=\"确定\"]')\n>       ele = affairs.get_find_element_xpath(f'//div[label[text()=\"配置参数\"]]//div[@class=\"el-form-item__error\"]').text\n\nTests\\test_system\\test_affairs.py:503: \n_ _ _ _ _ _ _ _ _ _ _ _ _ _ _ _ _ _ _ _ _ _ _ _ _ _ _ _ _ _ _ _ _ _ _ _ _ _ _ _ _ _ _ _ _ _ _ _ _ _ _ _ _ _ _ _ _ _ _ _ _ _ _ _ _ _ _ _ _ _ _ _ _ _ _ _ _ _ _ _ _ _ _ _ _ _ _ _ _ _ _ _ _ _ _ _ _ _ _ _ _ _ _ _ _ _ _ _ _ _ _ _ _ _ _ _\nPages\\systemPage\\affairs_page.py:28: in get_find_element_xpath\n    return self.find_element(By.XPATH, xpath)\nPages\\base_page.py:28: in find_element\n    return WebDriverWait(self.driver, wait_time).until(\n_ _ _ _ _ _ _ _ _ _ _ _ _ _ _ _ _ _ _ _ _ _ _ _ _ _ _ _ _ _ _ _ _ _ _ _ _ _ _ _ _ _ _ _ _ _ _ _ _ _ _ _ _ _ _ _ _ _ _ _ _ _ _ _ _ _ _ _ _ _ _ _ _ _ _ _ _ _ _ _ _ _ _ _ _ _ _ _ _ _ _ _ _ _ _ _ _ _ _ _ _ _ _ _ _ _ _ _ _ _ _ _ _ _ _ _\n\nself = <selenium.webdriver.support.wait.WebDriverWait (session=\"4f1185c5cf913c2880ba844a923b69da\")>, method = <function presence_of_element_located.<locals>._predicate at 0x0000018AD40BDE10>, message = ''\n\n    def until(self, method: Callable[[D], Union[Literal[False], T]], message: str = \"\") -> T:\n        \"\"\"Wait until the method returns a value that is not False.\n    \n        Calls the method provided with the driver as an argument until the\n        return value does not evaluate to ``False``.\n    \n        Parameters:\n        -----------\n        method: callable(WebDriver)\n            - A callable object that takes a WebDriver instance as an argument.\n    \n        message: str\n            - Optional message for :exc:`TimeoutException`\n    \n        Return:\n        -------\n        object: T\n            - The result of the last call to `method`\n    \n        Raises:\n        -------\n        TimeoutException\n            - If 'method' does not return a truthy value within the WebDriverWait\n            object's timeout\n    \n        Example:\n        --------\n        >>> from selenium.webdriver.common.by import By\n        >>> from selenium.webdriver.support.ui import WebDriverWait\n        >>> from selenium.webdriver.support import expected_conditions as EC\n    \n        # Wait until an element is visible on the page\n        >>> wait = WebDriverWait(driver, 10)\n        >>> element = wait.until(EC.visibility_of_element_located((By.ID, \"exampleId\")))\n        >>> print(element.text)\n        \"\"\"\n        screen = None\n        stacktrace = None\n    \n        end_time = time.monotonic() + self._timeout\n        while True:\n            try:\n                value = method(self._driver)\n                if value:\n                    return value\n            except self._ignored_exceptions as exc:\n                screen = getattr(exc, \"screen\", None)\n                stacktrace = getattr(exc, \"stacktrace\", None)\n            if time.monotonic() > end_time:\n                break\n            time.sleep(self._poll)\n>       raise TimeoutException(message, screen, stacktrace)\nE       selenium.common.exceptions.TimeoutException: Message: \nE       Stacktrace:\nE       \tGetHandleVerifier [0x0x7ff7c25b6f65+78965]\nE       \tGetHandleVerifier [0x0x7ff7c25b6fc0+79056]\nE       \t(No symbol) [0x0x7ff7c2349dda]\nE       \t(No symbol) [0x0x7ff7c23a02ea]\nE       \t(No symbol) [0x0x7ff7c23a059c]\nE       \t(No symbol) [0x0x7ff7c23f3f37]\nE       \t(No symbol) [0x0x7ff7c23c86af]\nE       \t(No symbol) [0x0x7ff7c23f0dbe]\nE       \t(No symbol) [0x0x7ff7c23c8443]\nE       \t(No symbol) [0x0x7ff7c2391311]\nE       \t(No symbol) [0x0x7ff7c23920a3]\nE       \tGetHandleVerifier [0x0x7ff7c286e26d+2926461]\nE       \tGetHandleVerifier [0x0x7ff7c2868993+2903715]\nE       \tGetHandleVerifier [0x0x7ff7c2886aed+3026941]\nE       \tGetHandleVerifier [0x0x7ff7c25d16fe+187406]\nE       \tGetHandleVerifier [0x0x7ff7c25d96ef+220159]\nE       \tGetHandleVerifier [0x0x7ff7c25bfaf4+114692]\nE       \tGetHandleVerifier [0x0x7ff7c25bfca9+115129]\nE       \tGetHandleVerifier [0x0x7ff7c25a64d8+10728]\nE       \tBaseThreadInitThunk [0x0x7ff832417374+20]\nE       \tRtlUserThreadStart [0x0x7ff833d3cc91+33]\n\nmyenv\\lib\\site-packages\\selenium\\webdriver\\support\\wait.py:138: TimeoutException","steps":[],"attachments":[{"uid":"47600a8c85a78a69","name":"test_affairs_template_updattype_failure","source":"47600a8c85a78a69.png","type":"image/png","size":118025},{"uid":"1566bc9741a64bd9","name":"test_affairs_template_updattype_source","source":"1566bc9741a64bd9.html","type":"text/html","size":1131680},{"uid":"ae7e6fb046357abf","name":"log","source":"ae7e6fb046357abf.txt","type":"text/plain","size":1938}],"parameters":[],"stepsCount":0,"attachmentStep":false,"hasContent":true,"shouldDisplayMessage":true,"attachmentsCount":3},"afterStages":[{"name":"login_to_affairs::0","time":{"start":1761770945894,"stop":1761770948526,"duration":2632},"status":"passed","steps":[],"attachments":[],"parameters":[],"stepsCount":0,"attachmentStep":false,"hasContent":false,"shouldDisplayMessage":false,"attachmentsCount":0}],"labels":[{"name":"story","value":"事务模版-切换事务类型，配置参数刷新"},{"name":"feature","value":"事务管理页用例"},{"name":"parentSuite","value":"Tests.test_system"},{"name":"suite","value":"test_affairs"},{"name":"subSuite","value":"TestAffairsPage"},{"name":"host","value":"WIN-20240820MJV"},{"name":"thread","value":"2848-MainThread"},{"name":"framework","value":"pytest"},{"name":"language","value":"cpython3"},{"name":"package","value":"Tests.test_system.test_affairs"},{"name":"resultFormat","value":"allure2"}],"parameters":[],"links":[],"hidden":true,"retry":true,"extra":{"categories":[],"tags":[]},"source":"4aa7e3e22e8570d9.json","parameterValues":[]}