{"uid":"4aefff4961b74017","name":"test_affairs_template_updattype","fullName":"Tests.test_system.test_affairs.TestAffairsPage#test_affairs_template_updattype","historyId":"b24c55640d049dc2713493a06bbc82a3","time":{"start":1764017483938,"stop":1764017495419,"duration":11481},"status":"broken","statusMessage":"selenium.common.exceptions.TimeoutException: Message: 点击失败，找不到元素：xpath = //div[@class=\"ivu-modal-confirm-footer\"]//span[text()=\"取消\"]","statusTrace":"self = <Pages.systemPage.affairs_page.AffairsPage object at 0x000001E5C1B5FCD0>, by_or_element = 'xpath', value = '//div[@class=\"ivu-modal-confirm-footer\"]//span[text()=\"取消\"]', wait_time = 10, retries = 2\n\n    def click(self, by_or_element, value=None, wait_time=10, retries=2):\n        \"\"\"\n        更稳健的点击方法：支持定位符或 WebElement，自动处理 stale 元素、点击拦截等问题。\n        \"\"\"\n        for attempt in range(retries):\n            try:\n                if value is not None:\n                    by = by_or_element\n                    logging.info(f\"点击元素：By = {by}, Value = {value}\")\n>                   element = WebDriverWait(self.driver, wait_time).until(\n                        EC.element_to_be_clickable((by, value))\n                    )\n\nPages\\base_page.py:49: \n_ _ _ _ _ _ _ _ _ _ _ _ _ _ _ _ _ _ _ _ _ _ _ _ _ _ _ _ _ _ _ _ _ _ _ _ _ _ _ _ _ _ _ _ _ _ _ _ _ _ _ _ _ _ _ _ _ _ _ _ _ _ _ _ _ _ _ _ _ _ _ _ _ _ _ _ _ _ _ _ _ _ _ _ _ _ _ _ _ _ _ _ _ _ _ _ _ _ _ _ _ _ _ _ _ _ _ _ _ _ _ _ _ _ _ _\n\nself = <selenium.webdriver.support.wait.WebDriverWait (session=\"6c3beb0e5f0b64890e7e932f5d679376\")>, method = <function element_to_be_clickable.<locals>._predicate at 0x000001E5C2464160>, message = ''\n\n    def until(self, method: Callable[[D], Union[Literal[False], T]], message: str = \"\") -> T:\n        \"\"\"Wait until the method returns a value that is not False.\n    \n        Calls the method provided with the driver as an argument until the\n        return value does not evaluate to ``False``.\n    \n        Parameters:\n        -----------\n        method: callable(WebDriver)\n            - A callable object that takes a WebDriver instance as an argument.\n    \n        message: str\n            - Optional message for :exc:`TimeoutException`\n    \n        Return:\n        -------\n        object: T\n            - The result of the last call to `method`\n    \n        Raises:\n        -------\n        TimeoutException\n            - If 'method' does not return a truthy value within the WebDriverWait\n            object's timeout\n    \n        Example:\n        --------\n        >>> from selenium.webdriver.common.by import By\n        >>> from selenium.webdriver.support.ui import WebDriverWait\n        >>> from selenium.webdriver.support import expected_conditions as EC\n    \n        # Wait until an element is visible on the page\n        >>> wait = WebDriverWait(driver, 10)\n        >>> element = wait.until(EC.visibility_of_element_located((By.ID, \"exampleId\")))\n        >>> print(element.text)\n        \"\"\"\n        screen = None\n        stacktrace = None\n    \n        end_time = time.monotonic() + self._timeout\n        while True:\n            try:\n                value = method(self._driver)\n                if value:\n                    return value\n            except self._ignored_exceptions as exc:\n                screen = getattr(exc, \"screen\", None)\n                stacktrace = getattr(exc, \"stacktrace\", None)\n            if time.monotonic() > end_time:\n                break\n            time.sleep(self._poll)\n>       raise TimeoutException(message, screen, stacktrace)\nE       selenium.common.exceptions.TimeoutException: Message: \nE       Stacktrace:\nE       \tGetHandleVerifier [0x0x7ff713cb6f65+78965]\nE       \tGetHandleVerifier [0x0x7ff713cb6fc0+79056]\nE       \t(No symbol) [0x0x7ff713a49dda]\nE       \t(No symbol) [0x0x7ff713aa02ea]\nE       \t(No symbol) [0x0x7ff713aa059c]\nE       \t(No symbol) [0x0x7ff713af3f37]\nE       \t(No symbol) [0x0x7ff713ac86af]\nE       \t(No symbol) [0x0x7ff713af0dbe]\nE       \t(No symbol) [0x0x7ff713ac8443]\nE       \t(No symbol) [0x0x7ff713a91311]\nE       \t(No symbol) [0x0x7ff713a920a3]\nE       \tGetHandleVerifier [0x0x7ff713f6e26d+2926461]\nE       \tGetHandleVerifier [0x0x7ff713f68993+2903715]\nE       \tGetHandleVerifier [0x0x7ff713f86aed+3026941]\nE       \tGetHandleVerifier [0x0x7ff713cd16fe+187406]\nE       \tGetHandleVerifier [0x0x7ff713cd96ef+220159]\nE       \tGetHandleVerifier [0x0x7ff713cbfaf4+114692]\nE       \tGetHandleVerifier [0x0x7ff713cbfca9+115129]\nE       \tGetHandleVerifier [0x0x7ff713ca64d8+10728]\nE       \tBaseThreadInitThunk [0x0x7ffd261d7374+20]\nE       \tRtlUserThreadStart [0x0x7ffd2797cc91+33]\n\nmyenv\\lib\\site-packages\\selenium\\webdriver\\support\\wait.py:138: TimeoutException\n\nDuring handling of the above exception, another exception occurred:\n\nself = <test_system.test_affairs.TestAffairsPage object at 0x000001E5C0EC63E0>, login_to_affairs = <selenium.webdriver.chrome.webdriver.WebDriver (session=\"6c3beb0e5f0b64890e7e932f5d679376\")>\n\n    @allure.story(\"事务模版-切换事务类型，配置参数刷新\")\n    # @pytest.mark.run(order=1)\n    def test_affairs_template_updattype(self, login_to_affairs):\n        driver = login_to_affairs  # WebDriver 实例\n        affairs = AffairsPage(driver)  # 用 driver 初始化 AffairsPage\n        name = \"测试事务模版7\"\n        type = \"接口\"\n        affairs.hover(name=name, edi=\"编辑\")\n        affairs.click_button('//div[label[text()=\"事务类型\"]]//input')\n        affairs.click_button(f'//span[text()=\"{type}\"]')\n>       affairs.click_button('//div[@class=\"ivu-modal-confirm-footer\"]//span[text()=\"取消\"]')\n\nTests\\test_system\\test_affairs.py:507: \n_ _ _ _ _ _ _ _ _ _ _ _ _ _ _ _ _ _ _ _ _ _ _ _ _ _ _ _ _ _ _ _ _ _ _ _ _ _ _ _ _ _ _ _ _ _ _ _ _ _ _ _ _ _ _ _ _ _ _ _ _ _ _ _ _ _ _ _ _ _ _ _ _ _ _ _ _ _ _ _ _ _ _ _ _ _ _ _ _ _ _ _ _ _ _ _ _ _ _ _ _ _ _ _ _ _ _ _ _ _ _ _ _ _ _ _\nPages\\systemPage\\affairs_page.py:23: in click_button\n    self.click(By.XPATH, xpath)\n_ _ _ _ _ _ _ _ _ _ _ _ _ _ _ _ _ _ _ _ _ _ _ _ _ _ _ _ _ _ _ _ _ _ _ _ _ _ _ _ _ _ _ _ _ _ _ _ _ _ _ _ _ _ _ _ _ _ _ _ _ _ _ _ _ _ _ _ _ _ _ _ _ _ _ _ _ _ _ _ _ _ _ _ _ _ _ _ _ _ _ _ _ _ _ _ _ _ _ _ _ _ _ _ _ _ _ _ _ _ _ _ _ _ _ _\n\nself = <Pages.systemPage.affairs_page.AffairsPage object at 0x000001E5C1B5FCD0>, by_or_element = 'xpath', value = '//div[@class=\"ivu-modal-confirm-footer\"]//span[text()=\"取消\"]', wait_time = 10, retries = 2\n\n    def click(self, by_or_element, value=None, wait_time=10, retries=2):\n        \"\"\"\n        更稳健的点击方法：支持定位符或 WebElement，自动处理 stale 元素、点击拦截等问题。\n        \"\"\"\n        for attempt in range(retries):\n            try:\n                if value is not None:\n                    by = by_or_element\n                    logging.info(f\"点击元素：By = {by}, Value = {value}\")\n                    element = WebDriverWait(self.driver, wait_time).until(\n                        EC.element_to_be_clickable((by, value))\n                    )\n                else:\n                    logging.info(\"点击元素：WebElement 对象\")\n                    element = by_or_element\n    \n                element.click()\n                logging.info(\"✅ 点击成功\")\n                return\n    \n            except ElementClickInterceptedException:\n                logging.warning(\"⚠️ 原生点击被拦截，尝试使用 JS 点击\")\n                try:\n                    self.driver.execute_script(\"arguments[0].click();\", element)\n                    logging.info(\"✅ JS 点击成功\")\n                    return\n                except Exception as js_error:\n                    logging.warning(f\"⚠️ JS 点击失败：{js_error}\")\n                    sleep(1)\n                    continue  # 下一轮重试\n    \n            except StaleElementReferenceException:\n                logging.warning(f\"⚠️ 第 {attempt + 1} 次点击失败：元素过期，尝试重新定位\")\n                sleep(1)\n                continue  # 下一轮重试时重新定位\n    \n            except TimeoutException:\n                logging.error(f\"❌ 元素未在 {wait_time} 秒内变为可点击\")\n>               raise TimeoutException(f\"点击失败，找不到元素：{by_or_element} = {value}\")\nE               selenium.common.exceptions.TimeoutException: Message: 点击失败，找不到元素：xpath = //div[@class=\"ivu-modal-confirm-footer\"]//span[text()=\"取消\"]\n\nPages\\base_page.py:78: TimeoutException","flaky":false,"newFailed":false,"newBroken":false,"newPassed":false,"retriesCount":1,"retriesStatusChange":false,"beforeStages":[{"name":"login_to_affairs","time":{"start":1764017471359,"stop":1764017483938,"duration":12579},"status":"passed","steps":[],"attachments":[],"parameters":[],"attachmentStep":false,"hasContent":false,"stepsCount":0,"attachmentsCount":0,"shouldDisplayMessage":false}],"testStage":{"status":"broken","statusMessage":"selenium.common.exceptions.TimeoutException: Message: 点击失败，找不到元素：xpath = //div[@class=\"ivu-modal-confirm-footer\"]//span[text()=\"取消\"]","statusTrace":"self = <Pages.systemPage.affairs_page.AffairsPage object at 0x000001E5C1B5FCD0>, by_or_element = 'xpath', value = '//div[@class=\"ivu-modal-confirm-footer\"]//span[text()=\"取消\"]', wait_time = 10, retries = 2\n\n    def click(self, by_or_element, value=None, wait_time=10, retries=2):\n        \"\"\"\n        更稳健的点击方法：支持定位符或 WebElement，自动处理 stale 元素、点击拦截等问题。\n        \"\"\"\n        for attempt in range(retries):\n            try:\n                if value is not None:\n                    by = by_or_element\n                    logging.info(f\"点击元素：By = {by}, Value = {value}\")\n>                   element = WebDriverWait(self.driver, wait_time).until(\n                        EC.element_to_be_clickable((by, value))\n                    )\n\nPages\\base_page.py:49: \n_ _ _ _ _ _ _ _ _ _ _ _ _ _ _ _ _ _ _ _ _ _ _ _ _ _ _ _ _ _ _ _ _ _ _ _ _ _ _ _ _ _ _ _ _ _ _ _ _ _ _ _ _ _ _ _ _ _ _ _ _ _ _ _ _ _ _ _ _ _ _ _ _ _ _ _ _ _ _ _ _ _ _ _ _ _ _ _ _ _ _ _ _ _ _ _ _ _ _ _ _ _ _ _ _ _ _ _ _ _ _ _ _ _ _ _\n\nself = <selenium.webdriver.support.wait.WebDriverWait (session=\"6c3beb0e5f0b64890e7e932f5d679376\")>, method = <function element_to_be_clickable.<locals>._predicate at 0x000001E5C2464160>, message = ''\n\n    def until(self, method: Callable[[D], Union[Literal[False], T]], message: str = \"\") -> T:\n        \"\"\"Wait until the method returns a value that is not False.\n    \n        Calls the method provided with the driver as an argument until the\n        return value does not evaluate to ``False``.\n    \n        Parameters:\n        -----------\n        method: callable(WebDriver)\n            - A callable object that takes a WebDriver instance as an argument.\n    \n        message: str\n            - Optional message for :exc:`TimeoutException`\n    \n        Return:\n        -------\n        object: T\n            - The result of the last call to `method`\n    \n        Raises:\n        -------\n        TimeoutException\n            - If 'method' does not return a truthy value within the WebDriverWait\n            object's timeout\n    \n        Example:\n        --------\n        >>> from selenium.webdriver.common.by import By\n        >>> from selenium.webdriver.support.ui import WebDriverWait\n        >>> from selenium.webdriver.support import expected_conditions as EC\n    \n        # Wait until an element is visible on the page\n        >>> wait = WebDriverWait(driver, 10)\n        >>> element = wait.until(EC.visibility_of_element_located((By.ID, \"exampleId\")))\n        >>> print(element.text)\n        \"\"\"\n        screen = None\n        stacktrace = None\n    \n        end_time = time.monotonic() + self._timeout\n        while True:\n            try:\n                value = method(self._driver)\n                if value:\n                    return value\n            except self._ignored_exceptions as exc:\n                screen = getattr(exc, \"screen\", None)\n                stacktrace = getattr(exc, \"stacktrace\", None)\n            if time.monotonic() > end_time:\n                break\n            time.sleep(self._poll)\n>       raise TimeoutException(message, screen, stacktrace)\nE       selenium.common.exceptions.TimeoutException: Message: \nE       Stacktrace:\nE       \tGetHandleVerifier [0x0x7ff713cb6f65+78965]\nE       \tGetHandleVerifier [0x0x7ff713cb6fc0+79056]\nE       \t(No symbol) [0x0x7ff713a49dda]\nE       \t(No symbol) [0x0x7ff713aa02ea]\nE       \t(No symbol) [0x0x7ff713aa059c]\nE       \t(No symbol) [0x0x7ff713af3f37]\nE       \t(No symbol) [0x0x7ff713ac86af]\nE       \t(No symbol) [0x0x7ff713af0dbe]\nE       \t(No symbol) [0x0x7ff713ac8443]\nE       \t(No symbol) [0x0x7ff713a91311]\nE       \t(No symbol) [0x0x7ff713a920a3]\nE       \tGetHandleVerifier [0x0x7ff713f6e26d+2926461]\nE       \tGetHandleVerifier [0x0x7ff713f68993+2903715]\nE       \tGetHandleVerifier [0x0x7ff713f86aed+3026941]\nE       \tGetHandleVerifier [0x0x7ff713cd16fe+187406]\nE       \tGetHandleVerifier [0x0x7ff713cd96ef+220159]\nE       \tGetHandleVerifier [0x0x7ff713cbfaf4+114692]\nE       \tGetHandleVerifier [0x0x7ff713cbfca9+115129]\nE       \tGetHandleVerifier [0x0x7ff713ca64d8+10728]\nE       \tBaseThreadInitThunk [0x0x7ffd261d7374+20]\nE       \tRtlUserThreadStart [0x0x7ffd2797cc91+33]\n\nmyenv\\lib\\site-packages\\selenium\\webdriver\\support\\wait.py:138: TimeoutException\n\nDuring handling of the above exception, another exception occurred:\n\nself = <test_system.test_affairs.TestAffairsPage object at 0x000001E5C0EC63E0>, login_to_affairs = <selenium.webdriver.chrome.webdriver.WebDriver (session=\"6c3beb0e5f0b64890e7e932f5d679376\")>\n\n    @allure.story(\"事务模版-切换事务类型，配置参数刷新\")\n    # @pytest.mark.run(order=1)\n    def test_affairs_template_updattype(self, login_to_affairs):\n        driver = login_to_affairs  # WebDriver 实例\n        affairs = AffairsPage(driver)  # 用 driver 初始化 AffairsPage\n        name = \"测试事务模版7\"\n        type = \"接口\"\n        affairs.hover(name=name, edi=\"编辑\")\n        affairs.click_button('//div[label[text()=\"事务类型\"]]//input')\n        affairs.click_button(f'//span[text()=\"{type}\"]')\n>       affairs.click_button('//div[@class=\"ivu-modal-confirm-footer\"]//span[text()=\"取消\"]')\n\nTests\\test_system\\test_affairs.py:507: \n_ _ _ _ _ _ _ _ _ _ _ _ _ _ _ _ _ _ _ _ _ _ _ _ _ _ _ _ _ _ _ _ _ _ _ _ _ _ _ _ _ _ _ _ _ _ _ _ _ _ _ _ _ _ _ _ _ _ _ _ _ _ _ _ _ _ _ _ _ _ _ _ _ _ _ _ _ _ _ _ _ _ _ _ _ _ _ _ _ _ _ _ _ _ _ _ _ _ _ _ _ _ _ _ _ _ _ _ _ _ _ _ _ _ _ _\nPages\\systemPage\\affairs_page.py:23: in click_button\n    self.click(By.XPATH, xpath)\n_ _ _ _ _ _ _ _ _ _ _ _ _ _ _ _ _ _ _ _ _ _ _ _ _ _ _ _ _ _ _ _ _ _ _ _ _ _ _ _ _ _ _ _ _ _ _ _ _ _ _ _ _ _ _ _ _ _ _ _ _ _ _ _ _ _ _ _ _ _ _ _ _ _ _ _ _ _ _ _ _ _ _ _ _ _ _ _ _ _ _ _ _ _ _ _ _ _ _ _ _ _ _ _ _ _ _ _ _ _ _ _ _ _ _ _\n\nself = <Pages.systemPage.affairs_page.AffairsPage object at 0x000001E5C1B5FCD0>, by_or_element = 'xpath', value = '//div[@class=\"ivu-modal-confirm-footer\"]//span[text()=\"取消\"]', wait_time = 10, retries = 2\n\n    def click(self, by_or_element, value=None, wait_time=10, retries=2):\n        \"\"\"\n        更稳健的点击方法：支持定位符或 WebElement，自动处理 stale 元素、点击拦截等问题。\n        \"\"\"\n        for attempt in range(retries):\n            try:\n                if value is not None:\n                    by = by_or_element\n                    logging.info(f\"点击元素：By = {by}, Value = {value}\")\n                    element = WebDriverWait(self.driver, wait_time).until(\n                        EC.element_to_be_clickable((by, value))\n                    )\n                else:\n                    logging.info(\"点击元素：WebElement 对象\")\n                    element = by_or_element\n    \n                element.click()\n                logging.info(\"✅ 点击成功\")\n                return\n    \n            except ElementClickInterceptedException:\n                logging.warning(\"⚠️ 原生点击被拦截，尝试使用 JS 点击\")\n                try:\n                    self.driver.execute_script(\"arguments[0].click();\", element)\n                    logging.info(\"✅ JS 点击成功\")\n                    return\n                except Exception as js_error:\n                    logging.warning(f\"⚠️ JS 点击失败：{js_error}\")\n                    sleep(1)\n                    continue  # 下一轮重试\n    \n            except StaleElementReferenceException:\n                logging.warning(f\"⚠️ 第 {attempt + 1} 次点击失败：元素过期，尝试重新定位\")\n                sleep(1)\n                continue  # 下一轮重试时重新定位\n    \n            except TimeoutException:\n                logging.error(f\"❌ 元素未在 {wait_time} 秒内变为可点击\")\n>               raise TimeoutException(f\"点击失败，找不到元素：{by_or_element} = {value}\")\nE               selenium.common.exceptions.TimeoutException: Message: 点击失败，找不到元素：xpath = //div[@class=\"ivu-modal-confirm-footer\"]//span[text()=\"取消\"]\n\nPages\\base_page.py:78: TimeoutException","steps":[],"attachments":[{"uid":"1f2df83e3805d5a1","name":"test_affairs_template_updattype_failure","source":"1f2df83e3805d5a1.png","type":"image/png","size":106273},{"uid":"c061269c77257075","name":"test_affairs_template_updattype_source","source":"c061269c77257075.html","type":"text/html","size":1154059},{"uid":"865b4d0c6f14b5ae","name":"log","source":"865b4d0c6f14b5ae.txt","type":"text/plain","size":4292}],"parameters":[],"attachmentStep":false,"hasContent":true,"stepsCount":0,"attachmentsCount":3,"shouldDisplayMessage":true},"afterStages":[{"name":"login_to_affairs::0","time":{"start":1764017495638,"stop":1764017497810,"duration":2172},"status":"passed","steps":[],"attachments":[],"parameters":[],"attachmentStep":false,"hasContent":false,"stepsCount":0,"attachmentsCount":0,"shouldDisplayMessage":false}],"labels":[{"name":"story","value":"事务模版-切换事务类型，配置参数刷新"},{"name":"feature","value":"事务管理页用例"},{"name":"parentSuite","value":"Tests.test_system"},{"name":"suite","value":"test_affairs"},{"name":"subSuite","value":"TestAffairsPage"},{"name":"host","value":"WIN-20240820MJV"},{"name":"thread","value":"17864-MainThread"},{"name":"framework","value":"pytest"},{"name":"language","value":"cpython3"},{"name":"package","value":"Tests.test_system.test_affairs"},{"name":"resultFormat","value":"allure2"}],"parameters":[],"links":[],"hidden":false,"retry":false,"extra":{"severity":"normal","retries":[{"uid":"e6dd23ef26672859","status":"broken","statusDetails":"selenium.common.exceptions.TimeoutException: Message: \nStacktrace:\n\tGetHandleVerifier [0x0x7ff713cb6f65+78965]\n\tGetHandleVerifier [0x0x7ff713cb6fc0+79056]\n\t(No symbol) [0x0x7ff713a49dda]\n\t(No symbol) [0x0x7ff713aa02ea]\n\t(No symbol) [0x0x7ff713aa059c]\n\t(No symbol) [0x0x7ff713af3f37]\n\t(No symbol) [0x0x7ff713ac86af]\n\t(No symbol) [0x0x7ff713af0dbe]\n\t(No symbol) [0x0x7ff713ac8443]\n\t(No symbol) [0x0x7ff713a91311]\n\t(No symbol) [0x0x7ff713a920a3]\n\tGetHandleVerifier [0x0x7ff713f6e26d+2926461]\n\tGetHandleVerifier [0x0x7ff713f68993+2903715]\n\tGetHandleVerifier [0x0x7ff713f86aed+3026941]\n\tGetHandleVerifier [0x0x7ff713cd16fe+187406]\n\tGetHandleVerifier [0x0x7ff713cd96ef+220159]\n\tGetHandleVerifier [0x0x7ff713cbfaf4+114692]\n\tGetHandleVerifier [0x0x7ff713cbfca9+115129]\n\tGetHandleVerifier [0x0x7ff713ca64d8+10728]\n\tBaseThreadInitThunk [0x0x7ffd261d7374+20]\n\tRtlUserThreadStart [0x0x7ffd2797cc91+33]","time":{"start":1764017454356,"stop":1764017468967,"duration":14611}}],"categories":[{"name":"Test defects","matchedStatuses":[]}],"tags":[]},"source":"4aefff4961b74017.json","parameterValues":[]}