{"uid":"4bf7119a8c830ff2","name":"test_sched_order","fullName":"Tests.test_items.test_sched.TestSchedPage#test_sched_order","historyId":"127320a74d31539174a96ffe7db877b9","time":{"start":1763478853957,"stop":1763478868122,"duration":14165},"status":"broken","statusMessage":"selenium.common.exceptions.TimeoutException: Message: \nStacktrace:\n\tGetHandleVerifier [0x0x7ff702b86f65+78965]\n\tGetHandleVerifier [0x0x7ff702b86fc0+79056]\n\t(No symbol) [0x0x7ff702919dda]\n\t(No symbol) [0x0x7ff7029702ea]\n\t(No symbol) [0x0x7ff70297059c]\n\t(No symbol) [0x0x7ff7029c3f37]\n\t(No symbol) [0x0x7ff7029986af]\n\t(No symbol) [0x0x7ff7029c0dbe]\n\t(No symbol) [0x0x7ff702998443]\n\t(No symbol) [0x0x7ff702961311]\n\t(No symbol) [0x0x7ff7029620a3]\n\tGetHandleVerifier [0x0x7ff702e3e26d+2926461]\n\tGetHandleVerifier [0x0x7ff702e38993+2903715]\n\tGetHandleVerifier [0x0x7ff702e56aed+3026941]\n\tGetHandleVerifier [0x0x7ff702ba16fe+187406]\n\tGetHandleVerifier [0x0x7ff702ba96ef+220159]\n\tGetHandleVerifier [0x0x7ff702b8faf4+114692]\n\tGetHandleVerifier [0x0x7ff702b8fca9+115129]\n\tGetHandleVerifier [0x0x7ff702b764d8+10728]\n\tBaseThreadInitThunk [0x0x7ff8e0e67374+20]\n\tRtlUserThreadStart [0x0x7ff8e18bcc91+33]","statusTrace":"self = <test_items.test_sched.TestSchedPage object at 0x0000011B46B7F6D0>, login_to_sched = <selenium.webdriver.chrome.webdriver.WebDriver (session=\"9a92485b82108cbddd22689578d84fcd\")>\n\n    @allure.story(\"属性设置-更新关联/补充订单\")\n    # @pytest.mark.run(order=1)\n    def test_sched_order(self, login_to_sched):\n        driver = login_to_sched  # WebDriver 实例\n        sched = SchedPage(driver)  # 用 driver 初始化 SchedPage\n        name = \"排产方案(订单级)复制\"\n        # 选择排产方案(订单级)复制方案\n        sched.click_button(f'//ul[@visible=\"visible\"]//ul//span[text()=\"{name}\"]')\n        sched.click_attribute_button()\n        # 点击下拉框\n        sched.click_button('//div[text()=\"更新关联/补充订单\"]/following-sibling::div')\n        sched.click_button(\n            '//div[text()=\"更新关联/补充订单\"]/following-sibling::div//ul[2]/li[2]'\n        )\n        sleep(1)\n        befort_input = sched.get_find_element_xpath(\n            '//div[text()=\"更新关联/补充订单\"]/following-sibling::div//input/following-sibling::div/input'\n        ).get_attribute(\"value\")\n>       sched.get_after_value(name)\n\nTests\\test_items\\test_sched.py:814: \n_ _ _ _ _ _ _ _ _ _ _ _ _ _ _ _ _ _ _ _ _ _ _ _ _ _ _ _ _ _ _ _ _ _ _ _ _ _ _ _ _ _ _ _ _ _ _ _ _ _ _ _ _ _ _ _ _ _ _ _ _ _ _ _ _ _ _ _ _ _ _ _ _ _ _ _ _ _ _ _ _ _ _ _ _ _ _ _ _ _ _ _ _ _ _ _ _ _ _ _ _ _ _ _ _ _ _ _ _ _ _ _ _ _ _ _\nPages\\itemsPage\\sched_page.py:132: in get_after_value\n    self.get_find_message()\nPages\\itemsPage\\sched_page.py:93: in get_find_message\n    message = WebDriverWait(self.driver, 10).until(\n_ _ _ _ _ _ _ _ _ _ _ _ _ _ _ _ _ _ _ _ _ _ _ _ _ _ _ _ _ _ _ _ _ _ _ _ _ _ _ _ _ _ _ _ _ _ _ _ _ _ _ _ _ _ _ _ _ _ _ _ _ _ _ _ _ _ _ _ _ _ _ _ _ _ _ _ _ _ _ _ _ _ _ _ _ _ _ _ _ _ _ _ _ _ _ _ _ _ _ _ _ _ _ _ _ _ _ _ _ _ _ _ _ _ _ _\n\nself = <selenium.webdriver.support.wait.WebDriverWait (session=\"9a92485b82108cbddd22689578d84fcd\")>, method = <function visibility_of_element_located.<locals>._predicate at 0x0000011B474E3BE0>, message = ''\n\n    def until(self, method: Callable[[D], Union[Literal[False], T]], message: str = \"\") -> T:\n        \"\"\"Wait until the method returns a value that is not False.\n    \n        Calls the method provided with the driver as an argument until the\n        return value does not evaluate to ``False``.\n    \n        Parameters:\n        -----------\n        method: callable(WebDriver)\n            - A callable object that takes a WebDriver instance as an argument.\n    \n        message: str\n            - Optional message for :exc:`TimeoutException`\n    \n        Return:\n        -------\n        object: T\n            - The result of the last call to `method`\n    \n        Raises:\n        -------\n        TimeoutException\n            - If 'method' does not return a truthy value within the WebDriverWait\n            object's timeout\n    \n        Example:\n        --------\n        >>> from selenium.webdriver.common.by import By\n        >>> from selenium.webdriver.support.ui import WebDriverWait\n        >>> from selenium.webdriver.support import expected_conditions as EC\n    \n        # Wait until an element is visible on the page\n        >>> wait = WebDriverWait(driver, 10)\n        >>> element = wait.until(EC.visibility_of_element_located((By.ID, \"exampleId\")))\n        >>> print(element.text)\n        \"\"\"\n        screen = None\n        stacktrace = None\n    \n        end_time = time.monotonic() + self._timeout\n        while True:\n            try:\n                value = method(self._driver)\n                if value:\n                    return value\n            except self._ignored_exceptions as exc:\n                screen = getattr(exc, \"screen\", None)\n                stacktrace = getattr(exc, \"stacktrace\", None)\n            if time.monotonic() > end_time:\n                break\n            time.sleep(self._poll)\n>       raise TimeoutException(message, screen, stacktrace)\nE       selenium.common.exceptions.TimeoutException: Message: \nE       Stacktrace:\nE       \tGetHandleVerifier [0x0x7ff702b86f65+78965]\nE       \tGetHandleVerifier [0x0x7ff702b86fc0+79056]\nE       \t(No symbol) [0x0x7ff702919dda]\nE       \t(No symbol) [0x0x7ff7029702ea]\nE       \t(No symbol) [0x0x7ff70297059c]\nE       \t(No symbol) [0x0x7ff7029c3f37]\nE       \t(No symbol) [0x0x7ff7029986af]\nE       \t(No symbol) [0x0x7ff7029c0dbe]\nE       \t(No symbol) [0x0x7ff702998443]\nE       \t(No symbol) [0x0x7ff702961311]\nE       \t(No symbol) [0x0x7ff7029620a3]\nE       \tGetHandleVerifier [0x0x7ff702e3e26d+2926461]\nE       \tGetHandleVerifier [0x0x7ff702e38993+2903715]\nE       \tGetHandleVerifier [0x0x7ff702e56aed+3026941]\nE       \tGetHandleVerifier [0x0x7ff702ba16fe+187406]\nE       \tGetHandleVerifier [0x0x7ff702ba96ef+220159]\nE       \tGetHandleVerifier [0x0x7ff702b8faf4+114692]\nE       \tGetHandleVerifier [0x0x7ff702b8fca9+115129]\nE       \tGetHandleVerifier [0x0x7ff702b764d8+10728]\nE       \tBaseThreadInitThunk [0x0x7ff8e0e67374+20]\nE       \tRtlUserThreadStart [0x0x7ff8e18bcc91+33]\n\nmyenv\\lib\\site-packages\\selenium\\webdriver\\support\\wait.py:138: TimeoutException","flaky":false,"newFailed":false,"newBroken":false,"newPassed":false,"retriesCount":0,"retriesStatusChange":false,"beforeStages":[{"name":"login_to_sched","time":{"start":1763478834436,"stop":1763478853956,"duration":19520},"status":"passed","steps":[],"attachments":[],"parameters":[],"shouldDisplayMessage":false,"attachmentsCount":0,"stepsCount":0,"hasContent":false,"attachmentStep":false}],"testStage":{"status":"broken","statusMessage":"selenium.common.exceptions.TimeoutException: Message: \nStacktrace:\n\tGetHandleVerifier [0x0x7ff702b86f65+78965]\n\tGetHandleVerifier [0x0x7ff702b86fc0+79056]\n\t(No symbol) [0x0x7ff702919dda]\n\t(No symbol) [0x0x7ff7029702ea]\n\t(No symbol) [0x0x7ff70297059c]\n\t(No symbol) [0x0x7ff7029c3f37]\n\t(No symbol) [0x0x7ff7029986af]\n\t(No symbol) [0x0x7ff7029c0dbe]\n\t(No symbol) [0x0x7ff702998443]\n\t(No symbol) [0x0x7ff702961311]\n\t(No symbol) [0x0x7ff7029620a3]\n\tGetHandleVerifier [0x0x7ff702e3e26d+2926461]\n\tGetHandleVerifier [0x0x7ff702e38993+2903715]\n\tGetHandleVerifier [0x0x7ff702e56aed+3026941]\n\tGetHandleVerifier [0x0x7ff702ba16fe+187406]\n\tGetHandleVerifier [0x0x7ff702ba96ef+220159]\n\tGetHandleVerifier [0x0x7ff702b8faf4+114692]\n\tGetHandleVerifier [0x0x7ff702b8fca9+115129]\n\tGetHandleVerifier [0x0x7ff702b764d8+10728]\n\tBaseThreadInitThunk [0x0x7ff8e0e67374+20]\n\tRtlUserThreadStart [0x0x7ff8e18bcc91+33]","statusTrace":"self = <test_items.test_sched.TestSchedPage object at 0x0000011B46B7F6D0>, login_to_sched = <selenium.webdriver.chrome.webdriver.WebDriver (session=\"9a92485b82108cbddd22689578d84fcd\")>\n\n    @allure.story(\"属性设置-更新关联/补充订单\")\n    # @pytest.mark.run(order=1)\n    def test_sched_order(self, login_to_sched):\n        driver = login_to_sched  # WebDriver 实例\n        sched = SchedPage(driver)  # 用 driver 初始化 SchedPage\n        name = \"排产方案(订单级)复制\"\n        # 选择排产方案(订单级)复制方案\n        sched.click_button(f'//ul[@visible=\"visible\"]//ul//span[text()=\"{name}\"]')\n        sched.click_attribute_button()\n        # 点击下拉框\n        sched.click_button('//div[text()=\"更新关联/补充订单\"]/following-sibling::div')\n        sched.click_button(\n            '//div[text()=\"更新关联/补充订单\"]/following-sibling::div//ul[2]/li[2]'\n        )\n        sleep(1)\n        befort_input = sched.get_find_element_xpath(\n            '//div[text()=\"更新关联/补充订单\"]/following-sibling::div//input/following-sibling::div/input'\n        ).get_attribute(\"value\")\n>       sched.get_after_value(name)\n\nTests\\test_items\\test_sched.py:814: \n_ _ _ _ _ _ _ _ _ _ _ _ _ _ _ _ _ _ _ _ _ _ _ _ _ _ _ _ _ _ _ _ _ _ _ _ _ _ _ _ _ _ _ _ _ _ _ _ _ _ _ _ _ _ _ _ _ _ _ _ _ _ _ _ _ _ _ _ _ _ _ _ _ _ _ _ _ _ _ _ _ _ _ _ _ _ _ _ _ _ _ _ _ _ _ _ _ _ _ _ _ _ _ _ _ _ _ _ _ _ _ _ _ _ _ _\nPages\\itemsPage\\sched_page.py:132: in get_after_value\n    self.get_find_message()\nPages\\itemsPage\\sched_page.py:93: in get_find_message\n    message = WebDriverWait(self.driver, 10).until(\n_ _ _ _ _ _ _ _ _ _ _ _ _ _ _ _ _ _ _ _ _ _ _ _ _ _ _ _ _ _ _ _ _ _ _ _ _ _ _ _ _ _ _ _ _ _ _ _ _ _ _ _ _ _ _ _ _ _ _ _ _ _ _ _ _ _ _ _ _ _ _ _ _ _ _ _ _ _ _ _ _ _ _ _ _ _ _ _ _ _ _ _ _ _ _ _ _ _ _ _ _ _ _ _ _ _ _ _ _ _ _ _ _ _ _ _\n\nself = <selenium.webdriver.support.wait.WebDriverWait (session=\"9a92485b82108cbddd22689578d84fcd\")>, method = <function visibility_of_element_located.<locals>._predicate at 0x0000011B474E3BE0>, message = ''\n\n    def until(self, method: Callable[[D], Union[Literal[False], T]], message: str = \"\") -> T:\n        \"\"\"Wait until the method returns a value that is not False.\n    \n        Calls the method provided with the driver as an argument until the\n        return value does not evaluate to ``False``.\n    \n        Parameters:\n        -----------\n        method: callable(WebDriver)\n            - A callable object that takes a WebDriver instance as an argument.\n    \n        message: str\n            - Optional message for :exc:`TimeoutException`\n    \n        Return:\n        -------\n        object: T\n            - The result of the last call to `method`\n    \n        Raises:\n        -------\n        TimeoutException\n            - If 'method' does not return a truthy value within the WebDriverWait\n            object's timeout\n    \n        Example:\n        --------\n        >>> from selenium.webdriver.common.by import By\n        >>> from selenium.webdriver.support.ui import WebDriverWait\n        >>> from selenium.webdriver.support import expected_conditions as EC\n    \n        # Wait until an element is visible on the page\n        >>> wait = WebDriverWait(driver, 10)\n        >>> element = wait.until(EC.visibility_of_element_located((By.ID, \"exampleId\")))\n        >>> print(element.text)\n        \"\"\"\n        screen = None\n        stacktrace = None\n    \n        end_time = time.monotonic() + self._timeout\n        while True:\n            try:\n                value = method(self._driver)\n                if value:\n                    return value\n            except self._ignored_exceptions as exc:\n                screen = getattr(exc, \"screen\", None)\n                stacktrace = getattr(exc, \"stacktrace\", None)\n            if time.monotonic() > end_time:\n                break\n            time.sleep(self._poll)\n>       raise TimeoutException(message, screen, stacktrace)\nE       selenium.common.exceptions.TimeoutException: Message: \nE       Stacktrace:\nE       \tGetHandleVerifier [0x0x7ff702b86f65+78965]\nE       \tGetHandleVerifier [0x0x7ff702b86fc0+79056]\nE       \t(No symbol) [0x0x7ff702919dda]\nE       \t(No symbol) [0x0x7ff7029702ea]\nE       \t(No symbol) [0x0x7ff70297059c]\nE       \t(No symbol) [0x0x7ff7029c3f37]\nE       \t(No symbol) [0x0x7ff7029986af]\nE       \t(No symbol) [0x0x7ff7029c0dbe]\nE       \t(No symbol) [0x0x7ff702998443]\nE       \t(No symbol) [0x0x7ff702961311]\nE       \t(No symbol) [0x0x7ff7029620a3]\nE       \tGetHandleVerifier [0x0x7ff702e3e26d+2926461]\nE       \tGetHandleVerifier [0x0x7ff702e38993+2903715]\nE       \tGetHandleVerifier [0x0x7ff702e56aed+3026941]\nE       \tGetHandleVerifier [0x0x7ff702ba16fe+187406]\nE       \tGetHandleVerifier [0x0x7ff702ba96ef+220159]\nE       \tGetHandleVerifier [0x0x7ff702b8faf4+114692]\nE       \tGetHandleVerifier [0x0x7ff702b8fca9+115129]\nE       \tGetHandleVerifier [0x0x7ff702b764d8+10728]\nE       \tBaseThreadInitThunk [0x0x7ff8e0e67374+20]\nE       \tRtlUserThreadStart [0x0x7ff8e18bcc91+33]\n\nmyenv\\lib\\site-packages\\selenium\\webdriver\\support\\wait.py:138: TimeoutException","steps":[],"attachments":[{"uid":"a7dea38f735747e1","name":"test_sched_order_failure","source":"a7dea38f735747e1.png","type":"image/png","size":74940},{"uid":"96522d9b717ca32a","name":"test_sched_order_source","source":"96522d9b717ca32a.html","type":"text/html","size":1147558},{"uid":"439588ee66088f3a","name":"log","source":"439588ee66088f3a.txt","type":"text/plain","size":2409}],"parameters":[],"shouldDisplayMessage":true,"attachmentsCount":3,"stepsCount":0,"hasContent":true,"attachmentStep":false},"afterStages":[{"name":"login_to_sched::0","time":{"start":1763478868293,"stop":1763478870460,"duration":2167},"status":"passed","steps":[],"attachments":[],"parameters":[],"shouldDisplayMessage":false,"attachmentsCount":0,"stepsCount":0,"hasContent":false,"attachmentStep":false}],"labels":[{"name":"story","value":"属性设置-更新关联/补充订单"},{"name":"feature","value":"方案管理表测试用例"},{"name":"parentSuite","value":"Tests.test_items"},{"name":"suite","value":"test_sched"},{"name":"subSuite","value":"TestSchedPage"},{"name":"host","value":"WIN-20240820MJV"},{"name":"thread","value":"25116-MainThread"},{"name":"framework","value":"pytest"},{"name":"language","value":"cpython3"},{"name":"package","value":"Tests.test_items.test_sched"},{"name":"resultFormat","value":"allure2"}],"parameters":[],"links":[],"hidden":true,"retry":true,"extra":{"categories":[],"tags":[]},"source":"4bf7119a8c830ff2.json","parameterValues":[]}