{"uid":"4c03512161c77619","name":"test_acceptdata_select2","fullName":"Tests.test_system.test_acceptdata.TestSAcceptDataPage#test_acceptdata_select2","historyId":"07048f8ed6466fa01118b7de65b1dd3d","time":{"start":1764719431045,"stop":1764719439237,"duration":8192},"status":"failed","statusMessage":"AssertionError: assert False\n +  where False = all(<generator object TestSAcceptDataPage.test_acceptdata_select2.<locals>.<genexpr> at 0x0000019595D52FF0>)","statusTrace":"self = <test_system.test_acceptdata.TestSAcceptDataPage object at 0x0000019593C473A0>, login_to_acceptdata = <selenium.webdriver.chrome.webdriver.WebDriver (session=\"1dcc1f9ad05b7b2037ec6d74d86a2ea3\")>\n\n    @allure.story(\"过滤条件查询，设置包含条件查询成功\")\n    # @pytest.mark.run(order=1)\n    def test_acceptdata_select2(self, login_to_acceptdata):\n        driver = login_to_acceptdata  # WebDriver 实例\n        acceptdata = ImpPage(driver)  # 用 driver 初始化 ImpPage\n        acceptdata.wait_for_loading_to_disappear()\n        name = \"1测试\"\n        acceptdata.click_button('//div[p[text()=\"接口名称\"]]/following-sibling::div//i')\n        acceptdata.hover(\"包含\")\n        sleep(1)\n        acceptdata.select_input(name)\n        sleep(1)\n        eles = acceptdata.finds_elements(By.XPATH, '//table[@class=\"vxe-table--body\"]//tr//td[3]')\n        sleep(1)\n        list_ = [ele.text for ele in eles]\n        assert len(list_) > 0\n>       assert all(name in text for text in list_)\nE       assert False\nE        +  where False = all(<generator object TestSAcceptDataPage.test_acceptdata_select2.<locals>.<genexpr> at 0x0000019595D52FF0>)\n\nTests\\test_system\\test_acceptdata.py:296: AssertionError","flaky":false,"newFailed":false,"newBroken":false,"newPassed":false,"retriesCount":0,"retriesStatusChange":false,"beforeStages":[{"name":"login_to_acceptdata","time":{"start":1764719416979,"stop":1764719431044,"duration":14065},"status":"passed","steps":[],"attachments":[],"parameters":[],"stepsCount":0,"hasContent":false,"attachmentStep":false,"attachmentsCount":0,"shouldDisplayMessage":false}],"testStage":{"status":"failed","statusMessage":"AssertionError: assert False\n +  where False = all(<generator object TestSAcceptDataPage.test_acceptdata_select2.<locals>.<genexpr> at 0x0000019595D52FF0>)","statusTrace":"self = <test_system.test_acceptdata.TestSAcceptDataPage object at 0x0000019593C473A0>, login_to_acceptdata = <selenium.webdriver.chrome.webdriver.WebDriver (session=\"1dcc1f9ad05b7b2037ec6d74d86a2ea3\")>\n\n    @allure.story(\"过滤条件查询，设置包含条件查询成功\")\n    # @pytest.mark.run(order=1)\n    def test_acceptdata_select2(self, login_to_acceptdata):\n        driver = login_to_acceptdata  # WebDriver 实例\n        acceptdata = ImpPage(driver)  # 用 driver 初始化 ImpPage\n        acceptdata.wait_for_loading_to_disappear()\n        name = \"1测试\"\n        acceptdata.click_button('//div[p[text()=\"接口名称\"]]/following-sibling::div//i')\n        acceptdata.hover(\"包含\")\n        sleep(1)\n        acceptdata.select_input(name)\n        sleep(1)\n        eles = acceptdata.finds_elements(By.XPATH, '//table[@class=\"vxe-table--body\"]//tr//td[3]')\n        sleep(1)\n        list_ = [ele.text for ele in eles]\n        assert len(list_) > 0\n>       assert all(name in text for text in list_)\nE       assert False\nE        +  where False = all(<generator object TestSAcceptDataPage.test_acceptdata_select2.<locals>.<genexpr> at 0x0000019595D52FF0>)\n\nTests\\test_system\\test_acceptdata.py:296: AssertionError","steps":[],"attachments":[{"uid":"45249ac8409ae311","name":"test_acceptdata_select2_failure","source":"45249ac8409ae311.png","type":"image/png","size":58772},{"uid":"91ab2b81ebea3c70","name":"test_acceptdata_select2_source","source":"91ab2b81ebea3c70.html","type":"text/html","size":1119954},{"uid":"d42deda2e506fea0","name":"log","source":"d42deda2e506fea0.txt","type":"text/plain","size":1641}],"parameters":[],"stepsCount":0,"hasContent":true,"attachmentStep":false,"attachmentsCount":3,"shouldDisplayMessage":true},"afterStages":[{"name":"login_to_acceptdata::0","time":{"start":1764719439392,"stop":1764719441540,"duration":2148},"status":"passed","steps":[],"attachments":[],"parameters":[],"stepsCount":0,"hasContent":false,"attachmentStep":false,"attachmentsCount":0,"shouldDisplayMessage":false}],"labels":[{"name":"story","value":"过滤条件查询，设置包含条件查询成功"},{"name":"feature","value":"接收数据页用例"},{"name":"parentSuite","value":"Tests.test_system"},{"name":"suite","value":"test_acceptdata"},{"name":"subSuite","value":"TestSAcceptDataPage"},{"name":"host","value":"WIN-20240820MJV"},{"name":"thread","value":"15064-MainThread"},{"name":"framework","value":"pytest"},{"name":"language","value":"cpython3"},{"name":"package","value":"Tests.test_system.test_acceptdata"},{"name":"resultFormat","value":"allure2"}],"parameters":[],"links":[],"hidden":true,"retry":true,"extra":{"categories":[],"tags":[]},"source":"4c03512161c77619.json","parameterValues":[]}