{"uid":"4d6c7e30679a74ab","name":"test_spec_addsel","fullName":"Tests.test_items.test_spec1.TestSpecPage#test_spec_addsel","historyId":"6aa0cfe63b0964062d87d39d5f550c4b","time":{"start":1761740002077,"stop":1761740002077,"duration":0},"status":"broken","statusMessage":"selenium.common.exceptions.TimeoutException: Message: 点击失败，找不到元素：xpath = (//span[text()=\"计划管理\"])[1]","statusTrace":"self = <Pages.itemsPage.login_page.LoginPage object at 0x0000018AD2671C60>, by_or_element = 'xpath', value = '(//span[text()=\"计划管理\"])[1]', wait_time = 10\n\n    def click(self, by_or_element, value=None, wait_time=10):\n        if value is not None:\n            by = by_or_element\n            logging.info(f\"点击元素：By = {by}, Value = {value}\")\n            try:\n>               element = WebDriverWait(self.driver, wait_time).until(\n                    EC.element_to_be_clickable((by, value))\n                )\n\nPages\\base_page.py:45: \n_ _ _ _ _ _ _ _ _ _ _ _ _ _ _ _ _ _ _ _ _ _ _ _ _ _ _ _ _ _ _ _ _ _ _ _ _ _ _ _ _ _ _ _ _ _ _ _ _ _ _ _ _ _ _ _ _ _ _ _ _ _ _ _ _ _ _ _ _ _ _ _ _ _ _ _ _ _ _ _ _ _ _ _ _ _ _ _ _ _ _ _ _ _ _ _ _ _ _ _ _ _ _ _ _ _ _ _ _ _ _ _ _ _ _ _\n\nself = <selenium.webdriver.support.wait.WebDriverWait (session=\"ce71bd2c8979b56c2a1543093043841e\")>, method = <function element_to_be_clickable.<locals>._predicate at 0x0000018AD2590160>, message = ''\n\n    def until(self, method: Callable[[D], Union[Literal[False], T]], message: str = \"\") -> T:\n        \"\"\"Wait until the method returns a value that is not False.\n    \n        Calls the method provided with the driver as an argument until the\n        return value does not evaluate to ``False``.\n    \n        Parameters:\n        -----------\n        method: callable(WebDriver)\n            - A callable object that takes a WebDriver instance as an argument.\n    \n        message: str\n            - Optional message for :exc:`TimeoutException`\n    \n        Return:\n        -------\n        object: T\n            - The result of the last call to `method`\n    \n        Raises:\n        -------\n        TimeoutException\n            - If 'method' does not return a truthy value within the WebDriverWait\n            object's timeout\n    \n        Example:\n        --------\n        >>> from selenium.webdriver.common.by import By\n        >>> from selenium.webdriver.support.ui import WebDriverWait\n        >>> from selenium.webdriver.support import expected_conditions as EC\n    \n        # Wait until an element is visible on the page\n        >>> wait = WebDriverWait(driver, 10)\n        >>> element = wait.until(EC.visibility_of_element_located((By.ID, \"exampleId\")))\n        >>> print(element.text)\n        \"\"\"\n        screen = None\n        stacktrace = None\n    \n        end_time = time.monotonic() + self._timeout\n        while True:\n            try:\n                value = method(self._driver)\n                if value:\n                    return value\n            except self._ignored_exceptions as exc:\n                screen = getattr(exc, \"screen\", None)\n                stacktrace = getattr(exc, \"stacktrace\", None)\n            if time.monotonic() > end_time:\n                break\n            time.sleep(self._poll)\n>       raise TimeoutException(message, screen, stacktrace)\nE       selenium.common.exceptions.TimeoutException: Message: \nE       Stacktrace:\nE       \tGetHandleVerifier [0x0x7ff7c25b6f65+78965]\nE       \tGetHandleVerifier [0x0x7ff7c25b6fc0+79056]\nE       \t(No symbol) [0x0x7ff7c2349dda]\nE       \t(No symbol) [0x0x7ff7c23a02ea]\nE       \t(No symbol) [0x0x7ff7c23a059c]\nE       \t(No symbol) [0x0x7ff7c23f3f37]\nE       \t(No symbol) [0x0x7ff7c23c86af]\nE       \t(No symbol) [0x0x7ff7c23f0dbe]\nE       \t(No symbol) [0x0x7ff7c23c8443]\nE       \t(No symbol) [0x0x7ff7c2391311]\nE       \t(No symbol) [0x0x7ff7c23920a3]\nE       \tGetHandleVerifier [0x0x7ff7c286e26d+2926461]\nE       \tGetHandleVerifier [0x0x7ff7c2868993+2903715]\nE       \tGetHandleVerifier [0x0x7ff7c2886aed+3026941]\nE       \tGetHandleVerifier [0x0x7ff7c25d16fe+187406]\nE       \tGetHandleVerifier [0x0x7ff7c25d96ef+220159]\nE       \tGetHandleVerifier [0x0x7ff7c25bfaf4+114692]\nE       \tGetHandleVerifier [0x0x7ff7c25bfca9+115129]\nE       \tGetHandleVerifier [0x0x7ff7c25a64d8+10728]\nE       \tBaseThreadInitThunk [0x0x7ff832417374+20]\nE       \tRtlUserThreadStart [0x0x7ff833d3cc91+33]\n\nmyenv\\lib\\site-packages\\selenium\\webdriver\\support\\wait.py:138: TimeoutException\n\nDuring handling of the above exception, another exception occurred:\n\n    @pytest.fixture  # (scope=\"class\")这个参数表示整个测试类共用同一个浏览器，默认一个用例执行一次\n    def login_to_spec1():\n        \"\"\"初始化并返回 driver\"\"\"\n        date_driver = DateDriver()\n        # 初始化 driver\n        driver = create_driver(date_driver.driver_path)\n        driver.implicitly_wait(3)\n    \n        # 初始化登录页面\n        page = LoginPage(driver)  # 初始化登录页面\n        url = date_driver.url\n        print(f\"[INFO] 正在导航到 URL: {url}\")\n        # 尝试访问 URL，捕获连接错误\n        for attempt in range(2):\n            try:\n                page.navigate_to(url)\n                break\n            except WebDriverException as e:\n                capture_screenshot(driver, f\"login_fail_{attempt + 1}\")\n                logging.warning(f\"第 {attempt + 1} 次连接失败: {e}\")\n                driver.refresh()\n                sleep(date_driver.URL_RETRY_WAIT)\n        else:\n            logging.error(\"连接失败多次，测试中止\")\n            safe_quit(driver)\n            raise RuntimeError(\"无法连接到登录页面\")\n    \n        page.login(date_driver.username, date_driver.password, date_driver.planning)\n>       page.click_button('(//span[text()=\"计划管理\"])[1]')  # 点击计划管理\n\nTests\\test_items\\test_spec1.py:49: \n_ _ _ _ _ _ _ _ _ _ _ _ _ _ _ _ _ _ _ _ _ _ _ _ _ _ _ _ _ _ _ _ _ _ _ _ _ _ _ _ _ _ _ _ _ _ _ _ _ _ _ _ _ _ _ _ _ _ _ _ _ _ _ _ _ _ _ _ _ _ _ _ _ _ _ _ _ _ _ _ _ _ _ _ _ _ _ _ _ _ _ _ _ _ _ _ _ _ _ _ _ _ _ _ _ _ _ _ _ _ _ _ _ _ _ _\nPages\\itemsPage\\login_page.py:24: in click_button\n    self.click(By.XPATH, xpath)\n_ _ _ _ _ _ _ _ _ _ _ _ _ _ _ _ _ _ _ _ _ _ _ _ _ _ _ _ _ _ _ _ _ _ _ _ _ _ _ _ _ _ _ _ _ _ _ _ _ _ _ _ _ _ _ _ _ _ _ _ _ _ _ _ _ _ _ _ _ _ _ _ _ _ _ _ _ _ _ _ _ _ _ _ _ _ _ _ _ _ _ _ _ _ _ _ _ _ _ _ _ _ _ _ _ _ _ _ _ _ _ _ _ _ _ _\n\nself = <Pages.itemsPage.login_page.LoginPage object at 0x0000018AD2671C60>, by_or_element = 'xpath', value = '(//span[text()=\"计划管理\"])[1]', wait_time = 10\n\n    def click(self, by_or_element, value=None, wait_time=10):\n        if value is not None:\n            by = by_or_element\n            logging.info(f\"点击元素：By = {by}, Value = {value}\")\n            try:\n                element = WebDriverWait(self.driver, wait_time).until(\n                    EC.element_to_be_clickable((by, value))\n                )\n            except TimeoutException:\n                logging.warning(f\"❌ 点击超时：元素 {by} = {value} 未在 {wait_time} 秒内变为可点击\")\n>               raise TimeoutException(f\"点击失败，找不到元素：{by} = {value}\")\nE               selenium.common.exceptions.TimeoutException: Message: 点击失败，找不到元素：xpath = (//span[text()=\"计划管理\"])[1]\n\nPages\\base_page.py:50: TimeoutException","flaky":false,"newFailed":false,"newBroken":false,"newPassed":false,"retriesCount":0,"retriesStatusChange":false,"beforeStages":[{"name":"login_to_spec1","time":{"start":1761740002078,"stop":1761740019925,"duration":17847},"status":"broken","statusMessage":"selenium.common.exceptions.TimeoutException: Message: 点击失败，找不到元素：xpath = (//span[text()=\"计划管理\"])[1]\n\n","statusTrace":"  File \"D:\\PycharmProjects\\APS\\myenv\\lib\\site-packages\\pluggy\\_callers.py\", line 38, in run_old_style_hookwrapper\n    res = yield\n  File \"D:\\PycharmProjects\\APS\\myenv\\lib\\site-packages\\pluggy\\_callers.py\", line 139, in _multicall\n    teardown.throw(exception)\n  File \"D:\\PycharmProjects\\APS\\myenv\\lib\\site-packages\\_pytest\\setuponly.py\", line 36, in pytest_fixture_setup\n    return (yield)\n  File \"D:\\PycharmProjects\\APS\\myenv\\lib\\site-packages\\pluggy\\_callers.py\", line 121, in _multicall\n    res = hook_impl.function(*args)\n  File \"D:\\PycharmProjects\\APS\\myenv\\lib\\site-packages\\_pytest\\fixtures.py\", line 1195, in pytest_fixture_setup\n    result = call_fixture_func(fixturefunc, request, kwargs)\n  File \"D:\\PycharmProjects\\APS\\myenv\\lib\\site-packages\\_pytest\\fixtures.py\", line 922, in call_fixture_func\n    fixture_result = next(generator)\n  File \"D:\\PycharmProjects\\APS\\Tests\\test_items\\test_spec1.py\", line 49, in login_to_spec1\n    page.click_button('(//span[text()=\"计划管理\"])[1]')  # 点击计划管理\n  File \"D:\\PycharmProjects\\APS\\Pages\\itemsPage\\login_page.py\", line 24, in click_button\n    self.click(By.XPATH, xpath)\n  File \"D:\\PycharmProjects\\APS\\Pages\\base_page.py\", line 50, in click\n    raise TimeoutException(f\"点击失败，找不到元素：{by} = {value}\")\n","steps":[],"attachments":[],"parameters":[],"stepsCount":0,"attachmentStep":false,"hasContent":true,"shouldDisplayMessage":true,"attachmentsCount":0}],"testStage":{"status":"broken","statusMessage":"selenium.common.exceptions.TimeoutException: Message: 点击失败，找不到元素：xpath = (//span[text()=\"计划管理\"])[1]","statusTrace":"self = <Pages.itemsPage.login_page.LoginPage object at 0x0000018AD2671C60>, by_or_element = 'xpath', value = '(//span[text()=\"计划管理\"])[1]', wait_time = 10\n\n    def click(self, by_or_element, value=None, wait_time=10):\n        if value is not None:\n            by = by_or_element\n            logging.info(f\"点击元素：By = {by}, Value = {value}\")\n            try:\n>               element = WebDriverWait(self.driver, wait_time).until(\n                    EC.element_to_be_clickable((by, value))\n                )\n\nPages\\base_page.py:45: \n_ _ _ _ _ _ _ _ _ _ _ _ _ _ _ _ _ _ _ _ _ _ _ _ _ _ _ _ _ _ _ _ _ _ _ _ _ _ _ _ _ _ _ _ _ _ _ _ _ _ _ _ _ _ _ _ _ _ _ _ _ _ _ _ _ _ _ _ _ _ _ _ _ _ _ _ _ _ _ _ _ _ _ _ _ _ _ _ _ _ _ _ _ _ _ _ _ _ _ _ _ _ _ _ _ _ _ _ _ _ _ _ _ _ _ _\n\nself = <selenium.webdriver.support.wait.WebDriverWait (session=\"ce71bd2c8979b56c2a1543093043841e\")>, method = <function element_to_be_clickable.<locals>._predicate at 0x0000018AD2590160>, message = ''\n\n    def until(self, method: Callable[[D], Union[Literal[False], T]], message: str = \"\") -> T:\n        \"\"\"Wait until the method returns a value that is not False.\n    \n        Calls the method provided with the driver as an argument until the\n        return value does not evaluate to ``False``.\n    \n        Parameters:\n        -----------\n        method: callable(WebDriver)\n            - A callable object that takes a WebDriver instance as an argument.\n    \n        message: str\n            - Optional message for :exc:`TimeoutException`\n    \n        Return:\n        -------\n        object: T\n            - The result of the last call to `method`\n    \n        Raises:\n        -------\n        TimeoutException\n            - If 'method' does not return a truthy value within the WebDriverWait\n            object's timeout\n    \n        Example:\n        --------\n        >>> from selenium.webdriver.common.by import By\n        >>> from selenium.webdriver.support.ui import WebDriverWait\n        >>> from selenium.webdriver.support import expected_conditions as EC\n    \n        # Wait until an element is visible on the page\n        >>> wait = WebDriverWait(driver, 10)\n        >>> element = wait.until(EC.visibility_of_element_located((By.ID, \"exampleId\")))\n        >>> print(element.text)\n        \"\"\"\n        screen = None\n        stacktrace = None\n    \n        end_time = time.monotonic() + self._timeout\n        while True:\n            try:\n                value = method(self._driver)\n                if value:\n                    return value\n            except self._ignored_exceptions as exc:\n                screen = getattr(exc, \"screen\", None)\n                stacktrace = getattr(exc, \"stacktrace\", None)\n            if time.monotonic() > end_time:\n                break\n            time.sleep(self._poll)\n>       raise TimeoutException(message, screen, stacktrace)\nE       selenium.common.exceptions.TimeoutException: Message: \nE       Stacktrace:\nE       \tGetHandleVerifier [0x0x7ff7c25b6f65+78965]\nE       \tGetHandleVerifier [0x0x7ff7c25b6fc0+79056]\nE       \t(No symbol) [0x0x7ff7c2349dda]\nE       \t(No symbol) [0x0x7ff7c23a02ea]\nE       \t(No symbol) [0x0x7ff7c23a059c]\nE       \t(No symbol) [0x0x7ff7c23f3f37]\nE       \t(No symbol) [0x0x7ff7c23c86af]\nE       \t(No symbol) [0x0x7ff7c23f0dbe]\nE       \t(No symbol) [0x0x7ff7c23c8443]\nE       \t(No symbol) [0x0x7ff7c2391311]\nE       \t(No symbol) [0x0x7ff7c23920a3]\nE       \tGetHandleVerifier [0x0x7ff7c286e26d+2926461]\nE       \tGetHandleVerifier [0x0x7ff7c2868993+2903715]\nE       \tGetHandleVerifier [0x0x7ff7c2886aed+3026941]\nE       \tGetHandleVerifier [0x0x7ff7c25d16fe+187406]\nE       \tGetHandleVerifier [0x0x7ff7c25d96ef+220159]\nE       \tGetHandleVerifier [0x0x7ff7c25bfaf4+114692]\nE       \tGetHandleVerifier [0x0x7ff7c25bfca9+115129]\nE       \tGetHandleVerifier [0x0x7ff7c25a64d8+10728]\nE       \tBaseThreadInitThunk [0x0x7ff832417374+20]\nE       \tRtlUserThreadStart [0x0x7ff833d3cc91+33]\n\nmyenv\\lib\\site-packages\\selenium\\webdriver\\support\\wait.py:138: TimeoutException\n\nDuring handling of the above exception, another exception occurred:\n\n    @pytest.fixture  # (scope=\"class\")这个参数表示整个测试类共用同一个浏览器，默认一个用例执行一次\n    def login_to_spec1():\n        \"\"\"初始化并返回 driver\"\"\"\n        date_driver = DateDriver()\n        # 初始化 driver\n        driver = create_driver(date_driver.driver_path)\n        driver.implicitly_wait(3)\n    \n        # 初始化登录页面\n        page = LoginPage(driver)  # 初始化登录页面\n        url = date_driver.url\n        print(f\"[INFO] 正在导航到 URL: {url}\")\n        # 尝试访问 URL，捕获连接错误\n        for attempt in range(2):\n            try:\n                page.navigate_to(url)\n                break\n            except WebDriverException as e:\n                capture_screenshot(driver, f\"login_fail_{attempt + 1}\")\n                logging.warning(f\"第 {attempt + 1} 次连接失败: {e}\")\n                driver.refresh()\n                sleep(date_driver.URL_RETRY_WAIT)\n        else:\n            logging.error(\"连接失败多次，测试中止\")\n            safe_quit(driver)\n            raise RuntimeError(\"无法连接到登录页面\")\n    \n        page.login(date_driver.username, date_driver.password, date_driver.planning)\n>       page.click_button('(//span[text()=\"计划管理\"])[1]')  # 点击计划管理\n\nTests\\test_items\\test_spec1.py:49: \n_ _ _ _ _ _ _ _ _ _ _ _ _ _ _ _ _ _ _ _ _ _ _ _ _ _ _ _ _ _ _ _ _ _ _ _ _ _ _ _ _ _ _ _ _ _ _ _ _ _ _ _ _ _ _ _ _ _ _ _ _ _ _ _ _ _ _ _ _ _ _ _ _ _ _ _ _ _ _ _ _ _ _ _ _ _ _ _ _ _ _ _ _ _ _ _ _ _ _ _ _ _ _ _ _ _ _ _ _ _ _ _ _ _ _ _\nPages\\itemsPage\\login_page.py:24: in click_button\n    self.click(By.XPATH, xpath)\n_ _ _ _ _ _ _ _ _ _ _ _ _ _ _ _ _ _ _ _ _ _ _ _ _ _ _ _ _ _ _ _ _ _ _ _ _ _ _ _ _ _ _ _ _ _ _ _ _ _ _ _ _ _ _ _ _ _ _ _ _ _ _ _ _ _ _ _ _ _ _ _ _ _ _ _ _ _ _ _ _ _ _ _ _ _ _ _ _ _ _ _ _ _ _ _ _ _ _ _ _ _ _ _ _ _ _ _ _ _ _ _ _ _ _ _\n\nself = <Pages.itemsPage.login_page.LoginPage object at 0x0000018AD2671C60>, by_or_element = 'xpath', value = '(//span[text()=\"计划管理\"])[1]', wait_time = 10\n\n    def click(self, by_or_element, value=None, wait_time=10):\n        if value is not None:\n            by = by_or_element\n            logging.info(f\"点击元素：By = {by}, Value = {value}\")\n            try:\n                element = WebDriverWait(self.driver, wait_time).until(\n                    EC.element_to_be_clickable((by, value))\n                )\n            except TimeoutException:\n                logging.warning(f\"❌ 点击超时：元素 {by} = {value} 未在 {wait_time} 秒内变为可点击\")\n>               raise TimeoutException(f\"点击失败，找不到元素：{by} = {value}\")\nE               selenium.common.exceptions.TimeoutException: Message: 点击失败，找不到元素：xpath = (//span[text()=\"计划管理\"])[1]\n\nPages\\base_page.py:50: TimeoutException","steps":[],"attachments":[{"uid":"f9dff78186201549","name":"log","source":"f9dff78186201549.txt","type":"text/plain","size":593}],"parameters":[],"stepsCount":0,"attachmentStep":false,"hasContent":true,"shouldDisplayMessage":true,"attachmentsCount":1},"afterStages":[],"labels":[{"name":"story","value":"下拉框选择成功"},{"name":"feature","value":"生产特征表测试用例"},{"name":"parentSuite","value":"Tests.test_items"},{"name":"suite","value":"test_spec1"},{"name":"subSuite","value":"TestSpecPage"},{"name":"host","value":"WIN-20240820MJV"},{"name":"thread","value":"2848-MainThread"},{"name":"framework","value":"pytest"},{"name":"language","value":"cpython3"},{"name":"package","value":"Tests.test_items.test_spec1"},{"name":"resultFormat","value":"allure2"}],"parameters":[],"links":[],"hidden":true,"retry":true,"extra":{"categories":[],"tags":[]},"source":"4d6c7e30679a74ab.json","parameterValues":[]}