{"uid":"4f07c0cc4cc82a18","name":"test_acceptdata_select2","fullName":"Tests.test_system.test_acceptdata.TestSAcceptDataPage#test_acceptdata_select2","historyId":"07048f8ed6466fa01118b7de65b1dd3d","time":{"start":1762392304492,"stop":1762392312657,"duration":8165},"status":"failed","statusMessage":"AssertionError: assert False\n +  where False = all(<generator object TestSAcceptDataPage.test_acceptdata_select2.<locals>.<genexpr> at 0x0000023D346FB3E0>)","statusTrace":"self = <test_system.test_acceptdata.TestSAcceptDataPage object at 0x0000023D31DFA2C0>, login_to_acceptdata = <selenium.webdriver.chrome.webdriver.WebDriver (session=\"955f4a675da44dfdcb8a81d83e937319\")>\n\n    @allure.story(\"过滤条件查询，设置包含条件查询成功\")\n    # @pytest.mark.run(order=1)\n    def test_acceptdata_select2(self, login_to_acceptdata):\n        driver = login_to_acceptdata  # WebDriver 实例\n        acceptdata = ImpPage(driver)  # 用 driver 初始化 ImpPage\n        acceptdata.wait_for_loading_to_disappear()\n        name = \"1测试\"\n        acceptdata.click_button('//div[p[text()=\"接口名称\"]]/following-sibling::div//i')\n        acceptdata.hover(\"包含\")\n        sleep(1)\n        acceptdata.select_input(name)\n        sleep(1)\n        eles = acceptdata.finds_elements(By.XPATH, '//table[@class=\"vxe-table--body\"]//tr//td[3]')\n        sleep(1)\n        list_ = [ele.text for ele in eles]\n>       assert all(name in text for text in list_)\nE       assert False\nE        +  where False = all(<generator object TestSAcceptDataPage.test_acceptdata_select2.<locals>.<genexpr> at 0x0000023D346FB3E0>)\n\nTests\\test_system\\test_acceptdata.py:294: AssertionError","flaky":false,"newFailed":false,"newBroken":false,"newPassed":false,"retriesCount":0,"retriesStatusChange":false,"beforeStages":[{"name":"login_to_acceptdata","time":{"start":1762392292857,"stop":1762392304492,"duration":11635},"status":"passed","steps":[],"attachments":[],"parameters":[],"attachmentsCount":0,"shouldDisplayMessage":false,"stepsCount":0,"hasContent":false,"attachmentStep":false}],"testStage":{"status":"failed","statusMessage":"AssertionError: assert False\n +  where False = all(<generator object TestSAcceptDataPage.test_acceptdata_select2.<locals>.<genexpr> at 0x0000023D346FB3E0>)","statusTrace":"self = <test_system.test_acceptdata.TestSAcceptDataPage object at 0x0000023D31DFA2C0>, login_to_acceptdata = <selenium.webdriver.chrome.webdriver.WebDriver (session=\"955f4a675da44dfdcb8a81d83e937319\")>\n\n    @allure.story(\"过滤条件查询，设置包含条件查询成功\")\n    # @pytest.mark.run(order=1)\n    def test_acceptdata_select2(self, login_to_acceptdata):\n        driver = login_to_acceptdata  # WebDriver 实例\n        acceptdata = ImpPage(driver)  # 用 driver 初始化 ImpPage\n        acceptdata.wait_for_loading_to_disappear()\n        name = \"1测试\"\n        acceptdata.click_button('//div[p[text()=\"接口名称\"]]/following-sibling::div//i')\n        acceptdata.hover(\"包含\")\n        sleep(1)\n        acceptdata.select_input(name)\n        sleep(1)\n        eles = acceptdata.finds_elements(By.XPATH, '//table[@class=\"vxe-table--body\"]//tr//td[3]')\n        sleep(1)\n        list_ = [ele.text for ele in eles]\n>       assert all(name in text for text in list_)\nE       assert False\nE        +  where False = all(<generator object TestSAcceptDataPage.test_acceptdata_select2.<locals>.<genexpr> at 0x0000023D346FB3E0>)\n\nTests\\test_system\\test_acceptdata.py:294: AssertionError","steps":[],"attachments":[{"uid":"6d914401ed012eed","name":"test_acceptdata_select2_failure","source":"6d914401ed012eed.png","type":"image/png","size":58650},{"uid":"6e383f916072f067","name":"test_acceptdata_select2_source","source":"6e383f916072f067.html","type":"text/html","size":1120020},{"uid":"3028f1f33fe06c9e","name":"log","source":"3028f1f33fe06c9e.txt","type":"text/plain","size":1641}],"parameters":[],"attachmentsCount":3,"shouldDisplayMessage":true,"stepsCount":0,"hasContent":true,"attachmentStep":false},"afterStages":[{"name":"login_to_acceptdata::0","time":{"start":1762392312817,"stop":1762392314965,"duration":2148},"status":"passed","steps":[],"attachments":[],"parameters":[],"attachmentsCount":0,"shouldDisplayMessage":false,"stepsCount":0,"hasContent":false,"attachmentStep":false}],"labels":[{"name":"story","value":"过滤条件查询，设置包含条件查询成功"},{"name":"feature","value":"接收数据页用例"},{"name":"parentSuite","value":"Tests.test_system"},{"name":"suite","value":"test_acceptdata"},{"name":"subSuite","value":"TestSAcceptDataPage"},{"name":"host","value":"WIN-20240820MJV"},{"name":"thread","value":"34192-MainThread"},{"name":"framework","value":"pytest"},{"name":"language","value":"cpython3"},{"name":"package","value":"Tests.test_system.test_acceptdata"},{"name":"resultFormat","value":"allure2"}],"parameters":[],"links":[],"hidden":true,"retry":true,"extra":{"categories":[],"tags":[]},"source":"4f07c0cc4cc82a18.json","parameterValues":[]}