{"uid":"510ef3de2299f800","name":"test_modeldesign_update","fullName":"Tests.test_system.test_modeldesign.TestSModelDesignPage#test_modeldesign_update","historyId":"81dfcaa27dd3bcf281cd76b54d7aa3ec","time":{"start":1762467368412,"stop":1762467373627,"duration":5215},"status":"failed","statusMessage":"AssertionError: assert '新增成功！' == '编辑成功！'\n  \n  \u001B[0m\u001B[91m- 编辑成功！\u001B[39;49;00m\u001B[90m\u001B[39;49;00m\n  \u001B[92m+ 新增成功！\u001B[39;49;00m\u001B[90m\u001B[39;49;00m","statusTrace":"self = <test_system.test_modeldesign.TestSModelDesignPage object at 0x0000027FDB13C190>, login_to_modeldesign = <selenium.webdriver.chrome.webdriver.WebDriver (session=\"947cf0b603835c1419d2277ac1412ca4\")>\n\n    @allure.story(\"修改名称成功\")\n    # @pytest.mark.run(order=1)\n    def test_modeldesign_update(self, login_to_modeldesign):\n        driver = login_to_modeldesign  # WebDriver 实例\n        model = OtherPage(driver)  # 用 driver 初始化 OtherPage\n        before_name = '1测试模型'\n        after_name = '3测试模型'\n        sleep(2)\n        model.click_button(f'//div[@class=\"content-siadeNav\"]//div[@role=\"treeitem\"][1]/div[2]/div//span[text()=\" {before_name} \"]')\n        model.click_modeldesign_button(\"模型重命名\")\n        model.enter_texts('//div[label[text()=\"模型名称\"]]//input', after_name)\n        model.click_confirm()\n        message = model.get_find_message()\n        sy = model.get_find_element_xpath(\n            f'(//div[@class=\"content-siadeNav\"]//div[@role=\"treeitem\"][1]/div[1]/span[contains(@class,\"el-tree-node__expand-icon\")])[1]').get_attribute(\n            'class')\n        if 'expanded' not in sy:\n            model.click_button(\n                '(//div[@class=\"content-siadeNav\"]//div[@role=\"treeitem\"][1]/div[1]/span[contains(@class,\"el-tree-node__expand-icon\")])[1]')\n        sleep(1)\n        ele1 = model.finds_elements(By.XPATH,\n                                   f'//div[@class=\"content-siadeNav\"]//div[@role=\"treeitem\"]//span[text()=\" {after_name} \"]')\n        ele2 = model.finds_elements(By.XPATH,\n                                    f'//div[@class=\"content-siadeNav\"]//div[@role=\"treeitem\"]//span[text()=\" {before_name} \"]')\n>       assert message == \"编辑成功！\"\nE       AssertionError: assert '新增成功！' == '编辑成功！'\nE         \nE         \u001B[0m\u001B[91m- 编辑成功！\u001B[39;49;00m\u001B[90m\u001B[39;49;00m\nE         \u001B[92m+ 新增成功！\u001B[39;49;00m\u001B[90m\u001B[39;49;00m\n\nTests\\test_system\\test_modeldesign.py:173: AssertionError","flaky":false,"newFailed":false,"newBroken":false,"newPassed":false,"retriesCount":1,"retriesStatusChange":false,"beforeStages":[{"name":"login_to_modeldesign","time":{"start":1762467358073,"stop":1762467368411,"duration":10338},"status":"passed","steps":[],"attachments":[],"parameters":[],"stepsCount":0,"hasContent":false,"attachmentStep":false,"shouldDisplayMessage":false,"attachmentsCount":0}],"testStage":{"status":"failed","statusMessage":"AssertionError: assert '新增成功！' == '编辑成功！'\n  \n  \u001B[0m\u001B[91m- 编辑成功！\u001B[39;49;00m\u001B[90m\u001B[39;49;00m\n  \u001B[92m+ 新增成功！\u001B[39;49;00m\u001B[90m\u001B[39;49;00m","statusTrace":"self = <test_system.test_modeldesign.TestSModelDesignPage object at 0x0000027FDB13C190>, login_to_modeldesign = <selenium.webdriver.chrome.webdriver.WebDriver (session=\"947cf0b603835c1419d2277ac1412ca4\")>\n\n    @allure.story(\"修改名称成功\")\n    # @pytest.mark.run(order=1)\n    def test_modeldesign_update(self, login_to_modeldesign):\n        driver = login_to_modeldesign  # WebDriver 实例\n        model = OtherPage(driver)  # 用 driver 初始化 OtherPage\n        before_name = '1测试模型'\n        after_name = '3测试模型'\n        sleep(2)\n        model.click_button(f'//div[@class=\"content-siadeNav\"]//div[@role=\"treeitem\"][1]/div[2]/div//span[text()=\" {before_name} \"]')\n        model.click_modeldesign_button(\"模型重命名\")\n        model.enter_texts('//div[label[text()=\"模型名称\"]]//input', after_name)\n        model.click_confirm()\n        message = model.get_find_message()\n        sy = model.get_find_element_xpath(\n            f'(//div[@class=\"content-siadeNav\"]//div[@role=\"treeitem\"][1]/div[1]/span[contains(@class,\"el-tree-node__expand-icon\")])[1]').get_attribute(\n            'class')\n        if 'expanded' not in sy:\n            model.click_button(\n                '(//div[@class=\"content-siadeNav\"]//div[@role=\"treeitem\"][1]/div[1]/span[contains(@class,\"el-tree-node__expand-icon\")])[1]')\n        sleep(1)\n        ele1 = model.finds_elements(By.XPATH,\n                                   f'//div[@class=\"content-siadeNav\"]//div[@role=\"treeitem\"]//span[text()=\" {after_name} \"]')\n        ele2 = model.finds_elements(By.XPATH,\n                                    f'//div[@class=\"content-siadeNav\"]//div[@role=\"treeitem\"]//span[text()=\" {before_name} \"]')\n>       assert message == \"编辑成功！\"\nE       AssertionError: assert '新增成功！' == '编辑成功！'\nE         \nE         \u001B[0m\u001B[91m- 编辑成功！\u001B[39;49;00m\u001B[90m\u001B[39;49;00m\nE         \u001B[92m+ 新增成功！\u001B[39;49;00m\u001B[90m\u001B[39;49;00m\n\nTests\\test_system\\test_modeldesign.py:173: AssertionError","steps":[],"attachments":[{"uid":"9273f7e7a6a3c7ff","name":"test_modeldesign_update_failure","source":"9273f7e7a6a3c7ff.png","type":"image/png","size":64177},{"uid":"f9c7b628e2fa52cc","name":"test_modeldesign_update_source","source":"f9c7b628e2fa52cc.html","type":"text/html","size":1171555},{"uid":"b32b9ba931f854b7","name":"log","source":"b32b9ba931f854b7.txt","type":"text/plain","size":4403}],"parameters":[],"stepsCount":0,"hasContent":true,"attachmentStep":false,"shouldDisplayMessage":true,"attachmentsCount":3},"afterStages":[{"name":"login_to_modeldesign::0","time":{"start":1762467373809,"stop":1762467375983,"duration":2174},"status":"passed","steps":[],"attachments":[],"parameters":[],"stepsCount":0,"hasContent":false,"attachmentStep":false,"shouldDisplayMessage":false,"attachmentsCount":0}],"labels":[{"name":"story","value":"修改名称成功"},{"name":"feature","value":"模型设计页用例"},{"name":"parentSuite","value":"Tests.test_system"},{"name":"suite","value":"test_modeldesign"},{"name":"subSuite","value":"TestSModelDesignPage"},{"name":"host","value":"WIN-20240820MJV"},{"name":"thread","value":"24676-MainThread"},{"name":"framework","value":"pytest"},{"name":"language","value":"cpython3"},{"name":"package","value":"Tests.test_system.test_modeldesign"},{"name":"resultFormat","value":"allure2"}],"parameters":[],"links":[],"hidden":false,"retry":false,"extra":{"severity":"normal","retries":[{"uid":"d38b656ccc334554","status":"failed","statusDetails":"AssertionError: assert '新增成功！' == '编辑成功！'\n  \n  \u001B[0m\u001B[91m- 编辑成功！\u001B[39;49;00m\u001B[90m\u001B[39;49;00m\n  \u001B[92m+ 新增成功！\u001B[39;49;00m\u001B[90m\u001B[39;49;00m","time":{"start":1762467351033,"stop":1762467355734,"duration":4701}}],"categories":[{"name":"Product defects","matchedStatuses":[]}],"tags":[]},"source":"510ef3de2299f800.json","parameterValues":[]}