{"uid":"511a19a61fa0c221","name":"test_environment_cycle_numinput2","fullName":"Tests.test_system.test_environment.TestEnvironmentPage#test_environment_cycle_numinput2","historyId":"b29780f2abb21e675f30e89a0bef0279","time":{"start":1762273309889,"stop":1762273320595,"duration":10706},"status":"failed","statusMessage":"AssertionError: assert (False)\n +  where False = all(<generator object TestEnvironmentPage.test_environment_cycle_numinput2.<locals>.<genexpr> at 0x00000168588E3290>)","statusTrace":"self = <test_system.test_environment.TestEnvironmentPage object at 0x0000016856A6EDD0>, login_to_environment = <selenium.webdriver.chrome.webdriver.WebDriver (session=\"cb45629dbd60256d6a08b3b7aa2557bc\")>\n\n    @allure.story(\"周期页面-校验所有数字输入框-超过最大值为99999999999\")\n    # @pytest.mark.run(order=1)\n    def test_environment_cycle_numinput2(self, login_to_environment):\n        driver = login_to_environment  # WebDriver 实例\n        environment = EnvironmentPage(driver)  # 用 driver 初始化 EnvironmentPage\n        environment.click_cycle()\n        value = \"11111111111111111111111111\"\n        xpth_list = [\n            '//div[label[text()=\"分派开始时间:\"]]//input',\n            '//div[label[text()=\"分派结束时间:\"]]//input',\n            '//div[label[text()=\"生产指令结束时间:\"]]//input',\n            '//div[label[text()=\"显示开始时间:\"]]//input',\n            '//div[label[text()=\"显示结束时间:\"]]//input',\n        ]\n        environment.batch_modify_input(xpth_list, value)\n        before_value = environment.batch_acquisition_input(xpth_list)\n        environment.click_save_button()\n        message = environment.get_find_message()\n        environment.right_refresh()\n        environment.click_cycle()\n        after_value = environment.batch_acquisition_input(xpth_list)\n        num_ = \"99999999999\"\n>       assert all(num_ == v for v in after_value) and message == \"保存成功\"\nE       assert (False)\nE        +  where False = all(<generator object TestEnvironmentPage.test_environment_cycle_numinput2.<locals>.<genexpr> at 0x00000168588E3290>)\n\nTests\\test_system\\test_environment.py:196: AssertionError","flaky":false,"newFailed":false,"newBroken":false,"newPassed":false,"retriesCount":1,"retriesStatusChange":false,"beforeStages":[{"name":"login_to_environment","time":{"start":1762273297994,"stop":1762273309889,"duration":11895},"status":"passed","steps":[],"attachments":[],"parameters":[],"hasContent":false,"attachmentStep":false,"stepsCount":0,"attachmentsCount":0,"shouldDisplayMessage":false}],"testStage":{"status":"failed","statusMessage":"AssertionError: assert (False)\n +  where False = all(<generator object TestEnvironmentPage.test_environment_cycle_numinput2.<locals>.<genexpr> at 0x00000168588E3290>)","statusTrace":"self = <test_system.test_environment.TestEnvironmentPage object at 0x0000016856A6EDD0>, login_to_environment = <selenium.webdriver.chrome.webdriver.WebDriver (session=\"cb45629dbd60256d6a08b3b7aa2557bc\")>\n\n    @allure.story(\"周期页面-校验所有数字输入框-超过最大值为99999999999\")\n    # @pytest.mark.run(order=1)\n    def test_environment_cycle_numinput2(self, login_to_environment):\n        driver = login_to_environment  # WebDriver 实例\n        environment = EnvironmentPage(driver)  # 用 driver 初始化 EnvironmentPage\n        environment.click_cycle()\n        value = \"11111111111111111111111111\"\n        xpth_list = [\n            '//div[label[text()=\"分派开始时间:\"]]//input',\n            '//div[label[text()=\"分派结束时间:\"]]//input',\n            '//div[label[text()=\"生产指令结束时间:\"]]//input',\n            '//div[label[text()=\"显示开始时间:\"]]//input',\n            '//div[label[text()=\"显示结束时间:\"]]//input',\n        ]\n        environment.batch_modify_input(xpth_list, value)\n        before_value = environment.batch_acquisition_input(xpth_list)\n        environment.click_save_button()\n        message = environment.get_find_message()\n        environment.right_refresh()\n        environment.click_cycle()\n        after_value = environment.batch_acquisition_input(xpth_list)\n        num_ = \"99999999999\"\n>       assert all(num_ == v for v in after_value) and message == \"保存成功\"\nE       assert (False)\nE        +  where False = all(<generator object TestEnvironmentPage.test_environment_cycle_numinput2.<locals>.<genexpr> at 0x00000168588E3290>)\n\nTests\\test_system\\test_environment.py:196: AssertionError","steps":[],"attachments":[{"uid":"bce7c4948094a51b","name":"test_environment_cycle_numinput2_failure","source":"bce7c4948094a51b.png","type":"image/png","size":67200},{"uid":"7b979beb1764dd61","name":"test_environment_cycle_numinput2_source","source":"7b979beb1764dd61.html","type":"text/html","size":1137879},{"uid":"9543054792bb1472","name":"log","source":"9543054792bb1472.txt","type":"text/plain","size":7291}],"parameters":[],"hasContent":true,"attachmentStep":false,"stepsCount":0,"attachmentsCount":3,"shouldDisplayMessage":true},"afterStages":[{"name":"login_to_environment::0","time":{"start":1762273320780,"stop":1762273322926,"duration":2146},"status":"passed","steps":[],"attachments":[],"parameters":[],"hasContent":false,"attachmentStep":false,"stepsCount":0,"attachmentsCount":0,"shouldDisplayMessage":false}],"labels":[{"name":"feature","value":"环境设置页用例"},{"name":"story","value":"周期页面-校验所有数字输入框-超过最大值为99999999999"},{"name":"parentSuite","value":"Tests.test_system"},{"name":"suite","value":"test_environment"},{"name":"subSuite","value":"TestEnvironmentPage"},{"name":"host","value":"WIN-20240820MJV"},{"name":"thread","value":"33540-MainThread"},{"name":"framework","value":"pytest"},{"name":"language","value":"cpython3"},{"name":"package","value":"Tests.test_system.test_environment"},{"name":"resultFormat","value":"allure2"}],"parameters":[],"links":[],"hidden":false,"retry":false,"extra":{"severity":"normal","retries":[{"uid":"5d4474bd60ba608b","status":"failed","statusDetails":"AssertionError: assert (False)\n +  where False = all(<generator object TestEnvironmentPage.test_environment_cycle_numinput2.<locals>.<genexpr> at 0x00000168588E2DC0>)","time":{"start":1762273285081,"stop":1762273295665,"duration":10584}}],"categories":[{"name":"Product defects","matchedStatuses":[]}],"tags":[]},"source":"511a19a61fa0c221.json","parameterValues":[]}