{"uid":"5279e3ca16a3431d","name":"test_acceptdata_addfail1","fullName":"Tests.test_system.test_acceptdata.TestSAcceptDataPage#test_acceptdata_addfail1","historyId":"17c288e6347ec02341fedd06548431cb","time":{"start":1763421663362,"stop":1763421667433,"duration":4071},"status":"failed","statusMessage":"AssertionError: assert '请填写信息' == '请填写数据'\n  \n  \u001B[0m\u001B[91m- 请填写数据\u001B[39;49;00m\u001B[90m\u001B[39;49;00m\n  \u001B[92m+ 请填写信息\u001B[39;49;00m\u001B[90m\u001B[39;49;00m","statusTrace":"self = <test_system.test_acceptdata.TestSAcceptDataPage object at 0x000001961C3C1D50>, login_to_acceptdata = <selenium.webdriver.chrome.webdriver.WebDriver (session=\"4bff717b4eae586f28e24db1bdca0901\")>\n\n    @allure.story(\"不填写数据点击新增不允许保存\")\n    # @pytest.mark.run(order=1)\n    def test_acceptdata_addfail1(self, login_to_acceptdata):\n        driver = login_to_acceptdata  # WebDriver 实例\n        acceptdata = ImpPage(driver)  # 用 driver 初始化 ImpPage\n        acceptdata.click_all_button(\"新增\")\n        acceptdata.click_confirm()\n        message = acceptdata.get_error_message()\n>       assert message == \"请填写数据\"\nE       AssertionError: assert '请填写信息' == '请填写数据'\nE         \nE         \u001B[0m\u001B[91m- 请填写数据\u001B[39;49;00m\u001B[90m\u001B[39;49;00m\nE         \u001B[92m+ 请填写信息\u001B[39;49;00m\u001B[90m\u001B[39;49;00m\n\nTests\\test_system\\test_acceptdata.py:73: AssertionError","flaky":false,"newFailed":false,"newBroken":false,"newPassed":false,"retriesCount":1,"retriesStatusChange":false,"beforeStages":[{"name":"login_to_acceptdata","time":{"start":1763421650474,"stop":1763421663361,"duration":12887},"status":"passed","steps":[],"attachments":[],"parameters":[],"hasContent":false,"stepsCount":0,"attachmentStep":false,"attachmentsCount":0,"shouldDisplayMessage":false}],"testStage":{"status":"failed","statusMessage":"AssertionError: assert '请填写信息' == '请填写数据'\n  \n  \u001B[0m\u001B[91m- 请填写数据\u001B[39;49;00m\u001B[90m\u001B[39;49;00m\n  \u001B[92m+ 请填写信息\u001B[39;49;00m\u001B[90m\u001B[39;49;00m","statusTrace":"self = <test_system.test_acceptdata.TestSAcceptDataPage object at 0x000001961C3C1D50>, login_to_acceptdata = <selenium.webdriver.chrome.webdriver.WebDriver (session=\"4bff717b4eae586f28e24db1bdca0901\")>\n\n    @allure.story(\"不填写数据点击新增不允许保存\")\n    # @pytest.mark.run(order=1)\n    def test_acceptdata_addfail1(self, login_to_acceptdata):\n        driver = login_to_acceptdata  # WebDriver 实例\n        acceptdata = ImpPage(driver)  # 用 driver 初始化 ImpPage\n        acceptdata.click_all_button(\"新增\")\n        acceptdata.click_confirm()\n        message = acceptdata.get_error_message()\n>       assert message == \"请填写数据\"\nE       AssertionError: assert '请填写信息' == '请填写数据'\nE         \nE         \u001B[0m\u001B[91m- 请填写数据\u001B[39;49;00m\u001B[90m\u001B[39;49;00m\nE         \u001B[92m+ 请填写信息\u001B[39;49;00m\u001B[90m\u001B[39;49;00m\n\nTests\\test_system\\test_acceptdata.py:73: AssertionError","steps":[],"attachments":[{"uid":"fdbed848ceb7dade","name":"test_acceptdata_addfail1_failure","source":"fdbed848ceb7dade.png","type":"image/png","size":86540},{"uid":"d902541e3175569","name":"test_acceptdata_addfail1_source","source":"d902541e3175569.html","type":"text/html","size":1176449},{"uid":"c0fa3664e556ae61","name":"log","source":"c0fa3664e556ae61.txt","type":"text/plain","size":3089}],"parameters":[],"hasContent":true,"stepsCount":0,"attachmentStep":false,"attachmentsCount":3,"shouldDisplayMessage":true},"afterStages":[{"name":"login_to_acceptdata::0","time":{"start":1763421667569,"stop":1763421669703,"duration":2134},"status":"passed","steps":[],"attachments":[],"parameters":[],"hasContent":false,"stepsCount":0,"attachmentStep":false,"attachmentsCount":0,"shouldDisplayMessage":false}],"labels":[{"name":"story","value":"不填写数据点击新增不允许保存"},{"name":"feature","value":"接收数据页用例"},{"name":"parentSuite","value":"Tests.test_system"},{"name":"suite","value":"test_acceptdata"},{"name":"subSuite","value":"TestSAcceptDataPage"},{"name":"host","value":"WIN-20240820MJV"},{"name":"thread","value":"24860-MainThread"},{"name":"framework","value":"pytest"},{"name":"language","value":"cpython3"},{"name":"package","value":"Tests.test_system.test_acceptdata"},{"name":"resultFormat","value":"allure2"}],"parameters":[],"links":[],"hidden":false,"retry":false,"extra":{"severity":"normal","retries":[{"uid":"7b0acb4f2a39869c","status":"failed","statusDetails":"AssertionError: assert '请填写信息' == '请填写数据'\n  \n  \u001B[0m\u001B[91m- 请填写数据\u001B[39;49;00m\u001B[90m\u001B[39;49;00m\n  \u001B[92m+ 请填写信息\u001B[39;49;00m\u001B[90m\u001B[39;49;00m","time":{"start":1763421646448,"stop":1763421648163,"duration":1715}}],"categories":[{"name":"Product defects","matchedStatuses":[]}],"tags":[]},"source":"5279e3ca16a3431d.json","parameterValues":[]}