{"uid":"56c67437b83c6b44","name":"test_menu_select1","fullName":"Tests.test_system.test_menu.TestSMenuPage#test_menu_select1","historyId":"a917ec847b3765071b1485da587a236e","time":{"start":1761783664364,"stop":1761783673405,"duration":9041},"status":"broken","statusMessage":"selenium.common.exceptions.StaleElementReferenceException: Message: stale element reference: stale element not found in the current frame\n  (Session info: chrome=137.0.7151.69); For documentation on this error, please visit: https://www.selenium.dev/documentation/webdriver/troubleshooting/errors#stale-element-reference-exception\nStacktrace:\n\tGetHandleVerifier [0x0x7ff7c25b6f65+78965]\n\tGetHandleVerifier [0x0x7ff7c25b6fc0+79056]\n\t(No symbol) [0x0x7ff7c2349dda]\n\t(No symbol) [0x0x7ff7c23517c1]\n\t(No symbol) [0x0x7ff7c235482c]\n\t(No symbol) [0x0x7ff7c23548ff]\n\t(No symbol) [0x0x7ff7c23a120a]\n\t(No symbol) [0x0x7ff7c23a12d7]\n\t(No symbol) [0x0x7ff7c2396acc]\n\t(No symbol) [0x0x7ff7c23c866a]\n\t(No symbol) [0x0x7ff7c2392b56]\n\t(No symbol) [0x0x7ff7c23c8880]\n\t(No symbol) [0x0x7ff7c23f0dbe]\n\t(No symbol) [0x0x7ff7c23c8443]\n\t(No symbol) [0x0x7ff7c2391311]\n\t(No symbol) [0x0x7ff7c23920a3]\n\tGetHandleVerifier [0x0x7ff7c286e26d+2926461]\n\tGetHandleVerifier [0x0x7ff7c2868993+2903715]\n\tGetHandleVerifier [0x0x7ff7c2886aed+3026941]\n\tGetHandleVerifier [0x0x7ff7c25d16fe+187406]\n\tGetHandleVerifier [0x0x7ff7c25d96ef+220159]\n\tGetHandleVerifier [0x0x7ff7c25bfaf4+114692]\n\tGetHandleVerifier [0x0x7ff7c25bfca9+115129]\n\tGetHandleVerifier [0x0x7ff7c25a64d8+10728]\n\tBaseThreadInitThunk [0x0x7ff832417374+20]\n\tRtlUserThreadStart [0x0x7ff833d3cc91+33]","statusTrace":"self = <test_system.test_menu.TestSMenuPage object at 0x0000018AD1D71A20>, login_to_menu = <selenium.webdriver.chrome.webdriver.WebDriver (session=\"e52c8f18dd8f7c06c961881a8253440e\")>\n\n    @allure.story(\"过滤查组件代码成功\")\n    # @pytest.mark.run(order=1)\n    def test_menu_select1(self, login_to_menu):\n        driver = login_to_menu  # WebDriver 实例\n        menu = ExpressionPage(driver)  # 用 driver 初始化 ExpressionPage\n        menu.wait_for_loading_to_disappear()\n        name = \"Plan\"\n        sleep(1)\n>       menu.select_input_menu(name)\n\nTests\\test_system\\test_menu.py:686: \n_ _ _ _ _ _ _ _ _ _ _ _ _ _ _ _ _ _ _ _ _ _ _ _ _ _ _ _ _ _ _ _ _ _ _ _ _ _ _ _ _ _ _ _ _ _ _ _ _ _ _ _ _ _ _ _ _ _ _ _ _ _ _ _ _ _ _ _ _ _ _ _ _ _ _ _ _ _ _ _ _ _ _ _ _ _ _ _ _ _ _ _ _ _ _ _ _ _ _ _ _ _ _ _ _ _ _ _ _ _ _ _ _ _ _ _\nPages\\systemPage\\expression_page.py:97: in select_input_menu\n    ele.send_keys(Keys.DELETE)\nmyenv\\lib\\site-packages\\selenium\\webdriver\\remote\\webelement.py:305: in send_keys\n    self._execute(\nmyenv\\lib\\site-packages\\selenium\\webdriver\\remote\\webelement.py:574: in _execute\n    return self._parent.execute(command, params)\nmyenv\\lib\\site-packages\\selenium\\webdriver\\remote\\webdriver.py:447: in execute\n    self.error_handler.check_response(response)\n_ _ _ _ _ _ _ _ _ _ _ _ _ _ _ _ _ _ _ _ _ _ _ _ _ _ _ _ _ _ _ _ _ _ _ _ _ _ _ _ _ _ _ _ _ _ _ _ _ _ _ _ _ _ _ _ _ _ _ _ _ _ _ _ _ _ _ _ _ _ _ _ _ _ _ _ _ _ _ _ _ _ _ _ _ _ _ _ _ _ _ _ _ _ _ _ _ _ _ _ _ _ _ _ _ _ _ _ _ _ _ _ _ _ _ _\n\nself = <selenium.webdriver.remote.errorhandler.ErrorHandler object at 0x0000018AD3F7E710>\nresponse = {'status': 404, 'value': '{\"value\":{\"error\":\"stale element reference\",\"message\":\"stale element reference: stale elemen...ff7c25a64d8+10728]\\\\n\\\\tBaseThreadInitThunk [0x0x7ff832417374+20]\\\\n\\\\tRtlUserThreadStart [0x0x7ff833d3cc91+33]\\\\n\"}}'}\n\n    def check_response(self, response: Dict[str, Any]) -> None:\n        \"\"\"Checks that a JSON response from the WebDriver does not have an\n        error.\n    \n        :Args:\n         - response - The JSON response from the WebDriver server as a dictionary\n           object.\n    \n        :Raises: If the response contains an error message.\n        \"\"\"\n        status = response.get(\"status\", None)\n        if not status or status == ErrorCode.SUCCESS:\n            return\n        value = None\n        message = response.get(\"message\", \"\")\n        screen: str = response.get(\"screen\", \"\")\n        stacktrace = None\n        if isinstance(status, int):\n            value_json = response.get(\"value\", None)\n            if value_json and isinstance(value_json, str):\n                import json\n    \n                try:\n                    value = json.loads(value_json)\n                    if len(value) == 1:\n                        value = value[\"value\"]\n                    status = value.get(\"error\", None)\n                    if not status:\n                        status = value.get(\"status\", ErrorCode.UNKNOWN_ERROR)\n                        message = value.get(\"value\") or value.get(\"message\")\n                        if not isinstance(message, str):\n                            value = message\n                            message = message.get(\"message\")\n                    else:\n                        message = value.get(\"message\", None)\n                except ValueError:\n                    pass\n    \n        exception_class: Type[WebDriverException]\n        e = ErrorCode()\n        error_codes = [item for item in dir(e) if not item.startswith(\"__\")]\n        for error_code in error_codes:\n            error_info = getattr(ErrorCode, error_code)\n            if isinstance(error_info, list) and status in error_info:\n                exception_class = getattr(ExceptionMapping, error_code, WebDriverException)\n                break\n        else:\n            exception_class = WebDriverException\n    \n        if not value:\n            value = response[\"value\"]\n        if isinstance(value, str):\n            raise exception_class(value)\n        if message == \"\" and \"message\" in value:\n            message = value[\"message\"]\n    \n        screen = None  # type: ignore[assignment]\n        if \"screen\" in value:\n            screen = value[\"screen\"]\n    \n        stacktrace = None\n        st_value = value.get(\"stackTrace\") or value.get(\"stacktrace\")\n        if st_value:\n            if isinstance(st_value, str):\n                stacktrace = st_value.split(\"\\n\")\n            else:\n                stacktrace = []\n                try:\n                    for frame in st_value:\n                        line = frame.get(\"lineNumber\", \"\")\n                        file = frame.get(\"fileName\", \"<anonymous>\")\n                        if line:\n                            file = f\"{file}:{line}\"\n                        meth = frame.get(\"methodName\", \"<anonymous>\")\n                        if \"className\" in frame:\n                            meth = f\"{frame['className']}.{meth}\"\n                        msg = \"    at %s (%s)\"\n                        msg = msg % (meth, file)\n                        stacktrace.append(msg)\n                except TypeError:\n                    pass\n        if exception_class == UnexpectedAlertPresentException:\n            alert_text = None\n            if \"data\" in value:\n                alert_text = value[\"data\"].get(\"text\")\n            elif \"alert\" in value:\n                alert_text = value[\"alert\"].get(\"text\")\n            raise exception_class(message, screen, stacktrace, alert_text)  # type: ignore[call-arg]  # mypy is not smart enough here\n>       raise exception_class(message, screen, stacktrace)\nE       selenium.common.exceptions.StaleElementReferenceException: Message: stale element reference: stale element not found in the current frame\nE         (Session info: chrome=137.0.7151.69); For documentation on this error, please visit: https://www.selenium.dev/documentation/webdriver/troubleshooting/errors#stale-element-reference-exception\nE       Stacktrace:\nE       \tGetHandleVerifier [0x0x7ff7c25b6f65+78965]\nE       \tGetHandleVerifier [0x0x7ff7c25b6fc0+79056]\nE       \t(No symbol) [0x0x7ff7c2349dda]\nE       \t(No symbol) [0x0x7ff7c23517c1]\nE       \t(No symbol) [0x0x7ff7c235482c]\nE       \t(No symbol) [0x0x7ff7c23548ff]\nE       \t(No symbol) [0x0x7ff7c23a120a]\nE       \t(No symbol) [0x0x7ff7c23a12d7]\nE       \t(No symbol) [0x0x7ff7c2396acc]\nE       \t(No symbol) [0x0x7ff7c23c866a]\nE       \t(No symbol) [0x0x7ff7c2392b56]\nE       \t(No symbol) [0x0x7ff7c23c8880]\nE       \t(No symbol) [0x0x7ff7c23f0dbe]\nE       \t(No symbol) [0x0x7ff7c23c8443]\nE       \t(No symbol) [0x0x7ff7c2391311]\nE       \t(No symbol) [0x0x7ff7c23920a3]\nE       \tGetHandleVerifier [0x0x7ff7c286e26d+2926461]\nE       \tGetHandleVerifier [0x0x7ff7c2868993+2903715]\nE       \tGetHandleVerifier [0x0x7ff7c2886aed+3026941]\nE       \tGetHandleVerifier [0x0x7ff7c25d16fe+187406]\nE       \tGetHandleVerifier [0x0x7ff7c25d96ef+220159]\nE       \tGetHandleVerifier [0x0x7ff7c25bfaf4+114692]\nE       \tGetHandleVerifier [0x0x7ff7c25bfca9+115129]\nE       \tGetHandleVerifier [0x0x7ff7c25a64d8+10728]\nE       \tBaseThreadInitThunk [0x0x7ff832417374+20]\nE       \tRtlUserThreadStart [0x0x7ff833d3cc91+33]\n\nmyenv\\lib\\site-packages\\selenium\\webdriver\\remote\\errorhandler.py:232: StaleElementReferenceException","flaky":false,"newFailed":false,"newBroken":false,"newPassed":false,"retriesCount":0,"retriesStatusChange":false,"beforeStages":[{"name":"login_to_menu","time":{"start":1761783633333,"stop":1761783664362,"duration":31029},"status":"passed","steps":[],"attachments":[],"parameters":[],"stepsCount":0,"attachmentStep":false,"hasContent":false,"shouldDisplayMessage":false,"attachmentsCount":0}],"testStage":{"status":"broken","statusMessage":"selenium.common.exceptions.StaleElementReferenceException: Message: stale element reference: stale element not found in the current frame\n  (Session info: chrome=137.0.7151.69); For documentation on this error, please visit: https://www.selenium.dev/documentation/webdriver/troubleshooting/errors#stale-element-reference-exception\nStacktrace:\n\tGetHandleVerifier [0x0x7ff7c25b6f65+78965]\n\tGetHandleVerifier [0x0x7ff7c25b6fc0+79056]\n\t(No symbol) [0x0x7ff7c2349dda]\n\t(No symbol) [0x0x7ff7c23517c1]\n\t(No symbol) [0x0x7ff7c235482c]\n\t(No symbol) [0x0x7ff7c23548ff]\n\t(No symbol) [0x0x7ff7c23a120a]\n\t(No symbol) [0x0x7ff7c23a12d7]\n\t(No symbol) [0x0x7ff7c2396acc]\n\t(No symbol) [0x0x7ff7c23c866a]\n\t(No symbol) [0x0x7ff7c2392b56]\n\t(No symbol) [0x0x7ff7c23c8880]\n\t(No symbol) [0x0x7ff7c23f0dbe]\n\t(No symbol) [0x0x7ff7c23c8443]\n\t(No symbol) [0x0x7ff7c2391311]\n\t(No symbol) [0x0x7ff7c23920a3]\n\tGetHandleVerifier [0x0x7ff7c286e26d+2926461]\n\tGetHandleVerifier [0x0x7ff7c2868993+2903715]\n\tGetHandleVerifier [0x0x7ff7c2886aed+3026941]\n\tGetHandleVerifier [0x0x7ff7c25d16fe+187406]\n\tGetHandleVerifier [0x0x7ff7c25d96ef+220159]\n\tGetHandleVerifier [0x0x7ff7c25bfaf4+114692]\n\tGetHandleVerifier [0x0x7ff7c25bfca9+115129]\n\tGetHandleVerifier [0x0x7ff7c25a64d8+10728]\n\tBaseThreadInitThunk [0x0x7ff832417374+20]\n\tRtlUserThreadStart [0x0x7ff833d3cc91+33]","statusTrace":"self = <test_system.test_menu.TestSMenuPage object at 0x0000018AD1D71A20>, login_to_menu = <selenium.webdriver.chrome.webdriver.WebDriver (session=\"e52c8f18dd8f7c06c961881a8253440e\")>\n\n    @allure.story(\"过滤查组件代码成功\")\n    # @pytest.mark.run(order=1)\n    def test_menu_select1(self, login_to_menu):\n        driver = login_to_menu  # WebDriver 实例\n        menu = ExpressionPage(driver)  # 用 driver 初始化 ExpressionPage\n        menu.wait_for_loading_to_disappear()\n        name = \"Plan\"\n        sleep(1)\n>       menu.select_input_menu(name)\n\nTests\\test_system\\test_menu.py:686: \n_ _ _ _ _ _ _ _ _ _ _ _ _ _ _ _ _ _ _ _ _ _ _ _ _ _ _ _ _ _ _ _ _ _ _ _ _ _ _ _ _ _ _ _ _ _ _ _ _ _ _ _ _ _ _ _ _ _ _ _ _ _ _ _ _ _ _ _ _ _ _ _ _ _ _ _ _ _ _ _ _ _ _ _ _ _ _ _ _ _ _ _ _ _ _ _ _ _ _ _ _ _ _ _ _ _ _ _ _ _ _ _ _ _ _ _\nPages\\systemPage\\expression_page.py:97: in select_input_menu\n    ele.send_keys(Keys.DELETE)\nmyenv\\lib\\site-packages\\selenium\\webdriver\\remote\\webelement.py:305: in send_keys\n    self._execute(\nmyenv\\lib\\site-packages\\selenium\\webdriver\\remote\\webelement.py:574: in _execute\n    return self._parent.execute(command, params)\nmyenv\\lib\\site-packages\\selenium\\webdriver\\remote\\webdriver.py:447: in execute\n    self.error_handler.check_response(response)\n_ _ _ _ _ _ _ _ _ _ _ _ _ _ _ _ _ _ _ _ _ _ _ _ _ _ _ _ _ _ _ _ _ _ _ _ _ _ _ _ _ _ _ _ _ _ _ _ _ _ _ _ _ _ _ _ _ _ _ _ _ _ _ _ _ _ _ _ _ _ _ _ _ _ _ _ _ _ _ _ _ _ _ _ _ _ _ _ _ _ _ _ _ _ _ _ _ _ _ _ _ _ _ _ _ _ _ _ _ _ _ _ _ _ _ _\n\nself = <selenium.webdriver.remote.errorhandler.ErrorHandler object at 0x0000018AD3F7E710>\nresponse = {'status': 404, 'value': '{\"value\":{\"error\":\"stale element reference\",\"message\":\"stale element reference: stale elemen...ff7c25a64d8+10728]\\\\n\\\\tBaseThreadInitThunk [0x0x7ff832417374+20]\\\\n\\\\tRtlUserThreadStart [0x0x7ff833d3cc91+33]\\\\n\"}}'}\n\n    def check_response(self, response: Dict[str, Any]) -> None:\n        \"\"\"Checks that a JSON response from the WebDriver does not have an\n        error.\n    \n        :Args:\n         - response - The JSON response from the WebDriver server as a dictionary\n           object.\n    \n        :Raises: If the response contains an error message.\n        \"\"\"\n        status = response.get(\"status\", None)\n        if not status or status == ErrorCode.SUCCESS:\n            return\n        value = None\n        message = response.get(\"message\", \"\")\n        screen: str = response.get(\"screen\", \"\")\n        stacktrace = None\n        if isinstance(status, int):\n            value_json = response.get(\"value\", None)\n            if value_json and isinstance(value_json, str):\n                import json\n    \n                try:\n                    value = json.loads(value_json)\n                    if len(value) == 1:\n                        value = value[\"value\"]\n                    status = value.get(\"error\", None)\n                    if not status:\n                        status = value.get(\"status\", ErrorCode.UNKNOWN_ERROR)\n                        message = value.get(\"value\") or value.get(\"message\")\n                        if not isinstance(message, str):\n                            value = message\n                            message = message.get(\"message\")\n                    else:\n                        message = value.get(\"message\", None)\n                except ValueError:\n                    pass\n    \n        exception_class: Type[WebDriverException]\n        e = ErrorCode()\n        error_codes = [item for item in dir(e) if not item.startswith(\"__\")]\n        for error_code in error_codes:\n            error_info = getattr(ErrorCode, error_code)\n            if isinstance(error_info, list) and status in error_info:\n                exception_class = getattr(ExceptionMapping, error_code, WebDriverException)\n                break\n        else:\n            exception_class = WebDriverException\n    \n        if not value:\n            value = response[\"value\"]\n        if isinstance(value, str):\n            raise exception_class(value)\n        if message == \"\" and \"message\" in value:\n            message = value[\"message\"]\n    \n        screen = None  # type: ignore[assignment]\n        if \"screen\" in value:\n            screen = value[\"screen\"]\n    \n        stacktrace = None\n        st_value = value.get(\"stackTrace\") or value.get(\"stacktrace\")\n        if st_value:\n            if isinstance(st_value, str):\n                stacktrace = st_value.split(\"\\n\")\n            else:\n                stacktrace = []\n                try:\n                    for frame in st_value:\n                        line = frame.get(\"lineNumber\", \"\")\n                        file = frame.get(\"fileName\", \"<anonymous>\")\n                        if line:\n                            file = f\"{file}:{line}\"\n                        meth = frame.get(\"methodName\", \"<anonymous>\")\n                        if \"className\" in frame:\n                            meth = f\"{frame['className']}.{meth}\"\n                        msg = \"    at %s (%s)\"\n                        msg = msg % (meth, file)\n                        stacktrace.append(msg)\n                except TypeError:\n                    pass\n        if exception_class == UnexpectedAlertPresentException:\n            alert_text = None\n            if \"data\" in value:\n                alert_text = value[\"data\"].get(\"text\")\n            elif \"alert\" in value:\n                alert_text = value[\"alert\"].get(\"text\")\n            raise exception_class(message, screen, stacktrace, alert_text)  # type: ignore[call-arg]  # mypy is not smart enough here\n>       raise exception_class(message, screen, stacktrace)\nE       selenium.common.exceptions.StaleElementReferenceException: Message: stale element reference: stale element not found in the current frame\nE         (Session info: chrome=137.0.7151.69); For documentation on this error, please visit: https://www.selenium.dev/documentation/webdriver/troubleshooting/errors#stale-element-reference-exception\nE       Stacktrace:\nE       \tGetHandleVerifier [0x0x7ff7c25b6f65+78965]\nE       \tGetHandleVerifier [0x0x7ff7c25b6fc0+79056]\nE       \t(No symbol) [0x0x7ff7c2349dda]\nE       \t(No symbol) [0x0x7ff7c23517c1]\nE       \t(No symbol) [0x0x7ff7c235482c]\nE       \t(No symbol) [0x0x7ff7c23548ff]\nE       \t(No symbol) [0x0x7ff7c23a120a]\nE       \t(No symbol) [0x0x7ff7c23a12d7]\nE       \t(No symbol) [0x0x7ff7c2396acc]\nE       \t(No symbol) [0x0x7ff7c23c866a]\nE       \t(No symbol) [0x0x7ff7c2392b56]\nE       \t(No symbol) [0x0x7ff7c23c8880]\nE       \t(No symbol) [0x0x7ff7c23f0dbe]\nE       \t(No symbol) [0x0x7ff7c23c8443]\nE       \t(No symbol) [0x0x7ff7c2391311]\nE       \t(No symbol) [0x0x7ff7c23920a3]\nE       \tGetHandleVerifier [0x0x7ff7c286e26d+2926461]\nE       \tGetHandleVerifier [0x0x7ff7c2868993+2903715]\nE       \tGetHandleVerifier [0x0x7ff7c2886aed+3026941]\nE       \tGetHandleVerifier [0x0x7ff7c25d16fe+187406]\nE       \tGetHandleVerifier [0x0x7ff7c25d96ef+220159]\nE       \tGetHandleVerifier [0x0x7ff7c25bfaf4+114692]\nE       \tGetHandleVerifier [0x0x7ff7c25bfca9+115129]\nE       \tGetHandleVerifier [0x0x7ff7c25a64d8+10728]\nE       \tBaseThreadInitThunk [0x0x7ff832417374+20]\nE       \tRtlUserThreadStart [0x0x7ff833d3cc91+33]\n\nmyenv\\lib\\site-packages\\selenium\\webdriver\\remote\\errorhandler.py:232: StaleElementReferenceException","steps":[],"attachments":[{"uid":"cab65aeaa0eed068","name":"test_menu_select1_failure","source":"cab65aeaa0eed068.png","type":"image/png","size":119144},{"uid":"620924a6e1025348","name":"test_menu_select1_source","source":"620924a6e1025348.html","type":"text/html","size":1235994},{"uid":"2b9e9b8fce18202b","name":"log","source":"2b9e9b8fce18202b.txt","type":"text/plain","size":884}],"parameters":[],"stepsCount":0,"attachmentStep":false,"hasContent":true,"shouldDisplayMessage":true,"attachmentsCount":3},"afterStages":[{"name":"login_to_menu::0","time":{"start":1761783674526,"stop":1761783677428,"duration":2902},"status":"passed","steps":[],"attachments":[],"parameters":[],"stepsCount":0,"attachmentStep":false,"hasContent":false,"shouldDisplayMessage":false,"attachmentsCount":0}],"labels":[{"name":"feature","value":"菜单组件页用例"},{"name":"story","value":"过滤查组件代码成功"},{"name":"parentSuite","value":"Tests.test_system"},{"name":"suite","value":"test_menu"},{"name":"subSuite","value":"TestSMenuPage"},{"name":"host","value":"WIN-20240820MJV"},{"name":"thread","value":"2848-MainThread"},{"name":"framework","value":"pytest"},{"name":"language","value":"cpython3"},{"name":"package","value":"Tests.test_system.test_menu"},{"name":"resultFormat","value":"allure2"}],"parameters":[],"links":[],"hidden":true,"retry":true,"extra":{"categories":[],"tags":[]},"source":"56c67437b83c6b44.json","parameterValues":[]}