{"uid":"59e570812a69fb1d","name":"test_affairs_process_delete","fullName":"Tests.test_system.test_affairs.TestAffairsPage#test_affairs_process_delete","historyId":"ef5ccd415ac751cd483d28d6e5e59baf","time":{"start":1762889095060,"stop":1762889131314,"duration":36254},"status":"broken","statusMessage":"selenium.common.exceptions.StaleElementReferenceException: Message: stale element reference: stale element not found in the current frame\n  (Session info: chrome=137.0.7151.69); For documentation on this error, please visit: https://www.selenium.dev/documentation/webdriver/troubleshooting/errors#stale-element-reference-exception\nStacktrace:\n\tGetHandleVerifier [0x0x7ff6b62e6f65+78965]\n\tGetHandleVerifier [0x0x7ff6b62e6fc0+79056]\n\t(No symbol) [0x0x7ff6b6079dda]\n\t(No symbol) [0x0x7ff6b60817c1]\n\t(No symbol) [0x0x7ff6b608482c]\n\t(No symbol) [0x0x7ff6b60848ff]\n\t(No symbol) [0x0x7ff6b60d24ed]\n\t(No symbol) [0x0x7ff6b60c3210]\n\t(No symbol) [0x0x7ff6b60f866a]\n\t(No symbol) [0x0x7ff6b60c2b56]\n\t(No symbol) [0x0x7ff6b60f8880]\n\t(No symbol) [0x0x7ff6b6120dbe]\n\t(No symbol) [0x0x7ff6b60f8443]\n\t(No symbol) [0x0x7ff6b60c1311]\n\t(No symbol) [0x0x7ff6b60c20a3]\n\tGetHandleVerifier [0x0x7ff6b659e26d+2926461]\n\tGetHandleVerifier [0x0x7ff6b6598993+2903715]\n\tGetHandleVerifier [0x0x7ff6b65b6aed+3026941]\n\tGetHandleVerifier [0x0x7ff6b63016fe+187406]\n\tGetHandleVerifier [0x0x7ff6b63096ef+220159]\n\tGetHandleVerifier [0x0x7ff6b62efaf4+114692]\n\tGetHandleVerifier [0x0x7ff6b62efca9+115129]\n\tGetHandleVerifier [0x0x7ff6b62d64d8+10728]\n\tBaseThreadInitThunk [0x0x7ffcf36a7374+20]\n\tRtlUserThreadStart [0x0x7ffcf523cc91+33]","statusTrace":"self = <test_system.test_affairs.TestAffairsPage object at 0x000001714A6176A0>, login_to_affairs = <selenium.webdriver.chrome.webdriver.WebDriver (session=\"7a3843a7ad110c462d8b993e361b7779\")>\n\n    @allure.story(\"我的流程-删除流程数据\")\n    def test_affairs_process_delete(self, login_to_affairs):\n        driver = login_to_affairs  # WebDriver 实例\n        affairs = AffairsPage(driver)  # 用 driver 初始化 AffairsPage\n        name1 = \"添加全部成功\"\n        name2 = \"测试流程\"\n        affairs.click_process()\n        affairs.del_process(name1)\n        sleep(1)\n>       affairs.del_process(name2)\n\nTests\\test_system\\test_affairs.py:1300: \n_ _ _ _ _ _ _ _ _ _ _ _ _ _ _ _ _ _ _ _ _ _ _ _ _ _ _ _ _ _ _ _ _ _ _ _ _ _ _ _ _ _ _ _ _ _ _ _ _ _ _ _ _ _ _ _ _ _ _ _ _ _ _ _ _ _ _ _ _ _ _ _ _ _ _ _ _ _ _ _ _ _ _ _ _ _ _ _ _ _ _ _ _ _ _ _ _ _ _ _ _ _ _ _ _ _ _ _ _ _ _ _ _ _ _ _\nPages\\systemPage\\affairs_page.py:146: in del_process\n    ele.click()\nmyenv\\lib\\site-packages\\selenium\\webdriver\\remote\\webelement.py:121: in click\n    self._execute(Command.CLICK_ELEMENT)\nmyenv\\lib\\site-packages\\selenium\\webdriver\\remote\\webelement.py:574: in _execute\n    return self._parent.execute(command, params)\nmyenv\\lib\\site-packages\\selenium\\webdriver\\remote\\webdriver.py:447: in execute\n    self.error_handler.check_response(response)\n_ _ _ _ _ _ _ _ _ _ _ _ _ _ _ _ _ _ _ _ _ _ _ _ _ _ _ _ _ _ _ _ _ _ _ _ _ _ _ _ _ _ _ _ _ _ _ _ _ _ _ _ _ _ _ _ _ _ _ _ _ _ _ _ _ _ _ _ _ _ _ _ _ _ _ _ _ _ _ _ _ _ _ _ _ _ _ _ _ _ _ _ _ _ _ _ _ _ _ _ _ _ _ _ _ _ _ _ _ _ _ _ _ _ _ _\n\nself = <selenium.webdriver.remote.errorhandler.ErrorHandler object at 0x000001714AF32800>\nresponse = {'status': 404, 'value': '{\"value\":{\"error\":\"stale element reference\",\"message\":\"stale element reference: stale elemen...ff6b62d64d8+10728]\\\\n\\\\tBaseThreadInitThunk [0x0x7ffcf36a7374+20]\\\\n\\\\tRtlUserThreadStart [0x0x7ffcf523cc91+33]\\\\n\"}}'}\n\n    def check_response(self, response: Dict[str, Any]) -> None:\n        \"\"\"Checks that a JSON response from the WebDriver does not have an\n        error.\n    \n        :Args:\n         - response - The JSON response from the WebDriver server as a dictionary\n           object.\n    \n        :Raises: If the response contains an error message.\n        \"\"\"\n        status = response.get(\"status\", None)\n        if not status or status == ErrorCode.SUCCESS:\n            return\n        value = None\n        message = response.get(\"message\", \"\")\n        screen: str = response.get(\"screen\", \"\")\n        stacktrace = None\n        if isinstance(status, int):\n            value_json = response.get(\"value\", None)\n            if value_json and isinstance(value_json, str):\n                import json\n    \n                try:\n                    value = json.loads(value_json)\n                    if len(value) == 1:\n                        value = value[\"value\"]\n                    status = value.get(\"error\", None)\n                    if not status:\n                        status = value.get(\"status\", ErrorCode.UNKNOWN_ERROR)\n                        message = value.get(\"value\") or value.get(\"message\")\n                        if not isinstance(message, str):\n                            value = message\n                            message = message.get(\"message\")\n                    else:\n                        message = value.get(\"message\", None)\n                except ValueError:\n                    pass\n    \n        exception_class: Type[WebDriverException]\n        e = ErrorCode()\n        error_codes = [item for item in dir(e) if not item.startswith(\"__\")]\n        for error_code in error_codes:\n            error_info = getattr(ErrorCode, error_code)\n            if isinstance(error_info, list) and status in error_info:\n                exception_class = getattr(ExceptionMapping, error_code, WebDriverException)\n                break\n        else:\n            exception_class = WebDriverException\n    \n        if not value:\n            value = response[\"value\"]\n        if isinstance(value, str):\n            raise exception_class(value)\n        if message == \"\" and \"message\" in value:\n            message = value[\"message\"]\n    \n        screen = None  # type: ignore[assignment]\n        if \"screen\" in value:\n            screen = value[\"screen\"]\n    \n        stacktrace = None\n        st_value = value.get(\"stackTrace\") or value.get(\"stacktrace\")\n        if st_value:\n            if isinstance(st_value, str):\n                stacktrace = st_value.split(\"\\n\")\n            else:\n                stacktrace = []\n                try:\n                    for frame in st_value:\n                        line = frame.get(\"lineNumber\", \"\")\n                        file = frame.get(\"fileName\", \"<anonymous>\")\n                        if line:\n                            file = f\"{file}:{line}\"\n                        meth = frame.get(\"methodName\", \"<anonymous>\")\n                        if \"className\" in frame:\n                            meth = f\"{frame['className']}.{meth}\"\n                        msg = \"    at %s (%s)\"\n                        msg = msg % (meth, file)\n                        stacktrace.append(msg)\n                except TypeError:\n                    pass\n        if exception_class == UnexpectedAlertPresentException:\n            alert_text = None\n            if \"data\" in value:\n                alert_text = value[\"data\"].get(\"text\")\n            elif \"alert\" in value:\n                alert_text = value[\"alert\"].get(\"text\")\n            raise exception_class(message, screen, stacktrace, alert_text)  # type: ignore[call-arg]  # mypy is not smart enough here\n>       raise exception_class(message, screen, stacktrace)\nE       selenium.common.exceptions.StaleElementReferenceException: Message: stale element reference: stale element not found in the current frame\nE         (Session info: chrome=137.0.7151.69); For documentation on this error, please visit: https://www.selenium.dev/documentation/webdriver/troubleshooting/errors#stale-element-reference-exception\nE       Stacktrace:\nE       \tGetHandleVerifier [0x0x7ff6b62e6f65+78965]\nE       \tGetHandleVerifier [0x0x7ff6b62e6fc0+79056]\nE       \t(No symbol) [0x0x7ff6b6079dda]\nE       \t(No symbol) [0x0x7ff6b60817c1]\nE       \t(No symbol) [0x0x7ff6b608482c]\nE       \t(No symbol) [0x0x7ff6b60848ff]\nE       \t(No symbol) [0x0x7ff6b60d24ed]\nE       \t(No symbol) [0x0x7ff6b60c3210]\nE       \t(No symbol) [0x0x7ff6b60f866a]\nE       \t(No symbol) [0x0x7ff6b60c2b56]\nE       \t(No symbol) [0x0x7ff6b60f8880]\nE       \t(No symbol) [0x0x7ff6b6120dbe]\nE       \t(No symbol) [0x0x7ff6b60f8443]\nE       \t(No symbol) [0x0x7ff6b60c1311]\nE       \t(No symbol) [0x0x7ff6b60c20a3]\nE       \tGetHandleVerifier [0x0x7ff6b659e26d+2926461]\nE       \tGetHandleVerifier [0x0x7ff6b6598993+2903715]\nE       \tGetHandleVerifier [0x0x7ff6b65b6aed+3026941]\nE       \tGetHandleVerifier [0x0x7ff6b63016fe+187406]\nE       \tGetHandleVerifier [0x0x7ff6b63096ef+220159]\nE       \tGetHandleVerifier [0x0x7ff6b62efaf4+114692]\nE       \tGetHandleVerifier [0x0x7ff6b62efca9+115129]\nE       \tGetHandleVerifier [0x0x7ff6b62d64d8+10728]\nE       \tBaseThreadInitThunk [0x0x7ffcf36a7374+20]\nE       \tRtlUserThreadStart [0x0x7ffcf523cc91+33]\n\nmyenv\\lib\\site-packages\\selenium\\webdriver\\remote\\errorhandler.py:232: StaleElementReferenceException","flaky":false,"newFailed":false,"newBroken":false,"newPassed":false,"retriesCount":0,"retriesStatusChange":false,"beforeStages":[{"name":"login_to_affairs","time":{"start":1762889080411,"stop":1762889095060,"duration":14649},"status":"passed","steps":[],"attachments":[],"parameters":[],"attachmentStep":false,"hasContent":false,"stepsCount":0,"attachmentsCount":0,"shouldDisplayMessage":false}],"testStage":{"status":"broken","statusMessage":"selenium.common.exceptions.StaleElementReferenceException: Message: stale element reference: stale element not found in the current frame\n  (Session info: chrome=137.0.7151.69); For documentation on this error, please visit: https://www.selenium.dev/documentation/webdriver/troubleshooting/errors#stale-element-reference-exception\nStacktrace:\n\tGetHandleVerifier [0x0x7ff6b62e6f65+78965]\n\tGetHandleVerifier [0x0x7ff6b62e6fc0+79056]\n\t(No symbol) [0x0x7ff6b6079dda]\n\t(No symbol) [0x0x7ff6b60817c1]\n\t(No symbol) [0x0x7ff6b608482c]\n\t(No symbol) [0x0x7ff6b60848ff]\n\t(No symbol) [0x0x7ff6b60d24ed]\n\t(No symbol) [0x0x7ff6b60c3210]\n\t(No symbol) [0x0x7ff6b60f866a]\n\t(No symbol) [0x0x7ff6b60c2b56]\n\t(No symbol) [0x0x7ff6b60f8880]\n\t(No symbol) [0x0x7ff6b6120dbe]\n\t(No symbol) [0x0x7ff6b60f8443]\n\t(No symbol) [0x0x7ff6b60c1311]\n\t(No symbol) [0x0x7ff6b60c20a3]\n\tGetHandleVerifier [0x0x7ff6b659e26d+2926461]\n\tGetHandleVerifier [0x0x7ff6b6598993+2903715]\n\tGetHandleVerifier [0x0x7ff6b65b6aed+3026941]\n\tGetHandleVerifier [0x0x7ff6b63016fe+187406]\n\tGetHandleVerifier [0x0x7ff6b63096ef+220159]\n\tGetHandleVerifier [0x0x7ff6b62efaf4+114692]\n\tGetHandleVerifier [0x0x7ff6b62efca9+115129]\n\tGetHandleVerifier [0x0x7ff6b62d64d8+10728]\n\tBaseThreadInitThunk [0x0x7ffcf36a7374+20]\n\tRtlUserThreadStart [0x0x7ffcf523cc91+33]","statusTrace":"self = <test_system.test_affairs.TestAffairsPage object at 0x000001714A6176A0>, login_to_affairs = <selenium.webdriver.chrome.webdriver.WebDriver (session=\"7a3843a7ad110c462d8b993e361b7779\")>\n\n    @allure.story(\"我的流程-删除流程数据\")\n    def test_affairs_process_delete(self, login_to_affairs):\n        driver = login_to_affairs  # WebDriver 实例\n        affairs = AffairsPage(driver)  # 用 driver 初始化 AffairsPage\n        name1 = \"添加全部成功\"\n        name2 = \"测试流程\"\n        affairs.click_process()\n        affairs.del_process(name1)\n        sleep(1)\n>       affairs.del_process(name2)\n\nTests\\test_system\\test_affairs.py:1300: \n_ _ _ _ _ _ _ _ _ _ _ _ _ _ _ _ _ _ _ _ _ _ _ _ _ _ _ _ _ _ _ _ _ _ _ _ _ _ _ _ _ _ _ _ _ _ _ _ _ _ _ _ _ _ _ _ _ _ _ _ _ _ _ _ _ _ _ _ _ _ _ _ _ _ _ _ _ _ _ _ _ _ _ _ _ _ _ _ _ _ _ _ _ _ _ _ _ _ _ _ _ _ _ _ _ _ _ _ _ _ _ _ _ _ _ _\nPages\\systemPage\\affairs_page.py:146: in del_process\n    ele.click()\nmyenv\\lib\\site-packages\\selenium\\webdriver\\remote\\webelement.py:121: in click\n    self._execute(Command.CLICK_ELEMENT)\nmyenv\\lib\\site-packages\\selenium\\webdriver\\remote\\webelement.py:574: in _execute\n    return self._parent.execute(command, params)\nmyenv\\lib\\site-packages\\selenium\\webdriver\\remote\\webdriver.py:447: in execute\n    self.error_handler.check_response(response)\n_ _ _ _ _ _ _ _ _ _ _ _ _ _ _ _ _ _ _ _ _ _ _ _ _ _ _ _ _ _ _ _ _ _ _ _ _ _ _ _ _ _ _ _ _ _ _ _ _ _ _ _ _ _ _ _ _ _ _ _ _ _ _ _ _ _ _ _ _ _ _ _ _ _ _ _ _ _ _ _ _ _ _ _ _ _ _ _ _ _ _ _ _ _ _ _ _ _ _ _ _ _ _ _ _ _ _ _ _ _ _ _ _ _ _ _\n\nself = <selenium.webdriver.remote.errorhandler.ErrorHandler object at 0x000001714AF32800>\nresponse = {'status': 404, 'value': '{\"value\":{\"error\":\"stale element reference\",\"message\":\"stale element reference: stale elemen...ff6b62d64d8+10728]\\\\n\\\\tBaseThreadInitThunk [0x0x7ffcf36a7374+20]\\\\n\\\\tRtlUserThreadStart [0x0x7ffcf523cc91+33]\\\\n\"}}'}\n\n    def check_response(self, response: Dict[str, Any]) -> None:\n        \"\"\"Checks that a JSON response from the WebDriver does not have an\n        error.\n    \n        :Args:\n         - response - The JSON response from the WebDriver server as a dictionary\n           object.\n    \n        :Raises: If the response contains an error message.\n        \"\"\"\n        status = response.get(\"status\", None)\n        if not status or status == ErrorCode.SUCCESS:\n            return\n        value = None\n        message = response.get(\"message\", \"\")\n        screen: str = response.get(\"screen\", \"\")\n        stacktrace = None\n        if isinstance(status, int):\n            value_json = response.get(\"value\", None)\n            if value_json and isinstance(value_json, str):\n                import json\n    \n                try:\n                    value = json.loads(value_json)\n                    if len(value) == 1:\n                        value = value[\"value\"]\n                    status = value.get(\"error\", None)\n                    if not status:\n                        status = value.get(\"status\", ErrorCode.UNKNOWN_ERROR)\n                        message = value.get(\"value\") or value.get(\"message\")\n                        if not isinstance(message, str):\n                            value = message\n                            message = message.get(\"message\")\n                    else:\n                        message = value.get(\"message\", None)\n                except ValueError:\n                    pass\n    \n        exception_class: Type[WebDriverException]\n        e = ErrorCode()\n        error_codes = [item for item in dir(e) if not item.startswith(\"__\")]\n        for error_code in error_codes:\n            error_info = getattr(ErrorCode, error_code)\n            if isinstance(error_info, list) and status in error_info:\n                exception_class = getattr(ExceptionMapping, error_code, WebDriverException)\n                break\n        else:\n            exception_class = WebDriverException\n    \n        if not value:\n            value = response[\"value\"]\n        if isinstance(value, str):\n            raise exception_class(value)\n        if message == \"\" and \"message\" in value:\n            message = value[\"message\"]\n    \n        screen = None  # type: ignore[assignment]\n        if \"screen\" in value:\n            screen = value[\"screen\"]\n    \n        stacktrace = None\n        st_value = value.get(\"stackTrace\") or value.get(\"stacktrace\")\n        if st_value:\n            if isinstance(st_value, str):\n                stacktrace = st_value.split(\"\\n\")\n            else:\n                stacktrace = []\n                try:\n                    for frame in st_value:\n                        line = frame.get(\"lineNumber\", \"\")\n                        file = frame.get(\"fileName\", \"<anonymous>\")\n                        if line:\n                            file = f\"{file}:{line}\"\n                        meth = frame.get(\"methodName\", \"<anonymous>\")\n                        if \"className\" in frame:\n                            meth = f\"{frame['className']}.{meth}\"\n                        msg = \"    at %s (%s)\"\n                        msg = msg % (meth, file)\n                        stacktrace.append(msg)\n                except TypeError:\n                    pass\n        if exception_class == UnexpectedAlertPresentException:\n            alert_text = None\n            if \"data\" in value:\n                alert_text = value[\"data\"].get(\"text\")\n            elif \"alert\" in value:\n                alert_text = value[\"alert\"].get(\"text\")\n            raise exception_class(message, screen, stacktrace, alert_text)  # type: ignore[call-arg]  # mypy is not smart enough here\n>       raise exception_class(message, screen, stacktrace)\nE       selenium.common.exceptions.StaleElementReferenceException: Message: stale element reference: stale element not found in the current frame\nE         (Session info: chrome=137.0.7151.69); For documentation on this error, please visit: https://www.selenium.dev/documentation/webdriver/troubleshooting/errors#stale-element-reference-exception\nE       Stacktrace:\nE       \tGetHandleVerifier [0x0x7ff6b62e6f65+78965]\nE       \tGetHandleVerifier [0x0x7ff6b62e6fc0+79056]\nE       \t(No symbol) [0x0x7ff6b6079dda]\nE       \t(No symbol) [0x0x7ff6b60817c1]\nE       \t(No symbol) [0x0x7ff6b608482c]\nE       \t(No symbol) [0x0x7ff6b60848ff]\nE       \t(No symbol) [0x0x7ff6b60d24ed]\nE       \t(No symbol) [0x0x7ff6b60c3210]\nE       \t(No symbol) [0x0x7ff6b60f866a]\nE       \t(No symbol) [0x0x7ff6b60c2b56]\nE       \t(No symbol) [0x0x7ff6b60f8880]\nE       \t(No symbol) [0x0x7ff6b6120dbe]\nE       \t(No symbol) [0x0x7ff6b60f8443]\nE       \t(No symbol) [0x0x7ff6b60c1311]\nE       \t(No symbol) [0x0x7ff6b60c20a3]\nE       \tGetHandleVerifier [0x0x7ff6b659e26d+2926461]\nE       \tGetHandleVerifier [0x0x7ff6b6598993+2903715]\nE       \tGetHandleVerifier [0x0x7ff6b65b6aed+3026941]\nE       \tGetHandleVerifier [0x0x7ff6b63016fe+187406]\nE       \tGetHandleVerifier [0x0x7ff6b63096ef+220159]\nE       \tGetHandleVerifier [0x0x7ff6b62efaf4+114692]\nE       \tGetHandleVerifier [0x0x7ff6b62efca9+115129]\nE       \tGetHandleVerifier [0x0x7ff6b62d64d8+10728]\nE       \tBaseThreadInitThunk [0x0x7ffcf36a7374+20]\nE       \tRtlUserThreadStart [0x0x7ffcf523cc91+33]\n\nmyenv\\lib\\site-packages\\selenium\\webdriver\\remote\\errorhandler.py:232: StaleElementReferenceException","steps":[],"attachments":[{"uid":"adc0f291cefbe703","name":"test_affairs_process_delete_failure","source":"adc0f291cefbe703.png","type":"image/png","size":50791},{"uid":"526a53e6cda5740e","name":"test_affairs_process_delete_source","source":"526a53e6cda5740e.html","type":"text/html","size":1144733},{"uid":"6d303582858162fb","name":"log","source":"6d303582858162fb.txt","type":"text/plain","size":4837}],"parameters":[],"attachmentStep":false,"hasContent":true,"stepsCount":0,"attachmentsCount":3,"shouldDisplayMessage":true},"afterStages":[{"name":"login_to_affairs::0","time":{"start":1762889131522,"stop":1762889133685,"duration":2163},"status":"passed","steps":[],"attachments":[],"parameters":[],"attachmentStep":false,"hasContent":false,"stepsCount":0,"attachmentsCount":0,"shouldDisplayMessage":false}],"labels":[{"name":"story","value":"我的流程-删除流程数据"},{"name":"feature","value":"事务管理页用例"},{"name":"parentSuite","value":"Tests.test_system"},{"name":"suite","value":"test_affairs"},{"name":"subSuite","value":"TestAffairsPage"},{"name":"host","value":"WIN-20240820MJV"},{"name":"thread","value":"16176-MainThread"},{"name":"framework","value":"pytest"},{"name":"language","value":"cpython3"},{"name":"package","value":"Tests.test_system.test_affairs"},{"name":"resultFormat","value":"allure2"}],"parameters":[],"links":[],"hidden":true,"retry":true,"extra":{"categories":[],"tags":[]},"source":"59e570812a69fb1d.json","parameterValues":[]}