{"uid":"5aba639e06865477","name":"test_imp_textverify","fullName":"Tests.test_system.test_imp.TestImpPage#test_imp_textverify","historyId":"1ecaa337287ba7b17659af2c8667d333","time":{"start":1766785035382,"stop":1766785047737,"duration":12355},"status":"broken","statusMessage":"selenium.common.exceptions.TimeoutException: Message: \nStacktrace:\n\tGetHandleVerifier [0x0x7ff7e9426f65+78965]\n\tGetHandleVerifier [0x0x7ff7e9426fc0+79056]\n\t(No symbol) [0x0x7ff7e91b9dda]\n\t(No symbol) [0x0x7ff7e92102ea]\n\t(No symbol) [0x0x7ff7e921059c]\n\t(No symbol) [0x0x7ff7e9263f37]\n\t(No symbol) [0x0x7ff7e92386af]\n\t(No symbol) [0x0x7ff7e9260dbe]\n\t(No symbol) [0x0x7ff7e9238443]\n\t(No symbol) [0x0x7ff7e9201311]\n\t(No symbol) [0x0x7ff7e92020a3]\n\tGetHandleVerifier [0x0x7ff7e96de26d+2926461]\n\tGetHandleVerifier [0x0x7ff7e96d8993+2903715]\n\tGetHandleVerifier [0x0x7ff7e96f6aed+3026941]\n\tGetHandleVerifier [0x0x7ff7e94416fe+187406]\n\tGetHandleVerifier [0x0x7ff7e94496ef+220159]\n\tGetHandleVerifier [0x0x7ff7e942faf4+114692]\n\tGetHandleVerifier [0x0x7ff7e942fca9+115129]\n\tGetHandleVerifier [0x0x7ff7e94164d8+10728]\n\tBaseThreadInitThunk [0x0x7ffd0b6d7374+20]\n\tRtlUserThreadStart [0x0x7ffd0ccdcc91+33]","statusTrace":"self = <test_system.test_imp.TestImpPage object at 0x00000273706570A0>, login_to_imp = <selenium.webdriver.chrome.webdriver.WebDriver (session=\"f5ce4297b52d28e7e039595e5e4168c5\")>\n\n    @allure.story(\"文本框的校验\")\n    # @pytest.mark.run(order=1)\n    def test_imp_textverify(self, login_to_imp):\n        driver = login_to_imp  # WebDriver 实例\n        imp = ImpPage(driver)  # 用 driver 初始化 ImpPage\n        name = \"111111111111111133331122221111222221111111113333111111144444111111111111111111111111111111111111111111111111\"\n        imp.add_imp(name)\n>       message = imp.get_find_message()\n\nTests\\test_system\\test_imp.py:99: \n_ _ _ _ _ _ _ _ _ _ _ _ _ _ _ _ _ _ _ _ _ _ _ _ _ _ _ _ _ _ _ _ _ _ _ _ _ _ _ _ _ _ _ _ _ _ _ _ _ _ _ _ _ _ _ _ _ _ _ _ _ _ _ _ _ _ _ _ _ _ _ _ _ _ _ _ _ _ _ _ _ _ _ _ _ _ _ _ _ _ _ _ _ _ _ _ _ _ _ _ _ _ _ _ _ _ _ _ _ _ _ _ _ _ _ _\nPages\\systemPage\\imp_page.py:42: in get_find_message\n    message = WebDriverWait(self.driver, 10).until(\n_ _ _ _ _ _ _ _ _ _ _ _ _ _ _ _ _ _ _ _ _ _ _ _ _ _ _ _ _ _ _ _ _ _ _ _ _ _ _ _ _ _ _ _ _ _ _ _ _ _ _ _ _ _ _ _ _ _ _ _ _ _ _ _ _ _ _ _ _ _ _ _ _ _ _ _ _ _ _ _ _ _ _ _ _ _ _ _ _ _ _ _ _ _ _ _ _ _ _ _ _ _ _ _ _ _ _ _ _ _ _ _ _ _ _ _\n\nself = <selenium.webdriver.support.wait.WebDriverWait (session=\"f5ce4297b52d28e7e039595e5e4168c5\")>, method = <function visibility_of_element_located.<locals>._predicate at 0x0000027372307B50>, message = ''\n\n    def until(self, method: Callable[[D], Union[Literal[False], T]], message: str = \"\") -> T:\n        \"\"\"Wait until the method returns a value that is not False.\n    \n        Calls the method provided with the driver as an argument until the\n        return value does not evaluate to ``False``.\n    \n        Parameters:\n        -----------\n        method: callable(WebDriver)\n            - A callable object that takes a WebDriver instance as an argument.\n    \n        message: str\n            - Optional message for :exc:`TimeoutException`\n    \n        Return:\n        -------\n        object: T\n            - The result of the last call to `method`\n    \n        Raises:\n        -------\n        TimeoutException\n            - If 'method' does not return a truthy value within the WebDriverWait\n            object's timeout\n    \n        Example:\n        --------\n        >>> from selenium.webdriver.common.by import By\n        >>> from selenium.webdriver.support.ui import WebDriverWait\n        >>> from selenium.webdriver.support import expected_conditions as EC\n    \n        # Wait until an element is visible on the page\n        >>> wait = WebDriverWait(driver, 10)\n        >>> element = wait.until(EC.visibility_of_element_located((By.ID, \"exampleId\")))\n        >>> print(element.text)\n        \"\"\"\n        screen = None\n        stacktrace = None\n    \n        end_time = time.monotonic() + self._timeout\n        while True:\n            try:\n                value = method(self._driver)\n                if value:\n                    return value\n            except self._ignored_exceptions as exc:\n                screen = getattr(exc, \"screen\", None)\n                stacktrace = getattr(exc, \"stacktrace\", None)\n            if time.monotonic() > end_time:\n                break\n            time.sleep(self._poll)\n>       raise TimeoutException(message, screen, stacktrace)\nE       selenium.common.exceptions.TimeoutException: Message: \nE       Stacktrace:\nE       \tGetHandleVerifier [0x0x7ff7e9426f65+78965]\nE       \tGetHandleVerifier [0x0x7ff7e9426fc0+79056]\nE       \t(No symbol) [0x0x7ff7e91b9dda]\nE       \t(No symbol) [0x0x7ff7e92102ea]\nE       \t(No symbol) [0x0x7ff7e921059c]\nE       \t(No symbol) [0x0x7ff7e9263f37]\nE       \t(No symbol) [0x0x7ff7e92386af]\nE       \t(No symbol) [0x0x7ff7e9260dbe]\nE       \t(No symbol) [0x0x7ff7e9238443]\nE       \t(No symbol) [0x0x7ff7e9201311]\nE       \t(No symbol) [0x0x7ff7e92020a3]\nE       \tGetHandleVerifier [0x0x7ff7e96de26d+2926461]\nE       \tGetHandleVerifier [0x0x7ff7e96d8993+2903715]\nE       \tGetHandleVerifier [0x0x7ff7e96f6aed+3026941]\nE       \tGetHandleVerifier [0x0x7ff7e94416fe+187406]\nE       \tGetHandleVerifier [0x0x7ff7e94496ef+220159]\nE       \tGetHandleVerifier [0x0x7ff7e942faf4+114692]\nE       \tGetHandleVerifier [0x0x7ff7e942fca9+115129]\nE       \tGetHandleVerifier [0x0x7ff7e94164d8+10728]\nE       \tBaseThreadInitThunk [0x0x7ffd0b6d7374+20]\nE       \tRtlUserThreadStart [0x0x7ffd0ccdcc91+33]\n\nmyenv\\lib\\site-packages\\selenium\\webdriver\\support\\wait.py:138: TimeoutException","flaky":false,"newFailed":false,"newBroken":false,"newPassed":false,"retriesCount":1,"retriesStatusChange":true,"beforeStages":[{"name":"login_to_imp","time":{"start":1766785022430,"stop":1766785035382,"duration":12952},"status":"passed","steps":[],"attachments":[],"parameters":[],"shouldDisplayMessage":false,"attachmentsCount":0,"hasContent":false,"stepsCount":0,"attachmentStep":false}],"testStage":{"status":"broken","statusMessage":"selenium.common.exceptions.TimeoutException: Message: \nStacktrace:\n\tGetHandleVerifier [0x0x7ff7e9426f65+78965]\n\tGetHandleVerifier [0x0x7ff7e9426fc0+79056]\n\t(No symbol) [0x0x7ff7e91b9dda]\n\t(No symbol) [0x0x7ff7e92102ea]\n\t(No symbol) [0x0x7ff7e921059c]\n\t(No symbol) [0x0x7ff7e9263f37]\n\t(No symbol) [0x0x7ff7e92386af]\n\t(No symbol) [0x0x7ff7e9260dbe]\n\t(No symbol) [0x0x7ff7e9238443]\n\t(No symbol) [0x0x7ff7e9201311]\n\t(No symbol) [0x0x7ff7e92020a3]\n\tGetHandleVerifier [0x0x7ff7e96de26d+2926461]\n\tGetHandleVerifier [0x0x7ff7e96d8993+2903715]\n\tGetHandleVerifier [0x0x7ff7e96f6aed+3026941]\n\tGetHandleVerifier [0x0x7ff7e94416fe+187406]\n\tGetHandleVerifier [0x0x7ff7e94496ef+220159]\n\tGetHandleVerifier [0x0x7ff7e942faf4+114692]\n\tGetHandleVerifier [0x0x7ff7e942fca9+115129]\n\tGetHandleVerifier [0x0x7ff7e94164d8+10728]\n\tBaseThreadInitThunk [0x0x7ffd0b6d7374+20]\n\tRtlUserThreadStart [0x0x7ffd0ccdcc91+33]","statusTrace":"self = <test_system.test_imp.TestImpPage object at 0x00000273706570A0>, login_to_imp = <selenium.webdriver.chrome.webdriver.WebDriver (session=\"f5ce4297b52d28e7e039595e5e4168c5\")>\n\n    @allure.story(\"文本框的校验\")\n    # @pytest.mark.run(order=1)\n    def test_imp_textverify(self, login_to_imp):\n        driver = login_to_imp  # WebDriver 实例\n        imp = ImpPage(driver)  # 用 driver 初始化 ImpPage\n        name = \"111111111111111133331122221111222221111111113333111111144444111111111111111111111111111111111111111111111111\"\n        imp.add_imp(name)\n>       message = imp.get_find_message()\n\nTests\\test_system\\test_imp.py:99: \n_ _ _ _ _ _ _ _ _ _ _ _ _ _ _ _ _ _ _ _ _ _ _ _ _ _ _ _ _ _ _ _ _ _ _ _ _ _ _ _ _ _ _ _ _ _ _ _ _ _ _ _ _ _ _ _ _ _ _ _ _ _ _ _ _ _ _ _ _ _ _ _ _ _ _ _ _ _ _ _ _ _ _ _ _ _ _ _ _ _ _ _ _ _ _ _ _ _ _ _ _ _ _ _ _ _ _ _ _ _ _ _ _ _ _ _\nPages\\systemPage\\imp_page.py:42: in get_find_message\n    message = WebDriverWait(self.driver, 10).until(\n_ _ _ _ _ _ _ _ _ _ _ _ _ _ _ _ _ _ _ _ _ _ _ _ _ _ _ _ _ _ _ _ _ _ _ _ _ _ _ _ _ _ _ _ _ _ _ _ _ _ _ _ _ _ _ _ _ _ _ _ _ _ _ _ _ _ _ _ _ _ _ _ _ _ _ _ _ _ _ _ _ _ _ _ _ _ _ _ _ _ _ _ _ _ _ _ _ _ _ _ _ _ _ _ _ _ _ _ _ _ _ _ _ _ _ _\n\nself = <selenium.webdriver.support.wait.WebDriverWait (session=\"f5ce4297b52d28e7e039595e5e4168c5\")>, method = <function visibility_of_element_located.<locals>._predicate at 0x0000027372307B50>, message = ''\n\n    def until(self, method: Callable[[D], Union[Literal[False], T]], message: str = \"\") -> T:\n        \"\"\"Wait until the method returns a value that is not False.\n    \n        Calls the method provided with the driver as an argument until the\n        return value does not evaluate to ``False``.\n    \n        Parameters:\n        -----------\n        method: callable(WebDriver)\n            - A callable object that takes a WebDriver instance as an argument.\n    \n        message: str\n            - Optional message for :exc:`TimeoutException`\n    \n        Return:\n        -------\n        object: T\n            - The result of the last call to `method`\n    \n        Raises:\n        -------\n        TimeoutException\n            - If 'method' does not return a truthy value within the WebDriverWait\n            object's timeout\n    \n        Example:\n        --------\n        >>> from selenium.webdriver.common.by import By\n        >>> from selenium.webdriver.support.ui import WebDriverWait\n        >>> from selenium.webdriver.support import expected_conditions as EC\n    \n        # Wait until an element is visible on the page\n        >>> wait = WebDriverWait(driver, 10)\n        >>> element = wait.until(EC.visibility_of_element_located((By.ID, \"exampleId\")))\n        >>> print(element.text)\n        \"\"\"\n        screen = None\n        stacktrace = None\n    \n        end_time = time.monotonic() + self._timeout\n        while True:\n            try:\n                value = method(self._driver)\n                if value:\n                    return value\n            except self._ignored_exceptions as exc:\n                screen = getattr(exc, \"screen\", None)\n                stacktrace = getattr(exc, \"stacktrace\", None)\n            if time.monotonic() > end_time:\n                break\n            time.sleep(self._poll)\n>       raise TimeoutException(message, screen, stacktrace)\nE       selenium.common.exceptions.TimeoutException: Message: \nE       Stacktrace:\nE       \tGetHandleVerifier [0x0x7ff7e9426f65+78965]\nE       \tGetHandleVerifier [0x0x7ff7e9426fc0+79056]\nE       \t(No symbol) [0x0x7ff7e91b9dda]\nE       \t(No symbol) [0x0x7ff7e92102ea]\nE       \t(No symbol) [0x0x7ff7e921059c]\nE       \t(No symbol) [0x0x7ff7e9263f37]\nE       \t(No symbol) [0x0x7ff7e92386af]\nE       \t(No symbol) [0x0x7ff7e9260dbe]\nE       \t(No symbol) [0x0x7ff7e9238443]\nE       \t(No symbol) [0x0x7ff7e9201311]\nE       \t(No symbol) [0x0x7ff7e92020a3]\nE       \tGetHandleVerifier [0x0x7ff7e96de26d+2926461]\nE       \tGetHandleVerifier [0x0x7ff7e96d8993+2903715]\nE       \tGetHandleVerifier [0x0x7ff7e96f6aed+3026941]\nE       \tGetHandleVerifier [0x0x7ff7e94416fe+187406]\nE       \tGetHandleVerifier [0x0x7ff7e94496ef+220159]\nE       \tGetHandleVerifier [0x0x7ff7e942faf4+114692]\nE       \tGetHandleVerifier [0x0x7ff7e942fca9+115129]\nE       \tGetHandleVerifier [0x0x7ff7e94164d8+10728]\nE       \tBaseThreadInitThunk [0x0x7ffd0b6d7374+20]\nE       \tRtlUserThreadStart [0x0x7ffd0ccdcc91+33]\n\nmyenv\\lib\\site-packages\\selenium\\webdriver\\support\\wait.py:138: TimeoutException","steps":[],"attachments":[{"uid":"fec38a1f321d33dd","name":"test_imp_textverify_20251227_053727","source":"fec38a1f321d33dd.png","type":"image/png","size":49676},{"uid":"6148f271be2b992f","name":"log","source":"6148f271be2b992f.txt","type":"text/plain","size":3282}],"parameters":[],"shouldDisplayMessage":true,"attachmentsCount":2,"hasContent":true,"stepsCount":0,"attachmentStep":false},"afterStages":[{"name":"login_to_imp::0","time":{"start":1766785047831,"stop":1766785049991,"duration":2160},"status":"passed","steps":[],"attachments":[],"parameters":[],"shouldDisplayMessage":false,"attachmentsCount":0,"hasContent":false,"stepsCount":0,"attachmentStep":false}],"labels":[{"name":"story","value":"文本框的校验"},{"name":"feature","value":"导入设置页用例"},{"name":"parentSuite","value":"Tests.test_system"},{"name":"suite","value":"test_imp"},{"name":"subSuite","value":"TestImpPage"},{"name":"host","value":"WIN-20240820MJV"},{"name":"thread","value":"24800-MainThread"},{"name":"framework","value":"pytest"},{"name":"language","value":"cpython3"},{"name":"package","value":"Tests.test_system.test_imp"},{"name":"resultFormat","value":"allure2"}],"parameters":[],"links":[],"hidden":false,"retry":false,"extra":{"severity":"normal","retries":[{"uid":"65f964c9c2908ba6","status":"failed","statusDetails":"AssertionError: assert ('\\u65b0\\u589e...0\\u529f\\uff01' == '\\u65b0\\u589e...0\\u529f\\uff01'\n  \n  \u001B[0m\u001B[90m \u001B[39;49;00m 新增成功！\u001B[90m\u001B[39;49;00m and '' == '111111111111...1111111111111'\n  \n  \u001B[0m\u001B[91m- 111111111111111133331122221111222221111111113333111111144444111111111111111111111111111111111111111111111111\u001B[39;49;00m\u001B[90m\u001B[39;49;00m)","time":{"start":1766785014114,"stop":1766785020152,"duration":6038}}],"categories":[{"name":"Test defects","matchedStatuses":[]}],"tags":[]},"source":"5aba639e06865477.json","parameterValues":[]}