{"uid":"5be9f2d159b95d2e","name":"test_process_selectnamesuccess","fullName":"Tests.test_items.test_process.TestProcessPage#test_process_selectnamesuccess","historyId":"fb5518b64634f8fc6212c74e7aed41a4","time":{"start":1764772673902,"stop":1764772683434,"duration":9532},"status":"failed","statusMessage":"AssertionError: assert False\n +  where False = all(<generator object TestProcessPage.test_process_selectnamesuccess.<locals>.<genexpr> at 0x000002ECDF5B7E60>)","statusTrace":"self = <test_items.test_process.TestProcessPage object at 0x000002ECDEE22A70>, login_to_process = <selenium.webdriver.chrome.webdriver.WebDriver (session=\"eb1826b40d03318b65ec043692e33214\")>\n\n    @allure.story(\"查询工序名字包含1查询成功\")\n    # @pytest.mark.run(order=1)\n    def test_process_selectnamesuccess(self, login_to_process):\n        driver = login_to_process  # WebDriver 实例\n        process = ProcessPage(driver)  # 用 driver 初始化 ProcessPage\n        name = \"1\"\n        # 点击查询\n        process.click_sel_button()\n        sleep(1)\n        # 定位名称输入框\n        element_to_double_click = driver.find_element(\n            By.XPATH,\n            '(//div[@class=\"vxe-table--render-wrapper\"])[3]/div[1]/div[2]//tr[1]/td[4]',\n        )\n        # 创建一个 ActionChains 对象\n        actions = ActionChains(driver)\n        # 双击命令\n        actions.double_click(element_to_double_click).perform()\n        sleep(1)\n        # 点击工序名\n        process.click_button('//div[text()=\"工序名\" and contains(@optid,\"opt_\")]')\n        sleep(1)\n        # 点击比较关系框\n        process.click_button(\n            '(//div[@class=\"vxe-table--render-wrapper\"])[3]/div[1]/div[2]//tr[1]/td[5]//input'\n        )\n        sleep(1)\n        # 点击=\n        process.click_button('//div[text()=\"包含\" and contains(@optid,\"opt_\")]')\n        sleep(1)\n        # 点击输入数值\n        process.enter_texts(\n            '(//div[@class=\"vxe-table--render-wrapper\"])[3]/div[1]/div[2]//tr[1]/td[6]//input',\n            name,\n        )\n        sleep(1)\n    \n        # 点击确认\n        process.click_button(\n            '(//div[@class=\"demo-drawer-footer\"]//span[text()=\"确定\"])[3]'\n        )\n        sleep(2)\n        eles = process.loop_judgment('(//table[@class=\"vxe-table--body\"])[2]//tr/td[3]')\n        assert len(eles) > 0\n>       assert all(name in ele for ele in eles)\nE       assert False\nE        +  where False = all(<generator object TestProcessPage.test_process_selectnamesuccess.<locals>.<genexpr> at 0x000002ECDF5B7E60>)\n\nTests\\test_items\\test_process.py:563: AssertionError","flaky":false,"newFailed":false,"newBroken":false,"newPassed":false,"retriesCount":1,"retriesStatusChange":false,"beforeStages":[{"name":"login_to_process","time":{"start":1764772655901,"stop":1764772673901,"duration":18000},"status":"passed","steps":[],"attachments":[],"parameters":[],"shouldDisplayMessage":false,"attachmentsCount":0,"stepsCount":0,"attachmentStep":false,"hasContent":false}],"testStage":{"status":"failed","statusMessage":"AssertionError: assert False\n +  where False = all(<generator object TestProcessPage.test_process_selectnamesuccess.<locals>.<genexpr> at 0x000002ECDF5B7E60>)","statusTrace":"self = <test_items.test_process.TestProcessPage object at 0x000002ECDEE22A70>, login_to_process = <selenium.webdriver.chrome.webdriver.WebDriver (session=\"eb1826b40d03318b65ec043692e33214\")>\n\n    @allure.story(\"查询工序名字包含1查询成功\")\n    # @pytest.mark.run(order=1)\n    def test_process_selectnamesuccess(self, login_to_process):\n        driver = login_to_process  # WebDriver 实例\n        process = ProcessPage(driver)  # 用 driver 初始化 ProcessPage\n        name = \"1\"\n        # 点击查询\n        process.click_sel_button()\n        sleep(1)\n        # 定位名称输入框\n        element_to_double_click = driver.find_element(\n            By.XPATH,\n            '(//div[@class=\"vxe-table--render-wrapper\"])[3]/div[1]/div[2]//tr[1]/td[4]',\n        )\n        # 创建一个 ActionChains 对象\n        actions = ActionChains(driver)\n        # 双击命令\n        actions.double_click(element_to_double_click).perform()\n        sleep(1)\n        # 点击工序名\n        process.click_button('//div[text()=\"工序名\" and contains(@optid,\"opt_\")]')\n        sleep(1)\n        # 点击比较关系框\n        process.click_button(\n            '(//div[@class=\"vxe-table--render-wrapper\"])[3]/div[1]/div[2]//tr[1]/td[5]//input'\n        )\n        sleep(1)\n        # 点击=\n        process.click_button('//div[text()=\"包含\" and contains(@optid,\"opt_\")]')\n        sleep(1)\n        # 点击输入数值\n        process.enter_texts(\n            '(//div[@class=\"vxe-table--render-wrapper\"])[3]/div[1]/div[2]//tr[1]/td[6]//input',\n            name,\n        )\n        sleep(1)\n    \n        # 点击确认\n        process.click_button(\n            '(//div[@class=\"demo-drawer-footer\"]//span[text()=\"确定\"])[3]'\n        )\n        sleep(2)\n        eles = process.loop_judgment('(//table[@class=\"vxe-table--body\"])[2]//tr/td[3]')\n        assert len(eles) > 0\n>       assert all(name in ele for ele in eles)\nE       assert False\nE        +  where False = all(<generator object TestProcessPage.test_process_selectnamesuccess.<locals>.<genexpr> at 0x000002ECDF5B7E60>)\n\nTests\\test_items\\test_process.py:563: AssertionError","steps":[],"attachments":[{"uid":"7f3a40351f3f00fe","name":"test_process_selectnamesuccess_failure","source":"7f3a40351f3f00fe.png","type":"image/png","size":115462},{"uid":"e7cce746c02250d5","name":"test_process_selectnamesuccess_source","source":"e7cce746c02250d5.html","type":"text/html","size":1414817},{"uid":"bb387899989834de","name":"log","source":"bb387899989834de.txt","type":"text/plain","size":4283}],"parameters":[],"shouldDisplayMessage":true,"attachmentsCount":3,"stepsCount":0,"attachmentStep":false,"hasContent":true},"afterStages":[{"name":"login_to_process::0","time":{"start":1764772683612,"stop":1764772685790,"duration":2178},"status":"passed","steps":[],"attachments":[],"parameters":[],"shouldDisplayMessage":false,"attachmentsCount":0,"stepsCount":0,"attachmentStep":false,"hasContent":false}],"labels":[{"name":"feature","value":"工序表测试用例"},{"name":"story","value":"查询工序名字包含1查询成功"},{"name":"parentSuite","value":"Tests.test_items"},{"name":"suite","value":"test_process"},{"name":"subSuite","value":"TestProcessPage"},{"name":"host","value":"WIN-20240820MJV"},{"name":"thread","value":"27684-MainThread"},{"name":"framework","value":"pytest"},{"name":"language","value":"cpython3"},{"name":"package","value":"Tests.test_items.test_process"},{"name":"resultFormat","value":"allure2"}],"parameters":[],"links":[],"hidden":false,"retry":false,"extra":{"severity":"normal","retries":[{"uid":"4181f12c97adc5f3","status":"failed","statusDetails":"AssertionError: assert False\n +  where False = all(<generator object TestProcessPage.test_process_selectnamesuccess.<locals>.<genexpr> at 0x000002ECDF5D8C80>)","time":{"start":1764772643934,"stop":1764772653526,"duration":9592}}],"categories":[{"name":"Product defects","matchedStatuses":[]}],"tags":[]},"source":"5be9f2d159b95d2e.json","parameterValues":[]}