{"uid":"5c5638f59fa86a53","name":"test_materialBuyer_selectnodatasuccess","fullName":"Tests.test_material.test_materialBuyer.TestItemPage#test_materialBuyer_selectnodatasuccess","historyId":"3346f3a6119361ef83ecc9282de008d1","time":{"start":1769536019757,"stop":1769536019757,"duration":0},"status":"broken","statusMessage":"selenium.common.exceptions.WebDriverException: Message: unknown error: net::ERR_CONNECTION_RESET\n  (Session info: chrome=137.0.7151.69)\nStacktrace:\n\tGetHandleVerifier [0x0x7ff6b3ec6f65+78965]\n\tGetHandleVerifier [0x0x7ff6b3ec6fc0+79056]\n\t(No symbol) [0x0x7ff6b3c59dda]\n\t(No symbol) [0x0x7ff6b3c5684f]\n\t(No symbol) [0x0x7ff6b3c47529]\n\t(No symbol) [0x0x7ff6b3c492e1]\n\t(No symbol) [0x0x7ff6b3c47846]\n\t(No symbol) [0x0x7ff6b3c472a6]\n\t(No symbol) [0x0x7ff6b3c46f6a]\n\t(No symbol) [0x0x7ff6b3c44b38]\n\t(No symbol) [0x0x7ff6b3c453bc]\n\t(No symbol) [0x0x7ff6b3c5dd8a]\n\t(No symbol) [0x0x7ff6b3d01afe]\n\t(No symbol) [0x0x7ff6b3cd866a]\n\t(No symbol) [0x0x7ff6b3d00dbe]\n\t(No symbol) [0x0x7ff6b3cd8443]\n\t(No symbol) [0x0x7ff6b3ca1311]\n\t(No symbol) [0x0x7ff6b3ca20a3]\n\tGetHandleVerifier [0x0x7ff6b417e26d+2926461]\n\tGetHandleVerifier [0x0x7ff6b4178993+2903715]\n\tGetHandleVerifier [0x0x7ff6b4196aed+3026941]\n\tGetHandleVerifier [0x0x7ff6b3ee16fe+187406]\n\tGetHandleVerifier [0x0x7ff6b3ee96ef+220159]\n\tGetHandleVerifier [0x0x7ff6b3ecfaf4+114692]\n\tGetHandleVerifier [0x0x7ff6b3ecfca9+115129]\n\tGetHandleVerifier [0x0x7ff6b3eb64d8+10728]\n\tBaseThreadInitThunk [0x0x7ffa14ef7374+20]\n\tRtlUserThreadStart [0x0x7ffa16b1cc91+33]","statusTrace":"@pytest.fixture  # (scope=\"class\")这个参数表示整个测试类共用同一个浏览器，默认一个用例执行一次\n    def login_to_item():\n        \"\"\"初始化并返回 driver\"\"\"\n        driver_path = DateDriver().driver_path\n        driver = create_driver(driver_path)\n        driver.implicitly_wait(3)\n    \n        # 初始化登录页面\n        page = LoginPage(driver)  # 初始化登录页面\n>       page.navigate_to(DateDriver().url)  # 导航到登录页面\n\nTests\\test_material\\test_materialBuyer.py:28: \n_ _ _ _ _ _ _ _ _ _ _ _ _ _ _ _ _ _ _ _ _ _ _ _ _ _ _ _ _ _ _ _ _ _ _ _ _ _ _ _ _ _ _ _ _ _ _ _ _ _ _ _ _ _ _ _ _ _ _ _ _ _ _ _ _ _ _ _ _ _ _ _ _ _ _ _ _ _ _ _ _ _ _ _ _ _ _ _ _ _ _ _ _ _ _ _ _ _ _ _ _ _ _ _ _ _ _ _ _ _ _ _ _ _ _ _\nPages\\base_page.py:107: in navigate_to\n    self.driver.get(url)\nmyenv\\lib\\site-packages\\selenium\\webdriver\\remote\\webdriver.py:472: in get\n    self.execute(Command.GET, {\"url\": url})\nmyenv\\lib\\site-packages\\selenium\\webdriver\\remote\\webdriver.py:447: in execute\n    self.error_handler.check_response(response)\n_ _ _ _ _ _ _ _ _ _ _ _ _ _ _ _ _ _ _ _ _ _ _ _ _ _ _ _ _ _ _ _ _ _ _ _ _ _ _ _ _ _ _ _ _ _ _ _ _ _ _ _ _ _ _ _ _ _ _ _ _ _ _ _ _ _ _ _ _ _ _ _ _ _ _ _ _ _ _ _ _ _ _ _ _ _ _ _ _ _ _ _ _ _ _ _ _ _ _ _ _ _ _ _ _ _ _ _ _ _ _ _ _ _ _ _\n\nself = <selenium.webdriver.remote.errorhandler.ErrorHandler object at 0x00000203BB8BC3A0>\nresponse = {'status': 500, 'value': '{\"value\":{\"error\":\"unknown error\",\"message\":\"unknown error: net::ERR_CONNECTION_RESET\\\\n  (S...ff6b3eb64d8+10728]\\\\n\\\\tBaseThreadInitThunk [0x0x7ffa14ef7374+20]\\\\n\\\\tRtlUserThreadStart [0x0x7ffa16b1cc91+33]\\\\n\"}}'}\n\n    def check_response(self, response: Dict[str, Any]) -> None:\n        \"\"\"Checks that a JSON response from the WebDriver does not have an\n        error.\n    \n        :Args:\n         - response - The JSON response from the WebDriver server as a dictionary\n           object.\n    \n        :Raises: If the response contains an error message.\n        \"\"\"\n        status = response.get(\"status\", None)\n        if not status or status == ErrorCode.SUCCESS:\n            return\n        value = None\n        message = response.get(\"message\", \"\")\n        screen: str = response.get(\"screen\", \"\")\n        stacktrace = None\n        if isinstance(status, int):\n            value_json = response.get(\"value\", None)\n            if value_json and isinstance(value_json, str):\n                import json\n    \n                try:\n                    value = json.loads(value_json)\n                    if len(value) == 1:\n                        value = value[\"value\"]\n                    status = value.get(\"error\", None)\n                    if not status:\n                        status = value.get(\"status\", ErrorCode.UNKNOWN_ERROR)\n                        message = value.get(\"value\") or value.get(\"message\")\n                        if not isinstance(message, str):\n                            value = message\n                            message = message.get(\"message\")\n                    else:\n                        message = value.get(\"message\", None)\n                except ValueError:\n                    pass\n    \n        exception_class: Type[WebDriverException]\n        e = ErrorCode()\n        error_codes = [item for item in dir(e) if not item.startswith(\"__\")]\n        for error_code in error_codes:\n            error_info = getattr(ErrorCode, error_code)\n            if isinstance(error_info, list) and status in error_info:\n                exception_class = getattr(ExceptionMapping, error_code, WebDriverException)\n                break\n        else:\n            exception_class = WebDriverException\n    \n        if not value:\n            value = response[\"value\"]\n        if isinstance(value, str):\n            raise exception_class(value)\n        if message == \"\" and \"message\" in value:\n            message = value[\"message\"]\n    \n        screen = None  # type: ignore[assignment]\n        if \"screen\" in value:\n            screen = value[\"screen\"]\n    \n        stacktrace = None\n        st_value = value.get(\"stackTrace\") or value.get(\"stacktrace\")\n        if st_value:\n            if isinstance(st_value, str):\n                stacktrace = st_value.split(\"\\n\")\n            else:\n                stacktrace = []\n                try:\n                    for frame in st_value:\n                        line = frame.get(\"lineNumber\", \"\")\n                        file = frame.get(\"fileName\", \"<anonymous>\")\n                        if line:\n                            file = f\"{file}:{line}\"\n                        meth = frame.get(\"methodName\", \"<anonymous>\")\n                        if \"className\" in frame:\n                            meth = f\"{frame['className']}.{meth}\"\n                        msg = \"    at %s (%s)\"\n                        msg = msg % (meth, file)\n                        stacktrace.append(msg)\n                except TypeError:\n                    pass\n        if exception_class == UnexpectedAlertPresentException:\n            alert_text = None\n            if \"data\" in value:\n                alert_text = value[\"data\"].get(\"text\")\n            elif \"alert\" in value:\n                alert_text = value[\"alert\"].get(\"text\")\n            raise exception_class(message, screen, stacktrace, alert_text)  # type: ignore[call-arg]  # mypy is not smart enough here\n>       raise exception_class(message, screen, stacktrace)\nE       selenium.common.exceptions.WebDriverException: Message: unknown error: net::ERR_CONNECTION_RESET\nE         (Session info: chrome=137.0.7151.69)\nE       Stacktrace:\nE       \tGetHandleVerifier [0x0x7ff6b3ec6f65+78965]\nE       \tGetHandleVerifier [0x0x7ff6b3ec6fc0+79056]\nE       \t(No symbol) [0x0x7ff6b3c59dda]\nE       \t(No symbol) [0x0x7ff6b3c5684f]\nE       \t(No symbol) [0x0x7ff6b3c47529]\nE       \t(No symbol) [0x0x7ff6b3c492e1]\nE       \t(No symbol) [0x0x7ff6b3c47846]\nE       \t(No symbol) [0x0x7ff6b3c472a6]\nE       \t(No symbol) [0x0x7ff6b3c46f6a]\nE       \t(No symbol) [0x0x7ff6b3c44b38]\nE       \t(No symbol) [0x0x7ff6b3c453bc]\nE       \t(No symbol) [0x0x7ff6b3c5dd8a]\nE       \t(No symbol) [0x0x7ff6b3d01afe]\nE       \t(No symbol) [0x0x7ff6b3cd866a]\nE       \t(No symbol) [0x0x7ff6b3d00dbe]\nE       \t(No symbol) [0x0x7ff6b3cd8443]\nE       \t(No symbol) [0x0x7ff6b3ca1311]\nE       \t(No symbol) [0x0x7ff6b3ca20a3]\nE       \tGetHandleVerifier [0x0x7ff6b417e26d+2926461]\nE       \tGetHandleVerifier [0x0x7ff6b4178993+2903715]\nE       \tGetHandleVerifier [0x0x7ff6b4196aed+3026941]\nE       \tGetHandleVerifier [0x0x7ff6b3ee16fe+187406]\nE       \tGetHandleVerifier [0x0x7ff6b3ee96ef+220159]\nE       \tGetHandleVerifier [0x0x7ff6b3ecfaf4+114692]\nE       \tGetHandleVerifier [0x0x7ff6b3ecfca9+115129]\nE       \tGetHandleVerifier [0x0x7ff6b3eb64d8+10728]\nE       \tBaseThreadInitThunk [0x0x7ffa14ef7374+20]\nE       \tRtlUserThreadStart [0x0x7ffa16b1cc91+33]\n\nmyenv\\lib\\site-packages\\selenium\\webdriver\\remote\\errorhandler.py:232: WebDriverException","flaky":false,"newFailed":false,"newBroken":false,"newPassed":false,"retriesCount":1,"retriesStatusChange":false,"beforeStages":[{"name":"login_to_item","time":{"start":1769536019758,"stop":1769536021634,"duration":1876},"status":"broken","statusMessage":"selenium.common.exceptions.WebDriverException: Message: unknown error: net::ERR_CONNECTION_RESET\n  (Session info: chrome=137.0.7151.69)\nStacktrace:\n\tGetHandleVerifier [0x0x7ff6b3ec6f65+78965]\n\tGetHandleVerifier [0x0x7ff6b3ec6fc0+79056]\n\t(No symbol) [0x0x7ff6b3c59dda]\n\t(No symbol) [0x0x7ff6b3c5684f]\n\t(No symbol) [0x0x7ff6b3c47529]\n\t(No symbol) [0x0x7ff6b3c492e1]\n\t(No symbol) [0x0x7ff6b3c47846]\n\t(No symbol) [0x0x7ff6b3c472a6]\n\t(No symbol) [0x0x7ff6b3c46f6a]\n\t(No symbol) [0x0x7ff6b3c44b38]\n\t(No symbol) [0x0x7ff6b3c453bc]\n\t(No symbol) [0x0x7ff6b3c5dd8a]\n\t(No symbol) [0x0x7ff6b3d01afe]\n\t(No symbol) [0x0x7ff6b3cd866a]\n\t(No symbol) [0x0x7ff6b3d00dbe]\n\t(No symbol) [0x0x7ff6b3cd8443]\n\t(No symbol) [0x0x7ff6b3ca1311]\n\t(No symbol) [0x0x7ff6b3ca20a3]\n\tGetHandleVerifier [0x0x7ff6b417e26d+2926461]\n\tGetHandleVerifier [0x0x7ff6b4178993+2903715]\n\tGetHandleVerifier [0x0x7ff6b4196aed+3026941]\n\tGetHandleVerifier [0x0x7ff6b3ee16fe+187406]\n\tGetHandleVerifier [0x0x7ff6b3ee96ef+220159]\n\tGetHandleVerifier [0x0x7ff6b3ecfaf4+114692]\n\tGetHandleVerifier [0x0x7ff6b3ecfca9+115129]\n\tGetHandleVerifier [0x0x7ff6b3eb64d8+10728]\n\tBaseThreadInitThunk [0x0x7ffa14ef7374+20]\n\tRtlUserThreadStart [0x0x7ffa16b1cc91+33]\n\n","statusTrace":"  File \"D:\\PycharmProjects\\APS\\myenv\\lib\\site-packages\\pluggy\\_callers.py\", line 38, in run_old_style_hookwrapper\n    res = yield\n  File \"D:\\PycharmProjects\\APS\\myenv\\lib\\site-packages\\pluggy\\_callers.py\", line 139, in _multicall\n    teardown.throw(exception)\n  File \"D:\\PycharmProjects\\APS\\myenv\\lib\\site-packages\\pluggy\\_callers.py\", line 53, in run_old_style_hookwrapper\n    return result.get_result()\n  File \"D:\\PycharmProjects\\APS\\myenv\\lib\\site-packages\\pluggy\\_result.py\", line 103, in get_result\n    raise exc.with_traceback(tb)\n  File \"D:\\PycharmProjects\\APS\\myenv\\lib\\site-packages\\pluggy\\_callers.py\", line 38, in run_old_style_hookwrapper\n    res = yield\n  File \"D:\\PycharmProjects\\APS\\myenv\\lib\\site-packages\\pluggy\\_callers.py\", line 139, in _multicall\n    teardown.throw(exception)\n  File \"D:\\PycharmProjects\\APS\\myenv\\lib\\site-packages\\_pytest\\setuponly.py\", line 36, in pytest_fixture_setup\n    return (yield)\n  File \"D:\\PycharmProjects\\APS\\myenv\\lib\\site-packages\\pluggy\\_callers.py\", line 121, in _multicall\n    res = hook_impl.function(*args)\n  File \"D:\\PycharmProjects\\APS\\myenv\\lib\\site-packages\\_pytest\\fixtures.py\", line 1195, in pytest_fixture_setup\n    result = call_fixture_func(fixturefunc, request, kwargs)\n  File \"D:\\PycharmProjects\\APS\\myenv\\lib\\site-packages\\_pytest\\fixtures.py\", line 922, in call_fixture_func\n    fixture_result = next(generator)\n  File \"D:\\PycharmProjects\\APS\\Tests\\test_material\\test_materialBuyer.py\", line 28, in login_to_item\n    page.navigate_to(DateDriver().url)  # 导航到登录页面\n  File \"D:\\PycharmProjects\\APS\\Pages\\base_page.py\", line 107, in navigate_to\n    self.driver.get(url)\n  File \"D:\\PycharmProjects\\APS\\myenv\\lib\\site-packages\\selenium\\webdriver\\remote\\webdriver.py\", line 472, in get\n    self.execute(Command.GET, {\"url\": url})\n  File \"D:\\PycharmProjects\\APS\\myenv\\lib\\site-packages\\selenium\\webdriver\\remote\\webdriver.py\", line 447, in execute\n    self.error_handler.check_response(response)\n  File \"D:\\PycharmProjects\\APS\\myenv\\lib\\site-packages\\selenium\\webdriver\\remote\\errorhandler.py\", line 232, in check_response\n    raise exception_class(message, screen, stacktrace)\n","steps":[],"attachments":[{"uid":"14be0a46aa52fafa","name":"Tests_test_material_test_materialBuyer.py__TestItemPage__test_materialBuyer_selectnodatasuccess_20260128_014701","source":"14be0a46aa52fafa.png","type":"image/png","size":106101},{"uid":"69f0878c4056fbcf","name":"Tests_test_material_test_materialBuyer.py__TestItemPage__test_materialBuyer_selectnodatasuccess_20260128_014701","source":"69f0878c4056fbcf.png","type":"image/png","size":105968},{"uid":"dd72102f60df998d","name":"Tests_test_material_test_materialBuyer.py__TestItemPage__test_materialBuyer_selectnodatasuccess_20260128_014701","source":"dd72102f60df998d.png","type":"image/png","size":8032},{"uid":"1484b030841c1e01","name":"Tests_test_material_test_materialBuyer.py__TestItemPage__test_materialBuyer_selectnodatasuccess_20260128_014701","source":"1484b030841c1e01.png","type":"image/png","size":25802}],"parameters":[],"hasContent":true,"attachmentStep":false,"stepsCount":0,"attachmentsCount":4,"shouldDisplayMessage":true}],"testStage":{"status":"broken","statusMessage":"selenium.common.exceptions.WebDriverException: Message: unknown error: net::ERR_CONNECTION_RESET\n  (Session info: chrome=137.0.7151.69)\nStacktrace:\n\tGetHandleVerifier [0x0x7ff6b3ec6f65+78965]\n\tGetHandleVerifier [0x0x7ff6b3ec6fc0+79056]\n\t(No symbol) [0x0x7ff6b3c59dda]\n\t(No symbol) [0x0x7ff6b3c5684f]\n\t(No symbol) [0x0x7ff6b3c47529]\n\t(No symbol) [0x0x7ff6b3c492e1]\n\t(No symbol) [0x0x7ff6b3c47846]\n\t(No symbol) [0x0x7ff6b3c472a6]\n\t(No symbol) [0x0x7ff6b3c46f6a]\n\t(No symbol) [0x0x7ff6b3c44b38]\n\t(No symbol) [0x0x7ff6b3c453bc]\n\t(No symbol) [0x0x7ff6b3c5dd8a]\n\t(No symbol) [0x0x7ff6b3d01afe]\n\t(No symbol) [0x0x7ff6b3cd866a]\n\t(No symbol) [0x0x7ff6b3d00dbe]\n\t(No symbol) [0x0x7ff6b3cd8443]\n\t(No symbol) [0x0x7ff6b3ca1311]\n\t(No symbol) [0x0x7ff6b3ca20a3]\n\tGetHandleVerifier [0x0x7ff6b417e26d+2926461]\n\tGetHandleVerifier [0x0x7ff6b4178993+2903715]\n\tGetHandleVerifier [0x0x7ff6b4196aed+3026941]\n\tGetHandleVerifier [0x0x7ff6b3ee16fe+187406]\n\tGetHandleVerifier [0x0x7ff6b3ee96ef+220159]\n\tGetHandleVerifier [0x0x7ff6b3ecfaf4+114692]\n\tGetHandleVerifier [0x0x7ff6b3ecfca9+115129]\n\tGetHandleVerifier [0x0x7ff6b3eb64d8+10728]\n\tBaseThreadInitThunk [0x0x7ffa14ef7374+20]\n\tRtlUserThreadStart [0x0x7ffa16b1cc91+33]","statusTrace":"@pytest.fixture  # (scope=\"class\")这个参数表示整个测试类共用同一个浏览器，默认一个用例执行一次\n    def login_to_item():\n        \"\"\"初始化并返回 driver\"\"\"\n        driver_path = DateDriver().driver_path\n        driver = create_driver(driver_path)\n        driver.implicitly_wait(3)\n    \n        # 初始化登录页面\n        page = LoginPage(driver)  # 初始化登录页面\n>       page.navigate_to(DateDriver().url)  # 导航到登录页面\n\nTests\\test_material\\test_materialBuyer.py:28: \n_ _ _ _ _ _ _ _ _ _ _ _ _ _ _ _ _ _ _ _ _ _ _ _ _ _ _ _ _ _ _ _ _ _ _ _ _ _ _ _ _ _ _ _ _ _ _ _ _ _ _ _ _ _ _ _ _ _ _ _ _ _ _ _ _ _ _ _ _ _ _ _ _ _ _ _ _ _ _ _ _ _ _ _ _ _ _ _ _ _ _ _ _ _ _ _ _ _ _ _ _ _ _ _ _ _ _ _ _ _ _ _ _ _ _ _\nPages\\base_page.py:107: in navigate_to\n    self.driver.get(url)\nmyenv\\lib\\site-packages\\selenium\\webdriver\\remote\\webdriver.py:472: in get\n    self.execute(Command.GET, {\"url\": url})\nmyenv\\lib\\site-packages\\selenium\\webdriver\\remote\\webdriver.py:447: in execute\n    self.error_handler.check_response(response)\n_ _ _ _ _ _ _ _ _ _ _ _ _ _ _ _ _ _ _ _ _ _ _ _ _ _ _ _ _ _ _ _ _ _ _ _ _ _ _ _ _ _ _ _ _ _ _ _ _ _ _ _ _ _ _ _ _ _ _ _ _ _ _ _ _ _ _ _ _ _ _ _ _ _ _ _ _ _ _ _ _ _ _ _ _ _ _ _ _ _ _ _ _ _ _ _ _ _ _ _ _ _ _ _ _ _ _ _ _ _ _ _ _ _ _ _\n\nself = <selenium.webdriver.remote.errorhandler.ErrorHandler object at 0x00000203BB8BC3A0>\nresponse = {'status': 500, 'value': '{\"value\":{\"error\":\"unknown error\",\"message\":\"unknown error: net::ERR_CONNECTION_RESET\\\\n  (S...ff6b3eb64d8+10728]\\\\n\\\\tBaseThreadInitThunk [0x0x7ffa14ef7374+20]\\\\n\\\\tRtlUserThreadStart [0x0x7ffa16b1cc91+33]\\\\n\"}}'}\n\n    def check_response(self, response: Dict[str, Any]) -> None:\n        \"\"\"Checks that a JSON response from the WebDriver does not have an\n        error.\n    \n        :Args:\n         - response - The JSON response from the WebDriver server as a dictionary\n           object.\n    \n        :Raises: If the response contains an error message.\n        \"\"\"\n        status = response.get(\"status\", None)\n        if not status or status == ErrorCode.SUCCESS:\n            return\n        value = None\n        message = response.get(\"message\", \"\")\n        screen: str = response.get(\"screen\", \"\")\n        stacktrace = None\n        if isinstance(status, int):\n            value_json = response.get(\"value\", None)\n            if value_json and isinstance(value_json, str):\n                import json\n    \n                try:\n                    value = json.loads(value_json)\n                    if len(value) == 1:\n                        value = value[\"value\"]\n                    status = value.get(\"error\", None)\n                    if not status:\n                        status = value.get(\"status\", ErrorCode.UNKNOWN_ERROR)\n                        message = value.get(\"value\") or value.get(\"message\")\n                        if not isinstance(message, str):\n                            value = message\n                            message = message.get(\"message\")\n                    else:\n                        message = value.get(\"message\", None)\n                except ValueError:\n                    pass\n    \n        exception_class: Type[WebDriverException]\n        e = ErrorCode()\n        error_codes = [item for item in dir(e) if not item.startswith(\"__\")]\n        for error_code in error_codes:\n            error_info = getattr(ErrorCode, error_code)\n            if isinstance(error_info, list) and status in error_info:\n                exception_class = getattr(ExceptionMapping, error_code, WebDriverException)\n                break\n        else:\n            exception_class = WebDriverException\n    \n        if not value:\n            value = response[\"value\"]\n        if isinstance(value, str):\n            raise exception_class(value)\n        if message == \"\" and \"message\" in value:\n            message = value[\"message\"]\n    \n        screen = None  # type: ignore[assignment]\n        if \"screen\" in value:\n            screen = value[\"screen\"]\n    \n        stacktrace = None\n        st_value = value.get(\"stackTrace\") or value.get(\"stacktrace\")\n        if st_value:\n            if isinstance(st_value, str):\n                stacktrace = st_value.split(\"\\n\")\n            else:\n                stacktrace = []\n                try:\n                    for frame in st_value:\n                        line = frame.get(\"lineNumber\", \"\")\n                        file = frame.get(\"fileName\", \"<anonymous>\")\n                        if line:\n                            file = f\"{file}:{line}\"\n                        meth = frame.get(\"methodName\", \"<anonymous>\")\n                        if \"className\" in frame:\n                            meth = f\"{frame['className']}.{meth}\"\n                        msg = \"    at %s (%s)\"\n                        msg = msg % (meth, file)\n                        stacktrace.append(msg)\n                except TypeError:\n                    pass\n        if exception_class == UnexpectedAlertPresentException:\n            alert_text = None\n            if \"data\" in value:\n                alert_text = value[\"data\"].get(\"text\")\n            elif \"alert\" in value:\n                alert_text = value[\"alert\"].get(\"text\")\n            raise exception_class(message, screen, stacktrace, alert_text)  # type: ignore[call-arg]  # mypy is not smart enough here\n>       raise exception_class(message, screen, stacktrace)\nE       selenium.common.exceptions.WebDriverException: Message: unknown error: net::ERR_CONNECTION_RESET\nE         (Session info: chrome=137.0.7151.69)\nE       Stacktrace:\nE       \tGetHandleVerifier [0x0x7ff6b3ec6f65+78965]\nE       \tGetHandleVerifier [0x0x7ff6b3ec6fc0+79056]\nE       \t(No symbol) [0x0x7ff6b3c59dda]\nE       \t(No symbol) [0x0x7ff6b3c5684f]\nE       \t(No symbol) [0x0x7ff6b3c47529]\nE       \t(No symbol) [0x0x7ff6b3c492e1]\nE       \t(No symbol) [0x0x7ff6b3c47846]\nE       \t(No symbol) [0x0x7ff6b3c472a6]\nE       \t(No symbol) [0x0x7ff6b3c46f6a]\nE       \t(No symbol) [0x0x7ff6b3c44b38]\nE       \t(No symbol) [0x0x7ff6b3c453bc]\nE       \t(No symbol) [0x0x7ff6b3c5dd8a]\nE       \t(No symbol) [0x0x7ff6b3d01afe]\nE       \t(No symbol) [0x0x7ff6b3cd866a]\nE       \t(No symbol) [0x0x7ff6b3d00dbe]\nE       \t(No symbol) [0x0x7ff6b3cd8443]\nE       \t(No symbol) [0x0x7ff6b3ca1311]\nE       \t(No symbol) [0x0x7ff6b3ca20a3]\nE       \tGetHandleVerifier [0x0x7ff6b417e26d+2926461]\nE       \tGetHandleVerifier [0x0x7ff6b4178993+2903715]\nE       \tGetHandleVerifier [0x0x7ff6b4196aed+3026941]\nE       \tGetHandleVerifier [0x0x7ff6b3ee16fe+187406]\nE       \tGetHandleVerifier [0x0x7ff6b3ee96ef+220159]\nE       \tGetHandleVerifier [0x0x7ff6b3ecfaf4+114692]\nE       \tGetHandleVerifier [0x0x7ff6b3ecfca9+115129]\nE       \tGetHandleVerifier [0x0x7ff6b3eb64d8+10728]\nE       \tBaseThreadInitThunk [0x0x7ffa14ef7374+20]\nE       \tRtlUserThreadStart [0x0x7ffa16b1cc91+33]\n\nmyenv\\lib\\site-packages\\selenium\\webdriver\\remote\\errorhandler.py:232: WebDriverException","steps":[],"attachments":[{"uid":"aab5985a732b7a85","name":"test_materialBuyer_selectnodatasuccess_20260128_014701","source":"aab5985a732b7a85.png","type":"image/png","size":106101},{"uid":"e98158544c4575b7","name":"test_materialBuyer_selectnodatasuccess_20260128_014701","source":"e98158544c4575b7.png","type":"image/png","size":105968},{"uid":"a14bab51fa6b9036","name":"test_materialBuyer_selectnodatasuccess_20260128_014701","source":"a14bab51fa6b9036.png","type":"image/png","size":8073},{"uid":"8a2265bdbaf4010f","name":"test_materialBuyer_selectnodatasuccess_20260128_014702","source":"8a2265bdbaf4010f.png","type":"image/png","size":25802},{"uid":"92b33562496ff9f9","name":"log","source":"92b33562496ff9f9.txt","type":"text/plain","size":7341}],"parameters":[],"hasContent":true,"attachmentStep":false,"stepsCount":0,"attachmentsCount":5,"shouldDisplayMessage":true},"afterStages":[],"labels":[{"name":"feature","value":"物料员测试用例"},{"name":"story","value":"没有数据时显示正常"},{"name":"parentSuite","value":"Tests.test_material"},{"name":"suite","value":"test_materialBuyer"},{"name":"subSuite","value":"TestItemPage"},{"name":"host","value":"WIN-20240820MJV"},{"name":"thread","value":"11452-MainThread"},{"name":"framework","value":"pytest"},{"name":"language","value":"cpython3"},{"name":"package","value":"Tests.test_material.test_materialBuyer"},{"name":"resultFormat","value":"allure2"}],"parameters":[],"links":[],"hidden":false,"retry":false,"extra":{"severity":"normal","retries":[{"uid":"ff9f6948958d4559","status":"broken","statusDetails":"selenium.common.exceptions.TimeoutException: Message:","time":{"start":1769535921016,"stop":1769535921016,"duration":0}}],"categories":[{"name":"Test defects","matchedStatuses":[]}],"tags":[]},"source":"5c5638f59fa86a53.json","parameterValues":[]}