{"uid":"5df4420ced0ee735","name":"test_setting_select_selsuccess","fullName":"Tests.test_items.test_setting.TestSettingPage#test_setting_select_selsuccess","historyId":"765a78f2ff804b27f9fccba76c77cf17","time":{"start":1769097862000,"stop":1769097873256,"duration":11256},"status":"broken","statusMessage":"selenium.common.exceptions.TimeoutException: Message: \nStacktrace:\n\tGetHandleVerifier [0x0x7ff6c0556f65+78965]\n\tGetHandleVerifier [0x0x7ff6c0556fc0+79056]\n\t(No symbol) [0x0x7ff6c02e9dda]\n\t(No symbol) [0x0x7ff6c03402ea]\n\t(No symbol) [0x0x7ff6c034059c]\n\t(No symbol) [0x0x7ff6c0393f37]\n\t(No symbol) [0x0x7ff6c03686af]\n\t(No symbol) [0x0x7ff6c0390dbe]\n\t(No symbol) [0x0x7ff6c0368443]\n\t(No symbol) [0x0x7ff6c0331311]\n\t(No symbol) [0x0x7ff6c03320a3]\n\tGetHandleVerifier [0x0x7ff6c080e26d+2926461]\n\tGetHandleVerifier [0x0x7ff6c0808993+2903715]\n\tGetHandleVerifier [0x0x7ff6c0826aed+3026941]\n\tGetHandleVerifier [0x0x7ff6c05716fe+187406]\n\tGetHandleVerifier [0x0x7ff6c05796ef+220159]\n\tGetHandleVerifier [0x0x7ff6c055faf4+114692]\n\tGetHandleVerifier [0x0x7ff6c055fca9+115129]\n\tGetHandleVerifier [0x0x7ff6c05464d8+10728]\n\tBaseThreadInitThunk [0x0x7ffc4d1c7374+20]\n\tRtlUserThreadStart [0x0x7ffc4ec7cc91+33]","statusTrace":"self = <test_items.test_setting.TestSettingPage object at 0x00000218C680D0C0>, login_to_setting = <selenium.webdriver.chrome.webdriver.WebDriver (session=\"31428b0503b9467050347fadffdbfbba\")>\n\n    @allure.story(\"快速查询下拉框多选为或者关系\")\n    # @pytest.mark.run(order=1)\n    def test_setting_select_selsuccess(self, login_to_setting):\n        driver = login_to_setting  # WebDriver 实例\n        setting = SettingPage(driver)  # 用 driver 初始化 SettingPage\n        layout = \"测试布局A\"\n        setting.click_button(f'//div[@class=\"tabsDivItemCon\"]/div[text()=\" {layout} \"]')\n>       setting.enter_texts(\n            '//div[text()=\"物料优先度\"]/following-sibling::div//input', \"1\"\n        )\n\nTests\\test_items\\test_setting.py:1087: \n_ _ _ _ _ _ _ _ _ _ _ _ _ _ _ _ _ _ _ _ _ _ _ _ _ _ _ _ _ _ _ _ _ _ _ _ _ _ _ _ _ _ _ _ _ _ _ _ _ _ _ _ _ _ _ _ _ _ _ _ _ _ _ _ _ _ _ _ _ _ _ _ _ _ _ _ _ _ _ _ _ _ _ _ _ _ _ _ _ _ _ _ _ _ _ _ _ _ _ _ _ _ _ _ _ _ _ _ _ _ _ _ _ _ _ _\nPages\\itemsPage\\setting_page.py:18: in enter_texts\n    self.enter_text(By.XPATH, xpath, text)\nPages\\base_page.py:90: in enter_text\n    element = WebDriverWait(self.driver, wait_time).until(\n_ _ _ _ _ _ _ _ _ _ _ _ _ _ _ _ _ _ _ _ _ _ _ _ _ _ _ _ _ _ _ _ _ _ _ _ _ _ _ _ _ _ _ _ _ _ _ _ _ _ _ _ _ _ _ _ _ _ _ _ _ _ _ _ _ _ _ _ _ _ _ _ _ _ _ _ _ _ _ _ _ _ _ _ _ _ _ _ _ _ _ _ _ _ _ _ _ _ _ _ _ _ _ _ _ _ _ _ _ _ _ _ _ _ _ _\n\nself = <selenium.webdriver.support.wait.WebDriverWait (session=\"31428b0503b9467050347fadffdbfbba\")>, method = <function visibility_of_element_located.<locals>._predicate at 0x00000218C8A71240>, message = ''\n\n    def until(self, method: Callable[[D], Union[Literal[False], T]], message: str = \"\") -> T:\n        \"\"\"Wait until the method returns a value that is not False.\n    \n        Calls the method provided with the driver as an argument until the\n        return value does not evaluate to ``False``.\n    \n        Parameters:\n        -----------\n        method: callable(WebDriver)\n            - A callable object that takes a WebDriver instance as an argument.\n    \n        message: str\n            - Optional message for :exc:`TimeoutException`\n    \n        Return:\n        -------\n        object: T\n            - The result of the last call to `method`\n    \n        Raises:\n        -------\n        TimeoutException\n            - If 'method' does not return a truthy value within the WebDriverWait\n            object's timeout\n    \n        Example:\n        --------\n        >>> from selenium.webdriver.common.by import By\n        >>> from selenium.webdriver.support.ui import WebDriverWait\n        >>> from selenium.webdriver.support import expected_conditions as EC\n    \n        # Wait until an element is visible on the page\n        >>> wait = WebDriverWait(driver, 10)\n        >>> element = wait.until(EC.visibility_of_element_located((By.ID, \"exampleId\")))\n        >>> print(element.text)\n        \"\"\"\n        screen = None\n        stacktrace = None\n    \n        end_time = time.monotonic() + self._timeout\n        while True:\n            try:\n                value = method(self._driver)\n                if value:\n                    return value\n            except self._ignored_exceptions as exc:\n                screen = getattr(exc, \"screen\", None)\n                stacktrace = getattr(exc, \"stacktrace\", None)\n            if time.monotonic() > end_time:\n                break\n            time.sleep(self._poll)\n>       raise TimeoutException(message, screen, stacktrace)\nE       selenium.common.exceptions.TimeoutException: Message: \nE       Stacktrace:\nE       \tGetHandleVerifier [0x0x7ff6c0556f65+78965]\nE       \tGetHandleVerifier [0x0x7ff6c0556fc0+79056]\nE       \t(No symbol) [0x0x7ff6c02e9dda]\nE       \t(No symbol) [0x0x7ff6c03402ea]\nE       \t(No symbol) [0x0x7ff6c034059c]\nE       \t(No symbol) [0x0x7ff6c0393f37]\nE       \t(No symbol) [0x0x7ff6c03686af]\nE       \t(No symbol) [0x0x7ff6c0390dbe]\nE       \t(No symbol) [0x0x7ff6c0368443]\nE       \t(No symbol) [0x0x7ff6c0331311]\nE       \t(No symbol) [0x0x7ff6c03320a3]\nE       \tGetHandleVerifier [0x0x7ff6c080e26d+2926461]\nE       \tGetHandleVerifier [0x0x7ff6c0808993+2903715]\nE       \tGetHandleVerifier [0x0x7ff6c0826aed+3026941]\nE       \tGetHandleVerifier [0x0x7ff6c05716fe+187406]\nE       \tGetHandleVerifier [0x0x7ff6c05796ef+220159]\nE       \tGetHandleVerifier [0x0x7ff6c055faf4+114692]\nE       \tGetHandleVerifier [0x0x7ff6c055fca9+115129]\nE       \tGetHandleVerifier [0x0x7ff6c05464d8+10728]\nE       \tBaseThreadInitThunk [0x0x7ffc4d1c7374+20]\nE       \tRtlUserThreadStart [0x0x7ffc4ec7cc91+33]\n\nmyenv\\lib\\site-packages\\selenium\\webdriver\\support\\wait.py:138: TimeoutException","flaky":false,"newFailed":false,"newBroken":false,"newPassed":false,"retriesCount":1,"retriesStatusChange":false,"beforeStages":[{"name":"login_to_setting","time":{"start":1769097205290,"stop":1769097222568,"duration":17278},"status":"passed","steps":[],"attachments":[],"parameters":[],"attachmentStep":false,"stepsCount":0,"hasContent":false,"shouldDisplayMessage":false,"attachmentsCount":0}],"testStage":{"status":"broken","statusMessage":"selenium.common.exceptions.TimeoutException: Message: \nStacktrace:\n\tGetHandleVerifier [0x0x7ff6c0556f65+78965]\n\tGetHandleVerifier [0x0x7ff6c0556fc0+79056]\n\t(No symbol) [0x0x7ff6c02e9dda]\n\t(No symbol) [0x0x7ff6c03402ea]\n\t(No symbol) [0x0x7ff6c034059c]\n\t(No symbol) [0x0x7ff6c0393f37]\n\t(No symbol) [0x0x7ff6c03686af]\n\t(No symbol) [0x0x7ff6c0390dbe]\n\t(No symbol) [0x0x7ff6c0368443]\n\t(No symbol) [0x0x7ff6c0331311]\n\t(No symbol) [0x0x7ff6c03320a3]\n\tGetHandleVerifier [0x0x7ff6c080e26d+2926461]\n\tGetHandleVerifier [0x0x7ff6c0808993+2903715]\n\tGetHandleVerifier [0x0x7ff6c0826aed+3026941]\n\tGetHandleVerifier [0x0x7ff6c05716fe+187406]\n\tGetHandleVerifier [0x0x7ff6c05796ef+220159]\n\tGetHandleVerifier [0x0x7ff6c055faf4+114692]\n\tGetHandleVerifier [0x0x7ff6c055fca9+115129]\n\tGetHandleVerifier [0x0x7ff6c05464d8+10728]\n\tBaseThreadInitThunk [0x0x7ffc4d1c7374+20]\n\tRtlUserThreadStart [0x0x7ffc4ec7cc91+33]","statusTrace":"self = <test_items.test_setting.TestSettingPage object at 0x00000218C680D0C0>, login_to_setting = <selenium.webdriver.chrome.webdriver.WebDriver (session=\"31428b0503b9467050347fadffdbfbba\")>\n\n    @allure.story(\"快速查询下拉框多选为或者关系\")\n    # @pytest.mark.run(order=1)\n    def test_setting_select_selsuccess(self, login_to_setting):\n        driver = login_to_setting  # WebDriver 实例\n        setting = SettingPage(driver)  # 用 driver 初始化 SettingPage\n        layout = \"测试布局A\"\n        setting.click_button(f'//div[@class=\"tabsDivItemCon\"]/div[text()=\" {layout} \"]')\n>       setting.enter_texts(\n            '//div[text()=\"物料优先度\"]/following-sibling::div//input', \"1\"\n        )\n\nTests\\test_items\\test_setting.py:1087: \n_ _ _ _ _ _ _ _ _ _ _ _ _ _ _ _ _ _ _ _ _ _ _ _ _ _ _ _ _ _ _ _ _ _ _ _ _ _ _ _ _ _ _ _ _ _ _ _ _ _ _ _ _ _ _ _ _ _ _ _ _ _ _ _ _ _ _ _ _ _ _ _ _ _ _ _ _ _ _ _ _ _ _ _ _ _ _ _ _ _ _ _ _ _ _ _ _ _ _ _ _ _ _ _ _ _ _ _ _ _ _ _ _ _ _ _\nPages\\itemsPage\\setting_page.py:18: in enter_texts\n    self.enter_text(By.XPATH, xpath, text)\nPages\\base_page.py:90: in enter_text\n    element = WebDriverWait(self.driver, wait_time).until(\n_ _ _ _ _ _ _ _ _ _ _ _ _ _ _ _ _ _ _ _ _ _ _ _ _ _ _ _ _ _ _ _ _ _ _ _ _ _ _ _ _ _ _ _ _ _ _ _ _ _ _ _ _ _ _ _ _ _ _ _ _ _ _ _ _ _ _ _ _ _ _ _ _ _ _ _ _ _ _ _ _ _ _ _ _ _ _ _ _ _ _ _ _ _ _ _ _ _ _ _ _ _ _ _ _ _ _ _ _ _ _ _ _ _ _ _\n\nself = <selenium.webdriver.support.wait.WebDriverWait (session=\"31428b0503b9467050347fadffdbfbba\")>, method = <function visibility_of_element_located.<locals>._predicate at 0x00000218C8A71240>, message = ''\n\n    def until(self, method: Callable[[D], Union[Literal[False], T]], message: str = \"\") -> T:\n        \"\"\"Wait until the method returns a value that is not False.\n    \n        Calls the method provided with the driver as an argument until the\n        return value does not evaluate to ``False``.\n    \n        Parameters:\n        -----------\n        method: callable(WebDriver)\n            - A callable object that takes a WebDriver instance as an argument.\n    \n        message: str\n            - Optional message for :exc:`TimeoutException`\n    \n        Return:\n        -------\n        object: T\n            - The result of the last call to `method`\n    \n        Raises:\n        -------\n        TimeoutException\n            - If 'method' does not return a truthy value within the WebDriverWait\n            object's timeout\n    \n        Example:\n        --------\n        >>> from selenium.webdriver.common.by import By\n        >>> from selenium.webdriver.support.ui import WebDriverWait\n        >>> from selenium.webdriver.support import expected_conditions as EC\n    \n        # Wait until an element is visible on the page\n        >>> wait = WebDriverWait(driver, 10)\n        >>> element = wait.until(EC.visibility_of_element_located((By.ID, \"exampleId\")))\n        >>> print(element.text)\n        \"\"\"\n        screen = None\n        stacktrace = None\n    \n        end_time = time.monotonic() + self._timeout\n        while True:\n            try:\n                value = method(self._driver)\n                if value:\n                    return value\n            except self._ignored_exceptions as exc:\n                screen = getattr(exc, \"screen\", None)\n                stacktrace = getattr(exc, \"stacktrace\", None)\n            if time.monotonic() > end_time:\n                break\n            time.sleep(self._poll)\n>       raise TimeoutException(message, screen, stacktrace)\nE       selenium.common.exceptions.TimeoutException: Message: \nE       Stacktrace:\nE       \tGetHandleVerifier [0x0x7ff6c0556f65+78965]\nE       \tGetHandleVerifier [0x0x7ff6c0556fc0+79056]\nE       \t(No symbol) [0x0x7ff6c02e9dda]\nE       \t(No symbol) [0x0x7ff6c03402ea]\nE       \t(No symbol) [0x0x7ff6c034059c]\nE       \t(No symbol) [0x0x7ff6c0393f37]\nE       \t(No symbol) [0x0x7ff6c03686af]\nE       \t(No symbol) [0x0x7ff6c0390dbe]\nE       \t(No symbol) [0x0x7ff6c0368443]\nE       \t(No symbol) [0x0x7ff6c0331311]\nE       \t(No symbol) [0x0x7ff6c03320a3]\nE       \tGetHandleVerifier [0x0x7ff6c080e26d+2926461]\nE       \tGetHandleVerifier [0x0x7ff6c0808993+2903715]\nE       \tGetHandleVerifier [0x0x7ff6c0826aed+3026941]\nE       \tGetHandleVerifier [0x0x7ff6c05716fe+187406]\nE       \tGetHandleVerifier [0x0x7ff6c05796ef+220159]\nE       \tGetHandleVerifier [0x0x7ff6c055faf4+114692]\nE       \tGetHandleVerifier [0x0x7ff6c055fca9+115129]\nE       \tGetHandleVerifier [0x0x7ff6c05464d8+10728]\nE       \tBaseThreadInitThunk [0x0x7ffc4d1c7374+20]\nE       \tRtlUserThreadStart [0x0x7ffc4ec7cc91+33]\n\nmyenv\\lib\\site-packages\\selenium\\webdriver\\support\\wait.py:138: TimeoutException","steps":[],"attachments":[{"uid":"e50fc8b4eba7ee1d","name":"test_setting_select_selsuccess_20260123_000433","source":"e50fc8b4eba7ee1d.png","type":"image/png","size":106121},{"uid":"d0f0359ac9f4a746","name":"test_setting_select_selsuccess_20260123_000433","source":"d0f0359ac9f4a746.png","type":"image/png","size":106074},{"uid":"d81bc2284ebd3475","name":"test_setting_select_selsuccess_20260123_000433","source":"d81bc2284ebd3475.png","type":"image/png","size":115932},{"uid":"45d57a7bec6a3f64","name":"log","source":"45d57a7bec6a3f64.txt","type":"text/plain","size":573}],"parameters":[],"attachmentStep":false,"stepsCount":0,"hasContent":true,"shouldDisplayMessage":true,"attachmentsCount":4},"afterStages":[{"name":"login_to_setting::0","time":{"start":1769098872651,"stop":1769098874824,"duration":2173},"status":"passed","steps":[],"attachments":[],"parameters":[],"attachmentStep":false,"stepsCount":0,"hasContent":false,"shouldDisplayMessage":false,"attachmentsCount":0}],"labels":[{"name":"story","value":"快速查询下拉框多选为或者关系"},{"name":"feature","value":"标准应用设置测试用例"},{"name":"parentSuite","value":"Tests.test_items"},{"name":"suite","value":"test_setting"},{"name":"subSuite","value":"TestSettingPage"},{"name":"host","value":"WIN-20240820MJV"},{"name":"thread","value":"43156-MainThread"},{"name":"framework","value":"pytest"},{"name":"language","value":"cpython3"},{"name":"package","value":"Tests.test_items.test_setting"},{"name":"resultFormat","value":"allure2"}],"parameters":[],"links":[],"hidden":false,"retry":false,"extra":{"severity":"normal","retries":[{"uid":"13af1c49f9b0713f","status":"broken","statusDetails":"selenium.common.exceptions.TimeoutException: Message: \nStacktrace:\n\tGetHandleVerifier [0x0x7ff6c0556f65+78965]\n\tGetHandleVerifier [0x0x7ff6c0556fc0+79056]\n\t(No symbol) [0x0x7ff6c02e9dda]\n\t(No symbol) [0x0x7ff6c03402ea]\n\t(No symbol) [0x0x7ff6c034059c]\n\t(No symbol) [0x0x7ff6c0393f37]\n\t(No symbol) [0x0x7ff6c03686af]\n\t(No symbol) [0x0x7ff6c0390dbe]\n\t(No symbol) [0x0x7ff6c0368443]\n\t(No symbol) [0x0x7ff6c0331311]\n\t(No symbol) [0x0x7ff6c03320a3]\n\tGetHandleVerifier [0x0x7ff6c080e26d+2926461]\n\tGetHandleVerifier [0x0x7ff6c0808993+2903715]\n\tGetHandleVerifier [0x0x7ff6c0826aed+3026941]\n\tGetHandleVerifier [0x0x7ff6c05716fe+187406]\n\tGetHandleVerifier [0x0x7ff6c05796ef+220159]\n\tGetHandleVerifier [0x0x7ff6c055faf4+114692]\n\tGetHandleVerifier [0x0x7ff6c055fca9+115129]\n\tGetHandleVerifier [0x0x7ff6c05464d8+10728]\n\tBaseThreadInitThunk [0x0x7ffc4d1c7374+20]\n\tRtlUserThreadStart [0x0x7ffc4ec7cc91+33]","time":{"start":1769097850417,"stop":1769097861629,"duration":11212}}],"categories":[{"name":"Test defects","matchedStatuses":[]}],"tags":[]},"source":"5df4420ced0ee735.json","parameterValues":[]}