{"uid":"5e35e920b953e189","name":"test_dictionary_addsuccess2","fullName":"Tests.test_system.test_dictionary.TestSDictionaryPage#test_dictionary_addsuccess2","historyId":"45b824327d0fa074352c4546cb92325d","time":{"start":1762391248523,"stop":1762391262478,"duration":13955},"status":"broken","statusMessage":"selenium.common.exceptions.TimeoutException: Message: \nStacktrace:\n\tGetHandleVerifier [0x0x7ff767936f65+78965]\n\tGetHandleVerifier [0x0x7ff767936fc0+79056]\n\t(No symbol) [0x0x7ff7676c9dda]\n\t(No symbol) [0x0x7ff7677202ea]\n\t(No symbol) [0x0x7ff76772059c]\n\t(No symbol) [0x0x7ff767773f37]\n\t(No symbol) [0x0x7ff7677486af]\n\t(No symbol) [0x0x7ff767770dbe]\n\t(No symbol) [0x0x7ff767748443]\n\t(No symbol) [0x0x7ff767711311]\n\t(No symbol) [0x0x7ff7677120a3]\n\tGetHandleVerifier [0x0x7ff767bee26d+2926461]\n\tGetHandleVerifier [0x0x7ff767be8993+2903715]\n\tGetHandleVerifier [0x0x7ff767c06aed+3026941]\n\tGetHandleVerifier [0x0x7ff7679516fe+187406]\n\tGetHandleVerifier [0x0x7ff7679596ef+220159]\n\tGetHandleVerifier [0x0x7ff76793faf4+114692]\n\tGetHandleVerifier [0x0x7ff76793fca9+115129]\n\tGetHandleVerifier [0x0x7ff7679264d8+10728]\n\tBaseThreadInitThunk [0x0x7ff956997374+20]\n\tRtlUserThreadStart [0x0x7ff956c3cc91+33]","statusTrace":"self = <test_system.test_dictionary.TestSDictionaryPage object at 0x0000023D31F4EF80>, login_to_dictionary = <selenium.webdriver.chrome.webdriver.WebDriver (session=\"6198d2670f6c881227f5fc846f003f9e\")>\n\n    @allure.story(\"添加同一个分类枚举值，枚举值不同，添加成功\")\n    # @pytest.mark.run(order=1)\n    def test_dictionary_addsuccess2(self, login_to_dictionary):\n        driver = login_to_dictionary  # WebDriver 实例\n        dictionary = ExpressionPage(driver)  # 用 driver 初始化 ExpressionPage\n        add = AddsPages(driver)\n        sleep(1)\n        name = '1字典2'\n        xpath_list = [\n            '//div[@id=\"240ciohl-584b\"]//input',\n            '//div[@id=\"wsgjozwj-57r6\"]//input',\n            '//div[@id=\"0tj1refm-xmig\"]//input',\n        ]\n        dictionary.click_all_button(\"新增\")\n        add.batch_modify_input(xpath_list[:2], name)\n        add.enter_texts(xpath_list[2], '1字典1')\n        dictionary.click_confirm()\n>       message = dictionary.get_find_message()\n\nTests\\test_system\\test_dictionary.py:137: \n_ _ _ _ _ _ _ _ _ _ _ _ _ _ _ _ _ _ _ _ _ _ _ _ _ _ _ _ _ _ _ _ _ _ _ _ _ _ _ _ _ _ _ _ _ _ _ _ _ _ _ _ _ _ _ _ _ _ _ _ _ _ _ _ _ _ _ _ _ _ _ _ _ _ _ _ _ _ _ _ _ _ _ _ _ _ _ _ _ _ _ _ _ _ _ _ _ _ _ _ _ _ _ _ _ _ _ _ _ _ _ _ _ _ _ _\nPages\\systemPage\\expression_page.py:35: in get_find_message\n    message = WebDriverWait(self.driver, 10).until(\n_ _ _ _ _ _ _ _ _ _ _ _ _ _ _ _ _ _ _ _ _ _ _ _ _ _ _ _ _ _ _ _ _ _ _ _ _ _ _ _ _ _ _ _ _ _ _ _ _ _ _ _ _ _ _ _ _ _ _ _ _ _ _ _ _ _ _ _ _ _ _ _ _ _ _ _ _ _ _ _ _ _ _ _ _ _ _ _ _ _ _ _ _ _ _ _ _ _ _ _ _ _ _ _ _ _ _ _ _ _ _ _ _ _ _ _\n\nself = <selenium.webdriver.support.wait.WebDriverWait (session=\"6198d2670f6c881227f5fc846f003f9e\")>, method = <function visibility_of_element_located.<locals>._predicate at 0x0000023D34620EE0>, message = ''\n\n    def until(self, method: Callable[[D], Union[Literal[False], T]], message: str = \"\") -> T:\n        \"\"\"Wait until the method returns a value that is not False.\n    \n        Calls the method provided with the driver as an argument until the\n        return value does not evaluate to ``False``.\n    \n        Parameters:\n        -----------\n        method: callable(WebDriver)\n            - A callable object that takes a WebDriver instance as an argument.\n    \n        message: str\n            - Optional message for :exc:`TimeoutException`\n    \n        Return:\n        -------\n        object: T\n            - The result of the last call to `method`\n    \n        Raises:\n        -------\n        TimeoutException\n            - If 'method' does not return a truthy value within the WebDriverWait\n            object's timeout\n    \n        Example:\n        --------\n        >>> from selenium.webdriver.common.by import By\n        >>> from selenium.webdriver.support.ui import WebDriverWait\n        >>> from selenium.webdriver.support import expected_conditions as EC\n    \n        # Wait until an element is visible on the page\n        >>> wait = WebDriverWait(driver, 10)\n        >>> element = wait.until(EC.visibility_of_element_located((By.ID, \"exampleId\")))\n        >>> print(element.text)\n        \"\"\"\n        screen = None\n        stacktrace = None\n    \n        end_time = time.monotonic() + self._timeout\n        while True:\n            try:\n                value = method(self._driver)\n                if value:\n                    return value\n            except self._ignored_exceptions as exc:\n                screen = getattr(exc, \"screen\", None)\n                stacktrace = getattr(exc, \"stacktrace\", None)\n            if time.monotonic() > end_time:\n                break\n            time.sleep(self._poll)\n>       raise TimeoutException(message, screen, stacktrace)\nE       selenium.common.exceptions.TimeoutException: Message: \nE       Stacktrace:\nE       \tGetHandleVerifier [0x0x7ff767936f65+78965]\nE       \tGetHandleVerifier [0x0x7ff767936fc0+79056]\nE       \t(No symbol) [0x0x7ff7676c9dda]\nE       \t(No symbol) [0x0x7ff7677202ea]\nE       \t(No symbol) [0x0x7ff76772059c]\nE       \t(No symbol) [0x0x7ff767773f37]\nE       \t(No symbol) [0x0x7ff7677486af]\nE       \t(No symbol) [0x0x7ff767770dbe]\nE       \t(No symbol) [0x0x7ff767748443]\nE       \t(No symbol) [0x0x7ff767711311]\nE       \t(No symbol) [0x0x7ff7677120a3]\nE       \tGetHandleVerifier [0x0x7ff767bee26d+2926461]\nE       \tGetHandleVerifier [0x0x7ff767be8993+2903715]\nE       \tGetHandleVerifier [0x0x7ff767c06aed+3026941]\nE       \tGetHandleVerifier [0x0x7ff7679516fe+187406]\nE       \tGetHandleVerifier [0x0x7ff7679596ef+220159]\nE       \tGetHandleVerifier [0x0x7ff76793faf4+114692]\nE       \tGetHandleVerifier [0x0x7ff76793fca9+115129]\nE       \tGetHandleVerifier [0x0x7ff7679264d8+10728]\nE       \tBaseThreadInitThunk [0x0x7ff956997374+20]\nE       \tRtlUserThreadStart [0x0x7ff956c3cc91+33]\n\nmyenv\\lib\\site-packages\\selenium\\webdriver\\support\\wait.py:138: TimeoutException","flaky":false,"newFailed":false,"newBroken":false,"newPassed":false,"retriesCount":1,"retriesStatusChange":true,"beforeStages":[{"name":"login_to_dictionary","time":{"start":1762391237195,"stop":1762391248522,"duration":11327},"status":"passed","steps":[],"attachments":[],"parameters":[],"attachmentsCount":0,"shouldDisplayMessage":false,"stepsCount":0,"hasContent":false,"attachmentStep":false}],"testStage":{"status":"broken","statusMessage":"selenium.common.exceptions.TimeoutException: Message: \nStacktrace:\n\tGetHandleVerifier [0x0x7ff767936f65+78965]\n\tGetHandleVerifier [0x0x7ff767936fc0+79056]\n\t(No symbol) [0x0x7ff7676c9dda]\n\t(No symbol) [0x0x7ff7677202ea]\n\t(No symbol) [0x0x7ff76772059c]\n\t(No symbol) [0x0x7ff767773f37]\n\t(No symbol) [0x0x7ff7677486af]\n\t(No symbol) [0x0x7ff767770dbe]\n\t(No symbol) [0x0x7ff767748443]\n\t(No symbol) [0x0x7ff767711311]\n\t(No symbol) [0x0x7ff7677120a3]\n\tGetHandleVerifier [0x0x7ff767bee26d+2926461]\n\tGetHandleVerifier [0x0x7ff767be8993+2903715]\n\tGetHandleVerifier [0x0x7ff767c06aed+3026941]\n\tGetHandleVerifier [0x0x7ff7679516fe+187406]\n\tGetHandleVerifier [0x0x7ff7679596ef+220159]\n\tGetHandleVerifier [0x0x7ff76793faf4+114692]\n\tGetHandleVerifier [0x0x7ff76793fca9+115129]\n\tGetHandleVerifier [0x0x7ff7679264d8+10728]\n\tBaseThreadInitThunk [0x0x7ff956997374+20]\n\tRtlUserThreadStart [0x0x7ff956c3cc91+33]","statusTrace":"self = <test_system.test_dictionary.TestSDictionaryPage object at 0x0000023D31F4EF80>, login_to_dictionary = <selenium.webdriver.chrome.webdriver.WebDriver (session=\"6198d2670f6c881227f5fc846f003f9e\")>\n\n    @allure.story(\"添加同一个分类枚举值，枚举值不同，添加成功\")\n    # @pytest.mark.run(order=1)\n    def test_dictionary_addsuccess2(self, login_to_dictionary):\n        driver = login_to_dictionary  # WebDriver 实例\n        dictionary = ExpressionPage(driver)  # 用 driver 初始化 ExpressionPage\n        add = AddsPages(driver)\n        sleep(1)\n        name = '1字典2'\n        xpath_list = [\n            '//div[@id=\"240ciohl-584b\"]//input',\n            '//div[@id=\"wsgjozwj-57r6\"]//input',\n            '//div[@id=\"0tj1refm-xmig\"]//input',\n        ]\n        dictionary.click_all_button(\"新增\")\n        add.batch_modify_input(xpath_list[:2], name)\n        add.enter_texts(xpath_list[2], '1字典1')\n        dictionary.click_confirm()\n>       message = dictionary.get_find_message()\n\nTests\\test_system\\test_dictionary.py:137: \n_ _ _ _ _ _ _ _ _ _ _ _ _ _ _ _ _ _ _ _ _ _ _ _ _ _ _ _ _ _ _ _ _ _ _ _ _ _ _ _ _ _ _ _ _ _ _ _ _ _ _ _ _ _ _ _ _ _ _ _ _ _ _ _ _ _ _ _ _ _ _ _ _ _ _ _ _ _ _ _ _ _ _ _ _ _ _ _ _ _ _ _ _ _ _ _ _ _ _ _ _ _ _ _ _ _ _ _ _ _ _ _ _ _ _ _\nPages\\systemPage\\expression_page.py:35: in get_find_message\n    message = WebDriverWait(self.driver, 10).until(\n_ _ _ _ _ _ _ _ _ _ _ _ _ _ _ _ _ _ _ _ _ _ _ _ _ _ _ _ _ _ _ _ _ _ _ _ _ _ _ _ _ _ _ _ _ _ _ _ _ _ _ _ _ _ _ _ _ _ _ _ _ _ _ _ _ _ _ _ _ _ _ _ _ _ _ _ _ _ _ _ _ _ _ _ _ _ _ _ _ _ _ _ _ _ _ _ _ _ _ _ _ _ _ _ _ _ _ _ _ _ _ _ _ _ _ _\n\nself = <selenium.webdriver.support.wait.WebDriverWait (session=\"6198d2670f6c881227f5fc846f003f9e\")>, method = <function visibility_of_element_located.<locals>._predicate at 0x0000023D34620EE0>, message = ''\n\n    def until(self, method: Callable[[D], Union[Literal[False], T]], message: str = \"\") -> T:\n        \"\"\"Wait until the method returns a value that is not False.\n    \n        Calls the method provided with the driver as an argument until the\n        return value does not evaluate to ``False``.\n    \n        Parameters:\n        -----------\n        method: callable(WebDriver)\n            - A callable object that takes a WebDriver instance as an argument.\n    \n        message: str\n            - Optional message for :exc:`TimeoutException`\n    \n        Return:\n        -------\n        object: T\n            - The result of the last call to `method`\n    \n        Raises:\n        -------\n        TimeoutException\n            - If 'method' does not return a truthy value within the WebDriverWait\n            object's timeout\n    \n        Example:\n        --------\n        >>> from selenium.webdriver.common.by import By\n        >>> from selenium.webdriver.support.ui import WebDriverWait\n        >>> from selenium.webdriver.support import expected_conditions as EC\n    \n        # Wait until an element is visible on the page\n        >>> wait = WebDriverWait(driver, 10)\n        >>> element = wait.until(EC.visibility_of_element_located((By.ID, \"exampleId\")))\n        >>> print(element.text)\n        \"\"\"\n        screen = None\n        stacktrace = None\n    \n        end_time = time.monotonic() + self._timeout\n        while True:\n            try:\n                value = method(self._driver)\n                if value:\n                    return value\n            except self._ignored_exceptions as exc:\n                screen = getattr(exc, \"screen\", None)\n                stacktrace = getattr(exc, \"stacktrace\", None)\n            if time.monotonic() > end_time:\n                break\n            time.sleep(self._poll)\n>       raise TimeoutException(message, screen, stacktrace)\nE       selenium.common.exceptions.TimeoutException: Message: \nE       Stacktrace:\nE       \tGetHandleVerifier [0x0x7ff767936f65+78965]\nE       \tGetHandleVerifier [0x0x7ff767936fc0+79056]\nE       \t(No symbol) [0x0x7ff7676c9dda]\nE       \t(No symbol) [0x0x7ff7677202ea]\nE       \t(No symbol) [0x0x7ff76772059c]\nE       \t(No symbol) [0x0x7ff767773f37]\nE       \t(No symbol) [0x0x7ff7677486af]\nE       \t(No symbol) [0x0x7ff767770dbe]\nE       \t(No symbol) [0x0x7ff767748443]\nE       \t(No symbol) [0x0x7ff767711311]\nE       \t(No symbol) [0x0x7ff7677120a3]\nE       \tGetHandleVerifier [0x0x7ff767bee26d+2926461]\nE       \tGetHandleVerifier [0x0x7ff767be8993+2903715]\nE       \tGetHandleVerifier [0x0x7ff767c06aed+3026941]\nE       \tGetHandleVerifier [0x0x7ff7679516fe+187406]\nE       \tGetHandleVerifier [0x0x7ff7679596ef+220159]\nE       \tGetHandleVerifier [0x0x7ff76793faf4+114692]\nE       \tGetHandleVerifier [0x0x7ff76793fca9+115129]\nE       \tGetHandleVerifier [0x0x7ff7679264d8+10728]\nE       \tBaseThreadInitThunk [0x0x7ff956997374+20]\nE       \tRtlUserThreadStart [0x0x7ff956c3cc91+33]\n\nmyenv\\lib\\site-packages\\selenium\\webdriver\\support\\wait.py:138: TimeoutException","steps":[],"attachments":[{"uid":"f3d2135efa057d6","name":"test_dictionary_addsuccess2_failure","source":"f3d2135efa057d6.png","type":"image/png","size":82756},{"uid":"570263090995581b","name":"test_dictionary_addsuccess2_source","source":"570263090995581b.html","type":"text/html","size":1224812},{"uid":"f69674def0fde3a9","name":"log","source":"f69674def0fde3a9.txt","type":"text/plain","size":3501}],"parameters":[],"attachmentsCount":3,"shouldDisplayMessage":true,"stepsCount":0,"hasContent":true,"attachmentStep":false},"afterStages":[{"name":"login_to_dictionary::0","time":{"start":1762391262649,"stop":1762391264827,"duration":2178},"status":"passed","steps":[],"attachments":[],"parameters":[],"attachmentsCount":0,"shouldDisplayMessage":false,"stepsCount":0,"hasContent":false,"attachmentStep":false}],"labels":[{"name":"feature","value":"字典页用例"},{"name":"story","value":"添加同一个分类枚举值，枚举值不同，添加成功"},{"name":"parentSuite","value":"Tests.test_system"},{"name":"suite","value":"test_dictionary"},{"name":"subSuite","value":"TestSDictionaryPage"},{"name":"host","value":"WIN-20240820MJV"},{"name":"thread","value":"34192-MainThread"},{"name":"framework","value":"pytest"},{"name":"language","value":"cpython3"},{"name":"package","value":"Tests.test_system.test_dictionary"},{"name":"resultFormat","value":"allure2"}],"parameters":[],"links":[],"hidden":false,"retry":false,"extra":{"severity":"normal","retries":[{"uid":"f744503ef4548e6c","status":"failed","statusDetails":"AssertionError: assert '新增成功！' == '保存成功'\n  \n  \u001B[0m\u001B[91m- 保存成功\u001B[39;49;00m\u001B[90m\u001B[39;49;00m\n  \u001B[92m+ 新增成功！\u001B[39;49;00m\u001B[90m\u001B[39;49;00m","time":{"start":1762391230256,"stop":1762391234821,"duration":4565}}],"categories":[{"name":"Test defects","matchedStatuses":[]}],"tags":[]},"source":"5e35e920b953e189.json","parameterValues":[]}