{"uid":"621b485404ff0259","name":"test_user_verify1","fullName":"Tests.test_system.test_userRole.TestUserRolePage#test_user_verify1","historyId":"c2bb957e1751db30a0c067b81eb528e4","time":{"start":1769141624983,"stop":1769141626358,"duration":1375},"status":"failed","statusMessage":"AssertionError: assert '1w.a_1' == '1wa_1'\n  \n  \u001B[0m\u001B[91m- 1wa_1\u001B[39;49;00m\u001B[90m\u001B[39;49;00m\n  \u001B[92m+ 1w.a_1\u001B[39;49;00m\u001B[90m\u001B[39;49;00m\n  ?   +\u001B[90m\u001B[39;49;00m","statusTrace":"self = <test_system.test_userRole.TestUserRolePage object at 0x0000014D05FFF4C0>, login_to_userrole = <selenium.webdriver.chrome.webdriver.WebDriver (session=\"012a3a1a1e567a45f54b599d5579a437\")>\n\n    @allure.story(\"校验用户代码文本框，输入其他字符，显示只能包含字母和数字和下划线\")\n    # @pytest.mark.run(order=1)\n    def test_user_verify1(self, login_to_userrole):\n        driver = login_to_userrole  # WebDriver 实例\n        user = UserRolePage(driver)  # 用 driver 初始化 UserRolePage\n        name = '1用户w+.?=-+a_1'\n        list_ = [\n            '//div[label[text()=\"用户代码\"]]//input',\n            '//div[label[text()=\"用户名称\"]]//input'\n        ]\n        user.click_all_button(\"新增\")\n        user.enter_texts(list_[0], name)\n        user.click_button(list_[1])\n        sleep(0.5)\n        ele = user.get_find_element_xpath(list_[0]).get_attribute(\"value\")\n        user.click_all_button(\"取消\")\n>       assert ele == '1wa_1'\nE       AssertionError: assert '1w.a_1' == '1wa_1'\nE         \nE         \u001B[0m\u001B[91m- 1wa_1\u001B[39;49;00m\u001B[90m\u001B[39;49;00m\nE         \u001B[92m+ 1w.a_1\u001B[39;49;00m\u001B[90m\u001B[39;49;00m\nE         ?   +\u001B[90m\u001B[39;49;00m\n\nTests\\test_system\\test_userRole.py:208: AssertionError","flaky":false,"newFailed":false,"newBroken":false,"newPassed":false,"retriesCount":3,"retriesStatusChange":false,"beforeStages":[{"name":"login_to_userrole","time":{"start":1769141559139,"stop":1769141574407,"duration":15268},"status":"passed","steps":[],"attachments":[],"parameters":[],"stepsCount":0,"hasContent":false,"attachmentStep":false,"shouldDisplayMessage":false,"attachmentsCount":0}],"testStage":{"status":"failed","statusMessage":"AssertionError: assert '1w.a_1' == '1wa_1'\n  \n  \u001B[0m\u001B[91m- 1wa_1\u001B[39;49;00m\u001B[90m\u001B[39;49;00m\n  \u001B[92m+ 1w.a_1\u001B[39;49;00m\u001B[90m\u001B[39;49;00m\n  ?   +\u001B[90m\u001B[39;49;00m","statusTrace":"self = <test_system.test_userRole.TestUserRolePage object at 0x0000014D05FFF4C0>, login_to_userrole = <selenium.webdriver.chrome.webdriver.WebDriver (session=\"012a3a1a1e567a45f54b599d5579a437\")>\n\n    @allure.story(\"校验用户代码文本框，输入其他字符，显示只能包含字母和数字和下划线\")\n    # @pytest.mark.run(order=1)\n    def test_user_verify1(self, login_to_userrole):\n        driver = login_to_userrole  # WebDriver 实例\n        user = UserRolePage(driver)  # 用 driver 初始化 UserRolePage\n        name = '1用户w+.?=-+a_1'\n        list_ = [\n            '//div[label[text()=\"用户代码\"]]//input',\n            '//div[label[text()=\"用户名称\"]]//input'\n        ]\n        user.click_all_button(\"新增\")\n        user.enter_texts(list_[0], name)\n        user.click_button(list_[1])\n        sleep(0.5)\n        ele = user.get_find_element_xpath(list_[0]).get_attribute(\"value\")\n        user.click_all_button(\"取消\")\n>       assert ele == '1wa_1'\nE       AssertionError: assert '1w.a_1' == '1wa_1'\nE         \nE         \u001B[0m\u001B[91m- 1wa_1\u001B[39;49;00m\u001B[90m\u001B[39;49;00m\nE         \u001B[92m+ 1w.a_1\u001B[39;49;00m\u001B[90m\u001B[39;49;00m\nE         ?   +\u001B[90m\u001B[39;49;00m\n\nTests\\test_system\\test_userRole.py:208: AssertionError","steps":[],"attachments":[{"uid":"6e11fb71d80be2b7","name":"test_user_verify1_20260123_121346","source":"6e11fb71d80be2b7.png","type":"image/png","size":169354},{"uid":"fdd82fd145593e75","name":"log","source":"fdd82fd145593e75.txt","type":"text/plain","size":1543}],"parameters":[],"stepsCount":0,"hasContent":true,"attachmentStep":false,"shouldDisplayMessage":true,"attachmentsCount":2},"afterStages":[{"name":"login_to_userrole::0","time":{"start":1769142298179,"stop":1769142300349,"duration":2170},"status":"passed","steps":[],"attachments":[],"parameters":[],"stepsCount":0,"hasContent":false,"attachmentStep":false,"shouldDisplayMessage":false,"attachmentsCount":0}],"labels":[{"name":"feature","value":"用户权限管理页用例"},{"name":"story","value":"校验用户代码文本框，输入其他字符，显示只能包含字母和数字和下划线"},{"name":"parentSuite","value":"Tests.test_system"},{"name":"suite","value":"test_userRole"},{"name":"subSuite","value":"TestUserRolePage"},{"name":"host","value":"WIN-20240820MJV"},{"name":"thread","value":"36944-MainThread"},{"name":"framework","value":"pytest"},{"name":"language","value":"cpython3"},{"name":"package","value":"Tests.test_system.test_userRole"},{"name":"resultFormat","value":"allure2"}],"parameters":[],"links":[],"hidden":false,"retry":false,"extra":{"severity":"normal","retries":[{"uid":"42771ea4308a7f52","status":"failed","statusDetails":"AssertionError: assert '1w.a_1' == '1wa_1'\n  \n  \u001B[0m\u001B[91m- 1wa_1\u001B[39;49;00m\u001B[90m\u001B[39;49;00m\n  \u001B[92m+ 1w.a_1\u001B[39;49;00m\u001B[90m\u001B[39;49;00m\n  ?   +\u001B[90m\u001B[39;49;00m","time":{"start":1769141623434,"stop":1769141624843,"duration":1409}},{"uid":"6f2152ecff328c2a","status":"failed","statusDetails":"AssertionError: assert '1w.a_1' == '1wa_1'\n  \n  \u001B[0m\u001B[91m- 1wa_1\u001B[39;49;00m\u001B[90m\u001B[39;49;00m\n  \u001B[92m+ 1w.a_1\u001B[39;49;00m\u001B[90m\u001B[39;49;00m\n  ?   +\u001B[90m\u001B[39;49;00m","time":{"start":1769112007194,"stop":1769112008541,"duration":1347}},{"uid":"591f8b885392065d","status":"failed","statusDetails":"AssertionError: assert '1w.a_1' == '1wa_1'\n  \n  \u001B[0m\u001B[91m- 1wa_1\u001B[39;49;00m\u001B[90m\u001B[39;49;00m\n  \u001B[92m+ 1w.a_1\u001B[39;49;00m\u001B[90m\u001B[39;49;00m\n  ?   +\u001B[90m\u001B[39;49;00m","time":{"start":1769112005087,"stop":1769112006431,"duration":1344}}],"categories":[{"name":"Product defects","matchedStatuses":[]}],"tags":[]},"source":"621b485404ff0259.json","parameterValues":[]}