{"uid":"62f6cfd5140dc79d","name":"test_item_editcodesuccess","fullName":"Tests.test_material.test_materialVendorQuota.TestItemPage#test_item_editcodesuccess","historyId":"df00258b4645cdbed60571ca890c687f","time":{"start":1761589032287,"stop":1761589042459,"duration":10172},"status":"broken","statusMessage":"selenium.common.exceptions.TimeoutException: Message: 点击失败，找不到元素：xpath = //tr[./td[2][.//span[text()=\"222\"]]]/td[2]","statusTrace":"self = <Pages.materialPage.warehouseLocation_page.WarehouseLocationPage object at 0x000001F00091FEE0>, by_or_element = 'xpath', value = '//tr[./td[2][.//span[text()=\"222\"]]]/td[2]', wait_time = 10\n\n    def click(self, by_or_element, value=None, wait_time=10):\n        if value is not None:\n            by = by_or_element\n            logging.info(f\"点击元素：By = {by}, Value = {value}\")\n            try:\n>               element = WebDriverWait(self.driver, wait_time).until(\n                    EC.element_to_be_clickable((by, value))\n                )\n\nPages\\base_page.py:45: \n_ _ _ _ _ _ _ _ _ _ _ _ _ _ _ _ _ _ _ _ _ _ _ _ _ _ _ _ _ _ _ _ _ _ _ _ _ _ _ _ _ _ _ _ _ _ _ _ _ _ _ _ _ _ _ _ _ _ _ _ _ _ _ _ _ _ _ _ _ _ _ _ _ _ _ _ _ _ _ _ _ _ _ _ _ _ _ _ _ _ _ _ _ _ _ _ _ _ _ _ _ _ _ _ _ _ _ _ _ _ _ _ _ _ _ _\n\nself = <selenium.webdriver.support.wait.WebDriverWait (session=\"8a799710f2d1fae7e119b9ad94bf97c9\")>, method = <function element_to_be_clickable.<locals>._predicate at 0x000001F001100DC0>, message = ''\n\n    def until(self, method: Callable[[D], Union[Literal[False], T]], message: str = \"\") -> T:\n        \"\"\"Wait until the method returns a value that is not False.\n    \n        Calls the method provided with the driver as an argument until the\n        return value does not evaluate to ``False``.\n    \n        Parameters:\n        -----------\n        method: callable(WebDriver)\n            - A callable object that takes a WebDriver instance as an argument.\n    \n        message: str\n            - Optional message for :exc:`TimeoutException`\n    \n        Return:\n        -------\n        object: T\n            - The result of the last call to `method`\n    \n        Raises:\n        -------\n        TimeoutException\n            - If 'method' does not return a truthy value within the WebDriverWait\n            object's timeout\n    \n        Example:\n        --------\n        >>> from selenium.webdriver.common.by import By\n        >>> from selenium.webdriver.support.ui import WebDriverWait\n        >>> from selenium.webdriver.support import expected_conditions as EC\n    \n        # Wait until an element is visible on the page\n        >>> wait = WebDriverWait(driver, 10)\n        >>> element = wait.until(EC.visibility_of_element_located((By.ID, \"exampleId\")))\n        >>> print(element.text)\n        \"\"\"\n        screen = None\n        stacktrace = None\n    \n        end_time = time.monotonic() + self._timeout\n        while True:\n            try:\n                value = method(self._driver)\n                if value:\n                    return value\n            except self._ignored_exceptions as exc:\n                screen = getattr(exc, \"screen\", None)\n                stacktrace = getattr(exc, \"stacktrace\", None)\n            if time.monotonic() > end_time:\n                break\n            time.sleep(self._poll)\n>       raise TimeoutException(message, screen, stacktrace)\nE       selenium.common.exceptions.TimeoutException: Message: \nE       Stacktrace:\nE       \tGetHandleVerifier [0x0x7ff7d4096f65+78965]\nE       \tGetHandleVerifier [0x0x7ff7d4096fc0+79056]\nE       \t(No symbol) [0x0x7ff7d3e29dda]\nE       \t(No symbol) [0x0x7ff7d3e802ea]\nE       \t(No symbol) [0x0x7ff7d3e8059c]\nE       \t(No symbol) [0x0x7ff7d3ed3f37]\nE       \t(No symbol) [0x0x7ff7d3ea86af]\nE       \t(No symbol) [0x0x7ff7d3ed0dbe]\nE       \t(No symbol) [0x0x7ff7d3ea8443]\nE       \t(No symbol) [0x0x7ff7d3e71311]\nE       \t(No symbol) [0x0x7ff7d3e720a3]\nE       \tGetHandleVerifier [0x0x7ff7d434e26d+2926461]\nE       \tGetHandleVerifier [0x0x7ff7d4348993+2903715]\nE       \tGetHandleVerifier [0x0x7ff7d4366aed+3026941]\nE       \tGetHandleVerifier [0x0x7ff7d40b16fe+187406]\nE       \tGetHandleVerifier [0x0x7ff7d40b96ef+220159]\nE       \tGetHandleVerifier [0x0x7ff7d409faf4+114692]\nE       \tGetHandleVerifier [0x0x7ff7d409fca9+115129]\nE       \tGetHandleVerifier [0x0x7ff7d40864d8+10728]\nE       \tBaseThreadInitThunk [0x0x7ffee7407374+20]\nE       \tRtlUserThreadStart [0x0x7ffee89bcc91+33]\n\nmyenv\\lib\\site-packages\\selenium\\webdriver\\support\\wait.py:138: TimeoutException\n\nDuring handling of the above exception, another exception occurred:\n\nself = <test_material.test_materialVendorQuota.TestItemPage object at 0x000001F000518DF0>, login_to_item = <selenium.webdriver.chrome.webdriver.WebDriver (session=\"8a799710f2d1fae7e119b9ad94bf97c9\")>\n\n    @allure.story(\"修改测试数据成功\")\n    # @pytest.mark.run(order=1)\n    def test_item_editcodesuccess(self, login_to_item):\n    \n        # 输入框要修改的值\n        text_str = \"333\"\n        date_str = \"2025/07/23 00:00:00\"\n        # 输入框的xpath\n    \n    \n        # 选中刚刚新增的测试数据\n>       self.item.click_button('//tr[./td[2][.//span[text()=\"222\"]]]/td[2]')\n\nTests\\test_material\\test_materialVendorQuota.py:333: \n_ _ _ _ _ _ _ _ _ _ _ _ _ _ _ _ _ _ _ _ _ _ _ _ _ _ _ _ _ _ _ _ _ _ _ _ _ _ _ _ _ _ _ _ _ _ _ _ _ _ _ _ _ _ _ _ _ _ _ _ _ _ _ _ _ _ _ _ _ _ _ _ _ _ _ _ _ _ _ _ _ _ _ _ _ _ _ _ _ _ _ _ _ _ _ _ _ _ _ _ _ _ _ _ _ _ _ _ _ _ _ _ _ _ _ _\nPages\\materialPage\\warehouseLocation_page.py:65: in click_button\n    self.click(By.XPATH, xpath)\n_ _ _ _ _ _ _ _ _ _ _ _ _ _ _ _ _ _ _ _ _ _ _ _ _ _ _ _ _ _ _ _ _ _ _ _ _ _ _ _ _ _ _ _ _ _ _ _ _ _ _ _ _ _ _ _ _ _ _ _ _ _ _ _ _ _ _ _ _ _ _ _ _ _ _ _ _ _ _ _ _ _ _ _ _ _ _ _ _ _ _ _ _ _ _ _ _ _ _ _ _ _ _ _ _ _ _ _ _ _ _ _ _ _ _ _\n\nself = <Pages.materialPage.warehouseLocation_page.WarehouseLocationPage object at 0x000001F00091FEE0>, by_or_element = 'xpath', value = '//tr[./td[2][.//span[text()=\"222\"]]]/td[2]', wait_time = 10\n\n    def click(self, by_or_element, value=None, wait_time=10):\n        if value is not None:\n            by = by_or_element\n            logging.info(f\"点击元素：By = {by}, Value = {value}\")\n            try:\n                element = WebDriverWait(self.driver, wait_time).until(\n                    EC.element_to_be_clickable((by, value))\n                )\n            except TimeoutException:\n                logging.warning(f\"❌ 点击超时：元素 {by} = {value} 未在 {wait_time} 秒内变为可点击\")\n>               raise TimeoutException(f\"点击失败，找不到元素：{by} = {value}\")\nE               selenium.common.exceptions.TimeoutException: Message: 点击失败，找不到元素：xpath = //tr[./td[2][.//span[text()=\"222\"]]]/td[2]\n\nPages\\base_page.py:50: TimeoutException","flaky":false,"newFailed":false,"newBroken":false,"newPassed":false,"retriesCount":1,"retriesStatusChange":false,"beforeStages":[{"name":"login_to_item","time":{"start":1761588870444,"stop":1761588891088,"duration":20644},"status":"passed","steps":[],"attachments":[],"parameters":[],"stepsCount":0,"hasContent":false,"attachmentStep":false,"shouldDisplayMessage":false,"attachmentsCount":0},{"name":"setup","time":{"start":1761589032269,"stop":1761589032285,"duration":16},"status":"passed","steps":[],"attachments":[],"parameters":[],"stepsCount":0,"hasContent":false,"attachmentStep":false,"shouldDisplayMessage":false,"attachmentsCount":0}],"testStage":{"status":"broken","statusMessage":"selenium.common.exceptions.TimeoutException: Message: 点击失败，找不到元素：xpath = //tr[./td[2][.//span[text()=\"222\"]]]/td[2]","statusTrace":"self = <Pages.materialPage.warehouseLocation_page.WarehouseLocationPage object at 0x000001F00091FEE0>, by_or_element = 'xpath', value = '//tr[./td[2][.//span[text()=\"222\"]]]/td[2]', wait_time = 10\n\n    def click(self, by_or_element, value=None, wait_time=10):\n        if value is not None:\n            by = by_or_element\n            logging.info(f\"点击元素：By = {by}, Value = {value}\")\n            try:\n>               element = WebDriverWait(self.driver, wait_time).until(\n                    EC.element_to_be_clickable((by, value))\n                )\n\nPages\\base_page.py:45: \n_ _ _ _ _ _ _ _ _ _ _ _ _ _ _ _ _ _ _ _ _ _ _ _ _ _ _ _ _ _ _ _ _ _ _ _ _ _ _ _ _ _ _ _ _ _ _ _ _ _ _ _ _ _ _ _ _ _ _ _ _ _ _ _ _ _ _ _ _ _ _ _ _ _ _ _ _ _ _ _ _ _ _ _ _ _ _ _ _ _ _ _ _ _ _ _ _ _ _ _ _ _ _ _ _ _ _ _ _ _ _ _ _ _ _ _\n\nself = <selenium.webdriver.support.wait.WebDriverWait (session=\"8a799710f2d1fae7e119b9ad94bf97c9\")>, method = <function element_to_be_clickable.<locals>._predicate at 0x000001F001100DC0>, message = ''\n\n    def until(self, method: Callable[[D], Union[Literal[False], T]], message: str = \"\") -> T:\n        \"\"\"Wait until the method returns a value that is not False.\n    \n        Calls the method provided with the driver as an argument until the\n        return value does not evaluate to ``False``.\n    \n        Parameters:\n        -----------\n        method: callable(WebDriver)\n            - A callable object that takes a WebDriver instance as an argument.\n    \n        message: str\n            - Optional message for :exc:`TimeoutException`\n    \n        Return:\n        -------\n        object: T\n            - The result of the last call to `method`\n    \n        Raises:\n        -------\n        TimeoutException\n            - If 'method' does not return a truthy value within the WebDriverWait\n            object's timeout\n    \n        Example:\n        --------\n        >>> from selenium.webdriver.common.by import By\n        >>> from selenium.webdriver.support.ui import WebDriverWait\n        >>> from selenium.webdriver.support import expected_conditions as EC\n    \n        # Wait until an element is visible on the page\n        >>> wait = WebDriverWait(driver, 10)\n        >>> element = wait.until(EC.visibility_of_element_located((By.ID, \"exampleId\")))\n        >>> print(element.text)\n        \"\"\"\n        screen = None\n        stacktrace = None\n    \n        end_time = time.monotonic() + self._timeout\n        while True:\n            try:\n                value = method(self._driver)\n                if value:\n                    return value\n            except self._ignored_exceptions as exc:\n                screen = getattr(exc, \"screen\", None)\n                stacktrace = getattr(exc, \"stacktrace\", None)\n            if time.monotonic() > end_time:\n                break\n            time.sleep(self._poll)\n>       raise TimeoutException(message, screen, stacktrace)\nE       selenium.common.exceptions.TimeoutException: Message: \nE       Stacktrace:\nE       \tGetHandleVerifier [0x0x7ff7d4096f65+78965]\nE       \tGetHandleVerifier [0x0x7ff7d4096fc0+79056]\nE       \t(No symbol) [0x0x7ff7d3e29dda]\nE       \t(No symbol) [0x0x7ff7d3e802ea]\nE       \t(No symbol) [0x0x7ff7d3e8059c]\nE       \t(No symbol) [0x0x7ff7d3ed3f37]\nE       \t(No symbol) [0x0x7ff7d3ea86af]\nE       \t(No symbol) [0x0x7ff7d3ed0dbe]\nE       \t(No symbol) [0x0x7ff7d3ea8443]\nE       \t(No symbol) [0x0x7ff7d3e71311]\nE       \t(No symbol) [0x0x7ff7d3e720a3]\nE       \tGetHandleVerifier [0x0x7ff7d434e26d+2926461]\nE       \tGetHandleVerifier [0x0x7ff7d4348993+2903715]\nE       \tGetHandleVerifier [0x0x7ff7d4366aed+3026941]\nE       \tGetHandleVerifier [0x0x7ff7d40b16fe+187406]\nE       \tGetHandleVerifier [0x0x7ff7d40b96ef+220159]\nE       \tGetHandleVerifier [0x0x7ff7d409faf4+114692]\nE       \tGetHandleVerifier [0x0x7ff7d409fca9+115129]\nE       \tGetHandleVerifier [0x0x7ff7d40864d8+10728]\nE       \tBaseThreadInitThunk [0x0x7ffee7407374+20]\nE       \tRtlUserThreadStart [0x0x7ffee89bcc91+33]\n\nmyenv\\lib\\site-packages\\selenium\\webdriver\\support\\wait.py:138: TimeoutException\n\nDuring handling of the above exception, another exception occurred:\n\nself = <test_material.test_materialVendorQuota.TestItemPage object at 0x000001F000518DF0>, login_to_item = <selenium.webdriver.chrome.webdriver.WebDriver (session=\"8a799710f2d1fae7e119b9ad94bf97c9\")>\n\n    @allure.story(\"修改测试数据成功\")\n    # @pytest.mark.run(order=1)\n    def test_item_editcodesuccess(self, login_to_item):\n    \n        # 输入框要修改的值\n        text_str = \"333\"\n        date_str = \"2025/07/23 00:00:00\"\n        # 输入框的xpath\n    \n    \n        # 选中刚刚新增的测试数据\n>       self.item.click_button('//tr[./td[2][.//span[text()=\"222\"]]]/td[2]')\n\nTests\\test_material\\test_materialVendorQuota.py:333: \n_ _ _ _ _ _ _ _ _ _ _ _ _ _ _ _ _ _ _ _ _ _ _ _ _ _ _ _ _ _ _ _ _ _ _ _ _ _ _ _ _ _ _ _ _ _ _ _ _ _ _ _ _ _ _ _ _ _ _ _ _ _ _ _ _ _ _ _ _ _ _ _ _ _ _ _ _ _ _ _ _ _ _ _ _ _ _ _ _ _ _ _ _ _ _ _ _ _ _ _ _ _ _ _ _ _ _ _ _ _ _ _ _ _ _ _\nPages\\materialPage\\warehouseLocation_page.py:65: in click_button\n    self.click(By.XPATH, xpath)\n_ _ _ _ _ _ _ _ _ _ _ _ _ _ _ _ _ _ _ _ _ _ _ _ _ _ _ _ _ _ _ _ _ _ _ _ _ _ _ _ _ _ _ _ _ _ _ _ _ _ _ _ _ _ _ _ _ _ _ _ _ _ _ _ _ _ _ _ _ _ _ _ _ _ _ _ _ _ _ _ _ _ _ _ _ _ _ _ _ _ _ _ _ _ _ _ _ _ _ _ _ _ _ _ _ _ _ _ _ _ _ _ _ _ _ _\n\nself = <Pages.materialPage.warehouseLocation_page.WarehouseLocationPage object at 0x000001F00091FEE0>, by_or_element = 'xpath', value = '//tr[./td[2][.//span[text()=\"222\"]]]/td[2]', wait_time = 10\n\n    def click(self, by_or_element, value=None, wait_time=10):\n        if value is not None:\n            by = by_or_element\n            logging.info(f\"点击元素：By = {by}, Value = {value}\")\n            try:\n                element = WebDriverWait(self.driver, wait_time).until(\n                    EC.element_to_be_clickable((by, value))\n                )\n            except TimeoutException:\n                logging.warning(f\"❌ 点击超时：元素 {by} = {value} 未在 {wait_time} 秒内变为可点击\")\n>               raise TimeoutException(f\"点击失败，找不到元素：{by} = {value}\")\nE               selenium.common.exceptions.TimeoutException: Message: 点击失败，找不到元素：xpath = //tr[./td[2][.//span[text()=\"222\"]]]/td[2]\n\nPages\\base_page.py:50: TimeoutException","steps":[],"attachments":[{"uid":"f3f063aa39b759a4","name":"log","source":"f3f063aa39b759a4.txt","type":"text/plain","size":529}],"parameters":[],"stepsCount":0,"hasContent":true,"attachmentStep":false,"shouldDisplayMessage":true,"attachmentsCount":1},"afterStages":[{"name":"login_to_item::0","time":{"start":1761589333631,"stop":1761589336245,"duration":2614},"status":"passed","steps":[],"attachments":[],"parameters":[],"stepsCount":0,"hasContent":false,"attachmentStep":false,"shouldDisplayMessage":false,"attachmentsCount":0}],"labels":[{"name":"feature","value":"供应商配额测试用例"},{"name":"story","value":"修改测试数据成功"},{"name":"parentSuite","value":"Tests.test_material"},{"name":"suite","value":"test_materialVendorQuota"},{"name":"subSuite","value":"TestItemPage"},{"name":"host","value":"WIN-20240820MJV"},{"name":"thread","value":"31840-MainThread"},{"name":"framework","value":"pytest"},{"name":"language","value":"cpython3"},{"name":"package","value":"Tests.test_material.test_materialVendorQuota"},{"name":"resultFormat","value":"allure2"}],"parameters":[],"links":[],"hidden":false,"retry":false,"extra":{"severity":"normal","retries":[{"uid":"df55c80cd40358b","status":"broken","statusDetails":"selenium.common.exceptions.TimeoutException: Message: 点击失败，找不到元素：xpath = //tr[./td[2][.//span[text()=\"222\"]]]/td[2]","time":{"start":1761589022017,"stop":1761589032150,"duration":10133}}],"categories":[{"name":"Test defects","matchedStatuses":[]}],"tags":[]},"source":"62f6cfd5140dc79d.json","parameterValues":[]}