{"uid":"63bfbf41c1488db6","name":"test_customer_restart","fullName":"Tests.test_items.test_customer.TestCustomerPage#test_customer_restart","historyId":"1d2879dbea7384a917b5dc52cc8fb699","time":{"start":1762863609108,"stop":1762863616355,"duration":7247},"status":"broken","statusMessage":"selenium.common.exceptions.NoSuchElementException: Message: no such element: Unable to locate element: {\"method\":\"xpath\",\"selector\":\"//tr[./td[2][.//span[text()=\"全部数据\"]]]\"}\n  (Session info: chrome=137.0.7151.69); For documentation on this error, please visit: https://www.selenium.dev/documentation/webdriver/troubleshooting/errors#no-such-element-exception\nStacktrace:\n\tGetHandleVerifier [0x0x7ff6b62e6f65+78965]\n\tGetHandleVerifier [0x0x7ff6b62e6fc0+79056]\n\t(No symbol) [0x0x7ff6b6079dda]\n\t(No symbol) [0x0x7ff6b60d02ea]\n\t(No symbol) [0x0x7ff6b60d059c]\n\t(No symbol) [0x0x7ff6b6123f37]\n\t(No symbol) [0x0x7ff6b60f86af]\n\t(No symbol) [0x0x7ff6b6120dbe]\n\t(No symbol) [0x0x7ff6b60f8443]\n\t(No symbol) [0x0x7ff6b60c1311]\n\t(No symbol) [0x0x7ff6b60c20a3]\n\tGetHandleVerifier [0x0x7ff6b659e26d+2926461]\n\tGetHandleVerifier [0x0x7ff6b6598993+2903715]\n\tGetHandleVerifier [0x0x7ff6b65b6aed+3026941]\n\tGetHandleVerifier [0x0x7ff6b63016fe+187406]\n\tGetHandleVerifier [0x0x7ff6b63096ef+220159]\n\tGetHandleVerifier [0x0x7ff6b62efaf4+114692]\n\tGetHandleVerifier [0x0x7ff6b62efca9+115129]\n\tGetHandleVerifier [0x0x7ff6b62d64d8+10728]\n\tBaseThreadInitThunk [0x0x7ffcf36a7374+20]\n\tRtlUserThreadStart [0x0x7ffcf523cc91+33]","statusTrace":"self = <test_items.test_customer.TestCustomerPage object at 0x000001714A2937C0>, login_to_customer = <selenium.webdriver.chrome.webdriver.WebDriver (session=\"5f1f1e1778383dcff882da83904f7461\")>\n\n    @allure.story(\"重新打开浏览器，数据还存在\")\n    # @pytest.mark.run(order=1)\n    def test_customer_restart(self, login_to_customer):\n        driver = login_to_customer  # WebDriver 实例\n        customer = CustomerPage(driver)  # 用 driver 初始化 CustomerPage\n        data_list = [\"全部数据\", \"20\"]\n        customer.enter_texts(\n            '//p[text()=\"客户代码\"]/ancestor::div[2]//input', data_list[0]\n        )\n        # 缩放到最小（例如 25%）\n        driver.execute_script(\"document.body.style.zoom='0.25'\")\n        sleep(1)\n    \n        row_xpath = f'//tr[./td[2][.//span[text()=\"{data_list[0]}\"]]]'\n        # 获取目标行\n>       target_row = driver.find_element(By.XPATH, row_xpath)\n\nTests\\test_items\\test_customer.py:989: \n_ _ _ _ _ _ _ _ _ _ _ _ _ _ _ _ _ _ _ _ _ _ _ _ _ _ _ _ _ _ _ _ _ _ _ _ _ _ _ _ _ _ _ _ _ _ _ _ _ _ _ _ _ _ _ _ _ _ _ _ _ _ _ _ _ _ _ _ _ _ _ _ _ _ _ _ _ _ _ _ _ _ _ _ _ _ _ _ _ _ _ _ _ _ _ _ _ _ _ _ _ _ _ _ _ _ _ _ _ _ _ _ _ _ _ _\nmyenv\\lib\\site-packages\\selenium\\webdriver\\remote\\webdriver.py:914: in find_element\n    return self.execute(Command.FIND_ELEMENT, {\"using\": by, \"value\": value})[\"value\"]\nmyenv\\lib\\site-packages\\selenium\\webdriver\\remote\\webdriver.py:447: in execute\n    self.error_handler.check_response(response)\n_ _ _ _ _ _ _ _ _ _ _ _ _ _ _ _ _ _ _ _ _ _ _ _ _ _ _ _ _ _ _ _ _ _ _ _ _ _ _ _ _ _ _ _ _ _ _ _ _ _ _ _ _ _ _ _ _ _ _ _ _ _ _ _ _ _ _ _ _ _ _ _ _ _ _ _ _ _ _ _ _ _ _ _ _ _ _ _ _ _ _ _ _ _ _ _ _ _ _ _ _ _ _ _ _ _ _ _ _ _ _ _ _ _ _ _\n\nself = <selenium.webdriver.remote.errorhandler.ErrorHandler object at 0x000001714A80FBE0>\nresponse = {'status': 404, 'value': '{\"value\":{\"error\":\"no such element\",\"message\":\"no such element: Unable to locate element: {\\...ff6b62d64d8+10728]\\\\n\\\\tBaseThreadInitThunk [0x0x7ffcf36a7374+20]\\\\n\\\\tRtlUserThreadStart [0x0x7ffcf523cc91+33]\\\\n\"}}'}\n\n    def check_response(self, response: Dict[str, Any]) -> None:\n        \"\"\"Checks that a JSON response from the WebDriver does not have an\n        error.\n    \n        :Args:\n         - response - The JSON response from the WebDriver server as a dictionary\n           object.\n    \n        :Raises: If the response contains an error message.\n        \"\"\"\n        status = response.get(\"status\", None)\n        if not status or status == ErrorCode.SUCCESS:\n            return\n        value = None\n        message = response.get(\"message\", \"\")\n        screen: str = response.get(\"screen\", \"\")\n        stacktrace = None\n        if isinstance(status, int):\n            value_json = response.get(\"value\", None)\n            if value_json and isinstance(value_json, str):\n                import json\n    \n                try:\n                    value = json.loads(value_json)\n                    if len(value) == 1:\n                        value = value[\"value\"]\n                    status = value.get(\"error\", None)\n                    if not status:\n                        status = value.get(\"status\", ErrorCode.UNKNOWN_ERROR)\n                        message = value.get(\"value\") or value.get(\"message\")\n                        if not isinstance(message, str):\n                            value = message\n                            message = message.get(\"message\")\n                    else:\n                        message = value.get(\"message\", None)\n                except ValueError:\n                    pass\n    \n        exception_class: Type[WebDriverException]\n        e = ErrorCode()\n        error_codes = [item for item in dir(e) if not item.startswith(\"__\")]\n        for error_code in error_codes:\n            error_info = getattr(ErrorCode, error_code)\n            if isinstance(error_info, list) and status in error_info:\n                exception_class = getattr(ExceptionMapping, error_code, WebDriverException)\n                break\n        else:\n            exception_class = WebDriverException\n    \n        if not value:\n            value = response[\"value\"]\n        if isinstance(value, str):\n            raise exception_class(value)\n        if message == \"\" and \"message\" in value:\n            message = value[\"message\"]\n    \n        screen = None  # type: ignore[assignment]\n        if \"screen\" in value:\n            screen = value[\"screen\"]\n    \n        stacktrace = None\n        st_value = value.get(\"stackTrace\") or value.get(\"stacktrace\")\n        if st_value:\n            if isinstance(st_value, str):\n                stacktrace = st_value.split(\"\\n\")\n            else:\n                stacktrace = []\n                try:\n                    for frame in st_value:\n                        line = frame.get(\"lineNumber\", \"\")\n                        file = frame.get(\"fileName\", \"<anonymous>\")\n                        if line:\n                            file = f\"{file}:{line}\"\n                        meth = frame.get(\"methodName\", \"<anonymous>\")\n                        if \"className\" in frame:\n                            meth = f\"{frame['className']}.{meth}\"\n                        msg = \"    at %s (%s)\"\n                        msg = msg % (meth, file)\n                        stacktrace.append(msg)\n                except TypeError:\n                    pass\n        if exception_class == UnexpectedAlertPresentException:\n            alert_text = None\n            if \"data\" in value:\n                alert_text = value[\"data\"].get(\"text\")\n            elif \"alert\" in value:\n                alert_text = value[\"alert\"].get(\"text\")\n            raise exception_class(message, screen, stacktrace, alert_text)  # type: ignore[call-arg]  # mypy is not smart enough here\n>       raise exception_class(message, screen, stacktrace)\nE       selenium.common.exceptions.NoSuchElementException: Message: no such element: Unable to locate element: {\"method\":\"xpath\",\"selector\":\"//tr[./td[2][.//span[text()=\"全部数据\"]]]\"}\nE         (Session info: chrome=137.0.7151.69); For documentation on this error, please visit: https://www.selenium.dev/documentation/webdriver/troubleshooting/errors#no-such-element-exception\nE       Stacktrace:\nE       \tGetHandleVerifier [0x0x7ff6b62e6f65+78965]\nE       \tGetHandleVerifier [0x0x7ff6b62e6fc0+79056]\nE       \t(No symbol) [0x0x7ff6b6079dda]\nE       \t(No symbol) [0x0x7ff6b60d02ea]\nE       \t(No symbol) [0x0x7ff6b60d059c]\nE       \t(No symbol) [0x0x7ff6b6123f37]\nE       \t(No symbol) [0x0x7ff6b60f86af]\nE       \t(No symbol) [0x0x7ff6b6120dbe]\nE       \t(No symbol) [0x0x7ff6b60f8443]\nE       \t(No symbol) [0x0x7ff6b60c1311]\nE       \t(No symbol) [0x0x7ff6b60c20a3]\nE       \tGetHandleVerifier [0x0x7ff6b659e26d+2926461]\nE       \tGetHandleVerifier [0x0x7ff6b6598993+2903715]\nE       \tGetHandleVerifier [0x0x7ff6b65b6aed+3026941]\nE       \tGetHandleVerifier [0x0x7ff6b63016fe+187406]\nE       \tGetHandleVerifier [0x0x7ff6b63096ef+220159]\nE       \tGetHandleVerifier [0x0x7ff6b62efaf4+114692]\nE       \tGetHandleVerifier [0x0x7ff6b62efca9+115129]\nE       \tGetHandleVerifier [0x0x7ff6b62d64d8+10728]\nE       \tBaseThreadInitThunk [0x0x7ffcf36a7374+20]\nE       \tRtlUserThreadStart [0x0x7ffcf523cc91+33]\n\nmyenv\\lib\\site-packages\\selenium\\webdriver\\remote\\errorhandler.py:232: NoSuchElementException","flaky":false,"newFailed":false,"newBroken":false,"newPassed":false,"retriesCount":0,"retriesStatusChange":false,"beforeStages":[{"name":"login_to_customer","time":{"start":1762863596140,"stop":1762863609107,"duration":12967},"status":"passed","steps":[],"attachments":[],"parameters":[],"attachmentStep":false,"hasContent":false,"stepsCount":0,"attachmentsCount":0,"shouldDisplayMessage":false}],"testStage":{"status":"broken","statusMessage":"selenium.common.exceptions.NoSuchElementException: Message: no such element: Unable to locate element: {\"method\":\"xpath\",\"selector\":\"//tr[./td[2][.//span[text()=\"全部数据\"]]]\"}\n  (Session info: chrome=137.0.7151.69); For documentation on this error, please visit: https://www.selenium.dev/documentation/webdriver/troubleshooting/errors#no-such-element-exception\nStacktrace:\n\tGetHandleVerifier [0x0x7ff6b62e6f65+78965]\n\tGetHandleVerifier [0x0x7ff6b62e6fc0+79056]\n\t(No symbol) [0x0x7ff6b6079dda]\n\t(No symbol) [0x0x7ff6b60d02ea]\n\t(No symbol) [0x0x7ff6b60d059c]\n\t(No symbol) [0x0x7ff6b6123f37]\n\t(No symbol) [0x0x7ff6b60f86af]\n\t(No symbol) [0x0x7ff6b6120dbe]\n\t(No symbol) [0x0x7ff6b60f8443]\n\t(No symbol) [0x0x7ff6b60c1311]\n\t(No symbol) [0x0x7ff6b60c20a3]\n\tGetHandleVerifier [0x0x7ff6b659e26d+2926461]\n\tGetHandleVerifier [0x0x7ff6b6598993+2903715]\n\tGetHandleVerifier [0x0x7ff6b65b6aed+3026941]\n\tGetHandleVerifier [0x0x7ff6b63016fe+187406]\n\tGetHandleVerifier [0x0x7ff6b63096ef+220159]\n\tGetHandleVerifier [0x0x7ff6b62efaf4+114692]\n\tGetHandleVerifier [0x0x7ff6b62efca9+115129]\n\tGetHandleVerifier [0x0x7ff6b62d64d8+10728]\n\tBaseThreadInitThunk [0x0x7ffcf36a7374+20]\n\tRtlUserThreadStart [0x0x7ffcf523cc91+33]","statusTrace":"self = <test_items.test_customer.TestCustomerPage object at 0x000001714A2937C0>, login_to_customer = <selenium.webdriver.chrome.webdriver.WebDriver (session=\"5f1f1e1778383dcff882da83904f7461\")>\n\n    @allure.story(\"重新打开浏览器，数据还存在\")\n    # @pytest.mark.run(order=1)\n    def test_customer_restart(self, login_to_customer):\n        driver = login_to_customer  # WebDriver 实例\n        customer = CustomerPage(driver)  # 用 driver 初始化 CustomerPage\n        data_list = [\"全部数据\", \"20\"]\n        customer.enter_texts(\n            '//p[text()=\"客户代码\"]/ancestor::div[2]//input', data_list[0]\n        )\n        # 缩放到最小（例如 25%）\n        driver.execute_script(\"document.body.style.zoom='0.25'\")\n        sleep(1)\n    \n        row_xpath = f'//tr[./td[2][.//span[text()=\"{data_list[0]}\"]]]'\n        # 获取目标行\n>       target_row = driver.find_element(By.XPATH, row_xpath)\n\nTests\\test_items\\test_customer.py:989: \n_ _ _ _ _ _ _ _ _ _ _ _ _ _ _ _ _ _ _ _ _ _ _ _ _ _ _ _ _ _ _ _ _ _ _ _ _ _ _ _ _ _ _ _ _ _ _ _ _ _ _ _ _ _ _ _ _ _ _ _ _ _ _ _ _ _ _ _ _ _ _ _ _ _ _ _ _ _ _ _ _ _ _ _ _ _ _ _ _ _ _ _ _ _ _ _ _ _ _ _ _ _ _ _ _ _ _ _ _ _ _ _ _ _ _ _\nmyenv\\lib\\site-packages\\selenium\\webdriver\\remote\\webdriver.py:914: in find_element\n    return self.execute(Command.FIND_ELEMENT, {\"using\": by, \"value\": value})[\"value\"]\nmyenv\\lib\\site-packages\\selenium\\webdriver\\remote\\webdriver.py:447: in execute\n    self.error_handler.check_response(response)\n_ _ _ _ _ _ _ _ _ _ _ _ _ _ _ _ _ _ _ _ _ _ _ _ _ _ _ _ _ _ _ _ _ _ _ _ _ _ _ _ _ _ _ _ _ _ _ _ _ _ _ _ _ _ _ _ _ _ _ _ _ _ _ _ _ _ _ _ _ _ _ _ _ _ _ _ _ _ _ _ _ _ _ _ _ _ _ _ _ _ _ _ _ _ _ _ _ _ _ _ _ _ _ _ _ _ _ _ _ _ _ _ _ _ _ _\n\nself = <selenium.webdriver.remote.errorhandler.ErrorHandler object at 0x000001714A80FBE0>\nresponse = {'status': 404, 'value': '{\"value\":{\"error\":\"no such element\",\"message\":\"no such element: Unable to locate element: {\\...ff6b62d64d8+10728]\\\\n\\\\tBaseThreadInitThunk [0x0x7ffcf36a7374+20]\\\\n\\\\tRtlUserThreadStart [0x0x7ffcf523cc91+33]\\\\n\"}}'}\n\n    def check_response(self, response: Dict[str, Any]) -> None:\n        \"\"\"Checks that a JSON response from the WebDriver does not have an\n        error.\n    \n        :Args:\n         - response - The JSON response from the WebDriver server as a dictionary\n           object.\n    \n        :Raises: If the response contains an error message.\n        \"\"\"\n        status = response.get(\"status\", None)\n        if not status or status == ErrorCode.SUCCESS:\n            return\n        value = None\n        message = response.get(\"message\", \"\")\n        screen: str = response.get(\"screen\", \"\")\n        stacktrace = None\n        if isinstance(status, int):\n            value_json = response.get(\"value\", None)\n            if value_json and isinstance(value_json, str):\n                import json\n    \n                try:\n                    value = json.loads(value_json)\n                    if len(value) == 1:\n                        value = value[\"value\"]\n                    status = value.get(\"error\", None)\n                    if not status:\n                        status = value.get(\"status\", ErrorCode.UNKNOWN_ERROR)\n                        message = value.get(\"value\") or value.get(\"message\")\n                        if not isinstance(message, str):\n                            value = message\n                            message = message.get(\"message\")\n                    else:\n                        message = value.get(\"message\", None)\n                except ValueError:\n                    pass\n    \n        exception_class: Type[WebDriverException]\n        e = ErrorCode()\n        error_codes = [item for item in dir(e) if not item.startswith(\"__\")]\n        for error_code in error_codes:\n            error_info = getattr(ErrorCode, error_code)\n            if isinstance(error_info, list) and status in error_info:\n                exception_class = getattr(ExceptionMapping, error_code, WebDriverException)\n                break\n        else:\n            exception_class = WebDriverException\n    \n        if not value:\n            value = response[\"value\"]\n        if isinstance(value, str):\n            raise exception_class(value)\n        if message == \"\" and \"message\" in value:\n            message = value[\"message\"]\n    \n        screen = None  # type: ignore[assignment]\n        if \"screen\" in value:\n            screen = value[\"screen\"]\n    \n        stacktrace = None\n        st_value = value.get(\"stackTrace\") or value.get(\"stacktrace\")\n        if st_value:\n            if isinstance(st_value, str):\n                stacktrace = st_value.split(\"\\n\")\n            else:\n                stacktrace = []\n                try:\n                    for frame in st_value:\n                        line = frame.get(\"lineNumber\", \"\")\n                        file = frame.get(\"fileName\", \"<anonymous>\")\n                        if line:\n                            file = f\"{file}:{line}\"\n                        meth = frame.get(\"methodName\", \"<anonymous>\")\n                        if \"className\" in frame:\n                            meth = f\"{frame['className']}.{meth}\"\n                        msg = \"    at %s (%s)\"\n                        msg = msg % (meth, file)\n                        stacktrace.append(msg)\n                except TypeError:\n                    pass\n        if exception_class == UnexpectedAlertPresentException:\n            alert_text = None\n            if \"data\" in value:\n                alert_text = value[\"data\"].get(\"text\")\n            elif \"alert\" in value:\n                alert_text = value[\"alert\"].get(\"text\")\n            raise exception_class(message, screen, stacktrace, alert_text)  # type: ignore[call-arg]  # mypy is not smart enough here\n>       raise exception_class(message, screen, stacktrace)\nE       selenium.common.exceptions.NoSuchElementException: Message: no such element: Unable to locate element: {\"method\":\"xpath\",\"selector\":\"//tr[./td[2][.//span[text()=\"全部数据\"]]]\"}\nE         (Session info: chrome=137.0.7151.69); For documentation on this error, please visit: https://www.selenium.dev/documentation/webdriver/troubleshooting/errors#no-such-element-exception\nE       Stacktrace:\nE       \tGetHandleVerifier [0x0x7ff6b62e6f65+78965]\nE       \tGetHandleVerifier [0x0x7ff6b62e6fc0+79056]\nE       \t(No symbol) [0x0x7ff6b6079dda]\nE       \t(No symbol) [0x0x7ff6b60d02ea]\nE       \t(No symbol) [0x0x7ff6b60d059c]\nE       \t(No symbol) [0x0x7ff6b6123f37]\nE       \t(No symbol) [0x0x7ff6b60f86af]\nE       \t(No symbol) [0x0x7ff6b6120dbe]\nE       \t(No symbol) [0x0x7ff6b60f8443]\nE       \t(No symbol) [0x0x7ff6b60c1311]\nE       \t(No symbol) [0x0x7ff6b60c20a3]\nE       \tGetHandleVerifier [0x0x7ff6b659e26d+2926461]\nE       \tGetHandleVerifier [0x0x7ff6b6598993+2903715]\nE       \tGetHandleVerifier [0x0x7ff6b65b6aed+3026941]\nE       \tGetHandleVerifier [0x0x7ff6b63016fe+187406]\nE       \tGetHandleVerifier [0x0x7ff6b63096ef+220159]\nE       \tGetHandleVerifier [0x0x7ff6b62efaf4+114692]\nE       \tGetHandleVerifier [0x0x7ff6b62efca9+115129]\nE       \tGetHandleVerifier [0x0x7ff6b62d64d8+10728]\nE       \tBaseThreadInitThunk [0x0x7ffcf36a7374+20]\nE       \tRtlUserThreadStart [0x0x7ffcf523cc91+33]\n\nmyenv\\lib\\site-packages\\selenium\\webdriver\\remote\\errorhandler.py:232: NoSuchElementException","steps":[],"attachments":[{"uid":"98d366464f4fcf43","name":"test_customer_restart_failure","source":"98d366464f4fcf43.png","type":"image/png","size":23961},{"uid":"67050fbf76ed36d4","name":"test_customer_restart_source","source":"67050fbf76ed36d4.html","type":"text/html","size":1270057},{"uid":"6320277da3f82b2a","name":"log","source":"6320277da3f82b2a.txt","type":"text/plain","size":1110}],"parameters":[],"attachmentStep":false,"hasContent":true,"stepsCount":0,"attachmentsCount":3,"shouldDisplayMessage":true},"afterStages":[{"name":"login_to_customer::0","time":{"start":1762863616534,"stop":1762863618700,"duration":2166},"status":"passed","steps":[],"attachments":[],"parameters":[],"attachmentStep":false,"hasContent":false,"stepsCount":0,"attachmentsCount":0,"shouldDisplayMessage":false}],"labels":[{"name":"feature","value":"客户表测试用例"},{"name":"story","value":"重新打开浏览器，数据还存在"},{"name":"parentSuite","value":"Tests.test_items"},{"name":"suite","value":"test_customer"},{"name":"subSuite","value":"TestCustomerPage"},{"name":"host","value":"WIN-20240820MJV"},{"name":"thread","value":"16176-MainThread"},{"name":"framework","value":"pytest"},{"name":"language","value":"cpython3"},{"name":"package","value":"Tests.test_items.test_customer"},{"name":"resultFormat","value":"allure2"}],"parameters":[],"links":[],"hidden":true,"retry":true,"extra":{"categories":[],"tags":[]},"source":"63bfbf41c1488db6.json","parameterValues":[]}