{"uid":"6459bd82dbf41fc0","name":"test_systemSettings_logo1","fullName":"Tests.test_system.test_systemSettings.TestSystemSettingsPage#test_systemSettings_logo1","historyId":"10be671db87c2d0af3feeb8f027cb4b4","time":{"start":1764365089061,"stop":1764365099634,"duration":10573},"status":"broken","statusMessage":"selenium.common.exceptions.TimeoutException: Message: \nStacktrace:\n\tGetHandleVerifier [0x0x7ff7fd7c6f65+78965]\n\tGetHandleVerifier [0x0x7ff7fd7c6fc0+79056]\n\t(No symbol) [0x0x7ff7fd559dda]\n\t(No symbol) [0x0x7ff7fd5b02ea]\n\t(No symbol) [0x0x7ff7fd5b059c]\n\t(No symbol) [0x0x7ff7fd603f37]\n\t(No symbol) [0x0x7ff7fd5d86af]\n\t(No symbol) [0x0x7ff7fd600dbe]\n\t(No symbol) [0x0x7ff7fd5d8443]\n\t(No symbol) [0x0x7ff7fd5a1311]\n\t(No symbol) [0x0x7ff7fd5a20a3]\n\tGetHandleVerifier [0x0x7ff7fda7e26d+2926461]\n\tGetHandleVerifier [0x0x7ff7fda78993+2903715]\n\tGetHandleVerifier [0x0x7ff7fda96aed+3026941]\n\tGetHandleVerifier [0x0x7ff7fd7e16fe+187406]\n\tGetHandleVerifier [0x0x7ff7fd7e96ef+220159]\n\tGetHandleVerifier [0x0x7ff7fd7cfaf4+114692]\n\tGetHandleVerifier [0x0x7ff7fd7cfca9+115129]\n\tGetHandleVerifier [0x0x7ff7fd7b64d8+10728]\n\tBaseThreadInitThunk [0x0x7ffe121c7374+20]\n\tRtlUserThreadStart [0x0x7ffe133dcc91+33]","statusTrace":"self = <test_system.test_systemSettings.TestSystemSettingsPage object at 0x000002036DCBEFE0>, login_to_systemSettings = <selenium.webdriver.chrome.webdriver.WebDriver (session=\"4594acf6f23108f8540469361d7e18c6\")>\n\n    @allure.story(\"LOGO显示方式为文字\")\n    # @pytest.mark.run(order=1)\n    def test_systemSettings_logo1(self, login_to_systemSettings):\n        driver = login_to_systemSettings  # WebDriver 实例\n        settings = SystemSettingsPage(driver)  # 用 driver 初始化 SystemSettingsPage\n        settings.click_button('//div[p[text()=\" LOGO显示方式: \"]]//span')\n        settings.click_button('//ul/li[text()=\"仅显示文字\"]')\n        settings.click_save_button()\n>       maeessage = settings.get_find_message()\n\nTests\\test_system\\test_systemSettings.py:105: \n_ _ _ _ _ _ _ _ _ _ _ _ _ _ _ _ _ _ _ _ _ _ _ _ _ _ _ _ _ _ _ _ _ _ _ _ _ _ _ _ _ _ _ _ _ _ _ _ _ _ _ _ _ _ _ _ _ _ _ _ _ _ _ _ _ _ _ _ _ _ _ _ _ _ _ _ _ _ _ _ _ _ _ _ _ _ _ _ _ _ _ _ _ _ _ _ _ _ _ _ _ _ _ _ _ _ _ _ _ _ _ _ _ _ _ _\nPages\\systemPage\\systemSettings_page.py:35: in get_find_message\n    message = WebDriverWait(self.driver, 10).until(\n_ _ _ _ _ _ _ _ _ _ _ _ _ _ _ _ _ _ _ _ _ _ _ _ _ _ _ _ _ _ _ _ _ _ _ _ _ _ _ _ _ _ _ _ _ _ _ _ _ _ _ _ _ _ _ _ _ _ _ _ _ _ _ _ _ _ _ _ _ _ _ _ _ _ _ _ _ _ _ _ _ _ _ _ _ _ _ _ _ _ _ _ _ _ _ _ _ _ _ _ _ _ _ _ _ _ _ _ _ _ _ _ _ _ _ _\n\nself = <selenium.webdriver.support.wait.WebDriverWait (session=\"4594acf6f23108f8540469361d7e18c6\")>, method = <function visibility_of_element_located.<locals>._predicate at 0x000002036E91AE60>, message = ''\n\n    def until(self, method: Callable[[D], Union[Literal[False], T]], message: str = \"\") -> T:\n        \"\"\"Wait until the method returns a value that is not False.\n    \n        Calls the method provided with the driver as an argument until the\n        return value does not evaluate to ``False``.\n    \n        Parameters:\n        -----------\n        method: callable(WebDriver)\n            - A callable object that takes a WebDriver instance as an argument.\n    \n        message: str\n            - Optional message for :exc:`TimeoutException`\n    \n        Return:\n        -------\n        object: T\n            - The result of the last call to `method`\n    \n        Raises:\n        -------\n        TimeoutException\n            - If 'method' does not return a truthy value within the WebDriverWait\n            object's timeout\n    \n        Example:\n        --------\n        >>> from selenium.webdriver.common.by import By\n        >>> from selenium.webdriver.support.ui import WebDriverWait\n        >>> from selenium.webdriver.support import expected_conditions as EC\n    \n        # Wait until an element is visible on the page\n        >>> wait = WebDriverWait(driver, 10)\n        >>> element = wait.until(EC.visibility_of_element_located((By.ID, \"exampleId\")))\n        >>> print(element.text)\n        \"\"\"\n        screen = None\n        stacktrace = None\n    \n        end_time = time.monotonic() + self._timeout\n        while True:\n            try:\n                value = method(self._driver)\n                if value:\n                    return value\n            except self._ignored_exceptions as exc:\n                screen = getattr(exc, \"screen\", None)\n                stacktrace = getattr(exc, \"stacktrace\", None)\n            if time.monotonic() > end_time:\n                break\n            time.sleep(self._poll)\n>       raise TimeoutException(message, screen, stacktrace)\nE       selenium.common.exceptions.TimeoutException: Message: \nE       Stacktrace:\nE       \tGetHandleVerifier [0x0x7ff7fd7c6f65+78965]\nE       \tGetHandleVerifier [0x0x7ff7fd7c6fc0+79056]\nE       \t(No symbol) [0x0x7ff7fd559dda]\nE       \t(No symbol) [0x0x7ff7fd5b02ea]\nE       \t(No symbol) [0x0x7ff7fd5b059c]\nE       \t(No symbol) [0x0x7ff7fd603f37]\nE       \t(No symbol) [0x0x7ff7fd5d86af]\nE       \t(No symbol) [0x0x7ff7fd600dbe]\nE       \t(No symbol) [0x0x7ff7fd5d8443]\nE       \t(No symbol) [0x0x7ff7fd5a1311]\nE       \t(No symbol) [0x0x7ff7fd5a20a3]\nE       \tGetHandleVerifier [0x0x7ff7fda7e26d+2926461]\nE       \tGetHandleVerifier [0x0x7ff7fda78993+2903715]\nE       \tGetHandleVerifier [0x0x7ff7fda96aed+3026941]\nE       \tGetHandleVerifier [0x0x7ff7fd7e16fe+187406]\nE       \tGetHandleVerifier [0x0x7ff7fd7e96ef+220159]\nE       \tGetHandleVerifier [0x0x7ff7fd7cfaf4+114692]\nE       \tGetHandleVerifier [0x0x7ff7fd7cfca9+115129]\nE       \tGetHandleVerifier [0x0x7ff7fd7b64d8+10728]\nE       \tBaseThreadInitThunk [0x0x7ffe121c7374+20]\nE       \tRtlUserThreadStart [0x0x7ffe133dcc91+33]\n\nmyenv\\lib\\site-packages\\selenium\\webdriver\\support\\wait.py:138: TimeoutException","flaky":false,"newFailed":false,"newBroken":false,"newPassed":false,"retriesCount":1,"retriesStatusChange":false,"beforeStages":[{"name":"login_to_systemSettings","time":{"start":1764365078861,"stop":1764365089060,"duration":10199},"status":"passed","steps":[],"attachments":[],"parameters":[],"hasContent":false,"stepsCount":0,"attachmentStep":false,"shouldDisplayMessage":false,"attachmentsCount":0}],"testStage":{"status":"broken","statusMessage":"selenium.common.exceptions.TimeoutException: Message: \nStacktrace:\n\tGetHandleVerifier [0x0x7ff7fd7c6f65+78965]\n\tGetHandleVerifier [0x0x7ff7fd7c6fc0+79056]\n\t(No symbol) [0x0x7ff7fd559dda]\n\t(No symbol) [0x0x7ff7fd5b02ea]\n\t(No symbol) [0x0x7ff7fd5b059c]\n\t(No symbol) [0x0x7ff7fd603f37]\n\t(No symbol) [0x0x7ff7fd5d86af]\n\t(No symbol) [0x0x7ff7fd600dbe]\n\t(No symbol) [0x0x7ff7fd5d8443]\n\t(No symbol) [0x0x7ff7fd5a1311]\n\t(No symbol) [0x0x7ff7fd5a20a3]\n\tGetHandleVerifier [0x0x7ff7fda7e26d+2926461]\n\tGetHandleVerifier [0x0x7ff7fda78993+2903715]\n\tGetHandleVerifier [0x0x7ff7fda96aed+3026941]\n\tGetHandleVerifier [0x0x7ff7fd7e16fe+187406]\n\tGetHandleVerifier [0x0x7ff7fd7e96ef+220159]\n\tGetHandleVerifier [0x0x7ff7fd7cfaf4+114692]\n\tGetHandleVerifier [0x0x7ff7fd7cfca9+115129]\n\tGetHandleVerifier [0x0x7ff7fd7b64d8+10728]\n\tBaseThreadInitThunk [0x0x7ffe121c7374+20]\n\tRtlUserThreadStart [0x0x7ffe133dcc91+33]","statusTrace":"self = <test_system.test_systemSettings.TestSystemSettingsPage object at 0x000002036DCBEFE0>, login_to_systemSettings = <selenium.webdriver.chrome.webdriver.WebDriver (session=\"4594acf6f23108f8540469361d7e18c6\")>\n\n    @allure.story(\"LOGO显示方式为文字\")\n    # @pytest.mark.run(order=1)\n    def test_systemSettings_logo1(self, login_to_systemSettings):\n        driver = login_to_systemSettings  # WebDriver 实例\n        settings = SystemSettingsPage(driver)  # 用 driver 初始化 SystemSettingsPage\n        settings.click_button('//div[p[text()=\" LOGO显示方式: \"]]//span')\n        settings.click_button('//ul/li[text()=\"仅显示文字\"]')\n        settings.click_save_button()\n>       maeessage = settings.get_find_message()\n\nTests\\test_system\\test_systemSettings.py:105: \n_ _ _ _ _ _ _ _ _ _ _ _ _ _ _ _ _ _ _ _ _ _ _ _ _ _ _ _ _ _ _ _ _ _ _ _ _ _ _ _ _ _ _ _ _ _ _ _ _ _ _ _ _ _ _ _ _ _ _ _ _ _ _ _ _ _ _ _ _ _ _ _ _ _ _ _ _ _ _ _ _ _ _ _ _ _ _ _ _ _ _ _ _ _ _ _ _ _ _ _ _ _ _ _ _ _ _ _ _ _ _ _ _ _ _ _\nPages\\systemPage\\systemSettings_page.py:35: in get_find_message\n    message = WebDriverWait(self.driver, 10).until(\n_ _ _ _ _ _ _ _ _ _ _ _ _ _ _ _ _ _ _ _ _ _ _ _ _ _ _ _ _ _ _ _ _ _ _ _ _ _ _ _ _ _ _ _ _ _ _ _ _ _ _ _ _ _ _ _ _ _ _ _ _ _ _ _ _ _ _ _ _ _ _ _ _ _ _ _ _ _ _ _ _ _ _ _ _ _ _ _ _ _ _ _ _ _ _ _ _ _ _ _ _ _ _ _ _ _ _ _ _ _ _ _ _ _ _ _\n\nself = <selenium.webdriver.support.wait.WebDriverWait (session=\"4594acf6f23108f8540469361d7e18c6\")>, method = <function visibility_of_element_located.<locals>._predicate at 0x000002036E91AE60>, message = ''\n\n    def until(self, method: Callable[[D], Union[Literal[False], T]], message: str = \"\") -> T:\n        \"\"\"Wait until the method returns a value that is not False.\n    \n        Calls the method provided with the driver as an argument until the\n        return value does not evaluate to ``False``.\n    \n        Parameters:\n        -----------\n        method: callable(WebDriver)\n            - A callable object that takes a WebDriver instance as an argument.\n    \n        message: str\n            - Optional message for :exc:`TimeoutException`\n    \n        Return:\n        -------\n        object: T\n            - The result of the last call to `method`\n    \n        Raises:\n        -------\n        TimeoutException\n            - If 'method' does not return a truthy value within the WebDriverWait\n            object's timeout\n    \n        Example:\n        --------\n        >>> from selenium.webdriver.common.by import By\n        >>> from selenium.webdriver.support.ui import WebDriverWait\n        >>> from selenium.webdriver.support import expected_conditions as EC\n    \n        # Wait until an element is visible on the page\n        >>> wait = WebDriverWait(driver, 10)\n        >>> element = wait.until(EC.visibility_of_element_located((By.ID, \"exampleId\")))\n        >>> print(element.text)\n        \"\"\"\n        screen = None\n        stacktrace = None\n    \n        end_time = time.monotonic() + self._timeout\n        while True:\n            try:\n                value = method(self._driver)\n                if value:\n                    return value\n            except self._ignored_exceptions as exc:\n                screen = getattr(exc, \"screen\", None)\n                stacktrace = getattr(exc, \"stacktrace\", None)\n            if time.monotonic() > end_time:\n                break\n            time.sleep(self._poll)\n>       raise TimeoutException(message, screen, stacktrace)\nE       selenium.common.exceptions.TimeoutException: Message: \nE       Stacktrace:\nE       \tGetHandleVerifier [0x0x7ff7fd7c6f65+78965]\nE       \tGetHandleVerifier [0x0x7ff7fd7c6fc0+79056]\nE       \t(No symbol) [0x0x7ff7fd559dda]\nE       \t(No symbol) [0x0x7ff7fd5b02ea]\nE       \t(No symbol) [0x0x7ff7fd5b059c]\nE       \t(No symbol) [0x0x7ff7fd603f37]\nE       \t(No symbol) [0x0x7ff7fd5d86af]\nE       \t(No symbol) [0x0x7ff7fd600dbe]\nE       \t(No symbol) [0x0x7ff7fd5d8443]\nE       \t(No symbol) [0x0x7ff7fd5a1311]\nE       \t(No symbol) [0x0x7ff7fd5a20a3]\nE       \tGetHandleVerifier [0x0x7ff7fda7e26d+2926461]\nE       \tGetHandleVerifier [0x0x7ff7fda78993+2903715]\nE       \tGetHandleVerifier [0x0x7ff7fda96aed+3026941]\nE       \tGetHandleVerifier [0x0x7ff7fd7e16fe+187406]\nE       \tGetHandleVerifier [0x0x7ff7fd7e96ef+220159]\nE       \tGetHandleVerifier [0x0x7ff7fd7cfaf4+114692]\nE       \tGetHandleVerifier [0x0x7ff7fd7cfca9+115129]\nE       \tGetHandleVerifier [0x0x7ff7fd7b64d8+10728]\nE       \tBaseThreadInitThunk [0x0x7ffe121c7374+20]\nE       \tRtlUserThreadStart [0x0x7ffe133dcc91+33]\n\nmyenv\\lib\\site-packages\\selenium\\webdriver\\support\\wait.py:138: TimeoutException","steps":[],"attachments":[{"uid":"8aa1f869ca33129f","name":"test_systemSettings_logo1_failure","source":"8aa1f869ca33129f.png","type":"image/png","size":82214},{"uid":"afe603d70fdb6a77","name":"test_systemSettings_logo1_source","source":"afe603d70fdb6a77.html","type":"text/html","size":1102074},{"uid":"a0a0537314200548","name":"log","source":"a0a0537314200548.txt","type":"text/plain","size":3237}],"parameters":[],"hasContent":true,"stepsCount":0,"attachmentStep":false,"shouldDisplayMessage":true,"attachmentsCount":3},"afterStages":[{"name":"login_to_systemSettings::0","time":{"start":1764365099782,"stop":1764365101956,"duration":2174},"status":"passed","steps":[],"attachments":[],"parameters":[],"hasContent":false,"stepsCount":0,"attachmentStep":false,"shouldDisplayMessage":false,"attachmentsCount":0}],"labels":[{"name":"feature","value":"系统标识设置页用例"},{"name":"story","value":"LOGO显示方式为文字"},{"name":"parentSuite","value":"Tests.test_system"},{"name":"suite","value":"test_systemSettings"},{"name":"subSuite","value":"TestSystemSettingsPage"},{"name":"host","value":"WIN-20240820MJV"},{"name":"thread","value":"6672-MainThread"},{"name":"framework","value":"pytest"},{"name":"language","value":"cpython3"},{"name":"package","value":"Tests.test_system.test_systemSettings"},{"name":"resultFormat","value":"allure2"}],"parameters":[],"links":[],"hidden":false,"retry":false,"extra":{"severity":"normal","retries":[{"uid":"b400d3f1983cc863","status":"broken","statusDetails":"selenium.common.exceptions.TimeoutException: Message: \nStacktrace:\n\tGetHandleVerifier [0x0x7ff7fd7c6f65+78965]\n\tGetHandleVerifier [0x0x7ff7fd7c6fc0+79056]\n\t(No symbol) [0x0x7ff7fd559dda]\n\t(No symbol) [0x0x7ff7fd5b02ea]\n\t(No symbol) [0x0x7ff7fd5b059c]\n\t(No symbol) [0x0x7ff7fd603f37]\n\t(No symbol) [0x0x7ff7fd5d86af]\n\t(No symbol) [0x0x7ff7fd600dbe]\n\t(No symbol) [0x0x7ff7fd5d8443]\n\t(No symbol) [0x0x7ff7fd5a1311]\n\t(No symbol) [0x0x7ff7fd5a20a3]\n\tGetHandleVerifier [0x0x7ff7fda7e26d+2926461]\n\tGetHandleVerifier [0x0x7ff7fda78993+2903715]\n\tGetHandleVerifier [0x0x7ff7fda96aed+3026941]\n\tGetHandleVerifier [0x0x7ff7fd7e16fe+187406]\n\tGetHandleVerifier [0x0x7ff7fd7e96ef+220159]\n\tGetHandleVerifier [0x0x7ff7fd7cfaf4+114692]\n\tGetHandleVerifier [0x0x7ff7fd7cfca9+115129]\n\tGetHandleVerifier [0x0x7ff7fd7b64d8+10728]\n\tBaseThreadInitThunk [0x0x7ffe121c7374+20]\n\tRtlUserThreadStart [0x0x7ffe133dcc91+33]","time":{"start":1764365064438,"stop":1764365076553,"duration":12115}}],"categories":[{"name":"Test defects","matchedStatuses":[]}],"tags":[]},"source":"6459bd82dbf41fc0.json","parameterValues":[]}