{"uid":"64751b266daeb352","name":"test_menu_shift","fullName":"Tests.test_system.test_menu.TestSMenuPage#test_menu_shift","historyId":"76bb40909f49b161df1d0fc86f6bb1ee","time":{"start":1769807212921,"stop":1769807224106,"duration":11185},"status":"broken","statusMessage":"selenium.common.exceptions.TimeoutException: Message: \nStacktrace:\n\tGetHandleVerifier [0x0x7ff6634d6f65+78965]\n\tGetHandleVerifier [0x0x7ff6634d6fc0+79056]\n\t(No symbol) [0x0x7ff663269dda]\n\t(No symbol) [0x0x7ff6632c02ea]\n\t(No symbol) [0x0x7ff6632c059c]\n\t(No symbol) [0x0x7ff663313f37]\n\t(No symbol) [0x0x7ff6632e86af]\n\t(No symbol) [0x0x7ff663310dbe]\n\t(No symbol) [0x0x7ff6632e8443]\n\t(No symbol) [0x0x7ff6632b1311]\n\t(No symbol) [0x0x7ff6632b20a3]\n\tGetHandleVerifier [0x0x7ff66378e26d+2926461]\n\tGetHandleVerifier [0x0x7ff663788993+2903715]\n\tGetHandleVerifier [0x0x7ff6637a6aed+3026941]\n\tGetHandleVerifier [0x0x7ff6634f16fe+187406]\n\tGetHandleVerifier [0x0x7ff6634f96ef+220159]\n\tGetHandleVerifier [0x0x7ff6634dfaf4+114692]\n\tGetHandleVerifier [0x0x7ff6634dfca9+115129]\n\tGetHandleVerifier [0x0x7ff6634c64d8+10728]\n\tBaseThreadInitThunk [0x0x7ffa14ef7374+20]\n\tRtlUserThreadStart [0x0x7ffa16b1cc91+33]","statusTrace":"self = <test_system.test_menu.TestSMenuPage object at 0x000001F73DEB27D0>, login_to_menu = <selenium.webdriver.chrome.webdriver.WebDriver (session=\"02f02f142afb122357e72ba48480538a\")>\n\n    @allure.story(\"模拟Shift+点击可多选ctrl+i添加\")\n    # @pytest.mark.run(order=1)\n    def test_menu_shift(self, login_to_menu):\n        driver = login_to_menu  # WebDriver 实例\n        menu = ExpressionPage(driver)  # 用 driver 初始化 ExpressionPage\n        elements = ['(//table[@class=\"vxe-table--body\"]//tr[1]//td[1])[2]',\n                    '(//table[@class=\"vxe-table--body\"]//tr[2]//td[1])[2]']\n        menu.click_button(elements[0])\n        # 第二个单元格 Shift+点击（选择范围）\n>       cell2 = menu.get_find_element_xpath(elements[1])\n\nTests\\test_system\\test_menu.py:936: \n_ _ _ _ _ _ _ _ _ _ _ _ _ _ _ _ _ _ _ _ _ _ _ _ _ _ _ _ _ _ _ _ _ _ _ _ _ _ _ _ _ _ _ _ _ _ _ _ _ _ _ _ _ _ _ _ _ _ _ _ _ _ _ _ _ _ _ _ _ _ _ _ _ _ _ _ _ _ _ _ _ _ _ _ _ _ _ _ _ _ _ _ _ _ _ _ _ _ _ _ _ _ _ _ _ _ _ _ _ _ _ _ _ _ _ _\nPages\\systemPage\\expression_page.py:29: in get_find_element_xpath\n    return self.find_element(By.XPATH, xpath)\nPages\\base_page.py:28: in find_element\n    return WebDriverWait(self.driver, wait_time).until(\n_ _ _ _ _ _ _ _ _ _ _ _ _ _ _ _ _ _ _ _ _ _ _ _ _ _ _ _ _ _ _ _ _ _ _ _ _ _ _ _ _ _ _ _ _ _ _ _ _ _ _ _ _ _ _ _ _ _ _ _ _ _ _ _ _ _ _ _ _ _ _ _ _ _ _ _ _ _ _ _ _ _ _ _ _ _ _ _ _ _ _ _ _ _ _ _ _ _ _ _ _ _ _ _ _ _ _ _ _ _ _ _ _ _ _ _\n\nself = <selenium.webdriver.support.wait.WebDriverWait (session=\"02f02f142afb122357e72ba48480538a\")>, method = <function presence_of_element_located.<locals>._predicate at 0x000001F73FEBF1C0>, message = ''\n\n    def until(self, method: Callable[[D], Union[Literal[False], T]], message: str = \"\") -> T:\n        \"\"\"Wait until the method returns a value that is not False.\n    \n        Calls the method provided with the driver as an argument until the\n        return value does not evaluate to ``False``.\n    \n        Parameters:\n        -----------\n        method: callable(WebDriver)\n            - A callable object that takes a WebDriver instance as an argument.\n    \n        message: str\n            - Optional message for :exc:`TimeoutException`\n    \n        Return:\n        -------\n        object: T\n            - The result of the last call to `method`\n    \n        Raises:\n        -------\n        TimeoutException\n            - If 'method' does not return a truthy value within the WebDriverWait\n            object's timeout\n    \n        Example:\n        --------\n        >>> from selenium.webdriver.common.by import By\n        >>> from selenium.webdriver.support.ui import WebDriverWait\n        >>> from selenium.webdriver.support import expected_conditions as EC\n    \n        # Wait until an element is visible on the page\n        >>> wait = WebDriverWait(driver, 10)\n        >>> element = wait.until(EC.visibility_of_element_located((By.ID, \"exampleId\")))\n        >>> print(element.text)\n        \"\"\"\n        screen = None\n        stacktrace = None\n    \n        end_time = time.monotonic() + self._timeout\n        while True:\n            try:\n                value = method(self._driver)\n                if value:\n                    return value\n            except self._ignored_exceptions as exc:\n                screen = getattr(exc, \"screen\", None)\n                stacktrace = getattr(exc, \"stacktrace\", None)\n            if time.monotonic() > end_time:\n                break\n            time.sleep(self._poll)\n>       raise TimeoutException(message, screen, stacktrace)\nE       selenium.common.exceptions.TimeoutException: Message: \nE       Stacktrace:\nE       \tGetHandleVerifier [0x0x7ff6634d6f65+78965]\nE       \tGetHandleVerifier [0x0x7ff6634d6fc0+79056]\nE       \t(No symbol) [0x0x7ff663269dda]\nE       \t(No symbol) [0x0x7ff6632c02ea]\nE       \t(No symbol) [0x0x7ff6632c059c]\nE       \t(No symbol) [0x0x7ff663313f37]\nE       \t(No symbol) [0x0x7ff6632e86af]\nE       \t(No symbol) [0x0x7ff663310dbe]\nE       \t(No symbol) [0x0x7ff6632e8443]\nE       \t(No symbol) [0x0x7ff6632b1311]\nE       \t(No symbol) [0x0x7ff6632b20a3]\nE       \tGetHandleVerifier [0x0x7ff66378e26d+2926461]\nE       \tGetHandleVerifier [0x0x7ff663788993+2903715]\nE       \tGetHandleVerifier [0x0x7ff6637a6aed+3026941]\nE       \tGetHandleVerifier [0x0x7ff6634f16fe+187406]\nE       \tGetHandleVerifier [0x0x7ff6634f96ef+220159]\nE       \tGetHandleVerifier [0x0x7ff6634dfaf4+114692]\nE       \tGetHandleVerifier [0x0x7ff6634dfca9+115129]\nE       \tGetHandleVerifier [0x0x7ff6634c64d8+10728]\nE       \tBaseThreadInitThunk [0x0x7ffa14ef7374+20]\nE       \tRtlUserThreadStart [0x0x7ffa16b1cc91+33]\n\nmyenv\\lib\\site-packages\\selenium\\webdriver\\support\\wait.py:138: TimeoutException","flaky":false,"newFailed":false,"newBroken":false,"newPassed":false,"retriesCount":1,"retriesStatusChange":false,"beforeStages":[{"name":"login_to_menu","time":{"start":1769806562020,"stop":1769806579245,"duration":17225},"status":"passed","steps":[],"attachments":[],"parameters":[],"stepsCount":0,"attachmentStep":false,"hasContent":false,"attachmentsCount":0,"shouldDisplayMessage":false}],"testStage":{"status":"broken","statusMessage":"selenium.common.exceptions.TimeoutException: Message: \nStacktrace:\n\tGetHandleVerifier [0x0x7ff6634d6f65+78965]\n\tGetHandleVerifier [0x0x7ff6634d6fc0+79056]\n\t(No symbol) [0x0x7ff663269dda]\n\t(No symbol) [0x0x7ff6632c02ea]\n\t(No symbol) [0x0x7ff6632c059c]\n\t(No symbol) [0x0x7ff663313f37]\n\t(No symbol) [0x0x7ff6632e86af]\n\t(No symbol) [0x0x7ff663310dbe]\n\t(No symbol) [0x0x7ff6632e8443]\n\t(No symbol) [0x0x7ff6632b1311]\n\t(No symbol) [0x0x7ff6632b20a3]\n\tGetHandleVerifier [0x0x7ff66378e26d+2926461]\n\tGetHandleVerifier [0x0x7ff663788993+2903715]\n\tGetHandleVerifier [0x0x7ff6637a6aed+3026941]\n\tGetHandleVerifier [0x0x7ff6634f16fe+187406]\n\tGetHandleVerifier [0x0x7ff6634f96ef+220159]\n\tGetHandleVerifier [0x0x7ff6634dfaf4+114692]\n\tGetHandleVerifier [0x0x7ff6634dfca9+115129]\n\tGetHandleVerifier [0x0x7ff6634c64d8+10728]\n\tBaseThreadInitThunk [0x0x7ffa14ef7374+20]\n\tRtlUserThreadStart [0x0x7ffa16b1cc91+33]","statusTrace":"self = <test_system.test_menu.TestSMenuPage object at 0x000001F73DEB27D0>, login_to_menu = <selenium.webdriver.chrome.webdriver.WebDriver (session=\"02f02f142afb122357e72ba48480538a\")>\n\n    @allure.story(\"模拟Shift+点击可多选ctrl+i添加\")\n    # @pytest.mark.run(order=1)\n    def test_menu_shift(self, login_to_menu):\n        driver = login_to_menu  # WebDriver 实例\n        menu = ExpressionPage(driver)  # 用 driver 初始化 ExpressionPage\n        elements = ['(//table[@class=\"vxe-table--body\"]//tr[1]//td[1])[2]',\n                    '(//table[@class=\"vxe-table--body\"]//tr[2]//td[1])[2]']\n        menu.click_button(elements[0])\n        # 第二个单元格 Shift+点击（选择范围）\n>       cell2 = menu.get_find_element_xpath(elements[1])\n\nTests\\test_system\\test_menu.py:936: \n_ _ _ _ _ _ _ _ _ _ _ _ _ _ _ _ _ _ _ _ _ _ _ _ _ _ _ _ _ _ _ _ _ _ _ _ _ _ _ _ _ _ _ _ _ _ _ _ _ _ _ _ _ _ _ _ _ _ _ _ _ _ _ _ _ _ _ _ _ _ _ _ _ _ _ _ _ _ _ _ _ _ _ _ _ _ _ _ _ _ _ _ _ _ _ _ _ _ _ _ _ _ _ _ _ _ _ _ _ _ _ _ _ _ _ _\nPages\\systemPage\\expression_page.py:29: in get_find_element_xpath\n    return self.find_element(By.XPATH, xpath)\nPages\\base_page.py:28: in find_element\n    return WebDriverWait(self.driver, wait_time).until(\n_ _ _ _ _ _ _ _ _ _ _ _ _ _ _ _ _ _ _ _ _ _ _ _ _ _ _ _ _ _ _ _ _ _ _ _ _ _ _ _ _ _ _ _ _ _ _ _ _ _ _ _ _ _ _ _ _ _ _ _ _ _ _ _ _ _ _ _ _ _ _ _ _ _ _ _ _ _ _ _ _ _ _ _ _ _ _ _ _ _ _ _ _ _ _ _ _ _ _ _ _ _ _ _ _ _ _ _ _ _ _ _ _ _ _ _\n\nself = <selenium.webdriver.support.wait.WebDriverWait (session=\"02f02f142afb122357e72ba48480538a\")>, method = <function presence_of_element_located.<locals>._predicate at 0x000001F73FEBF1C0>, message = ''\n\n    def until(self, method: Callable[[D], Union[Literal[False], T]], message: str = \"\") -> T:\n        \"\"\"Wait until the method returns a value that is not False.\n    \n        Calls the method provided with the driver as an argument until the\n        return value does not evaluate to ``False``.\n    \n        Parameters:\n        -----------\n        method: callable(WebDriver)\n            - A callable object that takes a WebDriver instance as an argument.\n    \n        message: str\n            - Optional message for :exc:`TimeoutException`\n    \n        Return:\n        -------\n        object: T\n            - The result of the last call to `method`\n    \n        Raises:\n        -------\n        TimeoutException\n            - If 'method' does not return a truthy value within the WebDriverWait\n            object's timeout\n    \n        Example:\n        --------\n        >>> from selenium.webdriver.common.by import By\n        >>> from selenium.webdriver.support.ui import WebDriverWait\n        >>> from selenium.webdriver.support import expected_conditions as EC\n    \n        # Wait until an element is visible on the page\n        >>> wait = WebDriverWait(driver, 10)\n        >>> element = wait.until(EC.visibility_of_element_located((By.ID, \"exampleId\")))\n        >>> print(element.text)\n        \"\"\"\n        screen = None\n        stacktrace = None\n    \n        end_time = time.monotonic() + self._timeout\n        while True:\n            try:\n                value = method(self._driver)\n                if value:\n                    return value\n            except self._ignored_exceptions as exc:\n                screen = getattr(exc, \"screen\", None)\n                stacktrace = getattr(exc, \"stacktrace\", None)\n            if time.monotonic() > end_time:\n                break\n            time.sleep(self._poll)\n>       raise TimeoutException(message, screen, stacktrace)\nE       selenium.common.exceptions.TimeoutException: Message: \nE       Stacktrace:\nE       \tGetHandleVerifier [0x0x7ff6634d6f65+78965]\nE       \tGetHandleVerifier [0x0x7ff6634d6fc0+79056]\nE       \t(No symbol) [0x0x7ff663269dda]\nE       \t(No symbol) [0x0x7ff6632c02ea]\nE       \t(No symbol) [0x0x7ff6632c059c]\nE       \t(No symbol) [0x0x7ff663313f37]\nE       \t(No symbol) [0x0x7ff6632e86af]\nE       \t(No symbol) [0x0x7ff663310dbe]\nE       \t(No symbol) [0x0x7ff6632e8443]\nE       \t(No symbol) [0x0x7ff6632b1311]\nE       \t(No symbol) [0x0x7ff6632b20a3]\nE       \tGetHandleVerifier [0x0x7ff66378e26d+2926461]\nE       \tGetHandleVerifier [0x0x7ff663788993+2903715]\nE       \tGetHandleVerifier [0x0x7ff6637a6aed+3026941]\nE       \tGetHandleVerifier [0x0x7ff6634f16fe+187406]\nE       \tGetHandleVerifier [0x0x7ff6634f96ef+220159]\nE       \tGetHandleVerifier [0x0x7ff6634dfaf4+114692]\nE       \tGetHandleVerifier [0x0x7ff6634dfca9+115129]\nE       \tGetHandleVerifier [0x0x7ff6634c64d8+10728]\nE       \tBaseThreadInitThunk [0x0x7ffa14ef7374+20]\nE       \tRtlUserThreadStart [0x0x7ffa16b1cc91+33]\n\nmyenv\\lib\\site-packages\\selenium\\webdriver\\support\\wait.py:138: TimeoutException","steps":[],"attachments":[{"uid":"aee7ab88381a7944","name":"test_menu_shift_20260131_050704","source":"aee7ab88381a7944.png","type":"image/png","size":151137},{"uid":"d78f84277d3e9c86","name":"test_menu_shift_20260131_050704","source":"d78f84277d3e9c86.png","type":"image/png","size":141106},{"uid":"4bbf1b093a9045e1","name":"test_menu_shift_20260131_050704","source":"4bbf1b093a9045e1.png","type":"image/png","size":67559},{"uid":"7299a5720d1bde4a","name":"log","source":"7299a5720d1bde4a.txt","type":"text/plain","size":1069}],"parameters":[],"stepsCount":0,"attachmentStep":false,"hasContent":true,"attachmentsCount":4,"shouldDisplayMessage":true},"afterStages":[{"name":"login_to_menu::0","time":{"start":1769807309368,"stop":1769807311554,"duration":2186},"status":"passed","steps":[],"attachments":[],"parameters":[],"stepsCount":0,"attachmentStep":false,"hasContent":false,"attachmentsCount":0,"shouldDisplayMessage":false}],"labels":[{"name":"story","value":"模拟Shift+点击可多选ctrl+i添加"},{"name":"feature","value":"菜单组件页用例"},{"name":"parentSuite","value":"Tests.test_system"},{"name":"suite","value":"test_menu"},{"name":"subSuite","value":"TestSMenuPage"},{"name":"host","value":"WIN-20240820MJV"},{"name":"thread","value":"18148-MainThread"},{"name":"framework","value":"pytest"},{"name":"language","value":"cpython3"},{"name":"package","value":"Tests.test_system.test_menu"},{"name":"resultFormat","value":"allure2"}],"parameters":[],"links":[],"hidden":false,"retry":false,"extra":{"severity":"normal","retries":[{"uid":"9bf30f3609176caf","status":"broken","statusDetails":"selenium.common.exceptions.TimeoutException: Message: \nStacktrace:\n\tGetHandleVerifier [0x0x7ff6634d6f65+78965]\n\tGetHandleVerifier [0x0x7ff6634d6fc0+79056]\n\t(No symbol) [0x0x7ff663269dda]\n\t(No symbol) [0x0x7ff6632c02ea]\n\t(No symbol) [0x0x7ff6632c059c]\n\t(No symbol) [0x0x7ff663313f37]\n\t(No symbol) [0x0x7ff6632e86af]\n\t(No symbol) [0x0x7ff663310dbe]\n\t(No symbol) [0x0x7ff6632e8443]\n\t(No symbol) [0x0x7ff6632b1311]\n\t(No symbol) [0x0x7ff6632b20a3]\n\tGetHandleVerifier [0x0x7ff66378e26d+2926461]\n\tGetHandleVerifier [0x0x7ff663788993+2903715]\n\tGetHandleVerifier [0x0x7ff6637a6aed+3026941]\n\tGetHandleVerifier [0x0x7ff6634f16fe+187406]\n\tGetHandleVerifier [0x0x7ff6634f96ef+220159]\n\tGetHandleVerifier [0x0x7ff6634dfaf4+114692]\n\tGetHandleVerifier [0x0x7ff6634dfca9+115129]\n\tGetHandleVerifier [0x0x7ff6634c64d8+10728]\n\tBaseThreadInitThunk [0x0x7ffa14ef7374+20]\n\tRtlUserThreadStart [0x0x7ffa16b1cc91+33]","time":{"start":1769807201320,"stop":1769807212507,"duration":11187}}],"categories":[{"name":"Test defects","matchedStatuses":[]}],"tags":[]},"source":"64751b266daeb352.json","parameterValues":[]}