{"uid":"64a4a02a1f7fc67","name":"test_button_addsuccess1","fullName":"Tests.test_system.test_button.TestSButtonPage#test_button_addsuccess1","historyId":"54101d21a499dee7afb61f5c7b00ea5b","time":{"start":1761857648147,"stop":1761857653871,"duration":5724},"status":"failed","statusMessage":"AssertionError: assert 'Abutton1' == 'Abutton2'\n  \n  \u001B[0m\u001B[91m- Abutton2\u001B[39;49;00m\u001B[90m\u001B[39;49;00m\n  ?        ^\u001B[90m\u001B[39;49;00m\n  \u001B[92m+ Abutton1\u001B[39;49;00m\u001B[90m\u001B[39;49;00m\n  ?        ^\u001B[90m\u001B[39;49;00m","statusTrace":"self = <test_system.test_button.TestSButtonPage object at 0x0000021E16CF7280>, login_to_button = <selenium.webdriver.chrome.webdriver.WebDriver (session=\"abc923c98838778b0b25c2da9e00666b\")>\n\n    @allure.story(\"添加测试按钮成功\")\n    # @pytest.mark.run(order=1)\n    def test_button_addsuccess1(self, login_to_button):\n        driver = login_to_button  # WebDriver 实例\n        button = ExpressionPage(driver)  # 用 driver 初始化 ExpressionPage\n        add = AddsPages(driver)\n        name = 'Abutton2'\n        button.click_all_button(\"新增\")\n        xpath_list = [\n            '//div[label[text()=\"按钮代码\"]]//input',\n            '//div[label[text()=\"按钮名称\"]]//input',\n            '//div[label[text()=\"图标\"]]//i[contains(@class,\"ivu-ico\")]',\n            '(//div[@class=\"flex-wrap\"])[2]/div[1]',\n        ]\n        add.batch_modify_input(xpath_list[:2], name)\n        add.click_button(xpath_list[2])\n        add.click_button(xpath_list[3])\n        button.click_confirm()\n        message = button.get_find_message()\n        button.select_input_button(name)\n        eles = button.get_find_element_xpath('//table[@class=\"vxe-table--body\"]//tr[1]/td[2]').text\n>       assert eles == name\nE       AssertionError: assert 'Abutton1' == 'Abutton2'\nE         \nE         \u001B[0m\u001B[91m- Abutton2\u001B[39;49;00m\u001B[90m\u001B[39;49;00m\nE         ?        ^\u001B[90m\u001B[39;49;00m\nE         \u001B[92m+ Abutton1\u001B[39;49;00m\u001B[90m\u001B[39;49;00m\nE         ?        ^\u001B[90m\u001B[39;49;00m\n\nTests\\test_system\\test_button.py:221: AssertionError","flaky":false,"newFailed":false,"newBroken":false,"newPassed":false,"retriesCount":0,"retriesStatusChange":false,"beforeStages":[{"name":"login_to_button","time":{"start":1761857635320,"stop":1761857648146,"duration":12826},"status":"passed","steps":[],"attachments":[],"parameters":[],"hasContent":false,"attachmentStep":false,"stepsCount":0,"shouldDisplayMessage":false,"attachmentsCount":0}],"testStage":{"status":"failed","statusMessage":"AssertionError: assert 'Abutton1' == 'Abutton2'\n  \n  \u001B[0m\u001B[91m- Abutton2\u001B[39;49;00m\u001B[90m\u001B[39;49;00m\n  ?        ^\u001B[90m\u001B[39;49;00m\n  \u001B[92m+ Abutton1\u001B[39;49;00m\u001B[90m\u001B[39;49;00m\n  ?        ^\u001B[90m\u001B[39;49;00m","statusTrace":"self = <test_system.test_button.TestSButtonPage object at 0x0000021E16CF7280>, login_to_button = <selenium.webdriver.chrome.webdriver.WebDriver (session=\"abc923c98838778b0b25c2da9e00666b\")>\n\n    @allure.story(\"添加测试按钮成功\")\n    # @pytest.mark.run(order=1)\n    def test_button_addsuccess1(self, login_to_button):\n        driver = login_to_button  # WebDriver 实例\n        button = ExpressionPage(driver)  # 用 driver 初始化 ExpressionPage\n        add = AddsPages(driver)\n        name = 'Abutton2'\n        button.click_all_button(\"新增\")\n        xpath_list = [\n            '//div[label[text()=\"按钮代码\"]]//input',\n            '//div[label[text()=\"按钮名称\"]]//input',\n            '//div[label[text()=\"图标\"]]//i[contains(@class,\"ivu-ico\")]',\n            '(//div[@class=\"flex-wrap\"])[2]/div[1]',\n        ]\n        add.batch_modify_input(xpath_list[:2], name)\n        add.click_button(xpath_list[2])\n        add.click_button(xpath_list[3])\n        button.click_confirm()\n        message = button.get_find_message()\n        button.select_input_button(name)\n        eles = button.get_find_element_xpath('//table[@class=\"vxe-table--body\"]//tr[1]/td[2]').text\n>       assert eles == name\nE       AssertionError: assert 'Abutton1' == 'Abutton2'\nE         \nE         \u001B[0m\u001B[91m- Abutton2\u001B[39;49;00m\u001B[90m\u001B[39;49;00m\nE         ?        ^\u001B[90m\u001B[39;49;00m\nE         \u001B[92m+ Abutton1\u001B[39;49;00m\u001B[90m\u001B[39;49;00m\nE         ?        ^\u001B[90m\u001B[39;49;00m\n\nTests\\test_system\\test_button.py:221: AssertionError","steps":[],"attachments":[{"uid":"8ba874407650c3c3","name":"test_button_addsuccess1_failure","source":"8ba874407650c3c3.png","type":"image/png","size":129146},{"uid":"d7b5cc6988527b61","name":"test_button_addsuccess1_source","source":"d7b5cc6988527b61.html","type":"text/html","size":1449304},{"uid":"1f4a740193c5226f","name":"log","source":"1f4a740193c5226f.txt","type":"text/plain","size":2145}],"parameters":[],"hasContent":true,"attachmentStep":false,"stepsCount":0,"shouldDisplayMessage":true,"attachmentsCount":3},"afterStages":[{"name":"login_to_button::0","time":{"start":1761857654067,"stop":1761857656241,"duration":2174},"status":"passed","steps":[],"attachments":[],"parameters":[],"hasContent":false,"attachmentStep":false,"stepsCount":0,"shouldDisplayMessage":false,"attachmentsCount":0}],"labels":[{"name":"feature","value":"工具栏按钮管理页用例"},{"name":"story","value":"添加测试按钮成功"},{"name":"parentSuite","value":"Tests.test_system"},{"name":"suite","value":"test_button"},{"name":"subSuite","value":"TestSButtonPage"},{"name":"host","value":"WIN-20240820MJV"},{"name":"thread","value":"23908-MainThread"},{"name":"framework","value":"pytest"},{"name":"language","value":"cpython3"},{"name":"package","value":"Tests.test_system.test_button"},{"name":"resultFormat","value":"allure2"}],"parameters":[],"links":[],"hidden":true,"retry":true,"extra":{"categories":[],"tags":[]},"source":"64a4a02a1f7fc67.json","parameterValues":[]}