{"uid":"66cfb7061347b739","name":"test_database_synchronize2","fullName":"Tests.test_system.test_database.TestSDateBasePage#test_database_synchronize2","historyId":"94611974f6127e672809d604bddb5267","time":{"start":1762815197521,"stop":1762815209244,"duration":11723},"status":"broken","statusMessage":"selenium.common.exceptions.TimeoutException: Message: \nStacktrace:\n\tGetHandleVerifier [0x0x7ff7e9026f65+78965]\n\tGetHandleVerifier [0x0x7ff7e9026fc0+79056]\n\t(No symbol) [0x0x7ff7e8db9dda]\n\t(No symbol) [0x0x7ff7e8e102ea]\n\t(No symbol) [0x0x7ff7e8e1059c]\n\t(No symbol) [0x0x7ff7e8e63f37]\n\t(No symbol) [0x0x7ff7e8e386af]\n\t(No symbol) [0x0x7ff7e8e60dbe]\n\t(No symbol) [0x0x7ff7e8e38443]\n\t(No symbol) [0x0x7ff7e8e01311]\n\t(No symbol) [0x0x7ff7e8e020a3]\n\tGetHandleVerifier [0x0x7ff7e92de26d+2926461]\n\tGetHandleVerifier [0x0x7ff7e92d8993+2903715]\n\tGetHandleVerifier [0x0x7ff7e92f6aed+3026941]\n\tGetHandleVerifier [0x0x7ff7e90416fe+187406]\n\tGetHandleVerifier [0x0x7ff7e90496ef+220159]\n\tGetHandleVerifier [0x0x7ff7e902faf4+114692]\n\tGetHandleVerifier [0x0x7ff7e902fca9+115129]\n\tGetHandleVerifier [0x0x7ff7e90164d8+10728]\n\tBaseThreadInitThunk [0x0x7ffcf36a7374+20]\n\tRtlUserThreadStart [0x0x7ffcf523cc91+33]","statusTrace":"self = <test_system.test_database.TestSDateBasePage object at 0x00000143DF25DBA0>, login_to_database = <selenium.webdriver.chrome.webdriver.WebDriver (session=\"9431cfbd7ad940ab53f457dd3f7aeb8f\")>\n\n    @allure.story(\"同步所有表成功\")\n    # @pytest.mark.run(order=1)\n    def test_database_synchronize2(self, login_to_database):\n        driver = login_to_database  # WebDriver 实例\n        data = DateBasePage(driver)  # 用 driver 初始化 DateBasePage\n        data.click_synchronize_button(\"同步所有\")\n>       message = data.get_find_message()\n\nTests\\test_system\\test_database.py:219: \n_ _ _ _ _ _ _ _ _ _ _ _ _ _ _ _ _ _ _ _ _ _ _ _ _ _ _ _ _ _ _ _ _ _ _ _ _ _ _ _ _ _ _ _ _ _ _ _ _ _ _ _ _ _ _ _ _ _ _ _ _ _ _ _ _ _ _ _ _ _ _ _ _ _ _ _ _ _ _ _ _ _ _ _ _ _ _ _ _ _ _ _ _ _ _ _ _ _ _ _ _ _ _ _ _ _ _ _ _ _ _ _ _ _ _ _\nPages\\systemPage\\database_page.py:35: in get_find_message\n    message = WebDriverWait(self.driver, 10).until(\n_ _ _ _ _ _ _ _ _ _ _ _ _ _ _ _ _ _ _ _ _ _ _ _ _ _ _ _ _ _ _ _ _ _ _ _ _ _ _ _ _ _ _ _ _ _ _ _ _ _ _ _ _ _ _ _ _ _ _ _ _ _ _ _ _ _ _ _ _ _ _ _ _ _ _ _ _ _ _ _ _ _ _ _ _ _ _ _ _ _ _ _ _ _ _ _ _ _ _ _ _ _ _ _ _ _ _ _ _ _ _ _ _ _ _ _\n\nself = <selenium.webdriver.support.wait.WebDriverWait (session=\"9431cfbd7ad940ab53f457dd3f7aeb8f\")>, method = <function visibility_of_element_located.<locals>._predicate at 0x00000143E1B26710>, message = ''\n\n    def until(self, method: Callable[[D], Union[Literal[False], T]], message: str = \"\") -> T:\n        \"\"\"Wait until the method returns a value that is not False.\n    \n        Calls the method provided with the driver as an argument until the\n        return value does not evaluate to ``False``.\n    \n        Parameters:\n        -----------\n        method: callable(WebDriver)\n            - A callable object that takes a WebDriver instance as an argument.\n    \n        message: str\n            - Optional message for :exc:`TimeoutException`\n    \n        Return:\n        -------\n        object: T\n            - The result of the last call to `method`\n    \n        Raises:\n        -------\n        TimeoutException\n            - If 'method' does not return a truthy value within the WebDriverWait\n            object's timeout\n    \n        Example:\n        --------\n        >>> from selenium.webdriver.common.by import By\n        >>> from selenium.webdriver.support.ui import WebDriverWait\n        >>> from selenium.webdriver.support import expected_conditions as EC\n    \n        # Wait until an element is visible on the page\n        >>> wait = WebDriverWait(driver, 10)\n        >>> element = wait.until(EC.visibility_of_element_located((By.ID, \"exampleId\")))\n        >>> print(element.text)\n        \"\"\"\n        screen = None\n        stacktrace = None\n    \n        end_time = time.monotonic() + self._timeout\n        while True:\n            try:\n                value = method(self._driver)\n                if value:\n                    return value\n            except self._ignored_exceptions as exc:\n                screen = getattr(exc, \"screen\", None)\n                stacktrace = getattr(exc, \"stacktrace\", None)\n            if time.monotonic() > end_time:\n                break\n            time.sleep(self._poll)\n>       raise TimeoutException(message, screen, stacktrace)\nE       selenium.common.exceptions.TimeoutException: Message: \nE       Stacktrace:\nE       \tGetHandleVerifier [0x0x7ff7e9026f65+78965]\nE       \tGetHandleVerifier [0x0x7ff7e9026fc0+79056]\nE       \t(No symbol) [0x0x7ff7e8db9dda]\nE       \t(No symbol) [0x0x7ff7e8e102ea]\nE       \t(No symbol) [0x0x7ff7e8e1059c]\nE       \t(No symbol) [0x0x7ff7e8e63f37]\nE       \t(No symbol) [0x0x7ff7e8e386af]\nE       \t(No symbol) [0x0x7ff7e8e60dbe]\nE       \t(No symbol) [0x0x7ff7e8e38443]\nE       \t(No symbol) [0x0x7ff7e8e01311]\nE       \t(No symbol) [0x0x7ff7e8e020a3]\nE       \tGetHandleVerifier [0x0x7ff7e92de26d+2926461]\nE       \tGetHandleVerifier [0x0x7ff7e92d8993+2903715]\nE       \tGetHandleVerifier [0x0x7ff7e92f6aed+3026941]\nE       \tGetHandleVerifier [0x0x7ff7e90416fe+187406]\nE       \tGetHandleVerifier [0x0x7ff7e90496ef+220159]\nE       \tGetHandleVerifier [0x0x7ff7e902faf4+114692]\nE       \tGetHandleVerifier [0x0x7ff7e902fca9+115129]\nE       \tGetHandleVerifier [0x0x7ff7e90164d8+10728]\nE       \tBaseThreadInitThunk [0x0x7ffcf36a7374+20]\nE       \tRtlUserThreadStart [0x0x7ffcf523cc91+33]\n\nmyenv\\lib\\site-packages\\selenium\\webdriver\\support\\wait.py:138: TimeoutException","flaky":false,"newFailed":false,"newBroken":false,"newPassed":false,"retriesCount":0,"retriesStatusChange":false,"beforeStages":[{"name":"login_to_database","time":{"start":1762815184506,"stop":1762815197520,"duration":13014},"status":"passed","steps":[],"attachments":[],"parameters":[],"stepsCount":0,"hasContent":false,"attachmentStep":false,"attachmentsCount":0,"shouldDisplayMessage":false}],"testStage":{"status":"broken","statusMessage":"selenium.common.exceptions.TimeoutException: Message: \nStacktrace:\n\tGetHandleVerifier [0x0x7ff7e9026f65+78965]\n\tGetHandleVerifier [0x0x7ff7e9026fc0+79056]\n\t(No symbol) [0x0x7ff7e8db9dda]\n\t(No symbol) [0x0x7ff7e8e102ea]\n\t(No symbol) [0x0x7ff7e8e1059c]\n\t(No symbol) [0x0x7ff7e8e63f37]\n\t(No symbol) [0x0x7ff7e8e386af]\n\t(No symbol) [0x0x7ff7e8e60dbe]\n\t(No symbol) [0x0x7ff7e8e38443]\n\t(No symbol) [0x0x7ff7e8e01311]\n\t(No symbol) [0x0x7ff7e8e020a3]\n\tGetHandleVerifier [0x0x7ff7e92de26d+2926461]\n\tGetHandleVerifier [0x0x7ff7e92d8993+2903715]\n\tGetHandleVerifier [0x0x7ff7e92f6aed+3026941]\n\tGetHandleVerifier [0x0x7ff7e90416fe+187406]\n\tGetHandleVerifier [0x0x7ff7e90496ef+220159]\n\tGetHandleVerifier [0x0x7ff7e902faf4+114692]\n\tGetHandleVerifier [0x0x7ff7e902fca9+115129]\n\tGetHandleVerifier [0x0x7ff7e90164d8+10728]\n\tBaseThreadInitThunk [0x0x7ffcf36a7374+20]\n\tRtlUserThreadStart [0x0x7ffcf523cc91+33]","statusTrace":"self = <test_system.test_database.TestSDateBasePage object at 0x00000143DF25DBA0>, login_to_database = <selenium.webdriver.chrome.webdriver.WebDriver (session=\"9431cfbd7ad940ab53f457dd3f7aeb8f\")>\n\n    @allure.story(\"同步所有表成功\")\n    # @pytest.mark.run(order=1)\n    def test_database_synchronize2(self, login_to_database):\n        driver = login_to_database  # WebDriver 实例\n        data = DateBasePage(driver)  # 用 driver 初始化 DateBasePage\n        data.click_synchronize_button(\"同步所有\")\n>       message = data.get_find_message()\n\nTests\\test_system\\test_database.py:219: \n_ _ _ _ _ _ _ _ _ _ _ _ _ _ _ _ _ _ _ _ _ _ _ _ _ _ _ _ _ _ _ _ _ _ _ _ _ _ _ _ _ _ _ _ _ _ _ _ _ _ _ _ _ _ _ _ _ _ _ _ _ _ _ _ _ _ _ _ _ _ _ _ _ _ _ _ _ _ _ _ _ _ _ _ _ _ _ _ _ _ _ _ _ _ _ _ _ _ _ _ _ _ _ _ _ _ _ _ _ _ _ _ _ _ _ _\nPages\\systemPage\\database_page.py:35: in get_find_message\n    message = WebDriverWait(self.driver, 10).until(\n_ _ _ _ _ _ _ _ _ _ _ _ _ _ _ _ _ _ _ _ _ _ _ _ _ _ _ _ _ _ _ _ _ _ _ _ _ _ _ _ _ _ _ _ _ _ _ _ _ _ _ _ _ _ _ _ _ _ _ _ _ _ _ _ _ _ _ _ _ _ _ _ _ _ _ _ _ _ _ _ _ _ _ _ _ _ _ _ _ _ _ _ _ _ _ _ _ _ _ _ _ _ _ _ _ _ _ _ _ _ _ _ _ _ _ _\n\nself = <selenium.webdriver.support.wait.WebDriverWait (session=\"9431cfbd7ad940ab53f457dd3f7aeb8f\")>, method = <function visibility_of_element_located.<locals>._predicate at 0x00000143E1B26710>, message = ''\n\n    def until(self, method: Callable[[D], Union[Literal[False], T]], message: str = \"\") -> T:\n        \"\"\"Wait until the method returns a value that is not False.\n    \n        Calls the method provided with the driver as an argument until the\n        return value does not evaluate to ``False``.\n    \n        Parameters:\n        -----------\n        method: callable(WebDriver)\n            - A callable object that takes a WebDriver instance as an argument.\n    \n        message: str\n            - Optional message for :exc:`TimeoutException`\n    \n        Return:\n        -------\n        object: T\n            - The result of the last call to `method`\n    \n        Raises:\n        -------\n        TimeoutException\n            - If 'method' does not return a truthy value within the WebDriverWait\n            object's timeout\n    \n        Example:\n        --------\n        >>> from selenium.webdriver.common.by import By\n        >>> from selenium.webdriver.support.ui import WebDriverWait\n        >>> from selenium.webdriver.support import expected_conditions as EC\n    \n        # Wait until an element is visible on the page\n        >>> wait = WebDriverWait(driver, 10)\n        >>> element = wait.until(EC.visibility_of_element_located((By.ID, \"exampleId\")))\n        >>> print(element.text)\n        \"\"\"\n        screen = None\n        stacktrace = None\n    \n        end_time = time.monotonic() + self._timeout\n        while True:\n            try:\n                value = method(self._driver)\n                if value:\n                    return value\n            except self._ignored_exceptions as exc:\n                screen = getattr(exc, \"screen\", None)\n                stacktrace = getattr(exc, \"stacktrace\", None)\n            if time.monotonic() > end_time:\n                break\n            time.sleep(self._poll)\n>       raise TimeoutException(message, screen, stacktrace)\nE       selenium.common.exceptions.TimeoutException: Message: \nE       Stacktrace:\nE       \tGetHandleVerifier [0x0x7ff7e9026f65+78965]\nE       \tGetHandleVerifier [0x0x7ff7e9026fc0+79056]\nE       \t(No symbol) [0x0x7ff7e8db9dda]\nE       \t(No symbol) [0x0x7ff7e8e102ea]\nE       \t(No symbol) [0x0x7ff7e8e1059c]\nE       \t(No symbol) [0x0x7ff7e8e63f37]\nE       \t(No symbol) [0x0x7ff7e8e386af]\nE       \t(No symbol) [0x0x7ff7e8e60dbe]\nE       \t(No symbol) [0x0x7ff7e8e38443]\nE       \t(No symbol) [0x0x7ff7e8e01311]\nE       \t(No symbol) [0x0x7ff7e8e020a3]\nE       \tGetHandleVerifier [0x0x7ff7e92de26d+2926461]\nE       \tGetHandleVerifier [0x0x7ff7e92d8993+2903715]\nE       \tGetHandleVerifier [0x0x7ff7e92f6aed+3026941]\nE       \tGetHandleVerifier [0x0x7ff7e90416fe+187406]\nE       \tGetHandleVerifier [0x0x7ff7e90496ef+220159]\nE       \tGetHandleVerifier [0x0x7ff7e902faf4+114692]\nE       \tGetHandleVerifier [0x0x7ff7e902fca9+115129]\nE       \tGetHandleVerifier [0x0x7ff7e90164d8+10728]\nE       \tBaseThreadInitThunk [0x0x7ffcf36a7374+20]\nE       \tRtlUserThreadStart [0x0x7ffcf523cc91+33]\n\nmyenv\\lib\\site-packages\\selenium\\webdriver\\support\\wait.py:138: TimeoutException","steps":[],"attachments":[{"uid":"baaefff322def70","name":"test_database_synchronize2_failure","source":"baaefff322def70.png","type":"image/png","size":116961},{"uid":"7acefdbbbea2a17d","name":"test_database_synchronize2_source","source":"7acefdbbbea2a17d.html","type":"text/html","size":1486897},{"uid":"8c97332bc9533815","name":"log","source":"8c97332bc9533815.txt","type":"text/plain","size":1566}],"parameters":[],"stepsCount":0,"hasContent":true,"attachmentStep":false,"attachmentsCount":3,"shouldDisplayMessage":true},"afterStages":[{"name":"login_to_database::0","time":{"start":1762815209428,"stop":1762815211627,"duration":2199},"status":"passed","steps":[],"attachments":[],"parameters":[],"stepsCount":0,"hasContent":false,"attachmentStep":false,"attachmentsCount":0,"shouldDisplayMessage":false}],"labels":[{"name":"feature","value":"数据库维护页用例"},{"name":"story","value":"同步所有表成功"},{"name":"parentSuite","value":"Tests.test_system"},{"name":"suite","value":"test_database"},{"name":"subSuite","value":"TestSDateBasePage"},{"name":"host","value":"WIN-20240820MJV"},{"name":"thread","value":"12084-MainThread"},{"name":"framework","value":"pytest"},{"name":"language","value":"cpython3"},{"name":"package","value":"Tests.test_system.test_database"},{"name":"resultFormat","value":"allure2"}],"parameters":[],"links":[],"hidden":true,"retry":true,"extra":{"categories":[],"tags":[]},"source":"66cfb7061347b739.json","parameterValues":[]}