{"uid":"6a40bda1d86e35d5","name":"test_production_select3","fullName":"Tests.test_items.test_production.TestProductionPage#test_production_select3","historyId":"f1ccb535259444da3d9ea944a606929c","time":{"start":1768314716774,"stop":1768314726956,"duration":10182},"status":"broken","statusMessage":"selenium.common.exceptions.TimeoutException: Message: \nStacktrace:\n\tGetHandleVerifier [0x0x7ff732cc6f65+78965]\n\tGetHandleVerifier [0x0x7ff732cc6fc0+79056]\n\t(No symbol) [0x0x7ff732a59dda]\n\t(No symbol) [0x0x7ff732ab02ea]\n\t(No symbol) [0x0x7ff732ab059c]\n\t(No symbol) [0x0x7ff732b03f37]\n\t(No symbol) [0x0x7ff732ad86af]\n\t(No symbol) [0x0x7ff732b00dbe]\n\t(No symbol) [0x0x7ff732ad8443]\n\t(No symbol) [0x0x7ff732aa1311]\n\t(No symbol) [0x0x7ff732aa20a3]\n\tGetHandleVerifier [0x0x7ff732f7e26d+2926461]\n\tGetHandleVerifier [0x0x7ff732f78993+2903715]\n\tGetHandleVerifier [0x0x7ff732f96aed+3026941]\n\tGetHandleVerifier [0x0x7ff732ce16fe+187406]\n\tGetHandleVerifier [0x0x7ff732ce96ef+220159]\n\tGetHandleVerifier [0x0x7ff732ccfaf4+114692]\n\tGetHandleVerifier [0x0x7ff732ccfca9+115129]\n\tGetHandleVerifier [0x0x7ff732cb64d8+10728]\n\tBaseThreadInitThunk [0x0x7ff90e507374+20]\n\tRtlUserThreadStart [0x0x7ff91019cc91+33]","statusTrace":"self = <test_items.test_production.TestProductionPage object at 0x000001C8195A8550>, login_to_production = <selenium.webdriver.chrome.webdriver.WebDriver (session=\"ee9d4af0ed3271562ee955e162196be7\")>\n\n    @allure.story(\"过滤条件查询，设置包含条件查询成功\")\n    # @pytest.mark.run(order=1)\n    def test_production_select3(self, login_to_production):\n        driver = login_to_production  # WebDriver 实例\n        production = ProductionPage(driver)  # 用 driver 初始化 ProductionPage\n>       name = production.get_find_element_xpath(\n            '//div[@class=\"vxe-table--body-wrapper body--wrapper\"]/table[@class=\"vxe-table--body\"]//tr[2]//td[2]'\n        ).get_attribute('innerText')\n\nTests\\test_items\\test_production.py:866: \n_ _ _ _ _ _ _ _ _ _ _ _ _ _ _ _ _ _ _ _ _ _ _ _ _ _ _ _ _ _ _ _ _ _ _ _ _ _ _ _ _ _ _ _ _ _ _ _ _ _ _ _ _ _ _ _ _ _ _ _ _ _ _ _ _ _ _ _ _ _ _ _ _ _ _ _ _ _ _ _ _ _ _ _ _ _ _ _ _ _ _ _ _ _ _ _ _ _ _ _ _ _ _ _ _ _ _ _ _ _ _ _ _ _ _ _\nPages\\itemsPage\\production_page.py:47: in get_find_element_xpath\n    return self.find_element(By.XPATH, xpath)\nPages\\base_page.py:28: in find_element\n    return WebDriverWait(self.driver, wait_time).until(\n_ _ _ _ _ _ _ _ _ _ _ _ _ _ _ _ _ _ _ _ _ _ _ _ _ _ _ _ _ _ _ _ _ _ _ _ _ _ _ _ _ _ _ _ _ _ _ _ _ _ _ _ _ _ _ _ _ _ _ _ _ _ _ _ _ _ _ _ _ _ _ _ _ _ _ _ _ _ _ _ _ _ _ _ _ _ _ _ _ _ _ _ _ _ _ _ _ _ _ _ _ _ _ _ _ _ _ _ _ _ _ _ _ _ _ _\n\nself = <selenium.webdriver.support.wait.WebDriverWait (session=\"ee9d4af0ed3271562ee955e162196be7\")>, method = <function presence_of_element_located.<locals>._predicate at 0x000001C81A5608B0>, message = ''\n\n    def until(self, method: Callable[[D], Union[Literal[False], T]], message: str = \"\") -> T:\n        \"\"\"Wait until the method returns a value that is not False.\n    \n        Calls the method provided with the driver as an argument until the\n        return value does not evaluate to ``False``.\n    \n        Parameters:\n        -----------\n        method: callable(WebDriver)\n            - A callable object that takes a WebDriver instance as an argument.\n    \n        message: str\n            - Optional message for :exc:`TimeoutException`\n    \n        Return:\n        -------\n        object: T\n            - The result of the last call to `method`\n    \n        Raises:\n        -------\n        TimeoutException\n            - If 'method' does not return a truthy value within the WebDriverWait\n            object's timeout\n    \n        Example:\n        --------\n        >>> from selenium.webdriver.common.by import By\n        >>> from selenium.webdriver.support.ui import WebDriverWait\n        >>> from selenium.webdriver.support import expected_conditions as EC\n    \n        # Wait until an element is visible on the page\n        >>> wait = WebDriverWait(driver, 10)\n        >>> element = wait.until(EC.visibility_of_element_located((By.ID, \"exampleId\")))\n        >>> print(element.text)\n        \"\"\"\n        screen = None\n        stacktrace = None\n    \n        end_time = time.monotonic() + self._timeout\n        while True:\n            try:\n                value = method(self._driver)\n                if value:\n                    return value\n            except self._ignored_exceptions as exc:\n                screen = getattr(exc, \"screen\", None)\n                stacktrace = getattr(exc, \"stacktrace\", None)\n            if time.monotonic() > end_time:\n                break\n            time.sleep(self._poll)\n>       raise TimeoutException(message, screen, stacktrace)\nE       selenium.common.exceptions.TimeoutException: Message: \nE       Stacktrace:\nE       \tGetHandleVerifier [0x0x7ff732cc6f65+78965]\nE       \tGetHandleVerifier [0x0x7ff732cc6fc0+79056]\nE       \t(No symbol) [0x0x7ff732a59dda]\nE       \t(No symbol) [0x0x7ff732ab02ea]\nE       \t(No symbol) [0x0x7ff732ab059c]\nE       \t(No symbol) [0x0x7ff732b03f37]\nE       \t(No symbol) [0x0x7ff732ad86af]\nE       \t(No symbol) [0x0x7ff732b00dbe]\nE       \t(No symbol) [0x0x7ff732ad8443]\nE       \t(No symbol) [0x0x7ff732aa1311]\nE       \t(No symbol) [0x0x7ff732aa20a3]\nE       \tGetHandleVerifier [0x0x7ff732f7e26d+2926461]\nE       \tGetHandleVerifier [0x0x7ff732f78993+2903715]\nE       \tGetHandleVerifier [0x0x7ff732f96aed+3026941]\nE       \tGetHandleVerifier [0x0x7ff732ce16fe+187406]\nE       \tGetHandleVerifier [0x0x7ff732ce96ef+220159]\nE       \tGetHandleVerifier [0x0x7ff732ccfaf4+114692]\nE       \tGetHandleVerifier [0x0x7ff732ccfca9+115129]\nE       \tGetHandleVerifier [0x0x7ff732cb64d8+10728]\nE       \tBaseThreadInitThunk [0x0x7ff90e507374+20]\nE       \tRtlUserThreadStart [0x0x7ff91019cc91+33]\n\nmyenv\\lib\\site-packages\\selenium\\webdriver\\support\\wait.py:138: TimeoutException","flaky":false,"newFailed":false,"newBroken":false,"newPassed":false,"retriesCount":1,"retriesStatusChange":false,"beforeStages":[{"name":"login_to_production","time":{"start":1768314205499,"stop":1768314223525,"duration":18026},"status":"passed","steps":[],"attachments":[],"parameters":[],"stepsCount":0,"hasContent":false,"attachmentStep":false,"shouldDisplayMessage":false,"attachmentsCount":0}],"testStage":{"status":"broken","statusMessage":"selenium.common.exceptions.TimeoutException: Message: \nStacktrace:\n\tGetHandleVerifier [0x0x7ff732cc6f65+78965]\n\tGetHandleVerifier [0x0x7ff732cc6fc0+79056]\n\t(No symbol) [0x0x7ff732a59dda]\n\t(No symbol) [0x0x7ff732ab02ea]\n\t(No symbol) [0x0x7ff732ab059c]\n\t(No symbol) [0x0x7ff732b03f37]\n\t(No symbol) [0x0x7ff732ad86af]\n\t(No symbol) [0x0x7ff732b00dbe]\n\t(No symbol) [0x0x7ff732ad8443]\n\t(No symbol) [0x0x7ff732aa1311]\n\t(No symbol) [0x0x7ff732aa20a3]\n\tGetHandleVerifier [0x0x7ff732f7e26d+2926461]\n\tGetHandleVerifier [0x0x7ff732f78993+2903715]\n\tGetHandleVerifier [0x0x7ff732f96aed+3026941]\n\tGetHandleVerifier [0x0x7ff732ce16fe+187406]\n\tGetHandleVerifier [0x0x7ff732ce96ef+220159]\n\tGetHandleVerifier [0x0x7ff732ccfaf4+114692]\n\tGetHandleVerifier [0x0x7ff732ccfca9+115129]\n\tGetHandleVerifier [0x0x7ff732cb64d8+10728]\n\tBaseThreadInitThunk [0x0x7ff90e507374+20]\n\tRtlUserThreadStart [0x0x7ff91019cc91+33]","statusTrace":"self = <test_items.test_production.TestProductionPage object at 0x000001C8195A8550>, login_to_production = <selenium.webdriver.chrome.webdriver.WebDriver (session=\"ee9d4af0ed3271562ee955e162196be7\")>\n\n    @allure.story(\"过滤条件查询，设置包含条件查询成功\")\n    # @pytest.mark.run(order=1)\n    def test_production_select3(self, login_to_production):\n        driver = login_to_production  # WebDriver 实例\n        production = ProductionPage(driver)  # 用 driver 初始化 ProductionPage\n>       name = production.get_find_element_xpath(\n            '//div[@class=\"vxe-table--body-wrapper body--wrapper\"]/table[@class=\"vxe-table--body\"]//tr[2]//td[2]'\n        ).get_attribute('innerText')\n\nTests\\test_items\\test_production.py:866: \n_ _ _ _ _ _ _ _ _ _ _ _ _ _ _ _ _ _ _ _ _ _ _ _ _ _ _ _ _ _ _ _ _ _ _ _ _ _ _ _ _ _ _ _ _ _ _ _ _ _ _ _ _ _ _ _ _ _ _ _ _ _ _ _ _ _ _ _ _ _ _ _ _ _ _ _ _ _ _ _ _ _ _ _ _ _ _ _ _ _ _ _ _ _ _ _ _ _ _ _ _ _ _ _ _ _ _ _ _ _ _ _ _ _ _ _\nPages\\itemsPage\\production_page.py:47: in get_find_element_xpath\n    return self.find_element(By.XPATH, xpath)\nPages\\base_page.py:28: in find_element\n    return WebDriverWait(self.driver, wait_time).until(\n_ _ _ _ _ _ _ _ _ _ _ _ _ _ _ _ _ _ _ _ _ _ _ _ _ _ _ _ _ _ _ _ _ _ _ _ _ _ _ _ _ _ _ _ _ _ _ _ _ _ _ _ _ _ _ _ _ _ _ _ _ _ _ _ _ _ _ _ _ _ _ _ _ _ _ _ _ _ _ _ _ _ _ _ _ _ _ _ _ _ _ _ _ _ _ _ _ _ _ _ _ _ _ _ _ _ _ _ _ _ _ _ _ _ _ _\n\nself = <selenium.webdriver.support.wait.WebDriverWait (session=\"ee9d4af0ed3271562ee955e162196be7\")>, method = <function presence_of_element_located.<locals>._predicate at 0x000001C81A5608B0>, message = ''\n\n    def until(self, method: Callable[[D], Union[Literal[False], T]], message: str = \"\") -> T:\n        \"\"\"Wait until the method returns a value that is not False.\n    \n        Calls the method provided with the driver as an argument until the\n        return value does not evaluate to ``False``.\n    \n        Parameters:\n        -----------\n        method: callable(WebDriver)\n            - A callable object that takes a WebDriver instance as an argument.\n    \n        message: str\n            - Optional message for :exc:`TimeoutException`\n    \n        Return:\n        -------\n        object: T\n            - The result of the last call to `method`\n    \n        Raises:\n        -------\n        TimeoutException\n            - If 'method' does not return a truthy value within the WebDriverWait\n            object's timeout\n    \n        Example:\n        --------\n        >>> from selenium.webdriver.common.by import By\n        >>> from selenium.webdriver.support.ui import WebDriverWait\n        >>> from selenium.webdriver.support import expected_conditions as EC\n    \n        # Wait until an element is visible on the page\n        >>> wait = WebDriverWait(driver, 10)\n        >>> element = wait.until(EC.visibility_of_element_located((By.ID, \"exampleId\")))\n        >>> print(element.text)\n        \"\"\"\n        screen = None\n        stacktrace = None\n    \n        end_time = time.monotonic() + self._timeout\n        while True:\n            try:\n                value = method(self._driver)\n                if value:\n                    return value\n            except self._ignored_exceptions as exc:\n                screen = getattr(exc, \"screen\", None)\n                stacktrace = getattr(exc, \"stacktrace\", None)\n            if time.monotonic() > end_time:\n                break\n            time.sleep(self._poll)\n>       raise TimeoutException(message, screen, stacktrace)\nE       selenium.common.exceptions.TimeoutException: Message: \nE       Stacktrace:\nE       \tGetHandleVerifier [0x0x7ff732cc6f65+78965]\nE       \tGetHandleVerifier [0x0x7ff732cc6fc0+79056]\nE       \t(No symbol) [0x0x7ff732a59dda]\nE       \t(No symbol) [0x0x7ff732ab02ea]\nE       \t(No symbol) [0x0x7ff732ab059c]\nE       \t(No symbol) [0x0x7ff732b03f37]\nE       \t(No symbol) [0x0x7ff732ad86af]\nE       \t(No symbol) [0x0x7ff732b00dbe]\nE       \t(No symbol) [0x0x7ff732ad8443]\nE       \t(No symbol) [0x0x7ff732aa1311]\nE       \t(No symbol) [0x0x7ff732aa20a3]\nE       \tGetHandleVerifier [0x0x7ff732f7e26d+2926461]\nE       \tGetHandleVerifier [0x0x7ff732f78993+2903715]\nE       \tGetHandleVerifier [0x0x7ff732f96aed+3026941]\nE       \tGetHandleVerifier [0x0x7ff732ce16fe+187406]\nE       \tGetHandleVerifier [0x0x7ff732ce96ef+220159]\nE       \tGetHandleVerifier [0x0x7ff732ccfaf4+114692]\nE       \tGetHandleVerifier [0x0x7ff732ccfca9+115129]\nE       \tGetHandleVerifier [0x0x7ff732cb64d8+10728]\nE       \tBaseThreadInitThunk [0x0x7ff90e507374+20]\nE       \tRtlUserThreadStart [0x0x7ff91019cc91+33]\n\nmyenv\\lib\\site-packages\\selenium\\webdriver\\support\\wait.py:138: TimeoutException","steps":[],"attachments":[{"uid":"324560274771176e","name":"test_production_select3_20260113_223206","source":"324560274771176e.png","type":"image/png","size":109726},{"uid":"f4e8832b73e1af28","name":"test_production_select3_20260113_223207","source":"f4e8832b73e1af28.png","type":"image/png","size":109427},{"uid":"5c212ed7ad751211","name":"test_production_select3_20260113_223207","source":"5c212ed7ad751211.png","type":"image/png","size":92375},{"uid":"161f33d7dd11ed41","name":"log","source":"161f33d7dd11ed41.txt","type":"text/plain","size":699}],"parameters":[],"stepsCount":0,"hasContent":true,"attachmentStep":false,"shouldDisplayMessage":true,"attachmentsCount":4},"afterStages":[{"name":"login_to_production::0","time":{"start":1768314935689,"stop":1768314937892,"duration":2203},"status":"passed","steps":[],"attachments":[],"parameters":[],"stepsCount":0,"hasContent":false,"attachmentStep":false,"shouldDisplayMessage":false,"attachmentsCount":0}],"labels":[{"name":"story","value":"过滤条件查询，设置包含条件查询成功"},{"name":"feature","value":"生产报工测试用例"},{"name":"parentSuite","value":"Tests.test_items"},{"name":"suite","value":"test_production"},{"name":"subSuite","value":"TestProductionPage"},{"name":"host","value":"WIN-20240820MJV"},{"name":"thread","value":"33200-MainThread"},{"name":"framework","value":"pytest"},{"name":"language","value":"cpython3"},{"name":"package","value":"Tests.test_items.test_production"},{"name":"resultFormat","value":"allure2"}],"parameters":[],"links":[],"hidden":false,"retry":false,"extra":{"severity":"normal","retries":[{"uid":"89f1658f88807d84","status":"broken","statusDetails":"selenium.common.exceptions.TimeoutException: Message: \nStacktrace:\n\tGetHandleVerifier [0x0x7ff732cc6f65+78965]\n\tGetHandleVerifier [0x0x7ff732cc6fc0+79056]\n\t(No symbol) [0x0x7ff732a59dda]\n\t(No symbol) [0x0x7ff732ab02ea]\n\t(No symbol) [0x0x7ff732ab059c]\n\t(No symbol) [0x0x7ff732b03f37]\n\t(No symbol) [0x0x7ff732ad86af]\n\t(No symbol) [0x0x7ff732b00dbe]\n\t(No symbol) [0x0x7ff732ad8443]\n\t(No symbol) [0x0x7ff732aa1311]\n\t(No symbol) [0x0x7ff732aa20a3]\n\tGetHandleVerifier [0x0x7ff732f7e26d+2926461]\n\tGetHandleVerifier [0x0x7ff732f78993+2903715]\n\tGetHandleVerifier [0x0x7ff732f96aed+3026941]\n\tGetHandleVerifier [0x0x7ff732ce16fe+187406]\n\tGetHandleVerifier [0x0x7ff732ce96ef+220159]\n\tGetHandleVerifier [0x0x7ff732ccfaf4+114692]\n\tGetHandleVerifier [0x0x7ff732ccfca9+115129]\n\tGetHandleVerifier [0x0x7ff732cb64d8+10728]\n\tBaseThreadInitThunk [0x0x7ff90e507374+20]\n\tRtlUserThreadStart [0x0x7ff91019cc91+33]","time":{"start":1768314706400,"stop":1768314716440,"duration":10040}}],"categories":[{"name":"Test defects","matchedStatuses":[]}],"tags":[]},"source":"6a40bda1d86e35d5.json","parameterValues":[]}