{"uid":"6b634bbaed8519b5","name":"test_language_addsuccess","fullName":"Tests.test_system.test_language.TestSLanguagePage#test_language_addsuccess","historyId":"0ac2f6bf142c5acc1b1aa77acb270cf7","time":{"start":1769549811567,"stop":1769549937023,"duration":125456},"status":"broken","statusMessage":"selenium.common.exceptions.TimeoutException: Message: \nStacktrace:\n\tGetHandleVerifier [0x0x7ff6b3ec6f65+78965]\n\tGetHandleVerifier [0x0x7ff6b3ec6fc0+79056]\n\t(No symbol) [0x0x7ff6b3c59dda]\n\t(No symbol) [0x0x7ff6b3cb02ea]\n\t(No symbol) [0x0x7ff6b3cb059c]\n\t(No symbol) [0x0x7ff6b3d03f37]\n\t(No symbol) [0x0x7ff6b3cd86af]\n\t(No symbol) [0x0x7ff6b3d00dbe]\n\t(No symbol) [0x0x7ff6b3cd8443]\n\t(No symbol) [0x0x7ff6b3ca1311]\n\t(No symbol) [0x0x7ff6b3ca20a3]\n\tGetHandleVerifier [0x0x7ff6b417e26d+2926461]\n\tGetHandleVerifier [0x0x7ff6b4178993+2903715]\n\tGetHandleVerifier [0x0x7ff6b4196aed+3026941]\n\tGetHandleVerifier [0x0x7ff6b3ee16fe+187406]\n\tGetHandleVerifier [0x0x7ff6b3ee96ef+220159]\n\tGetHandleVerifier [0x0x7ff6b3ecfaf4+114692]\n\tGetHandleVerifier [0x0x7ff6b3ecfca9+115129]\n\tGetHandleVerifier [0x0x7ff6b3eb64d8+10728]\n\tBaseThreadInitThunk [0x0x7ffa14ef7374+20]\n\tRtlUserThreadStart [0x0x7ffa16b1cc91+33]","statusTrace":"self = <test_system.test_language.TestSLanguagePage object at 0x00000203BB6615A0>, login_to_language = <selenium.webdriver.chrome.webdriver.WebDriver (session=\"4374cc0313c9d37bb5267a588b934c77\")>\n\n    @allure.story(\"添加多语言成功\")\n    # @pytest.mark.run(order=1)\n    def test_language_addsuccess(self, login_to_language):\n        driver = login_to_language  # WebDriver 实例\n        language = ExpressionPage(driver)  # 用 driver 初始化 ExpressionPage\n        add = AddsPages(driver)\n        name = 'Akey1'\n        language.click_all_button(\"新增\")\n        xpath_list = [\n            '//div[@id=\"ngv2ptwf-g6i7\"]//input',\n            '//div[@id=\"407yfa73-d3cx\"]//input',\n            '//div[@id=\"vr0fnkfs-s95j\"]//input',\n            '//div[@id=\"fhxti76o-86e4\"]//input',\n        ]\n        add.batch_modify_input(xpath_list[:4], name)\n        language.click_confirm()\n>       message = language.get_find_message()\n\nTests\\test_system\\test_language.py:144: \n_ _ _ _ _ _ _ _ _ _ _ _ _ _ _ _ _ _ _ _ _ _ _ _ _ _ _ _ _ _ _ _ _ _ _ _ _ _ _ _ _ _ _ _ _ _ _ _ _ _ _ _ _ _ _ _ _ _ _ _ _ _ _ _ _ _ _ _ _ _ _ _ _ _ _ _ _ _ _ _ _ _ _ _ _ _ _ _ _ _ _ _ _ _ _ _ _ _ _ _ _ _ _ _ _ _ _ _ _ _ _ _ _ _ _ _\nPages\\systemPage\\expression_page.py:35: in get_find_message\n    message = WebDriverWait(self.driver, 120).until(\n_ _ _ _ _ _ _ _ _ _ _ _ _ _ _ _ _ _ _ _ _ _ _ _ _ _ _ _ _ _ _ _ _ _ _ _ _ _ _ _ _ _ _ _ _ _ _ _ _ _ _ _ _ _ _ _ _ _ _ _ _ _ _ _ _ _ _ _ _ _ _ _ _ _ _ _ _ _ _ _ _ _ _ _ _ _ _ _ _ _ _ _ _ _ _ _ _ _ _ _ _ _ _ _ _ _ _ _ _ _ _ _ _ _ _ _\n\nself = <selenium.webdriver.support.wait.WebDriverWait (session=\"4374cc0313c9d37bb5267a588b934c77\")>, method = <function visibility_of_element_located.<locals>._predicate at 0x00000203BD634B80>, message = ''\n\n    def until(self, method: Callable[[D], Union[Literal[False], T]], message: str = \"\") -> T:\n        \"\"\"Wait until the method returns a value that is not False.\n    \n        Calls the method provided with the driver as an argument until the\n        return value does not evaluate to ``False``.\n    \n        Parameters:\n        -----------\n        method: callable(WebDriver)\n            - A callable object that takes a WebDriver instance as an argument.\n    \n        message: str\n            - Optional message for :exc:`TimeoutException`\n    \n        Return:\n        -------\n        object: T\n            - The result of the last call to `method`\n    \n        Raises:\n        -------\n        TimeoutException\n            - If 'method' does not return a truthy value within the WebDriverWait\n            object's timeout\n    \n        Example:\n        --------\n        >>> from selenium.webdriver.common.by import By\n        >>> from selenium.webdriver.support.ui import WebDriverWait\n        >>> from selenium.webdriver.support import expected_conditions as EC\n    \n        # Wait until an element is visible on the page\n        >>> wait = WebDriverWait(driver, 10)\n        >>> element = wait.until(EC.visibility_of_element_located((By.ID, \"exampleId\")))\n        >>> print(element.text)\n        \"\"\"\n        screen = None\n        stacktrace = None\n    \n        end_time = time.monotonic() + self._timeout\n        while True:\n            try:\n                value = method(self._driver)\n                if value:\n                    return value\n            except self._ignored_exceptions as exc:\n                screen = getattr(exc, \"screen\", None)\n                stacktrace = getattr(exc, \"stacktrace\", None)\n            if time.monotonic() > end_time:\n                break\n            time.sleep(self._poll)\n>       raise TimeoutException(message, screen, stacktrace)\nE       selenium.common.exceptions.TimeoutException: Message: \nE       Stacktrace:\nE       \tGetHandleVerifier [0x0x7ff6b3ec6f65+78965]\nE       \tGetHandleVerifier [0x0x7ff6b3ec6fc0+79056]\nE       \t(No symbol) [0x0x7ff6b3c59dda]\nE       \t(No symbol) [0x0x7ff6b3cb02ea]\nE       \t(No symbol) [0x0x7ff6b3cb059c]\nE       \t(No symbol) [0x0x7ff6b3d03f37]\nE       \t(No symbol) [0x0x7ff6b3cd86af]\nE       \t(No symbol) [0x0x7ff6b3d00dbe]\nE       \t(No symbol) [0x0x7ff6b3cd8443]\nE       \t(No symbol) [0x0x7ff6b3ca1311]\nE       \t(No symbol) [0x0x7ff6b3ca20a3]\nE       \tGetHandleVerifier [0x0x7ff6b417e26d+2926461]\nE       \tGetHandleVerifier [0x0x7ff6b4178993+2903715]\nE       \tGetHandleVerifier [0x0x7ff6b4196aed+3026941]\nE       \tGetHandleVerifier [0x0x7ff6b3ee16fe+187406]\nE       \tGetHandleVerifier [0x0x7ff6b3ee96ef+220159]\nE       \tGetHandleVerifier [0x0x7ff6b3ecfaf4+114692]\nE       \tGetHandleVerifier [0x0x7ff6b3ecfca9+115129]\nE       \tGetHandleVerifier [0x0x7ff6b3eb64d8+10728]\nE       \tBaseThreadInitThunk [0x0x7ffa14ef7374+20]\nE       \tRtlUserThreadStart [0x0x7ffa16b1cc91+33]\n\nmyenv\\lib\\site-packages\\selenium\\webdriver\\support\\wait.py:138: TimeoutException","flaky":false,"newFailed":false,"newBroken":false,"newPassed":false,"retriesCount":1,"retriesStatusChange":false,"beforeStages":[{"name":"login_to_language","time":{"start":1769549637189,"stop":1769549650791,"duration":13602},"status":"passed","steps":[],"attachments":[],"parameters":[],"hasContent":false,"attachmentStep":false,"stepsCount":0,"attachmentsCount":0,"shouldDisplayMessage":false}],"testStage":{"status":"broken","statusMessage":"selenium.common.exceptions.TimeoutException: Message: \nStacktrace:\n\tGetHandleVerifier [0x0x7ff6b3ec6f65+78965]\n\tGetHandleVerifier [0x0x7ff6b3ec6fc0+79056]\n\t(No symbol) [0x0x7ff6b3c59dda]\n\t(No symbol) [0x0x7ff6b3cb02ea]\n\t(No symbol) [0x0x7ff6b3cb059c]\n\t(No symbol) [0x0x7ff6b3d03f37]\n\t(No symbol) [0x0x7ff6b3cd86af]\n\t(No symbol) [0x0x7ff6b3d00dbe]\n\t(No symbol) [0x0x7ff6b3cd8443]\n\t(No symbol) [0x0x7ff6b3ca1311]\n\t(No symbol) [0x0x7ff6b3ca20a3]\n\tGetHandleVerifier [0x0x7ff6b417e26d+2926461]\n\tGetHandleVerifier [0x0x7ff6b4178993+2903715]\n\tGetHandleVerifier [0x0x7ff6b4196aed+3026941]\n\tGetHandleVerifier [0x0x7ff6b3ee16fe+187406]\n\tGetHandleVerifier [0x0x7ff6b3ee96ef+220159]\n\tGetHandleVerifier [0x0x7ff6b3ecfaf4+114692]\n\tGetHandleVerifier [0x0x7ff6b3ecfca9+115129]\n\tGetHandleVerifier [0x0x7ff6b3eb64d8+10728]\n\tBaseThreadInitThunk [0x0x7ffa14ef7374+20]\n\tRtlUserThreadStart [0x0x7ffa16b1cc91+33]","statusTrace":"self = <test_system.test_language.TestSLanguagePage object at 0x00000203BB6615A0>, login_to_language = <selenium.webdriver.chrome.webdriver.WebDriver (session=\"4374cc0313c9d37bb5267a588b934c77\")>\n\n    @allure.story(\"添加多语言成功\")\n    # @pytest.mark.run(order=1)\n    def test_language_addsuccess(self, login_to_language):\n        driver = login_to_language  # WebDriver 实例\n        language = ExpressionPage(driver)  # 用 driver 初始化 ExpressionPage\n        add = AddsPages(driver)\n        name = 'Akey1'\n        language.click_all_button(\"新增\")\n        xpath_list = [\n            '//div[@id=\"ngv2ptwf-g6i7\"]//input',\n            '//div[@id=\"407yfa73-d3cx\"]//input',\n            '//div[@id=\"vr0fnkfs-s95j\"]//input',\n            '//div[@id=\"fhxti76o-86e4\"]//input',\n        ]\n        add.batch_modify_input(xpath_list[:4], name)\n        language.click_confirm()\n>       message = language.get_find_message()\n\nTests\\test_system\\test_language.py:144: \n_ _ _ _ _ _ _ _ _ _ _ _ _ _ _ _ _ _ _ _ _ _ _ _ _ _ _ _ _ _ _ _ _ _ _ _ _ _ _ _ _ _ _ _ _ _ _ _ _ _ _ _ _ _ _ _ _ _ _ _ _ _ _ _ _ _ _ _ _ _ _ _ _ _ _ _ _ _ _ _ _ _ _ _ _ _ _ _ _ _ _ _ _ _ _ _ _ _ _ _ _ _ _ _ _ _ _ _ _ _ _ _ _ _ _ _\nPages\\systemPage\\expression_page.py:35: in get_find_message\n    message = WebDriverWait(self.driver, 120).until(\n_ _ _ _ _ _ _ _ _ _ _ _ _ _ _ _ _ _ _ _ _ _ _ _ _ _ _ _ _ _ _ _ _ _ _ _ _ _ _ _ _ _ _ _ _ _ _ _ _ _ _ _ _ _ _ _ _ _ _ _ _ _ _ _ _ _ _ _ _ _ _ _ _ _ _ _ _ _ _ _ _ _ _ _ _ _ _ _ _ _ _ _ _ _ _ _ _ _ _ _ _ _ _ _ _ _ _ _ _ _ _ _ _ _ _ _\n\nself = <selenium.webdriver.support.wait.WebDriverWait (session=\"4374cc0313c9d37bb5267a588b934c77\")>, method = <function visibility_of_element_located.<locals>._predicate at 0x00000203BD634B80>, message = ''\n\n    def until(self, method: Callable[[D], Union[Literal[False], T]], message: str = \"\") -> T:\n        \"\"\"Wait until the method returns a value that is not False.\n    \n        Calls the method provided with the driver as an argument until the\n        return value does not evaluate to ``False``.\n    \n        Parameters:\n        -----------\n        method: callable(WebDriver)\n            - A callable object that takes a WebDriver instance as an argument.\n    \n        message: str\n            - Optional message for :exc:`TimeoutException`\n    \n        Return:\n        -------\n        object: T\n            - The result of the last call to `method`\n    \n        Raises:\n        -------\n        TimeoutException\n            - If 'method' does not return a truthy value within the WebDriverWait\n            object's timeout\n    \n        Example:\n        --------\n        >>> from selenium.webdriver.common.by import By\n        >>> from selenium.webdriver.support.ui import WebDriverWait\n        >>> from selenium.webdriver.support import expected_conditions as EC\n    \n        # Wait until an element is visible on the page\n        >>> wait = WebDriverWait(driver, 10)\n        >>> element = wait.until(EC.visibility_of_element_located((By.ID, \"exampleId\")))\n        >>> print(element.text)\n        \"\"\"\n        screen = None\n        stacktrace = None\n    \n        end_time = time.monotonic() + self._timeout\n        while True:\n            try:\n                value = method(self._driver)\n                if value:\n                    return value\n            except self._ignored_exceptions as exc:\n                screen = getattr(exc, \"screen\", None)\n                stacktrace = getattr(exc, \"stacktrace\", None)\n            if time.monotonic() > end_time:\n                break\n            time.sleep(self._poll)\n>       raise TimeoutException(message, screen, stacktrace)\nE       selenium.common.exceptions.TimeoutException: Message: \nE       Stacktrace:\nE       \tGetHandleVerifier [0x0x7ff6b3ec6f65+78965]\nE       \tGetHandleVerifier [0x0x7ff6b3ec6fc0+79056]\nE       \t(No symbol) [0x0x7ff6b3c59dda]\nE       \t(No symbol) [0x0x7ff6b3cb02ea]\nE       \t(No symbol) [0x0x7ff6b3cb059c]\nE       \t(No symbol) [0x0x7ff6b3d03f37]\nE       \t(No symbol) [0x0x7ff6b3cd86af]\nE       \t(No symbol) [0x0x7ff6b3d00dbe]\nE       \t(No symbol) [0x0x7ff6b3cd8443]\nE       \t(No symbol) [0x0x7ff6b3ca1311]\nE       \t(No symbol) [0x0x7ff6b3ca20a3]\nE       \tGetHandleVerifier [0x0x7ff6b417e26d+2926461]\nE       \tGetHandleVerifier [0x0x7ff6b4178993+2903715]\nE       \tGetHandleVerifier [0x0x7ff6b4196aed+3026941]\nE       \tGetHandleVerifier [0x0x7ff6b3ee16fe+187406]\nE       \tGetHandleVerifier [0x0x7ff6b3ee96ef+220159]\nE       \tGetHandleVerifier [0x0x7ff6b3ecfaf4+114692]\nE       \tGetHandleVerifier [0x0x7ff6b3ecfca9+115129]\nE       \tGetHandleVerifier [0x0x7ff6b3eb64d8+10728]\nE       \tBaseThreadInitThunk [0x0x7ffa14ef7374+20]\nE       \tRtlUserThreadStart [0x0x7ffa16b1cc91+33]\n\nmyenv\\lib\\site-packages\\selenium\\webdriver\\support\\wait.py:138: TimeoutException","steps":[],"attachments":[{"uid":"ee2ab470c1bdd0f2","name":"test_language_addsuccess_20260128_053857","source":"ee2ab470c1bdd0f2.png","type":"image/png","size":106101},{"uid":"873e51706340f584","name":"test_language_addsuccess_20260128_053857","source":"873e51706340f584.png","type":"image/png","size":105968},{"uid":"e225adb37d366700","name":"test_language_addsuccess_20260128_053857","source":"e225adb37d366700.png","type":"image/png","size":8024},{"uid":"fbf94c5e025b9361","name":"test_language_addsuccess_20260128_053857","source":"fbf94c5e025b9361.png","type":"image/png","size":25802},{"uid":"1ad9c2a1fd1f6a1a","name":"test_language_addsuccess_20260128_053857","source":"1ad9c2a1fd1f6a1a.png","type":"image/png","size":25802},{"uid":"e04543938cc2aa36","name":"test_language_addsuccess_20260128_053857","source":"e04543938cc2aa36.png","type":"image/png","size":19002},{"uid":"a40f7347480fdffc","name":"test_language_addsuccess_20260128_053857","source":"a40f7347480fdffc.png","type":"image/png","size":25802},{"uid":"9a001b3fb18834e1","name":"test_language_addsuccess_20260128_053857","source":"9a001b3fb18834e1.png","type":"image/png","size":19002},{"uid":"572bbb867509b9e9","name":"test_language_addsuccess_20260128_053857","source":"572bbb867509b9e9.png","type":"image/png","size":25802},{"uid":"d0fa211160f5075d","name":"test_language_addsuccess_20260128_053857","source":"d0fa211160f5075d.png","type":"image/png","size":25802},{"uid":"649225d778fd6add","name":"test_language_addsuccess_20260128_053858","source":"649225d778fd6add.png","type":"image/png","size":19002},{"uid":"872d97d1d7193976","name":"test_language_addsuccess_20260128_053858","source":"872d97d1d7193976.png","type":"image/png","size":25802},{"uid":"d04d10bda564f919","name":"test_language_addsuccess_20260128_053858","source":"d04d10bda564f919.png","type":"image/png","size":107149},{"uid":"6ee7057f1812c5b","name":"log","source":"6ee7057f1812c5b.txt","type":"text/plain","size":1059}],"parameters":[],"hasContent":true,"attachmentStep":false,"stepsCount":0,"attachmentsCount":14,"shouldDisplayMessage":true},"afterStages":[{"name":"login_to_language::0","time":{"start":1769550406500,"stop":1769550408749,"duration":2249},"status":"passed","steps":[],"attachments":[],"parameters":[],"hasContent":false,"attachmentStep":false,"stepsCount":0,"attachmentsCount":0,"shouldDisplayMessage":false}],"labels":[{"name":"feature","value":"多语言资源页用例"},{"name":"story","value":"添加多语言成功"},{"name":"parentSuite","value":"Tests.test_system"},{"name":"suite","value":"test_language"},{"name":"subSuite","value":"TestSLanguagePage"},{"name":"host","value":"WIN-20240820MJV"},{"name":"thread","value":"11452-MainThread"},{"name":"framework","value":"pytest"},{"name":"language","value":"cpython3"},{"name":"package","value":"Tests.test_system.test_language"},{"name":"resultFormat","value":"allure2"}],"parameters":[],"links":[],"hidden":false,"retry":false,"extra":{"severity":"normal","retries":[{"uid":"c5f460256a6dad1","status":"broken","statusDetails":"selenium.common.exceptions.TimeoutException: Message: \nStacktrace:\n\tGetHandleVerifier [0x0x7ff6b3ec6f65+78965]\n\tGetHandleVerifier [0x0x7ff6b3ec6fc0+79056]\n\t(No symbol) [0x0x7ff6b3c59dda]\n\t(No symbol) [0x0x7ff6b3cb02ea]\n\t(No symbol) [0x0x7ff6b3cb059c]\n\t(No symbol) [0x0x7ff6b3d03f37]\n\t(No symbol) [0x0x7ff6b3cd86af]\n\t(No symbol) [0x0x7ff6b3d00dbe]\n\t(No symbol) [0x0x7ff6b3cd8443]\n\t(No symbol) [0x0x7ff6b3ca1311]\n\t(No symbol) [0x0x7ff6b3ca20a3]\n\tGetHandleVerifier [0x0x7ff6b417e26d+2926461]\n\tGetHandleVerifier [0x0x7ff6b4178993+2903715]\n\tGetHandleVerifier [0x0x7ff6b4196aed+3026941]\n\tGetHandleVerifier [0x0x7ff6b3ee16fe+187406]\n\tGetHandleVerifier [0x0x7ff6b3ee96ef+220159]\n\tGetHandleVerifier [0x0x7ff6b3ecfaf4+114692]\n\tGetHandleVerifier [0x0x7ff6b3ecfca9+115129]\n\tGetHandleVerifier [0x0x7ff6b3eb64d8+10728]\n\tBaseThreadInitThunk [0x0x7ffa14ef7374+20]\n\tRtlUserThreadStart [0x0x7ffa16b1cc91+33]","time":{"start":1769549686862,"stop":1769549810317,"duration":123455}}],"categories":[{"name":"Test defects","matchedStatuses":[]}],"tags":[]},"source":"6b634bbaed8519b5.json","parameterValues":[]}