{"uid":"726f2b0ff0d91094","name":"test_role_select4","fullName":"Tests.test_system.test_role.TestRolePage#test_role_select4","historyId":"3ae1054d1d78f865c7613285e8536641","time":{"start":1767726426708,"stop":1767726431817,"duration":5109},"status":"failed","statusMessage":"AssertionError: assert False\n +  where False = all(<generator object TestRolePage.test_role_select4.<locals>.<genexpr> at 0x0000019AB11EF300>)","statusTrace":"self = <test_system.test_role.TestRolePage object at 0x0000019AAFB8B490>, login_to_role = <selenium.webdriver.chrome.webdriver.WebDriver (session=\"dd3d6dec3a6345376a0b5fd8826255ac\")>\n\n    @allure.story(\"过滤条件查询，设置符合开头查询成功\")\n    # @pytest.mark.run(order=1)\n    def test_role_select4(self, login_to_role):\n        driver = login_to_role  # WebDriver 实例\n        role = RolePage(driver)  # 用 driver 初始化 RolePage\n        name = \"1测试\"\n        role.click_button('//div[p[text()=\"角色代码\"]]/following-sibling::div//i')\n        role.hover(\"符合开头\")\n        sleep(1)\n        role.select_input(name)\n        sleep(1)\n        eles = role.finds_elements(By.XPATH, '//table[@class=\"vxe-table--body\"]//tr//td[2]')\n        sleep(1)\n        list_ = [ele.text for ele in eles]\n>       assert all(str(item).startswith(name) for item in list_)\nE       assert False\nE        +  where False = all(<generator object TestRolePage.test_role_select4.<locals>.<genexpr> at 0x0000019AB11EF300>)\n\nTests\\test_system\\test_role.py:522: AssertionError","flaky":false,"newFailed":false,"newBroken":false,"newPassed":false,"retriesCount":0,"retriesStatusChange":false,"beforeStages":[{"name":"login_to_role","time":{"start":1767725910093,"stop":1767725922543,"duration":12450},"status":"passed","steps":[],"attachments":[],"parameters":[],"stepsCount":0,"hasContent":false,"attachmentStep":false,"attachmentsCount":0,"shouldDisplayMessage":false}],"testStage":{"status":"failed","statusMessage":"AssertionError: assert False\n +  where False = all(<generator object TestRolePage.test_role_select4.<locals>.<genexpr> at 0x0000019AB11EF300>)","statusTrace":"self = <test_system.test_role.TestRolePage object at 0x0000019AAFB8B490>, login_to_role = <selenium.webdriver.chrome.webdriver.WebDriver (session=\"dd3d6dec3a6345376a0b5fd8826255ac\")>\n\n    @allure.story(\"过滤条件查询，设置符合开头查询成功\")\n    # @pytest.mark.run(order=1)\n    def test_role_select4(self, login_to_role):\n        driver = login_to_role  # WebDriver 实例\n        role = RolePage(driver)  # 用 driver 初始化 RolePage\n        name = \"1测试\"\n        role.click_button('//div[p[text()=\"角色代码\"]]/following-sibling::div//i')\n        role.hover(\"符合开头\")\n        sleep(1)\n        role.select_input(name)\n        sleep(1)\n        eles = role.finds_elements(By.XPATH, '//table[@class=\"vxe-table--body\"]//tr//td[2]')\n        sleep(1)\n        list_ = [ele.text for ele in eles]\n>       assert all(str(item).startswith(name) for item in list_)\nE       assert False\nE        +  where False = all(<generator object TestRolePage.test_role_select4.<locals>.<genexpr> at 0x0000019AB11EF300>)\n\nTests\\test_system\\test_role.py:522: AssertionError","steps":[],"attachments":[{"uid":"fef72590d0ba5c1a","name":"test_role_select4_20260107_030711","source":"fef72590d0ba5c1a.png","type":"image/png","size":108142},{"uid":"cc2382b0dc1c0d9","name":"log","source":"cc2382b0dc1c0d9.txt","type":"text/plain","size":512}],"parameters":[],"stepsCount":0,"hasContent":true,"attachmentStep":false,"attachmentsCount":2,"shouldDisplayMessage":true},"afterStages":[{"name":"login_to_role::0","time":{"start":1767726510693,"stop":1767726512908,"duration":2215},"status":"passed","steps":[],"attachments":[],"parameters":[],"stepsCount":0,"hasContent":false,"attachmentStep":false,"attachmentsCount":0,"shouldDisplayMessage":false}],"labels":[{"name":"feature","value":"角色管理页用例"},{"name":"story","value":"过滤条件查询，设置符合开头查询成功"},{"name":"parentSuite","value":"Tests.test_system"},{"name":"suite","value":"test_role"},{"name":"subSuite","value":"TestRolePage"},{"name":"host","value":"WIN-20240820MJV"},{"name":"thread","value":"12544-MainThread"},{"name":"framework","value":"pytest"},{"name":"language","value":"cpython3"},{"name":"package","value":"Tests.test_system.test_role"},{"name":"resultFormat","value":"allure2"}],"parameters":[],"links":[],"hidden":true,"retry":true,"extra":{"categories":[],"tags":[]},"source":"726f2b0ff0d91094.json","parameterValues":[]}