{"uid":"731b8c09d824878e","name":"test_requirementdetails_select1","fullName":"Tests.test_items.test_worktasks.TestWorkTasksPage#test_requirementdetails_select1","historyId":"13c914e009e1613f28418d34400ca63e","time":{"start":1764001180689,"stop":1764001205992,"duration":25303},"status":"broken","statusMessage":"selenium.common.exceptions.TimeoutException: Message: \nStacktrace:\n\tGetHandleVerifier [0x0x7ff713cb6f65+78965]\n\tGetHandleVerifier [0x0x7ff713cb6fc0+79056]\n\t(No symbol) [0x0x7ff713a49dda]\n\t(No symbol) [0x0x7ff713aa02ea]\n\t(No symbol) [0x0x7ff713aa059c]\n\t(No symbol) [0x0x7ff713af3f37]\n\t(No symbol) [0x0x7ff713ac86af]\n\t(No symbol) [0x0x7ff713af0dbe]\n\t(No symbol) [0x0x7ff713ac8443]\n\t(No symbol) [0x0x7ff713a91311]\n\t(No symbol) [0x0x7ff713a920a3]\n\tGetHandleVerifier [0x0x7ff713f6e26d+2926461]\n\tGetHandleVerifier [0x0x7ff713f68993+2903715]\n\tGetHandleVerifier [0x0x7ff713f86aed+3026941]\n\tGetHandleVerifier [0x0x7ff713cd16fe+187406]\n\tGetHandleVerifier [0x0x7ff713cd96ef+220159]\n\tGetHandleVerifier [0x0x7ff713cbfaf4+114692]\n\tGetHandleVerifier [0x0x7ff713cbfca9+115129]\n\tGetHandleVerifier [0x0x7ff713ca64d8+10728]\n\tBaseThreadInitThunk [0x0x7ffd261d7374+20]\n\tRtlUserThreadStart [0x0x7ffd2797cc91+33]","statusTrace":"self = <test_items.test_worktasks.TestWorkTasksPage object at 0x000001E5C11AF9A0>, login_to_worktasks = <selenium.webdriver.chrome.webdriver.WebDriver (session=\"72cb8752e4be9e57771f6a896f2c780c\")>\n\n    @allure.story(\"工作需求明细页面查询订单编号成功\")\n    # @pytest.mark.run(order=1)\n    def test_requirementdetails_select1(self, login_to_worktasks):\n        driver = login_to_worktasks  # WebDriver 实例\n        word = WorkTasksPage(driver)  # 用 driver 初始化 WorkTasksPage\n        word.click_button('(//span[text()=\"工作需求明细\"])[1]')\n        word.wait_for_loading_to_disappear()\n        name = word.get_find_element_xpath('//table[@class=\"vxe-table--body\"]//tr[2]/td[4]').text\n        word.select_data(code='订单编号', name=name)\n>       wordcode = word.get_find_element_xpath(\n            '(//table[contains(@class, \"vxe-table--body\")])[2]//tr[@class=\"vxe-body--row\"][1]/td[4]'\n        ).text\n\nTests\\test_items\\test_worktasks.py:210: \n_ _ _ _ _ _ _ _ _ _ _ _ _ _ _ _ _ _ _ _ _ _ _ _ _ _ _ _ _ _ _ _ _ _ _ _ _ _ _ _ _ _ _ _ _ _ _ _ _ _ _ _ _ _ _ _ _ _ _ _ _ _ _ _ _ _ _ _ _ _ _ _ _ _ _ _ _ _ _ _ _ _ _ _ _ _ _ _ _ _ _ _ _ _ _ _ _ _ _ _ _ _ _ _ _ _ _ _ _ _ _ _ _ _ _ _\nPages\\itemsPage\\worktasks_page.py:29: in get_find_element_xpath\n    return self.find_element(By.XPATH, xpath)\nPages\\base_page.py:28: in find_element\n    return WebDriverWait(self.driver, wait_time).until(\n_ _ _ _ _ _ _ _ _ _ _ _ _ _ _ _ _ _ _ _ _ _ _ _ _ _ _ _ _ _ _ _ _ _ _ _ _ _ _ _ _ _ _ _ _ _ _ _ _ _ _ _ _ _ _ _ _ _ _ _ _ _ _ _ _ _ _ _ _ _ _ _ _ _ _ _ _ _ _ _ _ _ _ _ _ _ _ _ _ _ _ _ _ _ _ _ _ _ _ _ _ _ _ _ _ _ _ _ _ _ _ _ _ _ _ _\n\nself = <selenium.webdriver.support.wait.WebDriverWait (session=\"72cb8752e4be9e57771f6a896f2c780c\")>, method = <function presence_of_element_located.<locals>._predicate at 0x000001E5C1FA89D0>, message = ''\n\n    def until(self, method: Callable[[D], Union[Literal[False], T]], message: str = \"\") -> T:\n        \"\"\"Wait until the method returns a value that is not False.\n    \n        Calls the method provided with the driver as an argument until the\n        return value does not evaluate to ``False``.\n    \n        Parameters:\n        -----------\n        method: callable(WebDriver)\n            - A callable object that takes a WebDriver instance as an argument.\n    \n        message: str\n            - Optional message for :exc:`TimeoutException`\n    \n        Return:\n        -------\n        object: T\n            - The result of the last call to `method`\n    \n        Raises:\n        -------\n        TimeoutException\n            - If 'method' does not return a truthy value within the WebDriverWait\n            object's timeout\n    \n        Example:\n        --------\n        >>> from selenium.webdriver.common.by import By\n        >>> from selenium.webdriver.support.ui import WebDriverWait\n        >>> from selenium.webdriver.support import expected_conditions as EC\n    \n        # Wait until an element is visible on the page\n        >>> wait = WebDriverWait(driver, 10)\n        >>> element = wait.until(EC.visibility_of_element_located((By.ID, \"exampleId\")))\n        >>> print(element.text)\n        \"\"\"\n        screen = None\n        stacktrace = None\n    \n        end_time = time.monotonic() + self._timeout\n        while True:\n            try:\n                value = method(self._driver)\n                if value:\n                    return value\n            except self._ignored_exceptions as exc:\n                screen = getattr(exc, \"screen\", None)\n                stacktrace = getattr(exc, \"stacktrace\", None)\n            if time.monotonic() > end_time:\n                break\n            time.sleep(self._poll)\n>       raise TimeoutException(message, screen, stacktrace)\nE       selenium.common.exceptions.TimeoutException: Message: \nE       Stacktrace:\nE       \tGetHandleVerifier [0x0x7ff713cb6f65+78965]\nE       \tGetHandleVerifier [0x0x7ff713cb6fc0+79056]\nE       \t(No symbol) [0x0x7ff713a49dda]\nE       \t(No symbol) [0x0x7ff713aa02ea]\nE       \t(No symbol) [0x0x7ff713aa059c]\nE       \t(No symbol) [0x0x7ff713af3f37]\nE       \t(No symbol) [0x0x7ff713ac86af]\nE       \t(No symbol) [0x0x7ff713af0dbe]\nE       \t(No symbol) [0x0x7ff713ac8443]\nE       \t(No symbol) [0x0x7ff713a91311]\nE       \t(No symbol) [0x0x7ff713a920a3]\nE       \tGetHandleVerifier [0x0x7ff713f6e26d+2926461]\nE       \tGetHandleVerifier [0x0x7ff713f68993+2903715]\nE       \tGetHandleVerifier [0x0x7ff713f86aed+3026941]\nE       \tGetHandleVerifier [0x0x7ff713cd16fe+187406]\nE       \tGetHandleVerifier [0x0x7ff713cd96ef+220159]\nE       \tGetHandleVerifier [0x0x7ff713cbfaf4+114692]\nE       \tGetHandleVerifier [0x0x7ff713cbfca9+115129]\nE       \tGetHandleVerifier [0x0x7ff713ca64d8+10728]\nE       \tBaseThreadInitThunk [0x0x7ffd261d7374+20]\nE       \tRtlUserThreadStart [0x0x7ffd2797cc91+33]\n\nmyenv\\lib\\site-packages\\selenium\\webdriver\\support\\wait.py:138: TimeoutException","flaky":false,"newFailed":false,"newBroken":false,"newPassed":false,"retriesCount":0,"retriesStatusChange":false,"beforeStages":[{"name":"login_to_worktasks","time":{"start":1764001169418,"stop":1764001180688,"duration":11270},"status":"passed","steps":[],"attachments":[],"parameters":[],"attachmentStep":false,"hasContent":false,"stepsCount":0,"attachmentsCount":0,"shouldDisplayMessage":false}],"testStage":{"status":"broken","statusMessage":"selenium.common.exceptions.TimeoutException: Message: \nStacktrace:\n\tGetHandleVerifier [0x0x7ff713cb6f65+78965]\n\tGetHandleVerifier [0x0x7ff713cb6fc0+79056]\n\t(No symbol) [0x0x7ff713a49dda]\n\t(No symbol) [0x0x7ff713aa02ea]\n\t(No symbol) [0x0x7ff713aa059c]\n\t(No symbol) [0x0x7ff713af3f37]\n\t(No symbol) [0x0x7ff713ac86af]\n\t(No symbol) [0x0x7ff713af0dbe]\n\t(No symbol) [0x0x7ff713ac8443]\n\t(No symbol) [0x0x7ff713a91311]\n\t(No symbol) [0x0x7ff713a920a3]\n\tGetHandleVerifier [0x0x7ff713f6e26d+2926461]\n\tGetHandleVerifier [0x0x7ff713f68993+2903715]\n\tGetHandleVerifier [0x0x7ff713f86aed+3026941]\n\tGetHandleVerifier [0x0x7ff713cd16fe+187406]\n\tGetHandleVerifier [0x0x7ff713cd96ef+220159]\n\tGetHandleVerifier [0x0x7ff713cbfaf4+114692]\n\tGetHandleVerifier [0x0x7ff713cbfca9+115129]\n\tGetHandleVerifier [0x0x7ff713ca64d8+10728]\n\tBaseThreadInitThunk [0x0x7ffd261d7374+20]\n\tRtlUserThreadStart [0x0x7ffd2797cc91+33]","statusTrace":"self = <test_items.test_worktasks.TestWorkTasksPage object at 0x000001E5C11AF9A0>, login_to_worktasks = <selenium.webdriver.chrome.webdriver.WebDriver (session=\"72cb8752e4be9e57771f6a896f2c780c\")>\n\n    @allure.story(\"工作需求明细页面查询订单编号成功\")\n    # @pytest.mark.run(order=1)\n    def test_requirementdetails_select1(self, login_to_worktasks):\n        driver = login_to_worktasks  # WebDriver 实例\n        word = WorkTasksPage(driver)  # 用 driver 初始化 WorkTasksPage\n        word.click_button('(//span[text()=\"工作需求明细\"])[1]')\n        word.wait_for_loading_to_disappear()\n        name = word.get_find_element_xpath('//table[@class=\"vxe-table--body\"]//tr[2]/td[4]').text\n        word.select_data(code='订单编号', name=name)\n>       wordcode = word.get_find_element_xpath(\n            '(//table[contains(@class, \"vxe-table--body\")])[2]//tr[@class=\"vxe-body--row\"][1]/td[4]'\n        ).text\n\nTests\\test_items\\test_worktasks.py:210: \n_ _ _ _ _ _ _ _ _ _ _ _ _ _ _ _ _ _ _ _ _ _ _ _ _ _ _ _ _ _ _ _ _ _ _ _ _ _ _ _ _ _ _ _ _ _ _ _ _ _ _ _ _ _ _ _ _ _ _ _ _ _ _ _ _ _ _ _ _ _ _ _ _ _ _ _ _ _ _ _ _ _ _ _ _ _ _ _ _ _ _ _ _ _ _ _ _ _ _ _ _ _ _ _ _ _ _ _ _ _ _ _ _ _ _ _\nPages\\itemsPage\\worktasks_page.py:29: in get_find_element_xpath\n    return self.find_element(By.XPATH, xpath)\nPages\\base_page.py:28: in find_element\n    return WebDriverWait(self.driver, wait_time).until(\n_ _ _ _ _ _ _ _ _ _ _ _ _ _ _ _ _ _ _ _ _ _ _ _ _ _ _ _ _ _ _ _ _ _ _ _ _ _ _ _ _ _ _ _ _ _ _ _ _ _ _ _ _ _ _ _ _ _ _ _ _ _ _ _ _ _ _ _ _ _ _ _ _ _ _ _ _ _ _ _ _ _ _ _ _ _ _ _ _ _ _ _ _ _ _ _ _ _ _ _ _ _ _ _ _ _ _ _ _ _ _ _ _ _ _ _\n\nself = <selenium.webdriver.support.wait.WebDriverWait (session=\"72cb8752e4be9e57771f6a896f2c780c\")>, method = <function presence_of_element_located.<locals>._predicate at 0x000001E5C1FA89D0>, message = ''\n\n    def until(self, method: Callable[[D], Union[Literal[False], T]], message: str = \"\") -> T:\n        \"\"\"Wait until the method returns a value that is not False.\n    \n        Calls the method provided with the driver as an argument until the\n        return value does not evaluate to ``False``.\n    \n        Parameters:\n        -----------\n        method: callable(WebDriver)\n            - A callable object that takes a WebDriver instance as an argument.\n    \n        message: str\n            - Optional message for :exc:`TimeoutException`\n    \n        Return:\n        -------\n        object: T\n            - The result of the last call to `method`\n    \n        Raises:\n        -------\n        TimeoutException\n            - If 'method' does not return a truthy value within the WebDriverWait\n            object's timeout\n    \n        Example:\n        --------\n        >>> from selenium.webdriver.common.by import By\n        >>> from selenium.webdriver.support.ui import WebDriverWait\n        >>> from selenium.webdriver.support import expected_conditions as EC\n    \n        # Wait until an element is visible on the page\n        >>> wait = WebDriverWait(driver, 10)\n        >>> element = wait.until(EC.visibility_of_element_located((By.ID, \"exampleId\")))\n        >>> print(element.text)\n        \"\"\"\n        screen = None\n        stacktrace = None\n    \n        end_time = time.monotonic() + self._timeout\n        while True:\n            try:\n                value = method(self._driver)\n                if value:\n                    return value\n            except self._ignored_exceptions as exc:\n                screen = getattr(exc, \"screen\", None)\n                stacktrace = getattr(exc, \"stacktrace\", None)\n            if time.monotonic() > end_time:\n                break\n            time.sleep(self._poll)\n>       raise TimeoutException(message, screen, stacktrace)\nE       selenium.common.exceptions.TimeoutException: Message: \nE       Stacktrace:\nE       \tGetHandleVerifier [0x0x7ff713cb6f65+78965]\nE       \tGetHandleVerifier [0x0x7ff713cb6fc0+79056]\nE       \t(No symbol) [0x0x7ff713a49dda]\nE       \t(No symbol) [0x0x7ff713aa02ea]\nE       \t(No symbol) [0x0x7ff713aa059c]\nE       \t(No symbol) [0x0x7ff713af3f37]\nE       \t(No symbol) [0x0x7ff713ac86af]\nE       \t(No symbol) [0x0x7ff713af0dbe]\nE       \t(No symbol) [0x0x7ff713ac8443]\nE       \t(No symbol) [0x0x7ff713a91311]\nE       \t(No symbol) [0x0x7ff713a920a3]\nE       \tGetHandleVerifier [0x0x7ff713f6e26d+2926461]\nE       \tGetHandleVerifier [0x0x7ff713f68993+2903715]\nE       \tGetHandleVerifier [0x0x7ff713f86aed+3026941]\nE       \tGetHandleVerifier [0x0x7ff713cd16fe+187406]\nE       \tGetHandleVerifier [0x0x7ff713cd96ef+220159]\nE       \tGetHandleVerifier [0x0x7ff713cbfaf4+114692]\nE       \tGetHandleVerifier [0x0x7ff713cbfca9+115129]\nE       \tGetHandleVerifier [0x0x7ff713ca64d8+10728]\nE       \tBaseThreadInitThunk [0x0x7ffd261d7374+20]\nE       \tRtlUserThreadStart [0x0x7ffd2797cc91+33]\n\nmyenv\\lib\\site-packages\\selenium\\webdriver\\support\\wait.py:138: TimeoutException","steps":[],"attachments":[{"uid":"72e30ebd11df67e5","name":"test_requirementdetails_select1_failure","source":"72e30ebd11df67e5.png","type":"image/png","size":70193},{"uid":"4c21f10fc1e351b4","name":"test_requirementdetails_select1_source","source":"4c21f10fc1e351b4.html","type":"text/html","size":1417662},{"uid":"437ed180321e8ae0","name":"log","source":"437ed180321e8ae0.txt","type":"text/plain","size":2569}],"parameters":[],"attachmentStep":false,"hasContent":true,"stepsCount":0,"attachmentsCount":3,"shouldDisplayMessage":true},"afterStages":[{"name":"login_to_worktasks::0","time":{"start":1764001206150,"stop":1764001208315,"duration":2165},"status":"passed","steps":[],"attachments":[],"parameters":[],"attachmentStep":false,"hasContent":false,"stepsCount":0,"attachmentsCount":0,"shouldDisplayMessage":false}],"labels":[{"name":"feature","value":"工作和任务表测试用例"},{"name":"story","value":"工作需求明细页面查询订单编号成功"},{"name":"parentSuite","value":"Tests.test_items"},{"name":"suite","value":"test_worktasks"},{"name":"subSuite","value":"TestWorkTasksPage"},{"name":"host","value":"WIN-20240820MJV"},{"name":"thread","value":"17864-MainThread"},{"name":"framework","value":"pytest"},{"name":"language","value":"cpython3"},{"name":"package","value":"Tests.test_items.test_worktasks"},{"name":"resultFormat","value":"allure2"}],"parameters":[],"links":[],"hidden":true,"retry":true,"extra":{"categories":[],"tags":[]},"source":"731b8c09d824878e.json","parameterValues":[]}