{"uid":"7430d7b0e9466b4f","name":"test_affairs_log_paging3","fullName":"Tests.test_system.test_affairs.TestAffairsPage#test_affairs_log_paging3","historyId":"b5cbadf5d6f665c0fdbf4fa6966db8f1","time":{"start":1762456880970,"stop":1762456898863,"duration":17893},"status":"broken","statusMessage":"selenium.common.exceptions.TimeoutException: Message: \nStacktrace:\n\tGetHandleVerifier [0x0x7ff71a976f65+78965]\n\tGetHandleVerifier [0x0x7ff71a976fc0+79056]\n\t(No symbol) [0x0x7ff71a709dda]\n\t(No symbol) [0x0x7ff71a7602ea]\n\t(No symbol) [0x0x7ff71a76059c]\n\t(No symbol) [0x0x7ff71a7b3f37]\n\t(No symbol) [0x0x7ff71a7886af]\n\t(No symbol) [0x0x7ff71a7b0dbe]\n\t(No symbol) [0x0x7ff71a788443]\n\t(No symbol) [0x0x7ff71a751311]\n\t(No symbol) [0x0x7ff71a7520a3]\n\tGetHandleVerifier [0x0x7ff71ac2e26d+2926461]\n\tGetHandleVerifier [0x0x7ff71ac28993+2903715]\n\tGetHandleVerifier [0x0x7ff71ac46aed+3026941]\n\tGetHandleVerifier [0x0x7ff71a9916fe+187406]\n\tGetHandleVerifier [0x0x7ff71a9996ef+220159]\n\tGetHandleVerifier [0x0x7ff71a97faf4+114692]\n\tGetHandleVerifier [0x0x7ff71a97fca9+115129]\n\tGetHandleVerifier [0x0x7ff71a9664d8+10728]\n\tBaseThreadInitThunk [0x0x7ff956997374+20]\n\tRtlUserThreadStart [0x0x7ff956c3cc91+33]","statusTrace":"self = <test_system.test_affairs.TestAffairsPage object at 0x0000027FDB4583A0>, login_to_affairs = <selenium.webdriver.chrome.webdriver.WebDriver (session=\"f2eadc2c5ac7233a97b9b8c5c98fb709\")>\n\n    @allure.story(\"流程日志-前往第三页成功\")\n    def test_affairs_log_paging3(self, login_to_affairs):\n        driver = login_to_affairs  # WebDriver 实例\n        affairs = AffairsPage(driver)  # 用 driver 初始化 AffairsPage\n        num = 3\n        sleep(1)\n        affairs.click_process_log()\n        sleep(1)\n        affairs.enter_texts('//span[@class=\"el-pagination__jump\"]//input', num)\n        affairs.click_button('(//button[span[text()=\"筛选\"]])[2]')\n        sleep(2)\n        eles = affairs.finds_elements(By.XPATH, '(//table[@class=\"el-table__body\"])[2]/tbody/tr')\n>       class_ = affairs.get_find_element_xpath(f'//ul[@class=\"el-pager\"]/li[text()=\"{num}\"]').get_attribute(\"class\")\n\nTests\\test_system\\test_affairs.py:1534: \n_ _ _ _ _ _ _ _ _ _ _ _ _ _ _ _ _ _ _ _ _ _ _ _ _ _ _ _ _ _ _ _ _ _ _ _ _ _ _ _ _ _ _ _ _ _ _ _ _ _ _ _ _ _ _ _ _ _ _ _ _ _ _ _ _ _ _ _ _ _ _ _ _ _ _ _ _ _ _ _ _ _ _ _ _ _ _ _ _ _ _ _ _ _ _ _ _ _ _ _ _ _ _ _ _ _ _ _ _ _ _ _ _ _ _ _\nPages\\systemPage\\affairs_page.py:28: in get_find_element_xpath\n    return self.find_element(By.XPATH, xpath)\nPages\\base_page.py:28: in find_element\n    return WebDriverWait(self.driver, wait_time).until(\n_ _ _ _ _ _ _ _ _ _ _ _ _ _ _ _ _ _ _ _ _ _ _ _ _ _ _ _ _ _ _ _ _ _ _ _ _ _ _ _ _ _ _ _ _ _ _ _ _ _ _ _ _ _ _ _ _ _ _ _ _ _ _ _ _ _ _ _ _ _ _ _ _ _ _ _ _ _ _ _ _ _ _ _ _ _ _ _ _ _ _ _ _ _ _ _ _ _ _ _ _ _ _ _ _ _ _ _ _ _ _ _ _ _ _ _\n\nself = <selenium.webdriver.support.wait.WebDriverWait (session=\"f2eadc2c5ac7233a97b9b8c5c98fb709\")>, method = <function presence_of_element_located.<locals>._predicate at 0x0000027FDCFAF520>, message = ''\n\n    def until(self, method: Callable[[D], Union[Literal[False], T]], message: str = \"\") -> T:\n        \"\"\"Wait until the method returns a value that is not False.\n    \n        Calls the method provided with the driver as an argument until the\n        return value does not evaluate to ``False``.\n    \n        Parameters:\n        -----------\n        method: callable(WebDriver)\n            - A callable object that takes a WebDriver instance as an argument.\n    \n        message: str\n            - Optional message for :exc:`TimeoutException`\n    \n        Return:\n        -------\n        object: T\n            - The result of the last call to `method`\n    \n        Raises:\n        -------\n        TimeoutException\n            - If 'method' does not return a truthy value within the WebDriverWait\n            object's timeout\n    \n        Example:\n        --------\n        >>> from selenium.webdriver.common.by import By\n        >>> from selenium.webdriver.support.ui import WebDriverWait\n        >>> from selenium.webdriver.support import expected_conditions as EC\n    \n        # Wait until an element is visible on the page\n        >>> wait = WebDriverWait(driver, 10)\n        >>> element = wait.until(EC.visibility_of_element_located((By.ID, \"exampleId\")))\n        >>> print(element.text)\n        \"\"\"\n        screen = None\n        stacktrace = None\n    \n        end_time = time.monotonic() + self._timeout\n        while True:\n            try:\n                value = method(self._driver)\n                if value:\n                    return value\n            except self._ignored_exceptions as exc:\n                screen = getattr(exc, \"screen\", None)\n                stacktrace = getattr(exc, \"stacktrace\", None)\n            if time.monotonic() > end_time:\n                break\n            time.sleep(self._poll)\n>       raise TimeoutException(message, screen, stacktrace)\nE       selenium.common.exceptions.TimeoutException: Message: \nE       Stacktrace:\nE       \tGetHandleVerifier [0x0x7ff71a976f65+78965]\nE       \tGetHandleVerifier [0x0x7ff71a976fc0+79056]\nE       \t(No symbol) [0x0x7ff71a709dda]\nE       \t(No symbol) [0x0x7ff71a7602ea]\nE       \t(No symbol) [0x0x7ff71a76059c]\nE       \t(No symbol) [0x0x7ff71a7b3f37]\nE       \t(No symbol) [0x0x7ff71a7886af]\nE       \t(No symbol) [0x0x7ff71a7b0dbe]\nE       \t(No symbol) [0x0x7ff71a788443]\nE       \t(No symbol) [0x0x7ff71a751311]\nE       \t(No symbol) [0x0x7ff71a7520a3]\nE       \tGetHandleVerifier [0x0x7ff71ac2e26d+2926461]\nE       \tGetHandleVerifier [0x0x7ff71ac28993+2903715]\nE       \tGetHandleVerifier [0x0x7ff71ac46aed+3026941]\nE       \tGetHandleVerifier [0x0x7ff71a9916fe+187406]\nE       \tGetHandleVerifier [0x0x7ff71a9996ef+220159]\nE       \tGetHandleVerifier [0x0x7ff71a97faf4+114692]\nE       \tGetHandleVerifier [0x0x7ff71a97fca9+115129]\nE       \tGetHandleVerifier [0x0x7ff71a9664d8+10728]\nE       \tBaseThreadInitThunk [0x0x7ff956997374+20]\nE       \tRtlUserThreadStart [0x0x7ff956c3cc91+33]\n\nmyenv\\lib\\site-packages\\selenium\\webdriver\\support\\wait.py:138: TimeoutException","flaky":false,"newFailed":false,"newBroken":false,"newPassed":false,"retriesCount":1,"retriesStatusChange":false,"beforeStages":[{"name":"login_to_affairs","time":{"start":1762456868239,"stop":1762456880969,"duration":12730},"status":"passed","steps":[],"attachments":[],"parameters":[],"hasContent":false,"attachmentStep":false,"stepsCount":0,"shouldDisplayMessage":false,"attachmentsCount":0}],"testStage":{"status":"broken","statusMessage":"selenium.common.exceptions.TimeoutException: Message: \nStacktrace:\n\tGetHandleVerifier [0x0x7ff71a976f65+78965]\n\tGetHandleVerifier [0x0x7ff71a976fc0+79056]\n\t(No symbol) [0x0x7ff71a709dda]\n\t(No symbol) [0x0x7ff71a7602ea]\n\t(No symbol) [0x0x7ff71a76059c]\n\t(No symbol) [0x0x7ff71a7b3f37]\n\t(No symbol) [0x0x7ff71a7886af]\n\t(No symbol) [0x0x7ff71a7b0dbe]\n\t(No symbol) [0x0x7ff71a788443]\n\t(No symbol) [0x0x7ff71a751311]\n\t(No symbol) [0x0x7ff71a7520a3]\n\tGetHandleVerifier [0x0x7ff71ac2e26d+2926461]\n\tGetHandleVerifier [0x0x7ff71ac28993+2903715]\n\tGetHandleVerifier [0x0x7ff71ac46aed+3026941]\n\tGetHandleVerifier [0x0x7ff71a9916fe+187406]\n\tGetHandleVerifier [0x0x7ff71a9996ef+220159]\n\tGetHandleVerifier [0x0x7ff71a97faf4+114692]\n\tGetHandleVerifier [0x0x7ff71a97fca9+115129]\n\tGetHandleVerifier [0x0x7ff71a9664d8+10728]\n\tBaseThreadInitThunk [0x0x7ff956997374+20]\n\tRtlUserThreadStart [0x0x7ff956c3cc91+33]","statusTrace":"self = <test_system.test_affairs.TestAffairsPage object at 0x0000027FDB4583A0>, login_to_affairs = <selenium.webdriver.chrome.webdriver.WebDriver (session=\"f2eadc2c5ac7233a97b9b8c5c98fb709\")>\n\n    @allure.story(\"流程日志-前往第三页成功\")\n    def test_affairs_log_paging3(self, login_to_affairs):\n        driver = login_to_affairs  # WebDriver 实例\n        affairs = AffairsPage(driver)  # 用 driver 初始化 AffairsPage\n        num = 3\n        sleep(1)\n        affairs.click_process_log()\n        sleep(1)\n        affairs.enter_texts('//span[@class=\"el-pagination__jump\"]//input', num)\n        affairs.click_button('(//button[span[text()=\"筛选\"]])[2]')\n        sleep(2)\n        eles = affairs.finds_elements(By.XPATH, '(//table[@class=\"el-table__body\"])[2]/tbody/tr')\n>       class_ = affairs.get_find_element_xpath(f'//ul[@class=\"el-pager\"]/li[text()=\"{num}\"]').get_attribute(\"class\")\n\nTests\\test_system\\test_affairs.py:1534: \n_ _ _ _ _ _ _ _ _ _ _ _ _ _ _ _ _ _ _ _ _ _ _ _ _ _ _ _ _ _ _ _ _ _ _ _ _ _ _ _ _ _ _ _ _ _ _ _ _ _ _ _ _ _ _ _ _ _ _ _ _ _ _ _ _ _ _ _ _ _ _ _ _ _ _ _ _ _ _ _ _ _ _ _ _ _ _ _ _ _ _ _ _ _ _ _ _ _ _ _ _ _ _ _ _ _ _ _ _ _ _ _ _ _ _ _\nPages\\systemPage\\affairs_page.py:28: in get_find_element_xpath\n    return self.find_element(By.XPATH, xpath)\nPages\\base_page.py:28: in find_element\n    return WebDriverWait(self.driver, wait_time).until(\n_ _ _ _ _ _ _ _ _ _ _ _ _ _ _ _ _ _ _ _ _ _ _ _ _ _ _ _ _ _ _ _ _ _ _ _ _ _ _ _ _ _ _ _ _ _ _ _ _ _ _ _ _ _ _ _ _ _ _ _ _ _ _ _ _ _ _ _ _ _ _ _ _ _ _ _ _ _ _ _ _ _ _ _ _ _ _ _ _ _ _ _ _ _ _ _ _ _ _ _ _ _ _ _ _ _ _ _ _ _ _ _ _ _ _ _\n\nself = <selenium.webdriver.support.wait.WebDriverWait (session=\"f2eadc2c5ac7233a97b9b8c5c98fb709\")>, method = <function presence_of_element_located.<locals>._predicate at 0x0000027FDCFAF520>, message = ''\n\n    def until(self, method: Callable[[D], Union[Literal[False], T]], message: str = \"\") -> T:\n        \"\"\"Wait until the method returns a value that is not False.\n    \n        Calls the method provided with the driver as an argument until the\n        return value does not evaluate to ``False``.\n    \n        Parameters:\n        -----------\n        method: callable(WebDriver)\n            - A callable object that takes a WebDriver instance as an argument.\n    \n        message: str\n            - Optional message for :exc:`TimeoutException`\n    \n        Return:\n        -------\n        object: T\n            - The result of the last call to `method`\n    \n        Raises:\n        -------\n        TimeoutException\n            - If 'method' does not return a truthy value within the WebDriverWait\n            object's timeout\n    \n        Example:\n        --------\n        >>> from selenium.webdriver.common.by import By\n        >>> from selenium.webdriver.support.ui import WebDriverWait\n        >>> from selenium.webdriver.support import expected_conditions as EC\n    \n        # Wait until an element is visible on the page\n        >>> wait = WebDriverWait(driver, 10)\n        >>> element = wait.until(EC.visibility_of_element_located((By.ID, \"exampleId\")))\n        >>> print(element.text)\n        \"\"\"\n        screen = None\n        stacktrace = None\n    \n        end_time = time.monotonic() + self._timeout\n        while True:\n            try:\n                value = method(self._driver)\n                if value:\n                    return value\n            except self._ignored_exceptions as exc:\n                screen = getattr(exc, \"screen\", None)\n                stacktrace = getattr(exc, \"stacktrace\", None)\n            if time.monotonic() > end_time:\n                break\n            time.sleep(self._poll)\n>       raise TimeoutException(message, screen, stacktrace)\nE       selenium.common.exceptions.TimeoutException: Message: \nE       Stacktrace:\nE       \tGetHandleVerifier [0x0x7ff71a976f65+78965]\nE       \tGetHandleVerifier [0x0x7ff71a976fc0+79056]\nE       \t(No symbol) [0x0x7ff71a709dda]\nE       \t(No symbol) [0x0x7ff71a7602ea]\nE       \t(No symbol) [0x0x7ff71a76059c]\nE       \t(No symbol) [0x0x7ff71a7b3f37]\nE       \t(No symbol) [0x0x7ff71a7886af]\nE       \t(No symbol) [0x0x7ff71a7b0dbe]\nE       \t(No symbol) [0x0x7ff71a788443]\nE       \t(No symbol) [0x0x7ff71a751311]\nE       \t(No symbol) [0x0x7ff71a7520a3]\nE       \tGetHandleVerifier [0x0x7ff71ac2e26d+2926461]\nE       \tGetHandleVerifier [0x0x7ff71ac28993+2903715]\nE       \tGetHandleVerifier [0x0x7ff71ac46aed+3026941]\nE       \tGetHandleVerifier [0x0x7ff71a9916fe+187406]\nE       \tGetHandleVerifier [0x0x7ff71a9996ef+220159]\nE       \tGetHandleVerifier [0x0x7ff71a97faf4+114692]\nE       \tGetHandleVerifier [0x0x7ff71a97fca9+115129]\nE       \tGetHandleVerifier [0x0x7ff71a9664d8+10728]\nE       \tBaseThreadInitThunk [0x0x7ff956997374+20]\nE       \tRtlUserThreadStart [0x0x7ff956c3cc91+33]\n\nmyenv\\lib\\site-packages\\selenium\\webdriver\\support\\wait.py:138: TimeoutException","steps":[],"attachments":[{"uid":"ab73447f4909d1bb","name":"test_affairs_log_paging3_failure","source":"ab73447f4909d1bb.png","type":"image/png","size":58005},{"uid":"39288a9f1063e","name":"test_affairs_log_paging3_source","source":"39288a9f1063e.html","type":"text/html","size":1143386},{"uid":"c95b7b7a46d8cb03","name":"log","source":"c95b7b7a46d8cb03.txt","type":"text/plain","size":3531}],"parameters":[],"hasContent":true,"attachmentStep":false,"stepsCount":0,"shouldDisplayMessage":true,"attachmentsCount":3},"afterStages":[{"name":"login_to_affairs::0","time":{"start":1762456899075,"stop":1762456902783,"duration":3708},"status":"passed","steps":[],"attachments":[],"parameters":[],"hasContent":false,"attachmentStep":false,"stepsCount":0,"shouldDisplayMessage":false,"attachmentsCount":0}],"labels":[{"name":"story","value":"流程日志-前往第三页成功"},{"name":"feature","value":"事务管理页用例"},{"name":"parentSuite","value":"Tests.test_system"},{"name":"suite","value":"test_affairs"},{"name":"subSuite","value":"TestAffairsPage"},{"name":"host","value":"WIN-20240820MJV"},{"name":"thread","value":"24676-MainThread"},{"name":"framework","value":"pytest"},{"name":"language","value":"cpython3"},{"name":"package","value":"Tests.test_system.test_affairs"},{"name":"resultFormat","value":"allure2"}],"parameters":[],"links":[],"hidden":false,"retry":false,"extra":{"severity":"normal","retries":[{"uid":"edaff707224680bf","status":"broken","statusDetails":"selenium.common.exceptions.TimeoutException: Message: \nStacktrace:\n\tGetHandleVerifier [0x0x7ff71a976f65+78965]\n\tGetHandleVerifier [0x0x7ff71a976fc0+79056]\n\t(No symbol) [0x0x7ff71a709dda]\n\t(No symbol) [0x0x7ff71a7602ea]\n\t(No symbol) [0x0x7ff71a76059c]\n\t(No symbol) [0x0x7ff71a7b3f37]\n\t(No symbol) [0x0x7ff71a7886af]\n\t(No symbol) [0x0x7ff71a7b0dbe]\n\t(No symbol) [0x0x7ff71a788443]\n\t(No symbol) [0x0x7ff71a751311]\n\t(No symbol) [0x0x7ff71a7520a3]\n\tGetHandleVerifier [0x0x7ff71ac2e26d+2926461]\n\tGetHandleVerifier [0x0x7ff71ac28993+2903715]\n\tGetHandleVerifier [0x0x7ff71ac46aed+3026941]\n\tGetHandleVerifier [0x0x7ff71a9916fe+187406]\n\tGetHandleVerifier [0x0x7ff71a9996ef+220159]\n\tGetHandleVerifier [0x0x7ff71a97faf4+114692]\n\tGetHandleVerifier [0x0x7ff71a97fca9+115129]\n\tGetHandleVerifier [0x0x7ff71a9664d8+10728]\n\tBaseThreadInitThunk [0x0x7ff956997374+20]\n\tRtlUserThreadStart [0x0x7ff956c3cc91+33]","time":{"start":1762456848025,"stop":1762456865914,"duration":17889}}],"categories":[{"name":"Test defects","matchedStatuses":[]}],"tags":[]},"source":"7430d7b0e9466b4f.json","parameterValues":[]}