{"uid":"74ee975f0017ba3d","name":"test_shift_ctrls","fullName":"Tests.test_items.test_shift.TestShiftPage#test_shift_ctrls","historyId":"7e222a55ed620701703d19414645fbe1","time":{"start":1768395677653,"stop":1768395687834,"duration":10181},"status":"broken","statusMessage":"selenium.common.exceptions.TimeoutException: Message: 点击失败，找不到元素：xpath = (//table[@class=\"vxe-table--body\"]//tr[1]//td[1])[2]","statusTrace":"self = <Pages.itemsPage.shift_page.ShiftPage object at 0x000001E1A7E86260>, by_or_element = 'xpath', value = '(//table[@class=\"vxe-table--body\"]//tr[1]//td[1])[2]', wait_time = 10, retries = 2\n\n    def click(self, by_or_element, value=None, wait_time=10, retries=2):\n        \"\"\"\n        更稳健的点击方法：支持定位符或 WebElement，自动处理 stale 元素、点击拦截等问题。\n        \"\"\"\n        for attempt in range(retries):\n            try:\n                if value is not None:\n                    by = by_or_element\n                    logging.info(f\"点击元素：By = {by}, Value = {value}\")\n>                   element = WebDriverWait(self.driver, wait_time).until(\n                        EC.element_to_be_clickable((by, value))\n                    )\n\nPages\\base_page.py:49: \n_ _ _ _ _ _ _ _ _ _ _ _ _ _ _ _ _ _ _ _ _ _ _ _ _ _ _ _ _ _ _ _ _ _ _ _ _ _ _ _ _ _ _ _ _ _ _ _ _ _ _ _ _ _ _ _ _ _ _ _ _ _ _ _ _ _ _ _ _ _ _ _ _ _ _ _ _ _ _ _ _ _ _ _ _ _ _ _ _ _ _ _ _ _ _ _ _ _ _ _ _ _ _ _ _ _ _ _ _ _ _ _ _ _ _ _\n\nself = <selenium.webdriver.support.wait.WebDriverWait (session=\"132a41374ff113170935e2183fbcb969\")>, method = <function element_to_be_clickable.<locals>._predicate at 0x000001E1A7F25990>, message = ''\n\n    def until(self, method: Callable[[D], Union[Literal[False], T]], message: str = \"\") -> T:\n        \"\"\"Wait until the method returns a value that is not False.\n    \n        Calls the method provided with the driver as an argument until the\n        return value does not evaluate to ``False``.\n    \n        Parameters:\n        -----------\n        method: callable(WebDriver)\n            - A callable object that takes a WebDriver instance as an argument.\n    \n        message: str\n            - Optional message for :exc:`TimeoutException`\n    \n        Return:\n        -------\n        object: T\n            - The result of the last call to `method`\n    \n        Raises:\n        -------\n        TimeoutException\n            - If 'method' does not return a truthy value within the WebDriverWait\n            object's timeout\n    \n        Example:\n        --------\n        >>> from selenium.webdriver.common.by import By\n        >>> from selenium.webdriver.support.ui import WebDriverWait\n        >>> from selenium.webdriver.support import expected_conditions as EC\n    \n        # Wait until an element is visible on the page\n        >>> wait = WebDriverWait(driver, 10)\n        >>> element = wait.until(EC.visibility_of_element_located((By.ID, \"exampleId\")))\n        >>> print(element.text)\n        \"\"\"\n        screen = None\n        stacktrace = None\n    \n        end_time = time.monotonic() + self._timeout\n        while True:\n            try:\n                value = method(self._driver)\n                if value:\n                    return value\n            except self._ignored_exceptions as exc:\n                screen = getattr(exc, \"screen\", None)\n                stacktrace = getattr(exc, \"stacktrace\", None)\n            if time.monotonic() > end_time:\n                break\n            time.sleep(self._poll)\n>       raise TimeoutException(message, screen, stacktrace)\nE       selenium.common.exceptions.TimeoutException: Message: \nE       Stacktrace:\nE       \tGetHandleVerifier [0x0x7ff62e736f65+78965]\nE       \tGetHandleVerifier [0x0x7ff62e736fc0+79056]\nE       \t(No symbol) [0x0x7ff62e4c9dda]\nE       \t(No symbol) [0x0x7ff62e5202ea]\nE       \t(No symbol) [0x0x7ff62e52059c]\nE       \t(No symbol) [0x0x7ff62e573f37]\nE       \t(No symbol) [0x0x7ff62e5486af]\nE       \t(No symbol) [0x0x7ff62e570dbe]\nE       \t(No symbol) [0x0x7ff62e548443]\nE       \t(No symbol) [0x0x7ff62e511311]\nE       \t(No symbol) [0x0x7ff62e5120a3]\nE       \tGetHandleVerifier [0x0x7ff62e9ee26d+2926461]\nE       \tGetHandleVerifier [0x0x7ff62e9e8993+2903715]\nE       \tGetHandleVerifier [0x0x7ff62ea06aed+3026941]\nE       \tGetHandleVerifier [0x0x7ff62e7516fe+187406]\nE       \tGetHandleVerifier [0x0x7ff62e7596ef+220159]\nE       \tGetHandleVerifier [0x0x7ff62e73faf4+114692]\nE       \tGetHandleVerifier [0x0x7ff62e73fca9+115129]\nE       \tGetHandleVerifier [0x0x7ff62e7264d8+10728]\nE       \tBaseThreadInitThunk [0x0x7ff90e507374+20]\nE       \tRtlUserThreadStart [0x0x7ff91019cc91+33]\n\nmyenv\\lib\\site-packages\\selenium\\webdriver\\support\\wait.py:138: TimeoutException\n\nDuring handling of the above exception, another exception occurred:\n\nself = <test_items.test_shift.TestShiftPage object at 0x000001E1A5EC77F0>, login_to_shift = <selenium.webdriver.chrome.webdriver.WebDriver (session=\"132a41374ff113170935e2183fbcb969\")>\n\n    @allure.story(\"模拟Shift+点击可多选ctrl+m编辑\")\n    # @pytest.mark.run(order=1)\n    def test_shift_ctrls(self, login_to_shift):\n        driver = login_to_shift  # WebDriver 实例\n        shift = ShiftPage(driver)  # 用 driver 初始化 ShiftPage\n        elements = ['(//table[@class=\"vxe-table--body\"]//tr[1]//td[1])[2]',\n                    '(//table[@class=\"vxe-table--body\"]//tr[2]//td[1])[2]']\n>       shift.click_button(elements[0])\n\nTests\\test_items\\test_shift.py:1008: \n_ _ _ _ _ _ _ _ _ _ _ _ _ _ _ _ _ _ _ _ _ _ _ _ _ _ _ _ _ _ _ _ _ _ _ _ _ _ _ _ _ _ _ _ _ _ _ _ _ _ _ _ _ _ _ _ _ _ _ _ _ _ _ _ _ _ _ _ _ _ _ _ _ _ _ _ _ _ _ _ _ _ _ _ _ _ _ _ _ _ _ _ _ _ _ _ _ _ _ _ _ _ _ _ _ _ _ _ _ _ _ _ _ _ _ _\nPages\\itemsPage\\shift_page.py:41: in click_button\n    self.click(By.XPATH, xpath)\n_ _ _ _ _ _ _ _ _ _ _ _ _ _ _ _ _ _ _ _ _ _ _ _ _ _ _ _ _ _ _ _ _ _ _ _ _ _ _ _ _ _ _ _ _ _ _ _ _ _ _ _ _ _ _ _ _ _ _ _ _ _ _ _ _ _ _ _ _ _ _ _ _ _ _ _ _ _ _ _ _ _ _ _ _ _ _ _ _ _ _ _ _ _ _ _ _ _ _ _ _ _ _ _ _ _ _ _ _ _ _ _ _ _ _ _\n\nself = <Pages.itemsPage.shift_page.ShiftPage object at 0x000001E1A7E86260>, by_or_element = 'xpath', value = '(//table[@class=\"vxe-table--body\"]//tr[1]//td[1])[2]', wait_time = 10, retries = 2\n\n    def click(self, by_or_element, value=None, wait_time=10, retries=2):\n        \"\"\"\n        更稳健的点击方法：支持定位符或 WebElement，自动处理 stale 元素、点击拦截等问题。\n        \"\"\"\n        for attempt in range(retries):\n            try:\n                if value is not None:\n                    by = by_or_element\n                    logging.info(f\"点击元素：By = {by}, Value = {value}\")\n                    element = WebDriverWait(self.driver, wait_time).until(\n                        EC.element_to_be_clickable((by, value))\n                    )\n                else:\n                    logging.info(\"点击元素：WebElement 对象\")\n                    element = by_or_element\n    \n                element.click()\n                logging.info(\"✅ 点击成功\")\n                return\n    \n            except ElementClickInterceptedException:\n                logging.warning(\"⚠️ 原生点击被拦截，尝试使用 JS 点击\")\n                try:\n                    self.driver.execute_script(\"arguments[0].click();\", element)\n                    logging.info(\"✅ JS 点击成功\")\n                    return\n                except Exception as js_error:\n                    logging.warning(f\"⚠️ JS 点击失败：{js_error}\")\n                    sleep(1)\n                    continue  # 下一轮重试\n    \n            except StaleElementReferenceException:\n                logging.warning(f\"⚠️ 第 {attempt + 1} 次点击失败：元素过期，尝试重新定位\")\n                sleep(1)\n                continue  # 下一轮重试时重新定位\n    \n            except TimeoutException:\n                logging.error(f\"❌ 元素未在 {wait_time} 秒内变为可点击\")\n>               raise TimeoutException(f\"点击失败，找不到元素：{by_or_element} = {value}\")\nE               selenium.common.exceptions.TimeoutException: Message: 点击失败，找不到元素：xpath = (//table[@class=\"vxe-table--body\"]//tr[1]//td[1])[2]\n\nPages\\base_page.py:78: TimeoutException","flaky":false,"newFailed":false,"newBroken":false,"newPassed":false,"retriesCount":1,"retriesStatusChange":false,"beforeStages":[{"name":"login_to_shift","time":{"start":1768395307866,"stop":1768395327227,"duration":19361},"status":"passed","steps":[],"attachments":[],"parameters":[],"attachmentStep":false,"hasContent":false,"stepsCount":0,"shouldDisplayMessage":false,"attachmentsCount":0}],"testStage":{"status":"broken","statusMessage":"selenium.common.exceptions.TimeoutException: Message: 点击失败，找不到元素：xpath = (//table[@class=\"vxe-table--body\"]//tr[1]//td[1])[2]","statusTrace":"self = <Pages.itemsPage.shift_page.ShiftPage object at 0x000001E1A7E86260>, by_or_element = 'xpath', value = '(//table[@class=\"vxe-table--body\"]//tr[1]//td[1])[2]', wait_time = 10, retries = 2\n\n    def click(self, by_or_element, value=None, wait_time=10, retries=2):\n        \"\"\"\n        更稳健的点击方法：支持定位符或 WebElement，自动处理 stale 元素、点击拦截等问题。\n        \"\"\"\n        for attempt in range(retries):\n            try:\n                if value is not None:\n                    by = by_or_element\n                    logging.info(f\"点击元素：By = {by}, Value = {value}\")\n>                   element = WebDriverWait(self.driver, wait_time).until(\n                        EC.element_to_be_clickable((by, value))\n                    )\n\nPages\\base_page.py:49: \n_ _ _ _ _ _ _ _ _ _ _ _ _ _ _ _ _ _ _ _ _ _ _ _ _ _ _ _ _ _ _ _ _ _ _ _ _ _ _ _ _ _ _ _ _ _ _ _ _ _ _ _ _ _ _ _ _ _ _ _ _ _ _ _ _ _ _ _ _ _ _ _ _ _ _ _ _ _ _ _ _ _ _ _ _ _ _ _ _ _ _ _ _ _ _ _ _ _ _ _ _ _ _ _ _ _ _ _ _ _ _ _ _ _ _ _\n\nself = <selenium.webdriver.support.wait.WebDriverWait (session=\"132a41374ff113170935e2183fbcb969\")>, method = <function element_to_be_clickable.<locals>._predicate at 0x000001E1A7F25990>, message = ''\n\n    def until(self, method: Callable[[D], Union[Literal[False], T]], message: str = \"\") -> T:\n        \"\"\"Wait until the method returns a value that is not False.\n    \n        Calls the method provided with the driver as an argument until the\n        return value does not evaluate to ``False``.\n    \n        Parameters:\n        -----------\n        method: callable(WebDriver)\n            - A callable object that takes a WebDriver instance as an argument.\n    \n        message: str\n            - Optional message for :exc:`TimeoutException`\n    \n        Return:\n        -------\n        object: T\n            - The result of the last call to `method`\n    \n        Raises:\n        -------\n        TimeoutException\n            - If 'method' does not return a truthy value within the WebDriverWait\n            object's timeout\n    \n        Example:\n        --------\n        >>> from selenium.webdriver.common.by import By\n        >>> from selenium.webdriver.support.ui import WebDriverWait\n        >>> from selenium.webdriver.support import expected_conditions as EC\n    \n        # Wait until an element is visible on the page\n        >>> wait = WebDriverWait(driver, 10)\n        >>> element = wait.until(EC.visibility_of_element_located((By.ID, \"exampleId\")))\n        >>> print(element.text)\n        \"\"\"\n        screen = None\n        stacktrace = None\n    \n        end_time = time.monotonic() + self._timeout\n        while True:\n            try:\n                value = method(self._driver)\n                if value:\n                    return value\n            except self._ignored_exceptions as exc:\n                screen = getattr(exc, \"screen\", None)\n                stacktrace = getattr(exc, \"stacktrace\", None)\n            if time.monotonic() > end_time:\n                break\n            time.sleep(self._poll)\n>       raise TimeoutException(message, screen, stacktrace)\nE       selenium.common.exceptions.TimeoutException: Message: \nE       Stacktrace:\nE       \tGetHandleVerifier [0x0x7ff62e736f65+78965]\nE       \tGetHandleVerifier [0x0x7ff62e736fc0+79056]\nE       \t(No symbol) [0x0x7ff62e4c9dda]\nE       \t(No symbol) [0x0x7ff62e5202ea]\nE       \t(No symbol) [0x0x7ff62e52059c]\nE       \t(No symbol) [0x0x7ff62e573f37]\nE       \t(No symbol) [0x0x7ff62e5486af]\nE       \t(No symbol) [0x0x7ff62e570dbe]\nE       \t(No symbol) [0x0x7ff62e548443]\nE       \t(No symbol) [0x0x7ff62e511311]\nE       \t(No symbol) [0x0x7ff62e5120a3]\nE       \tGetHandleVerifier [0x0x7ff62e9ee26d+2926461]\nE       \tGetHandleVerifier [0x0x7ff62e9e8993+2903715]\nE       \tGetHandleVerifier [0x0x7ff62ea06aed+3026941]\nE       \tGetHandleVerifier [0x0x7ff62e7516fe+187406]\nE       \tGetHandleVerifier [0x0x7ff62e7596ef+220159]\nE       \tGetHandleVerifier [0x0x7ff62e73faf4+114692]\nE       \tGetHandleVerifier [0x0x7ff62e73fca9+115129]\nE       \tGetHandleVerifier [0x0x7ff62e7264d8+10728]\nE       \tBaseThreadInitThunk [0x0x7ff90e507374+20]\nE       \tRtlUserThreadStart [0x0x7ff91019cc91+33]\n\nmyenv\\lib\\site-packages\\selenium\\webdriver\\support\\wait.py:138: TimeoutException\n\nDuring handling of the above exception, another exception occurred:\n\nself = <test_items.test_shift.TestShiftPage object at 0x000001E1A5EC77F0>, login_to_shift = <selenium.webdriver.chrome.webdriver.WebDriver (session=\"132a41374ff113170935e2183fbcb969\")>\n\n    @allure.story(\"模拟Shift+点击可多选ctrl+m编辑\")\n    # @pytest.mark.run(order=1)\n    def test_shift_ctrls(self, login_to_shift):\n        driver = login_to_shift  # WebDriver 实例\n        shift = ShiftPage(driver)  # 用 driver 初始化 ShiftPage\n        elements = ['(//table[@class=\"vxe-table--body\"]//tr[1]//td[1])[2]',\n                    '(//table[@class=\"vxe-table--body\"]//tr[2]//td[1])[2]']\n>       shift.click_button(elements[0])\n\nTests\\test_items\\test_shift.py:1008: \n_ _ _ _ _ _ _ _ _ _ _ _ _ _ _ _ _ _ _ _ _ _ _ _ _ _ _ _ _ _ _ _ _ _ _ _ _ _ _ _ _ _ _ _ _ _ _ _ _ _ _ _ _ _ _ _ _ _ _ _ _ _ _ _ _ _ _ _ _ _ _ _ _ _ _ _ _ _ _ _ _ _ _ _ _ _ _ _ _ _ _ _ _ _ _ _ _ _ _ _ _ _ _ _ _ _ _ _ _ _ _ _ _ _ _ _\nPages\\itemsPage\\shift_page.py:41: in click_button\n    self.click(By.XPATH, xpath)\n_ _ _ _ _ _ _ _ _ _ _ _ _ _ _ _ _ _ _ _ _ _ _ _ _ _ _ _ _ _ _ _ _ _ _ _ _ _ _ _ _ _ _ _ _ _ _ _ _ _ _ _ _ _ _ _ _ _ _ _ _ _ _ _ _ _ _ _ _ _ _ _ _ _ _ _ _ _ _ _ _ _ _ _ _ _ _ _ _ _ _ _ _ _ _ _ _ _ _ _ _ _ _ _ _ _ _ _ _ _ _ _ _ _ _ _\n\nself = <Pages.itemsPage.shift_page.ShiftPage object at 0x000001E1A7E86260>, by_or_element = 'xpath', value = '(//table[@class=\"vxe-table--body\"]//tr[1]//td[1])[2]', wait_time = 10, retries = 2\n\n    def click(self, by_or_element, value=None, wait_time=10, retries=2):\n        \"\"\"\n        更稳健的点击方法：支持定位符或 WebElement，自动处理 stale 元素、点击拦截等问题。\n        \"\"\"\n        for attempt in range(retries):\n            try:\n                if value is not None:\n                    by = by_or_element\n                    logging.info(f\"点击元素：By = {by}, Value = {value}\")\n                    element = WebDriverWait(self.driver, wait_time).until(\n                        EC.element_to_be_clickable((by, value))\n                    )\n                else:\n                    logging.info(\"点击元素：WebElement 对象\")\n                    element = by_or_element\n    \n                element.click()\n                logging.info(\"✅ 点击成功\")\n                return\n    \n            except ElementClickInterceptedException:\n                logging.warning(\"⚠️ 原生点击被拦截，尝试使用 JS 点击\")\n                try:\n                    self.driver.execute_script(\"arguments[0].click();\", element)\n                    logging.info(\"✅ JS 点击成功\")\n                    return\n                except Exception as js_error:\n                    logging.warning(f\"⚠️ JS 点击失败：{js_error}\")\n                    sleep(1)\n                    continue  # 下一轮重试\n    \n            except StaleElementReferenceException:\n                logging.warning(f\"⚠️ 第 {attempt + 1} 次点击失败：元素过期，尝试重新定位\")\n                sleep(1)\n                continue  # 下一轮重试时重新定位\n    \n            except TimeoutException:\n                logging.error(f\"❌ 元素未在 {wait_time} 秒内变为可点击\")\n>               raise TimeoutException(f\"点击失败，找不到元素：{by_or_element} = {value}\")\nE               selenium.common.exceptions.TimeoutException: Message: 点击失败，找不到元素：xpath = (//table[@class=\"vxe-table--body\"]//tr[1]//td[1])[2]\n\nPages\\base_page.py:78: TimeoutException","steps":[],"attachments":[{"uid":"5f631a46a34a4365","name":"test_shift_ctrls_20260114_210127","source":"5f631a46a34a4365.png","type":"image/png","size":115259},{"uid":"44cb9eba0e703718","name":"log","source":"44cb9eba0e703718.txt","type":"text/plain","size":423}],"parameters":[],"attachmentStep":false,"hasContent":true,"stepsCount":0,"shouldDisplayMessage":true,"attachmentsCount":2},"afterStages":[{"name":"login_to_shift::0","time":{"start":1768395738831,"stop":1768395741011,"duration":2180},"status":"passed","steps":[],"attachments":[],"parameters":[],"attachmentStep":false,"hasContent":false,"stepsCount":0,"shouldDisplayMessage":false,"attachmentsCount":0}],"labels":[{"name":"feature","value":"班次表测试用例"},{"name":"story","value":"模拟Shift+点击可多选ctrl+m编辑"},{"name":"parentSuite","value":"Tests.test_items"},{"name":"suite","value":"test_shift"},{"name":"subSuite","value":"TestShiftPage"},{"name":"host","value":"WIN-20240820MJV"},{"name":"thread","value":"6652-MainThread"},{"name":"framework","value":"pytest"},{"name":"language","value":"cpython3"},{"name":"package","value":"Tests.test_items.test_shift"},{"name":"resultFormat","value":"allure2"}],"parameters":[],"links":[],"hidden":false,"retry":false,"extra":{"severity":"normal","retries":[{"uid":"8101b0be21394089","status":"broken","statusDetails":"selenium.common.exceptions.TimeoutException: Message: 点击失败，找不到元素：xpath = (//table[@class=\"vxe-table--body\"]//tr[1]//td[1])[2]","time":{"start":1768395667353,"stop":1768395677542,"duration":10189}}],"categories":[{"name":"Test defects","matchedStatuses":[]}],"tags":[]},"source":"74ee975f0017ba3d.json","parameterValues":[]}