{"uid":"75b3f1731d478959","name":"test_unit_download","fullName":"Tests.test_system.test_planUnit.TestPlanUnitPage#test_unit_download","historyId":"193059d416d23c7f644d0cb59d7d3e64","time":{"start":1768851018097,"stop":1768851019185,"duration":1088},"status":"broken","statusMessage":"selenium.common.exceptions.ElementClickInterceptedException: Message: element click intercepted: Element <div data-v-3bd25850=\"\" class=\"labelStyle cursor-pointer m-l-1\">...</div> is not clickable at point (452, 64). Other element would receive the click: <div class=\"ivu-modal-wrap\" style=\"z-index: 100000046;\">...</div>\n  (Session info: chrome=137.0.7151.69)\nStacktrace:\n\tGetHandleVerifier [0x0x7ff707d06f65+78965]\n\tGetHandleVerifier [0x0x7ff707d06fc0+79056]\n\t(No symbol) [0x0x7ff707a99dda]\n\t(No symbol) [0x0x7ff707af82e9]\n\t(No symbol) [0x0x7ff707af5c82]\n\t(No symbol) [0x0x7ff707af2cd1]\n\t(No symbol) [0x0x7ff707af1c44]\n\t(No symbol) [0x0x7ff707ae32a4]\n\t(No symbol) [0x0x7ff707b1866a]\n\t(No symbol) [0x0x7ff707ae2b56]\n\t(No symbol) [0x0x7ff707b18880]\n\t(No symbol) [0x0x7ff707b40dbe]\n\t(No symbol) [0x0x7ff707b18443]\n\t(No symbol) [0x0x7ff707ae1311]\n\t(No symbol) [0x0x7ff707ae20a3]\n\tGetHandleVerifier [0x0x7ff707fbe26d+2926461]\n\tGetHandleVerifier [0x0x7ff707fb8993+2903715]\n\tGetHandleVerifier [0x0x7ff707fd6aed+3026941]\n\tGetHandleVerifier [0x0x7ff707d216fe+187406]\n\tGetHandleVerifier [0x0x7ff707d296ef+220159]\n\tGetHandleVerifier [0x0x7ff707d0faf4+114692]\n\tGetHandleVerifier [0x0x7ff707d0fca9+115129]\n\tGetHandleVerifier [0x0x7ff707cf64d8+10728]\n\tBaseThreadInitThunk [0x0x7ffc4d1c7374+20]\n\tRtlUserThreadStart [0x0x7ffc4ec7cc91+33]","statusTrace":"self = <test_system.test_planUnit.TestPlanUnitPage object at 0x00000226BEBB6470>, login_to_planUnit = <selenium.webdriver.chrome.webdriver.WebDriver (session=\"92334565d8652e70d92c41fb7d15db81\")>\n\n    @allure.story(\"下载成功\")\n    # @pytest.mark.run(order=1)\n    def test_unit_download(self, login_to_planUnit):\n        driver = login_to_planUnit  # WebDriver 实例\n        unit = PlanUnitPage(driver)  # 用 driver 初始化 PlanUnitPage\n>       unit.right_refresh()\n\nTests\\test_system\\test_planUnit.py:936: \n_ _ _ _ _ _ _ _ _ _ _ _ _ _ _ _ _ _ _ _ _ _ _ _ _ _ _ _ _ _ _ _ _ _ _ _ _ _ _ _ _ _ _ _ _ _ _ _ _ _ _ _ _ _ _ _ _ _ _ _ _ _ _ _ _ _ _ _ _ _ _ _ _ _ _ _ _ _ _ _ _ _ _ _ _ _ _ _ _ _ _ _ _ _ _ _ _ _ _ _ _ _ _ _ _ _ _ _ _ _ _ _ _ _ _ _\nPages\\systemPage\\planUnit_page.py:54: in right_refresh\n    but.click()\nmyenv\\lib\\site-packages\\selenium\\webdriver\\remote\\webelement.py:121: in click\n    self._execute(Command.CLICK_ELEMENT)\nmyenv\\lib\\site-packages\\selenium\\webdriver\\remote\\webelement.py:574: in _execute\n    return self._parent.execute(command, params)\nmyenv\\lib\\site-packages\\selenium\\webdriver\\remote\\webdriver.py:447: in execute\n    self.error_handler.check_response(response)\n_ _ _ _ _ _ _ _ _ _ _ _ _ _ _ _ _ _ _ _ _ _ _ _ _ _ _ _ _ _ _ _ _ _ _ _ _ _ _ _ _ _ _ _ _ _ _ _ _ _ _ _ _ _ _ _ _ _ _ _ _ _ _ _ _ _ _ _ _ _ _ _ _ _ _ _ _ _ _ _ _ _ _ _ _ _ _ _ _ _ _ _ _ _ _ _ _ _ _ _ _ _ _ _ _ _ _ _ _ _ _ _ _ _ _ _\n\nself = <selenium.webdriver.remote.errorhandler.ErrorHandler object at 0x00000226BE8426E0>\nresponse = {'status': 400, 'value': '{\"value\":{\"error\":\"element click intercepted\",\"message\":\"element click intercepted: Element ...ff707cf64d8+10728]\\\\n\\\\tBaseThreadInitThunk [0x0x7ffc4d1c7374+20]\\\\n\\\\tRtlUserThreadStart [0x0x7ffc4ec7cc91+33]\\\\n\"}}'}\n\n    def check_response(self, response: Dict[str, Any]) -> None:\n        \"\"\"Checks that a JSON response from the WebDriver does not have an\n        error.\n    \n        :Args:\n         - response - The JSON response from the WebDriver server as a dictionary\n           object.\n    \n        :Raises: If the response contains an error message.\n        \"\"\"\n        status = response.get(\"status\", None)\n        if not status or status == ErrorCode.SUCCESS:\n            return\n        value = None\n        message = response.get(\"message\", \"\")\n        screen: str = response.get(\"screen\", \"\")\n        stacktrace = None\n        if isinstance(status, int):\n            value_json = response.get(\"value\", None)\n            if value_json and isinstance(value_json, str):\n                import json\n    \n                try:\n                    value = json.loads(value_json)\n                    if len(value) == 1:\n                        value = value[\"value\"]\n                    status = value.get(\"error\", None)\n                    if not status:\n                        status = value.get(\"status\", ErrorCode.UNKNOWN_ERROR)\n                        message = value.get(\"value\") or value.get(\"message\")\n                        if not isinstance(message, str):\n                            value = message\n                            message = message.get(\"message\")\n                    else:\n                        message = value.get(\"message\", None)\n                except ValueError:\n                    pass\n    \n        exception_class: Type[WebDriverException]\n        e = ErrorCode()\n        error_codes = [item for item in dir(e) if not item.startswith(\"__\")]\n        for error_code in error_codes:\n            error_info = getattr(ErrorCode, error_code)\n            if isinstance(error_info, list) and status in error_info:\n                exception_class = getattr(ExceptionMapping, error_code, WebDriverException)\n                break\n        else:\n            exception_class = WebDriverException\n    \n        if not value:\n            value = response[\"value\"]\n        if isinstance(value, str):\n            raise exception_class(value)\n        if message == \"\" and \"message\" in value:\n            message = value[\"message\"]\n    \n        screen = None  # type: ignore[assignment]\n        if \"screen\" in value:\n            screen = value[\"screen\"]\n    \n        stacktrace = None\n        st_value = value.get(\"stackTrace\") or value.get(\"stacktrace\")\n        if st_value:\n            if isinstance(st_value, str):\n                stacktrace = st_value.split(\"\\n\")\n            else:\n                stacktrace = []\n                try:\n                    for frame in st_value:\n                        line = frame.get(\"lineNumber\", \"\")\n                        file = frame.get(\"fileName\", \"<anonymous>\")\n                        if line:\n                            file = f\"{file}:{line}\"\n                        meth = frame.get(\"methodName\", \"<anonymous>\")\n                        if \"className\" in frame:\n                            meth = f\"{frame['className']}.{meth}\"\n                        msg = \"    at %s (%s)\"\n                        msg = msg % (meth, file)\n                        stacktrace.append(msg)\n                except TypeError:\n                    pass\n        if exception_class == UnexpectedAlertPresentException:\n            alert_text = None\n            if \"data\" in value:\n                alert_text = value[\"data\"].get(\"text\")\n            elif \"alert\" in value:\n                alert_text = value[\"alert\"].get(\"text\")\n            raise exception_class(message, screen, stacktrace, alert_text)  # type: ignore[call-arg]  # mypy is not smart enough here\n>       raise exception_class(message, screen, stacktrace)\nE       selenium.common.exceptions.ElementClickInterceptedException: Message: element click intercepted: Element <div data-v-3bd25850=\"\" class=\"labelStyle cursor-pointer m-l-1\">...</div> is not clickable at point (452, 64). Other element would receive the click: <div class=\"ivu-modal-wrap\" style=\"z-index: 100000046;\">...</div>\nE         (Session info: chrome=137.0.7151.69)\nE       Stacktrace:\nE       \tGetHandleVerifier [0x0x7ff707d06f65+78965]\nE       \tGetHandleVerifier [0x0x7ff707d06fc0+79056]\nE       \t(No symbol) [0x0x7ff707a99dda]\nE       \t(No symbol) [0x0x7ff707af82e9]\nE       \t(No symbol) [0x0x7ff707af5c82]\nE       \t(No symbol) [0x0x7ff707af2cd1]\nE       \t(No symbol) [0x0x7ff707af1c44]\nE       \t(No symbol) [0x0x7ff707ae32a4]\nE       \t(No symbol) [0x0x7ff707b1866a]\nE       \t(No symbol) [0x0x7ff707ae2b56]\nE       \t(No symbol) [0x0x7ff707b18880]\nE       \t(No symbol) [0x0x7ff707b40dbe]\nE       \t(No symbol) [0x0x7ff707b18443]\nE       \t(No symbol) [0x0x7ff707ae1311]\nE       \t(No symbol) [0x0x7ff707ae20a3]\nE       \tGetHandleVerifier [0x0x7ff707fbe26d+2926461]\nE       \tGetHandleVerifier [0x0x7ff707fb8993+2903715]\nE       \tGetHandleVerifier [0x0x7ff707fd6aed+3026941]\nE       \tGetHandleVerifier [0x0x7ff707d216fe+187406]\nE       \tGetHandleVerifier [0x0x7ff707d296ef+220159]\nE       \tGetHandleVerifier [0x0x7ff707d0faf4+114692]\nE       \tGetHandleVerifier [0x0x7ff707d0fca9+115129]\nE       \tGetHandleVerifier [0x0x7ff707cf64d8+10728]\nE       \tBaseThreadInitThunk [0x0x7ffc4d1c7374+20]\nE       \tRtlUserThreadStart [0x0x7ffc4ec7cc91+33]\n\nmyenv\\lib\\site-packages\\selenium\\webdriver\\remote\\errorhandler.py:232: ElementClickInterceptedException","flaky":false,"newFailed":false,"newBroken":false,"newPassed":false,"retriesCount":1,"retriesStatusChange":false,"beforeStages":[{"name":"login_to_planUnit","time":{"start":1768850794824,"stop":1768850813329,"duration":18505},"status":"passed","steps":[],"attachments":[],"parameters":[],"hasContent":false,"attachmentStep":false,"stepsCount":0,"attachmentsCount":0,"shouldDisplayMessage":false}],"testStage":{"status":"broken","statusMessage":"selenium.common.exceptions.ElementClickInterceptedException: Message: element click intercepted: Element <div data-v-3bd25850=\"\" class=\"labelStyle cursor-pointer m-l-1\">...</div> is not clickable at point (452, 64). Other element would receive the click: <div class=\"ivu-modal-wrap\" style=\"z-index: 100000046;\">...</div>\n  (Session info: chrome=137.0.7151.69)\nStacktrace:\n\tGetHandleVerifier [0x0x7ff707d06f65+78965]\n\tGetHandleVerifier [0x0x7ff707d06fc0+79056]\n\t(No symbol) [0x0x7ff707a99dda]\n\t(No symbol) [0x0x7ff707af82e9]\n\t(No symbol) [0x0x7ff707af5c82]\n\t(No symbol) [0x0x7ff707af2cd1]\n\t(No symbol) [0x0x7ff707af1c44]\n\t(No symbol) [0x0x7ff707ae32a4]\n\t(No symbol) [0x0x7ff707b1866a]\n\t(No symbol) [0x0x7ff707ae2b56]\n\t(No symbol) [0x0x7ff707b18880]\n\t(No symbol) [0x0x7ff707b40dbe]\n\t(No symbol) [0x0x7ff707b18443]\n\t(No symbol) [0x0x7ff707ae1311]\n\t(No symbol) [0x0x7ff707ae20a3]\n\tGetHandleVerifier [0x0x7ff707fbe26d+2926461]\n\tGetHandleVerifier [0x0x7ff707fb8993+2903715]\n\tGetHandleVerifier [0x0x7ff707fd6aed+3026941]\n\tGetHandleVerifier [0x0x7ff707d216fe+187406]\n\tGetHandleVerifier [0x0x7ff707d296ef+220159]\n\tGetHandleVerifier [0x0x7ff707d0faf4+114692]\n\tGetHandleVerifier [0x0x7ff707d0fca9+115129]\n\tGetHandleVerifier [0x0x7ff707cf64d8+10728]\n\tBaseThreadInitThunk [0x0x7ffc4d1c7374+20]\n\tRtlUserThreadStart [0x0x7ffc4ec7cc91+33]","statusTrace":"self = <test_system.test_planUnit.TestPlanUnitPage object at 0x00000226BEBB6470>, login_to_planUnit = <selenium.webdriver.chrome.webdriver.WebDriver (session=\"92334565d8652e70d92c41fb7d15db81\")>\n\n    @allure.story(\"下载成功\")\n    # @pytest.mark.run(order=1)\n    def test_unit_download(self, login_to_planUnit):\n        driver = login_to_planUnit  # WebDriver 实例\n        unit = PlanUnitPage(driver)  # 用 driver 初始化 PlanUnitPage\n>       unit.right_refresh()\n\nTests\\test_system\\test_planUnit.py:936: \n_ _ _ _ _ _ _ _ _ _ _ _ _ _ _ _ _ _ _ _ _ _ _ _ _ _ _ _ _ _ _ _ _ _ _ _ _ _ _ _ _ _ _ _ _ _ _ _ _ _ _ _ _ _ _ _ _ _ _ _ _ _ _ _ _ _ _ _ _ _ _ _ _ _ _ _ _ _ _ _ _ _ _ _ _ _ _ _ _ _ _ _ _ _ _ _ _ _ _ _ _ _ _ _ _ _ _ _ _ _ _ _ _ _ _ _\nPages\\systemPage\\planUnit_page.py:54: in right_refresh\n    but.click()\nmyenv\\lib\\site-packages\\selenium\\webdriver\\remote\\webelement.py:121: in click\n    self._execute(Command.CLICK_ELEMENT)\nmyenv\\lib\\site-packages\\selenium\\webdriver\\remote\\webelement.py:574: in _execute\n    return self._parent.execute(command, params)\nmyenv\\lib\\site-packages\\selenium\\webdriver\\remote\\webdriver.py:447: in execute\n    self.error_handler.check_response(response)\n_ _ _ _ _ _ _ _ _ _ _ _ _ _ _ _ _ _ _ _ _ _ _ _ _ _ _ _ _ _ _ _ _ _ _ _ _ _ _ _ _ _ _ _ _ _ _ _ _ _ _ _ _ _ _ _ _ _ _ _ _ _ _ _ _ _ _ _ _ _ _ _ _ _ _ _ _ _ _ _ _ _ _ _ _ _ _ _ _ _ _ _ _ _ _ _ _ _ _ _ _ _ _ _ _ _ _ _ _ _ _ _ _ _ _ _\n\nself = <selenium.webdriver.remote.errorhandler.ErrorHandler object at 0x00000226BE8426E0>\nresponse = {'status': 400, 'value': '{\"value\":{\"error\":\"element click intercepted\",\"message\":\"element click intercepted: Element ...ff707cf64d8+10728]\\\\n\\\\tBaseThreadInitThunk [0x0x7ffc4d1c7374+20]\\\\n\\\\tRtlUserThreadStart [0x0x7ffc4ec7cc91+33]\\\\n\"}}'}\n\n    def check_response(self, response: Dict[str, Any]) -> None:\n        \"\"\"Checks that a JSON response from the WebDriver does not have an\n        error.\n    \n        :Args:\n         - response - The JSON response from the WebDriver server as a dictionary\n           object.\n    \n        :Raises: If the response contains an error message.\n        \"\"\"\n        status = response.get(\"status\", None)\n        if not status or status == ErrorCode.SUCCESS:\n            return\n        value = None\n        message = response.get(\"message\", \"\")\n        screen: str = response.get(\"screen\", \"\")\n        stacktrace = None\n        if isinstance(status, int):\n            value_json = response.get(\"value\", None)\n            if value_json and isinstance(value_json, str):\n                import json\n    \n                try:\n                    value = json.loads(value_json)\n                    if len(value) == 1:\n                        value = value[\"value\"]\n                    status = value.get(\"error\", None)\n                    if not status:\n                        status = value.get(\"status\", ErrorCode.UNKNOWN_ERROR)\n                        message = value.get(\"value\") or value.get(\"message\")\n                        if not isinstance(message, str):\n                            value = message\n                            message = message.get(\"message\")\n                    else:\n                        message = value.get(\"message\", None)\n                except ValueError:\n                    pass\n    \n        exception_class: Type[WebDriverException]\n        e = ErrorCode()\n        error_codes = [item for item in dir(e) if not item.startswith(\"__\")]\n        for error_code in error_codes:\n            error_info = getattr(ErrorCode, error_code)\n            if isinstance(error_info, list) and status in error_info:\n                exception_class = getattr(ExceptionMapping, error_code, WebDriverException)\n                break\n        else:\n            exception_class = WebDriverException\n    \n        if not value:\n            value = response[\"value\"]\n        if isinstance(value, str):\n            raise exception_class(value)\n        if message == \"\" and \"message\" in value:\n            message = value[\"message\"]\n    \n        screen = None  # type: ignore[assignment]\n        if \"screen\" in value:\n            screen = value[\"screen\"]\n    \n        stacktrace = None\n        st_value = value.get(\"stackTrace\") or value.get(\"stacktrace\")\n        if st_value:\n            if isinstance(st_value, str):\n                stacktrace = st_value.split(\"\\n\")\n            else:\n                stacktrace = []\n                try:\n                    for frame in st_value:\n                        line = frame.get(\"lineNumber\", \"\")\n                        file = frame.get(\"fileName\", \"<anonymous>\")\n                        if line:\n                            file = f\"{file}:{line}\"\n                        meth = frame.get(\"methodName\", \"<anonymous>\")\n                        if \"className\" in frame:\n                            meth = f\"{frame['className']}.{meth}\"\n                        msg = \"    at %s (%s)\"\n                        msg = msg % (meth, file)\n                        stacktrace.append(msg)\n                except TypeError:\n                    pass\n        if exception_class == UnexpectedAlertPresentException:\n            alert_text = None\n            if \"data\" in value:\n                alert_text = value[\"data\"].get(\"text\")\n            elif \"alert\" in value:\n                alert_text = value[\"alert\"].get(\"text\")\n            raise exception_class(message, screen, stacktrace, alert_text)  # type: ignore[call-arg]  # mypy is not smart enough here\n>       raise exception_class(message, screen, stacktrace)\nE       selenium.common.exceptions.ElementClickInterceptedException: Message: element click intercepted: Element <div data-v-3bd25850=\"\" class=\"labelStyle cursor-pointer m-l-1\">...</div> is not clickable at point (452, 64). Other element would receive the click: <div class=\"ivu-modal-wrap\" style=\"z-index: 100000046;\">...</div>\nE         (Session info: chrome=137.0.7151.69)\nE       Stacktrace:\nE       \tGetHandleVerifier [0x0x7ff707d06f65+78965]\nE       \tGetHandleVerifier [0x0x7ff707d06fc0+79056]\nE       \t(No symbol) [0x0x7ff707a99dda]\nE       \t(No symbol) [0x0x7ff707af82e9]\nE       \t(No symbol) [0x0x7ff707af5c82]\nE       \t(No symbol) [0x0x7ff707af2cd1]\nE       \t(No symbol) [0x0x7ff707af1c44]\nE       \t(No symbol) [0x0x7ff707ae32a4]\nE       \t(No symbol) [0x0x7ff707b1866a]\nE       \t(No symbol) [0x0x7ff707ae2b56]\nE       \t(No symbol) [0x0x7ff707b18880]\nE       \t(No symbol) [0x0x7ff707b40dbe]\nE       \t(No symbol) [0x0x7ff707b18443]\nE       \t(No symbol) [0x0x7ff707ae1311]\nE       \t(No symbol) [0x0x7ff707ae20a3]\nE       \tGetHandleVerifier [0x0x7ff707fbe26d+2926461]\nE       \tGetHandleVerifier [0x0x7ff707fb8993+2903715]\nE       \tGetHandleVerifier [0x0x7ff707fd6aed+3026941]\nE       \tGetHandleVerifier [0x0x7ff707d216fe+187406]\nE       \tGetHandleVerifier [0x0x7ff707d296ef+220159]\nE       \tGetHandleVerifier [0x0x7ff707d0faf4+114692]\nE       \tGetHandleVerifier [0x0x7ff707d0fca9+115129]\nE       \tGetHandleVerifier [0x0x7ff707cf64d8+10728]\nE       \tBaseThreadInitThunk [0x0x7ffc4d1c7374+20]\nE       \tRtlUserThreadStart [0x0x7ffc4ec7cc91+33]\n\nmyenv\\lib\\site-packages\\selenium\\webdriver\\remote\\errorhandler.py:232: ElementClickInterceptedException","steps":[],"attachments":[{"uid":"eb6ffa95b1817212","name":"test_unit_download_20260120_033019","source":"eb6ffa95b1817212.png","type":"image/png","size":109813},{"uid":"6851d06819784c30","name":"test_unit_download_20260120_033019","source":"6851d06819784c30.png","type":"image/png","size":109724},{"uid":"a97d3269e814af20","name":"test_unit_download_20260120_033019","source":"a97d3269e814af20.png","type":"image/png","size":125351},{"uid":"207f2d8ab33d227f","name":"test_unit_download_20260120_033019","source":"207f2d8ab33d227f.png","type":"image/png","size":125351},{"uid":"36d8c9b6a09cd5e7","name":"test_unit_download_20260120_033019","source":"36d8c9b6a09cd5e7.png","type":"image/png","size":68464},{"uid":"670b738ecf5eb236","name":"log","source":"670b738ecf5eb236.txt","type":"text/plain","size":253}],"parameters":[],"hasContent":true,"attachmentStep":false,"stepsCount":0,"attachmentsCount":6,"shouldDisplayMessage":true},"afterStages":[{"name":"login_to_planUnit::0","time":{"start":1768851044637,"stop":1768851046817,"duration":2180},"status":"passed","steps":[],"attachments":[],"parameters":[],"hasContent":false,"attachmentStep":false,"stepsCount":0,"attachmentsCount":0,"shouldDisplayMessage":false}],"labels":[{"name":"feature","value":"计划单元页用例"},{"name":"story","value":"下载成功"},{"name":"parentSuite","value":"Tests.test_system"},{"name":"suite","value":"test_planUnit"},{"name":"subSuite","value":"TestPlanUnitPage"},{"name":"host","value":"WIN-20240820MJV"},{"name":"thread","value":"22388-MainThread"},{"name":"framework","value":"pytest"},{"name":"language","value":"cpython3"},{"name":"package","value":"Tests.test_system.test_planUnit"},{"name":"resultFormat","value":"allure2"}],"parameters":[],"links":[],"hidden":false,"retry":false,"extra":{"severity":"normal","retries":[{"uid":"7b9d401268722e88","status":"broken","statusDetails":"selenium.common.exceptions.ElementClickInterceptedException: Message: element click intercepted: Element <div data-v-3bd25850=\"\" class=\"labelStyle cursor-pointer m-l-1\">...</div> is not clickable at point (452, 64). Other element would receive the click: <div class=\"ivu-modal-wrap\" style=\"z-index: 100000046;\">...</div>\n  (Session info: chrome=137.0.7151.69)\nStacktrace:\n\tGetHandleVerifier [0x0x7ff707d06f65+78965]\n\tGetHandleVerifier [0x0x7ff707d06fc0+79056]\n\t(No symbol) [0x0x7ff707a99dda]\n\t(No symbol) [0x0x7ff707af82e9]\n\t(No symbol) [0x0x7ff707af5c82]\n\t(No symbol) [0x0x7ff707af2cd1]\n\t(No symbol) [0x0x7ff707af1c44]\n\t(No symbol) [0x0x7ff707ae32a4]\n\t(No symbol) [0x0x7ff707b1866a]\n\t(No symbol) [0x0x7ff707ae2b56]\n\t(No symbol) [0x0x7ff707b18880]\n\t(No symbol) [0x0x7ff707b40dbe]\n\t(No symbol) [0x0x7ff707b18443]\n\t(No symbol) [0x0x7ff707ae1311]\n\t(No symbol) [0x0x7ff707ae20a3]\n\tGetHandleVerifier [0x0x7ff707fbe26d+2926461]\n\tGetHandleVerifier [0x0x7ff707fb8993+2903715]\n\tGetHandleVerifier [0x0x7ff707fd6aed+3026941]\n\tGetHandleVerifier [0x0x7ff707d216fe+187406]\n\tGetHandleVerifier [0x0x7ff707d296ef+220159]\n\tGetHandleVerifier [0x0x7ff707d0faf4+114692]\n\tGetHandleVerifier [0x0x7ff707d0fca9+115129]\n\tGetHandleVerifier [0x0x7ff707cf64d8+10728]\n\tBaseThreadInitThunk [0x0x7ffc4d1c7374+20]\n\tRtlUserThreadStart [0x0x7ffc4ec7cc91+33]","time":{"start":1768851016357,"stop":1768851017437,"duration":1080}}],"categories":[{"name":"Test defects","matchedStatuses":[]}],"tags":[]},"source":"75b3f1731d478959.json","parameterValues":[]}