{"uid":"766d31f452b4e8c5","name":"test_setting_layoutlist_updatefail","fullName":"Tests.test_items.test_setting.TestSettingPage#test_setting_layoutlist_updatefail","historyId":"9871941699426fafe0b0464cce205826","time":{"start":1770096389432,"stop":1770096396598,"duration":7166},"status":"broken","statusMessage":"selenium.common.exceptions.ElementNotInteractableException: Message: element not interactable: [object HTMLSpanElement] has no size and location\n  (Session info: chrome=137.0.7151.69)\nStacktrace:\n\tGetHandleVerifier [0x0x7ff737376f65+78965]\n\tGetHandleVerifier [0x0x7ff737376fc0+79056]\n\t(No symbol) [0x0x7ff737109dda]\n\t(No symbol) [0x0x7ff7371117c1]\n\t(No symbol) [0x0x7ff73711482c]\n\t(No symbol) [0x0x7ff7371148ff]\n\t(No symbol) [0x0x7ff7371676a4]\n\t(No symbol) [0x0x7ff7371668db]\n\t(No symbol) [0x0x7ff7371bc479]\n\t(No symbol) [0x0x7ff73718866a]\n\t(No symbol) [0x0x7ff7371b0dbe]\n\t(No symbol) [0x0x7ff737188443]\n\t(No symbol) [0x0x7ff737151311]\n\t(No symbol) [0x0x7ff7371520a3]\n\tGetHandleVerifier [0x0x7ff73762e26d+2926461]\n\tGetHandleVerifier [0x0x7ff737628993+2903715]\n\tGetHandleVerifier [0x0x7ff737646aed+3026941]\n\tGetHandleVerifier [0x0x7ff7373916fe+187406]\n\tGetHandleVerifier [0x0x7ff7373996ef+220159]\n\tGetHandleVerifier [0x0x7ff73737faf4+114692]\n\tGetHandleVerifier [0x0x7ff73737fca9+115129]\n\tGetHandleVerifier [0x0x7ff7373664d8+10728]\n\tBaseThreadInitThunk [0x0x7ffa14ef7374+20]\n\tRtlUserThreadStart [0x0x7ffa16b1cc91+33]","statusTrace":"self = <test_items.test_setting.TestSettingPage object at 0x000001C77AACE080>, login_to_setting = <selenium.webdriver.chrome.webdriver.WebDriver (session=\"766583d08e095faf400f775d418236cc\")>\n\n    @allure.story(\"重复修改布局 不允许修改\")\n    # @pytest.mark.run(order=1)\n    def test_setting_layoutlist_updatefail(self, login_to_setting):\n        driver = login_to_setting  # WebDriver 实例\n        setting = SettingPage(driver)  # 用 driver 初始化 SettingPage\n        layout = \"修改布局\"\n        sleep(2)\n        setting.click_button('//i[@id=\"tabsDrawerIcon\"]')\n        sleep(1)\n    \n        # 获取目标 div 元素，这里的目标是具有特定文本的 div\n        target_div = setting.get_find_element_xpath(\n            f'//div[@id=\"container\"]/div[.//text()=\"{layout}\"]'\n        )\n    \n        # 获取父容器下所有 div\n        # 这一步是为了确定目标 div 在其父容器中的位置\n        parent_div = setting.get_find_element_xpath(f'//div[@id=\"container\"]')\n        all_children = parent_div.find_elements(By.XPATH, \"./div\")\n    \n        # 获取目标 div 的位置索引（从0开始）\n        # 这里是为了后续操作，比如点击目标 div 相关的按钮\n        index = all_children.index(target_div)\n        print(f\"目标 div 是第 {index + 1} 个 div\")  # 输出 3（如果从0开始则是2）\n>       setting.hover(layout)\n\nTests\\test_items\\test_setting.py:2200: \n_ _ _ _ _ _ _ _ _ _ _ _ _ _ _ _ _ _ _ _ _ _ _ _ _ _ _ _ _ _ _ _ _ _ _ _ _ _ _ _ _ _ _ _ _ _ _ _ _ _ _ _ _ _ _ _ _ _ _ _ _ _ _ _ _ _ _ _ _ _ _ _ _ _ _ _ _ _ _ _ _ _ _ _ _ _ _ _ _ _ _ _ _ _ _ _ _ _ _ _ _ _ _ _ _ _ _ _ _ _ _ _ _ _ _ _\nPages\\itemsPage\\setting_page.py:265: in hover\n    ActionChains(self.driver).move_to_element(container).perform()\nmyenv\\lib\\site-packages\\selenium\\webdriver\\common\\action_chains.py:93: in perform\n    self.w3c_actions.perform()\nmyenv\\lib\\site-packages\\selenium\\webdriver\\common\\actions\\action_builder.py:168: in perform\n    self.driver.execute(Command.W3C_ACTIONS, enc)\nmyenv\\lib\\site-packages\\selenium\\webdriver\\remote\\webdriver.py:447: in execute\n    self.error_handler.check_response(response)\n_ _ _ _ _ _ _ _ _ _ _ _ _ _ _ _ _ _ _ _ _ _ _ _ _ _ _ _ _ _ _ _ _ _ _ _ _ _ _ _ _ _ _ _ _ _ _ _ _ _ _ _ _ _ _ _ _ _ _ _ _ _ _ _ _ _ _ _ _ _ _ _ _ _ _ _ _ _ _ _ _ _ _ _ _ _ _ _ _ _ _ _ _ _ _ _ _ _ _ _ _ _ _ _ _ _ _ _ _ _ _ _ _ _ _ _\n\nself = <selenium.webdriver.remote.errorhandler.ErrorHandler object at 0x000001C77AACECB0>\nresponse = {'status': 400, 'value': '{\"value\":{\"error\":\"element not interactable\",\"message\":\"element not interactable: [object HT...ff7373664d8+10728]\\\\n\\\\tBaseThreadInitThunk [0x0x7ffa14ef7374+20]\\\\n\\\\tRtlUserThreadStart [0x0x7ffa16b1cc91+33]\\\\n\"}}'}\n\n    def check_response(self, response: Dict[str, Any]) -> None:\n        \"\"\"Checks that a JSON response from the WebDriver does not have an\n        error.\n    \n        :Args:\n         - response - The JSON response from the WebDriver server as a dictionary\n           object.\n    \n        :Raises: If the response contains an error message.\n        \"\"\"\n        status = response.get(\"status\", None)\n        if not status or status == ErrorCode.SUCCESS:\n            return\n        value = None\n        message = response.get(\"message\", \"\")\n        screen: str = response.get(\"screen\", \"\")\n        stacktrace = None\n        if isinstance(status, int):\n            value_json = response.get(\"value\", None)\n            if value_json and isinstance(value_json, str):\n                import json\n    \n                try:\n                    value = json.loads(value_json)\n                    if len(value) == 1:\n                        value = value[\"value\"]\n                    status = value.get(\"error\", None)\n                    if not status:\n                        status = value.get(\"status\", ErrorCode.UNKNOWN_ERROR)\n                        message = value.get(\"value\") or value.get(\"message\")\n                        if not isinstance(message, str):\n                            value = message\n                            message = message.get(\"message\")\n                    else:\n                        message = value.get(\"message\", None)\n                except ValueError:\n                    pass\n    \n        exception_class: Type[WebDriverException]\n        e = ErrorCode()\n        error_codes = [item for item in dir(e) if not item.startswith(\"__\")]\n        for error_code in error_codes:\n            error_info = getattr(ErrorCode, error_code)\n            if isinstance(error_info, list) and status in error_info:\n                exception_class = getattr(ExceptionMapping, error_code, WebDriverException)\n                break\n        else:\n            exception_class = WebDriverException\n    \n        if not value:\n            value = response[\"value\"]\n        if isinstance(value, str):\n            raise exception_class(value)\n        if message == \"\" and \"message\" in value:\n            message = value[\"message\"]\n    \n        screen = None  # type: ignore[assignment]\n        if \"screen\" in value:\n            screen = value[\"screen\"]\n    \n        stacktrace = None\n        st_value = value.get(\"stackTrace\") or value.get(\"stacktrace\")\n        if st_value:\n            if isinstance(st_value, str):\n                stacktrace = st_value.split(\"\\n\")\n            else:\n                stacktrace = []\n                try:\n                    for frame in st_value:\n                        line = frame.get(\"lineNumber\", \"\")\n                        file = frame.get(\"fileName\", \"<anonymous>\")\n                        if line:\n                            file = f\"{file}:{line}\"\n                        meth = frame.get(\"methodName\", \"<anonymous>\")\n                        if \"className\" in frame:\n                            meth = f\"{frame['className']}.{meth}\"\n                        msg = \"    at %s (%s)\"\n                        msg = msg % (meth, file)\n                        stacktrace.append(msg)\n                except TypeError:\n                    pass\n        if exception_class == UnexpectedAlertPresentException:\n            alert_text = None\n            if \"data\" in value:\n                alert_text = value[\"data\"].get(\"text\")\n            elif \"alert\" in value:\n                alert_text = value[\"alert\"].get(\"text\")\n            raise exception_class(message, screen, stacktrace, alert_text)  # type: ignore[call-arg]  # mypy is not smart enough here\n>       raise exception_class(message, screen, stacktrace)\nE       selenium.common.exceptions.ElementNotInteractableException: Message: element not interactable: [object HTMLSpanElement] has no size and location\nE         (Session info: chrome=137.0.7151.69)\nE       Stacktrace:\nE       \tGetHandleVerifier [0x0x7ff737376f65+78965]\nE       \tGetHandleVerifier [0x0x7ff737376fc0+79056]\nE       \t(No symbol) [0x0x7ff737109dda]\nE       \t(No symbol) [0x0x7ff7371117c1]\nE       \t(No symbol) [0x0x7ff73711482c]\nE       \t(No symbol) [0x0x7ff7371148ff]\nE       \t(No symbol) [0x0x7ff7371676a4]\nE       \t(No symbol) [0x0x7ff7371668db]\nE       \t(No symbol) [0x0x7ff7371bc479]\nE       \t(No symbol) [0x0x7ff73718866a]\nE       \t(No symbol) [0x0x7ff7371b0dbe]\nE       \t(No symbol) [0x0x7ff737188443]\nE       \t(No symbol) [0x0x7ff737151311]\nE       \t(No symbol) [0x0x7ff7371520a3]\nE       \tGetHandleVerifier [0x0x7ff73762e26d+2926461]\nE       \tGetHandleVerifier [0x0x7ff737628993+2903715]\nE       \tGetHandleVerifier [0x0x7ff737646aed+3026941]\nE       \tGetHandleVerifier [0x0x7ff7373916fe+187406]\nE       \tGetHandleVerifier [0x0x7ff7373996ef+220159]\nE       \tGetHandleVerifier [0x0x7ff73737faf4+114692]\nE       \tGetHandleVerifier [0x0x7ff73737fca9+115129]\nE       \tGetHandleVerifier [0x0x7ff7373664d8+10728]\nE       \tBaseThreadInitThunk [0x0x7ffa14ef7374+20]\nE       \tRtlUserThreadStart [0x0x7ffa16b1cc91+33]\n\nmyenv\\lib\\site-packages\\selenium\\webdriver\\remote\\errorhandler.py:232: ElementNotInteractableException","flaky":false,"newFailed":false,"newBroken":false,"newPassed":false,"retriesCount":3,"retriesStatusChange":false,"beforeStages":[{"name":"login_to_setting","time":{"start":1770094995090,"stop":1770095015562,"duration":20472},"status":"passed","steps":[],"attachments":[],"parameters":[],"stepsCount":0,"hasContent":false,"attachmentStep":false,"shouldDisplayMessage":false,"attachmentsCount":0}],"testStage":{"status":"broken","statusMessage":"selenium.common.exceptions.ElementNotInteractableException: Message: element not interactable: [object HTMLSpanElement] has no size and location\n  (Session info: chrome=137.0.7151.69)\nStacktrace:\n\tGetHandleVerifier [0x0x7ff737376f65+78965]\n\tGetHandleVerifier [0x0x7ff737376fc0+79056]\n\t(No symbol) [0x0x7ff737109dda]\n\t(No symbol) [0x0x7ff7371117c1]\n\t(No symbol) [0x0x7ff73711482c]\n\t(No symbol) [0x0x7ff7371148ff]\n\t(No symbol) [0x0x7ff7371676a4]\n\t(No symbol) [0x0x7ff7371668db]\n\t(No symbol) [0x0x7ff7371bc479]\n\t(No symbol) [0x0x7ff73718866a]\n\t(No symbol) [0x0x7ff7371b0dbe]\n\t(No symbol) [0x0x7ff737188443]\n\t(No symbol) [0x0x7ff737151311]\n\t(No symbol) [0x0x7ff7371520a3]\n\tGetHandleVerifier [0x0x7ff73762e26d+2926461]\n\tGetHandleVerifier [0x0x7ff737628993+2903715]\n\tGetHandleVerifier [0x0x7ff737646aed+3026941]\n\tGetHandleVerifier [0x0x7ff7373916fe+187406]\n\tGetHandleVerifier [0x0x7ff7373996ef+220159]\n\tGetHandleVerifier [0x0x7ff73737faf4+114692]\n\tGetHandleVerifier [0x0x7ff73737fca9+115129]\n\tGetHandleVerifier [0x0x7ff7373664d8+10728]\n\tBaseThreadInitThunk [0x0x7ffa14ef7374+20]\n\tRtlUserThreadStart [0x0x7ffa16b1cc91+33]","statusTrace":"self = <test_items.test_setting.TestSettingPage object at 0x000001C77AACE080>, login_to_setting = <selenium.webdriver.chrome.webdriver.WebDriver (session=\"766583d08e095faf400f775d418236cc\")>\n\n    @allure.story(\"重复修改布局 不允许修改\")\n    # @pytest.mark.run(order=1)\n    def test_setting_layoutlist_updatefail(self, login_to_setting):\n        driver = login_to_setting  # WebDriver 实例\n        setting = SettingPage(driver)  # 用 driver 初始化 SettingPage\n        layout = \"修改布局\"\n        sleep(2)\n        setting.click_button('//i[@id=\"tabsDrawerIcon\"]')\n        sleep(1)\n    \n        # 获取目标 div 元素，这里的目标是具有特定文本的 div\n        target_div = setting.get_find_element_xpath(\n            f'//div[@id=\"container\"]/div[.//text()=\"{layout}\"]'\n        )\n    \n        # 获取父容器下所有 div\n        # 这一步是为了确定目标 div 在其父容器中的位置\n        parent_div = setting.get_find_element_xpath(f'//div[@id=\"container\"]')\n        all_children = parent_div.find_elements(By.XPATH, \"./div\")\n    \n        # 获取目标 div 的位置索引（从0开始）\n        # 这里是为了后续操作，比如点击目标 div 相关的按钮\n        index = all_children.index(target_div)\n        print(f\"目标 div 是第 {index + 1} 个 div\")  # 输出 3（如果从0开始则是2）\n>       setting.hover(layout)\n\nTests\\test_items\\test_setting.py:2200: \n_ _ _ _ _ _ _ _ _ _ _ _ _ _ _ _ _ _ _ _ _ _ _ _ _ _ _ _ _ _ _ _ _ _ _ _ _ _ _ _ _ _ _ _ _ _ _ _ _ _ _ _ _ _ _ _ _ _ _ _ _ _ _ _ _ _ _ _ _ _ _ _ _ _ _ _ _ _ _ _ _ _ _ _ _ _ _ _ _ _ _ _ _ _ _ _ _ _ _ _ _ _ _ _ _ _ _ _ _ _ _ _ _ _ _ _\nPages\\itemsPage\\setting_page.py:265: in hover\n    ActionChains(self.driver).move_to_element(container).perform()\nmyenv\\lib\\site-packages\\selenium\\webdriver\\common\\action_chains.py:93: in perform\n    self.w3c_actions.perform()\nmyenv\\lib\\site-packages\\selenium\\webdriver\\common\\actions\\action_builder.py:168: in perform\n    self.driver.execute(Command.W3C_ACTIONS, enc)\nmyenv\\lib\\site-packages\\selenium\\webdriver\\remote\\webdriver.py:447: in execute\n    self.error_handler.check_response(response)\n_ _ _ _ _ _ _ _ _ _ _ _ _ _ _ _ _ _ _ _ _ _ _ _ _ _ _ _ _ _ _ _ _ _ _ _ _ _ _ _ _ _ _ _ _ _ _ _ _ _ _ _ _ _ _ _ _ _ _ _ _ _ _ _ _ _ _ _ _ _ _ _ _ _ _ _ _ _ _ _ _ _ _ _ _ _ _ _ _ _ _ _ _ _ _ _ _ _ _ _ _ _ _ _ _ _ _ _ _ _ _ _ _ _ _ _\n\nself = <selenium.webdriver.remote.errorhandler.ErrorHandler object at 0x000001C77AACECB0>\nresponse = {'status': 400, 'value': '{\"value\":{\"error\":\"element not interactable\",\"message\":\"element not interactable: [object HT...ff7373664d8+10728]\\\\n\\\\tBaseThreadInitThunk [0x0x7ffa14ef7374+20]\\\\n\\\\tRtlUserThreadStart [0x0x7ffa16b1cc91+33]\\\\n\"}}'}\n\n    def check_response(self, response: Dict[str, Any]) -> None:\n        \"\"\"Checks that a JSON response from the WebDriver does not have an\n        error.\n    \n        :Args:\n         - response - The JSON response from the WebDriver server as a dictionary\n           object.\n    \n        :Raises: If the response contains an error message.\n        \"\"\"\n        status = response.get(\"status\", None)\n        if not status or status == ErrorCode.SUCCESS:\n            return\n        value = None\n        message = response.get(\"message\", \"\")\n        screen: str = response.get(\"screen\", \"\")\n        stacktrace = None\n        if isinstance(status, int):\n            value_json = response.get(\"value\", None)\n            if value_json and isinstance(value_json, str):\n                import json\n    \n                try:\n                    value = json.loads(value_json)\n                    if len(value) == 1:\n                        value = value[\"value\"]\n                    status = value.get(\"error\", None)\n                    if not status:\n                        status = value.get(\"status\", ErrorCode.UNKNOWN_ERROR)\n                        message = value.get(\"value\") or value.get(\"message\")\n                        if not isinstance(message, str):\n                            value = message\n                            message = message.get(\"message\")\n                    else:\n                        message = value.get(\"message\", None)\n                except ValueError:\n                    pass\n    \n        exception_class: Type[WebDriverException]\n        e = ErrorCode()\n        error_codes = [item for item in dir(e) if not item.startswith(\"__\")]\n        for error_code in error_codes:\n            error_info = getattr(ErrorCode, error_code)\n            if isinstance(error_info, list) and status in error_info:\n                exception_class = getattr(ExceptionMapping, error_code, WebDriverException)\n                break\n        else:\n            exception_class = WebDriverException\n    \n        if not value:\n            value = response[\"value\"]\n        if isinstance(value, str):\n            raise exception_class(value)\n        if message == \"\" and \"message\" in value:\n            message = value[\"message\"]\n    \n        screen = None  # type: ignore[assignment]\n        if \"screen\" in value:\n            screen = value[\"screen\"]\n    \n        stacktrace = None\n        st_value = value.get(\"stackTrace\") or value.get(\"stacktrace\")\n        if st_value:\n            if isinstance(st_value, str):\n                stacktrace = st_value.split(\"\\n\")\n            else:\n                stacktrace = []\n                try:\n                    for frame in st_value:\n                        line = frame.get(\"lineNumber\", \"\")\n                        file = frame.get(\"fileName\", \"<anonymous>\")\n                        if line:\n                            file = f\"{file}:{line}\"\n                        meth = frame.get(\"methodName\", \"<anonymous>\")\n                        if \"className\" in frame:\n                            meth = f\"{frame['className']}.{meth}\"\n                        msg = \"    at %s (%s)\"\n                        msg = msg % (meth, file)\n                        stacktrace.append(msg)\n                except TypeError:\n                    pass\n        if exception_class == UnexpectedAlertPresentException:\n            alert_text = None\n            if \"data\" in value:\n                alert_text = value[\"data\"].get(\"text\")\n            elif \"alert\" in value:\n                alert_text = value[\"alert\"].get(\"text\")\n            raise exception_class(message, screen, stacktrace, alert_text)  # type: ignore[call-arg]  # mypy is not smart enough here\n>       raise exception_class(message, screen, stacktrace)\nE       selenium.common.exceptions.ElementNotInteractableException: Message: element not interactable: [object HTMLSpanElement] has no size and location\nE         (Session info: chrome=137.0.7151.69)\nE       Stacktrace:\nE       \tGetHandleVerifier [0x0x7ff737376f65+78965]\nE       \tGetHandleVerifier [0x0x7ff737376fc0+79056]\nE       \t(No symbol) [0x0x7ff737109dda]\nE       \t(No symbol) [0x0x7ff7371117c1]\nE       \t(No symbol) [0x0x7ff73711482c]\nE       \t(No symbol) [0x0x7ff7371148ff]\nE       \t(No symbol) [0x0x7ff7371676a4]\nE       \t(No symbol) [0x0x7ff7371668db]\nE       \t(No symbol) [0x0x7ff7371bc479]\nE       \t(No symbol) [0x0x7ff73718866a]\nE       \t(No symbol) [0x0x7ff7371b0dbe]\nE       \t(No symbol) [0x0x7ff737188443]\nE       \t(No symbol) [0x0x7ff737151311]\nE       \t(No symbol) [0x0x7ff7371520a3]\nE       \tGetHandleVerifier [0x0x7ff73762e26d+2926461]\nE       \tGetHandleVerifier [0x0x7ff737628993+2903715]\nE       \tGetHandleVerifier [0x0x7ff737646aed+3026941]\nE       \tGetHandleVerifier [0x0x7ff7373916fe+187406]\nE       \tGetHandleVerifier [0x0x7ff7373996ef+220159]\nE       \tGetHandleVerifier [0x0x7ff73737faf4+114692]\nE       \tGetHandleVerifier [0x0x7ff73737fca9+115129]\nE       \tGetHandleVerifier [0x0x7ff7373664d8+10728]\nE       \tBaseThreadInitThunk [0x0x7ffa14ef7374+20]\nE       \tRtlUserThreadStart [0x0x7ffa16b1cc91+33]\n\nmyenv\\lib\\site-packages\\selenium\\webdriver\\remote\\errorhandler.py:232: ElementNotInteractableException","steps":[],"attachments":[{"uid":"2289d8dc6cf01226","name":"test_setting_layoutlist_updatefail_20260203_132636","source":"2289d8dc6cf01226.png","type":"image/png","size":108730},{"uid":"368d46f39d18deff","name":"log","source":"368d46f39d18deff.txt","type":"text/plain","size":2381}],"parameters":[],"stepsCount":0,"hasContent":true,"attachmentStep":false,"shouldDisplayMessage":true,"attachmentsCount":2},"afterStages":[{"name":"login_to_setting::0","time":{"start":1770096668512,"stop":1770096670685,"duration":2173},"status":"passed","steps":[],"attachments":[],"parameters":[],"stepsCount":0,"hasContent":false,"attachmentStep":false,"shouldDisplayMessage":false,"attachmentsCount":0}],"labels":[{"name":"story","value":"重复修改布局 不允许修改"},{"name":"feature","value":"标准应用设置测试用例"},{"name":"parentSuite","value":"Tests.test_items"},{"name":"suite","value":"test_setting"},{"name":"subSuite","value":"TestSettingPage"},{"name":"host","value":"WIN-20240820MJV"},{"name":"thread","value":"55356-MainThread"},{"name":"framework","value":"pytest"},{"name":"language","value":"cpython3"},{"name":"package","value":"Tests.test_items.test_setting"},{"name":"resultFormat","value":"allure2"}],"parameters":[],"links":[],"hidden":false,"retry":false,"extra":{"severity":"normal","retries":[{"uid":"b132866f63705b0","status":"broken","statusDetails":"selenium.common.exceptions.ElementNotInteractableException: Message: element not interactable\n  (Session info: chrome=137.0.7151.69)\nStacktrace:\n\tGetHandleVerifier [0x0x7ff737376f65+78965]\n\tGetHandleVerifier [0x0x7ff737376fc0+79056]\n\t(No symbol) [0x0x7ff737109c0c]\n\t(No symbol) [0x0x7ff737159932]\n\t(No symbol) [0x0x7ff737157799]\n\t(No symbol) [0x0x7ff73718866a]\n\t(No symbol) [0x0x7ff737152b56]\n\t(No symbol) [0x0x7ff737188880]\n\t(No symbol) [0x0x7ff7371b0dbe]\n\t(No symbol) [0x0x7ff737188443]\n\t(No symbol) [0x0x7ff737151311]\n\t(No symbol) [0x0x7ff7371520a3]\n\tGetHandleVerifier [0x0x7ff73762e26d+2926461]\n\tGetHandleVerifier [0x0x7ff737628993+2903715]\n\tGetHandleVerifier [0x0x7ff737646aed+3026941]\n\tGetHandleVerifier [0x0x7ff7373916fe+187406]\n\tGetHandleVerifier [0x0x7ff7373996ef+220159]\n\tGetHandleVerifier [0x0x7ff73737faf4+114692]\n\tGetHandleVerifier [0x0x7ff73737fca9+115129]\n\tGetHandleVerifier [0x0x7ff7373664d8+10728]\n\tBaseThreadInitThunk [0x0x7ffa14ef7374+20]\n\tRtlUserThreadStart [0x0x7ffa16b1cc91+33]","time":{"start":1770096375847,"stop":1770096389254,"duration":13407}},{"uid":"cb88a2369889dc72","status":"broken","statusDetails":"selenium.common.exceptions.TimeoutException: Message: \nStacktrace:\n\tGetHandleVerifier [0x0x7ff737376f65+78965]\n\tGetHandleVerifier [0x0x7ff737376fc0+79056]\n\t(No symbol) [0x0x7ff737109dda]\n\t(No symbol) [0x0x7ff7371602ea]\n\t(No symbol) [0x0x7ff73716059c]\n\t(No symbol) [0x0x7ff7371b3f37]\n\t(No symbol) [0x0x7ff7371886af]\n\t(No symbol) [0x0x7ff7371b0dbe]\n\t(No symbol) [0x0x7ff737188443]\n\t(No symbol) [0x0x7ff737151311]\n\t(No symbol) [0x0x7ff7371520a3]\n\tGetHandleVerifier [0x0x7ff73762e26d+2926461]\n\tGetHandleVerifier [0x0x7ff737628993+2903715]\n\tGetHandleVerifier [0x0x7ff737646aed+3026941]\n\tGetHandleVerifier [0x0x7ff7373916fe+187406]\n\tGetHandleVerifier [0x0x7ff7373996ef+220159]\n\tGetHandleVerifier [0x0x7ff73737faf4+114692]\n\tGetHandleVerifier [0x0x7ff73737fca9+115129]\n\tGetHandleVerifier [0x0x7ff7373664d8+10728]\n\tBaseThreadInitThunk [0x0x7ffa14ef7374+20]\n\tRtlUserThreadStart [0x0x7ffa16b1cc91+33]","time":{"start":1770051221442,"stop":1770051235647,"duration":14205}},{"uid":"e0cc3a0deebe072f","status":"broken","statusDetails":"selenium.common.exceptions.TimeoutException: Message: \nStacktrace:\n\tGetHandleVerifier [0x0x7ff737376f65+78965]\n\tGetHandleVerifier [0x0x7ff737376fc0+79056]\n\t(No symbol) [0x0x7ff737109dda]\n\t(No symbol) [0x0x7ff7371602ea]\n\t(No symbol) [0x0x7ff73716059c]\n\t(No symbol) [0x0x7ff7371b3f37]\n\t(No symbol) [0x0x7ff7371886af]\n\t(No symbol) [0x0x7ff7371b0dbe]\n\t(No symbol) [0x0x7ff737188443]\n\t(No symbol) [0x0x7ff737151311]\n\t(No symbol) [0x0x7ff7371520a3]\n\tGetHandleVerifier [0x0x7ff73762e26d+2926461]\n\tGetHandleVerifier [0x0x7ff737628993+2903715]\n\tGetHandleVerifier [0x0x7ff737646aed+3026941]\n\tGetHandleVerifier [0x0x7ff7373916fe+187406]\n\tGetHandleVerifier [0x0x7ff7373996ef+220159]\n\tGetHandleVerifier [0x0x7ff73737faf4+114692]\n\tGetHandleVerifier [0x0x7ff73737fca9+115129]\n\tGetHandleVerifier [0x0x7ff7373664d8+10728]\n\tBaseThreadInitThunk [0x0x7ffa14ef7374+20]\n\tRtlUserThreadStart [0x0x7ffa16b1cc91+33]","time":{"start":1770051207791,"stop":1770051221032,"duration":13241}}],"categories":[{"name":"Test defects","matchedStatuses":[]}],"tags":[]},"source":"766d31f452b4e8c5.json","parameterValues":[]}