{"uid":"77523e2bfcf54db5","name":"test_user_verify1","fullName":"Tests.test_system.test_userRole.TestUserRolePage#test_user_verify1","historyId":"c2bb957e1751db30a0c067b81eb528e4","time":{"start":1769112005087,"stop":1769112006431,"duration":1344},"status":"failed","statusMessage":"AssertionError: assert '1w.a_1' == '1wa_1'\n  \n  \u001B[0m\u001B[91m- 1wa_1\u001B[39;49;00m\u001B[90m\u001B[39;49;00m\n  \u001B[92m+ 1w.a_1\u001B[39;49;00m\u001B[90m\u001B[39;49;00m\n  ?   +\u001B[90m\u001B[39;49;00m","statusTrace":"self = <test_system.test_userRole.TestUserRolePage object at 0x00000218C6F2B0A0>, login_to_userrole = <selenium.webdriver.chrome.webdriver.WebDriver (session=\"e40ae1ec2eaf4ce88fff698d23d5706a\")>\n\n    @allure.story(\"校验用户代码文本框，输入其他字符，显示只能包含字母和数字和下划线\")\n    # @pytest.mark.run(order=1)\n    def test_user_verify1(self, login_to_userrole):\n        driver = login_to_userrole  # WebDriver 实例\n        user = UserRolePage(driver)  # 用 driver 初始化 UserRolePage\n        name = '1用户w+.?=-+a_1'\n        list_ = [\n            '//div[label[text()=\"用户代码\"]]//input',\n            '//div[label[text()=\"用户名称\"]]//input'\n        ]\n        user.click_all_button(\"新增\")\n        user.enter_texts(list_[0], name)\n        user.click_button(list_[1])\n        sleep(0.5)\n        ele = user.get_find_element_xpath(list_[0]).get_attribute(\"value\")\n        user.click_all_button(\"取消\")\n>       assert ele == '1wa_1'\nE       AssertionError: assert '1w.a_1' == '1wa_1'\nE         \nE         \u001B[0m\u001B[91m- 1wa_1\u001B[39;49;00m\u001B[90m\u001B[39;49;00m\nE         \u001B[92m+ 1w.a_1\u001B[39;49;00m\u001B[90m\u001B[39;49;00m\nE         ?   +\u001B[90m\u001B[39;49;00m\n\nTests\\test_system\\test_userRole.py:208: AssertionError","flaky":false,"newFailed":false,"newBroken":false,"newPassed":false,"retriesCount":0,"retriesStatusChange":false,"beforeStages":[],"testStage":{"status":"failed","statusMessage":"AssertionError: assert '1w.a_1' == '1wa_1'\n  \n  \u001B[0m\u001B[91m- 1wa_1\u001B[39;49;00m\u001B[90m\u001B[39;49;00m\n  \u001B[92m+ 1w.a_1\u001B[39;49;00m\u001B[90m\u001B[39;49;00m\n  ?   +\u001B[90m\u001B[39;49;00m","statusTrace":"self = <test_system.test_userRole.TestUserRolePage object at 0x00000218C6F2B0A0>, login_to_userrole = <selenium.webdriver.chrome.webdriver.WebDriver (session=\"e40ae1ec2eaf4ce88fff698d23d5706a\")>\n\n    @allure.story(\"校验用户代码文本框，输入其他字符，显示只能包含字母和数字和下划线\")\n    # @pytest.mark.run(order=1)\n    def test_user_verify1(self, login_to_userrole):\n        driver = login_to_userrole  # WebDriver 实例\n        user = UserRolePage(driver)  # 用 driver 初始化 UserRolePage\n        name = '1用户w+.?=-+a_1'\n        list_ = [\n            '//div[label[text()=\"用户代码\"]]//input',\n            '//div[label[text()=\"用户名称\"]]//input'\n        ]\n        user.click_all_button(\"新增\")\n        user.enter_texts(list_[0], name)\n        user.click_button(list_[1])\n        sleep(0.5)\n        ele = user.get_find_element_xpath(list_[0]).get_attribute(\"value\")\n        user.click_all_button(\"取消\")\n>       assert ele == '1wa_1'\nE       AssertionError: assert '1w.a_1' == '1wa_1'\nE         \nE         \u001B[0m\u001B[91m- 1wa_1\u001B[39;49;00m\u001B[90m\u001B[39;49;00m\nE         \u001B[92m+ 1w.a_1\u001B[39;49;00m\u001B[90m\u001B[39;49;00m\nE         ?   +\u001B[90m\u001B[39;49;00m\n\nTests\\test_system\\test_userRole.py:208: AssertionError","steps":[],"attachments":[{"uid":"932d91357a2211b8","name":"test_user_verify1_20260123_040006","source":"932d91357a2211b8.png","type":"image/png","size":106121},{"uid":"9b9967db073cc40e","name":"test_user_verify1_20260123_040006","source":"9b9967db073cc40e.png","type":"image/png","size":106074},{"uid":"480ef3e309b41d7b","name":"test_user_verify1_20260123_040006","source":"480ef3e309b41d7b.png","type":"image/png","size":19002},{"uid":"daede677941c9260","name":"test_user_verify1_20260123_040006","source":"daede677941c9260.png","type":"image/png","size":19002},{"uid":"2189f218acef0e8c","name":"test_user_verify1_20260123_040006","source":"2189f218acef0e8c.png","type":"image/png","size":19002},{"uid":"cbab390320978ee2","name":"test_user_verify1_20260123_040007","source":"cbab390320978ee2.png","type":"image/png","size":19002},{"uid":"31fecc4e2614285b","name":"test_user_verify1_20260123_040007","source":"31fecc4e2614285b.png","type":"image/png","size":165929},{"uid":"32d5e1042e2b59b9","name":"log","source":"32d5e1042e2b59b9.txt","type":"text/plain","size":771}],"parameters":[],"stepsCount":0,"hasContent":true,"attachmentStep":false,"attachmentsCount":8,"shouldDisplayMessage":true},"afterStages":[],"labels":[{"name":"story","value":"校验用户代码文本框，输入其他字符，显示只能包含字母和数字和下划线"},{"name":"feature","value":"用户权限管理页用例"},{"name":"parentSuite","value":"Tests.test_system"},{"name":"suite","value":"test_userRole"},{"name":"subSuite","value":"TestUserRolePage"},{"name":"host","value":"WIN-20240820MJV"},{"name":"thread","value":"43156-MainThread"},{"name":"framework","value":"pytest"},{"name":"language","value":"cpython3"},{"name":"package","value":"Tests.test_system.test_userRole"},{"name":"resultFormat","value":"allure2"}],"parameters":[],"links":[],"hidden":true,"retry":true,"extra":{"categories":[],"tags":[]},"source":"77523e2bfcf54db5.json","parameterValues":[]}