{"uid":"778b0b0c01c31a1c","name":"test_modeldesign_save","fullName":"Tests.test_system.test_modeldesign.TestSModelDesignPage#test_modeldesign_save","historyId":"0f64803f1165750c5438c218ed2324c6","time":{"start":1762286327269,"stop":1762286340011,"duration":12742},"status":"broken","statusMessage":"selenium.common.exceptions.TimeoutException: Message: \nStacktrace:\n\tGetHandleVerifier [0x0x7ff761236f65+78965]\n\tGetHandleVerifier [0x0x7ff761236fc0+79056]\n\t(No symbol) [0x0x7ff760fc9dda]\n\t(No symbol) [0x0x7ff7610202ea]\n\t(No symbol) [0x0x7ff76102059c]\n\t(No symbol) [0x0x7ff761073f37]\n\t(No symbol) [0x0x7ff7610486af]\n\t(No symbol) [0x0x7ff761070dbe]\n\t(No symbol) [0x0x7ff761048443]\n\t(No symbol) [0x0x7ff761011311]\n\t(No symbol) [0x0x7ff7610120a3]\n\tGetHandleVerifier [0x0x7ff7614ee26d+2926461]\n\tGetHandleVerifier [0x0x7ff7614e8993+2903715]\n\tGetHandleVerifier [0x0x7ff761506aed+3026941]\n\tGetHandleVerifier [0x0x7ff7612516fe+187406]\n\tGetHandleVerifier [0x0x7ff7612596ef+220159]\n\tGetHandleVerifier [0x0x7ff76123faf4+114692]\n\tGetHandleVerifier [0x0x7ff76123fca9+115129]\n\tGetHandleVerifier [0x0x7ff7612264d8+10728]\n\tBaseThreadInitThunk [0x0x7ff956997374+20]\n\tRtlUserThreadStart [0x0x7ff956c3cc91+33]","statusTrace":"self = <test_system.test_modeldesign.TestSModelDesignPage object at 0x0000016856AF23E0>, login_to_modeldesign = <selenium.webdriver.chrome.webdriver.WebDriver (session=\"5135f0dc7bc8ecf08606425e3949aeb6\")>\n\n    @allure.story(\"点击保存 不报错\")\n    # @pytest.mark.run(order=1)\n    def test_modeldesign_save(self, login_to_modeldesign):\n        driver = login_to_modeldesign  # WebDriver 实例\n        model = OtherPage(driver)  # 用 driver 初始化 OtherPage\n        name = '3测试模型'\n        sleep(2)\n        model.click_button(\n            f'//div[@class=\"content-siadeNav\"]//div[@role=\"treeitem\"][1]/div[2]/div//span[text()=\" {name} \"]')\n        model.click_modeldesign_button(\"保存\")\n        model.click_del_confirm()\n>       message = model.get_find_message()\n\nTests\\test_system\\test_modeldesign.py:188: \n_ _ _ _ _ _ _ _ _ _ _ _ _ _ _ _ _ _ _ _ _ _ _ _ _ _ _ _ _ _ _ _ _ _ _ _ _ _ _ _ _ _ _ _ _ _ _ _ _ _ _ _ _ _ _ _ _ _ _ _ _ _ _ _ _ _ _ _ _ _ _ _ _ _ _ _ _ _ _ _ _ _ _ _ _ _ _ _ _ _ _ _ _ _ _ _ _ _ _ _ _ _ _ _ _ _ _ _ _ _ _ _ _ _ _ _\nPages\\systemPage\\other_page.py:35: in get_find_message\n    message = WebDriverWait(self.driver, 10).until(\n_ _ _ _ _ _ _ _ _ _ _ _ _ _ _ _ _ _ _ _ _ _ _ _ _ _ _ _ _ _ _ _ _ _ _ _ _ _ _ _ _ _ _ _ _ _ _ _ _ _ _ _ _ _ _ _ _ _ _ _ _ _ _ _ _ _ _ _ _ _ _ _ _ _ _ _ _ _ _ _ _ _ _ _ _ _ _ _ _ _ _ _ _ _ _ _ _ _ _ _ _ _ _ _ _ _ _ _ _ _ _ _ _ _ _ _\n\nself = <selenium.webdriver.support.wait.WebDriverWait (session=\"5135f0dc7bc8ecf08606425e3949aeb6\")>, method = <function visibility_of_element_located.<locals>._predicate at 0x000001685906CDC0>, message = ''\n\n    def until(self, method: Callable[[D], Union[Literal[False], T]], message: str = \"\") -> T:\n        \"\"\"Wait until the method returns a value that is not False.\n    \n        Calls the method provided with the driver as an argument until the\n        return value does not evaluate to ``False``.\n    \n        Parameters:\n        -----------\n        method: callable(WebDriver)\n            - A callable object that takes a WebDriver instance as an argument.\n    \n        message: str\n            - Optional message for :exc:`TimeoutException`\n    \n        Return:\n        -------\n        object: T\n            - The result of the last call to `method`\n    \n        Raises:\n        -------\n        TimeoutException\n            - If 'method' does not return a truthy value within the WebDriverWait\n            object's timeout\n    \n        Example:\n        --------\n        >>> from selenium.webdriver.common.by import By\n        >>> from selenium.webdriver.support.ui import WebDriverWait\n        >>> from selenium.webdriver.support import expected_conditions as EC\n    \n        # Wait until an element is visible on the page\n        >>> wait = WebDriverWait(driver, 10)\n        >>> element = wait.until(EC.visibility_of_element_located((By.ID, \"exampleId\")))\n        >>> print(element.text)\n        \"\"\"\n        screen = None\n        stacktrace = None\n    \n        end_time = time.monotonic() + self._timeout\n        while True:\n            try:\n                value = method(self._driver)\n                if value:\n                    return value\n            except self._ignored_exceptions as exc:\n                screen = getattr(exc, \"screen\", None)\n                stacktrace = getattr(exc, \"stacktrace\", None)\n            if time.monotonic() > end_time:\n                break\n            time.sleep(self._poll)\n>       raise TimeoutException(message, screen, stacktrace)\nE       selenium.common.exceptions.TimeoutException: Message: \nE       Stacktrace:\nE       \tGetHandleVerifier [0x0x7ff761236f65+78965]\nE       \tGetHandleVerifier [0x0x7ff761236fc0+79056]\nE       \t(No symbol) [0x0x7ff760fc9dda]\nE       \t(No symbol) [0x0x7ff7610202ea]\nE       \t(No symbol) [0x0x7ff76102059c]\nE       \t(No symbol) [0x0x7ff761073f37]\nE       \t(No symbol) [0x0x7ff7610486af]\nE       \t(No symbol) [0x0x7ff761070dbe]\nE       \t(No symbol) [0x0x7ff761048443]\nE       \t(No symbol) [0x0x7ff761011311]\nE       \t(No symbol) [0x0x7ff7610120a3]\nE       \tGetHandleVerifier [0x0x7ff7614ee26d+2926461]\nE       \tGetHandleVerifier [0x0x7ff7614e8993+2903715]\nE       \tGetHandleVerifier [0x0x7ff761506aed+3026941]\nE       \tGetHandleVerifier [0x0x7ff7612516fe+187406]\nE       \tGetHandleVerifier [0x0x7ff7612596ef+220159]\nE       \tGetHandleVerifier [0x0x7ff76123faf4+114692]\nE       \tGetHandleVerifier [0x0x7ff76123fca9+115129]\nE       \tGetHandleVerifier [0x0x7ff7612264d8+10728]\nE       \tBaseThreadInitThunk [0x0x7ff956997374+20]\nE       \tRtlUserThreadStart [0x0x7ff956c3cc91+33]\n\nmyenv\\lib\\site-packages\\selenium\\webdriver\\support\\wait.py:138: TimeoutException","flaky":false,"newFailed":false,"newBroken":false,"newPassed":false,"retriesCount":1,"retriesStatusChange":false,"beforeStages":[{"name":"login_to_modeldesign","time":{"start":1762286316005,"stop":1762286327269,"duration":11264},"status":"passed","steps":[],"attachments":[],"parameters":[],"attachmentsCount":0,"shouldDisplayMessage":false,"hasContent":false,"stepsCount":0,"attachmentStep":false}],"testStage":{"status":"broken","statusMessage":"selenium.common.exceptions.TimeoutException: Message: \nStacktrace:\n\tGetHandleVerifier [0x0x7ff761236f65+78965]\n\tGetHandleVerifier [0x0x7ff761236fc0+79056]\n\t(No symbol) [0x0x7ff760fc9dda]\n\t(No symbol) [0x0x7ff7610202ea]\n\t(No symbol) [0x0x7ff76102059c]\n\t(No symbol) [0x0x7ff761073f37]\n\t(No symbol) [0x0x7ff7610486af]\n\t(No symbol) [0x0x7ff761070dbe]\n\t(No symbol) [0x0x7ff761048443]\n\t(No symbol) [0x0x7ff761011311]\n\t(No symbol) [0x0x7ff7610120a3]\n\tGetHandleVerifier [0x0x7ff7614ee26d+2926461]\n\tGetHandleVerifier [0x0x7ff7614e8993+2903715]\n\tGetHandleVerifier [0x0x7ff761506aed+3026941]\n\tGetHandleVerifier [0x0x7ff7612516fe+187406]\n\tGetHandleVerifier [0x0x7ff7612596ef+220159]\n\tGetHandleVerifier [0x0x7ff76123faf4+114692]\n\tGetHandleVerifier [0x0x7ff76123fca9+115129]\n\tGetHandleVerifier [0x0x7ff7612264d8+10728]\n\tBaseThreadInitThunk [0x0x7ff956997374+20]\n\tRtlUserThreadStart [0x0x7ff956c3cc91+33]","statusTrace":"self = <test_system.test_modeldesign.TestSModelDesignPage object at 0x0000016856AF23E0>, login_to_modeldesign = <selenium.webdriver.chrome.webdriver.WebDriver (session=\"5135f0dc7bc8ecf08606425e3949aeb6\")>\n\n    @allure.story(\"点击保存 不报错\")\n    # @pytest.mark.run(order=1)\n    def test_modeldesign_save(self, login_to_modeldesign):\n        driver = login_to_modeldesign  # WebDriver 实例\n        model = OtherPage(driver)  # 用 driver 初始化 OtherPage\n        name = '3测试模型'\n        sleep(2)\n        model.click_button(\n            f'//div[@class=\"content-siadeNav\"]//div[@role=\"treeitem\"][1]/div[2]/div//span[text()=\" {name} \"]')\n        model.click_modeldesign_button(\"保存\")\n        model.click_del_confirm()\n>       message = model.get_find_message()\n\nTests\\test_system\\test_modeldesign.py:188: \n_ _ _ _ _ _ _ _ _ _ _ _ _ _ _ _ _ _ _ _ _ _ _ _ _ _ _ _ _ _ _ _ _ _ _ _ _ _ _ _ _ _ _ _ _ _ _ _ _ _ _ _ _ _ _ _ _ _ _ _ _ _ _ _ _ _ _ _ _ _ _ _ _ _ _ _ _ _ _ _ _ _ _ _ _ _ _ _ _ _ _ _ _ _ _ _ _ _ _ _ _ _ _ _ _ _ _ _ _ _ _ _ _ _ _ _\nPages\\systemPage\\other_page.py:35: in get_find_message\n    message = WebDriverWait(self.driver, 10).until(\n_ _ _ _ _ _ _ _ _ _ _ _ _ _ _ _ _ _ _ _ _ _ _ _ _ _ _ _ _ _ _ _ _ _ _ _ _ _ _ _ _ _ _ _ _ _ _ _ _ _ _ _ _ _ _ _ _ _ _ _ _ _ _ _ _ _ _ _ _ _ _ _ _ _ _ _ _ _ _ _ _ _ _ _ _ _ _ _ _ _ _ _ _ _ _ _ _ _ _ _ _ _ _ _ _ _ _ _ _ _ _ _ _ _ _ _\n\nself = <selenium.webdriver.support.wait.WebDriverWait (session=\"5135f0dc7bc8ecf08606425e3949aeb6\")>, method = <function visibility_of_element_located.<locals>._predicate at 0x000001685906CDC0>, message = ''\n\n    def until(self, method: Callable[[D], Union[Literal[False], T]], message: str = \"\") -> T:\n        \"\"\"Wait until the method returns a value that is not False.\n    \n        Calls the method provided with the driver as an argument until the\n        return value does not evaluate to ``False``.\n    \n        Parameters:\n        -----------\n        method: callable(WebDriver)\n            - A callable object that takes a WebDriver instance as an argument.\n    \n        message: str\n            - Optional message for :exc:`TimeoutException`\n    \n        Return:\n        -------\n        object: T\n            - The result of the last call to `method`\n    \n        Raises:\n        -------\n        TimeoutException\n            - If 'method' does not return a truthy value within the WebDriverWait\n            object's timeout\n    \n        Example:\n        --------\n        >>> from selenium.webdriver.common.by import By\n        >>> from selenium.webdriver.support.ui import WebDriverWait\n        >>> from selenium.webdriver.support import expected_conditions as EC\n    \n        # Wait until an element is visible on the page\n        >>> wait = WebDriverWait(driver, 10)\n        >>> element = wait.until(EC.visibility_of_element_located((By.ID, \"exampleId\")))\n        >>> print(element.text)\n        \"\"\"\n        screen = None\n        stacktrace = None\n    \n        end_time = time.monotonic() + self._timeout\n        while True:\n            try:\n                value = method(self._driver)\n                if value:\n                    return value\n            except self._ignored_exceptions as exc:\n                screen = getattr(exc, \"screen\", None)\n                stacktrace = getattr(exc, \"stacktrace\", None)\n            if time.monotonic() > end_time:\n                break\n            time.sleep(self._poll)\n>       raise TimeoutException(message, screen, stacktrace)\nE       selenium.common.exceptions.TimeoutException: Message: \nE       Stacktrace:\nE       \tGetHandleVerifier [0x0x7ff761236f65+78965]\nE       \tGetHandleVerifier [0x0x7ff761236fc0+79056]\nE       \t(No symbol) [0x0x7ff760fc9dda]\nE       \t(No symbol) [0x0x7ff7610202ea]\nE       \t(No symbol) [0x0x7ff76102059c]\nE       \t(No symbol) [0x0x7ff761073f37]\nE       \t(No symbol) [0x0x7ff7610486af]\nE       \t(No symbol) [0x0x7ff761070dbe]\nE       \t(No symbol) [0x0x7ff761048443]\nE       \t(No symbol) [0x0x7ff761011311]\nE       \t(No symbol) [0x0x7ff7610120a3]\nE       \tGetHandleVerifier [0x0x7ff7614ee26d+2926461]\nE       \tGetHandleVerifier [0x0x7ff7614e8993+2903715]\nE       \tGetHandleVerifier [0x0x7ff761506aed+3026941]\nE       \tGetHandleVerifier [0x0x7ff7612516fe+187406]\nE       \tGetHandleVerifier [0x0x7ff7612596ef+220159]\nE       \tGetHandleVerifier [0x0x7ff76123faf4+114692]\nE       \tGetHandleVerifier [0x0x7ff76123fca9+115129]\nE       \tGetHandleVerifier [0x0x7ff7612264d8+10728]\nE       \tBaseThreadInitThunk [0x0x7ff956997374+20]\nE       \tRtlUserThreadStart [0x0x7ff956c3cc91+33]\n\nmyenv\\lib\\site-packages\\selenium\\webdriver\\support\\wait.py:138: TimeoutException","steps":[],"attachments":[{"uid":"67fe89a550964354","name":"test_modeldesign_save_failure","source":"67fe89a550964354.png","type":"image/png","size":66964},{"uid":"290015a6d8a51028","name":"test_modeldesign_save_source","source":"290015a6d8a51028.html","type":"text/html","size":1164043},{"uid":"2e8b9f2a4194b2c7","name":"log","source":"2e8b9f2a4194b2c7.txt","type":"text/plain","size":3431}],"parameters":[],"attachmentsCount":3,"shouldDisplayMessage":true,"hasContent":true,"stepsCount":0,"attachmentStep":false},"afterStages":[{"name":"login_to_modeldesign::0","time":{"start":1762286340168,"stop":1762286342315,"duration":2147},"status":"passed","steps":[],"attachments":[],"parameters":[],"attachmentsCount":0,"shouldDisplayMessage":false,"hasContent":false,"stepsCount":0,"attachmentStep":false}],"labels":[{"name":"story","value":"点击保存 不报错"},{"name":"feature","value":"模型设计页用例"},{"name":"parentSuite","value":"Tests.test_system"},{"name":"suite","value":"test_modeldesign"},{"name":"subSuite","value":"TestSModelDesignPage"},{"name":"host","value":"WIN-20240820MJV"},{"name":"thread","value":"33540-MainThread"},{"name":"framework","value":"pytest"},{"name":"language","value":"cpython3"},{"name":"package","value":"Tests.test_system.test_modeldesign"},{"name":"resultFormat","value":"allure2"}],"parameters":[],"links":[],"hidden":false,"retry":false,"extra":{"severity":"normal","retries":[{"uid":"1b6c931bf3ca1bb0","status":"broken","statusDetails":"selenium.common.exceptions.TimeoutException: Message: \nStacktrace:\n\tGetHandleVerifier [0x0x7ff761236f65+78965]\n\tGetHandleVerifier [0x0x7ff761236fc0+79056]\n\t(No symbol) [0x0x7ff760fc9dda]\n\t(No symbol) [0x0x7ff7610202ea]\n\t(No symbol) [0x0x7ff76102059c]\n\t(No symbol) [0x0x7ff761073f37]\n\t(No symbol) [0x0x7ff7610486af]\n\t(No symbol) [0x0x7ff761070dbe]\n\t(No symbol) [0x0x7ff761048443]\n\t(No symbol) [0x0x7ff761011311]\n\t(No symbol) [0x0x7ff7610120a3]\n\tGetHandleVerifier [0x0x7ff7614ee26d+2926461]\n\tGetHandleVerifier [0x0x7ff7614e8993+2903715]\n\tGetHandleVerifier [0x0x7ff761506aed+3026941]\n\tGetHandleVerifier [0x0x7ff7612516fe+187406]\n\tGetHandleVerifier [0x0x7ff7612596ef+220159]\n\tGetHandleVerifier [0x0x7ff76123faf4+114692]\n\tGetHandleVerifier [0x0x7ff76123fca9+115129]\n\tGetHandleVerifier [0x0x7ff7612264d8+10728]\n\tBaseThreadInitThunk [0x0x7ff956997374+20]\n\tRtlUserThreadStart [0x0x7ff956c3cc91+33]","time":{"start":1762286300929,"stop":1762286313716,"duration":12787}}],"categories":[{"name":"Test defects","matchedStatuses":[]}],"tags":[]},"source":"778b0b0c01c31a1c.json","parameterValues":[]}