{"uid":"7f49c1bc90fea847","name":"test_modeldesign_add1","fullName":"Tests.test_system.test_modeldesign.TestSModelDesignPage#test_modeldesign_add1","historyId":"5a54f9e1e72252677acec25d08af5433","time":{"start":1763679574600,"stop":1763679586893,"duration":12293},"status":"broken","statusMessage":"selenium.common.exceptions.TimeoutException: Message: \nStacktrace:\n\tGetHandleVerifier [0x0x7ff6ddda6f65+78965]\n\tGetHandleVerifier [0x0x7ff6ddda6fc0+79056]\n\t(No symbol) [0x0x7ff6ddb39dda]\n\t(No symbol) [0x0x7ff6ddb902ea]\n\t(No symbol) [0x0x7ff6ddb9059c]\n\t(No symbol) [0x0x7ff6ddbe3f37]\n\t(No symbol) [0x0x7ff6ddbb86af]\n\t(No symbol) [0x0x7ff6ddbe0dbe]\n\t(No symbol) [0x0x7ff6ddbb8443]\n\t(No symbol) [0x0x7ff6ddb81311]\n\t(No symbol) [0x0x7ff6ddb820a3]\n\tGetHandleVerifier [0x0x7ff6de05e26d+2926461]\n\tGetHandleVerifier [0x0x7ff6de058993+2903715]\n\tGetHandleVerifier [0x0x7ff6de076aed+3026941]\n\tGetHandleVerifier [0x0x7ff6dddc16fe+187406]\n\tGetHandleVerifier [0x0x7ff6dddc96ef+220159]\n\tGetHandleVerifier [0x0x7ff6dddafaf4+114692]\n\tGetHandleVerifier [0x0x7ff6dddafca9+115129]\n\tGetHandleVerifier [0x0x7ff6ddd964d8+10728]\n\tBaseThreadInitThunk [0x0x7ffcce1b7374+20]\n\tRtlUserThreadStart [0x0x7ffcce53cc91+33]","statusTrace":"self = <test_system.test_modeldesign.TestSModelDesignPage object at 0x0000024AB57248E0>, login_to_modeldesign = <selenium.webdriver.chrome.webdriver.WebDriver (session=\"92631ed45c0db5ddcec8a0594af5397d\")>\n\n    @allure.story(\"新增模型不填写数据，不允许新增\")\n    # @pytest.mark.run(order=1)\n    def test_modeldesign_add1(self, login_to_modeldesign):\n        driver = login_to_modeldesign  # WebDriver 实例\n        model = OtherPage(driver)  # 用 driver 初始化 OtherPage\n        sleep(2)\n        model.click_modeldesign_button(\"新增模型\")\n        model.click_confirm()\n>       message = model.get_error_message()\n\nTests\\test_system\\test_modeldesign.py:72: \n_ _ _ _ _ _ _ _ _ _ _ _ _ _ _ _ _ _ _ _ _ _ _ _ _ _ _ _ _ _ _ _ _ _ _ _ _ _ _ _ _ _ _ _ _ _ _ _ _ _ _ _ _ _ _ _ _ _ _ _ _ _ _ _ _ _ _ _ _ _ _ _ _ _ _ _ _ _ _ _ _ _ _ _ _ _ _ _ _ _ _ _ _ _ _ _ _ _ _ _ _ _ _ _ _ _ _ _ _ _ _ _ _ _ _ _\nPages\\systemPage\\other_page.py:44: in get_error_message\n    message = WebDriverWait(self.driver, 10).until(\n_ _ _ _ _ _ _ _ _ _ _ _ _ _ _ _ _ _ _ _ _ _ _ _ _ _ _ _ _ _ _ _ _ _ _ _ _ _ _ _ _ _ _ _ _ _ _ _ _ _ _ _ _ _ _ _ _ _ _ _ _ _ _ _ _ _ _ _ _ _ _ _ _ _ _ _ _ _ _ _ _ _ _ _ _ _ _ _ _ _ _ _ _ _ _ _ _ _ _ _ _ _ _ _ _ _ _ _ _ _ _ _ _ _ _ _\n\nself = <selenium.webdriver.support.wait.WebDriverWait (session=\"92631ed45c0db5ddcec8a0594af5397d\")>, method = <function visibility_of_element_located.<locals>._predicate at 0x0000024AB7A1C040>, message = ''\n\n    def until(self, method: Callable[[D], Union[Literal[False], T]], message: str = \"\") -> T:\n        \"\"\"Wait until the method returns a value that is not False.\n    \n        Calls the method provided with the driver as an argument until the\n        return value does not evaluate to ``False``.\n    \n        Parameters:\n        -----------\n        method: callable(WebDriver)\n            - A callable object that takes a WebDriver instance as an argument.\n    \n        message: str\n            - Optional message for :exc:`TimeoutException`\n    \n        Return:\n        -------\n        object: T\n            - The result of the last call to `method`\n    \n        Raises:\n        -------\n        TimeoutException\n            - If 'method' does not return a truthy value within the WebDriverWait\n            object's timeout\n    \n        Example:\n        --------\n        >>> from selenium.webdriver.common.by import By\n        >>> from selenium.webdriver.support.ui import WebDriverWait\n        >>> from selenium.webdriver.support import expected_conditions as EC\n    \n        # Wait until an element is visible on the page\n        >>> wait = WebDriverWait(driver, 10)\n        >>> element = wait.until(EC.visibility_of_element_located((By.ID, \"exampleId\")))\n        >>> print(element.text)\n        \"\"\"\n        screen = None\n        stacktrace = None\n    \n        end_time = time.monotonic() + self._timeout\n        while True:\n            try:\n                value = method(self._driver)\n                if value:\n                    return value\n            except self._ignored_exceptions as exc:\n                screen = getattr(exc, \"screen\", None)\n                stacktrace = getattr(exc, \"stacktrace\", None)\n            if time.monotonic() > end_time:\n                break\n            time.sleep(self._poll)\n>       raise TimeoutException(message, screen, stacktrace)\nE       selenium.common.exceptions.TimeoutException: Message: \nE       Stacktrace:\nE       \tGetHandleVerifier [0x0x7ff6ddda6f65+78965]\nE       \tGetHandleVerifier [0x0x7ff6ddda6fc0+79056]\nE       \t(No symbol) [0x0x7ff6ddb39dda]\nE       \t(No symbol) [0x0x7ff6ddb902ea]\nE       \t(No symbol) [0x0x7ff6ddb9059c]\nE       \t(No symbol) [0x0x7ff6ddbe3f37]\nE       \t(No symbol) [0x0x7ff6ddbb86af]\nE       \t(No symbol) [0x0x7ff6ddbe0dbe]\nE       \t(No symbol) [0x0x7ff6ddbb8443]\nE       \t(No symbol) [0x0x7ff6ddb81311]\nE       \t(No symbol) [0x0x7ff6ddb820a3]\nE       \tGetHandleVerifier [0x0x7ff6de05e26d+2926461]\nE       \tGetHandleVerifier [0x0x7ff6de058993+2903715]\nE       \tGetHandleVerifier [0x0x7ff6de076aed+3026941]\nE       \tGetHandleVerifier [0x0x7ff6dddc16fe+187406]\nE       \tGetHandleVerifier [0x0x7ff6dddc96ef+220159]\nE       \tGetHandleVerifier [0x0x7ff6dddafaf4+114692]\nE       \tGetHandleVerifier [0x0x7ff6dddafca9+115129]\nE       \tGetHandleVerifier [0x0x7ff6ddd964d8+10728]\nE       \tBaseThreadInitThunk [0x0x7ffcce1b7374+20]\nE       \tRtlUserThreadStart [0x0x7ffcce53cc91+33]\n\nmyenv\\lib\\site-packages\\selenium\\webdriver\\support\\wait.py:138: TimeoutException","flaky":false,"newFailed":false,"newBroken":false,"newPassed":false,"retriesCount":0,"retriesStatusChange":false,"beforeStages":[{"name":"login_to_modeldesign","time":{"start":1763679558911,"stop":1763679574600,"duration":15689},"status":"passed","steps":[],"attachments":[],"parameters":[],"stepsCount":0,"attachmentStep":false,"hasContent":false,"shouldDisplayMessage":false,"attachmentsCount":0}],"testStage":{"status":"broken","statusMessage":"selenium.common.exceptions.TimeoutException: Message: \nStacktrace:\n\tGetHandleVerifier [0x0x7ff6ddda6f65+78965]\n\tGetHandleVerifier [0x0x7ff6ddda6fc0+79056]\n\t(No symbol) [0x0x7ff6ddb39dda]\n\t(No symbol) [0x0x7ff6ddb902ea]\n\t(No symbol) [0x0x7ff6ddb9059c]\n\t(No symbol) [0x0x7ff6ddbe3f37]\n\t(No symbol) [0x0x7ff6ddbb86af]\n\t(No symbol) [0x0x7ff6ddbe0dbe]\n\t(No symbol) [0x0x7ff6ddbb8443]\n\t(No symbol) [0x0x7ff6ddb81311]\n\t(No symbol) [0x0x7ff6ddb820a3]\n\tGetHandleVerifier [0x0x7ff6de05e26d+2926461]\n\tGetHandleVerifier [0x0x7ff6de058993+2903715]\n\tGetHandleVerifier [0x0x7ff6de076aed+3026941]\n\tGetHandleVerifier [0x0x7ff6dddc16fe+187406]\n\tGetHandleVerifier [0x0x7ff6dddc96ef+220159]\n\tGetHandleVerifier [0x0x7ff6dddafaf4+114692]\n\tGetHandleVerifier [0x0x7ff6dddafca9+115129]\n\tGetHandleVerifier [0x0x7ff6ddd964d8+10728]\n\tBaseThreadInitThunk [0x0x7ffcce1b7374+20]\n\tRtlUserThreadStart [0x0x7ffcce53cc91+33]","statusTrace":"self = <test_system.test_modeldesign.TestSModelDesignPage object at 0x0000024AB57248E0>, login_to_modeldesign = <selenium.webdriver.chrome.webdriver.WebDriver (session=\"92631ed45c0db5ddcec8a0594af5397d\")>\n\n    @allure.story(\"新增模型不填写数据，不允许新增\")\n    # @pytest.mark.run(order=1)\n    def test_modeldesign_add1(self, login_to_modeldesign):\n        driver = login_to_modeldesign  # WebDriver 实例\n        model = OtherPage(driver)  # 用 driver 初始化 OtherPage\n        sleep(2)\n        model.click_modeldesign_button(\"新增模型\")\n        model.click_confirm()\n>       message = model.get_error_message()\n\nTests\\test_system\\test_modeldesign.py:72: \n_ _ _ _ _ _ _ _ _ _ _ _ _ _ _ _ _ _ _ _ _ _ _ _ _ _ _ _ _ _ _ _ _ _ _ _ _ _ _ _ _ _ _ _ _ _ _ _ _ _ _ _ _ _ _ _ _ _ _ _ _ _ _ _ _ _ _ _ _ _ _ _ _ _ _ _ _ _ _ _ _ _ _ _ _ _ _ _ _ _ _ _ _ _ _ _ _ _ _ _ _ _ _ _ _ _ _ _ _ _ _ _ _ _ _ _\nPages\\systemPage\\other_page.py:44: in get_error_message\n    message = WebDriverWait(self.driver, 10).until(\n_ _ _ _ _ _ _ _ _ _ _ _ _ _ _ _ _ _ _ _ _ _ _ _ _ _ _ _ _ _ _ _ _ _ _ _ _ _ _ _ _ _ _ _ _ _ _ _ _ _ _ _ _ _ _ _ _ _ _ _ _ _ _ _ _ _ _ _ _ _ _ _ _ _ _ _ _ _ _ _ _ _ _ _ _ _ _ _ _ _ _ _ _ _ _ _ _ _ _ _ _ _ _ _ _ _ _ _ _ _ _ _ _ _ _ _\n\nself = <selenium.webdriver.support.wait.WebDriverWait (session=\"92631ed45c0db5ddcec8a0594af5397d\")>, method = <function visibility_of_element_located.<locals>._predicate at 0x0000024AB7A1C040>, message = ''\n\n    def until(self, method: Callable[[D], Union[Literal[False], T]], message: str = \"\") -> T:\n        \"\"\"Wait until the method returns a value that is not False.\n    \n        Calls the method provided with the driver as an argument until the\n        return value does not evaluate to ``False``.\n    \n        Parameters:\n        -----------\n        method: callable(WebDriver)\n            - A callable object that takes a WebDriver instance as an argument.\n    \n        message: str\n            - Optional message for :exc:`TimeoutException`\n    \n        Return:\n        -------\n        object: T\n            - The result of the last call to `method`\n    \n        Raises:\n        -------\n        TimeoutException\n            - If 'method' does not return a truthy value within the WebDriverWait\n            object's timeout\n    \n        Example:\n        --------\n        >>> from selenium.webdriver.common.by import By\n        >>> from selenium.webdriver.support.ui import WebDriverWait\n        >>> from selenium.webdriver.support import expected_conditions as EC\n    \n        # Wait until an element is visible on the page\n        >>> wait = WebDriverWait(driver, 10)\n        >>> element = wait.until(EC.visibility_of_element_located((By.ID, \"exampleId\")))\n        >>> print(element.text)\n        \"\"\"\n        screen = None\n        stacktrace = None\n    \n        end_time = time.monotonic() + self._timeout\n        while True:\n            try:\n                value = method(self._driver)\n                if value:\n                    return value\n            except self._ignored_exceptions as exc:\n                screen = getattr(exc, \"screen\", None)\n                stacktrace = getattr(exc, \"stacktrace\", None)\n            if time.monotonic() > end_time:\n                break\n            time.sleep(self._poll)\n>       raise TimeoutException(message, screen, stacktrace)\nE       selenium.common.exceptions.TimeoutException: Message: \nE       Stacktrace:\nE       \tGetHandleVerifier [0x0x7ff6ddda6f65+78965]\nE       \tGetHandleVerifier [0x0x7ff6ddda6fc0+79056]\nE       \t(No symbol) [0x0x7ff6ddb39dda]\nE       \t(No symbol) [0x0x7ff6ddb902ea]\nE       \t(No symbol) [0x0x7ff6ddb9059c]\nE       \t(No symbol) [0x0x7ff6ddbe3f37]\nE       \t(No symbol) [0x0x7ff6ddbb86af]\nE       \t(No symbol) [0x0x7ff6ddbe0dbe]\nE       \t(No symbol) [0x0x7ff6ddbb8443]\nE       \t(No symbol) [0x0x7ff6ddb81311]\nE       \t(No symbol) [0x0x7ff6ddb820a3]\nE       \tGetHandleVerifier [0x0x7ff6de05e26d+2926461]\nE       \tGetHandleVerifier [0x0x7ff6de058993+2903715]\nE       \tGetHandleVerifier [0x0x7ff6de076aed+3026941]\nE       \tGetHandleVerifier [0x0x7ff6dddc16fe+187406]\nE       \tGetHandleVerifier [0x0x7ff6dddc96ef+220159]\nE       \tGetHandleVerifier [0x0x7ff6dddafaf4+114692]\nE       \tGetHandleVerifier [0x0x7ff6dddafca9+115129]\nE       \tGetHandleVerifier [0x0x7ff6ddd964d8+10728]\nE       \tBaseThreadInitThunk [0x0x7ffcce1b7374+20]\nE       \tRtlUserThreadStart [0x0x7ffcce53cc91+33]\n\nmyenv\\lib\\site-packages\\selenium\\webdriver\\support\\wait.py:138: TimeoutException","steps":[],"attachments":[{"uid":"8264a2591e6edd25","name":"test_modeldesign_add1_failure","source":"8264a2591e6edd25.png","type":"image/png","size":63966},{"uid":"49d1b04755a9e973","name":"test_modeldesign_add1_source","source":"49d1b04755a9e973.html","type":"text/html","size":1169705},{"uid":"b7042b5abc97b360","name":"log","source":"b7042b5abc97b360.txt","type":"text/plain","size":1482}],"parameters":[],"stepsCount":0,"attachmentStep":false,"hasContent":true,"shouldDisplayMessage":true,"attachmentsCount":3},"afterStages":[{"name":"login_to_modeldesign::0","time":{"start":1763679587058,"stop":1763679589223,"duration":2165},"status":"passed","steps":[],"attachments":[],"parameters":[],"stepsCount":0,"attachmentStep":false,"hasContent":false,"shouldDisplayMessage":false,"attachmentsCount":0}],"labels":[{"name":"feature","value":"模型设计页用例"},{"name":"story","value":"新增模型不填写数据，不允许新增"},{"name":"parentSuite","value":"Tests.test_system"},{"name":"suite","value":"test_modeldesign"},{"name":"subSuite","value":"TestSModelDesignPage"},{"name":"host","value":"WIN-20240820MJV"},{"name":"thread","value":"9148-MainThread"},{"name":"framework","value":"pytest"},{"name":"language","value":"cpython3"},{"name":"package","value":"Tests.test_system.test_modeldesign"},{"name":"resultFormat","value":"allure2"}],"parameters":[],"links":[],"hidden":true,"retry":true,"extra":{"categories":[],"tags":[]},"source":"7f49c1bc90fea847.json","parameterValues":[]}