{"uid":"800b84c975b6c6ff","name":"test_production_select4","fullName":"Tests.test_items.test_production.TestProductionPage#test_production_select4","historyId":"d0e984490327bdb9230eeebc7e869eb7","time":{"start":1769095939150,"stop":1769095949342,"duration":10192},"status":"broken","statusMessage":"selenium.common.exceptions.TimeoutException: Message: \nStacktrace:\n\tGetHandleVerifier [0x0x7ff6c0556f65+78965]\n\tGetHandleVerifier [0x0x7ff6c0556fc0+79056]\n\t(No symbol) [0x0x7ff6c02e9dda]\n\t(No symbol) [0x0x7ff6c03402ea]\n\t(No symbol) [0x0x7ff6c034059c]\n\t(No symbol) [0x0x7ff6c0393f37]\n\t(No symbol) [0x0x7ff6c03686af]\n\t(No symbol) [0x0x7ff6c0390dbe]\n\t(No symbol) [0x0x7ff6c0368443]\n\t(No symbol) [0x0x7ff6c0331311]\n\t(No symbol) [0x0x7ff6c03320a3]\n\tGetHandleVerifier [0x0x7ff6c080e26d+2926461]\n\tGetHandleVerifier [0x0x7ff6c0808993+2903715]\n\tGetHandleVerifier [0x0x7ff6c0826aed+3026941]\n\tGetHandleVerifier [0x0x7ff6c05716fe+187406]\n\tGetHandleVerifier [0x0x7ff6c05796ef+220159]\n\tGetHandleVerifier [0x0x7ff6c055faf4+114692]\n\tGetHandleVerifier [0x0x7ff6c055fca9+115129]\n\tGetHandleVerifier [0x0x7ff6c05464d8+10728]\n\tBaseThreadInitThunk [0x0x7ffc4d1c7374+20]\n\tRtlUserThreadStart [0x0x7ffc4ec7cc91+33]","statusTrace":"self = <test_items.test_production.TestProductionPage object at 0x00000218C678BAC0>, login_to_production = <selenium.webdriver.chrome.webdriver.WebDriver (session=\"a813a1a777dd6d815c9940e89077b67b\")>\n\n    @allure.story(\"过滤条件查询，设置符合开头查询成功\")\n    # @pytest.mark.run(order=1)\n    def test_production_select4(self, login_to_production):\n        driver = login_to_production  # WebDriver 实例\n        production = ProductionPage(driver)  # 用 driver 初始化 ProductionPage\n>       name = production.get_find_element_xpath(\n            '//div[@class=\"vxe-table--body-wrapper body--wrapper\"]/table[@class=\"vxe-table--body\"]//tr[2]//td[2]'\n        ).get_attribute('innerText')\n\nTests\\test_items\\test_production.py:887: \n_ _ _ _ _ _ _ _ _ _ _ _ _ _ _ _ _ _ _ _ _ _ _ _ _ _ _ _ _ _ _ _ _ _ _ _ _ _ _ _ _ _ _ _ _ _ _ _ _ _ _ _ _ _ _ _ _ _ _ _ _ _ _ _ _ _ _ _ _ _ _ _ _ _ _ _ _ _ _ _ _ _ _ _ _ _ _ _ _ _ _ _ _ _ _ _ _ _ _ _ _ _ _ _ _ _ _ _ _ _ _ _ _ _ _ _\nPages\\itemsPage\\production_page.py:47: in get_find_element_xpath\n    return self.find_element(By.XPATH, xpath)\nPages\\base_page.py:28: in find_element\n    return WebDriverWait(self.driver, wait_time).until(\n_ _ _ _ _ _ _ _ _ _ _ _ _ _ _ _ _ _ _ _ _ _ _ _ _ _ _ _ _ _ _ _ _ _ _ _ _ _ _ _ _ _ _ _ _ _ _ _ _ _ _ _ _ _ _ _ _ _ _ _ _ _ _ _ _ _ _ _ _ _ _ _ _ _ _ _ _ _ _ _ _ _ _ _ _ _ _ _ _ _ _ _ _ _ _ _ _ _ _ _ _ _ _ _ _ _ _ _ _ _ _ _ _ _ _ _\n\nself = <selenium.webdriver.support.wait.WebDriverWait (session=\"a813a1a777dd6d815c9940e89077b67b\")>, method = <function presence_of_element_located.<locals>._predicate at 0x00000218C8867130>, message = ''\n\n    def until(self, method: Callable[[D], Union[Literal[False], T]], message: str = \"\") -> T:\n        \"\"\"Wait until the method returns a value that is not False.\n    \n        Calls the method provided with the driver as an argument until the\n        return value does not evaluate to ``False``.\n    \n        Parameters:\n        -----------\n        method: callable(WebDriver)\n            - A callable object that takes a WebDriver instance as an argument.\n    \n        message: str\n            - Optional message for :exc:`TimeoutException`\n    \n        Return:\n        -------\n        object: T\n            - The result of the last call to `method`\n    \n        Raises:\n        -------\n        TimeoutException\n            - If 'method' does not return a truthy value within the WebDriverWait\n            object's timeout\n    \n        Example:\n        --------\n        >>> from selenium.webdriver.common.by import By\n        >>> from selenium.webdriver.support.ui import WebDriverWait\n        >>> from selenium.webdriver.support import expected_conditions as EC\n    \n        # Wait until an element is visible on the page\n        >>> wait = WebDriverWait(driver, 10)\n        >>> element = wait.until(EC.visibility_of_element_located((By.ID, \"exampleId\")))\n        >>> print(element.text)\n        \"\"\"\n        screen = None\n        stacktrace = None\n    \n        end_time = time.monotonic() + self._timeout\n        while True:\n            try:\n                value = method(self._driver)\n                if value:\n                    return value\n            except self._ignored_exceptions as exc:\n                screen = getattr(exc, \"screen\", None)\n                stacktrace = getattr(exc, \"stacktrace\", None)\n            if time.monotonic() > end_time:\n                break\n            time.sleep(self._poll)\n>       raise TimeoutException(message, screen, stacktrace)\nE       selenium.common.exceptions.TimeoutException: Message: \nE       Stacktrace:\nE       \tGetHandleVerifier [0x0x7ff6c0556f65+78965]\nE       \tGetHandleVerifier [0x0x7ff6c0556fc0+79056]\nE       \t(No symbol) [0x0x7ff6c02e9dda]\nE       \t(No symbol) [0x0x7ff6c03402ea]\nE       \t(No symbol) [0x0x7ff6c034059c]\nE       \t(No symbol) [0x0x7ff6c0393f37]\nE       \t(No symbol) [0x0x7ff6c03686af]\nE       \t(No symbol) [0x0x7ff6c0390dbe]\nE       \t(No symbol) [0x0x7ff6c0368443]\nE       \t(No symbol) [0x0x7ff6c0331311]\nE       \t(No symbol) [0x0x7ff6c03320a3]\nE       \tGetHandleVerifier [0x0x7ff6c080e26d+2926461]\nE       \tGetHandleVerifier [0x0x7ff6c0808993+2903715]\nE       \tGetHandleVerifier [0x0x7ff6c0826aed+3026941]\nE       \tGetHandleVerifier [0x0x7ff6c05716fe+187406]\nE       \tGetHandleVerifier [0x0x7ff6c05796ef+220159]\nE       \tGetHandleVerifier [0x0x7ff6c055faf4+114692]\nE       \tGetHandleVerifier [0x0x7ff6c055fca9+115129]\nE       \tGetHandleVerifier [0x0x7ff6c05464d8+10728]\nE       \tBaseThreadInitThunk [0x0x7ffc4d1c7374+20]\nE       \tRtlUserThreadStart [0x0x7ffc4ec7cc91+33]\n\nmyenv\\lib\\site-packages\\selenium\\webdriver\\support\\wait.py:138: TimeoutException","flaky":false,"newFailed":false,"newBroken":false,"newPassed":false,"retriesCount":1,"retriesStatusChange":false,"beforeStages":[{"name":"login_to_production","time":{"start":1769095408429,"stop":1769095426227,"duration":17798},"status":"passed","steps":[],"attachments":[],"parameters":[],"attachmentStep":false,"stepsCount":0,"hasContent":false,"shouldDisplayMessage":false,"attachmentsCount":0}],"testStage":{"status":"broken","statusMessage":"selenium.common.exceptions.TimeoutException: Message: \nStacktrace:\n\tGetHandleVerifier [0x0x7ff6c0556f65+78965]\n\tGetHandleVerifier [0x0x7ff6c0556fc0+79056]\n\t(No symbol) [0x0x7ff6c02e9dda]\n\t(No symbol) [0x0x7ff6c03402ea]\n\t(No symbol) [0x0x7ff6c034059c]\n\t(No symbol) [0x0x7ff6c0393f37]\n\t(No symbol) [0x0x7ff6c03686af]\n\t(No symbol) [0x0x7ff6c0390dbe]\n\t(No symbol) [0x0x7ff6c0368443]\n\t(No symbol) [0x0x7ff6c0331311]\n\t(No symbol) [0x0x7ff6c03320a3]\n\tGetHandleVerifier [0x0x7ff6c080e26d+2926461]\n\tGetHandleVerifier [0x0x7ff6c0808993+2903715]\n\tGetHandleVerifier [0x0x7ff6c0826aed+3026941]\n\tGetHandleVerifier [0x0x7ff6c05716fe+187406]\n\tGetHandleVerifier [0x0x7ff6c05796ef+220159]\n\tGetHandleVerifier [0x0x7ff6c055faf4+114692]\n\tGetHandleVerifier [0x0x7ff6c055fca9+115129]\n\tGetHandleVerifier [0x0x7ff6c05464d8+10728]\n\tBaseThreadInitThunk [0x0x7ffc4d1c7374+20]\n\tRtlUserThreadStart [0x0x7ffc4ec7cc91+33]","statusTrace":"self = <test_items.test_production.TestProductionPage object at 0x00000218C678BAC0>, login_to_production = <selenium.webdriver.chrome.webdriver.WebDriver (session=\"a813a1a777dd6d815c9940e89077b67b\")>\n\n    @allure.story(\"过滤条件查询，设置符合开头查询成功\")\n    # @pytest.mark.run(order=1)\n    def test_production_select4(self, login_to_production):\n        driver = login_to_production  # WebDriver 实例\n        production = ProductionPage(driver)  # 用 driver 初始化 ProductionPage\n>       name = production.get_find_element_xpath(\n            '//div[@class=\"vxe-table--body-wrapper body--wrapper\"]/table[@class=\"vxe-table--body\"]//tr[2]//td[2]'\n        ).get_attribute('innerText')\n\nTests\\test_items\\test_production.py:887: \n_ _ _ _ _ _ _ _ _ _ _ _ _ _ _ _ _ _ _ _ _ _ _ _ _ _ _ _ _ _ _ _ _ _ _ _ _ _ _ _ _ _ _ _ _ _ _ _ _ _ _ _ _ _ _ _ _ _ _ _ _ _ _ _ _ _ _ _ _ _ _ _ _ _ _ _ _ _ _ _ _ _ _ _ _ _ _ _ _ _ _ _ _ _ _ _ _ _ _ _ _ _ _ _ _ _ _ _ _ _ _ _ _ _ _ _\nPages\\itemsPage\\production_page.py:47: in get_find_element_xpath\n    return self.find_element(By.XPATH, xpath)\nPages\\base_page.py:28: in find_element\n    return WebDriverWait(self.driver, wait_time).until(\n_ _ _ _ _ _ _ _ _ _ _ _ _ _ _ _ _ _ _ _ _ _ _ _ _ _ _ _ _ _ _ _ _ _ _ _ _ _ _ _ _ _ _ _ _ _ _ _ _ _ _ _ _ _ _ _ _ _ _ _ _ _ _ _ _ _ _ _ _ _ _ _ _ _ _ _ _ _ _ _ _ _ _ _ _ _ _ _ _ _ _ _ _ _ _ _ _ _ _ _ _ _ _ _ _ _ _ _ _ _ _ _ _ _ _ _\n\nself = <selenium.webdriver.support.wait.WebDriverWait (session=\"a813a1a777dd6d815c9940e89077b67b\")>, method = <function presence_of_element_located.<locals>._predicate at 0x00000218C8867130>, message = ''\n\n    def until(self, method: Callable[[D], Union[Literal[False], T]], message: str = \"\") -> T:\n        \"\"\"Wait until the method returns a value that is not False.\n    \n        Calls the method provided with the driver as an argument until the\n        return value does not evaluate to ``False``.\n    \n        Parameters:\n        -----------\n        method: callable(WebDriver)\n            - A callable object that takes a WebDriver instance as an argument.\n    \n        message: str\n            - Optional message for :exc:`TimeoutException`\n    \n        Return:\n        -------\n        object: T\n            - The result of the last call to `method`\n    \n        Raises:\n        -------\n        TimeoutException\n            - If 'method' does not return a truthy value within the WebDriverWait\n            object's timeout\n    \n        Example:\n        --------\n        >>> from selenium.webdriver.common.by import By\n        >>> from selenium.webdriver.support.ui import WebDriverWait\n        >>> from selenium.webdriver.support import expected_conditions as EC\n    \n        # Wait until an element is visible on the page\n        >>> wait = WebDriverWait(driver, 10)\n        >>> element = wait.until(EC.visibility_of_element_located((By.ID, \"exampleId\")))\n        >>> print(element.text)\n        \"\"\"\n        screen = None\n        stacktrace = None\n    \n        end_time = time.monotonic() + self._timeout\n        while True:\n            try:\n                value = method(self._driver)\n                if value:\n                    return value\n            except self._ignored_exceptions as exc:\n                screen = getattr(exc, \"screen\", None)\n                stacktrace = getattr(exc, \"stacktrace\", None)\n            if time.monotonic() > end_time:\n                break\n            time.sleep(self._poll)\n>       raise TimeoutException(message, screen, stacktrace)\nE       selenium.common.exceptions.TimeoutException: Message: \nE       Stacktrace:\nE       \tGetHandleVerifier [0x0x7ff6c0556f65+78965]\nE       \tGetHandleVerifier [0x0x7ff6c0556fc0+79056]\nE       \t(No symbol) [0x0x7ff6c02e9dda]\nE       \t(No symbol) [0x0x7ff6c03402ea]\nE       \t(No symbol) [0x0x7ff6c034059c]\nE       \t(No symbol) [0x0x7ff6c0393f37]\nE       \t(No symbol) [0x0x7ff6c03686af]\nE       \t(No symbol) [0x0x7ff6c0390dbe]\nE       \t(No symbol) [0x0x7ff6c0368443]\nE       \t(No symbol) [0x0x7ff6c0331311]\nE       \t(No symbol) [0x0x7ff6c03320a3]\nE       \tGetHandleVerifier [0x0x7ff6c080e26d+2926461]\nE       \tGetHandleVerifier [0x0x7ff6c0808993+2903715]\nE       \tGetHandleVerifier [0x0x7ff6c0826aed+3026941]\nE       \tGetHandleVerifier [0x0x7ff6c05716fe+187406]\nE       \tGetHandleVerifier [0x0x7ff6c05796ef+220159]\nE       \tGetHandleVerifier [0x0x7ff6c055faf4+114692]\nE       \tGetHandleVerifier [0x0x7ff6c055fca9+115129]\nE       \tGetHandleVerifier [0x0x7ff6c05464d8+10728]\nE       \tBaseThreadInitThunk [0x0x7ffc4d1c7374+20]\nE       \tRtlUserThreadStart [0x0x7ffc4ec7cc91+33]\n\nmyenv\\lib\\site-packages\\selenium\\webdriver\\support\\wait.py:138: TimeoutException","steps":[],"attachments":[{"uid":"a6c00b4b706d565c","name":"test_production_select4_20260122_233229","source":"a6c00b4b706d565c.png","type":"image/png","size":106121},{"uid":"602a85def6f01522","name":"test_production_select4_20260122_233229","source":"602a85def6f01522.png","type":"image/png","size":106074},{"uid":"71d22f110f8cc8a","name":"test_production_select4_20260122_233229","source":"71d22f110f8cc8a.png","type":"image/png","size":89232},{"uid":"d362c6b732b04e32","name":"log","source":"d362c6b732b04e32.txt","type":"text/plain","size":699}],"parameters":[],"attachmentStep":false,"stepsCount":0,"hasContent":true,"shouldDisplayMessage":true,"attachmentsCount":4},"afterStages":[{"name":"login_to_production::0","time":{"start":1769096136671,"stop":1769096138832,"duration":2161},"status":"passed","steps":[],"attachments":[],"parameters":[],"attachmentStep":false,"stepsCount":0,"hasContent":false,"shouldDisplayMessage":false,"attachmentsCount":0}],"labels":[{"name":"story","value":"过滤条件查询，设置符合开头查询成功"},{"name":"feature","value":"生产报工测试用例"},{"name":"parentSuite","value":"Tests.test_items"},{"name":"suite","value":"test_production"},{"name":"subSuite","value":"TestProductionPage"},{"name":"host","value":"WIN-20240820MJV"},{"name":"thread","value":"43156-MainThread"},{"name":"framework","value":"pytest"},{"name":"language","value":"cpython3"},{"name":"package","value":"Tests.test_items.test_production"},{"name":"resultFormat","value":"allure2"}],"parameters":[],"links":[],"hidden":false,"retry":false,"extra":{"severity":"normal","retries":[{"uid":"a553bc5976bc820f","status":"broken","statusDetails":"selenium.common.exceptions.TimeoutException: Message: \nStacktrace:\n\tGetHandleVerifier [0x0x7ff6c0556f65+78965]\n\tGetHandleVerifier [0x0x7ff6c0556fc0+79056]\n\t(No symbol) [0x0x7ff6c02e9dda]\n\t(No symbol) [0x0x7ff6c03402ea]\n\t(No symbol) [0x0x7ff6c034059c]\n\t(No symbol) [0x0x7ff6c0393f37]\n\t(No symbol) [0x0x7ff6c03686af]\n\t(No symbol) [0x0x7ff6c0390dbe]\n\t(No symbol) [0x0x7ff6c0368443]\n\t(No symbol) [0x0x7ff6c0331311]\n\t(No symbol) [0x0x7ff6c03320a3]\n\tGetHandleVerifier [0x0x7ff6c080e26d+2926461]\n\tGetHandleVerifier [0x0x7ff6c0808993+2903715]\n\tGetHandleVerifier [0x0x7ff6c0826aed+3026941]\n\tGetHandleVerifier [0x0x7ff6c05716fe+187406]\n\tGetHandleVerifier [0x0x7ff6c05796ef+220159]\n\tGetHandleVerifier [0x0x7ff6c055faf4+114692]\n\tGetHandleVerifier [0x0x7ff6c055fca9+115129]\n\tGetHandleVerifier [0x0x7ff6c05464d8+10728]\n\tBaseThreadInitThunk [0x0x7ffc4d1c7374+20]\n\tRtlUserThreadStart [0x0x7ffc4ec7cc91+33]","time":{"start":1769095928707,"stop":1769095938838,"duration":10131}}],"categories":[{"name":"Test defects","matchedStatuses":[]}],"tags":[]},"source":"800b84c975b6c6ff.json","parameterValues":[]}