{"uid":"8181aeecec31d4c1","name":"test_acceptdata_select3","fullName":"Tests.test_system.test_acceptdata.TestSAcceptDataPage#test_acceptdata_select3","historyId":"5ab1194a5914fc03419c54af6f633f77","time":{"start":1764811427860,"stop":1764811436038,"duration":8178},"status":"failed","statusMessage":"AssertionError: assert False\n +  where False = all(<generator object TestSAcceptDataPage.test_acceptdata_select3.<locals>.<genexpr> at 0x000002ECDFE478B0>)","statusTrace":"self = <test_system.test_acceptdata.TestSAcceptDataPage object at 0x000002ECDEE89600>, login_to_acceptdata = <selenium.webdriver.chrome.webdriver.WebDriver (session=\"4f6fbbb57df985a6d9c36a0ee019c28f\")>\n\n    @allure.story(\"过滤条件查询，设置符合开头查询成功\")\n    # @pytest.mark.run(order=1)\n    def test_acceptdata_select3(self, login_to_acceptdata):\n        driver = login_to_acceptdata  # WebDriver 实例\n        acceptdata = ImpPage(driver)  # 用 driver 初始化 ImpPage\n        acceptdata.wait_for_loading_to_disappear()\n        name = \"1\"\n        acceptdata.click_button('//div[p[text()=\"接口名称\"]]/following-sibling::div//i')\n        acceptdata.hover(\"符合开头\")\n        sleep(1)\n        acceptdata.select_input(name)\n        sleep(1)\n        eles = acceptdata.finds_elements(By.XPATH, '//table[@class=\"vxe-table--body\"]//tr//td[3]')\n        sleep(1)\n        list_ = [ele.text for ele in eles]\n        assert len(list_) > 0\n>       assert all(str(item).startswith(name) for item in list_)\nE       assert False\nE        +  where False = all(<generator object TestSAcceptDataPage.test_acceptdata_select3.<locals>.<genexpr> at 0x000002ECDFE478B0>)\n\nTests\\test_system\\test_acceptdata.py:315: AssertionError","flaky":false,"newFailed":false,"newBroken":false,"newPassed":false,"retriesCount":1,"retriesStatusChange":false,"beforeStages":[{"name":"login_to_acceptdata","time":{"start":1764811413765,"stop":1764811427860,"duration":14095},"status":"passed","steps":[],"attachments":[],"parameters":[],"stepsCount":0,"hasContent":false,"attachmentStep":false,"shouldDisplayMessage":false,"attachmentsCount":0}],"testStage":{"status":"failed","statusMessage":"AssertionError: assert False\n +  where False = all(<generator object TestSAcceptDataPage.test_acceptdata_select3.<locals>.<genexpr> at 0x000002ECDFE478B0>)","statusTrace":"self = <test_system.test_acceptdata.TestSAcceptDataPage object at 0x000002ECDEE89600>, login_to_acceptdata = <selenium.webdriver.chrome.webdriver.WebDriver (session=\"4f6fbbb57df985a6d9c36a0ee019c28f\")>\n\n    @allure.story(\"过滤条件查询，设置符合开头查询成功\")\n    # @pytest.mark.run(order=1)\n    def test_acceptdata_select3(self, login_to_acceptdata):\n        driver = login_to_acceptdata  # WebDriver 实例\n        acceptdata = ImpPage(driver)  # 用 driver 初始化 ImpPage\n        acceptdata.wait_for_loading_to_disappear()\n        name = \"1\"\n        acceptdata.click_button('//div[p[text()=\"接口名称\"]]/following-sibling::div//i')\n        acceptdata.hover(\"符合开头\")\n        sleep(1)\n        acceptdata.select_input(name)\n        sleep(1)\n        eles = acceptdata.finds_elements(By.XPATH, '//table[@class=\"vxe-table--body\"]//tr//td[3]')\n        sleep(1)\n        list_ = [ele.text for ele in eles]\n        assert len(list_) > 0\n>       assert all(str(item).startswith(name) for item in list_)\nE       assert False\nE        +  where False = all(<generator object TestSAcceptDataPage.test_acceptdata_select3.<locals>.<genexpr> at 0x000002ECDFE478B0>)\n\nTests\\test_system\\test_acceptdata.py:315: AssertionError","steps":[],"attachments":[{"uid":"9423747fd50cf1f4","name":"test_acceptdata_select3_failure","source":"9423747fd50cf1f4.png","type":"image/png","size":91838},{"uid":"ffb16b6e0c023621","name":"test_acceptdata_select3_source","source":"ffb16b6e0c023621.html","type":"text/html","size":1157185},{"uid":"4f382ba402637ef3","name":"log","source":"4f382ba402637ef3.txt","type":"text/plain","size":3283}],"parameters":[],"stepsCount":0,"hasContent":true,"attachmentStep":false,"shouldDisplayMessage":true,"attachmentsCount":3},"afterStages":[{"name":"login_to_acceptdata::0","time":{"start":1764811436194,"stop":1764811438371,"duration":2177},"status":"passed","steps":[],"attachments":[],"parameters":[],"stepsCount":0,"hasContent":false,"attachmentStep":false,"shouldDisplayMessage":false,"attachmentsCount":0}],"labels":[{"name":"feature","value":"接收数据页用例"},{"name":"story","value":"过滤条件查询，设置符合开头查询成功"},{"name":"parentSuite","value":"Tests.test_system"},{"name":"suite","value":"test_acceptdata"},{"name":"subSuite","value":"TestSAcceptDataPage"},{"name":"host","value":"WIN-20240820MJV"},{"name":"thread","value":"27684-MainThread"},{"name":"framework","value":"pytest"},{"name":"language","value":"cpython3"},{"name":"package","value":"Tests.test_system.test_acceptdata"},{"name":"resultFormat","value":"allure2"}],"parameters":[],"links":[],"hidden":false,"retry":false,"extra":{"severity":"normal","retries":[{"uid":"8e8f28aa0ccb3370","status":"failed","statusDetails":"AssertionError: assert False\n +  where False = all(<generator object TestSAcceptDataPage.test_acceptdata_select3.<locals>.<genexpr> at 0x000002ECDFDD5150>)","time":{"start":1764811403237,"stop":1764811411435,"duration":8198}}],"categories":[{"name":"Product defects","matchedStatuses":[]}],"tags":[]},"source":"8181aeecec31d4c1.json","parameterValues":[]}