{"uid":"82f279503c08feb8","name":"test_user_verify1","fullName":"Tests.test_system.test_userRole.TestUserRolePage#test_user_verify1","historyId":"c2bb957e1751db30a0c067b81eb528e4","time":{"start":1763413170418,"stop":1763413172282,"duration":1864},"status":"failed","statusMessage":"AssertionError: assert '1w+.?=-+a_1' == '1wa_1'\n  \n  \u001B[0m\u001B[91m- 1wa_1\u001B[39;49;00m\u001B[90m\u001B[39;49;00m\n  \u001B[92m+ 1w+.?=-+a_1\u001B[39;49;00m\u001B[90m\u001B[39;49;00m","statusTrace":"self = <test_system.test_userRole.TestUserRolePage object at 0x000001961BEFD1E0>, login_to_userrole = <selenium.webdriver.chrome.webdriver.WebDriver (session=\"da4b087ec83de30fdb3a746e1162d86f\")>\n\n    @allure.story(\"校验用户代码文本框，输入其他字符，显示只能包含字母和数字和下划线\")\n    # @pytest.mark.run(order=1)\n    def test_user_verify1(self, login_to_userrole):\n        driver = login_to_userrole  # WebDriver 实例\n        user = UserRolePage(driver)  # 用 driver 初始化 UserRolePage\n        name = '1用户w+.?=-+a_1'\n        add = AddsPages(driver)\n        list_ = [\n            '//div[label[text()=\"用户代码\"]]//input',\n            '//div[label[text()=\"用户名称\"]]//input'\n        ]\n        user.click_all_button(\"新增\")\n        user.enter_texts(list_[0], name)\n        user.click_button(list_[1])\n        sleep(0.5)\n        ele = user.get_find_element_xpath(list_[0]).get_attribute(\"value\")\n>       assert ele == '1wa_1'\nE       AssertionError: assert '1w+.?=-+a_1' == '1wa_1'\nE         \nE         \u001B[0m\u001B[91m- 1wa_1\u001B[39;49;00m\u001B[90m\u001B[39;49;00m\nE         \u001B[92m+ 1w+.?=-+a_1\u001B[39;49;00m\u001B[90m\u001B[39;49;00m\n\nTests\\test_system\\test_userRole.py:203: AssertionError","flaky":false,"newFailed":false,"newBroken":false,"newPassed":false,"retriesCount":1,"retriesStatusChange":false,"beforeStages":[{"name":"login_to_userrole","time":{"start":1763413157163,"stop":1763413170418,"duration":13255},"status":"passed","steps":[],"attachments":[],"parameters":[],"attachmentsCount":0,"shouldDisplayMessage":false,"stepsCount":0,"hasContent":false,"attachmentStep":false}],"testStage":{"status":"failed","statusMessage":"AssertionError: assert '1w+.?=-+a_1' == '1wa_1'\n  \n  \u001B[0m\u001B[91m- 1wa_1\u001B[39;49;00m\u001B[90m\u001B[39;49;00m\n  \u001B[92m+ 1w+.?=-+a_1\u001B[39;49;00m\u001B[90m\u001B[39;49;00m","statusTrace":"self = <test_system.test_userRole.TestUserRolePage object at 0x000001961BEFD1E0>, login_to_userrole = <selenium.webdriver.chrome.webdriver.WebDriver (session=\"da4b087ec83de30fdb3a746e1162d86f\")>\n\n    @allure.story(\"校验用户代码文本框，输入其他字符，显示只能包含字母和数字和下划线\")\n    # @pytest.mark.run(order=1)\n    def test_user_verify1(self, login_to_userrole):\n        driver = login_to_userrole  # WebDriver 实例\n        user = UserRolePage(driver)  # 用 driver 初始化 UserRolePage\n        name = '1用户w+.?=-+a_1'\n        add = AddsPages(driver)\n        list_ = [\n            '//div[label[text()=\"用户代码\"]]//input',\n            '//div[label[text()=\"用户名称\"]]//input'\n        ]\n        user.click_all_button(\"新增\")\n        user.enter_texts(list_[0], name)\n        user.click_button(list_[1])\n        sleep(0.5)\n        ele = user.get_find_element_xpath(list_[0]).get_attribute(\"value\")\n>       assert ele == '1wa_1'\nE       AssertionError: assert '1w+.?=-+a_1' == '1wa_1'\nE         \nE         \u001B[0m\u001B[91m- 1wa_1\u001B[39;49;00m\u001B[90m\u001B[39;49;00m\nE         \u001B[92m+ 1w+.?=-+a_1\u001B[39;49;00m\u001B[90m\u001B[39;49;00m\n\nTests\\test_system\\test_userRole.py:203: AssertionError","steps":[],"attachments":[{"uid":"a06a0cdcbcb2010a","name":"test_user_verify1_failure","source":"a06a0cdcbcb2010a.png","type":"image/png","size":167482},{"uid":"fe0775c64c0c7876","name":"test_user_verify1_source","source":"fe0775c64c0c7876.html","type":"text/html","size":1225308},{"uid":"5c500752cdd0831","name":"log","source":"5c500752cdd0831.txt","type":"text/plain","size":3283}],"parameters":[],"attachmentsCount":3,"shouldDisplayMessage":true,"stepsCount":0,"hasContent":true,"attachmentStep":false},"afterStages":[{"name":"login_to_userrole::0","time":{"start":1763413172472,"stop":1763413174622,"duration":2150},"status":"passed","steps":[],"attachments":[],"parameters":[],"attachmentsCount":0,"shouldDisplayMessage":false,"stepsCount":0,"hasContent":false,"attachmentStep":false}],"labels":[{"name":"feature","value":"用户权限管理页用例"},{"name":"story","value":"校验用户代码文本框，输入其他字符，显示只能包含字母和数字和下划线"},{"name":"parentSuite","value":"Tests.test_system"},{"name":"suite","value":"test_userRole"},{"name":"subSuite","value":"TestUserRolePage"},{"name":"host","value":"WIN-20240820MJV"},{"name":"thread","value":"24860-MainThread"},{"name":"framework","value":"pytest"},{"name":"language","value":"cpython3"},{"name":"package","value":"Tests.test_system.test_userRole"},{"name":"resultFormat","value":"allure2"}],"parameters":[],"links":[],"hidden":false,"retry":false,"extra":{"severity":"normal","retries":[{"uid":"87443f86e8df9e2c","status":"failed","statusDetails":"AssertionError: assert '1w+.?=-+a_1' == '1wa_1'\n  \n  \u001B[0m\u001B[91m- 1wa_1\u001B[39;49;00m\u001B[90m\u001B[39;49;00m\n  \u001B[92m+ 1w+.?=-+a_1\u001B[39;49;00m\u001B[90m\u001B[39;49;00m","time":{"start":1763413152916,"stop":1763413154839,"duration":1923}}],"categories":[{"name":"Product defects","matchedStatuses":[]}],"tags":[]},"source":"82f279503c08feb8.json","parameterValues":[]}