{"uid":"82fa93cedf502e96","name":"test_production_select4","fullName":"Tests.test_items.test_production.TestProductionPage#test_production_select4","historyId":"d0e984490327bdb9230eeebc7e869eb7","time":{"start":1769008760144,"stop":1769008770197,"duration":10053},"status":"broken","statusMessage":"selenium.common.exceptions.TimeoutException: Message: \nStacktrace:\n\tGetHandleVerifier [0x0x7ff628186f65+78965]\n\tGetHandleVerifier [0x0x7ff628186fc0+79056]\n\t(No symbol) [0x0x7ff627f19dda]\n\t(No symbol) [0x0x7ff627f702ea]\n\t(No symbol) [0x0x7ff627f7059c]\n\t(No symbol) [0x0x7ff627fc3f37]\n\t(No symbol) [0x0x7ff627f986af]\n\t(No symbol) [0x0x7ff627fc0dbe]\n\t(No symbol) [0x0x7ff627f98443]\n\t(No symbol) [0x0x7ff627f61311]\n\t(No symbol) [0x0x7ff627f620a3]\n\tGetHandleVerifier [0x0x7ff62843e26d+2926461]\n\tGetHandleVerifier [0x0x7ff628438993+2903715]\n\tGetHandleVerifier [0x0x7ff628456aed+3026941]\n\tGetHandleVerifier [0x0x7ff6281a16fe+187406]\n\tGetHandleVerifier [0x0x7ff6281a96ef+220159]\n\tGetHandleVerifier [0x0x7ff62818faf4+114692]\n\tGetHandleVerifier [0x0x7ff62818fca9+115129]\n\tGetHandleVerifier [0x0x7ff6281764d8+10728]\n\tBaseThreadInitThunk [0x0x7ffc4d1c7374+20]\n\tRtlUserThreadStart [0x0x7ffc4ec7cc91+33]","statusTrace":"self = <test_items.test_production.TestProductionPage object at 0x0000027CDD53B700>, login_to_production = <selenium.webdriver.chrome.webdriver.WebDriver (session=\"0b0feb96049a7a442af2328e4f0f6986\")>\n\n    @allure.story(\"过滤条件查询，设置符合开头查询成功\")\n    # @pytest.mark.run(order=1)\n    def test_production_select4(self, login_to_production):\n        driver = login_to_production  # WebDriver 实例\n        production = ProductionPage(driver)  # 用 driver 初始化 ProductionPage\n>       name = production.get_find_element_xpath(\n            '//div[@class=\"vxe-table--body-wrapper body--wrapper\"]/table[@class=\"vxe-table--body\"]//tr[2]//td[2]'\n        ).get_attribute('innerText')\n\nTests\\test_items\\test_production.py:887: \n_ _ _ _ _ _ _ _ _ _ _ _ _ _ _ _ _ _ _ _ _ _ _ _ _ _ _ _ _ _ _ _ _ _ _ _ _ _ _ _ _ _ _ _ _ _ _ _ _ _ _ _ _ _ _ _ _ _ _ _ _ _ _ _ _ _ _ _ _ _ _ _ _ _ _ _ _ _ _ _ _ _ _ _ _ _ _ _ _ _ _ _ _ _ _ _ _ _ _ _ _ _ _ _ _ _ _ _ _ _ _ _ _ _ _ _\nPages\\itemsPage\\production_page.py:47: in get_find_element_xpath\n    return self.find_element(By.XPATH, xpath)\nPages\\base_page.py:28: in find_element\n    return WebDriverWait(self.driver, wait_time).until(\n_ _ _ _ _ _ _ _ _ _ _ _ _ _ _ _ _ _ _ _ _ _ _ _ _ _ _ _ _ _ _ _ _ _ _ _ _ _ _ _ _ _ _ _ _ _ _ _ _ _ _ _ _ _ _ _ _ _ _ _ _ _ _ _ _ _ _ _ _ _ _ _ _ _ _ _ _ _ _ _ _ _ _ _ _ _ _ _ _ _ _ _ _ _ _ _ _ _ _ _ _ _ _ _ _ _ _ _ _ _ _ _ _ _ _ _\n\nself = <selenium.webdriver.support.wait.WebDriverWait (session=\"0b0feb96049a7a442af2328e4f0f6986\")>, method = <function presence_of_element_located.<locals>._predicate at 0x0000027CDF52B250>, message = ''\n\n    def until(self, method: Callable[[D], Union[Literal[False], T]], message: str = \"\") -> T:\n        \"\"\"Wait until the method returns a value that is not False.\n    \n        Calls the method provided with the driver as an argument until the\n        return value does not evaluate to ``False``.\n    \n        Parameters:\n        -----------\n        method: callable(WebDriver)\n            - A callable object that takes a WebDriver instance as an argument.\n    \n        message: str\n            - Optional message for :exc:`TimeoutException`\n    \n        Return:\n        -------\n        object: T\n            - The result of the last call to `method`\n    \n        Raises:\n        -------\n        TimeoutException\n            - If 'method' does not return a truthy value within the WebDriverWait\n            object's timeout\n    \n        Example:\n        --------\n        >>> from selenium.webdriver.common.by import By\n        >>> from selenium.webdriver.support.ui import WebDriverWait\n        >>> from selenium.webdriver.support import expected_conditions as EC\n    \n        # Wait until an element is visible on the page\n        >>> wait = WebDriverWait(driver, 10)\n        >>> element = wait.until(EC.visibility_of_element_located((By.ID, \"exampleId\")))\n        >>> print(element.text)\n        \"\"\"\n        screen = None\n        stacktrace = None\n    \n        end_time = time.monotonic() + self._timeout\n        while True:\n            try:\n                value = method(self._driver)\n                if value:\n                    return value\n            except self._ignored_exceptions as exc:\n                screen = getattr(exc, \"screen\", None)\n                stacktrace = getattr(exc, \"stacktrace\", None)\n            if time.monotonic() > end_time:\n                break\n            time.sleep(self._poll)\n>       raise TimeoutException(message, screen, stacktrace)\nE       selenium.common.exceptions.TimeoutException: Message: \nE       Stacktrace:\nE       \tGetHandleVerifier [0x0x7ff628186f65+78965]\nE       \tGetHandleVerifier [0x0x7ff628186fc0+79056]\nE       \t(No symbol) [0x0x7ff627f19dda]\nE       \t(No symbol) [0x0x7ff627f702ea]\nE       \t(No symbol) [0x0x7ff627f7059c]\nE       \t(No symbol) [0x0x7ff627fc3f37]\nE       \t(No symbol) [0x0x7ff627f986af]\nE       \t(No symbol) [0x0x7ff627fc0dbe]\nE       \t(No symbol) [0x0x7ff627f98443]\nE       \t(No symbol) [0x0x7ff627f61311]\nE       \t(No symbol) [0x0x7ff627f620a3]\nE       \tGetHandleVerifier [0x0x7ff62843e26d+2926461]\nE       \tGetHandleVerifier [0x0x7ff628438993+2903715]\nE       \tGetHandleVerifier [0x0x7ff628456aed+3026941]\nE       \tGetHandleVerifier [0x0x7ff6281a16fe+187406]\nE       \tGetHandleVerifier [0x0x7ff6281a96ef+220159]\nE       \tGetHandleVerifier [0x0x7ff62818faf4+114692]\nE       \tGetHandleVerifier [0x0x7ff62818fca9+115129]\nE       \tGetHandleVerifier [0x0x7ff6281764d8+10728]\nE       \tBaseThreadInitThunk [0x0x7ffc4d1c7374+20]\nE       \tRtlUserThreadStart [0x0x7ffc4ec7cc91+33]\n\nmyenv\\lib\\site-packages\\selenium\\webdriver\\support\\wait.py:138: TimeoutException","flaky":false,"newFailed":false,"newBroken":false,"newPassed":false,"retriesCount":0,"retriesStatusChange":false,"beforeStages":[{"name":"login_to_production","time":{"start":1769008244154,"stop":1769008266108,"duration":21954},"status":"passed","steps":[],"attachments":[],"parameters":[],"hasContent":false,"attachmentStep":false,"stepsCount":0,"shouldDisplayMessage":false,"attachmentsCount":0}],"testStage":{"status":"broken","statusMessage":"selenium.common.exceptions.TimeoutException: Message: \nStacktrace:\n\tGetHandleVerifier [0x0x7ff628186f65+78965]\n\tGetHandleVerifier [0x0x7ff628186fc0+79056]\n\t(No symbol) [0x0x7ff627f19dda]\n\t(No symbol) [0x0x7ff627f702ea]\n\t(No symbol) [0x0x7ff627f7059c]\n\t(No symbol) [0x0x7ff627fc3f37]\n\t(No symbol) [0x0x7ff627f986af]\n\t(No symbol) [0x0x7ff627fc0dbe]\n\t(No symbol) [0x0x7ff627f98443]\n\t(No symbol) [0x0x7ff627f61311]\n\t(No symbol) [0x0x7ff627f620a3]\n\tGetHandleVerifier [0x0x7ff62843e26d+2926461]\n\tGetHandleVerifier [0x0x7ff628438993+2903715]\n\tGetHandleVerifier [0x0x7ff628456aed+3026941]\n\tGetHandleVerifier [0x0x7ff6281a16fe+187406]\n\tGetHandleVerifier [0x0x7ff6281a96ef+220159]\n\tGetHandleVerifier [0x0x7ff62818faf4+114692]\n\tGetHandleVerifier [0x0x7ff62818fca9+115129]\n\tGetHandleVerifier [0x0x7ff6281764d8+10728]\n\tBaseThreadInitThunk [0x0x7ffc4d1c7374+20]\n\tRtlUserThreadStart [0x0x7ffc4ec7cc91+33]","statusTrace":"self = <test_items.test_production.TestProductionPage object at 0x0000027CDD53B700>, login_to_production = <selenium.webdriver.chrome.webdriver.WebDriver (session=\"0b0feb96049a7a442af2328e4f0f6986\")>\n\n    @allure.story(\"过滤条件查询，设置符合开头查询成功\")\n    # @pytest.mark.run(order=1)\n    def test_production_select4(self, login_to_production):\n        driver = login_to_production  # WebDriver 实例\n        production = ProductionPage(driver)  # 用 driver 初始化 ProductionPage\n>       name = production.get_find_element_xpath(\n            '//div[@class=\"vxe-table--body-wrapper body--wrapper\"]/table[@class=\"vxe-table--body\"]//tr[2]//td[2]'\n        ).get_attribute('innerText')\n\nTests\\test_items\\test_production.py:887: \n_ _ _ _ _ _ _ _ _ _ _ _ _ _ _ _ _ _ _ _ _ _ _ _ _ _ _ _ _ _ _ _ _ _ _ _ _ _ _ _ _ _ _ _ _ _ _ _ _ _ _ _ _ _ _ _ _ _ _ _ _ _ _ _ _ _ _ _ _ _ _ _ _ _ _ _ _ _ _ _ _ _ _ _ _ _ _ _ _ _ _ _ _ _ _ _ _ _ _ _ _ _ _ _ _ _ _ _ _ _ _ _ _ _ _ _\nPages\\itemsPage\\production_page.py:47: in get_find_element_xpath\n    return self.find_element(By.XPATH, xpath)\nPages\\base_page.py:28: in find_element\n    return WebDriverWait(self.driver, wait_time).until(\n_ _ _ _ _ _ _ _ _ _ _ _ _ _ _ _ _ _ _ _ _ _ _ _ _ _ _ _ _ _ _ _ _ _ _ _ _ _ _ _ _ _ _ _ _ _ _ _ _ _ _ _ _ _ _ _ _ _ _ _ _ _ _ _ _ _ _ _ _ _ _ _ _ _ _ _ _ _ _ _ _ _ _ _ _ _ _ _ _ _ _ _ _ _ _ _ _ _ _ _ _ _ _ _ _ _ _ _ _ _ _ _ _ _ _ _\n\nself = <selenium.webdriver.support.wait.WebDriverWait (session=\"0b0feb96049a7a442af2328e4f0f6986\")>, method = <function presence_of_element_located.<locals>._predicate at 0x0000027CDF52B250>, message = ''\n\n    def until(self, method: Callable[[D], Union[Literal[False], T]], message: str = \"\") -> T:\n        \"\"\"Wait until the method returns a value that is not False.\n    \n        Calls the method provided with the driver as an argument until the\n        return value does not evaluate to ``False``.\n    \n        Parameters:\n        -----------\n        method: callable(WebDriver)\n            - A callable object that takes a WebDriver instance as an argument.\n    \n        message: str\n            - Optional message for :exc:`TimeoutException`\n    \n        Return:\n        -------\n        object: T\n            - The result of the last call to `method`\n    \n        Raises:\n        -------\n        TimeoutException\n            - If 'method' does not return a truthy value within the WebDriverWait\n            object's timeout\n    \n        Example:\n        --------\n        >>> from selenium.webdriver.common.by import By\n        >>> from selenium.webdriver.support.ui import WebDriverWait\n        >>> from selenium.webdriver.support import expected_conditions as EC\n    \n        # Wait until an element is visible on the page\n        >>> wait = WebDriverWait(driver, 10)\n        >>> element = wait.until(EC.visibility_of_element_located((By.ID, \"exampleId\")))\n        >>> print(element.text)\n        \"\"\"\n        screen = None\n        stacktrace = None\n    \n        end_time = time.monotonic() + self._timeout\n        while True:\n            try:\n                value = method(self._driver)\n                if value:\n                    return value\n            except self._ignored_exceptions as exc:\n                screen = getattr(exc, \"screen\", None)\n                stacktrace = getattr(exc, \"stacktrace\", None)\n            if time.monotonic() > end_time:\n                break\n            time.sleep(self._poll)\n>       raise TimeoutException(message, screen, stacktrace)\nE       selenium.common.exceptions.TimeoutException: Message: \nE       Stacktrace:\nE       \tGetHandleVerifier [0x0x7ff628186f65+78965]\nE       \tGetHandleVerifier [0x0x7ff628186fc0+79056]\nE       \t(No symbol) [0x0x7ff627f19dda]\nE       \t(No symbol) [0x0x7ff627f702ea]\nE       \t(No symbol) [0x0x7ff627f7059c]\nE       \t(No symbol) [0x0x7ff627fc3f37]\nE       \t(No symbol) [0x0x7ff627f986af]\nE       \t(No symbol) [0x0x7ff627fc0dbe]\nE       \t(No symbol) [0x0x7ff627f98443]\nE       \t(No symbol) [0x0x7ff627f61311]\nE       \t(No symbol) [0x0x7ff627f620a3]\nE       \tGetHandleVerifier [0x0x7ff62843e26d+2926461]\nE       \tGetHandleVerifier [0x0x7ff628438993+2903715]\nE       \tGetHandleVerifier [0x0x7ff628456aed+3026941]\nE       \tGetHandleVerifier [0x0x7ff6281a16fe+187406]\nE       \tGetHandleVerifier [0x0x7ff6281a96ef+220159]\nE       \tGetHandleVerifier [0x0x7ff62818faf4+114692]\nE       \tGetHandleVerifier [0x0x7ff62818fca9+115129]\nE       \tGetHandleVerifier [0x0x7ff6281764d8+10728]\nE       \tBaseThreadInitThunk [0x0x7ffc4d1c7374+20]\nE       \tRtlUserThreadStart [0x0x7ffc4ec7cc91+33]\n\nmyenv\\lib\\site-packages\\selenium\\webdriver\\support\\wait.py:138: TimeoutException","steps":[],"attachments":[{"uid":"22598de070fa03d0","name":"test_production_select4_20260121_231930","source":"22598de070fa03d0.png","type":"image/png","size":106700},{"uid":"4079da8cd2812eb9","name":"test_production_select4_20260121_231930","source":"4079da8cd2812eb9.png","type":"image/png","size":106844},{"uid":"3f762c238c9e1422","name":"test_production_select4_20260121_231930","source":"3f762c238c9e1422.png","type":"image/png","size":93366},{"uid":"8c3cedda1801548f","name":"log","source":"8c3cedda1801548f.txt","type":"text/plain","size":349}],"parameters":[],"hasContent":true,"attachmentStep":false,"stepsCount":0,"shouldDisplayMessage":true,"attachmentsCount":4},"afterStages":[{"name":"login_to_production::0","time":{"start":1769008968385,"stop":1769008970557,"duration":2172},"status":"passed","steps":[],"attachments":[],"parameters":[],"hasContent":false,"attachmentStep":false,"stepsCount":0,"shouldDisplayMessage":false,"attachmentsCount":0}],"labels":[{"name":"feature","value":"生产报工测试用例"},{"name":"story","value":"过滤条件查询，设置符合开头查询成功"},{"name":"parentSuite","value":"Tests.test_items"},{"name":"suite","value":"test_production"},{"name":"subSuite","value":"TestProductionPage"},{"name":"host","value":"WIN-20240820MJV"},{"name":"thread","value":"37608-MainThread"},{"name":"framework","value":"pytest"},{"name":"language","value":"cpython3"},{"name":"package","value":"Tests.test_items.test_production"},{"name":"resultFormat","value":"allure2"}],"parameters":[],"links":[],"hidden":true,"retry":true,"extra":{"categories":[],"tags":[]},"source":"82fa93cedf502e96.json","parameterValues":[]}