{"uid":"84fa3d67386a6b4f","name":"test_database_editfieldreport","fullName":"Tests.test_system.test_database.TestSDateBasePage#test_database_editfieldreport","historyId":"9269cf02e540fd5d3a51c4865b2df60d","time":{"start":1763766440873,"stop":1763766469094,"duration":28221},"status":"broken","statusMessage":"selenium.common.exceptions.TimeoutException: Message: \nStacktrace:\n\tGetHandleVerifier [0x0x7ff7e6796f65+78965]\n\tGetHandleVerifier [0x0x7ff7e6796fc0+79056]\n\t(No symbol) [0x0x7ff7e6529dda]\n\t(No symbol) [0x0x7ff7e65802ea]\n\t(No symbol) [0x0x7ff7e658059c]\n\t(No symbol) [0x0x7ff7e65d3f37]\n\t(No symbol) [0x0x7ff7e65a86af]\n\t(No symbol) [0x0x7ff7e65d0dbe]\n\t(No symbol) [0x0x7ff7e65a8443]\n\t(No symbol) [0x0x7ff7e6571311]\n\t(No symbol) [0x0x7ff7e65720a3]\n\tGetHandleVerifier [0x0x7ff7e6a4e26d+2926461]\n\tGetHandleVerifier [0x0x7ff7e6a48993+2903715]\n\tGetHandleVerifier [0x0x7ff7e6a66aed+3026941]\n\tGetHandleVerifier [0x0x7ff7e67b16fe+187406]\n\tGetHandleVerifier [0x0x7ff7e67b96ef+220159]\n\tGetHandleVerifier [0x0x7ff7e679faf4+114692]\n\tGetHandleVerifier [0x0x7ff7e679fca9+115129]\n\tGetHandleVerifier [0x0x7ff7e67864d8+10728]\n\tBaseThreadInitThunk [0x0x7ffcce1b7374+20]\n\tRtlUserThreadStart [0x0x7ffcce53cc91+33]","statusTrace":"self = <test_system.test_database.TestSDateBasePage object at 0x000001C326020100>, login_to_database = <selenium.webdriver.chrome.webdriver.WebDriver (session=\"b0b6f4e9fda87437d3cfad9350546410\")>\n\n    @allure.story(\"编辑字段代码不允许重复\")\n    # @pytest.mark.run(order=1)\n    def test_database_editfieldreport(self, login_to_database):\n        driver = login_to_database  # WebDriver 实例\n        data = DateBasePage(driver)  # 用 driver 初始化 DateBasePage\n        add = AddsPages(driver)\n        code = 'AAtest1'\n        name = 'AAtest2'\n        xpath_list = [\n            '//div[label[text()=\"字段代码\"]]//input',\n            '//div[label[text()=\"字段名称\"]]//input',\n            '//div[label[text()=\"类型\"]]//i',\n            '//li[text()=\"整型\"]',\n        ]\n        data.add_table_code(button_name='编辑', code=code, field_code=name, fieldbutton_name='编辑')\n        add.batch_modify_input(xpath_list[:2], code)\n        data.click_confirm()\n        data.click_all_button(\"保存\")\n        message = data.get_find_message()\n        data.select_input_database(\"表代码\", code)\n        data.click_button(f'(//table[@class=\"vxe-table--body\"]//tr[1]/td[2])[1]//span[text()=\"{code}\"]')\n        data.click_all_button(\"编辑\")\n        sleep(2)\n>       eles = data.get_find_element_xpath(\n            f'(//table[@class=\"vxe-table--body\"])[3]//tr/td[2]//span[text()=\"{code + name}\"]').text\n\nTests\\test_system\\test_database.py:155: \n_ _ _ _ _ _ _ _ _ _ _ _ _ _ _ _ _ _ _ _ _ _ _ _ _ _ _ _ _ _ _ _ _ _ _ _ _ _ _ _ _ _ _ _ _ _ _ _ _ _ _ _ _ _ _ _ _ _ _ _ _ _ _ _ _ _ _ _ _ _ _ _ _ _ _ _ _ _ _ _ _ _ _ _ _ _ _ _ _ _ _ _ _ _ _ _ _ _ _ _ _ _ _ _ _ _ _ _ _ _ _ _ _ _ _ _\nPages\\systemPage\\database_page.py:29: in get_find_element_xpath\n    return self.find_element(By.XPATH, xpath)\nPages\\base_page.py:28: in find_element\n    return WebDriverWait(self.driver, wait_time).until(\n_ _ _ _ _ _ _ _ _ _ _ _ _ _ _ _ _ _ _ _ _ _ _ _ _ _ _ _ _ _ _ _ _ _ _ _ _ _ _ _ _ _ _ _ _ _ _ _ _ _ _ _ _ _ _ _ _ _ _ _ _ _ _ _ _ _ _ _ _ _ _ _ _ _ _ _ _ _ _ _ _ _ _ _ _ _ _ _ _ _ _ _ _ _ _ _ _ _ _ _ _ _ _ _ _ _ _ _ _ _ _ _ _ _ _ _\n\nself = <selenium.webdriver.support.wait.WebDriverWait (session=\"b0b6f4e9fda87437d3cfad9350546410\")>, method = <function presence_of_element_located.<locals>._predicate at 0x000001C327FE17E0>, message = ''\n\n    def until(self, method: Callable[[D], Union[Literal[False], T]], message: str = \"\") -> T:\n        \"\"\"Wait until the method returns a value that is not False.\n    \n        Calls the method provided with the driver as an argument until the\n        return value does not evaluate to ``False``.\n    \n        Parameters:\n        -----------\n        method: callable(WebDriver)\n            - A callable object that takes a WebDriver instance as an argument.\n    \n        message: str\n            - Optional message for :exc:`TimeoutException`\n    \n        Return:\n        -------\n        object: T\n            - The result of the last call to `method`\n    \n        Raises:\n        -------\n        TimeoutException\n            - If 'method' does not return a truthy value within the WebDriverWait\n            object's timeout\n    \n        Example:\n        --------\n        >>> from selenium.webdriver.common.by import By\n        >>> from selenium.webdriver.support.ui import WebDriverWait\n        >>> from selenium.webdriver.support import expected_conditions as EC\n    \n        # Wait until an element is visible on the page\n        >>> wait = WebDriverWait(driver, 10)\n        >>> element = wait.until(EC.visibility_of_element_located((By.ID, \"exampleId\")))\n        >>> print(element.text)\n        \"\"\"\n        screen = None\n        stacktrace = None\n    \n        end_time = time.monotonic() + self._timeout\n        while True:\n            try:\n                value = method(self._driver)\n                if value:\n                    return value\n            except self._ignored_exceptions as exc:\n                screen = getattr(exc, \"screen\", None)\n                stacktrace = getattr(exc, \"stacktrace\", None)\n            if time.monotonic() > end_time:\n                break\n            time.sleep(self._poll)\n>       raise TimeoutException(message, screen, stacktrace)\nE       selenium.common.exceptions.TimeoutException: Message: \nE       Stacktrace:\nE       \tGetHandleVerifier [0x0x7ff7e6796f65+78965]\nE       \tGetHandleVerifier [0x0x7ff7e6796fc0+79056]\nE       \t(No symbol) [0x0x7ff7e6529dda]\nE       \t(No symbol) [0x0x7ff7e65802ea]\nE       \t(No symbol) [0x0x7ff7e658059c]\nE       \t(No symbol) [0x0x7ff7e65d3f37]\nE       \t(No symbol) [0x0x7ff7e65a86af]\nE       \t(No symbol) [0x0x7ff7e65d0dbe]\nE       \t(No symbol) [0x0x7ff7e65a8443]\nE       \t(No symbol) [0x0x7ff7e6571311]\nE       \t(No symbol) [0x0x7ff7e65720a3]\nE       \tGetHandleVerifier [0x0x7ff7e6a4e26d+2926461]\nE       \tGetHandleVerifier [0x0x7ff7e6a48993+2903715]\nE       \tGetHandleVerifier [0x0x7ff7e6a66aed+3026941]\nE       \tGetHandleVerifier [0x0x7ff7e67b16fe+187406]\nE       \tGetHandleVerifier [0x0x7ff7e67b96ef+220159]\nE       \tGetHandleVerifier [0x0x7ff7e679faf4+114692]\nE       \tGetHandleVerifier [0x0x7ff7e679fca9+115129]\nE       \tGetHandleVerifier [0x0x7ff7e67864d8+10728]\nE       \tBaseThreadInitThunk [0x0x7ffcce1b7374+20]\nE       \tRtlUserThreadStart [0x0x7ffcce53cc91+33]\n\nmyenv\\lib\\site-packages\\selenium\\webdriver\\support\\wait.py:138: TimeoutException","flaky":false,"newFailed":false,"newBroken":false,"newPassed":false,"retriesCount":1,"retriesStatusChange":false,"beforeStages":[{"name":"login_to_database","time":{"start":1763766425301,"stop":1763766440872,"duration":15571},"status":"passed","steps":[],"attachments":[],"parameters":[],"hasContent":false,"stepsCount":0,"attachmentStep":false,"shouldDisplayMessage":false,"attachmentsCount":0}],"testStage":{"status":"broken","statusMessage":"selenium.common.exceptions.TimeoutException: Message: \nStacktrace:\n\tGetHandleVerifier [0x0x7ff7e6796f65+78965]\n\tGetHandleVerifier [0x0x7ff7e6796fc0+79056]\n\t(No symbol) [0x0x7ff7e6529dda]\n\t(No symbol) [0x0x7ff7e65802ea]\n\t(No symbol) [0x0x7ff7e658059c]\n\t(No symbol) [0x0x7ff7e65d3f37]\n\t(No symbol) [0x0x7ff7e65a86af]\n\t(No symbol) [0x0x7ff7e65d0dbe]\n\t(No symbol) [0x0x7ff7e65a8443]\n\t(No symbol) [0x0x7ff7e6571311]\n\t(No symbol) [0x0x7ff7e65720a3]\n\tGetHandleVerifier [0x0x7ff7e6a4e26d+2926461]\n\tGetHandleVerifier [0x0x7ff7e6a48993+2903715]\n\tGetHandleVerifier [0x0x7ff7e6a66aed+3026941]\n\tGetHandleVerifier [0x0x7ff7e67b16fe+187406]\n\tGetHandleVerifier [0x0x7ff7e67b96ef+220159]\n\tGetHandleVerifier [0x0x7ff7e679faf4+114692]\n\tGetHandleVerifier [0x0x7ff7e679fca9+115129]\n\tGetHandleVerifier [0x0x7ff7e67864d8+10728]\n\tBaseThreadInitThunk [0x0x7ffcce1b7374+20]\n\tRtlUserThreadStart [0x0x7ffcce53cc91+33]","statusTrace":"self = <test_system.test_database.TestSDateBasePage object at 0x000001C326020100>, login_to_database = <selenium.webdriver.chrome.webdriver.WebDriver (session=\"b0b6f4e9fda87437d3cfad9350546410\")>\n\n    @allure.story(\"编辑字段代码不允许重复\")\n    # @pytest.mark.run(order=1)\n    def test_database_editfieldreport(self, login_to_database):\n        driver = login_to_database  # WebDriver 实例\n        data = DateBasePage(driver)  # 用 driver 初始化 DateBasePage\n        add = AddsPages(driver)\n        code = 'AAtest1'\n        name = 'AAtest2'\n        xpath_list = [\n            '//div[label[text()=\"字段代码\"]]//input',\n            '//div[label[text()=\"字段名称\"]]//input',\n            '//div[label[text()=\"类型\"]]//i',\n            '//li[text()=\"整型\"]',\n        ]\n        data.add_table_code(button_name='编辑', code=code, field_code=name, fieldbutton_name='编辑')\n        add.batch_modify_input(xpath_list[:2], code)\n        data.click_confirm()\n        data.click_all_button(\"保存\")\n        message = data.get_find_message()\n        data.select_input_database(\"表代码\", code)\n        data.click_button(f'(//table[@class=\"vxe-table--body\"]//tr[1]/td[2])[1]//span[text()=\"{code}\"]')\n        data.click_all_button(\"编辑\")\n        sleep(2)\n>       eles = data.get_find_element_xpath(\n            f'(//table[@class=\"vxe-table--body\"])[3]//tr/td[2]//span[text()=\"{code + name}\"]').text\n\nTests\\test_system\\test_database.py:155: \n_ _ _ _ _ _ _ _ _ _ _ _ _ _ _ _ _ _ _ _ _ _ _ _ _ _ _ _ _ _ _ _ _ _ _ _ _ _ _ _ _ _ _ _ _ _ _ _ _ _ _ _ _ _ _ _ _ _ _ _ _ _ _ _ _ _ _ _ _ _ _ _ _ _ _ _ _ _ _ _ _ _ _ _ _ _ _ _ _ _ _ _ _ _ _ _ _ _ _ _ _ _ _ _ _ _ _ _ _ _ _ _ _ _ _ _\nPages\\systemPage\\database_page.py:29: in get_find_element_xpath\n    return self.find_element(By.XPATH, xpath)\nPages\\base_page.py:28: in find_element\n    return WebDriverWait(self.driver, wait_time).until(\n_ _ _ _ _ _ _ _ _ _ _ _ _ _ _ _ _ _ _ _ _ _ _ _ _ _ _ _ _ _ _ _ _ _ _ _ _ _ _ _ _ _ _ _ _ _ _ _ _ _ _ _ _ _ _ _ _ _ _ _ _ _ _ _ _ _ _ _ _ _ _ _ _ _ _ _ _ _ _ _ _ _ _ _ _ _ _ _ _ _ _ _ _ _ _ _ _ _ _ _ _ _ _ _ _ _ _ _ _ _ _ _ _ _ _ _\n\nself = <selenium.webdriver.support.wait.WebDriverWait (session=\"b0b6f4e9fda87437d3cfad9350546410\")>, method = <function presence_of_element_located.<locals>._predicate at 0x000001C327FE17E0>, message = ''\n\n    def until(self, method: Callable[[D], Union[Literal[False], T]], message: str = \"\") -> T:\n        \"\"\"Wait until the method returns a value that is not False.\n    \n        Calls the method provided with the driver as an argument until the\n        return value does not evaluate to ``False``.\n    \n        Parameters:\n        -----------\n        method: callable(WebDriver)\n            - A callable object that takes a WebDriver instance as an argument.\n    \n        message: str\n            - Optional message for :exc:`TimeoutException`\n    \n        Return:\n        -------\n        object: T\n            - The result of the last call to `method`\n    \n        Raises:\n        -------\n        TimeoutException\n            - If 'method' does not return a truthy value within the WebDriverWait\n            object's timeout\n    \n        Example:\n        --------\n        >>> from selenium.webdriver.common.by import By\n        >>> from selenium.webdriver.support.ui import WebDriverWait\n        >>> from selenium.webdriver.support import expected_conditions as EC\n    \n        # Wait until an element is visible on the page\n        >>> wait = WebDriverWait(driver, 10)\n        >>> element = wait.until(EC.visibility_of_element_located((By.ID, \"exampleId\")))\n        >>> print(element.text)\n        \"\"\"\n        screen = None\n        stacktrace = None\n    \n        end_time = time.monotonic() + self._timeout\n        while True:\n            try:\n                value = method(self._driver)\n                if value:\n                    return value\n            except self._ignored_exceptions as exc:\n                screen = getattr(exc, \"screen\", None)\n                stacktrace = getattr(exc, \"stacktrace\", None)\n            if time.monotonic() > end_time:\n                break\n            time.sleep(self._poll)\n>       raise TimeoutException(message, screen, stacktrace)\nE       selenium.common.exceptions.TimeoutException: Message: \nE       Stacktrace:\nE       \tGetHandleVerifier [0x0x7ff7e6796f65+78965]\nE       \tGetHandleVerifier [0x0x7ff7e6796fc0+79056]\nE       \t(No symbol) [0x0x7ff7e6529dda]\nE       \t(No symbol) [0x0x7ff7e65802ea]\nE       \t(No symbol) [0x0x7ff7e658059c]\nE       \t(No symbol) [0x0x7ff7e65d3f37]\nE       \t(No symbol) [0x0x7ff7e65a86af]\nE       \t(No symbol) [0x0x7ff7e65d0dbe]\nE       \t(No symbol) [0x0x7ff7e65a8443]\nE       \t(No symbol) [0x0x7ff7e6571311]\nE       \t(No symbol) [0x0x7ff7e65720a3]\nE       \tGetHandleVerifier [0x0x7ff7e6a4e26d+2926461]\nE       \tGetHandleVerifier [0x0x7ff7e6a48993+2903715]\nE       \tGetHandleVerifier [0x0x7ff7e6a66aed+3026941]\nE       \tGetHandleVerifier [0x0x7ff7e67b16fe+187406]\nE       \tGetHandleVerifier [0x0x7ff7e67b96ef+220159]\nE       \tGetHandleVerifier [0x0x7ff7e679faf4+114692]\nE       \tGetHandleVerifier [0x0x7ff7e679fca9+115129]\nE       \tGetHandleVerifier [0x0x7ff7e67864d8+10728]\nE       \tBaseThreadInitThunk [0x0x7ffcce1b7374+20]\nE       \tRtlUserThreadStart [0x0x7ffcce53cc91+33]\n\nmyenv\\lib\\site-packages\\selenium\\webdriver\\support\\wait.py:138: TimeoutException","steps":[],"attachments":[{"uid":"884a34f2cc855891","name":"test_database_editfieldreport_failure","source":"884a34f2cc855891.png","type":"image/png","size":87919},{"uid":"c1d4007cadde0a5f","name":"test_database_editfieldreport_source","source":"c1d4007cadde0a5f.html","type":"text/html","size":1440316},{"uid":"267acf8d5432914","name":"log","source":"267acf8d5432914.txt","type":"text/plain","size":7461}],"parameters":[],"hasContent":true,"stepsCount":0,"attachmentStep":false,"shouldDisplayMessage":true,"attachmentsCount":3},"afterStages":[{"name":"login_to_database::0","time":{"start":1763766469333,"stop":1763766471498,"duration":2165},"status":"passed","steps":[],"attachments":[],"parameters":[],"hasContent":false,"stepsCount":0,"attachmentStep":false,"shouldDisplayMessage":false,"attachmentsCount":0}],"labels":[{"name":"story","value":"编辑字段代码不允许重复"},{"name":"feature","value":"数据库维护页用例"},{"name":"parentSuite","value":"Tests.test_system"},{"name":"suite","value":"test_database"},{"name":"subSuite","value":"TestSDateBasePage"},{"name":"host","value":"WIN-20240820MJV"},{"name":"thread","value":"18332-MainThread"},{"name":"framework","value":"pytest"},{"name":"language","value":"cpython3"},{"name":"package","value":"Tests.test_system.test_database"},{"name":"resultFormat","value":"allure2"}],"parameters":[],"links":[],"hidden":false,"retry":false,"extra":{"severity":"normal","retries":[{"uid":"82448474603bedcd","status":"broken","statusDetails":"selenium.common.exceptions.TimeoutException: Message: \nStacktrace:\n\tGetHandleVerifier [0x0x7ff7e6796f65+78965]\n\tGetHandleVerifier [0x0x7ff7e6796fc0+79056]\n\t(No symbol) [0x0x7ff7e6529dda]\n\t(No symbol) [0x0x7ff7e65802ea]\n\t(No symbol) [0x0x7ff7e658059c]\n\t(No symbol) [0x0x7ff7e65d3f37]\n\t(No symbol) [0x0x7ff7e65a86af]\n\t(No symbol) [0x0x7ff7e65d0dbe]\n\t(No symbol) [0x0x7ff7e65a8443]\n\t(No symbol) [0x0x7ff7e6571311]\n\t(No symbol) [0x0x7ff7e65720a3]\n\tGetHandleVerifier [0x0x7ff7e6a4e26d+2926461]\n\tGetHandleVerifier [0x0x7ff7e6a48993+2903715]\n\tGetHandleVerifier [0x0x7ff7e6a66aed+3026941]\n\tGetHandleVerifier [0x0x7ff7e67b16fe+187406]\n\tGetHandleVerifier [0x0x7ff7e67b96ef+220159]\n\tGetHandleVerifier [0x0x7ff7e679faf4+114692]\n\tGetHandleVerifier [0x0x7ff7e679fca9+115129]\n\tGetHandleVerifier [0x0x7ff7e67864d8+10728]\n\tBaseThreadInitThunk [0x0x7ffcce1b7374+20]\n\tRtlUserThreadStart [0x0x7ffcce53cc91+33]","time":{"start":1763766394545,"stop":1763766422882,"duration":28337}}],"categories":[{"name":"Test defects","matchedStatuses":[]}],"tags":[]},"source":"84fa3d67386a6b4f.json","parameterValues":[]}