{"uid":"852c0204281ef451","name":"test_unit_upload","fullName":"Tests.test_system.test_planUnit.TestPlanUnitPage#test_unit_upload","historyId":"de5e3b6f02da579aea8ce19dd5882749","time":{"start":1761533197413,"stop":1761533201972,"duration":4559},"status":"failed","statusMessage":"AssertionError: 上传文件不存在\nassert False\n +  where False = <function exists at 0x0000028C99E5E050>('D:\\\\PycharmProjects\\\\APS\\\\downloads\\\\1测试A.km')\n +    where <function exists at 0x0000028C99E5E050> = <module 'ntpath' from 'D:\\\\Program Files\\\\Python310\\\\lib\\\\ntpath.py'>.exists\n +      where <module 'ntpath' from 'D:\\\\Program Files\\\\Python310\\\\lib\\\\ntpath.py'> = os.path","statusTrace":"self = <test_system.test_planUnit.TestPlanUnitPage object at 0x0000028C9DA33580>, login_to_planUnit = <selenium.webdriver.chrome.webdriver.WebDriver (session=\"7bd0e9547b8b483997b50e37dff11a6d\")>\n\n    @allure.story(\"上传成功\")\n    # @pytest.mark.run(order=1)\n    def test_unit_upload(self, login_to_planUnit):\n        driver = login_to_planUnit  # WebDriver 实例\n        unit = PlanUnitPage(driver)  # 用 driver 初始化 PlanUnitPage\n        name = \"1测试A\"\n        unit.select_input(name)\n        unit.click_button(f'//table[@class=\"vxe-table--body\"]//tr/td[2]//span[text()=\"{name}\"]')\n        unit.click_all_button(\"上传\")\n    \n        # 清理 .crdownload 文件，避免上传未完成的文件\n        download_path = os.path.abspath(\"downloads\")\n        for f in os.listdir(download_path):\n            if f.endswith(\".crdownload\"):\n                os.remove(os.path.join(download_path, f))\n    \n        sleep(3)\n        # 1. 准备上传文件路径\n        upload_file = os.path.abspath(f\"downloads/{name}.km\")  # 确保文件存在\n>       assert os.path.exists(upload_file), \"上传文件不存在\"\nE       AssertionError: 上传文件不存在\nE       assert False\nE        +  where False = <function exists at 0x0000028C99E5E050>('D:\\\\PycharmProjects\\\\APS\\\\downloads\\\\1测试A.km')\nE        +    where <function exists at 0x0000028C99E5E050> = <module 'ntpath' from 'D:\\\\Program Files\\\\Python310\\\\lib\\\\ntpath.py'>.exists\nE        +      where <module 'ntpath' from 'D:\\\\Program Files\\\\Python310\\\\lib\\\\ntpath.py'> = os.path\n\nTests\\test_system\\test_planUnit.py:735: AssertionError","flaky":false,"newFailed":false,"newBroken":false,"newPassed":false,"retriesCount":1,"retriesStatusChange":false,"beforeStages":[{"name":"login_to_planUnit","time":{"start":1761533185661,"stop":1761533197412,"duration":11751},"status":"passed","steps":[],"attachments":[],"parameters":[],"stepsCount":0,"attachmentStep":false,"hasContent":false,"shouldDisplayMessage":false,"attachmentsCount":0}],"testStage":{"status":"failed","statusMessage":"AssertionError: 上传文件不存在\nassert False\n +  where False = <function exists at 0x0000028C99E5E050>('D:\\\\PycharmProjects\\\\APS\\\\downloads\\\\1测试A.km')\n +    where <function exists at 0x0000028C99E5E050> = <module 'ntpath' from 'D:\\\\Program Files\\\\Python310\\\\lib\\\\ntpath.py'>.exists\n +      where <module 'ntpath' from 'D:\\\\Program Files\\\\Python310\\\\lib\\\\ntpath.py'> = os.path","statusTrace":"self = <test_system.test_planUnit.TestPlanUnitPage object at 0x0000028C9DA33580>, login_to_planUnit = <selenium.webdriver.chrome.webdriver.WebDriver (session=\"7bd0e9547b8b483997b50e37dff11a6d\")>\n\n    @allure.story(\"上传成功\")\n    # @pytest.mark.run(order=1)\n    def test_unit_upload(self, login_to_planUnit):\n        driver = login_to_planUnit  # WebDriver 实例\n        unit = PlanUnitPage(driver)  # 用 driver 初始化 PlanUnitPage\n        name = \"1测试A\"\n        unit.select_input(name)\n        unit.click_button(f'//table[@class=\"vxe-table--body\"]//tr/td[2]//span[text()=\"{name}\"]')\n        unit.click_all_button(\"上传\")\n    \n        # 清理 .crdownload 文件，避免上传未完成的文件\n        download_path = os.path.abspath(\"downloads\")\n        for f in os.listdir(download_path):\n            if f.endswith(\".crdownload\"):\n                os.remove(os.path.join(download_path, f))\n    \n        sleep(3)\n        # 1. 准备上传文件路径\n        upload_file = os.path.abspath(f\"downloads/{name}.km\")  # 确保文件存在\n>       assert os.path.exists(upload_file), \"上传文件不存在\"\nE       AssertionError: 上传文件不存在\nE       assert False\nE        +  where False = <function exists at 0x0000028C99E5E050>('D:\\\\PycharmProjects\\\\APS\\\\downloads\\\\1测试A.km')\nE        +    where <function exists at 0x0000028C99E5E050> = <module 'ntpath' from 'D:\\\\Program Files\\\\Python310\\\\lib\\\\ntpath.py'>.exists\nE        +      where <module 'ntpath' from 'D:\\\\Program Files\\\\Python310\\\\lib\\\\ntpath.py'> = os.path\n\nTests\\test_system\\test_planUnit.py:735: AssertionError","steps":[],"attachments":[{"uid":"42b694b6066a3a45","name":"test_unit_upload_failure","source":"42b694b6066a3a45.png","type":"image/png","size":75481},{"uid":"2f8f95c706d94f55","name":"test_unit_upload_source","source":"2f8f95c706d94f55.html","type":"text/html","size":1196262},{"uid":"a2e3bd61dfd8353a","name":"log","source":"a2e3bd61dfd8353a.txt","type":"text/plain","size":2217}],"parameters":[],"stepsCount":0,"attachmentStep":false,"hasContent":true,"shouldDisplayMessage":true,"attachmentsCount":3},"afterStages":[{"name":"login_to_planUnit::0","time":{"start":1761533202224,"stop":1761533204486,"duration":2262},"status":"passed","steps":[],"attachments":[],"parameters":[],"stepsCount":0,"attachmentStep":false,"hasContent":false,"shouldDisplayMessage":false,"attachmentsCount":0}],"labels":[{"name":"story","value":"上传成功"},{"name":"feature","value":"计划单元页用例"},{"name":"parentSuite","value":"Tests.test_system"},{"name":"suite","value":"test_planUnit"},{"name":"subSuite","value":"TestPlanUnitPage"},{"name":"host","value":"WIN-20240820MJV"},{"name":"thread","value":"22864-MainThread"},{"name":"framework","value":"pytest"},{"name":"language","value":"cpython3"},{"name":"package","value":"Tests.test_system.test_planUnit"},{"name":"resultFormat","value":"allure2"}],"parameters":[],"links":[],"hidden":false,"retry":false,"extra":{"severity":"normal","retries":[{"uid":"9d1f305e26474969","status":"failed","statusDetails":"AssertionError: 上传文件不存在\nassert False\n +  where False = <function exists at 0x0000028C99E5E050>('D:\\\\PycharmProjects\\\\APS\\\\downloads\\\\1测试A.km')\n +    where <function exists at 0x0000028C99E5E050> = <module 'ntpath' from 'D:\\\\Program Files\\\\Python310\\\\lib\\\\ntpath.py'>.exists\n +      where <module 'ntpath' from 'D:\\\\Program Files\\\\Python310\\\\lib\\\\ntpath.py'> = os.path","time":{"start":1761533178232,"stop":1761533183152,"duration":4920}}],"categories":[{"name":"Product defects","matchedStatuses":[]}],"tags":[]},"source":"852c0204281ef451.json","parameterValues":[]}