{"uid":"86863ac98da9ebe3","name":"test_database_synchronize2","fullName":"Tests.test_system.test_database.TestSDateBasePage#test_database_synchronize2","historyId":"94611974f6127e672809d604bddb5267","time":{"start":1763074522526,"stop":1763074534705,"duration":12179},"status":"broken","statusMessage":"selenium.common.exceptions.TimeoutException: Message: \nStacktrace:\n\tGetHandleVerifier [0x0x7ff6784e6f65+78965]\n\tGetHandleVerifier [0x0x7ff6784e6fc0+79056]\n\t(No symbol) [0x0x7ff678279dda]\n\t(No symbol) [0x0x7ff6782d02ea]\n\t(No symbol) [0x0x7ff6782d059c]\n\t(No symbol) [0x0x7ff678323f37]\n\t(No symbol) [0x0x7ff6782f86af]\n\t(No symbol) [0x0x7ff678320dbe]\n\t(No symbol) [0x0x7ff6782f8443]\n\t(No symbol) [0x0x7ff6782c1311]\n\t(No symbol) [0x0x7ff6782c20a3]\n\tGetHandleVerifier [0x0x7ff67879e26d+2926461]\n\tGetHandleVerifier [0x0x7ff678798993+2903715]\n\tGetHandleVerifier [0x0x7ff6787b6aed+3026941]\n\tGetHandleVerifier [0x0x7ff6785016fe+187406]\n\tGetHandleVerifier [0x0x7ff6785096ef+220159]\n\tGetHandleVerifier [0x0x7ff6784efaf4+114692]\n\tGetHandleVerifier [0x0x7ff6784efca9+115129]\n\tGetHandleVerifier [0x0x7ff6784d64d8+10728]\n\tBaseThreadInitThunk [0x0x7ffdb4e97374+20]\n\tRtlUserThreadStart [0x0x7ffdb649cc91+33]","statusTrace":"self = <test_system.test_database.TestSDateBasePage object at 0x0000025DC553AF20>, login_to_database = <selenium.webdriver.chrome.webdriver.WebDriver (session=\"d999d550b8867b3bd4b45101ea5aa5aa\")>\n\n    @allure.story(\"同步所有表成功\")\n    # @pytest.mark.run(order=1)\n    def test_database_synchronize2(self, login_to_database):\n        driver = login_to_database  # WebDriver 实例\n        data = DateBasePage(driver)  # 用 driver 初始化 DateBasePage\n        data.click_synchronize_button(\"同步所有\")\n>       message = data.get_find_message()\n\nTests\\test_system\\test_database.py:219: \n_ _ _ _ _ _ _ _ _ _ _ _ _ _ _ _ _ _ _ _ _ _ _ _ _ _ _ _ _ _ _ _ _ _ _ _ _ _ _ _ _ _ _ _ _ _ _ _ _ _ _ _ _ _ _ _ _ _ _ _ _ _ _ _ _ _ _ _ _ _ _ _ _ _ _ _ _ _ _ _ _ _ _ _ _ _ _ _ _ _ _ _ _ _ _ _ _ _ _ _ _ _ _ _ _ _ _ _ _ _ _ _ _ _ _ _\nPages\\systemPage\\database_page.py:35: in get_find_message\n    message = WebDriverWait(self.driver, 10).until(\n_ _ _ _ _ _ _ _ _ _ _ _ _ _ _ _ _ _ _ _ _ _ _ _ _ _ _ _ _ _ _ _ _ _ _ _ _ _ _ _ _ _ _ _ _ _ _ _ _ _ _ _ _ _ _ _ _ _ _ _ _ _ _ _ _ _ _ _ _ _ _ _ _ _ _ _ _ _ _ _ _ _ _ _ _ _ _ _ _ _ _ _ _ _ _ _ _ _ _ _ _ _ _ _ _ _ _ _ _ _ _ _ _ _ _ _\n\nself = <selenium.webdriver.support.wait.WebDriverWait (session=\"d999d550b8867b3bd4b45101ea5aa5aa\")>, method = <function visibility_of_element_located.<locals>._predicate at 0x0000025DC4472200>, message = ''\n\n    def until(self, method: Callable[[D], Union[Literal[False], T]], message: str = \"\") -> T:\n        \"\"\"Wait until the method returns a value that is not False.\n    \n        Calls the method provided with the driver as an argument until the\n        return value does not evaluate to ``False``.\n    \n        Parameters:\n        -----------\n        method: callable(WebDriver)\n            - A callable object that takes a WebDriver instance as an argument.\n    \n        message: str\n            - Optional message for :exc:`TimeoutException`\n    \n        Return:\n        -------\n        object: T\n            - The result of the last call to `method`\n    \n        Raises:\n        -------\n        TimeoutException\n            - If 'method' does not return a truthy value within the WebDriverWait\n            object's timeout\n    \n        Example:\n        --------\n        >>> from selenium.webdriver.common.by import By\n        >>> from selenium.webdriver.support.ui import WebDriverWait\n        >>> from selenium.webdriver.support import expected_conditions as EC\n    \n        # Wait until an element is visible on the page\n        >>> wait = WebDriverWait(driver, 10)\n        >>> element = wait.until(EC.visibility_of_element_located((By.ID, \"exampleId\")))\n        >>> print(element.text)\n        \"\"\"\n        screen = None\n        stacktrace = None\n    \n        end_time = time.monotonic() + self._timeout\n        while True:\n            try:\n                value = method(self._driver)\n                if value:\n                    return value\n            except self._ignored_exceptions as exc:\n                screen = getattr(exc, \"screen\", None)\n                stacktrace = getattr(exc, \"stacktrace\", None)\n            if time.monotonic() > end_time:\n                break\n            time.sleep(self._poll)\n>       raise TimeoutException(message, screen, stacktrace)\nE       selenium.common.exceptions.TimeoutException: Message: \nE       Stacktrace:\nE       \tGetHandleVerifier [0x0x7ff6784e6f65+78965]\nE       \tGetHandleVerifier [0x0x7ff6784e6fc0+79056]\nE       \t(No symbol) [0x0x7ff678279dda]\nE       \t(No symbol) [0x0x7ff6782d02ea]\nE       \t(No symbol) [0x0x7ff6782d059c]\nE       \t(No symbol) [0x0x7ff678323f37]\nE       \t(No symbol) [0x0x7ff6782f86af]\nE       \t(No symbol) [0x0x7ff678320dbe]\nE       \t(No symbol) [0x0x7ff6782f8443]\nE       \t(No symbol) [0x0x7ff6782c1311]\nE       \t(No symbol) [0x0x7ff6782c20a3]\nE       \tGetHandleVerifier [0x0x7ff67879e26d+2926461]\nE       \tGetHandleVerifier [0x0x7ff678798993+2903715]\nE       \tGetHandleVerifier [0x0x7ff6787b6aed+3026941]\nE       \tGetHandleVerifier [0x0x7ff6785016fe+187406]\nE       \tGetHandleVerifier [0x0x7ff6785096ef+220159]\nE       \tGetHandleVerifier [0x0x7ff6784efaf4+114692]\nE       \tGetHandleVerifier [0x0x7ff6784efca9+115129]\nE       \tGetHandleVerifier [0x0x7ff6784d64d8+10728]\nE       \tBaseThreadInitThunk [0x0x7ffdb4e97374+20]\nE       \tRtlUserThreadStart [0x0x7ffdb649cc91+33]\n\nmyenv\\lib\\site-packages\\selenium\\webdriver\\support\\wait.py:138: TimeoutException","flaky":false,"newFailed":false,"newBroken":false,"newPassed":false,"retriesCount":1,"retriesStatusChange":false,"beforeStages":[{"name":"login_to_database","time":{"start":1763074508159,"stop":1763074522526,"duration":14367},"status":"passed","steps":[],"attachments":[],"parameters":[],"attachmentsCount":0,"shouldDisplayMessage":false,"stepsCount":0,"attachmentStep":false,"hasContent":false}],"testStage":{"status":"broken","statusMessage":"selenium.common.exceptions.TimeoutException: Message: \nStacktrace:\n\tGetHandleVerifier [0x0x7ff6784e6f65+78965]\n\tGetHandleVerifier [0x0x7ff6784e6fc0+79056]\n\t(No symbol) [0x0x7ff678279dda]\n\t(No symbol) [0x0x7ff6782d02ea]\n\t(No symbol) [0x0x7ff6782d059c]\n\t(No symbol) [0x0x7ff678323f37]\n\t(No symbol) [0x0x7ff6782f86af]\n\t(No symbol) [0x0x7ff678320dbe]\n\t(No symbol) [0x0x7ff6782f8443]\n\t(No symbol) [0x0x7ff6782c1311]\n\t(No symbol) [0x0x7ff6782c20a3]\n\tGetHandleVerifier [0x0x7ff67879e26d+2926461]\n\tGetHandleVerifier [0x0x7ff678798993+2903715]\n\tGetHandleVerifier [0x0x7ff6787b6aed+3026941]\n\tGetHandleVerifier [0x0x7ff6785016fe+187406]\n\tGetHandleVerifier [0x0x7ff6785096ef+220159]\n\tGetHandleVerifier [0x0x7ff6784efaf4+114692]\n\tGetHandleVerifier [0x0x7ff6784efca9+115129]\n\tGetHandleVerifier [0x0x7ff6784d64d8+10728]\n\tBaseThreadInitThunk [0x0x7ffdb4e97374+20]\n\tRtlUserThreadStart [0x0x7ffdb649cc91+33]","statusTrace":"self = <test_system.test_database.TestSDateBasePage object at 0x0000025DC553AF20>, login_to_database = <selenium.webdriver.chrome.webdriver.WebDriver (session=\"d999d550b8867b3bd4b45101ea5aa5aa\")>\n\n    @allure.story(\"同步所有表成功\")\n    # @pytest.mark.run(order=1)\n    def test_database_synchronize2(self, login_to_database):\n        driver = login_to_database  # WebDriver 实例\n        data = DateBasePage(driver)  # 用 driver 初始化 DateBasePage\n        data.click_synchronize_button(\"同步所有\")\n>       message = data.get_find_message()\n\nTests\\test_system\\test_database.py:219: \n_ _ _ _ _ _ _ _ _ _ _ _ _ _ _ _ _ _ _ _ _ _ _ _ _ _ _ _ _ _ _ _ _ _ _ _ _ _ _ _ _ _ _ _ _ _ _ _ _ _ _ _ _ _ _ _ _ _ _ _ _ _ _ _ _ _ _ _ _ _ _ _ _ _ _ _ _ _ _ _ _ _ _ _ _ _ _ _ _ _ _ _ _ _ _ _ _ _ _ _ _ _ _ _ _ _ _ _ _ _ _ _ _ _ _ _\nPages\\systemPage\\database_page.py:35: in get_find_message\n    message = WebDriverWait(self.driver, 10).until(\n_ _ _ _ _ _ _ _ _ _ _ _ _ _ _ _ _ _ _ _ _ _ _ _ _ _ _ _ _ _ _ _ _ _ _ _ _ _ _ _ _ _ _ _ _ _ _ _ _ _ _ _ _ _ _ _ _ _ _ _ _ _ _ _ _ _ _ _ _ _ _ _ _ _ _ _ _ _ _ _ _ _ _ _ _ _ _ _ _ _ _ _ _ _ _ _ _ _ _ _ _ _ _ _ _ _ _ _ _ _ _ _ _ _ _ _\n\nself = <selenium.webdriver.support.wait.WebDriverWait (session=\"d999d550b8867b3bd4b45101ea5aa5aa\")>, method = <function visibility_of_element_located.<locals>._predicate at 0x0000025DC4472200>, message = ''\n\n    def until(self, method: Callable[[D], Union[Literal[False], T]], message: str = \"\") -> T:\n        \"\"\"Wait until the method returns a value that is not False.\n    \n        Calls the method provided with the driver as an argument until the\n        return value does not evaluate to ``False``.\n    \n        Parameters:\n        -----------\n        method: callable(WebDriver)\n            - A callable object that takes a WebDriver instance as an argument.\n    \n        message: str\n            - Optional message for :exc:`TimeoutException`\n    \n        Return:\n        -------\n        object: T\n            - The result of the last call to `method`\n    \n        Raises:\n        -------\n        TimeoutException\n            - If 'method' does not return a truthy value within the WebDriverWait\n            object's timeout\n    \n        Example:\n        --------\n        >>> from selenium.webdriver.common.by import By\n        >>> from selenium.webdriver.support.ui import WebDriverWait\n        >>> from selenium.webdriver.support import expected_conditions as EC\n    \n        # Wait until an element is visible on the page\n        >>> wait = WebDriverWait(driver, 10)\n        >>> element = wait.until(EC.visibility_of_element_located((By.ID, \"exampleId\")))\n        >>> print(element.text)\n        \"\"\"\n        screen = None\n        stacktrace = None\n    \n        end_time = time.monotonic() + self._timeout\n        while True:\n            try:\n                value = method(self._driver)\n                if value:\n                    return value\n            except self._ignored_exceptions as exc:\n                screen = getattr(exc, \"screen\", None)\n                stacktrace = getattr(exc, \"stacktrace\", None)\n            if time.monotonic() > end_time:\n                break\n            time.sleep(self._poll)\n>       raise TimeoutException(message, screen, stacktrace)\nE       selenium.common.exceptions.TimeoutException: Message: \nE       Stacktrace:\nE       \tGetHandleVerifier [0x0x7ff6784e6f65+78965]\nE       \tGetHandleVerifier [0x0x7ff6784e6fc0+79056]\nE       \t(No symbol) [0x0x7ff678279dda]\nE       \t(No symbol) [0x0x7ff6782d02ea]\nE       \t(No symbol) [0x0x7ff6782d059c]\nE       \t(No symbol) [0x0x7ff678323f37]\nE       \t(No symbol) [0x0x7ff6782f86af]\nE       \t(No symbol) [0x0x7ff678320dbe]\nE       \t(No symbol) [0x0x7ff6782f8443]\nE       \t(No symbol) [0x0x7ff6782c1311]\nE       \t(No symbol) [0x0x7ff6782c20a3]\nE       \tGetHandleVerifier [0x0x7ff67879e26d+2926461]\nE       \tGetHandleVerifier [0x0x7ff678798993+2903715]\nE       \tGetHandleVerifier [0x0x7ff6787b6aed+3026941]\nE       \tGetHandleVerifier [0x0x7ff6785016fe+187406]\nE       \tGetHandleVerifier [0x0x7ff6785096ef+220159]\nE       \tGetHandleVerifier [0x0x7ff6784efaf4+114692]\nE       \tGetHandleVerifier [0x0x7ff6784efca9+115129]\nE       \tGetHandleVerifier [0x0x7ff6784d64d8+10728]\nE       \tBaseThreadInitThunk [0x0x7ffdb4e97374+20]\nE       \tRtlUserThreadStart [0x0x7ffdb649cc91+33]\n\nmyenv\\lib\\site-packages\\selenium\\webdriver\\support\\wait.py:138: TimeoutException","steps":[],"attachments":[{"uid":"147defc3ecff88ff","name":"test_database_synchronize2_failure","source":"147defc3ecff88ff.png","type":"image/png","size":117609},{"uid":"749a9303a22525d2","name":"test_database_synchronize2_source","source":"749a9303a22525d2.html","type":"text/html","size":1487568},{"uid":"646919c8f0531674","name":"log","source":"646919c8f0531674.txt","type":"text/plain","size":3133}],"parameters":[],"attachmentsCount":3,"shouldDisplayMessage":true,"stepsCount":0,"attachmentStep":false,"hasContent":true},"afterStages":[{"name":"login_to_database::0","time":{"start":1763074534871,"stop":1763074537039,"duration":2168},"status":"passed","steps":[],"attachments":[],"parameters":[],"attachmentsCount":0,"shouldDisplayMessage":false,"stepsCount":0,"attachmentStep":false,"hasContent":false}],"labels":[{"name":"feature","value":"数据库维护页用例"},{"name":"story","value":"同步所有表成功"},{"name":"parentSuite","value":"Tests.test_system"},{"name":"suite","value":"test_database"},{"name":"subSuite","value":"TestSDateBasePage"},{"name":"host","value":"WIN-20240820MJV"},{"name":"thread","value":"22584-MainThread"},{"name":"framework","value":"pytest"},{"name":"language","value":"cpython3"},{"name":"package","value":"Tests.test_system.test_database"},{"name":"resultFormat","value":"allure2"}],"parameters":[],"links":[],"hidden":false,"retry":false,"extra":{"severity":"normal","retries":[{"uid":"2a1391c8cca7d818","status":"broken","statusDetails":"selenium.common.exceptions.TimeoutException: Message: \nStacktrace:\n\tGetHandleVerifier [0x0x7ff6784e6f65+78965]\n\tGetHandleVerifier [0x0x7ff6784e6fc0+79056]\n\t(No symbol) [0x0x7ff678279dda]\n\t(No symbol) [0x0x7ff6782d02ea]\n\t(No symbol) [0x0x7ff6782d059c]\n\t(No symbol) [0x0x7ff678323f37]\n\t(No symbol) [0x0x7ff6782f86af]\n\t(No symbol) [0x0x7ff678320dbe]\n\t(No symbol) [0x0x7ff6782f8443]\n\t(No symbol) [0x0x7ff6782c1311]\n\t(No symbol) [0x0x7ff6782c20a3]\n\tGetHandleVerifier [0x0x7ff67879e26d+2926461]\n\tGetHandleVerifier [0x0x7ff678798993+2903715]\n\tGetHandleVerifier [0x0x7ff6787b6aed+3026941]\n\tGetHandleVerifier [0x0x7ff6785016fe+187406]\n\tGetHandleVerifier [0x0x7ff6785096ef+220159]\n\tGetHandleVerifier [0x0x7ff6784efaf4+114692]\n\tGetHandleVerifier [0x0x7ff6784efca9+115129]\n\tGetHandleVerifier [0x0x7ff6784d64d8+10728]\n\tBaseThreadInitThunk [0x0x7ffdb4e97374+20]\n\tRtlUserThreadStart [0x0x7ffdb649cc91+33]","time":{"start":1763074493676,"stop":1763074505819,"duration":12143}}],"categories":[{"name":"Test defects","matchedStatuses":[]}],"tags":[]},"source":"86863ac98da9ebe3.json","parameterValues":[]}