{"uid":"87abf04cf368e469","name":"test_itemgroup_ctrlIrepeat","fullName":"Tests.test_items.test_itemgroup.TestItemGroupPage#test_itemgroup_ctrlIrepeat","historyId":"4535b5ca14a53fe5942925c00d504aa2","time":{"start":1770035997421,"stop":1770036009628,"duration":12207},"status":"broken","statusMessage":"selenium.common.exceptions.TimeoutException: Message: \nStacktrace:\n\tGetHandleVerifier [0x0x7ff737376f65+78965]\n\tGetHandleVerifier [0x0x7ff737376fc0+79056]\n\t(No symbol) [0x0x7ff737109dda]\n\t(No symbol) [0x0x7ff7371602ea]\n\t(No symbol) [0x0x7ff73716059c]\n\t(No symbol) [0x0x7ff7371b3f37]\n\t(No symbol) [0x0x7ff7371886af]\n\t(No symbol) [0x0x7ff7371b0dbe]\n\t(No symbol) [0x0x7ff737188443]\n\t(No symbol) [0x0x7ff737151311]\n\t(No symbol) [0x0x7ff7371520a3]\n\tGetHandleVerifier [0x0x7ff73762e26d+2926461]\n\tGetHandleVerifier [0x0x7ff737628993+2903715]\n\tGetHandleVerifier [0x0x7ff737646aed+3026941]\n\tGetHandleVerifier [0x0x7ff7373916fe+187406]\n\tGetHandleVerifier [0x0x7ff7373996ef+220159]\n\tGetHandleVerifier [0x0x7ff73737faf4+114692]\n\tGetHandleVerifier [0x0x7ff73737fca9+115129]\n\tGetHandleVerifier [0x0x7ff7373664d8+10728]\n\tBaseThreadInitThunk [0x0x7ffa14ef7374+20]\n\tRtlUserThreadStart [0x0x7ffa16b1cc91+33]","statusTrace":"self = <test_items.test_itemgroup.TestItemGroupPage object at 0x000001FD1FB86D40>, login_to_itemgroup = <selenium.webdriver.chrome.webdriver.WebDriver (session=\"11a5dc9577e9209124a55e314de300b1\")>\n\n    @allure.story(\"模拟ctrl+i添加重复\")\n    # @pytest.mark.run(order=1)\n    def test_itemgroup_ctrlIrepeat(self, login_to_itemgroup):\n        driver = login_to_itemgroup  # WebDriver 实例\n        item = ItemPage(driver)  # 用 driver 初始化 ItemPage\n        item.click_button('//table[@class=\"vxe-table--body\"]//tr[2]//td[2]')\n        ActionChains(driver).key_down(Keys.CONTROL).send_keys('i').key_up(Keys.CONTROL).perform()\n        ele1 = item.get_find_element_xpath('(//table[@class=\"vxe-table--body\"]//tr[1]/td[2])[2]').get_attribute(\n            \"innerText\")\n        item.click_button('//div[@class=\"vxe-modal--footer\"]//span[text()=\"确定\"]')\n>       message = item.get_error_message()\n\nTests\\test_items\\test_itemgroup.py:1236: \n_ _ _ _ _ _ _ _ _ _ _ _ _ _ _ _ _ _ _ _ _ _ _ _ _ _ _ _ _ _ _ _ _ _ _ _ _ _ _ _ _ _ _ _ _ _ _ _ _ _ _ _ _ _ _ _ _ _ _ _ _ _ _ _ _ _ _ _ _ _ _ _ _ _ _ _ _ _ _ _ _ _ _ _ _ _ _ _ _ _ _ _ _ _ _ _ _ _ _ _ _ _ _ _ _ _ _ _ _ _ _ _ _ _ _ _\nPages\\itemsPage\\item_page.py:110: in get_error_message\n    message = WebDriverWait(self.driver, 10).until(\n_ _ _ _ _ _ _ _ _ _ _ _ _ _ _ _ _ _ _ _ _ _ _ _ _ _ _ _ _ _ _ _ _ _ _ _ _ _ _ _ _ _ _ _ _ _ _ _ _ _ _ _ _ _ _ _ _ _ _ _ _ _ _ _ _ _ _ _ _ _ _ _ _ _ _ _ _ _ _ _ _ _ _ _ _ _ _ _ _ _ _ _ _ _ _ _ _ _ _ _ _ _ _ _ _ _ _ _ _ _ _ _ _ _ _ _\n\nself = <selenium.webdriver.support.wait.WebDriverWait (session=\"11a5dc9577e9209124a55e314de300b1\")>, method = <function visibility_of_element_located.<locals>._predicate at 0x000001FD20902DD0>, message = ''\n\n    def until(self, method: Callable[[D], Union[Literal[False], T]], message: str = \"\") -> T:\n        \"\"\"Wait until the method returns a value that is not False.\n    \n        Calls the method provided with the driver as an argument until the\n        return value does not evaluate to ``False``.\n    \n        Parameters:\n        -----------\n        method: callable(WebDriver)\n            - A callable object that takes a WebDriver instance as an argument.\n    \n        message: str\n            - Optional message for :exc:`TimeoutException`\n    \n        Return:\n        -------\n        object: T\n            - The result of the last call to `method`\n    \n        Raises:\n        -------\n        TimeoutException\n            - If 'method' does not return a truthy value within the WebDriverWait\n            object's timeout\n    \n        Example:\n        --------\n        >>> from selenium.webdriver.common.by import By\n        >>> from selenium.webdriver.support.ui import WebDriverWait\n        >>> from selenium.webdriver.support import expected_conditions as EC\n    \n        # Wait until an element is visible on the page\n        >>> wait = WebDriverWait(driver, 10)\n        >>> element = wait.until(EC.visibility_of_element_located((By.ID, \"exampleId\")))\n        >>> print(element.text)\n        \"\"\"\n        screen = None\n        stacktrace = None\n    \n        end_time = time.monotonic() + self._timeout\n        while True:\n            try:\n                value = method(self._driver)\n                if value:\n                    return value\n            except self._ignored_exceptions as exc:\n                screen = getattr(exc, \"screen\", None)\n                stacktrace = getattr(exc, \"stacktrace\", None)\n            if time.monotonic() > end_time:\n                break\n            time.sleep(self._poll)\n>       raise TimeoutException(message, screen, stacktrace)\nE       selenium.common.exceptions.TimeoutException: Message: \nE       Stacktrace:\nE       \tGetHandleVerifier [0x0x7ff737376f65+78965]\nE       \tGetHandleVerifier [0x0x7ff737376fc0+79056]\nE       \t(No symbol) [0x0x7ff737109dda]\nE       \t(No symbol) [0x0x7ff7371602ea]\nE       \t(No symbol) [0x0x7ff73716059c]\nE       \t(No symbol) [0x0x7ff7371b3f37]\nE       \t(No symbol) [0x0x7ff7371886af]\nE       \t(No symbol) [0x0x7ff7371b0dbe]\nE       \t(No symbol) [0x0x7ff737188443]\nE       \t(No symbol) [0x0x7ff737151311]\nE       \t(No symbol) [0x0x7ff7371520a3]\nE       \tGetHandleVerifier [0x0x7ff73762e26d+2926461]\nE       \tGetHandleVerifier [0x0x7ff737628993+2903715]\nE       \tGetHandleVerifier [0x0x7ff737646aed+3026941]\nE       \tGetHandleVerifier [0x0x7ff7373916fe+187406]\nE       \tGetHandleVerifier [0x0x7ff7373996ef+220159]\nE       \tGetHandleVerifier [0x0x7ff73737faf4+114692]\nE       \tGetHandleVerifier [0x0x7ff73737fca9+115129]\nE       \tGetHandleVerifier [0x0x7ff7373664d8+10728]\nE       \tBaseThreadInitThunk [0x0x7ffa14ef7374+20]\nE       \tRtlUserThreadStart [0x0x7ffa16b1cc91+33]\n\nmyenv\\lib\\site-packages\\selenium\\webdriver\\support\\wait.py:138: TimeoutException","flaky":false,"newFailed":false,"newBroken":false,"newPassed":false,"retriesCount":1,"retriesStatusChange":false,"beforeStages":[{"name":"login_to_itemgroup","time":{"start":1770035233628,"stop":1770035253868,"duration":20240},"status":"passed","steps":[],"attachments":[],"parameters":[],"stepsCount":0,"attachmentStep":false,"hasContent":false,"attachmentsCount":0,"shouldDisplayMessage":false}],"testStage":{"status":"broken","statusMessage":"selenium.common.exceptions.TimeoutException: Message: \nStacktrace:\n\tGetHandleVerifier [0x0x7ff737376f65+78965]\n\tGetHandleVerifier [0x0x7ff737376fc0+79056]\n\t(No symbol) [0x0x7ff737109dda]\n\t(No symbol) [0x0x7ff7371602ea]\n\t(No symbol) [0x0x7ff73716059c]\n\t(No symbol) [0x0x7ff7371b3f37]\n\t(No symbol) [0x0x7ff7371886af]\n\t(No symbol) [0x0x7ff7371b0dbe]\n\t(No symbol) [0x0x7ff737188443]\n\t(No symbol) [0x0x7ff737151311]\n\t(No symbol) [0x0x7ff7371520a3]\n\tGetHandleVerifier [0x0x7ff73762e26d+2926461]\n\tGetHandleVerifier [0x0x7ff737628993+2903715]\n\tGetHandleVerifier [0x0x7ff737646aed+3026941]\n\tGetHandleVerifier [0x0x7ff7373916fe+187406]\n\tGetHandleVerifier [0x0x7ff7373996ef+220159]\n\tGetHandleVerifier [0x0x7ff73737faf4+114692]\n\tGetHandleVerifier [0x0x7ff73737fca9+115129]\n\tGetHandleVerifier [0x0x7ff7373664d8+10728]\n\tBaseThreadInitThunk [0x0x7ffa14ef7374+20]\n\tRtlUserThreadStart [0x0x7ffa16b1cc91+33]","statusTrace":"self = <test_items.test_itemgroup.TestItemGroupPage object at 0x000001FD1FB86D40>, login_to_itemgroup = <selenium.webdriver.chrome.webdriver.WebDriver (session=\"11a5dc9577e9209124a55e314de300b1\")>\n\n    @allure.story(\"模拟ctrl+i添加重复\")\n    # @pytest.mark.run(order=1)\n    def test_itemgroup_ctrlIrepeat(self, login_to_itemgroup):\n        driver = login_to_itemgroup  # WebDriver 实例\n        item = ItemPage(driver)  # 用 driver 初始化 ItemPage\n        item.click_button('//table[@class=\"vxe-table--body\"]//tr[2]//td[2]')\n        ActionChains(driver).key_down(Keys.CONTROL).send_keys('i').key_up(Keys.CONTROL).perform()\n        ele1 = item.get_find_element_xpath('(//table[@class=\"vxe-table--body\"]//tr[1]/td[2])[2]').get_attribute(\n            \"innerText\")\n        item.click_button('//div[@class=\"vxe-modal--footer\"]//span[text()=\"确定\"]')\n>       message = item.get_error_message()\n\nTests\\test_items\\test_itemgroup.py:1236: \n_ _ _ _ _ _ _ _ _ _ _ _ _ _ _ _ _ _ _ _ _ _ _ _ _ _ _ _ _ _ _ _ _ _ _ _ _ _ _ _ _ _ _ _ _ _ _ _ _ _ _ _ _ _ _ _ _ _ _ _ _ _ _ _ _ _ _ _ _ _ _ _ _ _ _ _ _ _ _ _ _ _ _ _ _ _ _ _ _ _ _ _ _ _ _ _ _ _ _ _ _ _ _ _ _ _ _ _ _ _ _ _ _ _ _ _\nPages\\itemsPage\\item_page.py:110: in get_error_message\n    message = WebDriverWait(self.driver, 10).until(\n_ _ _ _ _ _ _ _ _ _ _ _ _ _ _ _ _ _ _ _ _ _ _ _ _ _ _ _ _ _ _ _ _ _ _ _ _ _ _ _ _ _ _ _ _ _ _ _ _ _ _ _ _ _ _ _ _ _ _ _ _ _ _ _ _ _ _ _ _ _ _ _ _ _ _ _ _ _ _ _ _ _ _ _ _ _ _ _ _ _ _ _ _ _ _ _ _ _ _ _ _ _ _ _ _ _ _ _ _ _ _ _ _ _ _ _\n\nself = <selenium.webdriver.support.wait.WebDriverWait (session=\"11a5dc9577e9209124a55e314de300b1\")>, method = <function visibility_of_element_located.<locals>._predicate at 0x000001FD20902DD0>, message = ''\n\n    def until(self, method: Callable[[D], Union[Literal[False], T]], message: str = \"\") -> T:\n        \"\"\"Wait until the method returns a value that is not False.\n    \n        Calls the method provided with the driver as an argument until the\n        return value does not evaluate to ``False``.\n    \n        Parameters:\n        -----------\n        method: callable(WebDriver)\n            - A callable object that takes a WebDriver instance as an argument.\n    \n        message: str\n            - Optional message for :exc:`TimeoutException`\n    \n        Return:\n        -------\n        object: T\n            - The result of the last call to `method`\n    \n        Raises:\n        -------\n        TimeoutException\n            - If 'method' does not return a truthy value within the WebDriverWait\n            object's timeout\n    \n        Example:\n        --------\n        >>> from selenium.webdriver.common.by import By\n        >>> from selenium.webdriver.support.ui import WebDriverWait\n        >>> from selenium.webdriver.support import expected_conditions as EC\n    \n        # Wait until an element is visible on the page\n        >>> wait = WebDriverWait(driver, 10)\n        >>> element = wait.until(EC.visibility_of_element_located((By.ID, \"exampleId\")))\n        >>> print(element.text)\n        \"\"\"\n        screen = None\n        stacktrace = None\n    \n        end_time = time.monotonic() + self._timeout\n        while True:\n            try:\n                value = method(self._driver)\n                if value:\n                    return value\n            except self._ignored_exceptions as exc:\n                screen = getattr(exc, \"screen\", None)\n                stacktrace = getattr(exc, \"stacktrace\", None)\n            if time.monotonic() > end_time:\n                break\n            time.sleep(self._poll)\n>       raise TimeoutException(message, screen, stacktrace)\nE       selenium.common.exceptions.TimeoutException: Message: \nE       Stacktrace:\nE       \tGetHandleVerifier [0x0x7ff737376f65+78965]\nE       \tGetHandleVerifier [0x0x7ff737376fc0+79056]\nE       \t(No symbol) [0x0x7ff737109dda]\nE       \t(No symbol) [0x0x7ff7371602ea]\nE       \t(No symbol) [0x0x7ff73716059c]\nE       \t(No symbol) [0x0x7ff7371b3f37]\nE       \t(No symbol) [0x0x7ff7371886af]\nE       \t(No symbol) [0x0x7ff7371b0dbe]\nE       \t(No symbol) [0x0x7ff737188443]\nE       \t(No symbol) [0x0x7ff737151311]\nE       \t(No symbol) [0x0x7ff7371520a3]\nE       \tGetHandleVerifier [0x0x7ff73762e26d+2926461]\nE       \tGetHandleVerifier [0x0x7ff737628993+2903715]\nE       \tGetHandleVerifier [0x0x7ff737646aed+3026941]\nE       \tGetHandleVerifier [0x0x7ff7373916fe+187406]\nE       \tGetHandleVerifier [0x0x7ff7373996ef+220159]\nE       \tGetHandleVerifier [0x0x7ff73737faf4+114692]\nE       \tGetHandleVerifier [0x0x7ff73737fca9+115129]\nE       \tGetHandleVerifier [0x0x7ff7373664d8+10728]\nE       \tBaseThreadInitThunk [0x0x7ffa14ef7374+20]\nE       \tRtlUserThreadStart [0x0x7ffa16b1cc91+33]\n\nmyenv\\lib\\site-packages\\selenium\\webdriver\\support\\wait.py:138: TimeoutException","steps":[],"attachments":[{"uid":"fcc773502fa57865","name":"test_itemgroup_ctrlIrepeat_20260202_204009","source":"fcc773502fa57865.png","type":"image/png","size":53776},{"uid":"72ff05af7b650206","name":"log","source":"72ff05af7b650206.txt","type":"text/plain","size":1149}],"parameters":[],"stepsCount":0,"attachmentStep":false,"hasContent":true,"attachmentsCount":2,"shouldDisplayMessage":true},"afterStages":[{"name":"login_to_itemgroup::0","time":{"start":1770036096314,"stop":1770036098470,"duration":2156},"status":"passed","steps":[],"attachments":[],"parameters":[],"stepsCount":0,"attachmentStep":false,"hasContent":false,"attachmentsCount":0,"shouldDisplayMessage":false}],"labels":[{"name":"feature","value":"物料组表测试用例"},{"name":"story","value":"模拟ctrl+i添加重复"},{"name":"parentSuite","value":"Tests.test_items"},{"name":"suite","value":"test_itemgroup"},{"name":"subSuite","value":"TestItemGroupPage"},{"name":"host","value":"WIN-20240820MJV"},{"name":"thread","value":"44308-MainThread"},{"name":"framework","value":"pytest"},{"name":"language","value":"cpython3"},{"name":"package","value":"Tests.test_items.test_itemgroup"},{"name":"resultFormat","value":"allure2"}],"parameters":[],"links":[],"hidden":false,"retry":false,"extra":{"severity":"normal","retries":[{"uid":"f76377ac49f09878","status":"broken","statusDetails":"selenium.common.exceptions.TimeoutException: Message: \nStacktrace:\n\tGetHandleVerifier [0x0x7ff737376f65+78965]\n\tGetHandleVerifier [0x0x7ff737376fc0+79056]\n\t(No symbol) [0x0x7ff737109dda]\n\t(No symbol) [0x0x7ff7371602ea]\n\t(No symbol) [0x0x7ff73716059c]\n\t(No symbol) [0x0x7ff7371b3f37]\n\t(No symbol) [0x0x7ff7371886af]\n\t(No symbol) [0x0x7ff7371b0dbe]\n\t(No symbol) [0x0x7ff737188443]\n\t(No symbol) [0x0x7ff737151311]\n\t(No symbol) [0x0x7ff7371520a3]\n\tGetHandleVerifier [0x0x7ff73762e26d+2926461]\n\tGetHandleVerifier [0x0x7ff737628993+2903715]\n\tGetHandleVerifier [0x0x7ff737646aed+3026941]\n\tGetHandleVerifier [0x0x7ff7373916fe+187406]\n\tGetHandleVerifier [0x0x7ff7373996ef+220159]\n\tGetHandleVerifier [0x0x7ff73737faf4+114692]\n\tGetHandleVerifier [0x0x7ff73737fca9+115129]\n\tGetHandleVerifier [0x0x7ff7373664d8+10728]\n\tBaseThreadInitThunk [0x0x7ffa14ef7374+20]\n\tRtlUserThreadStart [0x0x7ffa16b1cc91+33]","time":{"start":1770035986642,"stop":1770035997300,"duration":10658}}],"categories":[{"name":"Test defects","matchedStatuses":[]}],"tags":[]},"source":"87abf04cf368e469.json","parameterValues":[]}