{"uid":"888bf75df2f9deed","name":"test_psi_clear","fullName":"Tests.test_system.test_psi.TestPSIPage#test_psi_clear","historyId":"d16dffde29e4f1764275d27608aa5fbc","time":{"start":1761595611914,"stop":1761595626798,"duration":14884},"status":"broken","statusMessage":"selenium.common.exceptions.TimeoutException: Message: \nStacktrace:\n\tGetHandleVerifier [0x0x7ff7d4096f65+78965]\n\tGetHandleVerifier [0x0x7ff7d4096fc0+79056]\n\t(No symbol) [0x0x7ff7d3e29dda]\n\t(No symbol) [0x0x7ff7d3e802ea]\n\t(No symbol) [0x0x7ff7d3e8059c]\n\t(No symbol) [0x0x7ff7d3ed3f37]\n\t(No symbol) [0x0x7ff7d3ea86af]\n\t(No symbol) [0x0x7ff7d3ed0dbe]\n\t(No symbol) [0x0x7ff7d3ea8443]\n\t(No symbol) [0x0x7ff7d3e71311]\n\t(No symbol) [0x0x7ff7d3e720a3]\n\tGetHandleVerifier [0x0x7ff7d434e26d+2926461]\n\tGetHandleVerifier [0x0x7ff7d4348993+2903715]\n\tGetHandleVerifier [0x0x7ff7d4366aed+3026941]\n\tGetHandleVerifier [0x0x7ff7d40b16fe+187406]\n\tGetHandleVerifier [0x0x7ff7d40b96ef+220159]\n\tGetHandleVerifier [0x0x7ff7d409faf4+114692]\n\tGetHandleVerifier [0x0x7ff7d409fca9+115129]\n\tGetHandleVerifier [0x0x7ff7d40864d8+10728]\n\tBaseThreadInitThunk [0x0x7ffee7407374+20]\n\tRtlUserThreadStart [0x0x7ffee89bcc91+33]","statusTrace":"self = <test_system.test_psi.TestPSIPage object at 0x000001F0006B2F20>, login_to_psi = <selenium.webdriver.chrome.webdriver.WebDriver (session=\"e5236a116cc082159f2d5d495050b904\")>\n\n    @allure.story(\"清除筛选效果成功\")\n    # @pytest.mark.run(order=1)\n    def test_psi_clear(self, login_to_psi):\n        driver = login_to_psi  # WebDriver 实例\n        psi = PsiPage(driver)  # 用 driver 初始化 PsiPage\n        name = \"1\"\n        psi.click_button('//div[p[text()=\"PSI名称\"]]/following-sibling::div//i')\n        sleep(1)\n        psi.enter_texts('//div[p[text()=\"PSI名称\"]]/following-sibling::div//input', name)\n        sleep(1)\n        psi.click_button('//div[p[text()=\"PSI名称\"]]/following-sibling::div//i')\n>       psi.hover(\"清除所有筛选条件\")\n\nTests\\test_system\\test_psi.py:416: \n_ _ _ _ _ _ _ _ _ _ _ _ _ _ _ _ _ _ _ _ _ _ _ _ _ _ _ _ _ _ _ _ _ _ _ _ _ _ _ _ _ _ _ _ _ _ _ _ _ _ _ _ _ _ _ _ _ _ _ _ _ _ _ _ _ _ _ _ _ _ _ _ _ _ _ _ _ _ _ _ _ _ _ _ _ _ _ _ _ _ _ _ _ _ _ _ _ _ _ _ _ _ _ _ _ _ _ _ _ _ _ _ _ _ _ _\nPages\\systemPage\\psi_page.py:193: in hover\n    delete_icon = WebDriverWait(self.driver, 10).until(\n_ _ _ _ _ _ _ _ _ _ _ _ _ _ _ _ _ _ _ _ _ _ _ _ _ _ _ _ _ _ _ _ _ _ _ _ _ _ _ _ _ _ _ _ _ _ _ _ _ _ _ _ _ _ _ _ _ _ _ _ _ _ _ _ _ _ _ _ _ _ _ _ _ _ _ _ _ _ _ _ _ _ _ _ _ _ _ _ _ _ _ _ _ _ _ _ _ _ _ _ _ _ _ _ _ _ _ _ _ _ _ _ _ _ _ _\n\nself = <selenium.webdriver.support.wait.WebDriverWait (session=\"e5236a116cc082159f2d5d495050b904\")>, method = <function visibility_of_element_located.<locals>._predicate at 0x000001F00289BBE0>, message = ''\n\n    def until(self, method: Callable[[D], Union[Literal[False], T]], message: str = \"\") -> T:\n        \"\"\"Wait until the method returns a value that is not False.\n    \n        Calls the method provided with the driver as an argument until the\n        return value does not evaluate to ``False``.\n    \n        Parameters:\n        -----------\n        method: callable(WebDriver)\n            - A callable object that takes a WebDriver instance as an argument.\n    \n        message: str\n            - Optional message for :exc:`TimeoutException`\n    \n        Return:\n        -------\n        object: T\n            - The result of the last call to `method`\n    \n        Raises:\n        -------\n        TimeoutException\n            - If 'method' does not return a truthy value within the WebDriverWait\n            object's timeout\n    \n        Example:\n        --------\n        >>> from selenium.webdriver.common.by import By\n        >>> from selenium.webdriver.support.ui import WebDriverWait\n        >>> from selenium.webdriver.support import expected_conditions as EC\n    \n        # Wait until an element is visible on the page\n        >>> wait = WebDriverWait(driver, 10)\n        >>> element = wait.until(EC.visibility_of_element_located((By.ID, \"exampleId\")))\n        >>> print(element.text)\n        \"\"\"\n        screen = None\n        stacktrace = None\n    \n        end_time = time.monotonic() + self._timeout\n        while True:\n            try:\n                value = method(self._driver)\n                if value:\n                    return value\n            except self._ignored_exceptions as exc:\n                screen = getattr(exc, \"screen\", None)\n                stacktrace = getattr(exc, \"stacktrace\", None)\n            if time.monotonic() > end_time:\n                break\n            time.sleep(self._poll)\n>       raise TimeoutException(message, screen, stacktrace)\nE       selenium.common.exceptions.TimeoutException: Message: \nE       Stacktrace:\nE       \tGetHandleVerifier [0x0x7ff7d4096f65+78965]\nE       \tGetHandleVerifier [0x0x7ff7d4096fc0+79056]\nE       \t(No symbol) [0x0x7ff7d3e29dda]\nE       \t(No symbol) [0x0x7ff7d3e802ea]\nE       \t(No symbol) [0x0x7ff7d3e8059c]\nE       \t(No symbol) [0x0x7ff7d3ed3f37]\nE       \t(No symbol) [0x0x7ff7d3ea86af]\nE       \t(No symbol) [0x0x7ff7d3ed0dbe]\nE       \t(No symbol) [0x0x7ff7d3ea8443]\nE       \t(No symbol) [0x0x7ff7d3e71311]\nE       \t(No symbol) [0x0x7ff7d3e720a3]\nE       \tGetHandleVerifier [0x0x7ff7d434e26d+2926461]\nE       \tGetHandleVerifier [0x0x7ff7d4348993+2903715]\nE       \tGetHandleVerifier [0x0x7ff7d4366aed+3026941]\nE       \tGetHandleVerifier [0x0x7ff7d40b16fe+187406]\nE       \tGetHandleVerifier [0x0x7ff7d40b96ef+220159]\nE       \tGetHandleVerifier [0x0x7ff7d409faf4+114692]\nE       \tGetHandleVerifier [0x0x7ff7d409fca9+115129]\nE       \tGetHandleVerifier [0x0x7ff7d40864d8+10728]\nE       \tBaseThreadInitThunk [0x0x7ffee7407374+20]\nE       \tRtlUserThreadStart [0x0x7ffee89bcc91+33]\n\nmyenv\\lib\\site-packages\\selenium\\webdriver\\support\\wait.py:138: TimeoutException","flaky":false,"newFailed":false,"newBroken":false,"newPassed":false,"retriesCount":1,"retriesStatusChange":false,"beforeStages":[{"name":"login_to_psi","time":{"start":1761595594806,"stop":1761595611912,"duration":17106},"status":"passed","steps":[],"attachments":[],"parameters":[],"attachmentsCount":0,"shouldDisplayMessage":false,"stepsCount":0,"hasContent":false,"attachmentStep":false}],"testStage":{"status":"broken","statusMessage":"selenium.common.exceptions.TimeoutException: Message: \nStacktrace:\n\tGetHandleVerifier [0x0x7ff7d4096f65+78965]\n\tGetHandleVerifier [0x0x7ff7d4096fc0+79056]\n\t(No symbol) [0x0x7ff7d3e29dda]\n\t(No symbol) [0x0x7ff7d3e802ea]\n\t(No symbol) [0x0x7ff7d3e8059c]\n\t(No symbol) [0x0x7ff7d3ed3f37]\n\t(No symbol) [0x0x7ff7d3ea86af]\n\t(No symbol) [0x0x7ff7d3ed0dbe]\n\t(No symbol) [0x0x7ff7d3ea8443]\n\t(No symbol) [0x0x7ff7d3e71311]\n\t(No symbol) [0x0x7ff7d3e720a3]\n\tGetHandleVerifier [0x0x7ff7d434e26d+2926461]\n\tGetHandleVerifier [0x0x7ff7d4348993+2903715]\n\tGetHandleVerifier [0x0x7ff7d4366aed+3026941]\n\tGetHandleVerifier [0x0x7ff7d40b16fe+187406]\n\tGetHandleVerifier [0x0x7ff7d40b96ef+220159]\n\tGetHandleVerifier [0x0x7ff7d409faf4+114692]\n\tGetHandleVerifier [0x0x7ff7d409fca9+115129]\n\tGetHandleVerifier [0x0x7ff7d40864d8+10728]\n\tBaseThreadInitThunk [0x0x7ffee7407374+20]\n\tRtlUserThreadStart [0x0x7ffee89bcc91+33]","statusTrace":"self = <test_system.test_psi.TestPSIPage object at 0x000001F0006B2F20>, login_to_psi = <selenium.webdriver.chrome.webdriver.WebDriver (session=\"e5236a116cc082159f2d5d495050b904\")>\n\n    @allure.story(\"清除筛选效果成功\")\n    # @pytest.mark.run(order=1)\n    def test_psi_clear(self, login_to_psi):\n        driver = login_to_psi  # WebDriver 实例\n        psi = PsiPage(driver)  # 用 driver 初始化 PsiPage\n        name = \"1\"\n        psi.click_button('//div[p[text()=\"PSI名称\"]]/following-sibling::div//i')\n        sleep(1)\n        psi.enter_texts('//div[p[text()=\"PSI名称\"]]/following-sibling::div//input', name)\n        sleep(1)\n        psi.click_button('//div[p[text()=\"PSI名称\"]]/following-sibling::div//i')\n>       psi.hover(\"清除所有筛选条件\")\n\nTests\\test_system\\test_psi.py:416: \n_ _ _ _ _ _ _ _ _ _ _ _ _ _ _ _ _ _ _ _ _ _ _ _ _ _ _ _ _ _ _ _ _ _ _ _ _ _ _ _ _ _ _ _ _ _ _ _ _ _ _ _ _ _ _ _ _ _ _ _ _ _ _ _ _ _ _ _ _ _ _ _ _ _ _ _ _ _ _ _ _ _ _ _ _ _ _ _ _ _ _ _ _ _ _ _ _ _ _ _ _ _ _ _ _ _ _ _ _ _ _ _ _ _ _ _\nPages\\systemPage\\psi_page.py:193: in hover\n    delete_icon = WebDriverWait(self.driver, 10).until(\n_ _ _ _ _ _ _ _ _ _ _ _ _ _ _ _ _ _ _ _ _ _ _ _ _ _ _ _ _ _ _ _ _ _ _ _ _ _ _ _ _ _ _ _ _ _ _ _ _ _ _ _ _ _ _ _ _ _ _ _ _ _ _ _ _ _ _ _ _ _ _ _ _ _ _ _ _ _ _ _ _ _ _ _ _ _ _ _ _ _ _ _ _ _ _ _ _ _ _ _ _ _ _ _ _ _ _ _ _ _ _ _ _ _ _ _\n\nself = <selenium.webdriver.support.wait.WebDriverWait (session=\"e5236a116cc082159f2d5d495050b904\")>, method = <function visibility_of_element_located.<locals>._predicate at 0x000001F00289BBE0>, message = ''\n\n    def until(self, method: Callable[[D], Union[Literal[False], T]], message: str = \"\") -> T:\n        \"\"\"Wait until the method returns a value that is not False.\n    \n        Calls the method provided with the driver as an argument until the\n        return value does not evaluate to ``False``.\n    \n        Parameters:\n        -----------\n        method: callable(WebDriver)\n            - A callable object that takes a WebDriver instance as an argument.\n    \n        message: str\n            - Optional message for :exc:`TimeoutException`\n    \n        Return:\n        -------\n        object: T\n            - The result of the last call to `method`\n    \n        Raises:\n        -------\n        TimeoutException\n            - If 'method' does not return a truthy value within the WebDriverWait\n            object's timeout\n    \n        Example:\n        --------\n        >>> from selenium.webdriver.common.by import By\n        >>> from selenium.webdriver.support.ui import WebDriverWait\n        >>> from selenium.webdriver.support import expected_conditions as EC\n    \n        # Wait until an element is visible on the page\n        >>> wait = WebDriverWait(driver, 10)\n        >>> element = wait.until(EC.visibility_of_element_located((By.ID, \"exampleId\")))\n        >>> print(element.text)\n        \"\"\"\n        screen = None\n        stacktrace = None\n    \n        end_time = time.monotonic() + self._timeout\n        while True:\n            try:\n                value = method(self._driver)\n                if value:\n                    return value\n            except self._ignored_exceptions as exc:\n                screen = getattr(exc, \"screen\", None)\n                stacktrace = getattr(exc, \"stacktrace\", None)\n            if time.monotonic() > end_time:\n                break\n            time.sleep(self._poll)\n>       raise TimeoutException(message, screen, stacktrace)\nE       selenium.common.exceptions.TimeoutException: Message: \nE       Stacktrace:\nE       \tGetHandleVerifier [0x0x7ff7d4096f65+78965]\nE       \tGetHandleVerifier [0x0x7ff7d4096fc0+79056]\nE       \t(No symbol) [0x0x7ff7d3e29dda]\nE       \t(No symbol) [0x0x7ff7d3e802ea]\nE       \t(No symbol) [0x0x7ff7d3e8059c]\nE       \t(No symbol) [0x0x7ff7d3ed3f37]\nE       \t(No symbol) [0x0x7ff7d3ea86af]\nE       \t(No symbol) [0x0x7ff7d3ed0dbe]\nE       \t(No symbol) [0x0x7ff7d3ea8443]\nE       \t(No symbol) [0x0x7ff7d3e71311]\nE       \t(No symbol) [0x0x7ff7d3e720a3]\nE       \tGetHandleVerifier [0x0x7ff7d434e26d+2926461]\nE       \tGetHandleVerifier [0x0x7ff7d4348993+2903715]\nE       \tGetHandleVerifier [0x0x7ff7d4366aed+3026941]\nE       \tGetHandleVerifier [0x0x7ff7d40b16fe+187406]\nE       \tGetHandleVerifier [0x0x7ff7d40b96ef+220159]\nE       \tGetHandleVerifier [0x0x7ff7d409faf4+114692]\nE       \tGetHandleVerifier [0x0x7ff7d409fca9+115129]\nE       \tGetHandleVerifier [0x0x7ff7d40864d8+10728]\nE       \tBaseThreadInitThunk [0x0x7ffee7407374+20]\nE       \tRtlUserThreadStart [0x0x7ffee89bcc91+33]\n\nmyenv\\lib\\site-packages\\selenium\\webdriver\\support\\wait.py:138: TimeoutException","steps":[],"attachments":[{"uid":"156a7e8e61e18aa","name":"test_psi_clear_failure","source":"156a7e8e61e18aa.png","type":"image/png","size":76689},{"uid":"9eaaaadb5f136011","name":"test_psi_clear_source","source":"9eaaaadb5f136011.html","type":"text/html","size":1137997},{"uid":"662909e43b91ce04","name":"log","source":"662909e43b91ce04.txt","type":"text/plain","size":2283}],"parameters":[],"attachmentsCount":3,"shouldDisplayMessage":true,"stepsCount":0,"hasContent":true,"attachmentStep":false},"afterStages":[{"name":"login_to_psi::0","time":{"start":1761595627389,"stop":1761595629862,"duration":2473},"status":"passed","steps":[],"attachments":[],"parameters":[],"attachmentsCount":0,"shouldDisplayMessage":false,"stepsCount":0,"hasContent":false,"attachmentStep":false}],"labels":[{"name":"story","value":"清除筛选效果成功"},{"name":"feature","value":"PSI设置用例"},{"name":"parentSuite","value":"Tests.test_system"},{"name":"suite","value":"test_psi"},{"name":"subSuite","value":"TestPSIPage"},{"name":"host","value":"WIN-20240820MJV"},{"name":"thread","value":"31840-MainThread"},{"name":"framework","value":"pytest"},{"name":"language","value":"cpython3"},{"name":"package","value":"Tests.test_system.test_psi"},{"name":"resultFormat","value":"allure2"}],"parameters":[],"links":[],"hidden":false,"retry":false,"extra":{"severity":"normal","retries":[{"uid":"90e5ce95f65e9aaf","status":"broken","statusDetails":"selenium.common.exceptions.TimeoutException: Message: \nStacktrace:\n\tGetHandleVerifier [0x0x7ff7d4096f65+78965]\n\tGetHandleVerifier [0x0x7ff7d4096fc0+79056]\n\t(No symbol) [0x0x7ff7d3e29dda]\n\t(No symbol) [0x0x7ff7d3e802ea]\n\t(No symbol) [0x0x7ff7d3e8059c]\n\t(No symbol) [0x0x7ff7d3ed3f37]\n\t(No symbol) [0x0x7ff7d3ea86af]\n\t(No symbol) [0x0x7ff7d3ed0dbe]\n\t(No symbol) [0x0x7ff7d3ea8443]\n\t(No symbol) [0x0x7ff7d3e71311]\n\t(No symbol) [0x0x7ff7d3e720a3]\n\tGetHandleVerifier [0x0x7ff7d434e26d+2926461]\n\tGetHandleVerifier [0x0x7ff7d4348993+2903715]\n\tGetHandleVerifier [0x0x7ff7d4366aed+3026941]\n\tGetHandleVerifier [0x0x7ff7d40b16fe+187406]\n\tGetHandleVerifier [0x0x7ff7d40b96ef+220159]\n\tGetHandleVerifier [0x0x7ff7d409faf4+114692]\n\tGetHandleVerifier [0x0x7ff7d409fca9+115129]\n\tGetHandleVerifier [0x0x7ff7d40864d8+10728]\n\tBaseThreadInitThunk [0x0x7ffee7407374+20]\n\tRtlUserThreadStart [0x0x7ffee89bcc91+33]","time":{"start":1761595576727,"stop":1761595591695,"duration":14968}}],"categories":[{"name":"Test defects","matchedStatuses":[]}],"tags":[]},"source":"888bf75df2f9deed.json","parameterValues":[]}