{"uid":"8a4fc67b95de2dd8","name":"test_module_moduleshow","fullName":"Tests.test_system.test_module.TestSModulePage#test_module_moduleshow","historyId":"33d5524e1933a9a35cadd7887447ca0e","time":{"start":1770331994463,"stop":1770332012209,"duration":17746},"status":"failed","statusMessage":"AssertionError: assert 0 == 1\n +  where 0 = len([])","statusTrace":"self = <test_system.test_module.TestSModulePage object at 0x000001B938460910>, login_to_module = <selenium.webdriver.chrome.webdriver.WebDriver (session=\"f2ce029a813e064e08c644e9f8f4d6c6\")>\n\n    @allure.story(\"设置不显示模块成功\")\n    # @pytest.mark.run(order=1)\n    def test_module_moduleshow(self, login_to_module):\n        driver = login_to_module  # WebDriver 实例\n        module = ExpressionPage(driver)  # 用 driver 初始化 ExpressionPage\n        add = AddsPages(driver)\n        date_driver = DateDriver()\n        role = RolePage(driver)\n        # 显示菜单\n        module.click_button('//div[@class=\"labelTitle\"][text()=\" 菜单组件 \"]')\n        menu_name = \"1新增菜单\"\n        module.wait_for_loading_to_disappear()\n        sleep(1)\n        module.select_input_menu(menu_name)\n        module.click_button(f'//table[@class=\"vxe-table--body\"]//tr/td[2]//span[text()=\"{menu_name}\"]')\n        module.click_all_button(\"编辑\")\n        ele = module.get_find_element_xpath('//div[@id=\"nrwbi30v-iofl\"]//input').is_selected()\n        if not ele:\n            module.click_button('//div[@id=\"nrwbi30v-iofl\"]//label/span')\n            module.click_button('(//div[@class=\"vxe-modal--footer\"]//span[text()=\"确定\"])[last()]')\n            message = module.get_find_message()\n            assert message == \"编辑成功！\"\n        driver.refresh()\n        module.wait_for_loading_to_disappear()\n        ele = module.finds_elements(By.XPATH, f'//div[@class=\"listDivCon\"]/div[span[text()=\"{menu_name}\"]]')\n>       assert len(ele) == 1\nE       assert 0 == 1\nE        +  where 0 = len([])\n\nTests\\test_system\\test_module.py:1137: AssertionError","flaky":false,"newFailed":false,"newBroken":false,"newPassed":false,"retriesCount":0,"retriesStatusChange":false,"beforeStages":[{"name":"login_to_module","time":{"start":1770331424864,"stop":1770331442219,"duration":17355},"status":"passed","steps":[],"attachments":[],"parameters":[],"stepsCount":0,"attachmentStep":false,"hasContent":false,"attachmentsCount":0,"shouldDisplayMessage":false}],"testStage":{"status":"failed","statusMessage":"AssertionError: assert 0 == 1\n +  where 0 = len([])","statusTrace":"self = <test_system.test_module.TestSModulePage object at 0x000001B938460910>, login_to_module = <selenium.webdriver.chrome.webdriver.WebDriver (session=\"f2ce029a813e064e08c644e9f8f4d6c6\")>\n\n    @allure.story(\"设置不显示模块成功\")\n    # @pytest.mark.run(order=1)\n    def test_module_moduleshow(self, login_to_module):\n        driver = login_to_module  # WebDriver 实例\n        module = ExpressionPage(driver)  # 用 driver 初始化 ExpressionPage\n        add = AddsPages(driver)\n        date_driver = DateDriver()\n        role = RolePage(driver)\n        # 显示菜单\n        module.click_button('//div[@class=\"labelTitle\"][text()=\" 菜单组件 \"]')\n        menu_name = \"1新增菜单\"\n        module.wait_for_loading_to_disappear()\n        sleep(1)\n        module.select_input_menu(menu_name)\n        module.click_button(f'//table[@class=\"vxe-table--body\"]//tr/td[2]//span[text()=\"{menu_name}\"]')\n        module.click_all_button(\"编辑\")\n        ele = module.get_find_element_xpath('//div[@id=\"nrwbi30v-iofl\"]//input').is_selected()\n        if not ele:\n            module.click_button('//div[@id=\"nrwbi30v-iofl\"]//label/span')\n            module.click_button('(//div[@class=\"vxe-modal--footer\"]//span[text()=\"确定\"])[last()]')\n            message = module.get_find_message()\n            assert message == \"编辑成功！\"\n        driver.refresh()\n        module.wait_for_loading_to_disappear()\n        ele = module.finds_elements(By.XPATH, f'//div[@class=\"listDivCon\"]/div[span[text()=\"{menu_name}\"]]')\n>       assert len(ele) == 1\nE       assert 0 == 1\nE        +  where 0 = len([])\n\nTests\\test_system\\test_module.py:1137: AssertionError","steps":[],"attachments":[{"uid":"e9eaec1b299124d4","name":"test_module_moduleshow_20260206_065332","source":"e9eaec1b299124d4.png","type":"image/png","size":117784},{"uid":"b465eb881a6c682c","name":"log","source":"b465eb881a6c682c.txt","type":"text/plain","size":1327}],"parameters":[],"stepsCount":0,"attachmentStep":false,"hasContent":true,"attachmentsCount":2,"shouldDisplayMessage":true},"afterStages":[{"name":"login_to_module::0","time":{"start":1770332362566,"stop":1770332364737,"duration":2171},"status":"passed","steps":[],"attachments":[],"parameters":[],"stepsCount":0,"attachmentStep":false,"hasContent":false,"attachmentsCount":0,"shouldDisplayMessage":false}],"labels":[{"name":"story","value":"设置不显示模块成功"},{"name":"feature","value":"模块管理页用例"},{"name":"parentSuite","value":"Tests.test_system"},{"name":"suite","value":"test_module"},{"name":"subSuite","value":"TestSModulePage"},{"name":"host","value":"WIN-20240820MJV"},{"name":"thread","value":"28724-MainThread"},{"name":"framework","value":"pytest"},{"name":"language","value":"cpython3"},{"name":"package","value":"Tests.test_system.test_module"},{"name":"resultFormat","value":"allure2"}],"parameters":[],"links":[],"hidden":true,"retry":true,"extra":{"categories":[],"tags":[]},"source":"8a4fc67b95de2dd8.json","parameterValues":[]}