{"uid":"8c76a060b41f1b0","name":"test_systemSettings_logo2","fullName":"Tests.test_system.test_systemSettings.TestSystemSettingsPage#test_systemSettings_logo2","historyId":"44ede5a2f39d256bfec794fe8594a6cc","time":{"start":1762281388420,"stop":1762281392243,"duration":3823},"status":"failed","statusMessage":"AssertionError: assert 0 == 1\n +  where 0 = len([])","statusTrace":"self = <test_system.test_systemSettings.TestSystemSettingsPage object at 0x0000016856BD33D0>, login_to_systemSettings = <selenium.webdriver.chrome.webdriver.WebDriver (session=\"12a27d817ecb1291bd16ec69ddade67b\")>\n\n    @allure.story(\"LOGO显示方式为仅显示图标\")\n    # @pytest.mark.run(order=1)\n    def test_systemSettings_logo2(self, login_to_systemSettings):\n        driver = login_to_systemSettings  # WebDriver 实例\n        settings = SystemSettingsPage(driver)  # 用 driver 初始化 SystemSettingsPage\n        settings.click_button('//div[p[text()=\" LOGO显示方式: \"]]//span')\n        settings.click_button('//ul/li[text()=\"仅显示图标\"]')\n        settings.click_save_button()\n        maeessage = settings.finds_elements(By.XPATH, '//div[@class=\"el-message el-message--success\"]/p[text()=\"保存成功\"]')\n        eles = settings.finds_elements(By.XPATH, '//div[@class=\"navTop\"]/div[1]/span')\n>       assert len(maeessage) == 1\nE       assert 0 == 1\nE        +  where 0 = len([])\n\nTests\\test_system\\test_systemSettings.py:146: AssertionError","flaky":false,"newFailed":false,"newBroken":false,"newPassed":false,"retriesCount":0,"retriesStatusChange":false,"beforeStages":[{"name":"login_to_systemSettings","time":{"start":1762281378349,"stop":1762281388420,"duration":10071},"status":"passed","steps":[],"attachments":[],"parameters":[],"hasContent":false,"attachmentStep":false,"stepsCount":0,"attachmentsCount":0,"shouldDisplayMessage":false}],"testStage":{"status":"failed","statusMessage":"AssertionError: assert 0 == 1\n +  where 0 = len([])","statusTrace":"self = <test_system.test_systemSettings.TestSystemSettingsPage object at 0x0000016856BD33D0>, login_to_systemSettings = <selenium.webdriver.chrome.webdriver.WebDriver (session=\"12a27d817ecb1291bd16ec69ddade67b\")>\n\n    @allure.story(\"LOGO显示方式为仅显示图标\")\n    # @pytest.mark.run(order=1)\n    def test_systemSettings_logo2(self, login_to_systemSettings):\n        driver = login_to_systemSettings  # WebDriver 实例\n        settings = SystemSettingsPage(driver)  # 用 driver 初始化 SystemSettingsPage\n        settings.click_button('//div[p[text()=\" LOGO显示方式: \"]]//span')\n        settings.click_button('//ul/li[text()=\"仅显示图标\"]')\n        settings.click_save_button()\n        maeessage = settings.finds_elements(By.XPATH, '//div[@class=\"el-message el-message--success\"]/p[text()=\"保存成功\"]')\n        eles = settings.finds_elements(By.XPATH, '//div[@class=\"navTop\"]/div[1]/span')\n>       assert len(maeessage) == 1\nE       assert 0 == 1\nE        +  where 0 = len([])\n\nTests\\test_system\\test_systemSettings.py:146: AssertionError","steps":[],"attachments":[{"uid":"50aa351e295b6163","name":"test_systemSettings_logo2_failure","source":"50aa351e295b6163.png","type":"image/png","size":88152},{"uid":"2a5288e8581e1810","name":"test_systemSettings_logo2_source","source":"2a5288e8581e1810.html","type":"text/html","size":1105577},{"uid":"82593c3cae336787","name":"log","source":"82593c3cae336787.txt","type":"text/plain","size":1849}],"parameters":[],"hasContent":true,"attachmentStep":false,"stepsCount":0,"attachmentsCount":3,"shouldDisplayMessage":true},"afterStages":[{"name":"login_to_systemSettings::0","time":{"start":1762281392406,"stop":1762281394565,"duration":2159},"status":"passed","steps":[],"attachments":[],"parameters":[],"hasContent":false,"attachmentStep":false,"stepsCount":0,"attachmentsCount":0,"shouldDisplayMessage":false}],"labels":[{"name":"feature","value":"系统标识设置页用例"},{"name":"story","value":"LOGO显示方式为仅显示图标"},{"name":"parentSuite","value":"Tests.test_system"},{"name":"suite","value":"test_systemSettings"},{"name":"subSuite","value":"TestSystemSettingsPage"},{"name":"host","value":"WIN-20240820MJV"},{"name":"thread","value":"33540-MainThread"},{"name":"framework","value":"pytest"},{"name":"language","value":"cpython3"},{"name":"package","value":"Tests.test_system.test_systemSettings"},{"name":"resultFormat","value":"allure2"}],"parameters":[],"links":[],"hidden":true,"retry":true,"extra":{"categories":[],"tags":[]},"source":"8c76a060b41f1b0.json","parameterValues":[]}