{"uid":"8d07a65224b22399","name":"test_home_add_all_success","fullName":"Tests.test_system.test_home.TestHomePage#test_home_add_all_success","historyId":"5a3ddff612cf4b621d9f27b692e7b80b","time":{"start":1761589916410,"stop":1761589947865,"duration":31455},"status":"broken","statusMessage":"selenium.common.exceptions.TimeoutException: Message: \nStacktrace:\n\tGetHandleVerifier [0x0x7ff7d4096f65+78965]\n\tGetHandleVerifier [0x0x7ff7d4096fc0+79056]\n\t(No symbol) [0x0x7ff7d3e29dda]\n\t(No symbol) [0x0x7ff7d3e802ea]\n\t(No symbol) [0x0x7ff7d3e8059c]\n\t(No symbol) [0x0x7ff7d3ed3f37]\n\t(No symbol) [0x0x7ff7d3ea86af]\n\t(No symbol) [0x0x7ff7d3ed0dbe]\n\t(No symbol) [0x0x7ff7d3ea8443]\n\t(No symbol) [0x0x7ff7d3e71311]\n\t(No symbol) [0x0x7ff7d3e720a3]\n\tGetHandleVerifier [0x0x7ff7d434e26d+2926461]\n\tGetHandleVerifier [0x0x7ff7d4348993+2903715]\n\tGetHandleVerifier [0x0x7ff7d4366aed+3026941]\n\tGetHandleVerifier [0x0x7ff7d40b16fe+187406]\n\tGetHandleVerifier [0x0x7ff7d40b96ef+220159]\n\tGetHandleVerifier [0x0x7ff7d409faf4+114692]\n\tGetHandleVerifier [0x0x7ff7d409fca9+115129]\n\tGetHandleVerifier [0x0x7ff7d40864d8+10728]\n\tBaseThreadInitThunk [0x0x7ffee7407374+20]\n\tRtlUserThreadStart [0x0x7ffee89bcc91+33]","statusTrace":"self = <test_system.test_home.TestHomePage object at 0x000001F0004C13F0>, login_to_home = <selenium.webdriver.chrome.webdriver.WebDriver (session=\"f2a1297723a6edc3b784c61e0dba1ce6\")>\n\n    @allure.story(\"新增全部组件成功\")\n    # @pytest.mark.run(order=1)\n    def test_home_add_all_success(self, login_to_home):\n        driver = login_to_home  # WebDriver 实例\n        home = HomePage(driver)  # 用 driver 初始化 HomePage\n        home.clear_all_button(\"确定\")\n        driver.execute_script(\"document.body.style.zoom='0.25'\")\n        sleep(1)\n        num = home.drag_component()\n        home.click_save_button()\n>       message = home.get_find_message()\n\nTests\\test_system\\test_home.py:100: \n_ _ _ _ _ _ _ _ _ _ _ _ _ _ _ _ _ _ _ _ _ _ _ _ _ _ _ _ _ _ _ _ _ _ _ _ _ _ _ _ _ _ _ _ _ _ _ _ _ _ _ _ _ _ _ _ _ _ _ _ _ _ _ _ _ _ _ _ _ _ _ _ _ _ _ _ _ _ _ _ _ _ _ _ _ _ _ _ _ _ _ _ _ _ _ _ _ _ _ _ _ _ _ _ _ _ _ _ _ _ _ _ _ _ _ _\nPages\\systemPage\\homepage_page.py:33: in get_find_message\n    message = WebDriverWait(self.driver, 10).until(\n_ _ _ _ _ _ _ _ _ _ _ _ _ _ _ _ _ _ _ _ _ _ _ _ _ _ _ _ _ _ _ _ _ _ _ _ _ _ _ _ _ _ _ _ _ _ _ _ _ _ _ _ _ _ _ _ _ _ _ _ _ _ _ _ _ _ _ _ _ _ _ _ _ _ _ _ _ _ _ _ _ _ _ _ _ _ _ _ _ _ _ _ _ _ _ _ _ _ _ _ _ _ _ _ _ _ _ _ _ _ _ _ _ _ _ _\n\nself = <selenium.webdriver.support.wait.WebDriverWait (session=\"f2a1297723a6edc3b784c61e0dba1ce6\")>, method = <function visibility_of_element_located.<locals>._predicate at 0x000001F001383130>, message = ''\n\n    def until(self, method: Callable[[D], Union[Literal[False], T]], message: str = \"\") -> T:\n        \"\"\"Wait until the method returns a value that is not False.\n    \n        Calls the method provided with the driver as an argument until the\n        return value does not evaluate to ``False``.\n    \n        Parameters:\n        -----------\n        method: callable(WebDriver)\n            - A callable object that takes a WebDriver instance as an argument.\n    \n        message: str\n            - Optional message for :exc:`TimeoutException`\n    \n        Return:\n        -------\n        object: T\n            - The result of the last call to `method`\n    \n        Raises:\n        -------\n        TimeoutException\n            - If 'method' does not return a truthy value within the WebDriverWait\n            object's timeout\n    \n        Example:\n        --------\n        >>> from selenium.webdriver.common.by import By\n        >>> from selenium.webdriver.support.ui import WebDriverWait\n        >>> from selenium.webdriver.support import expected_conditions as EC\n    \n        # Wait until an element is visible on the page\n        >>> wait = WebDriverWait(driver, 10)\n        >>> element = wait.until(EC.visibility_of_element_located((By.ID, \"exampleId\")))\n        >>> print(element.text)\n        \"\"\"\n        screen = None\n        stacktrace = None\n    \n        end_time = time.monotonic() + self._timeout\n        while True:\n            try:\n                value = method(self._driver)\n                if value:\n                    return value\n            except self._ignored_exceptions as exc:\n                screen = getattr(exc, \"screen\", None)\n                stacktrace = getattr(exc, \"stacktrace\", None)\n            if time.monotonic() > end_time:\n                break\n            time.sleep(self._poll)\n>       raise TimeoutException(message, screen, stacktrace)\nE       selenium.common.exceptions.TimeoutException: Message: \nE       Stacktrace:\nE       \tGetHandleVerifier [0x0x7ff7d4096f65+78965]\nE       \tGetHandleVerifier [0x0x7ff7d4096fc0+79056]\nE       \t(No symbol) [0x0x7ff7d3e29dda]\nE       \t(No symbol) [0x0x7ff7d3e802ea]\nE       \t(No symbol) [0x0x7ff7d3e8059c]\nE       \t(No symbol) [0x0x7ff7d3ed3f37]\nE       \t(No symbol) [0x0x7ff7d3ea86af]\nE       \t(No symbol) [0x0x7ff7d3ed0dbe]\nE       \t(No symbol) [0x0x7ff7d3ea8443]\nE       \t(No symbol) [0x0x7ff7d3e71311]\nE       \t(No symbol) [0x0x7ff7d3e720a3]\nE       \tGetHandleVerifier [0x0x7ff7d434e26d+2926461]\nE       \tGetHandleVerifier [0x0x7ff7d4348993+2903715]\nE       \tGetHandleVerifier [0x0x7ff7d4366aed+3026941]\nE       \tGetHandleVerifier [0x0x7ff7d40b16fe+187406]\nE       \tGetHandleVerifier [0x0x7ff7d40b96ef+220159]\nE       \tGetHandleVerifier [0x0x7ff7d409faf4+114692]\nE       \tGetHandleVerifier [0x0x7ff7d409fca9+115129]\nE       \tGetHandleVerifier [0x0x7ff7d40864d8+10728]\nE       \tBaseThreadInitThunk [0x0x7ffee7407374+20]\nE       \tRtlUserThreadStart [0x0x7ffee89bcc91+33]\n\nmyenv\\lib\\site-packages\\selenium\\webdriver\\support\\wait.py:138: TimeoutException","flaky":false,"newFailed":false,"newBroken":false,"newPassed":false,"retriesCount":1,"retriesStatusChange":false,"beforeStages":[{"name":"login_to_home","time":{"start":1761589899360,"stop":1761589916409,"duration":17049},"status":"passed","steps":[],"attachments":[],"parameters":[],"attachmentsCount":0,"shouldDisplayMessage":false,"stepsCount":0,"hasContent":false,"attachmentStep":false}],"testStage":{"status":"broken","statusMessage":"selenium.common.exceptions.TimeoutException: Message: \nStacktrace:\n\tGetHandleVerifier [0x0x7ff7d4096f65+78965]\n\tGetHandleVerifier [0x0x7ff7d4096fc0+79056]\n\t(No symbol) [0x0x7ff7d3e29dda]\n\t(No symbol) [0x0x7ff7d3e802ea]\n\t(No symbol) [0x0x7ff7d3e8059c]\n\t(No symbol) [0x0x7ff7d3ed3f37]\n\t(No symbol) [0x0x7ff7d3ea86af]\n\t(No symbol) [0x0x7ff7d3ed0dbe]\n\t(No symbol) [0x0x7ff7d3ea8443]\n\t(No symbol) [0x0x7ff7d3e71311]\n\t(No symbol) [0x0x7ff7d3e720a3]\n\tGetHandleVerifier [0x0x7ff7d434e26d+2926461]\n\tGetHandleVerifier [0x0x7ff7d4348993+2903715]\n\tGetHandleVerifier [0x0x7ff7d4366aed+3026941]\n\tGetHandleVerifier [0x0x7ff7d40b16fe+187406]\n\tGetHandleVerifier [0x0x7ff7d40b96ef+220159]\n\tGetHandleVerifier [0x0x7ff7d409faf4+114692]\n\tGetHandleVerifier [0x0x7ff7d409fca9+115129]\n\tGetHandleVerifier [0x0x7ff7d40864d8+10728]\n\tBaseThreadInitThunk [0x0x7ffee7407374+20]\n\tRtlUserThreadStart [0x0x7ffee89bcc91+33]","statusTrace":"self = <test_system.test_home.TestHomePage object at 0x000001F0004C13F0>, login_to_home = <selenium.webdriver.chrome.webdriver.WebDriver (session=\"f2a1297723a6edc3b784c61e0dba1ce6\")>\n\n    @allure.story(\"新增全部组件成功\")\n    # @pytest.mark.run(order=1)\n    def test_home_add_all_success(self, login_to_home):\n        driver = login_to_home  # WebDriver 实例\n        home = HomePage(driver)  # 用 driver 初始化 HomePage\n        home.clear_all_button(\"确定\")\n        driver.execute_script(\"document.body.style.zoom='0.25'\")\n        sleep(1)\n        num = home.drag_component()\n        home.click_save_button()\n>       message = home.get_find_message()\n\nTests\\test_system\\test_home.py:100: \n_ _ _ _ _ _ _ _ _ _ _ _ _ _ _ _ _ _ _ _ _ _ _ _ _ _ _ _ _ _ _ _ _ _ _ _ _ _ _ _ _ _ _ _ _ _ _ _ _ _ _ _ _ _ _ _ _ _ _ _ _ _ _ _ _ _ _ _ _ _ _ _ _ _ _ _ _ _ _ _ _ _ _ _ _ _ _ _ _ _ _ _ _ _ _ _ _ _ _ _ _ _ _ _ _ _ _ _ _ _ _ _ _ _ _ _\nPages\\systemPage\\homepage_page.py:33: in get_find_message\n    message = WebDriverWait(self.driver, 10).until(\n_ _ _ _ _ _ _ _ _ _ _ _ _ _ _ _ _ _ _ _ _ _ _ _ _ _ _ _ _ _ _ _ _ _ _ _ _ _ _ _ _ _ _ _ _ _ _ _ _ _ _ _ _ _ _ _ _ _ _ _ _ _ _ _ _ _ _ _ _ _ _ _ _ _ _ _ _ _ _ _ _ _ _ _ _ _ _ _ _ _ _ _ _ _ _ _ _ _ _ _ _ _ _ _ _ _ _ _ _ _ _ _ _ _ _ _\n\nself = <selenium.webdriver.support.wait.WebDriverWait (session=\"f2a1297723a6edc3b784c61e0dba1ce6\")>, method = <function visibility_of_element_located.<locals>._predicate at 0x000001F001383130>, message = ''\n\n    def until(self, method: Callable[[D], Union[Literal[False], T]], message: str = \"\") -> T:\n        \"\"\"Wait until the method returns a value that is not False.\n    \n        Calls the method provided with the driver as an argument until the\n        return value does not evaluate to ``False``.\n    \n        Parameters:\n        -----------\n        method: callable(WebDriver)\n            - A callable object that takes a WebDriver instance as an argument.\n    \n        message: str\n            - Optional message for :exc:`TimeoutException`\n    \n        Return:\n        -------\n        object: T\n            - The result of the last call to `method`\n    \n        Raises:\n        -------\n        TimeoutException\n            - If 'method' does not return a truthy value within the WebDriverWait\n            object's timeout\n    \n        Example:\n        --------\n        >>> from selenium.webdriver.common.by import By\n        >>> from selenium.webdriver.support.ui import WebDriverWait\n        >>> from selenium.webdriver.support import expected_conditions as EC\n    \n        # Wait until an element is visible on the page\n        >>> wait = WebDriverWait(driver, 10)\n        >>> element = wait.until(EC.visibility_of_element_located((By.ID, \"exampleId\")))\n        >>> print(element.text)\n        \"\"\"\n        screen = None\n        stacktrace = None\n    \n        end_time = time.monotonic() + self._timeout\n        while True:\n            try:\n                value = method(self._driver)\n                if value:\n                    return value\n            except self._ignored_exceptions as exc:\n                screen = getattr(exc, \"screen\", None)\n                stacktrace = getattr(exc, \"stacktrace\", None)\n            if time.monotonic() > end_time:\n                break\n            time.sleep(self._poll)\n>       raise TimeoutException(message, screen, stacktrace)\nE       selenium.common.exceptions.TimeoutException: Message: \nE       Stacktrace:\nE       \tGetHandleVerifier [0x0x7ff7d4096f65+78965]\nE       \tGetHandleVerifier [0x0x7ff7d4096fc0+79056]\nE       \t(No symbol) [0x0x7ff7d3e29dda]\nE       \t(No symbol) [0x0x7ff7d3e802ea]\nE       \t(No symbol) [0x0x7ff7d3e8059c]\nE       \t(No symbol) [0x0x7ff7d3ed3f37]\nE       \t(No symbol) [0x0x7ff7d3ea86af]\nE       \t(No symbol) [0x0x7ff7d3ed0dbe]\nE       \t(No symbol) [0x0x7ff7d3ea8443]\nE       \t(No symbol) [0x0x7ff7d3e71311]\nE       \t(No symbol) [0x0x7ff7d3e720a3]\nE       \tGetHandleVerifier [0x0x7ff7d434e26d+2926461]\nE       \tGetHandleVerifier [0x0x7ff7d4348993+2903715]\nE       \tGetHandleVerifier [0x0x7ff7d4366aed+3026941]\nE       \tGetHandleVerifier [0x0x7ff7d40b16fe+187406]\nE       \tGetHandleVerifier [0x0x7ff7d40b96ef+220159]\nE       \tGetHandleVerifier [0x0x7ff7d409faf4+114692]\nE       \tGetHandleVerifier [0x0x7ff7d409fca9+115129]\nE       \tGetHandleVerifier [0x0x7ff7d40864d8+10728]\nE       \tBaseThreadInitThunk [0x0x7ffee7407374+20]\nE       \tRtlUserThreadStart [0x0x7ffee89bcc91+33]\n\nmyenv\\lib\\site-packages\\selenium\\webdriver\\support\\wait.py:138: TimeoutException","steps":[],"attachments":[{"uid":"e906c76f1e3391ac","name":"test_home_add_all_success_failure","source":"e906c76f1e3391ac.png","type":"image/png","size":22551},{"uid":"3dc67c65ac3e26de","name":"test_home_add_all_success_source","source":"3dc67c65ac3e26de.html","type":"text/html","size":5585115},{"uid":"c8eaf153779217b6","name":"log","source":"c8eaf153779217b6.txt","type":"text/plain","size":6145}],"parameters":[],"attachmentsCount":3,"shouldDisplayMessage":true,"stepsCount":0,"hasContent":true,"attachmentStep":false},"afterStages":[{"name":"login_to_home::0","time":{"start":1761589950092,"stop":1761589952632,"duration":2540},"status":"passed","steps":[],"attachments":[],"parameters":[],"attachmentsCount":0,"shouldDisplayMessage":false,"stepsCount":0,"hasContent":false,"attachmentStep":false}],"labels":[{"name":"story","value":"新增全部组件成功"},{"name":"feature","value":"主页设置页用例"},{"name":"parentSuite","value":"Tests.test_system"},{"name":"suite","value":"test_home"},{"name":"subSuite","value":"TestHomePage"},{"name":"host","value":"WIN-20240820MJV"},{"name":"thread","value":"31840-MainThread"},{"name":"framework","value":"pytest"},{"name":"language","value":"cpython3"},{"name":"package","value":"Tests.test_system.test_home"},{"name":"resultFormat","value":"allure2"}],"parameters":[],"links":[],"hidden":false,"retry":false,"extra":{"severity":"normal","retries":[{"uid":"af57e87cc7d55d4e","status":"broken","statusDetails":"selenium.common.exceptions.TimeoutException: Message: \nStacktrace:\n\tGetHandleVerifier [0x0x7ff7d4096f65+78965]\n\tGetHandleVerifier [0x0x7ff7d4096fc0+79056]\n\t(No symbol) [0x0x7ff7d3e29dda]\n\t(No symbol) [0x0x7ff7d3e802ea]\n\t(No symbol) [0x0x7ff7d3e8059c]\n\t(No symbol) [0x0x7ff7d3ed3f37]\n\t(No symbol) [0x0x7ff7d3ea86af]\n\t(No symbol) [0x0x7ff7d3ed0dbe]\n\t(No symbol) [0x0x7ff7d3ea8443]\n\t(No symbol) [0x0x7ff7d3e71311]\n\t(No symbol) [0x0x7ff7d3e720a3]\n\tGetHandleVerifier [0x0x7ff7d434e26d+2926461]\n\tGetHandleVerifier [0x0x7ff7d4348993+2903715]\n\tGetHandleVerifier [0x0x7ff7d4366aed+3026941]\n\tGetHandleVerifier [0x0x7ff7d40b16fe+187406]\n\tGetHandleVerifier [0x0x7ff7d40b96ef+220159]\n\tGetHandleVerifier [0x0x7ff7d409faf4+114692]\n\tGetHandleVerifier [0x0x7ff7d409fca9+115129]\n\tGetHandleVerifier [0x0x7ff7d40864d8+10728]\n\tBaseThreadInitThunk [0x0x7ffee7407374+20]\n\tRtlUserThreadStart [0x0x7ffee89bcc91+33]","time":{"start":1761589862889,"stop":1761589894948,"duration":32059}}],"categories":[{"name":"Test defects","matchedStatuses":[]}],"tags":[]},"source":"8d07a65224b22399.json","parameterValues":[]}