{"uid":"8d0b7ecece4579b","name":"test_item_editrepeat","fullName":"Tests.test_material.test_materialInventory.TestItemPage#test_item_editrepeat","historyId":"7b1fd76365eeca1a4c28a45efbf64886","time":{"start":1762186714410,"stop":1762186730672,"duration":16262},"status":"broken","statusMessage":"selenium.common.exceptions.TimeoutException: Message: \nStacktrace:\n\tGetHandleVerifier [0x0x7ff65ba86f65+78965]\n\tGetHandleVerifier [0x0x7ff65ba86fc0+79056]\n\t(No symbol) [0x0x7ff65b819dda]\n\t(No symbol) [0x0x7ff65b8702ea]\n\t(No symbol) [0x0x7ff65b87059c]\n\t(No symbol) [0x0x7ff65b8c3f37]\n\t(No symbol) [0x0x7ff65b8986af]\n\t(No symbol) [0x0x7ff65b8c0dbe]\n\t(No symbol) [0x0x7ff65b898443]\n\t(No symbol) [0x0x7ff65b861311]\n\t(No symbol) [0x0x7ff65b8620a3]\n\tGetHandleVerifier [0x0x7ff65bd3e26d+2926461]\n\tGetHandleVerifier [0x0x7ff65bd38993+2903715]\n\tGetHandleVerifier [0x0x7ff65bd56aed+3026941]\n\tGetHandleVerifier [0x0x7ff65baa16fe+187406]\n\tGetHandleVerifier [0x0x7ff65baa96ef+220159]\n\tGetHandleVerifier [0x0x7ff65ba8faf4+114692]\n\tGetHandleVerifier [0x0x7ff65ba8fca9+115129]\n\tGetHandleVerifier [0x0x7ff65ba764d8+10728]\n\tBaseThreadInitThunk [0x0x7ff956997374+20]\n\tRtlUserThreadStart [0x0x7ff956c3cc91+33]","statusTrace":"self = <test_material.test_materialInventory.TestItemPage object at 0x0000024A9DEC35B0>, login_to_item = <selenium.webdriver.chrome.webdriver.WebDriver (session=\"d4d5ec6b44be8045c4fd2129ea6994f1\")>\n\n    @allure.story(\"修改物料员代码重复\")\n    # @pytest.mark.run(order=1)\n    def test_item_editrepeat(self, login_to_item):\n    \n        # 选中1测试A工厂代码\n        self.item.click_button('//tr[./td[2][.//span[text()=\"1测试A\"]]]/td[2]')\n        # 点击修改按钮\n        self.item.click_edi_button()\n        # 物料代码等输入111\n        input_xpath_list = [\n            \"//div[@id='p1wga124-jvvf']//input\",\n            \"//div[@id='ok1vodsa-fqqw']//input\",\n            \"//div[@id='on74wn62-nh6q']//input\",\n            \"//div[@id='9htv60fa-r898']//input\",\n        ]\n        text_str = \"111\"\n        self.item.batch_modify_input(input_xpath_list, text_str)\n        # 点击确定\n        self.item.click_button('(//button[@type=\"button\"]/span[text()=\"确定\"])[5]')\n        sleep(1)\n        # 获取重复弹窗文字\n>       error_popup = self.item.get_find_element_xpath(\n            '//div[text()=\" 记录已存在,请检查！ \"]'\n        ).text\n\nTests\\test_material\\test_materialInventory.py:261: \n_ _ _ _ _ _ _ _ _ _ _ _ _ _ _ _ _ _ _ _ _ _ _ _ _ _ _ _ _ _ _ _ _ _ _ _ _ _ _ _ _ _ _ _ _ _ _ _ _ _ _ _ _ _ _ _ _ _ _ _ _ _ _ _ _ _ _ _ _ _ _ _ _ _ _ _ _ _ _ _ _ _ _ _ _ _ _ _ _ _ _ _ _ _ _ _ _ _ _ _ _ _ _ _ _ _ _ _ _ _ _ _ _ _ _ _\nPages\\materialPage\\warehouseLocation_page.py:286: in get_find_element_xpath\n    return self.find_element(By.XPATH, xpath)\nPages\\base_page.py:28: in find_element\n    return WebDriverWait(self.driver, wait_time).until(\n_ _ _ _ _ _ _ _ _ _ _ _ _ _ _ _ _ _ _ _ _ _ _ _ _ _ _ _ _ _ _ _ _ _ _ _ _ _ _ _ _ _ _ _ _ _ _ _ _ _ _ _ _ _ _ _ _ _ _ _ _ _ _ _ _ _ _ _ _ _ _ _ _ _ _ _ _ _ _ _ _ _ _ _ _ _ _ _ _ _ _ _ _ _ _ _ _ _ _ _ _ _ _ _ _ _ _ _ _ _ _ _ _ _ _ _\n\nself = <selenium.webdriver.support.wait.WebDriverWait (session=\"d4d5ec6b44be8045c4fd2129ea6994f1\")>, method = <function presence_of_element_located.<locals>._predicate at 0x0000024A9EA87250>, message = ''\n\n    def until(self, method: Callable[[D], Union[Literal[False], T]], message: str = \"\") -> T:\n        \"\"\"Wait until the method returns a value that is not False.\n    \n        Calls the method provided with the driver as an argument until the\n        return value does not evaluate to ``False``.\n    \n        Parameters:\n        -----------\n        method: callable(WebDriver)\n            - A callable object that takes a WebDriver instance as an argument.\n    \n        message: str\n            - Optional message for :exc:`TimeoutException`\n    \n        Return:\n        -------\n        object: T\n            - The result of the last call to `method`\n    \n        Raises:\n        -------\n        TimeoutException\n            - If 'method' does not return a truthy value within the WebDriverWait\n            object's timeout\n    \n        Example:\n        --------\n        >>> from selenium.webdriver.common.by import By\n        >>> from selenium.webdriver.support.ui import WebDriverWait\n        >>> from selenium.webdriver.support import expected_conditions as EC\n    \n        # Wait until an element is visible on the page\n        >>> wait = WebDriverWait(driver, 10)\n        >>> element = wait.until(EC.visibility_of_element_located((By.ID, \"exampleId\")))\n        >>> print(element.text)\n        \"\"\"\n        screen = None\n        stacktrace = None\n    \n        end_time = time.monotonic() + self._timeout\n        while True:\n            try:\n                value = method(self._driver)\n                if value:\n                    return value\n            except self._ignored_exceptions as exc:\n                screen = getattr(exc, \"screen\", None)\n                stacktrace = getattr(exc, \"stacktrace\", None)\n            if time.monotonic() > end_time:\n                break\n            time.sleep(self._poll)\n>       raise TimeoutException(message, screen, stacktrace)\nE       selenium.common.exceptions.TimeoutException: Message: \nE       Stacktrace:\nE       \tGetHandleVerifier [0x0x7ff65ba86f65+78965]\nE       \tGetHandleVerifier [0x0x7ff65ba86fc0+79056]\nE       \t(No symbol) [0x0x7ff65b819dda]\nE       \t(No symbol) [0x0x7ff65b8702ea]\nE       \t(No symbol) [0x0x7ff65b87059c]\nE       \t(No symbol) [0x0x7ff65b8c3f37]\nE       \t(No symbol) [0x0x7ff65b8986af]\nE       \t(No symbol) [0x0x7ff65b8c0dbe]\nE       \t(No symbol) [0x0x7ff65b898443]\nE       \t(No symbol) [0x0x7ff65b861311]\nE       \t(No symbol) [0x0x7ff65b8620a3]\nE       \tGetHandleVerifier [0x0x7ff65bd3e26d+2926461]\nE       \tGetHandleVerifier [0x0x7ff65bd38993+2903715]\nE       \tGetHandleVerifier [0x0x7ff65bd56aed+3026941]\nE       \tGetHandleVerifier [0x0x7ff65baa16fe+187406]\nE       \tGetHandleVerifier [0x0x7ff65baa96ef+220159]\nE       \tGetHandleVerifier [0x0x7ff65ba8faf4+114692]\nE       \tGetHandleVerifier [0x0x7ff65ba8fca9+115129]\nE       \tGetHandleVerifier [0x0x7ff65ba764d8+10728]\nE       \tBaseThreadInitThunk [0x0x7ff956997374+20]\nE       \tRtlUserThreadStart [0x0x7ff956c3cc91+33]\n\nmyenv\\lib\\site-packages\\selenium\\webdriver\\support\\wait.py:138: TimeoutException","flaky":false,"newFailed":false,"newBroken":false,"newPassed":false,"retriesCount":1,"retriesStatusChange":false,"beforeStages":[{"name":"login_to_item","time":{"start":1762186615497,"stop":1762186628508,"duration":13011},"status":"passed","steps":[],"attachments":[],"parameters":[],"shouldDisplayMessage":false,"attachmentsCount":0,"hasContent":false,"stepsCount":0,"attachmentStep":false},{"name":"setup","time":{"start":1762186714408,"stop":1762186714410,"duration":2},"status":"passed","steps":[],"attachments":[],"parameters":[],"shouldDisplayMessage":false,"attachmentsCount":0,"hasContent":false,"stepsCount":0,"attachmentStep":false}],"testStage":{"status":"broken","statusMessage":"selenium.common.exceptions.TimeoutException: Message: \nStacktrace:\n\tGetHandleVerifier [0x0x7ff65ba86f65+78965]\n\tGetHandleVerifier [0x0x7ff65ba86fc0+79056]\n\t(No symbol) [0x0x7ff65b819dda]\n\t(No symbol) [0x0x7ff65b8702ea]\n\t(No symbol) [0x0x7ff65b87059c]\n\t(No symbol) [0x0x7ff65b8c3f37]\n\t(No symbol) [0x0x7ff65b8986af]\n\t(No symbol) [0x0x7ff65b8c0dbe]\n\t(No symbol) [0x0x7ff65b898443]\n\t(No symbol) [0x0x7ff65b861311]\n\t(No symbol) [0x0x7ff65b8620a3]\n\tGetHandleVerifier [0x0x7ff65bd3e26d+2926461]\n\tGetHandleVerifier [0x0x7ff65bd38993+2903715]\n\tGetHandleVerifier [0x0x7ff65bd56aed+3026941]\n\tGetHandleVerifier [0x0x7ff65baa16fe+187406]\n\tGetHandleVerifier [0x0x7ff65baa96ef+220159]\n\tGetHandleVerifier [0x0x7ff65ba8faf4+114692]\n\tGetHandleVerifier [0x0x7ff65ba8fca9+115129]\n\tGetHandleVerifier [0x0x7ff65ba764d8+10728]\n\tBaseThreadInitThunk [0x0x7ff956997374+20]\n\tRtlUserThreadStart [0x0x7ff956c3cc91+33]","statusTrace":"self = <test_material.test_materialInventory.TestItemPage object at 0x0000024A9DEC35B0>, login_to_item = <selenium.webdriver.chrome.webdriver.WebDriver (session=\"d4d5ec6b44be8045c4fd2129ea6994f1\")>\n\n    @allure.story(\"修改物料员代码重复\")\n    # @pytest.mark.run(order=1)\n    def test_item_editrepeat(self, login_to_item):\n    \n        # 选中1测试A工厂代码\n        self.item.click_button('//tr[./td[2][.//span[text()=\"1测试A\"]]]/td[2]')\n        # 点击修改按钮\n        self.item.click_edi_button()\n        # 物料代码等输入111\n        input_xpath_list = [\n            \"//div[@id='p1wga124-jvvf']//input\",\n            \"//div[@id='ok1vodsa-fqqw']//input\",\n            \"//div[@id='on74wn62-nh6q']//input\",\n            \"//div[@id='9htv60fa-r898']//input\",\n        ]\n        text_str = \"111\"\n        self.item.batch_modify_input(input_xpath_list, text_str)\n        # 点击确定\n        self.item.click_button('(//button[@type=\"button\"]/span[text()=\"确定\"])[5]')\n        sleep(1)\n        # 获取重复弹窗文字\n>       error_popup = self.item.get_find_element_xpath(\n            '//div[text()=\" 记录已存在,请检查！ \"]'\n        ).text\n\nTests\\test_material\\test_materialInventory.py:261: \n_ _ _ _ _ _ _ _ _ _ _ _ _ _ _ _ _ _ _ _ _ _ _ _ _ _ _ _ _ _ _ _ _ _ _ _ _ _ _ _ _ _ _ _ _ _ _ _ _ _ _ _ _ _ _ _ _ _ _ _ _ _ _ _ _ _ _ _ _ _ _ _ _ _ _ _ _ _ _ _ _ _ _ _ _ _ _ _ _ _ _ _ _ _ _ _ _ _ _ _ _ _ _ _ _ _ _ _ _ _ _ _ _ _ _ _\nPages\\materialPage\\warehouseLocation_page.py:286: in get_find_element_xpath\n    return self.find_element(By.XPATH, xpath)\nPages\\base_page.py:28: in find_element\n    return WebDriverWait(self.driver, wait_time).until(\n_ _ _ _ _ _ _ _ _ _ _ _ _ _ _ _ _ _ _ _ _ _ _ _ _ _ _ _ _ _ _ _ _ _ _ _ _ _ _ _ _ _ _ _ _ _ _ _ _ _ _ _ _ _ _ _ _ _ _ _ _ _ _ _ _ _ _ _ _ _ _ _ _ _ _ _ _ _ _ _ _ _ _ _ _ _ _ _ _ _ _ _ _ _ _ _ _ _ _ _ _ _ _ _ _ _ _ _ _ _ _ _ _ _ _ _\n\nself = <selenium.webdriver.support.wait.WebDriverWait (session=\"d4d5ec6b44be8045c4fd2129ea6994f1\")>, method = <function presence_of_element_located.<locals>._predicate at 0x0000024A9EA87250>, message = ''\n\n    def until(self, method: Callable[[D], Union[Literal[False], T]], message: str = \"\") -> T:\n        \"\"\"Wait until the method returns a value that is not False.\n    \n        Calls the method provided with the driver as an argument until the\n        return value does not evaluate to ``False``.\n    \n        Parameters:\n        -----------\n        method: callable(WebDriver)\n            - A callable object that takes a WebDriver instance as an argument.\n    \n        message: str\n            - Optional message for :exc:`TimeoutException`\n    \n        Return:\n        -------\n        object: T\n            - The result of the last call to `method`\n    \n        Raises:\n        -------\n        TimeoutException\n            - If 'method' does not return a truthy value within the WebDriverWait\n            object's timeout\n    \n        Example:\n        --------\n        >>> from selenium.webdriver.common.by import By\n        >>> from selenium.webdriver.support.ui import WebDriverWait\n        >>> from selenium.webdriver.support import expected_conditions as EC\n    \n        # Wait until an element is visible on the page\n        >>> wait = WebDriverWait(driver, 10)\n        >>> element = wait.until(EC.visibility_of_element_located((By.ID, \"exampleId\")))\n        >>> print(element.text)\n        \"\"\"\n        screen = None\n        stacktrace = None\n    \n        end_time = time.monotonic() + self._timeout\n        while True:\n            try:\n                value = method(self._driver)\n                if value:\n                    return value\n            except self._ignored_exceptions as exc:\n                screen = getattr(exc, \"screen\", None)\n                stacktrace = getattr(exc, \"stacktrace\", None)\n            if time.monotonic() > end_time:\n                break\n            time.sleep(self._poll)\n>       raise TimeoutException(message, screen, stacktrace)\nE       selenium.common.exceptions.TimeoutException: Message: \nE       Stacktrace:\nE       \tGetHandleVerifier [0x0x7ff65ba86f65+78965]\nE       \tGetHandleVerifier [0x0x7ff65ba86fc0+79056]\nE       \t(No symbol) [0x0x7ff65b819dda]\nE       \t(No symbol) [0x0x7ff65b8702ea]\nE       \t(No symbol) [0x0x7ff65b87059c]\nE       \t(No symbol) [0x0x7ff65b8c3f37]\nE       \t(No symbol) [0x0x7ff65b8986af]\nE       \t(No symbol) [0x0x7ff65b8c0dbe]\nE       \t(No symbol) [0x0x7ff65b898443]\nE       \t(No symbol) [0x0x7ff65b861311]\nE       \t(No symbol) [0x0x7ff65b8620a3]\nE       \tGetHandleVerifier [0x0x7ff65bd3e26d+2926461]\nE       \tGetHandleVerifier [0x0x7ff65bd38993+2903715]\nE       \tGetHandleVerifier [0x0x7ff65bd56aed+3026941]\nE       \tGetHandleVerifier [0x0x7ff65baa16fe+187406]\nE       \tGetHandleVerifier [0x0x7ff65baa96ef+220159]\nE       \tGetHandleVerifier [0x0x7ff65ba8faf4+114692]\nE       \tGetHandleVerifier [0x0x7ff65ba8fca9+115129]\nE       \tGetHandleVerifier [0x0x7ff65ba764d8+10728]\nE       \tBaseThreadInitThunk [0x0x7ff956997374+20]\nE       \tRtlUserThreadStart [0x0x7ff956c3cc91+33]\n\nmyenv\\lib\\site-packages\\selenium\\webdriver\\support\\wait.py:138: TimeoutException","steps":[],"attachments":[{"uid":"b6882b1163ac1dc1","name":"log","source":"b6882b1163ac1dc1.txt","type":"text/plain","size":1893}],"parameters":[],"shouldDisplayMessage":true,"attachmentsCount":1,"hasContent":true,"stepsCount":0,"attachmentStep":false},"afterStages":[{"name":"login_to_item::0","time":{"start":1762186865149,"stop":1762186867317,"duration":2168},"status":"passed","steps":[],"attachments":[],"parameters":[],"shouldDisplayMessage":false,"attachmentsCount":0,"hasContent":false,"stepsCount":0,"attachmentStep":false}],"labels":[{"name":"feature","value":"物料库存测试用例"},{"name":"story","value":"修改物料员代码重复"},{"name":"parentSuite","value":"Tests.test_material"},{"name":"suite","value":"test_materialInventory"},{"name":"subSuite","value":"TestItemPage"},{"name":"host","value":"WIN-20240820MJV"},{"name":"thread","value":"22376-MainThread"},{"name":"framework","value":"pytest"},{"name":"language","value":"cpython3"},{"name":"package","value":"Tests.test_material.test_materialInventory"},{"name":"resultFormat","value":"allure2"}],"parameters":[],"links":[],"hidden":false,"retry":false,"extra":{"severity":"normal","retries":[{"uid":"27793b545406dfa2","status":"broken","statusDetails":"selenium.common.exceptions.TimeoutException: Message: \nStacktrace:\n\tGetHandleVerifier [0x0x7ff65ba86f65+78965]\n\tGetHandleVerifier [0x0x7ff65ba86fc0+79056]\n\t(No symbol) [0x0x7ff65b819dda]\n\t(No symbol) [0x0x7ff65b8702ea]\n\t(No symbol) [0x0x7ff65b87059c]\n\t(No symbol) [0x0x7ff65b8c3f37]\n\t(No symbol) [0x0x7ff65b8986af]\n\t(No symbol) [0x0x7ff65b8c0dbe]\n\t(No symbol) [0x0x7ff65b898443]\n\t(No symbol) [0x0x7ff65b861311]\n\t(No symbol) [0x0x7ff65b8620a3]\n\tGetHandleVerifier [0x0x7ff65bd3e26d+2926461]\n\tGetHandleVerifier [0x0x7ff65bd38993+2903715]\n\tGetHandleVerifier [0x0x7ff65bd56aed+3026941]\n\tGetHandleVerifier [0x0x7ff65baa16fe+187406]\n\tGetHandleVerifier [0x0x7ff65baa96ef+220159]\n\tGetHandleVerifier [0x0x7ff65ba8faf4+114692]\n\tGetHandleVerifier [0x0x7ff65ba8fca9+115129]\n\tGetHandleVerifier [0x0x7ff65ba764d8+10728]\n\tBaseThreadInitThunk [0x0x7ff956997374+20]\n\tRtlUserThreadStart [0x0x7ff956c3cc91+33]","time":{"start":1762186698125,"stop":1762186714220,"duration":16095}}],"categories":[{"name":"Test defects","matchedStatuses":[]}],"tags":[]},"source":"8d0b7ecece4579b.json","parameterValues":[]}