{"uid":"90bb0c1679394323","name":"test_affairs_log_sel1","fullName":"Tests.test_system.test_affairs.TestAffairsPage#test_affairs_log_sel1","historyId":"0e7044d034e916f0317e6230aa81a660","time":{"start":1764186247670,"stop":1764186259969,"duration":12299},"status":"broken","statusMessage":"selenium.common.exceptions.TimeoutException: Message: \nStacktrace:\n\tGetHandleVerifier [0x0x7ff7a3eb6f65+78965]\n\tGetHandleVerifier [0x0x7ff7a3eb6fc0+79056]\n\t(No symbol) [0x0x7ff7a3c49dda]\n\t(No symbol) [0x0x7ff7a3ca02ea]\n\t(No symbol) [0x0x7ff7a3ca059c]\n\t(No symbol) [0x0x7ff7a3cf3f37]\n\t(No symbol) [0x0x7ff7a3cc86af]\n\t(No symbol) [0x0x7ff7a3cf0dbe]\n\t(No symbol) [0x0x7ff7a3cc8443]\n\t(No symbol) [0x0x7ff7a3c91311]\n\t(No symbol) [0x0x7ff7a3c920a3]\n\tGetHandleVerifier [0x0x7ff7a416e26d+2926461]\n\tGetHandleVerifier [0x0x7ff7a4168993+2903715]\n\tGetHandleVerifier [0x0x7ff7a4186aed+3026941]\n\tGetHandleVerifier [0x0x7ff7a3ed16fe+187406]\n\tGetHandleVerifier [0x0x7ff7a3ed96ef+220159]\n\tGetHandleVerifier [0x0x7ff7a3ebfaf4+114692]\n\tGetHandleVerifier [0x0x7ff7a3ebfca9+115129]\n\tGetHandleVerifier [0x0x7ff7a3ea64d8+10728]\n\tBaseThreadInitThunk [0x0x7ffd261d7374+20]\n\tRtlUserThreadStart [0x0x7ffd2797cc91+33]","statusTrace":"self = <test_system.test_affairs.TestAffairsPage object at 0x00000208DB68D000>, login_to_affairs = <selenium.webdriver.chrome.webdriver.WebDriver (session=\"30155dd5832a37a11564e0173474811a\")>\n\n    @allure.story(\"流程日志-执行时间搜索成功\")\n    def test_affairs_log_sel1(self, login_to_affairs):\n        driver = login_to_affairs  # WebDriver 实例\n        affairs = AffairsPage(driver)  # 用 driver 初始化 AffairsPage\n        affairs.click_process_log()\n        num = 1000\n        affairs.click_paging(num)\n        sleep(1)\n>       time1, time2 = affairs.get_log_time()\n\nTests\\test_system\\test_affairs.py:1332: \n_ _ _ _ _ _ _ _ _ _ _ _ _ _ _ _ _ _ _ _ _ _ _ _ _ _ _ _ _ _ _ _ _ _ _ _ _ _ _ _ _ _ _ _ _ _ _ _ _ _ _ _ _ _ _ _ _ _ _ _ _ _ _ _ _ _ _ _ _ _ _ _ _ _ _ _ _ _ _ _ _ _ _ _ _ _ _ _ _ _ _ _ _ _ _ _ _ _ _ _ _ _ _ _ _ _ _ _ _ _ _ _ _ _ _ _\nPages\\systemPage\\affairs_page.py:361: in get_log_time\n    time1 = self.get_find_element_xpath('(//table[@class=\"el-table__body\"])[2]//tr[2]/td[5]').text\nPages\\systemPage\\affairs_page.py:28: in get_find_element_xpath\n    return self.find_element(By.XPATH, xpath)\nPages\\base_page.py:28: in find_element\n    return WebDriverWait(self.driver, wait_time).until(\n_ _ _ _ _ _ _ _ _ _ _ _ _ _ _ _ _ _ _ _ _ _ _ _ _ _ _ _ _ _ _ _ _ _ _ _ _ _ _ _ _ _ _ _ _ _ _ _ _ _ _ _ _ _ _ _ _ _ _ _ _ _ _ _ _ _ _ _ _ _ _ _ _ _ _ _ _ _ _ _ _ _ _ _ _ _ _ _ _ _ _ _ _ _ _ _ _ _ _ _ _ _ _ _ _ _ _ _ _ _ _ _ _ _ _ _\n\nself = <selenium.webdriver.support.wait.WebDriverWait (session=\"30155dd5832a37a11564e0173474811a\")>, method = <function presence_of_element_located.<locals>._predicate at 0x00000208DC2703A0>, message = ''\n\n    def until(self, method: Callable[[D], Union[Literal[False], T]], message: str = \"\") -> T:\n        \"\"\"Wait until the method returns a value that is not False.\n    \n        Calls the method provided with the driver as an argument until the\n        return value does not evaluate to ``False``.\n    \n        Parameters:\n        -----------\n        method: callable(WebDriver)\n            - A callable object that takes a WebDriver instance as an argument.\n    \n        message: str\n            - Optional message for :exc:`TimeoutException`\n    \n        Return:\n        -------\n        object: T\n            - The result of the last call to `method`\n    \n        Raises:\n        -------\n        TimeoutException\n            - If 'method' does not return a truthy value within the WebDriverWait\n            object's timeout\n    \n        Example:\n        --------\n        >>> from selenium.webdriver.common.by import By\n        >>> from selenium.webdriver.support.ui import WebDriverWait\n        >>> from selenium.webdriver.support import expected_conditions as EC\n    \n        # Wait until an element is visible on the page\n        >>> wait = WebDriverWait(driver, 10)\n        >>> element = wait.until(EC.visibility_of_element_located((By.ID, \"exampleId\")))\n        >>> print(element.text)\n        \"\"\"\n        screen = None\n        stacktrace = None\n    \n        end_time = time.monotonic() + self._timeout\n        while True:\n            try:\n                value = method(self._driver)\n                if value:\n                    return value\n            except self._ignored_exceptions as exc:\n                screen = getattr(exc, \"screen\", None)\n                stacktrace = getattr(exc, \"stacktrace\", None)\n            if time.monotonic() > end_time:\n                break\n            time.sleep(self._poll)\n>       raise TimeoutException(message, screen, stacktrace)\nE       selenium.common.exceptions.TimeoutException: Message: \nE       Stacktrace:\nE       \tGetHandleVerifier [0x0x7ff7a3eb6f65+78965]\nE       \tGetHandleVerifier [0x0x7ff7a3eb6fc0+79056]\nE       \t(No symbol) [0x0x7ff7a3c49dda]\nE       \t(No symbol) [0x0x7ff7a3ca02ea]\nE       \t(No symbol) [0x0x7ff7a3ca059c]\nE       \t(No symbol) [0x0x7ff7a3cf3f37]\nE       \t(No symbol) [0x0x7ff7a3cc86af]\nE       \t(No symbol) [0x0x7ff7a3cf0dbe]\nE       \t(No symbol) [0x0x7ff7a3cc8443]\nE       \t(No symbol) [0x0x7ff7a3c91311]\nE       \t(No symbol) [0x0x7ff7a3c920a3]\nE       \tGetHandleVerifier [0x0x7ff7a416e26d+2926461]\nE       \tGetHandleVerifier [0x0x7ff7a4168993+2903715]\nE       \tGetHandleVerifier [0x0x7ff7a4186aed+3026941]\nE       \tGetHandleVerifier [0x0x7ff7a3ed16fe+187406]\nE       \tGetHandleVerifier [0x0x7ff7a3ed96ef+220159]\nE       \tGetHandleVerifier [0x0x7ff7a3ebfaf4+114692]\nE       \tGetHandleVerifier [0x0x7ff7a3ebfca9+115129]\nE       \tGetHandleVerifier [0x0x7ff7a3ea64d8+10728]\nE       \tBaseThreadInitThunk [0x0x7ffd261d7374+20]\nE       \tRtlUserThreadStart [0x0x7ffd2797cc91+33]\n\nmyenv\\lib\\site-packages\\selenium\\webdriver\\support\\wait.py:138: TimeoutException","flaky":false,"newFailed":false,"newBroken":false,"newPassed":false,"retriesCount":1,"retriesStatusChange":false,"beforeStages":[{"name":"login_to_affairs","time":{"start":1764186236643,"stop":1764186247670,"duration":11027},"status":"passed","steps":[],"attachments":[],"parameters":[],"attachmentsCount":0,"shouldDisplayMessage":false,"attachmentStep":false,"hasContent":false,"stepsCount":0}],"testStage":{"status":"broken","statusMessage":"selenium.common.exceptions.TimeoutException: Message: \nStacktrace:\n\tGetHandleVerifier [0x0x7ff7a3eb6f65+78965]\n\tGetHandleVerifier [0x0x7ff7a3eb6fc0+79056]\n\t(No symbol) [0x0x7ff7a3c49dda]\n\t(No symbol) [0x0x7ff7a3ca02ea]\n\t(No symbol) [0x0x7ff7a3ca059c]\n\t(No symbol) [0x0x7ff7a3cf3f37]\n\t(No symbol) [0x0x7ff7a3cc86af]\n\t(No symbol) [0x0x7ff7a3cf0dbe]\n\t(No symbol) [0x0x7ff7a3cc8443]\n\t(No symbol) [0x0x7ff7a3c91311]\n\t(No symbol) [0x0x7ff7a3c920a3]\n\tGetHandleVerifier [0x0x7ff7a416e26d+2926461]\n\tGetHandleVerifier [0x0x7ff7a4168993+2903715]\n\tGetHandleVerifier [0x0x7ff7a4186aed+3026941]\n\tGetHandleVerifier [0x0x7ff7a3ed16fe+187406]\n\tGetHandleVerifier [0x0x7ff7a3ed96ef+220159]\n\tGetHandleVerifier [0x0x7ff7a3ebfaf4+114692]\n\tGetHandleVerifier [0x0x7ff7a3ebfca9+115129]\n\tGetHandleVerifier [0x0x7ff7a3ea64d8+10728]\n\tBaseThreadInitThunk [0x0x7ffd261d7374+20]\n\tRtlUserThreadStart [0x0x7ffd2797cc91+33]","statusTrace":"self = <test_system.test_affairs.TestAffairsPage object at 0x00000208DB68D000>, login_to_affairs = <selenium.webdriver.chrome.webdriver.WebDriver (session=\"30155dd5832a37a11564e0173474811a\")>\n\n    @allure.story(\"流程日志-执行时间搜索成功\")\n    def test_affairs_log_sel1(self, login_to_affairs):\n        driver = login_to_affairs  # WebDriver 实例\n        affairs = AffairsPage(driver)  # 用 driver 初始化 AffairsPage\n        affairs.click_process_log()\n        num = 1000\n        affairs.click_paging(num)\n        sleep(1)\n>       time1, time2 = affairs.get_log_time()\n\nTests\\test_system\\test_affairs.py:1332: \n_ _ _ _ _ _ _ _ _ _ _ _ _ _ _ _ _ _ _ _ _ _ _ _ _ _ _ _ _ _ _ _ _ _ _ _ _ _ _ _ _ _ _ _ _ _ _ _ _ _ _ _ _ _ _ _ _ _ _ _ _ _ _ _ _ _ _ _ _ _ _ _ _ _ _ _ _ _ _ _ _ _ _ _ _ _ _ _ _ _ _ _ _ _ _ _ _ _ _ _ _ _ _ _ _ _ _ _ _ _ _ _ _ _ _ _\nPages\\systemPage\\affairs_page.py:361: in get_log_time\n    time1 = self.get_find_element_xpath('(//table[@class=\"el-table__body\"])[2]//tr[2]/td[5]').text\nPages\\systemPage\\affairs_page.py:28: in get_find_element_xpath\n    return self.find_element(By.XPATH, xpath)\nPages\\base_page.py:28: in find_element\n    return WebDriverWait(self.driver, wait_time).until(\n_ _ _ _ _ _ _ _ _ _ _ _ _ _ _ _ _ _ _ _ _ _ _ _ _ _ _ _ _ _ _ _ _ _ _ _ _ _ _ _ _ _ _ _ _ _ _ _ _ _ _ _ _ _ _ _ _ _ _ _ _ _ _ _ _ _ _ _ _ _ _ _ _ _ _ _ _ _ _ _ _ _ _ _ _ _ _ _ _ _ _ _ _ _ _ _ _ _ _ _ _ _ _ _ _ _ _ _ _ _ _ _ _ _ _ _\n\nself = <selenium.webdriver.support.wait.WebDriverWait (session=\"30155dd5832a37a11564e0173474811a\")>, method = <function presence_of_element_located.<locals>._predicate at 0x00000208DC2703A0>, message = ''\n\n    def until(self, method: Callable[[D], Union[Literal[False], T]], message: str = \"\") -> T:\n        \"\"\"Wait until the method returns a value that is not False.\n    \n        Calls the method provided with the driver as an argument until the\n        return value does not evaluate to ``False``.\n    \n        Parameters:\n        -----------\n        method: callable(WebDriver)\n            - A callable object that takes a WebDriver instance as an argument.\n    \n        message: str\n            - Optional message for :exc:`TimeoutException`\n    \n        Return:\n        -------\n        object: T\n            - The result of the last call to `method`\n    \n        Raises:\n        -------\n        TimeoutException\n            - If 'method' does not return a truthy value within the WebDriverWait\n            object's timeout\n    \n        Example:\n        --------\n        >>> from selenium.webdriver.common.by import By\n        >>> from selenium.webdriver.support.ui import WebDriverWait\n        >>> from selenium.webdriver.support import expected_conditions as EC\n    \n        # Wait until an element is visible on the page\n        >>> wait = WebDriverWait(driver, 10)\n        >>> element = wait.until(EC.visibility_of_element_located((By.ID, \"exampleId\")))\n        >>> print(element.text)\n        \"\"\"\n        screen = None\n        stacktrace = None\n    \n        end_time = time.monotonic() + self._timeout\n        while True:\n            try:\n                value = method(self._driver)\n                if value:\n                    return value\n            except self._ignored_exceptions as exc:\n                screen = getattr(exc, \"screen\", None)\n                stacktrace = getattr(exc, \"stacktrace\", None)\n            if time.monotonic() > end_time:\n                break\n            time.sleep(self._poll)\n>       raise TimeoutException(message, screen, stacktrace)\nE       selenium.common.exceptions.TimeoutException: Message: \nE       Stacktrace:\nE       \tGetHandleVerifier [0x0x7ff7a3eb6f65+78965]\nE       \tGetHandleVerifier [0x0x7ff7a3eb6fc0+79056]\nE       \t(No symbol) [0x0x7ff7a3c49dda]\nE       \t(No symbol) [0x0x7ff7a3ca02ea]\nE       \t(No symbol) [0x0x7ff7a3ca059c]\nE       \t(No symbol) [0x0x7ff7a3cf3f37]\nE       \t(No symbol) [0x0x7ff7a3cc86af]\nE       \t(No symbol) [0x0x7ff7a3cf0dbe]\nE       \t(No symbol) [0x0x7ff7a3cc8443]\nE       \t(No symbol) [0x0x7ff7a3c91311]\nE       \t(No symbol) [0x0x7ff7a3c920a3]\nE       \tGetHandleVerifier [0x0x7ff7a416e26d+2926461]\nE       \tGetHandleVerifier [0x0x7ff7a4168993+2903715]\nE       \tGetHandleVerifier [0x0x7ff7a4186aed+3026941]\nE       \tGetHandleVerifier [0x0x7ff7a3ed16fe+187406]\nE       \tGetHandleVerifier [0x0x7ff7a3ed96ef+220159]\nE       \tGetHandleVerifier [0x0x7ff7a3ebfaf4+114692]\nE       \tGetHandleVerifier [0x0x7ff7a3ebfca9+115129]\nE       \tGetHandleVerifier [0x0x7ff7a3ea64d8+10728]\nE       \tBaseThreadInitThunk [0x0x7ffd261d7374+20]\nE       \tRtlUserThreadStart [0x0x7ffd2797cc91+33]\n\nmyenv\\lib\\site-packages\\selenium\\webdriver\\support\\wait.py:138: TimeoutException","steps":[],"attachments":[{"uid":"5338248c1e400c62","name":"test_affairs_log_sel1_failure","source":"5338248c1e400c62.png","type":"image/png","size":57972},{"uid":"1a2842773a63de65","name":"test_affairs_log_sel1_source","source":"1a2842773a63de65.html","type":"text/html","size":1138858},{"uid":"29843e2d28335daa","name":"log","source":"29843e2d28335daa.txt","type":"text/plain","size":3819}],"parameters":[],"attachmentsCount":3,"shouldDisplayMessage":true,"attachmentStep":false,"hasContent":true,"stepsCount":0},"afterStages":[{"name":"login_to_affairs::0","time":{"start":1764186260152,"stop":1764186262320,"duration":2168},"status":"passed","steps":[],"attachments":[],"parameters":[],"attachmentsCount":0,"shouldDisplayMessage":false,"attachmentStep":false,"hasContent":false,"stepsCount":0}],"labels":[{"name":"story","value":"流程日志-执行时间搜索成功"},{"name":"feature","value":"事务管理页用例"},{"name":"parentSuite","value":"Tests.test_system"},{"name":"suite","value":"test_affairs"},{"name":"subSuite","value":"TestAffairsPage"},{"name":"host","value":"WIN-20240820MJV"},{"name":"thread","value":"22520-MainThread"},{"name":"framework","value":"pytest"},{"name":"language","value":"cpython3"},{"name":"package","value":"Tests.test_system.test_affairs"},{"name":"resultFormat","value":"allure2"}],"parameters":[],"links":[],"hidden":false,"retry":false,"extra":{"severity":"normal","retries":[{"uid":"ee0791478bd6bc6a","status":"broken","statusDetails":"selenium.common.exceptions.TimeoutException: Message: \nStacktrace:\n\tGetHandleVerifier [0x0x7ff7a3eb6f65+78965]\n\tGetHandleVerifier [0x0x7ff7a3eb6fc0+79056]\n\t(No symbol) [0x0x7ff7a3c49dda]\n\t(No symbol) [0x0x7ff7a3ca02ea]\n\t(No symbol) [0x0x7ff7a3ca059c]\n\t(No symbol) [0x0x7ff7a3cf3f37]\n\t(No symbol) [0x0x7ff7a3cc86af]\n\t(No symbol) [0x0x7ff7a3cf0dbe]\n\t(No symbol) [0x0x7ff7a3cc8443]\n\t(No symbol) [0x0x7ff7a3c91311]\n\t(No symbol) [0x0x7ff7a3c920a3]\n\tGetHandleVerifier [0x0x7ff7a416e26d+2926461]\n\tGetHandleVerifier [0x0x7ff7a4168993+2903715]\n\tGetHandleVerifier [0x0x7ff7a4186aed+3026941]\n\tGetHandleVerifier [0x0x7ff7a3ed16fe+187406]\n\tGetHandleVerifier [0x0x7ff7a3ed96ef+220159]\n\tGetHandleVerifier [0x0x7ff7a3ebfaf4+114692]\n\tGetHandleVerifier [0x0x7ff7a3ebfca9+115129]\n\tGetHandleVerifier [0x0x7ff7a3ea64d8+10728]\n\tBaseThreadInitThunk [0x0x7ffd261d7374+20]\n\tRtlUserThreadStart [0x0x7ffd2797cc91+33]","time":{"start":1764186222247,"stop":1764186234265,"duration":12018}}],"categories":[{"name":"Test defects","matchedStatuses":[]}],"tags":[]},"source":"90bb0c1679394323.json","parameterValues":[]}