{"uid":"9533b389171ec9c8","name":"test_changespec_delsuccess2","fullName":"Tests.test_items.test_changespec.TestChangeSpecPage#test_changespec_delsuccess2","historyId":"a5caac310cf04798db615934116c3265","time":{"start":1763995644006,"stop":1763995654193,"duration":10187},"status":"broken","statusMessage":"selenium.common.exceptions.TimeoutException: Message: 点击失败，找不到元素：xpath = //table[@xid=\"2\" and @class=\"vxe-table--body\"]//tr[td[2]//span[text()=\"1119\"] and td[3]//span[text()=\"22\"]]//td[2]","statusTrace":"self = <Pages.itemsPage.changeR_page.ChangeR object at 0x000001E5C1B1A980>, by_or_element = 'xpath', value = '//table[@xid=\"2\" and @class=\"vxe-table--body\"]//tr[td[2]//span[text()=\"1119\"] and td[3]//span[text()=\"22\"]]//td[2]'\nwait_time = 10, retries = 2\n\n    def click(self, by_or_element, value=None, wait_time=10, retries=2):\n        \"\"\"\n        更稳健的点击方法：支持定位符或 WebElement，自动处理 stale 元素、点击拦截等问题。\n        \"\"\"\n        for attempt in range(retries):\n            try:\n                if value is not None:\n                    by = by_or_element\n                    logging.info(f\"点击元素：By = {by}, Value = {value}\")\n>                   element = WebDriverWait(self.driver, wait_time).until(\n                        EC.element_to_be_clickable((by, value))\n                    )\n\nPages\\base_page.py:49: \n_ _ _ _ _ _ _ _ _ _ _ _ _ _ _ _ _ _ _ _ _ _ _ _ _ _ _ _ _ _ _ _ _ _ _ _ _ _ _ _ _ _ _ _ _ _ _ _ _ _ _ _ _ _ _ _ _ _ _ _ _ _ _ _ _ _ _ _ _ _ _ _ _ _ _ _ _ _ _ _ _ _ _ _ _ _ _ _ _ _ _ _ _ _ _ _ _ _ _ _ _ _ _ _ _ _ _ _ _ _ _ _ _ _ _ _\n\nself = <selenium.webdriver.support.wait.WebDriverWait (session=\"1127f8f92f564b23b2a3075171846a12\")>, method = <function element_to_be_clickable.<locals>._predicate at 0x000001E5C1F23B50>, message = ''\n\n    def until(self, method: Callable[[D], Union[Literal[False], T]], message: str = \"\") -> T:\n        \"\"\"Wait until the method returns a value that is not False.\n    \n        Calls the method provided with the driver as an argument until the\n        return value does not evaluate to ``False``.\n    \n        Parameters:\n        -----------\n        method: callable(WebDriver)\n            - A callable object that takes a WebDriver instance as an argument.\n    \n        message: str\n            - Optional message for :exc:`TimeoutException`\n    \n        Return:\n        -------\n        object: T\n            - The result of the last call to `method`\n    \n        Raises:\n        -------\n        TimeoutException\n            - If 'method' does not return a truthy value within the WebDriverWait\n            object's timeout\n    \n        Example:\n        --------\n        >>> from selenium.webdriver.common.by import By\n        >>> from selenium.webdriver.support.ui import WebDriverWait\n        >>> from selenium.webdriver.support import expected_conditions as EC\n    \n        # Wait until an element is visible on the page\n        >>> wait = WebDriverWait(driver, 10)\n        >>> element = wait.until(EC.visibility_of_element_located((By.ID, \"exampleId\")))\n        >>> print(element.text)\n        \"\"\"\n        screen = None\n        stacktrace = None\n    \n        end_time = time.monotonic() + self._timeout\n        while True:\n            try:\n                value = method(self._driver)\n                if value:\n                    return value\n            except self._ignored_exceptions as exc:\n                screen = getattr(exc, \"screen\", None)\n                stacktrace = getattr(exc, \"stacktrace\", None)\n            if time.monotonic() > end_time:\n                break\n            time.sleep(self._poll)\n>       raise TimeoutException(message, screen, stacktrace)\nE       selenium.common.exceptions.TimeoutException: Message: \nE       Stacktrace:\nE       \tGetHandleVerifier [0x0x7ff713cb6f65+78965]\nE       \tGetHandleVerifier [0x0x7ff713cb6fc0+79056]\nE       \t(No symbol) [0x0x7ff713a49dda]\nE       \t(No symbol) [0x0x7ff713aa02ea]\nE       \t(No symbol) [0x0x7ff713aa059c]\nE       \t(No symbol) [0x0x7ff713af3f37]\nE       \t(No symbol) [0x0x7ff713ac86af]\nE       \t(No symbol) [0x0x7ff713af0dbe]\nE       \t(No symbol) [0x0x7ff713ac8443]\nE       \t(No symbol) [0x0x7ff713a91311]\nE       \t(No symbol) [0x0x7ff713a920a3]\nE       \tGetHandleVerifier [0x0x7ff713f6e26d+2926461]\nE       \tGetHandleVerifier [0x0x7ff713f68993+2903715]\nE       \tGetHandleVerifier [0x0x7ff713f86aed+3026941]\nE       \tGetHandleVerifier [0x0x7ff713cd16fe+187406]\nE       \tGetHandleVerifier [0x0x7ff713cd96ef+220159]\nE       \tGetHandleVerifier [0x0x7ff713cbfaf4+114692]\nE       \tGetHandleVerifier [0x0x7ff713cbfca9+115129]\nE       \tGetHandleVerifier [0x0x7ff713ca64d8+10728]\nE       \tBaseThreadInitThunk [0x0x7ffd261d7374+20]\nE       \tRtlUserThreadStart [0x0x7ffd2797cc91+33]\n\nmyenv\\lib\\site-packages\\selenium\\webdriver\\support\\wait.py:138: TimeoutException\n\nDuring handling of the above exception, another exception occurred:\n\nself = <test_items.test_changespec.TestChangeSpecPage object at 0x000001E5C0E675B0>, login_to_changespec = <selenium.webdriver.chrome.webdriver.WebDriver (session=\"1127f8f92f564b23b2a3075171846a12\")>\n\n    @allure.story(\"删除数据成功\")\n    # @pytest.mark.run(order=1)\n    def test_changespec_delsuccess2(self, login_to_changespec):\n        driver = login_to_changespec  # WebDriver 实例\n        change = ChangeR(driver)  # 用 driver 初始化 ChangeR\n        code1 = SharedDataUtil.load_data().get(\"resource\")\n        code2 = SharedDataUtil.load_data().get(\"item1\")\n        # 定位第一行\n>       change.click_button(\n            f'//table[@xid=\"2\" and @class=\"vxe-table--body\"]//tr[td[2]//span[text()=\"{code1}\"] and td[3]//span[text()=\"{code2}\"]]//td[2]'\n        )\n\nTests\\test_items\\test_changespec.py:658: \n_ _ _ _ _ _ _ _ _ _ _ _ _ _ _ _ _ _ _ _ _ _ _ _ _ _ _ _ _ _ _ _ _ _ _ _ _ _ _ _ _ _ _ _ _ _ _ _ _ _ _ _ _ _ _ _ _ _ _ _ _ _ _ _ _ _ _ _ _ _ _ _ _ _ _ _ _ _ _ _ _ _ _ _ _ _ _ _ _ _ _ _ _ _ _ _ _ _ _ _ _ _ _ _ _ _ _ _ _ _ _ _ _ _ _ _\nPages\\itemsPage\\changeR_page.py:42: in click_button\n    self.click(By.XPATH, xpath)\n_ _ _ _ _ _ _ _ _ _ _ _ _ _ _ _ _ _ _ _ _ _ _ _ _ _ _ _ _ _ _ _ _ _ _ _ _ _ _ _ _ _ _ _ _ _ _ _ _ _ _ _ _ _ _ _ _ _ _ _ _ _ _ _ _ _ _ _ _ _ _ _ _ _ _ _ _ _ _ _ _ _ _ _ _ _ _ _ _ _ _ _ _ _ _ _ _ _ _ _ _ _ _ _ _ _ _ _ _ _ _ _ _ _ _ _\n\nself = <Pages.itemsPage.changeR_page.ChangeR object at 0x000001E5C1B1A980>, by_or_element = 'xpath', value = '//table[@xid=\"2\" and @class=\"vxe-table--body\"]//tr[td[2]//span[text()=\"1119\"] and td[3]//span[text()=\"22\"]]//td[2]'\nwait_time = 10, retries = 2\n\n    def click(self, by_or_element, value=None, wait_time=10, retries=2):\n        \"\"\"\n        更稳健的点击方法：支持定位符或 WebElement，自动处理 stale 元素、点击拦截等问题。\n        \"\"\"\n        for attempt in range(retries):\n            try:\n                if value is not None:\n                    by = by_or_element\n                    logging.info(f\"点击元素：By = {by}, Value = {value}\")\n                    element = WebDriverWait(self.driver, wait_time).until(\n                        EC.element_to_be_clickable((by, value))\n                    )\n                else:\n                    logging.info(\"点击元素：WebElement 对象\")\n                    element = by_or_element\n    \n                element.click()\n                logging.info(\"✅ 点击成功\")\n                return\n    \n            except ElementClickInterceptedException:\n                logging.warning(\"⚠️ 原生点击被拦截，尝试使用 JS 点击\")\n                try:\n                    self.driver.execute_script(\"arguments[0].click();\", element)\n                    logging.info(\"✅ JS 点击成功\")\n                    return\n                except Exception as js_error:\n                    logging.warning(f\"⚠️ JS 点击失败：{js_error}\")\n                    sleep(1)\n                    continue  # 下一轮重试\n    \n            except StaleElementReferenceException:\n                logging.warning(f\"⚠️ 第 {attempt + 1} 次点击失败：元素过期，尝试重新定位\")\n                sleep(1)\n                continue  # 下一轮重试时重新定位\n    \n            except TimeoutException:\n                logging.error(f\"❌ 元素未在 {wait_time} 秒内变为可点击\")\n>               raise TimeoutException(f\"点击失败，找不到元素：{by_or_element} = {value}\")\nE               selenium.common.exceptions.TimeoutException: Message: 点击失败，找不到元素：xpath = //table[@xid=\"2\" and @class=\"vxe-table--body\"]//tr[td[2]//span[text()=\"1119\"] and td[3]//span[text()=\"22\"]]//td[2]\n\nPages\\base_page.py:78: TimeoutException","flaky":false,"newFailed":false,"newBroken":false,"newPassed":false,"retriesCount":1,"retriesStatusChange":true,"beforeStages":[{"name":"login_to_changespec","time":{"start":1763995632091,"stop":1763995644005,"duration":11914},"status":"passed","steps":[],"attachments":[],"parameters":[],"attachmentStep":false,"hasContent":false,"stepsCount":0,"attachmentsCount":0,"shouldDisplayMessage":false}],"testStage":{"status":"broken","statusMessage":"selenium.common.exceptions.TimeoutException: Message: 点击失败，找不到元素：xpath = //table[@xid=\"2\" and @class=\"vxe-table--body\"]//tr[td[2]//span[text()=\"1119\"] and td[3]//span[text()=\"22\"]]//td[2]","statusTrace":"self = <Pages.itemsPage.changeR_page.ChangeR object at 0x000001E5C1B1A980>, by_or_element = 'xpath', value = '//table[@xid=\"2\" and @class=\"vxe-table--body\"]//tr[td[2]//span[text()=\"1119\"] and td[3]//span[text()=\"22\"]]//td[2]'\nwait_time = 10, retries = 2\n\n    def click(self, by_or_element, value=None, wait_time=10, retries=2):\n        \"\"\"\n        更稳健的点击方法：支持定位符或 WebElement，自动处理 stale 元素、点击拦截等问题。\n        \"\"\"\n        for attempt in range(retries):\n            try:\n                if value is not None:\n                    by = by_or_element\n                    logging.info(f\"点击元素：By = {by}, Value = {value}\")\n>                   element = WebDriverWait(self.driver, wait_time).until(\n                        EC.element_to_be_clickable((by, value))\n                    )\n\nPages\\base_page.py:49: \n_ _ _ _ _ _ _ _ _ _ _ _ _ _ _ _ _ _ _ _ _ _ _ _ _ _ _ _ _ _ _ _ _ _ _ _ _ _ _ _ _ _ _ _ _ _ _ _ _ _ _ _ _ _ _ _ _ _ _ _ _ _ _ _ _ _ _ _ _ _ _ _ _ _ _ _ _ _ _ _ _ _ _ _ _ _ _ _ _ _ _ _ _ _ _ _ _ _ _ _ _ _ _ _ _ _ _ _ _ _ _ _ _ _ _ _\n\nself = <selenium.webdriver.support.wait.WebDriverWait (session=\"1127f8f92f564b23b2a3075171846a12\")>, method = <function element_to_be_clickable.<locals>._predicate at 0x000001E5C1F23B50>, message = ''\n\n    def until(self, method: Callable[[D], Union[Literal[False], T]], message: str = \"\") -> T:\n        \"\"\"Wait until the method returns a value that is not False.\n    \n        Calls the method provided with the driver as an argument until the\n        return value does not evaluate to ``False``.\n    \n        Parameters:\n        -----------\n        method: callable(WebDriver)\n            - A callable object that takes a WebDriver instance as an argument.\n    \n        message: str\n            - Optional message for :exc:`TimeoutException`\n    \n        Return:\n        -------\n        object: T\n            - The result of the last call to `method`\n    \n        Raises:\n        -------\n        TimeoutException\n            - If 'method' does not return a truthy value within the WebDriverWait\n            object's timeout\n    \n        Example:\n        --------\n        >>> from selenium.webdriver.common.by import By\n        >>> from selenium.webdriver.support.ui import WebDriverWait\n        >>> from selenium.webdriver.support import expected_conditions as EC\n    \n        # Wait until an element is visible on the page\n        >>> wait = WebDriverWait(driver, 10)\n        >>> element = wait.until(EC.visibility_of_element_located((By.ID, \"exampleId\")))\n        >>> print(element.text)\n        \"\"\"\n        screen = None\n        stacktrace = None\n    \n        end_time = time.monotonic() + self._timeout\n        while True:\n            try:\n                value = method(self._driver)\n                if value:\n                    return value\n            except self._ignored_exceptions as exc:\n                screen = getattr(exc, \"screen\", None)\n                stacktrace = getattr(exc, \"stacktrace\", None)\n            if time.monotonic() > end_time:\n                break\n            time.sleep(self._poll)\n>       raise TimeoutException(message, screen, stacktrace)\nE       selenium.common.exceptions.TimeoutException: Message: \nE       Stacktrace:\nE       \tGetHandleVerifier [0x0x7ff713cb6f65+78965]\nE       \tGetHandleVerifier [0x0x7ff713cb6fc0+79056]\nE       \t(No symbol) [0x0x7ff713a49dda]\nE       \t(No symbol) [0x0x7ff713aa02ea]\nE       \t(No symbol) [0x0x7ff713aa059c]\nE       \t(No symbol) [0x0x7ff713af3f37]\nE       \t(No symbol) [0x0x7ff713ac86af]\nE       \t(No symbol) [0x0x7ff713af0dbe]\nE       \t(No symbol) [0x0x7ff713ac8443]\nE       \t(No symbol) [0x0x7ff713a91311]\nE       \t(No symbol) [0x0x7ff713a920a3]\nE       \tGetHandleVerifier [0x0x7ff713f6e26d+2926461]\nE       \tGetHandleVerifier [0x0x7ff713f68993+2903715]\nE       \tGetHandleVerifier [0x0x7ff713f86aed+3026941]\nE       \tGetHandleVerifier [0x0x7ff713cd16fe+187406]\nE       \tGetHandleVerifier [0x0x7ff713cd96ef+220159]\nE       \tGetHandleVerifier [0x0x7ff713cbfaf4+114692]\nE       \tGetHandleVerifier [0x0x7ff713cbfca9+115129]\nE       \tGetHandleVerifier [0x0x7ff713ca64d8+10728]\nE       \tBaseThreadInitThunk [0x0x7ffd261d7374+20]\nE       \tRtlUserThreadStart [0x0x7ffd2797cc91+33]\n\nmyenv\\lib\\site-packages\\selenium\\webdriver\\support\\wait.py:138: TimeoutException\n\nDuring handling of the above exception, another exception occurred:\n\nself = <test_items.test_changespec.TestChangeSpecPage object at 0x000001E5C0E675B0>, login_to_changespec = <selenium.webdriver.chrome.webdriver.WebDriver (session=\"1127f8f92f564b23b2a3075171846a12\")>\n\n    @allure.story(\"删除数据成功\")\n    # @pytest.mark.run(order=1)\n    def test_changespec_delsuccess2(self, login_to_changespec):\n        driver = login_to_changespec  # WebDriver 实例\n        change = ChangeR(driver)  # 用 driver 初始化 ChangeR\n        code1 = SharedDataUtil.load_data().get(\"resource\")\n        code2 = SharedDataUtil.load_data().get(\"item1\")\n        # 定位第一行\n>       change.click_button(\n            f'//table[@xid=\"2\" and @class=\"vxe-table--body\"]//tr[td[2]//span[text()=\"{code1}\"] and td[3]//span[text()=\"{code2}\"]]//td[2]'\n        )\n\nTests\\test_items\\test_changespec.py:658: \n_ _ _ _ _ _ _ _ _ _ _ _ _ _ _ _ _ _ _ _ _ _ _ _ _ _ _ _ _ _ _ _ _ _ _ _ _ _ _ _ _ _ _ _ _ _ _ _ _ _ _ _ _ _ _ _ _ _ _ _ _ _ _ _ _ _ _ _ _ _ _ _ _ _ _ _ _ _ _ _ _ _ _ _ _ _ _ _ _ _ _ _ _ _ _ _ _ _ _ _ _ _ _ _ _ _ _ _ _ _ _ _ _ _ _ _\nPages\\itemsPage\\changeR_page.py:42: in click_button\n    self.click(By.XPATH, xpath)\n_ _ _ _ _ _ _ _ _ _ _ _ _ _ _ _ _ _ _ _ _ _ _ _ _ _ _ _ _ _ _ _ _ _ _ _ _ _ _ _ _ _ _ _ _ _ _ _ _ _ _ _ _ _ _ _ _ _ _ _ _ _ _ _ _ _ _ _ _ _ _ _ _ _ _ _ _ _ _ _ _ _ _ _ _ _ _ _ _ _ _ _ _ _ _ _ _ _ _ _ _ _ _ _ _ _ _ _ _ _ _ _ _ _ _ _\n\nself = <Pages.itemsPage.changeR_page.ChangeR object at 0x000001E5C1B1A980>, by_or_element = 'xpath', value = '//table[@xid=\"2\" and @class=\"vxe-table--body\"]//tr[td[2]//span[text()=\"1119\"] and td[3]//span[text()=\"22\"]]//td[2]'\nwait_time = 10, retries = 2\n\n    def click(self, by_or_element, value=None, wait_time=10, retries=2):\n        \"\"\"\n        更稳健的点击方法：支持定位符或 WebElement，自动处理 stale 元素、点击拦截等问题。\n        \"\"\"\n        for attempt in range(retries):\n            try:\n                if value is not None:\n                    by = by_or_element\n                    logging.info(f\"点击元素：By = {by}, Value = {value}\")\n                    element = WebDriverWait(self.driver, wait_time).until(\n                        EC.element_to_be_clickable((by, value))\n                    )\n                else:\n                    logging.info(\"点击元素：WebElement 对象\")\n                    element = by_or_element\n    \n                element.click()\n                logging.info(\"✅ 点击成功\")\n                return\n    \n            except ElementClickInterceptedException:\n                logging.warning(\"⚠️ 原生点击被拦截，尝试使用 JS 点击\")\n                try:\n                    self.driver.execute_script(\"arguments[0].click();\", element)\n                    logging.info(\"✅ JS 点击成功\")\n                    return\n                except Exception as js_error:\n                    logging.warning(f\"⚠️ JS 点击失败：{js_error}\")\n                    sleep(1)\n                    continue  # 下一轮重试\n    \n            except StaleElementReferenceException:\n                logging.warning(f\"⚠️ 第 {attempt + 1} 次点击失败：元素过期，尝试重新定位\")\n                sleep(1)\n                continue  # 下一轮重试时重新定位\n    \n            except TimeoutException:\n                logging.error(f\"❌ 元素未在 {wait_time} 秒内变为可点击\")\n>               raise TimeoutException(f\"点击失败，找不到元素：{by_or_element} = {value}\")\nE               selenium.common.exceptions.TimeoutException: Message: 点击失败，找不到元素：xpath = //table[@xid=\"2\" and @class=\"vxe-table--body\"]//tr[td[2]//span[text()=\"1119\"] and td[3]//span[text()=\"22\"]]//td[2]\n\nPages\\base_page.py:78: TimeoutException","steps":[],"attachments":[{"uid":"5c38604b7d9ac299","name":"test_changespec_delsuccess2_failure","source":"5c38604b7d9ac299.png","type":"image/png","size":92702},{"uid":"6ac3f5fbc7c28778","name":"test_changespec_delsuccess2_source","source":"6ac3f5fbc7c28778.html","type":"text/html","size":1280495},{"uid":"dd290ebd566ed980","name":"log","source":"dd290ebd566ed980.txt","type":"text/plain","size":3319}],"parameters":[],"attachmentStep":false,"hasContent":true,"stepsCount":0,"attachmentsCount":3,"shouldDisplayMessage":true},"afterStages":[{"name":"login_to_changespec::0","time":{"start":1763995654403,"stop":1763995656581,"duration":2178},"status":"passed","steps":[],"attachments":[],"parameters":[],"attachmentStep":false,"hasContent":false,"stepsCount":0,"attachmentsCount":0,"shouldDisplayMessage":false}],"labels":[{"name":"feature","value":"生产特征切换表测试用例"},{"name":"story","value":"删除数据成功"},{"name":"parentSuite","value":"Tests.test_items"},{"name":"suite","value":"test_changespec"},{"name":"subSuite","value":"TestChangeSpecPage"},{"name":"host","value":"WIN-20240820MJV"},{"name":"thread","value":"17864-MainThread"},{"name":"framework","value":"pytest"},{"name":"language","value":"cpython3"},{"name":"package","value":"Tests.test_items.test_changespec"},{"name":"resultFormat","value":"allure2"}],"parameters":[],"links":[],"hidden":false,"retry":false,"extra":{"severity":"normal","retries":[{"uid":"f78b000d5db3ce58","status":"failed","statusDetails":"AssertionError: 删除后的数据共8条记录，删除前的数据共8条记录\nassert ('共8条记录' != '共8条记录')","time":{"start":1763995627402,"stop":1763995629745,"duration":2343}}],"categories":[{"name":"Test defects","matchedStatuses":[]}],"tags":[]},"source":"9533b389171ec9c8.json","parameterValues":[]}