{"uid":"9624c8a9cd5cf153","name":"test_acceptdata_select4","fullName":"Tests.test_system.test_acceptdata.TestSAcceptDataPage#test_acceptdata_select4","historyId":"f78255b9054a9e71bfe9622ab3f1cec2","time":{"start":1764196341913,"stop":1764196350099,"duration":8186},"status":"failed","statusMessage":"AssertionError: assert False\n +  where False = all(<generator object TestSAcceptDataPage.test_acceptdata_select4.<locals>.<genexpr> at 0x00000208DD81BC30>)","statusTrace":"self = <test_system.test_acceptdata.TestSAcceptDataPage object at 0x00000208DB5EBBE0>, login_to_acceptdata = <selenium.webdriver.chrome.webdriver.WebDriver (session=\"8cea2c201a91971d696ea2abc8a3ffee\")>\n\n    @allure.story(\"过滤条件查询，设置符合结尾查询成功\")\n    # @pytest.mark.run(order=1)\n    def test_acceptdata_select4(self, login_to_acceptdata):\n        driver = login_to_acceptdata  # WebDriver 实例\n        acceptdata = ImpPage(driver)  # 用 driver 初始化 ImpPage\n        acceptdata.wait_for_el_loading_mask()\n        name = \"2\"\n        acceptdata.click_button('//div[p[text()=\"接口名称\"]]/following-sibling::div//i')\n        acceptdata.hover(\"符合结尾\")\n        sleep(1)\n        acceptdata.select_input(name)\n        sleep(1)\n        eles = acceptdata.finds_elements(By.XPATH, '//table[@class=\"vxe-table--body\"]//tr//td[3]')\n        sleep(1)\n        list_ = [ele.text for ele in eles]\n        assert len(list_) > 0\n>       assert all(str(item).endswith(name) for item in list_)\nE       assert False\nE        +  where False = all(<generator object TestSAcceptDataPage.test_acceptdata_select4.<locals>.<genexpr> at 0x00000208DD81BC30>)\n\nTests\\test_system\\test_acceptdata.py:334: AssertionError","flaky":false,"newFailed":false,"newBroken":false,"newPassed":false,"retriesCount":1,"retriesStatusChange":false,"beforeStages":[{"name":"login_to_acceptdata","time":{"start":1764196331320,"stop":1764196341913,"duration":10593},"status":"passed","steps":[],"attachments":[],"parameters":[],"attachmentsCount":0,"shouldDisplayMessage":false,"attachmentStep":false,"hasContent":false,"stepsCount":0}],"testStage":{"status":"failed","statusMessage":"AssertionError: assert False\n +  where False = all(<generator object TestSAcceptDataPage.test_acceptdata_select4.<locals>.<genexpr> at 0x00000208DD81BC30>)","statusTrace":"self = <test_system.test_acceptdata.TestSAcceptDataPage object at 0x00000208DB5EBBE0>, login_to_acceptdata = <selenium.webdriver.chrome.webdriver.WebDriver (session=\"8cea2c201a91971d696ea2abc8a3ffee\")>\n\n    @allure.story(\"过滤条件查询，设置符合结尾查询成功\")\n    # @pytest.mark.run(order=1)\n    def test_acceptdata_select4(self, login_to_acceptdata):\n        driver = login_to_acceptdata  # WebDriver 实例\n        acceptdata = ImpPage(driver)  # 用 driver 初始化 ImpPage\n        acceptdata.wait_for_el_loading_mask()\n        name = \"2\"\n        acceptdata.click_button('//div[p[text()=\"接口名称\"]]/following-sibling::div//i')\n        acceptdata.hover(\"符合结尾\")\n        sleep(1)\n        acceptdata.select_input(name)\n        sleep(1)\n        eles = acceptdata.finds_elements(By.XPATH, '//table[@class=\"vxe-table--body\"]//tr//td[3]')\n        sleep(1)\n        list_ = [ele.text for ele in eles]\n        assert len(list_) > 0\n>       assert all(str(item).endswith(name) for item in list_)\nE       assert False\nE        +  where False = all(<generator object TestSAcceptDataPage.test_acceptdata_select4.<locals>.<genexpr> at 0x00000208DD81BC30>)\n\nTests\\test_system\\test_acceptdata.py:334: AssertionError","steps":[],"attachments":[{"uid":"86034fcc01b37217","name":"test_acceptdata_select4_failure","source":"86034fcc01b37217.png","type":"image/png","size":98187},{"uid":"e0254c722af34f6b","name":"test_acceptdata_select4_source","source":"e0254c722af34f6b.html","type":"text/html","size":1165281},{"uid":"17df7f71902b639e","name":"log","source":"17df7f71902b639e.txt","type":"text/plain","size":3283}],"parameters":[],"attachmentsCount":3,"shouldDisplayMessage":true,"attachmentStep":false,"hasContent":true,"stepsCount":0},"afterStages":[{"name":"login_to_acceptdata::0","time":{"start":1764196350259,"stop":1764196352430,"duration":2171},"status":"passed","steps":[],"attachments":[],"parameters":[],"attachmentsCount":0,"shouldDisplayMessage":false,"attachmentStep":false,"hasContent":false,"stepsCount":0}],"labels":[{"name":"feature","value":"接收数据页用例"},{"name":"story","value":"过滤条件查询，设置符合结尾查询成功"},{"name":"parentSuite","value":"Tests.test_system"},{"name":"suite","value":"test_acceptdata"},{"name":"subSuite","value":"TestSAcceptDataPage"},{"name":"host","value":"WIN-20240820MJV"},{"name":"thread","value":"22520-MainThread"},{"name":"framework","value":"pytest"},{"name":"language","value":"cpython3"},{"name":"package","value":"Tests.test_system.test_acceptdata"},{"name":"resultFormat","value":"allure2"}],"parameters":[],"links":[],"hidden":false,"retry":false,"extra":{"severity":"normal","retries":[{"uid":"6e53deb4b07c6e92","status":"failed","statusDetails":"AssertionError: assert False\n +  where False = all(<generator object TestSAcceptDataPage.test_acceptdata_select4.<locals>.<genexpr> at 0x00000208DD81A110>)","time":{"start":1764196320748,"stop":1764196328966,"duration":8218}}],"categories":[{"name":"Product defects","matchedStatuses":[]}],"tags":[]},"source":"9624c8a9cd5cf153.json","parameterValues":[]}