{"uid":"96267801ba101449","name":"test_module_delsuccess","fullName":"Tests.test_system.test_module.TestSModulePage#test_module_delsuccess","historyId":"0e6035171a3144c5f7ad206515f9c6d6","time":{"start":1763072253712,"stop":1763072279193,"duration":25481},"status":"broken","statusMessage":"selenium.common.exceptions.TimeoutException: Message: \nStacktrace:\n\tGetHandleVerifier [0x0x7ff6784e6f65+78965]\n\tGetHandleVerifier [0x0x7ff6784e6fc0+79056]\n\t(No symbol) [0x0x7ff678279dda]\n\t(No symbol) [0x0x7ff6782d02ea]\n\t(No symbol) [0x0x7ff6782d059c]\n\t(No symbol) [0x0x7ff678323f37]\n\t(No symbol) [0x0x7ff6782f86af]\n\t(No symbol) [0x0x7ff678320dbe]\n\t(No symbol) [0x0x7ff6782f8443]\n\t(No symbol) [0x0x7ff6782c1311]\n\t(No symbol) [0x0x7ff6782c20a3]\n\tGetHandleVerifier [0x0x7ff67879e26d+2926461]\n\tGetHandleVerifier [0x0x7ff678798993+2903715]\n\tGetHandleVerifier [0x0x7ff6787b6aed+3026941]\n\tGetHandleVerifier [0x0x7ff6785016fe+187406]\n\tGetHandleVerifier [0x0x7ff6785096ef+220159]\n\tGetHandleVerifier [0x0x7ff6784efaf4+114692]\n\tGetHandleVerifier [0x0x7ff6784efca9+115129]\n\tGetHandleVerifier [0x0x7ff6784d64d8+10728]\n\tBaseThreadInitThunk [0x0x7ffdb4e97374+20]\n\tRtlUserThreadStart [0x0x7ffdb649cc91+33]","statusTrace":"self = <test_system.test_module.TestSModulePage object at 0x0000025DC5C57EB0>, login_to_module = <selenium.webdriver.chrome.webdriver.WebDriver (session=\"58747aa863f9ae0b491d7cc361f0ce0a\")>\n\n    @allure.story(\"删除测试数据成功，删除布局成功\")\n    # @pytest.mark.run(order=1)\n    def test_module_delsuccess(self, login_to_module):\n        driver = login_to_module  # WebDriver 实例\n        module = ExpressionPage(driver)  # 用 driver 初始化 ExpressionPage\n        layout = \"测试布局A\"\n    \n        value = ['ABCDAA']\n        module.del_all(xpath='//div[p[text()=\"模块代码\"]]/following-sibling::div//input', value=value)\n        itemdata = [\n            driver.find_elements(By.XPATH, f'//tr[./td[2][.//span[text()=\"{v}\"]]]/td[2]')\n            for v in value[:1]\n        ]\n>       module.del_layout(layout)\n\nTests\\test_system\\test_module.py:874: \n_ _ _ _ _ _ _ _ _ _ _ _ _ _ _ _ _ _ _ _ _ _ _ _ _ _ _ _ _ _ _ _ _ _ _ _ _ _ _ _ _ _ _ _ _ _ _ _ _ _ _ _ _ _ _ _ _ _ _ _ _ _ _ _ _ _ _ _ _ _ _ _ _ _ _ _ _ _ _ _ _ _ _ _ _ _ _ _ _ _ _ _ _ _ _ _ _ _ _ _ _ _ _ _ _ _ _ _ _ _ _ _ _ _ _ _\nPages\\systemPage\\expression_page.py:218: in del_layout\n    target_div = self.get_find_element_xpath(\nPages\\systemPage\\expression_page.py:29: in get_find_element_xpath\n    return self.find_element(By.XPATH, xpath)\nPages\\base_page.py:28: in find_element\n    return WebDriverWait(self.driver, wait_time).until(\n_ _ _ _ _ _ _ _ _ _ _ _ _ _ _ _ _ _ _ _ _ _ _ _ _ _ _ _ _ _ _ _ _ _ _ _ _ _ _ _ _ _ _ _ _ _ _ _ _ _ _ _ _ _ _ _ _ _ _ _ _ _ _ _ _ _ _ _ _ _ _ _ _ _ _ _ _ _ _ _ _ _ _ _ _ _ _ _ _ _ _ _ _ _ _ _ _ _ _ _ _ _ _ _ _ _ _ _ _ _ _ _ _ _ _ _\n\nself = <selenium.webdriver.support.wait.WebDriverWait (session=\"58747aa863f9ae0b491d7cc361f0ce0a\")>, method = <function presence_of_element_located.<locals>._predicate at 0x0000025DC7F0A3B0>, message = ''\n\n    def until(self, method: Callable[[D], Union[Literal[False], T]], message: str = \"\") -> T:\n        \"\"\"Wait until the method returns a value that is not False.\n    \n        Calls the method provided with the driver as an argument until the\n        return value does not evaluate to ``False``.\n    \n        Parameters:\n        -----------\n        method: callable(WebDriver)\n            - A callable object that takes a WebDriver instance as an argument.\n    \n        message: str\n            - Optional message for :exc:`TimeoutException`\n    \n        Return:\n        -------\n        object: T\n            - The result of the last call to `method`\n    \n        Raises:\n        -------\n        TimeoutException\n            - If 'method' does not return a truthy value within the WebDriverWait\n            object's timeout\n    \n        Example:\n        --------\n        >>> from selenium.webdriver.common.by import By\n        >>> from selenium.webdriver.support.ui import WebDriverWait\n        >>> from selenium.webdriver.support import expected_conditions as EC\n    \n        # Wait until an element is visible on the page\n        >>> wait = WebDriverWait(driver, 10)\n        >>> element = wait.until(EC.visibility_of_element_located((By.ID, \"exampleId\")))\n        >>> print(element.text)\n        \"\"\"\n        screen = None\n        stacktrace = None\n    \n        end_time = time.monotonic() + self._timeout\n        while True:\n            try:\n                value = method(self._driver)\n                if value:\n                    return value\n            except self._ignored_exceptions as exc:\n                screen = getattr(exc, \"screen\", None)\n                stacktrace = getattr(exc, \"stacktrace\", None)\n            if time.monotonic() > end_time:\n                break\n            time.sleep(self._poll)\n>       raise TimeoutException(message, screen, stacktrace)\nE       selenium.common.exceptions.TimeoutException: Message: \nE       Stacktrace:\nE       \tGetHandleVerifier [0x0x7ff6784e6f65+78965]\nE       \tGetHandleVerifier [0x0x7ff6784e6fc0+79056]\nE       \t(No symbol) [0x0x7ff678279dda]\nE       \t(No symbol) [0x0x7ff6782d02ea]\nE       \t(No symbol) [0x0x7ff6782d059c]\nE       \t(No symbol) [0x0x7ff678323f37]\nE       \t(No symbol) [0x0x7ff6782f86af]\nE       \t(No symbol) [0x0x7ff678320dbe]\nE       \t(No symbol) [0x0x7ff6782f8443]\nE       \t(No symbol) [0x0x7ff6782c1311]\nE       \t(No symbol) [0x0x7ff6782c20a3]\nE       \tGetHandleVerifier [0x0x7ff67879e26d+2926461]\nE       \tGetHandleVerifier [0x0x7ff678798993+2903715]\nE       \tGetHandleVerifier [0x0x7ff6787b6aed+3026941]\nE       \tGetHandleVerifier [0x0x7ff6785016fe+187406]\nE       \tGetHandleVerifier [0x0x7ff6785096ef+220159]\nE       \tGetHandleVerifier [0x0x7ff6784efaf4+114692]\nE       \tGetHandleVerifier [0x0x7ff6784efca9+115129]\nE       \tGetHandleVerifier [0x0x7ff6784d64d8+10728]\nE       \tBaseThreadInitThunk [0x0x7ffdb4e97374+20]\nE       \tRtlUserThreadStart [0x0x7ffdb649cc91+33]\n\nmyenv\\lib\\site-packages\\selenium\\webdriver\\support\\wait.py:138: TimeoutException","flaky":false,"newFailed":false,"newBroken":false,"newPassed":false,"retriesCount":0,"retriesStatusChange":false,"beforeStages":[{"name":"login_to_module","time":{"start":1763072238476,"stop":1763072253712,"duration":15236},"status":"passed","steps":[],"attachments":[],"parameters":[],"attachmentsCount":0,"shouldDisplayMessage":false,"stepsCount":0,"attachmentStep":false,"hasContent":false}],"testStage":{"status":"broken","statusMessage":"selenium.common.exceptions.TimeoutException: Message: \nStacktrace:\n\tGetHandleVerifier [0x0x7ff6784e6f65+78965]\n\tGetHandleVerifier [0x0x7ff6784e6fc0+79056]\n\t(No symbol) [0x0x7ff678279dda]\n\t(No symbol) [0x0x7ff6782d02ea]\n\t(No symbol) [0x0x7ff6782d059c]\n\t(No symbol) [0x0x7ff678323f37]\n\t(No symbol) [0x0x7ff6782f86af]\n\t(No symbol) [0x0x7ff678320dbe]\n\t(No symbol) [0x0x7ff6782f8443]\n\t(No symbol) [0x0x7ff6782c1311]\n\t(No symbol) [0x0x7ff6782c20a3]\n\tGetHandleVerifier [0x0x7ff67879e26d+2926461]\n\tGetHandleVerifier [0x0x7ff678798993+2903715]\n\tGetHandleVerifier [0x0x7ff6787b6aed+3026941]\n\tGetHandleVerifier [0x0x7ff6785016fe+187406]\n\tGetHandleVerifier [0x0x7ff6785096ef+220159]\n\tGetHandleVerifier [0x0x7ff6784efaf4+114692]\n\tGetHandleVerifier [0x0x7ff6784efca9+115129]\n\tGetHandleVerifier [0x0x7ff6784d64d8+10728]\n\tBaseThreadInitThunk [0x0x7ffdb4e97374+20]\n\tRtlUserThreadStart [0x0x7ffdb649cc91+33]","statusTrace":"self = <test_system.test_module.TestSModulePage object at 0x0000025DC5C57EB0>, login_to_module = <selenium.webdriver.chrome.webdriver.WebDriver (session=\"58747aa863f9ae0b491d7cc361f0ce0a\")>\n\n    @allure.story(\"删除测试数据成功，删除布局成功\")\n    # @pytest.mark.run(order=1)\n    def test_module_delsuccess(self, login_to_module):\n        driver = login_to_module  # WebDriver 实例\n        module = ExpressionPage(driver)  # 用 driver 初始化 ExpressionPage\n        layout = \"测试布局A\"\n    \n        value = ['ABCDAA']\n        module.del_all(xpath='//div[p[text()=\"模块代码\"]]/following-sibling::div//input', value=value)\n        itemdata = [\n            driver.find_elements(By.XPATH, f'//tr[./td[2][.//span[text()=\"{v}\"]]]/td[2]')\n            for v in value[:1]\n        ]\n>       module.del_layout(layout)\n\nTests\\test_system\\test_module.py:874: \n_ _ _ _ _ _ _ _ _ _ _ _ _ _ _ _ _ _ _ _ _ _ _ _ _ _ _ _ _ _ _ _ _ _ _ _ _ _ _ _ _ _ _ _ _ _ _ _ _ _ _ _ _ _ _ _ _ _ _ _ _ _ _ _ _ _ _ _ _ _ _ _ _ _ _ _ _ _ _ _ _ _ _ _ _ _ _ _ _ _ _ _ _ _ _ _ _ _ _ _ _ _ _ _ _ _ _ _ _ _ _ _ _ _ _ _\nPages\\systemPage\\expression_page.py:218: in del_layout\n    target_div = self.get_find_element_xpath(\nPages\\systemPage\\expression_page.py:29: in get_find_element_xpath\n    return self.find_element(By.XPATH, xpath)\nPages\\base_page.py:28: in find_element\n    return WebDriverWait(self.driver, wait_time).until(\n_ _ _ _ _ _ _ _ _ _ _ _ _ _ _ _ _ _ _ _ _ _ _ _ _ _ _ _ _ _ _ _ _ _ _ _ _ _ _ _ _ _ _ _ _ _ _ _ _ _ _ _ _ _ _ _ _ _ _ _ _ _ _ _ _ _ _ _ _ _ _ _ _ _ _ _ _ _ _ _ _ _ _ _ _ _ _ _ _ _ _ _ _ _ _ _ _ _ _ _ _ _ _ _ _ _ _ _ _ _ _ _ _ _ _ _\n\nself = <selenium.webdriver.support.wait.WebDriverWait (session=\"58747aa863f9ae0b491d7cc361f0ce0a\")>, method = <function presence_of_element_located.<locals>._predicate at 0x0000025DC7F0A3B0>, message = ''\n\n    def until(self, method: Callable[[D], Union[Literal[False], T]], message: str = \"\") -> T:\n        \"\"\"Wait until the method returns a value that is not False.\n    \n        Calls the method provided with the driver as an argument until the\n        return value does not evaluate to ``False``.\n    \n        Parameters:\n        -----------\n        method: callable(WebDriver)\n            - A callable object that takes a WebDriver instance as an argument.\n    \n        message: str\n            - Optional message for :exc:`TimeoutException`\n    \n        Return:\n        -------\n        object: T\n            - The result of the last call to `method`\n    \n        Raises:\n        -------\n        TimeoutException\n            - If 'method' does not return a truthy value within the WebDriverWait\n            object's timeout\n    \n        Example:\n        --------\n        >>> from selenium.webdriver.common.by import By\n        >>> from selenium.webdriver.support.ui import WebDriverWait\n        >>> from selenium.webdriver.support import expected_conditions as EC\n    \n        # Wait until an element is visible on the page\n        >>> wait = WebDriverWait(driver, 10)\n        >>> element = wait.until(EC.visibility_of_element_located((By.ID, \"exampleId\")))\n        >>> print(element.text)\n        \"\"\"\n        screen = None\n        stacktrace = None\n    \n        end_time = time.monotonic() + self._timeout\n        while True:\n            try:\n                value = method(self._driver)\n                if value:\n                    return value\n            except self._ignored_exceptions as exc:\n                screen = getattr(exc, \"screen\", None)\n                stacktrace = getattr(exc, \"stacktrace\", None)\n            if time.monotonic() > end_time:\n                break\n            time.sleep(self._poll)\n>       raise TimeoutException(message, screen, stacktrace)\nE       selenium.common.exceptions.TimeoutException: Message: \nE       Stacktrace:\nE       \tGetHandleVerifier [0x0x7ff6784e6f65+78965]\nE       \tGetHandleVerifier [0x0x7ff6784e6fc0+79056]\nE       \t(No symbol) [0x0x7ff678279dda]\nE       \t(No symbol) [0x0x7ff6782d02ea]\nE       \t(No symbol) [0x0x7ff6782d059c]\nE       \t(No symbol) [0x0x7ff678323f37]\nE       \t(No symbol) [0x0x7ff6782f86af]\nE       \t(No symbol) [0x0x7ff678320dbe]\nE       \t(No symbol) [0x0x7ff6782f8443]\nE       \t(No symbol) [0x0x7ff6782c1311]\nE       \t(No symbol) [0x0x7ff6782c20a3]\nE       \tGetHandleVerifier [0x0x7ff67879e26d+2926461]\nE       \tGetHandleVerifier [0x0x7ff678798993+2903715]\nE       \tGetHandleVerifier [0x0x7ff6787b6aed+3026941]\nE       \tGetHandleVerifier [0x0x7ff6785016fe+187406]\nE       \tGetHandleVerifier [0x0x7ff6785096ef+220159]\nE       \tGetHandleVerifier [0x0x7ff6784efaf4+114692]\nE       \tGetHandleVerifier [0x0x7ff6784efca9+115129]\nE       \tGetHandleVerifier [0x0x7ff6784d64d8+10728]\nE       \tBaseThreadInitThunk [0x0x7ffdb4e97374+20]\nE       \tRtlUserThreadStart [0x0x7ffdb649cc91+33]\n\nmyenv\\lib\\site-packages\\selenium\\webdriver\\support\\wait.py:138: TimeoutException","steps":[],"attachments":[{"uid":"a8bced25add6ebc4","name":"test_module_delsuccess_failure","source":"a8bced25add6ebc4.png","type":"image/png","size":75604},{"uid":"67a7ee88dc0712d5","name":"test_module_delsuccess_source","source":"67a7ee88dc0712d5.html","type":"text/html","size":1216047},{"uid":"a7b31184e1a2dad6","name":"log","source":"a7b31184e1a2dad6.txt","type":"text/plain","size":1711}],"parameters":[],"attachmentsCount":3,"shouldDisplayMessage":true,"stepsCount":0,"attachmentStep":false,"hasContent":true},"afterStages":[{"name":"login_to_module::0","time":{"start":1763072279356,"stop":1763072281512,"duration":2156},"status":"passed","steps":[],"attachments":[],"parameters":[],"attachmentsCount":0,"shouldDisplayMessage":false,"stepsCount":0,"attachmentStep":false,"hasContent":false}],"labels":[{"name":"story","value":"删除测试数据成功，删除布局成功"},{"name":"feature","value":"模块管理页用例"},{"name":"parentSuite","value":"Tests.test_system"},{"name":"suite","value":"test_module"},{"name":"subSuite","value":"TestSModulePage"},{"name":"host","value":"WIN-20240820MJV"},{"name":"thread","value":"22584-MainThread"},{"name":"framework","value":"pytest"},{"name":"language","value":"cpython3"},{"name":"package","value":"Tests.test_system.test_module"},{"name":"resultFormat","value":"allure2"}],"parameters":[],"links":[],"hidden":true,"retry":true,"extra":{"categories":[],"tags":[]},"source":"96267801ba101449.json","parameterValues":[]}