{"uid":"98e0e1faed4b1cb5","name":"test_apps_addfail1","fullName":"Tests.test_system.test_apps.TestSAppsPage#test_apps_addfail1","historyId":"828ab8be2243e2fc7e63779808fb01f1","time":{"start":1764280495876,"stop":1764280509980,"duration":14104},"status":"broken","statusMessage":"selenium.common.exceptions.TimeoutException: Message: \nStacktrace:\n\tGetHandleVerifier [0x0x7ff637c36f65+78965]\n\tGetHandleVerifier [0x0x7ff637c36fc0+79056]\n\t(No symbol) [0x0x7ff6379c9dda]\n\t(No symbol) [0x0x7ff637a202ea]\n\t(No symbol) [0x0x7ff637a2059c]\n\t(No symbol) [0x0x7ff637a73f37]\n\t(No symbol) [0x0x7ff637a486af]\n\t(No symbol) [0x0x7ff637a70dbe]\n\t(No symbol) [0x0x7ff637a48443]\n\t(No symbol) [0x0x7ff637a11311]\n\t(No symbol) [0x0x7ff637a120a3]\n\tGetHandleVerifier [0x0x7ff637eee26d+2926461]\n\tGetHandleVerifier [0x0x7ff637ee8993+2903715]\n\tGetHandleVerifier [0x0x7ff637f06aed+3026941]\n\tGetHandleVerifier [0x0x7ff637c516fe+187406]\n\tGetHandleVerifier [0x0x7ff637c596ef+220159]\n\tGetHandleVerifier [0x0x7ff637c3faf4+114692]\n\tGetHandleVerifier [0x0x7ff637c3fca9+115129]\n\tGetHandleVerifier [0x0x7ff637c264d8+10728]\n\tBaseThreadInitThunk [0x0x7ffd261d7374+20]\n\tRtlUserThreadStart [0x0x7ffd2797cc91+33]","statusTrace":"self = <test_system.test_apps.TestSAppsPage object at 0x000001DE7D75BA60>, login_to_apps = <selenium.webdriver.chrome.webdriver.WebDriver (session=\"237bbe3da6d2ff9fac8440873c304fd2\")>\n\n    @allure.story(\"新增直接点击保存不允许添加\")\n    # @pytest.mark.run(order=1)\n    def test_apps_addfail1(self, login_to_apps):\n        driver = login_to_apps  # WebDriver 实例\n        apps = AppsPage(driver)  # 用 driver 初始化 ExpressionPage\n        layout = \"测试布局A\"\n        apps.add_layout(layout)\n        # 获取布局名称的文本元素\n>       name = apps.get_find_element_xpath(\n            f'//div[@class=\"tabsDivItemCon\"]/div[text()=\" {layout} \"]'\n        ).text\n\nTests\\test_system\\test_apps.py:72: \n_ _ _ _ _ _ _ _ _ _ _ _ _ _ _ _ _ _ _ _ _ _ _ _ _ _ _ _ _ _ _ _ _ _ _ _ _ _ _ _ _ _ _ _ _ _ _ _ _ _ _ _ _ _ _ _ _ _ _ _ _ _ _ _ _ _ _ _ _ _ _ _ _ _ _ _ _ _ _ _ _ _ _ _ _ _ _ _ _ _ _ _ _ _ _ _ _ _ _ _ _ _ _ _ _ _ _ _ _ _ _ _ _ _ _ _\nPages\\systemPage\\apps_page.py:29: in get_find_element_xpath\n    return self.find_element(By.XPATH, xpath)\nPages\\base_page.py:28: in find_element\n    return WebDriverWait(self.driver, wait_time).until(\n_ _ _ _ _ _ _ _ _ _ _ _ _ _ _ _ _ _ _ _ _ _ _ _ _ _ _ _ _ _ _ _ _ _ _ _ _ _ _ _ _ _ _ _ _ _ _ _ _ _ _ _ _ _ _ _ _ _ _ _ _ _ _ _ _ _ _ _ _ _ _ _ _ _ _ _ _ _ _ _ _ _ _ _ _ _ _ _ _ _ _ _ _ _ _ _ _ _ _ _ _ _ _ _ _ _ _ _ _ _ _ _ _ _ _ _\n\nself = <selenium.webdriver.support.wait.WebDriverWait (session=\"237bbe3da6d2ff9fac8440873c304fd2\")>, method = <function presence_of_element_located.<locals>._predicate at 0x000001DE006C5360>, message = ''\n\n    def until(self, method: Callable[[D], Union[Literal[False], T]], message: str = \"\") -> T:\n        \"\"\"Wait until the method returns a value that is not False.\n    \n        Calls the method provided with the driver as an argument until the\n        return value does not evaluate to ``False``.\n    \n        Parameters:\n        -----------\n        method: callable(WebDriver)\n            - A callable object that takes a WebDriver instance as an argument.\n    \n        message: str\n            - Optional message for :exc:`TimeoutException`\n    \n        Return:\n        -------\n        object: T\n            - The result of the last call to `method`\n    \n        Raises:\n        -------\n        TimeoutException\n            - If 'method' does not return a truthy value within the WebDriverWait\n            object's timeout\n    \n        Example:\n        --------\n        >>> from selenium.webdriver.common.by import By\n        >>> from selenium.webdriver.support.ui import WebDriverWait\n        >>> from selenium.webdriver.support import expected_conditions as EC\n    \n        # Wait until an element is visible on the page\n        >>> wait = WebDriverWait(driver, 10)\n        >>> element = wait.until(EC.visibility_of_element_located((By.ID, \"exampleId\")))\n        >>> print(element.text)\n        \"\"\"\n        screen = None\n        stacktrace = None\n    \n        end_time = time.monotonic() + self._timeout\n        while True:\n            try:\n                value = method(self._driver)\n                if value:\n                    return value\n            except self._ignored_exceptions as exc:\n                screen = getattr(exc, \"screen\", None)\n                stacktrace = getattr(exc, \"stacktrace\", None)\n            if time.monotonic() > end_time:\n                break\n            time.sleep(self._poll)\n>       raise TimeoutException(message, screen, stacktrace)\nE       selenium.common.exceptions.TimeoutException: Message: \nE       Stacktrace:\nE       \tGetHandleVerifier [0x0x7ff637c36f65+78965]\nE       \tGetHandleVerifier [0x0x7ff637c36fc0+79056]\nE       \t(No symbol) [0x0x7ff6379c9dda]\nE       \t(No symbol) [0x0x7ff637a202ea]\nE       \t(No symbol) [0x0x7ff637a2059c]\nE       \t(No symbol) [0x0x7ff637a73f37]\nE       \t(No symbol) [0x0x7ff637a486af]\nE       \t(No symbol) [0x0x7ff637a70dbe]\nE       \t(No symbol) [0x0x7ff637a48443]\nE       \t(No symbol) [0x0x7ff637a11311]\nE       \t(No symbol) [0x0x7ff637a120a3]\nE       \tGetHandleVerifier [0x0x7ff637eee26d+2926461]\nE       \tGetHandleVerifier [0x0x7ff637ee8993+2903715]\nE       \tGetHandleVerifier [0x0x7ff637f06aed+3026941]\nE       \tGetHandleVerifier [0x0x7ff637c516fe+187406]\nE       \tGetHandleVerifier [0x0x7ff637c596ef+220159]\nE       \tGetHandleVerifier [0x0x7ff637c3faf4+114692]\nE       \tGetHandleVerifier [0x0x7ff637c3fca9+115129]\nE       \tGetHandleVerifier [0x0x7ff637c264d8+10728]\nE       \tBaseThreadInitThunk [0x0x7ffd261d7374+20]\nE       \tRtlUserThreadStart [0x0x7ffd2797cc91+33]\n\nmyenv\\lib\\site-packages\\selenium\\webdriver\\support\\wait.py:138: TimeoutException","flaky":false,"newFailed":false,"newBroken":false,"newPassed":false,"retriesCount":0,"retriesStatusChange":false,"beforeStages":[{"name":"login_to_apps","time":{"start":1764280486793,"stop":1764280495876,"duration":9083},"status":"passed","steps":[],"attachments":[],"parameters":[],"shouldDisplayMessage":false,"attachmentsCount":0,"stepsCount":0,"attachmentStep":false,"hasContent":false}],"testStage":{"status":"broken","statusMessage":"selenium.common.exceptions.TimeoutException: Message: \nStacktrace:\n\tGetHandleVerifier [0x0x7ff637c36f65+78965]\n\tGetHandleVerifier [0x0x7ff637c36fc0+79056]\n\t(No symbol) [0x0x7ff6379c9dda]\n\t(No symbol) [0x0x7ff637a202ea]\n\t(No symbol) [0x0x7ff637a2059c]\n\t(No symbol) [0x0x7ff637a73f37]\n\t(No symbol) [0x0x7ff637a486af]\n\t(No symbol) [0x0x7ff637a70dbe]\n\t(No symbol) [0x0x7ff637a48443]\n\t(No symbol) [0x0x7ff637a11311]\n\t(No symbol) [0x0x7ff637a120a3]\n\tGetHandleVerifier [0x0x7ff637eee26d+2926461]\n\tGetHandleVerifier [0x0x7ff637ee8993+2903715]\n\tGetHandleVerifier [0x0x7ff637f06aed+3026941]\n\tGetHandleVerifier [0x0x7ff637c516fe+187406]\n\tGetHandleVerifier [0x0x7ff637c596ef+220159]\n\tGetHandleVerifier [0x0x7ff637c3faf4+114692]\n\tGetHandleVerifier [0x0x7ff637c3fca9+115129]\n\tGetHandleVerifier [0x0x7ff637c264d8+10728]\n\tBaseThreadInitThunk [0x0x7ffd261d7374+20]\n\tRtlUserThreadStart [0x0x7ffd2797cc91+33]","statusTrace":"self = <test_system.test_apps.TestSAppsPage object at 0x000001DE7D75BA60>, login_to_apps = <selenium.webdriver.chrome.webdriver.WebDriver (session=\"237bbe3da6d2ff9fac8440873c304fd2\")>\n\n    @allure.story(\"新增直接点击保存不允许添加\")\n    # @pytest.mark.run(order=1)\n    def test_apps_addfail1(self, login_to_apps):\n        driver = login_to_apps  # WebDriver 实例\n        apps = AppsPage(driver)  # 用 driver 初始化 ExpressionPage\n        layout = \"测试布局A\"\n        apps.add_layout(layout)\n        # 获取布局名称的文本元素\n>       name = apps.get_find_element_xpath(\n            f'//div[@class=\"tabsDivItemCon\"]/div[text()=\" {layout} \"]'\n        ).text\n\nTests\\test_system\\test_apps.py:72: \n_ _ _ _ _ _ _ _ _ _ _ _ _ _ _ _ _ _ _ _ _ _ _ _ _ _ _ _ _ _ _ _ _ _ _ _ _ _ _ _ _ _ _ _ _ _ _ _ _ _ _ _ _ _ _ _ _ _ _ _ _ _ _ _ _ _ _ _ _ _ _ _ _ _ _ _ _ _ _ _ _ _ _ _ _ _ _ _ _ _ _ _ _ _ _ _ _ _ _ _ _ _ _ _ _ _ _ _ _ _ _ _ _ _ _ _\nPages\\systemPage\\apps_page.py:29: in get_find_element_xpath\n    return self.find_element(By.XPATH, xpath)\nPages\\base_page.py:28: in find_element\n    return WebDriverWait(self.driver, wait_time).until(\n_ _ _ _ _ _ _ _ _ _ _ _ _ _ _ _ _ _ _ _ _ _ _ _ _ _ _ _ _ _ _ _ _ _ _ _ _ _ _ _ _ _ _ _ _ _ _ _ _ _ _ _ _ _ _ _ _ _ _ _ _ _ _ _ _ _ _ _ _ _ _ _ _ _ _ _ _ _ _ _ _ _ _ _ _ _ _ _ _ _ _ _ _ _ _ _ _ _ _ _ _ _ _ _ _ _ _ _ _ _ _ _ _ _ _ _\n\nself = <selenium.webdriver.support.wait.WebDriverWait (session=\"237bbe3da6d2ff9fac8440873c304fd2\")>, method = <function presence_of_element_located.<locals>._predicate at 0x000001DE006C5360>, message = ''\n\n    def until(self, method: Callable[[D], Union[Literal[False], T]], message: str = \"\") -> T:\n        \"\"\"Wait until the method returns a value that is not False.\n    \n        Calls the method provided with the driver as an argument until the\n        return value does not evaluate to ``False``.\n    \n        Parameters:\n        -----------\n        method: callable(WebDriver)\n            - A callable object that takes a WebDriver instance as an argument.\n    \n        message: str\n            - Optional message for :exc:`TimeoutException`\n    \n        Return:\n        -------\n        object: T\n            - The result of the last call to `method`\n    \n        Raises:\n        -------\n        TimeoutException\n            - If 'method' does not return a truthy value within the WebDriverWait\n            object's timeout\n    \n        Example:\n        --------\n        >>> from selenium.webdriver.common.by import By\n        >>> from selenium.webdriver.support.ui import WebDriverWait\n        >>> from selenium.webdriver.support import expected_conditions as EC\n    \n        # Wait until an element is visible on the page\n        >>> wait = WebDriverWait(driver, 10)\n        >>> element = wait.until(EC.visibility_of_element_located((By.ID, \"exampleId\")))\n        >>> print(element.text)\n        \"\"\"\n        screen = None\n        stacktrace = None\n    \n        end_time = time.monotonic() + self._timeout\n        while True:\n            try:\n                value = method(self._driver)\n                if value:\n                    return value\n            except self._ignored_exceptions as exc:\n                screen = getattr(exc, \"screen\", None)\n                stacktrace = getattr(exc, \"stacktrace\", None)\n            if time.monotonic() > end_time:\n                break\n            time.sleep(self._poll)\n>       raise TimeoutException(message, screen, stacktrace)\nE       selenium.common.exceptions.TimeoutException: Message: \nE       Stacktrace:\nE       \tGetHandleVerifier [0x0x7ff637c36f65+78965]\nE       \tGetHandleVerifier [0x0x7ff637c36fc0+79056]\nE       \t(No symbol) [0x0x7ff6379c9dda]\nE       \t(No symbol) [0x0x7ff637a202ea]\nE       \t(No symbol) [0x0x7ff637a2059c]\nE       \t(No symbol) [0x0x7ff637a73f37]\nE       \t(No symbol) [0x0x7ff637a486af]\nE       \t(No symbol) [0x0x7ff637a70dbe]\nE       \t(No symbol) [0x0x7ff637a48443]\nE       \t(No symbol) [0x0x7ff637a11311]\nE       \t(No symbol) [0x0x7ff637a120a3]\nE       \tGetHandleVerifier [0x0x7ff637eee26d+2926461]\nE       \tGetHandleVerifier [0x0x7ff637ee8993+2903715]\nE       \tGetHandleVerifier [0x0x7ff637f06aed+3026941]\nE       \tGetHandleVerifier [0x0x7ff637c516fe+187406]\nE       \tGetHandleVerifier [0x0x7ff637c596ef+220159]\nE       \tGetHandleVerifier [0x0x7ff637c3faf4+114692]\nE       \tGetHandleVerifier [0x0x7ff637c3fca9+115129]\nE       \tGetHandleVerifier [0x0x7ff637c264d8+10728]\nE       \tBaseThreadInitThunk [0x0x7ffd261d7374+20]\nE       \tRtlUserThreadStart [0x0x7ffd2797cc91+33]\n\nmyenv\\lib\\site-packages\\selenium\\webdriver\\support\\wait.py:138: TimeoutException","steps":[],"attachments":[{"uid":"b0fbf083ff7b95d5","name":"test_apps_addfail1_failure","source":"b0fbf083ff7b95d5.png","type":"image/png","size":174062},{"uid":"d5616fbee23af3d","name":"test_apps_addfail1_source","source":"d5616fbee23af3d.html","type":"text/html","size":1441526},{"uid":"77f83913ee50d110","name":"log","source":"77f83913ee50d110.txt","type":"text/plain","size":2490}],"parameters":[],"shouldDisplayMessage":true,"attachmentsCount":3,"stepsCount":0,"attachmentStep":false,"hasContent":true},"afterStages":[{"name":"login_to_apps::0","time":{"start":1764280510167,"stop":1764280512329,"duration":2162},"status":"passed","steps":[],"attachments":[],"parameters":[],"shouldDisplayMessage":false,"attachmentsCount":0,"stepsCount":0,"attachmentStep":false,"hasContent":false}],"labels":[{"name":"story","value":"新增直接点击保存不允许添加"},{"name":"feature","value":"应用管理页用例"},{"name":"parentSuite","value":"Tests.test_system"},{"name":"suite","value":"test_apps"},{"name":"subSuite","value":"TestSAppsPage"},{"name":"host","value":"WIN-20240820MJV"},{"name":"thread","value":"20860-MainThread"},{"name":"framework","value":"pytest"},{"name":"language","value":"cpython3"},{"name":"package","value":"Tests.test_system.test_apps"},{"name":"resultFormat","value":"allure2"}],"parameters":[],"links":[],"hidden":true,"retry":true,"extra":{"categories":[],"tags":[]},"source":"98e0e1faed4b1cb5.json","parameterValues":[]}