{"uid":"9a217066f3df1fb4","name":"test_imp_del","fullName":"Tests.test_system.test_imp.TestImpPage#test_imp_del","historyId":"e9e60197b899badfa05033411cc85f96","time":{"start":1761638922103,"stop":1761638933318,"duration":11215},"status":"broken","statusMessage":"selenium.common.exceptions.TimeoutException: Message: 点击失败，找不到元素：xpath = //div[@class=\"d-alIt-ba cursor-pointer m-l-22 col-black font14\"]//li[text()=\"1导入设置方案\"]","statusTrace":"self = <Pages.systemPage.imp_page.ImpPage object at 0x000001E82D1A0250>, by_or_element = 'xpath', value = '//div[@class=\"d-alIt-ba cursor-pointer m-l-22 col-black font14\"]//li[text()=\"1导入设置方案\"]', wait_time = 10\n\n    def click(self, by_or_element, value=None, wait_time=10):\n        if value is not None:\n            by = by_or_element\n            logging.info(f\"点击元素：By = {by}, Value = {value}\")\n            try:\n>               element = WebDriverWait(self.driver, wait_time).until(\n                    EC.element_to_be_clickable((by, value))\n                )\n\nPages\\base_page.py:45: \n_ _ _ _ _ _ _ _ _ _ _ _ _ _ _ _ _ _ _ _ _ _ _ _ _ _ _ _ _ _ _ _ _ _ _ _ _ _ _ _ _ _ _ _ _ _ _ _ _ _ _ _ _ _ _ _ _ _ _ _ _ _ _ _ _ _ _ _ _ _ _ _ _ _ _ _ _ _ _ _ _ _ _ _ _ _ _ _ _ _ _ _ _ _ _ _ _ _ _ _ _ _ _ _ _ _ _ _ _ _ _ _ _ _ _ _\n\nself = <selenium.webdriver.support.wait.WebDriverWait (session=\"e6ef6f92142f742f08b6eca1d2afdb0a\")>, method = <function element_to_be_clickable.<locals>._predicate at 0x000001E82D312830>, message = ''\n\n    def until(self, method: Callable[[D], Union[Literal[False], T]], message: str = \"\") -> T:\n        \"\"\"Wait until the method returns a value that is not False.\n    \n        Calls the method provided with the driver as an argument until the\n        return value does not evaluate to ``False``.\n    \n        Parameters:\n        -----------\n        method: callable(WebDriver)\n            - A callable object that takes a WebDriver instance as an argument.\n    \n        message: str\n            - Optional message for :exc:`TimeoutException`\n    \n        Return:\n        -------\n        object: T\n            - The result of the last call to `method`\n    \n        Raises:\n        -------\n        TimeoutException\n            - If 'method' does not return a truthy value within the WebDriverWait\n            object's timeout\n    \n        Example:\n        --------\n        >>> from selenium.webdriver.common.by import By\n        >>> from selenium.webdriver.support.ui import WebDriverWait\n        >>> from selenium.webdriver.support import expected_conditions as EC\n    \n        # Wait until an element is visible on the page\n        >>> wait = WebDriverWait(driver, 10)\n        >>> element = wait.until(EC.visibility_of_element_located((By.ID, \"exampleId\")))\n        >>> print(element.text)\n        \"\"\"\n        screen = None\n        stacktrace = None\n    \n        end_time = time.monotonic() + self._timeout\n        while True:\n            try:\n                value = method(self._driver)\n                if value:\n                    return value\n            except self._ignored_exceptions as exc:\n                screen = getattr(exc, \"screen\", None)\n                stacktrace = getattr(exc, \"stacktrace\", None)\n            if time.monotonic() > end_time:\n                break\n            time.sleep(self._poll)\n>       raise TimeoutException(message, screen, stacktrace)\nE       selenium.common.exceptions.TimeoutException: Message: \nE       Stacktrace:\nE       \tGetHandleVerifier [0x0x7ff6151c6f65+78965]\nE       \tGetHandleVerifier [0x0x7ff6151c6fc0+79056]\nE       \t(No symbol) [0x0x7ff614f59dda]\nE       \t(No symbol) [0x0x7ff614fb02ea]\nE       \t(No symbol) [0x0x7ff614fb059c]\nE       \t(No symbol) [0x0x7ff615003f37]\nE       \t(No symbol) [0x0x7ff614fd86af]\nE       \t(No symbol) [0x0x7ff615000dbe]\nE       \t(No symbol) [0x0x7ff614fd8443]\nE       \t(No symbol) [0x0x7ff614fa1311]\nE       \t(No symbol) [0x0x7ff614fa20a3]\nE       \tGetHandleVerifier [0x0x7ff61547e26d+2926461]\nE       \tGetHandleVerifier [0x0x7ff615478993+2903715]\nE       \tGetHandleVerifier [0x0x7ff615496aed+3026941]\nE       \tGetHandleVerifier [0x0x7ff6151e16fe+187406]\nE       \tGetHandleVerifier [0x0x7ff6151e96ef+220159]\nE       \tGetHandleVerifier [0x0x7ff6151cfaf4+114692]\nE       \tGetHandleVerifier [0x0x7ff6151cfca9+115129]\nE       \tGetHandleVerifier [0x0x7ff6151b64d8+10728]\nE       \tBaseThreadInitThunk [0x0x7ffee7407374+20]\nE       \tRtlUserThreadStart [0x0x7ffee89bcc91+33]\n\nmyenv\\lib\\site-packages\\selenium\\webdriver\\support\\wait.py:138: TimeoutException\n\nDuring handling of the above exception, another exception occurred:\n\nself = <test_system.test_imp.TestImpPage object at 0x000001E82D21DFF0>, login_to_imp = <selenium.webdriver.chrome.webdriver.WebDriver (session=\"e6ef6f92142f742f08b6eca1d2afdb0a\")>\n\n    @allure.story(\"删除方案成功\")\n    # @pytest.mark.run(order=1)\n    def test_imp_del(self, login_to_imp):\n        driver = login_to_imp  # WebDriver 实例\n        imp = ImpPage(driver)  # 用 driver 初始化 ImpPage\n        import_name = [\n            \"1导入设置方案\",\n            \"111111111111111133331122221111222221111111113333111111144444111111111111111111111111111111111111111111111111\",\n        ]\n>       imp.del_all(import_name)\n\nTests\\test_system\\test_imp.py:287: \n_ _ _ _ _ _ _ _ _ _ _ _ _ _ _ _ _ _ _ _ _ _ _ _ _ _ _ _ _ _ _ _ _ _ _ _ _ _ _ _ _ _ _ _ _ _ _ _ _ _ _ _ _ _ _ _ _ _ _ _ _ _ _ _ _ _ _ _ _ _ _ _ _ _ _ _ _ _ _ _ _ _ _ _ _ _ _ _ _ _ _ _ _ _ _ _ _ _ _ _ _ _ _ _ _ _ _ _ _ _ _ _ _ _ _ _\nPages\\systemPage\\imp_page.py:86: in del_all\n    self.click_button(f'//div[@class=\"d-alIt-ba cursor-pointer m-l-22 col-black font14\"]//li[text()=\"{v}\"]')\nPages\\systemPage\\imp_page.py:23: in click_button\n    self.click(By.XPATH, xpath)\n_ _ _ _ _ _ _ _ _ _ _ _ _ _ _ _ _ _ _ _ _ _ _ _ _ _ _ _ _ _ _ _ _ _ _ _ _ _ _ _ _ _ _ _ _ _ _ _ _ _ _ _ _ _ _ _ _ _ _ _ _ _ _ _ _ _ _ _ _ _ _ _ _ _ _ _ _ _ _ _ _ _ _ _ _ _ _ _ _ _ _ _ _ _ _ _ _ _ _ _ _ _ _ _ _ _ _ _ _ _ _ _ _ _ _ _\n\nself = <Pages.systemPage.imp_page.ImpPage object at 0x000001E82D1A0250>, by_or_element = 'xpath', value = '//div[@class=\"d-alIt-ba cursor-pointer m-l-22 col-black font14\"]//li[text()=\"1导入设置方案\"]', wait_time = 10\n\n    def click(self, by_or_element, value=None, wait_time=10):\n        if value is not None:\n            by = by_or_element\n            logging.info(f\"点击元素：By = {by}, Value = {value}\")\n            try:\n                element = WebDriverWait(self.driver, wait_time).until(\n                    EC.element_to_be_clickable((by, value))\n                )\n            except TimeoutException:\n                logging.warning(f\"❌ 点击超时：元素 {by} = {value} 未在 {wait_time} 秒内变为可点击\")\n>               raise TimeoutException(f\"点击失败，找不到元素：{by} = {value}\")\nE               selenium.common.exceptions.TimeoutException: Message: 点击失败，找不到元素：xpath = //div[@class=\"d-alIt-ba cursor-pointer m-l-22 col-black font14\"]//li[text()=\"1导入设置方案\"]\n\nPages\\base_page.py:50: TimeoutException","flaky":false,"newFailed":false,"newBroken":false,"newPassed":false,"retriesCount":0,"retriesStatusChange":false,"beforeStages":[{"name":"login_to_imp","time":{"start":1761638906096,"stop":1761638922102,"duration":16006},"status":"passed","steps":[],"attachments":[],"parameters":[],"attachmentsCount":0,"shouldDisplayMessage":false,"stepsCount":0,"hasContent":false,"attachmentStep":false}],"testStage":{"status":"broken","statusMessage":"selenium.common.exceptions.TimeoutException: Message: 点击失败，找不到元素：xpath = //div[@class=\"d-alIt-ba cursor-pointer m-l-22 col-black font14\"]//li[text()=\"1导入设置方案\"]","statusTrace":"self = <Pages.systemPage.imp_page.ImpPage object at 0x000001E82D1A0250>, by_or_element = 'xpath', value = '//div[@class=\"d-alIt-ba cursor-pointer m-l-22 col-black font14\"]//li[text()=\"1导入设置方案\"]', wait_time = 10\n\n    def click(self, by_or_element, value=None, wait_time=10):\n        if value is not None:\n            by = by_or_element\n            logging.info(f\"点击元素：By = {by}, Value = {value}\")\n            try:\n>               element = WebDriverWait(self.driver, wait_time).until(\n                    EC.element_to_be_clickable((by, value))\n                )\n\nPages\\base_page.py:45: \n_ _ _ _ _ _ _ _ _ _ _ _ _ _ _ _ _ _ _ _ _ _ _ _ _ _ _ _ _ _ _ _ _ _ _ _ _ _ _ _ _ _ _ _ _ _ _ _ _ _ _ _ _ _ _ _ _ _ _ _ _ _ _ _ _ _ _ _ _ _ _ _ _ _ _ _ _ _ _ _ _ _ _ _ _ _ _ _ _ _ _ _ _ _ _ _ _ _ _ _ _ _ _ _ _ _ _ _ _ _ _ _ _ _ _ _\n\nself = <selenium.webdriver.support.wait.WebDriverWait (session=\"e6ef6f92142f742f08b6eca1d2afdb0a\")>, method = <function element_to_be_clickable.<locals>._predicate at 0x000001E82D312830>, message = ''\n\n    def until(self, method: Callable[[D], Union[Literal[False], T]], message: str = \"\") -> T:\n        \"\"\"Wait until the method returns a value that is not False.\n    \n        Calls the method provided with the driver as an argument until the\n        return value does not evaluate to ``False``.\n    \n        Parameters:\n        -----------\n        method: callable(WebDriver)\n            - A callable object that takes a WebDriver instance as an argument.\n    \n        message: str\n            - Optional message for :exc:`TimeoutException`\n    \n        Return:\n        -------\n        object: T\n            - The result of the last call to `method`\n    \n        Raises:\n        -------\n        TimeoutException\n            - If 'method' does not return a truthy value within the WebDriverWait\n            object's timeout\n    \n        Example:\n        --------\n        >>> from selenium.webdriver.common.by import By\n        >>> from selenium.webdriver.support.ui import WebDriverWait\n        >>> from selenium.webdriver.support import expected_conditions as EC\n    \n        # Wait until an element is visible on the page\n        >>> wait = WebDriverWait(driver, 10)\n        >>> element = wait.until(EC.visibility_of_element_located((By.ID, \"exampleId\")))\n        >>> print(element.text)\n        \"\"\"\n        screen = None\n        stacktrace = None\n    \n        end_time = time.monotonic() + self._timeout\n        while True:\n            try:\n                value = method(self._driver)\n                if value:\n                    return value\n            except self._ignored_exceptions as exc:\n                screen = getattr(exc, \"screen\", None)\n                stacktrace = getattr(exc, \"stacktrace\", None)\n            if time.monotonic() > end_time:\n                break\n            time.sleep(self._poll)\n>       raise TimeoutException(message, screen, stacktrace)\nE       selenium.common.exceptions.TimeoutException: Message: \nE       Stacktrace:\nE       \tGetHandleVerifier [0x0x7ff6151c6f65+78965]\nE       \tGetHandleVerifier [0x0x7ff6151c6fc0+79056]\nE       \t(No symbol) [0x0x7ff614f59dda]\nE       \t(No symbol) [0x0x7ff614fb02ea]\nE       \t(No symbol) [0x0x7ff614fb059c]\nE       \t(No symbol) [0x0x7ff615003f37]\nE       \t(No symbol) [0x0x7ff614fd86af]\nE       \t(No symbol) [0x0x7ff615000dbe]\nE       \t(No symbol) [0x0x7ff614fd8443]\nE       \t(No symbol) [0x0x7ff614fa1311]\nE       \t(No symbol) [0x0x7ff614fa20a3]\nE       \tGetHandleVerifier [0x0x7ff61547e26d+2926461]\nE       \tGetHandleVerifier [0x0x7ff615478993+2903715]\nE       \tGetHandleVerifier [0x0x7ff615496aed+3026941]\nE       \tGetHandleVerifier [0x0x7ff6151e16fe+187406]\nE       \tGetHandleVerifier [0x0x7ff6151e96ef+220159]\nE       \tGetHandleVerifier [0x0x7ff6151cfaf4+114692]\nE       \tGetHandleVerifier [0x0x7ff6151cfca9+115129]\nE       \tGetHandleVerifier [0x0x7ff6151b64d8+10728]\nE       \tBaseThreadInitThunk [0x0x7ffee7407374+20]\nE       \tRtlUserThreadStart [0x0x7ffee89bcc91+33]\n\nmyenv\\lib\\site-packages\\selenium\\webdriver\\support\\wait.py:138: TimeoutException\n\nDuring handling of the above exception, another exception occurred:\n\nself = <test_system.test_imp.TestImpPage object at 0x000001E82D21DFF0>, login_to_imp = <selenium.webdriver.chrome.webdriver.WebDriver (session=\"e6ef6f92142f742f08b6eca1d2afdb0a\")>\n\n    @allure.story(\"删除方案成功\")\n    # @pytest.mark.run(order=1)\n    def test_imp_del(self, login_to_imp):\n        driver = login_to_imp  # WebDriver 实例\n        imp = ImpPage(driver)  # 用 driver 初始化 ImpPage\n        import_name = [\n            \"1导入设置方案\",\n            \"111111111111111133331122221111222221111111113333111111144444111111111111111111111111111111111111111111111111\",\n        ]\n>       imp.del_all(import_name)\n\nTests\\test_system\\test_imp.py:287: \n_ _ _ _ _ _ _ _ _ _ _ _ _ _ _ _ _ _ _ _ _ _ _ _ _ _ _ _ _ _ _ _ _ _ _ _ _ _ _ _ _ _ _ _ _ _ _ _ _ _ _ _ _ _ _ _ _ _ _ _ _ _ _ _ _ _ _ _ _ _ _ _ _ _ _ _ _ _ _ _ _ _ _ _ _ _ _ _ _ _ _ _ _ _ _ _ _ _ _ _ _ _ _ _ _ _ _ _ _ _ _ _ _ _ _ _\nPages\\systemPage\\imp_page.py:86: in del_all\n    self.click_button(f'//div[@class=\"d-alIt-ba cursor-pointer m-l-22 col-black font14\"]//li[text()=\"{v}\"]')\nPages\\systemPage\\imp_page.py:23: in click_button\n    self.click(By.XPATH, xpath)\n_ _ _ _ _ _ _ _ _ _ _ _ _ _ _ _ _ _ _ _ _ _ _ _ _ _ _ _ _ _ _ _ _ _ _ _ _ _ _ _ _ _ _ _ _ _ _ _ _ _ _ _ _ _ _ _ _ _ _ _ _ _ _ _ _ _ _ _ _ _ _ _ _ _ _ _ _ _ _ _ _ _ _ _ _ _ _ _ _ _ _ _ _ _ _ _ _ _ _ _ _ _ _ _ _ _ _ _ _ _ _ _ _ _ _ _\n\nself = <Pages.systemPage.imp_page.ImpPage object at 0x000001E82D1A0250>, by_or_element = 'xpath', value = '//div[@class=\"d-alIt-ba cursor-pointer m-l-22 col-black font14\"]//li[text()=\"1导入设置方案\"]', wait_time = 10\n\n    def click(self, by_or_element, value=None, wait_time=10):\n        if value is not None:\n            by = by_or_element\n            logging.info(f\"点击元素：By = {by}, Value = {value}\")\n            try:\n                element = WebDriverWait(self.driver, wait_time).until(\n                    EC.element_to_be_clickable((by, value))\n                )\n            except TimeoutException:\n                logging.warning(f\"❌ 点击超时：元素 {by} = {value} 未在 {wait_time} 秒内变为可点击\")\n>               raise TimeoutException(f\"点击失败，找不到元素：{by} = {value}\")\nE               selenium.common.exceptions.TimeoutException: Message: 点击失败，找不到元素：xpath = //div[@class=\"d-alIt-ba cursor-pointer m-l-22 col-black font14\"]//li[text()=\"1导入设置方案\"]\n\nPages\\base_page.py:50: TimeoutException","steps":[],"attachments":[{"uid":"8a9f8eb68995e400","name":"test_imp_del_failure","source":"8a9f8eb68995e400.png","type":"image/png","size":49610},{"uid":"59b56d1f8048067d","name":"test_imp_del_source","source":"59b56d1f8048067d.html","type":"text/html","size":1066821},{"uid":"912f41c002914ad1","name":"log","source":"912f41c002914ad1.txt","type":"text/plain","size":1356}],"parameters":[],"attachmentsCount":3,"shouldDisplayMessage":true,"stepsCount":0,"hasContent":true,"attachmentStep":false},"afterStages":[{"name":"login_to_imp::0","time":{"start":1761638933477,"stop":1761638935619,"duration":2142},"status":"passed","steps":[],"attachments":[],"parameters":[],"attachmentsCount":0,"shouldDisplayMessage":false,"stepsCount":0,"hasContent":false,"attachmentStep":false}],"labels":[{"name":"feature","value":"导入设置页用例"},{"name":"story","value":"删除方案成功"},{"name":"parentSuite","value":"Tests.test_system"},{"name":"suite","value":"test_imp"},{"name":"subSuite","value":"TestImpPage"},{"name":"host","value":"WIN-20240820MJV"},{"name":"thread","value":"22404-MainThread"},{"name":"framework","value":"pytest"},{"name":"language","value":"cpython3"},{"name":"package","value":"Tests.test_system.test_imp"},{"name":"resultFormat","value":"allure2"}],"parameters":[],"links":[],"hidden":true,"retry":true,"extra":{"categories":[],"tags":[]},"source":"9a217066f3df1fb4.json","parameterValues":[]}