{"uid":"9a608fdd1746488","name":"test_affairs_process_deletett","fullName":"Tests.test_system.test_affairs.TestAffairsPage#test_affairs_process_deletett","historyId":"6e126782a2756874cef9b710c2d01e47","time":{"start":1769457917733,"stop":1769457929900,"duration":12167},"status":"broken","statusMessage":"selenium.common.exceptions.TimeoutException: Message: \nStacktrace:\n\tGetHandleVerifier [0x0x7ff6f1146f65+78965]\n\tGetHandleVerifier [0x0x7ff6f1146fc0+79056]\n\t(No symbol) [0x0x7ff6f0ed9dda]\n\t(No symbol) [0x0x7ff6f0f302ea]\n\t(No symbol) [0x0x7ff6f0f3059c]\n\t(No symbol) [0x0x7ff6f0f83f37]\n\t(No symbol) [0x0x7ff6f0f586af]\n\t(No symbol) [0x0x7ff6f0f80dbe]\n\t(No symbol) [0x0x7ff6f0f58443]\n\t(No symbol) [0x0x7ff6f0f21311]\n\t(No symbol) [0x0x7ff6f0f220a3]\n\tGetHandleVerifier [0x0x7ff6f13fe26d+2926461]\n\tGetHandleVerifier [0x0x7ff6f13f8993+2903715]\n\tGetHandleVerifier [0x0x7ff6f1416aed+3026941]\n\tGetHandleVerifier [0x0x7ff6f11616fe+187406]\n\tGetHandleVerifier [0x0x7ff6f11696ef+220159]\n\tGetHandleVerifier [0x0x7ff6f114faf4+114692]\n\tGetHandleVerifier [0x0x7ff6f114fca9+115129]\n\tGetHandleVerifier [0x0x7ff6f11364d8+10728]\n\tBaseThreadInitThunk [0x0x7ffd42e67374+20]\n\tRtlUserThreadStart [0x0x7ffd43a1cc91+33]","statusTrace":"self = <test_system.test_affairs.TestAffairsPage object at 0x0000022063822830>, login_to_affairs = <selenium.webdriver.chrome.webdriver.WebDriver (session=\"4c6e40a794c4cd29b26ddc41173eba36\")>\n\n    @allure.story(\"我的流程-删除测试事务模版数据\")\n    def test_affairs_process_deletett(self, login_to_affairs):\n        driver = login_to_affairs  # WebDriver 实例\n        affairs = AffairsPage(driver)  # 用 driver 初始化 AffairsPage\n        name1 = \"添加全部模版成功\"\n        name2 = \"添加事务模版\"\n        affairs.click_button('//div[@id=\"tab-air\"]')\n        affairs.wait_for_el_loading_mask()\n>       affairs.hover(name1, \"删除\")\n\nTests\\test_system\\test_affairs.py:1365: \n_ _ _ _ _ _ _ _ _ _ _ _ _ _ _ _ _ _ _ _ _ _ _ _ _ _ _ _ _ _ _ _ _ _ _ _ _ _ _ _ _ _ _ _ _ _ _ _ _ _ _ _ _ _ _ _ _ _ _ _ _ _ _ _ _ _ _ _ _ _ _ _ _ _ _ _ _ _ _ _ _ _ _ _ _ _ _ _ _ _ _ _ _ _ _ _ _ _ _ _ _ _ _ _ _ _ _ _ _ _ _ _ _ _ _ _\nPages\\systemPage\\affairs_page.py:147: in hover\n    container = self.get_find_element_xpath(\nPages\\systemPage\\affairs_page.py:28: in get_find_element_xpath\n    return self.find_element(By.XPATH, xpath)\nPages\\base_page.py:28: in find_element\n    return WebDriverWait(self.driver, wait_time).until(\n_ _ _ _ _ _ _ _ _ _ _ _ _ _ _ _ _ _ _ _ _ _ _ _ _ _ _ _ _ _ _ _ _ _ _ _ _ _ _ _ _ _ _ _ _ _ _ _ _ _ _ _ _ _ _ _ _ _ _ _ _ _ _ _ _ _ _ _ _ _ _ _ _ _ _ _ _ _ _ _ _ _ _ _ _ _ _ _ _ _ _ _ _ _ _ _ _ _ _ _ _ _ _ _ _ _ _ _ _ _ _ _ _ _ _ _\n\nself = <selenium.webdriver.support.wait.WebDriverWait (session=\"4c6e40a794c4cd29b26ddc41173eba36\")>, method = <function presence_of_element_located.<locals>._predicate at 0x0000022065E765F0>, message = ''\n\n    def until(self, method: Callable[[D], Union[Literal[False], T]], message: str = \"\") -> T:\n        \"\"\"Wait until the method returns a value that is not False.\n    \n        Calls the method provided with the driver as an argument until the\n        return value does not evaluate to ``False``.\n    \n        Parameters:\n        -----------\n        method: callable(WebDriver)\n            - A callable object that takes a WebDriver instance as an argument.\n    \n        message: str\n            - Optional message for :exc:`TimeoutException`\n    \n        Return:\n        -------\n        object: T\n            - The result of the last call to `method`\n    \n        Raises:\n        -------\n        TimeoutException\n            - If 'method' does not return a truthy value within the WebDriverWait\n            object's timeout\n    \n        Example:\n        --------\n        >>> from selenium.webdriver.common.by import By\n        >>> from selenium.webdriver.support.ui import WebDriverWait\n        >>> from selenium.webdriver.support import expected_conditions as EC\n    \n        # Wait until an element is visible on the page\n        >>> wait = WebDriverWait(driver, 10)\n        >>> element = wait.until(EC.visibility_of_element_located((By.ID, \"exampleId\")))\n        >>> print(element.text)\n        \"\"\"\n        screen = None\n        stacktrace = None\n    \n        end_time = time.monotonic() + self._timeout\n        while True:\n            try:\n                value = method(self._driver)\n                if value:\n                    return value\n            except self._ignored_exceptions as exc:\n                screen = getattr(exc, \"screen\", None)\n                stacktrace = getattr(exc, \"stacktrace\", None)\n            if time.monotonic() > end_time:\n                break\n            time.sleep(self._poll)\n>       raise TimeoutException(message, screen, stacktrace)\nE       selenium.common.exceptions.TimeoutException: Message: \nE       Stacktrace:\nE       \tGetHandleVerifier [0x0x7ff6f1146f65+78965]\nE       \tGetHandleVerifier [0x0x7ff6f1146fc0+79056]\nE       \t(No symbol) [0x0x7ff6f0ed9dda]\nE       \t(No symbol) [0x0x7ff6f0f302ea]\nE       \t(No symbol) [0x0x7ff6f0f3059c]\nE       \t(No symbol) [0x0x7ff6f0f83f37]\nE       \t(No symbol) [0x0x7ff6f0f586af]\nE       \t(No symbol) [0x0x7ff6f0f80dbe]\nE       \t(No symbol) [0x0x7ff6f0f58443]\nE       \t(No symbol) [0x0x7ff6f0f21311]\nE       \t(No symbol) [0x0x7ff6f0f220a3]\nE       \tGetHandleVerifier [0x0x7ff6f13fe26d+2926461]\nE       \tGetHandleVerifier [0x0x7ff6f13f8993+2903715]\nE       \tGetHandleVerifier [0x0x7ff6f1416aed+3026941]\nE       \tGetHandleVerifier [0x0x7ff6f11616fe+187406]\nE       \tGetHandleVerifier [0x0x7ff6f11696ef+220159]\nE       \tGetHandleVerifier [0x0x7ff6f114faf4+114692]\nE       \tGetHandleVerifier [0x0x7ff6f114fca9+115129]\nE       \tGetHandleVerifier [0x0x7ff6f11364d8+10728]\nE       \tBaseThreadInitThunk [0x0x7ffd42e67374+20]\nE       \tRtlUserThreadStart [0x0x7ffd43a1cc91+33]\n\nmyenv\\lib\\site-packages\\selenium\\webdriver\\support\\wait.py:138: TimeoutException","flaky":false,"newFailed":false,"newBroken":false,"newPassed":false,"retriesCount":0,"retriesStatusChange":false,"beforeStages":[{"name":"login_to_affairs","time":{"start":1769457005348,"stop":1769457022916,"duration":17568},"status":"passed","steps":[],"attachments":[],"parameters":[],"stepsCount":0,"hasContent":false,"attachmentStep":false,"shouldDisplayMessage":false,"attachmentsCount":0}],"testStage":{"status":"broken","statusMessage":"selenium.common.exceptions.TimeoutException: Message: \nStacktrace:\n\tGetHandleVerifier [0x0x7ff6f1146f65+78965]\n\tGetHandleVerifier [0x0x7ff6f1146fc0+79056]\n\t(No symbol) [0x0x7ff6f0ed9dda]\n\t(No symbol) [0x0x7ff6f0f302ea]\n\t(No symbol) [0x0x7ff6f0f3059c]\n\t(No symbol) [0x0x7ff6f0f83f37]\n\t(No symbol) [0x0x7ff6f0f586af]\n\t(No symbol) [0x0x7ff6f0f80dbe]\n\t(No symbol) [0x0x7ff6f0f58443]\n\t(No symbol) [0x0x7ff6f0f21311]\n\t(No symbol) [0x0x7ff6f0f220a3]\n\tGetHandleVerifier [0x0x7ff6f13fe26d+2926461]\n\tGetHandleVerifier [0x0x7ff6f13f8993+2903715]\n\tGetHandleVerifier [0x0x7ff6f1416aed+3026941]\n\tGetHandleVerifier [0x0x7ff6f11616fe+187406]\n\tGetHandleVerifier [0x0x7ff6f11696ef+220159]\n\tGetHandleVerifier [0x0x7ff6f114faf4+114692]\n\tGetHandleVerifier [0x0x7ff6f114fca9+115129]\n\tGetHandleVerifier [0x0x7ff6f11364d8+10728]\n\tBaseThreadInitThunk [0x0x7ffd42e67374+20]\n\tRtlUserThreadStart [0x0x7ffd43a1cc91+33]","statusTrace":"self = <test_system.test_affairs.TestAffairsPage object at 0x0000022063822830>, login_to_affairs = <selenium.webdriver.chrome.webdriver.WebDriver (session=\"4c6e40a794c4cd29b26ddc41173eba36\")>\n\n    @allure.story(\"我的流程-删除测试事务模版数据\")\n    def test_affairs_process_deletett(self, login_to_affairs):\n        driver = login_to_affairs  # WebDriver 实例\n        affairs = AffairsPage(driver)  # 用 driver 初始化 AffairsPage\n        name1 = \"添加全部模版成功\"\n        name2 = \"添加事务模版\"\n        affairs.click_button('//div[@id=\"tab-air\"]')\n        affairs.wait_for_el_loading_mask()\n>       affairs.hover(name1, \"删除\")\n\nTests\\test_system\\test_affairs.py:1365: \n_ _ _ _ _ _ _ _ _ _ _ _ _ _ _ _ _ _ _ _ _ _ _ _ _ _ _ _ _ _ _ _ _ _ _ _ _ _ _ _ _ _ _ _ _ _ _ _ _ _ _ _ _ _ _ _ _ _ _ _ _ _ _ _ _ _ _ _ _ _ _ _ _ _ _ _ _ _ _ _ _ _ _ _ _ _ _ _ _ _ _ _ _ _ _ _ _ _ _ _ _ _ _ _ _ _ _ _ _ _ _ _ _ _ _ _\nPages\\systemPage\\affairs_page.py:147: in hover\n    container = self.get_find_element_xpath(\nPages\\systemPage\\affairs_page.py:28: in get_find_element_xpath\n    return self.find_element(By.XPATH, xpath)\nPages\\base_page.py:28: in find_element\n    return WebDriverWait(self.driver, wait_time).until(\n_ _ _ _ _ _ _ _ _ _ _ _ _ _ _ _ _ _ _ _ _ _ _ _ _ _ _ _ _ _ _ _ _ _ _ _ _ _ _ _ _ _ _ _ _ _ _ _ _ _ _ _ _ _ _ _ _ _ _ _ _ _ _ _ _ _ _ _ _ _ _ _ _ _ _ _ _ _ _ _ _ _ _ _ _ _ _ _ _ _ _ _ _ _ _ _ _ _ _ _ _ _ _ _ _ _ _ _ _ _ _ _ _ _ _ _\n\nself = <selenium.webdriver.support.wait.WebDriverWait (session=\"4c6e40a794c4cd29b26ddc41173eba36\")>, method = <function presence_of_element_located.<locals>._predicate at 0x0000022065E765F0>, message = ''\n\n    def until(self, method: Callable[[D], Union[Literal[False], T]], message: str = \"\") -> T:\n        \"\"\"Wait until the method returns a value that is not False.\n    \n        Calls the method provided with the driver as an argument until the\n        return value does not evaluate to ``False``.\n    \n        Parameters:\n        -----------\n        method: callable(WebDriver)\n            - A callable object that takes a WebDriver instance as an argument.\n    \n        message: str\n            - Optional message for :exc:`TimeoutException`\n    \n        Return:\n        -------\n        object: T\n            - The result of the last call to `method`\n    \n        Raises:\n        -------\n        TimeoutException\n            - If 'method' does not return a truthy value within the WebDriverWait\n            object's timeout\n    \n        Example:\n        --------\n        >>> from selenium.webdriver.common.by import By\n        >>> from selenium.webdriver.support.ui import WebDriverWait\n        >>> from selenium.webdriver.support import expected_conditions as EC\n    \n        # Wait until an element is visible on the page\n        >>> wait = WebDriverWait(driver, 10)\n        >>> element = wait.until(EC.visibility_of_element_located((By.ID, \"exampleId\")))\n        >>> print(element.text)\n        \"\"\"\n        screen = None\n        stacktrace = None\n    \n        end_time = time.monotonic() + self._timeout\n        while True:\n            try:\n                value = method(self._driver)\n                if value:\n                    return value\n            except self._ignored_exceptions as exc:\n                screen = getattr(exc, \"screen\", None)\n                stacktrace = getattr(exc, \"stacktrace\", None)\n            if time.monotonic() > end_time:\n                break\n            time.sleep(self._poll)\n>       raise TimeoutException(message, screen, stacktrace)\nE       selenium.common.exceptions.TimeoutException: Message: \nE       Stacktrace:\nE       \tGetHandleVerifier [0x0x7ff6f1146f65+78965]\nE       \tGetHandleVerifier [0x0x7ff6f1146fc0+79056]\nE       \t(No symbol) [0x0x7ff6f0ed9dda]\nE       \t(No symbol) [0x0x7ff6f0f302ea]\nE       \t(No symbol) [0x0x7ff6f0f3059c]\nE       \t(No symbol) [0x0x7ff6f0f83f37]\nE       \t(No symbol) [0x0x7ff6f0f586af]\nE       \t(No symbol) [0x0x7ff6f0f80dbe]\nE       \t(No symbol) [0x0x7ff6f0f58443]\nE       \t(No symbol) [0x0x7ff6f0f21311]\nE       \t(No symbol) [0x0x7ff6f0f220a3]\nE       \tGetHandleVerifier [0x0x7ff6f13fe26d+2926461]\nE       \tGetHandleVerifier [0x0x7ff6f13f8993+2903715]\nE       \tGetHandleVerifier [0x0x7ff6f1416aed+3026941]\nE       \tGetHandleVerifier [0x0x7ff6f11616fe+187406]\nE       \tGetHandleVerifier [0x0x7ff6f11696ef+220159]\nE       \tGetHandleVerifier [0x0x7ff6f114faf4+114692]\nE       \tGetHandleVerifier [0x0x7ff6f114fca9+115129]\nE       \tGetHandleVerifier [0x0x7ff6f11364d8+10728]\nE       \tBaseThreadInitThunk [0x0x7ffd42e67374+20]\nE       \tRtlUserThreadStart [0x0x7ffd43a1cc91+33]\n\nmyenv\\lib\\site-packages\\selenium\\webdriver\\support\\wait.py:138: TimeoutException","steps":[],"attachments":[{"uid":"9502f3f6b1760f80","name":"test_affairs_process_deletett_20260127_040529","source":"9502f3f6b1760f80.png","type":"image/png","size":46321},{"uid":"a7342f8a2a8ac361","name":"test_affairs_process_deletett_20260127_040530","source":"a7342f8a2a8ac361.png","type":"image/png","size":45662},{"uid":"f64cfebf4f6943e6","name":"test_affairs_process_deletett_20260127_040530","source":"f64cfebf4f6943e6.png","type":"image/png","size":85271},{"uid":"4d95120b3709421a","name":"log","source":"4d95120b3709421a.txt","type":"text/plain","size":548}],"parameters":[],"stepsCount":0,"hasContent":true,"attachmentStep":false,"shouldDisplayMessage":true,"attachmentsCount":4},"afterStages":[{"name":"login_to_affairs::0","time":{"start":1769458111950,"stop":1769458114109,"duration":2159},"status":"passed","steps":[],"attachments":[],"parameters":[],"stepsCount":0,"hasContent":false,"attachmentStep":false,"shouldDisplayMessage":false,"attachmentsCount":0}],"labels":[{"name":"story","value":"我的流程-删除测试事务模版数据"},{"name":"feature","value":"事务管理页用例"},{"name":"parentSuite","value":"Tests.test_system"},{"name":"suite","value":"test_affairs"},{"name":"subSuite","value":"TestAffairsPage"},{"name":"host","value":"WIN-20240820MJV"},{"name":"thread","value":"40768-MainThread"},{"name":"framework","value":"pytest"},{"name":"language","value":"cpython3"},{"name":"package","value":"Tests.test_system.test_affairs"},{"name":"resultFormat","value":"allure2"}],"parameters":[],"links":[],"hidden":true,"retry":true,"extra":{"categories":[],"tags":[]},"source":"9a608fdd1746488.json","parameterValues":[]}