{"uid":"9bd85d7eda0a6a44","name":"test_unit_ctrlM","fullName":"Tests.test_system.test_planUnit.TestPlanUnitPage#test_unit_ctrlM","historyId":"d768e1f4378d29ddeef62d945b019016","time":{"start":1768850921121,"stop":1768850932099,"duration":10978},"status":"broken","statusMessage":"selenium.common.exceptions.TimeoutException: Message: \nStacktrace:\n\tGetHandleVerifier [0x0x7ff707d06f65+78965]\n\tGetHandleVerifier [0x0x7ff707d06fc0+79056]\n\t(No symbol) [0x0x7ff707a99dda]\n\t(No symbol) [0x0x7ff707af02ea]\n\t(No symbol) [0x0x7ff707af059c]\n\t(No symbol) [0x0x7ff707b43f37]\n\t(No symbol) [0x0x7ff707b186af]\n\t(No symbol) [0x0x7ff707b40dbe]\n\t(No symbol) [0x0x7ff707b18443]\n\t(No symbol) [0x0x7ff707ae1311]\n\t(No symbol) [0x0x7ff707ae20a3]\n\tGetHandleVerifier [0x0x7ff707fbe26d+2926461]\n\tGetHandleVerifier [0x0x7ff707fb8993+2903715]\n\tGetHandleVerifier [0x0x7ff707fd6aed+3026941]\n\tGetHandleVerifier [0x0x7ff707d216fe+187406]\n\tGetHandleVerifier [0x0x7ff707d296ef+220159]\n\tGetHandleVerifier [0x0x7ff707d0faf4+114692]\n\tGetHandleVerifier [0x0x7ff707d0fca9+115129]\n\tGetHandleVerifier [0x0x7ff707cf64d8+10728]\n\tBaseThreadInitThunk [0x0x7ffc4d1c7374+20]\n\tRtlUserThreadStart [0x0x7ffc4ec7cc91+33]","statusTrace":"self = <test_system.test_planUnit.TestPlanUnitPage object at 0x00000226BEBB6F50>, login_to_planUnit = <selenium.webdriver.chrome.webdriver.WebDriver (session=\"92334565d8652e70d92c41fb7d15db81\")>\n\n    @allure.story(\"模拟ctrl+m修改\")\n    # @pytest.mark.run(order=1)\n    def test_unit_ctrlM(self, login_to_planUnit):\n        driver = login_to_planUnit  # WebDriver 实例\n        unit = PlanUnitPage(driver)  # 用 driver 初始化 PlanUnitPage\n        unit.click_button('//table[@class=\"vxe-table--body\"]//tr[1]//td[2]')\n        ActionChains(driver).key_down(Keys.CONTROL).send_keys('m').key_up(Keys.CONTROL).perform()\n        unit.click_button('(//table[@class=\"vxe-table--body\"]//tr[1]/td[2])[2]')\n        unit.enter_texts('(//table[@class=\"vxe-table--body\"]//tr[1]/td[2])[2]//input', '1没有数据修改')\n        ele1 = unit.get_find_element_xpath(\n            '(//table[@class=\"vxe-table--body\"]//tr[1]/td[2])[2]//input').get_attribute(\n            \"value\")\n        unit.click_button('//div[@class=\"vxe-modal--footer\"]//span[text()=\"确定\"]')\n>       unit.get_find_message()\n\nTests\\test_system\\test_planUnit.py:863: \n_ _ _ _ _ _ _ _ _ _ _ _ _ _ _ _ _ _ _ _ _ _ _ _ _ _ _ _ _ _ _ _ _ _ _ _ _ _ _ _ _ _ _ _ _ _ _ _ _ _ _ _ _ _ _ _ _ _ _ _ _ _ _ _ _ _ _ _ _ _ _ _ _ _ _ _ _ _ _ _ _ _ _ _ _ _ _ _ _ _ _ _ _ _ _ _ _ _ _ _ _ _ _ _ _ _ _ _ _ _ _ _ _ _ _ _\nPages\\systemPage\\planUnit_page.py:35: in get_find_message\n    message = WebDriverWait(self.driver, 10).until(\n_ _ _ _ _ _ _ _ _ _ _ _ _ _ _ _ _ _ _ _ _ _ _ _ _ _ _ _ _ _ _ _ _ _ _ _ _ _ _ _ _ _ _ _ _ _ _ _ _ _ _ _ _ _ _ _ _ _ _ _ _ _ _ _ _ _ _ _ _ _ _ _ _ _ _ _ _ _ _ _ _ _ _ _ _ _ _ _ _ _ _ _ _ _ _ _ _ _ _ _ _ _ _ _ _ _ _ _ _ _ _ _ _ _ _ _\n\nself = <selenium.webdriver.support.wait.WebDriverWait (session=\"92334565d8652e70d92c41fb7d15db81\")>, method = <function visibility_of_element_located.<locals>._predicate at 0x00000226C0217250>, message = ''\n\n    def until(self, method: Callable[[D], Union[Literal[False], T]], message: str = \"\") -> T:\n        \"\"\"Wait until the method returns a value that is not False.\n    \n        Calls the method provided with the driver as an argument until the\n        return value does not evaluate to ``False``.\n    \n        Parameters:\n        -----------\n        method: callable(WebDriver)\n            - A callable object that takes a WebDriver instance as an argument.\n    \n        message: str\n            - Optional message for :exc:`TimeoutException`\n    \n        Return:\n        -------\n        object: T\n            - The result of the last call to `method`\n    \n        Raises:\n        -------\n        TimeoutException\n            - If 'method' does not return a truthy value within the WebDriverWait\n            object's timeout\n    \n        Example:\n        --------\n        >>> from selenium.webdriver.common.by import By\n        >>> from selenium.webdriver.support.ui import WebDriverWait\n        >>> from selenium.webdriver.support import expected_conditions as EC\n    \n        # Wait until an element is visible on the page\n        >>> wait = WebDriverWait(driver, 10)\n        >>> element = wait.until(EC.visibility_of_element_located((By.ID, \"exampleId\")))\n        >>> print(element.text)\n        \"\"\"\n        screen = None\n        stacktrace = None\n    \n        end_time = time.monotonic() + self._timeout\n        while True:\n            try:\n                value = method(self._driver)\n                if value:\n                    return value\n            except self._ignored_exceptions as exc:\n                screen = getattr(exc, \"screen\", None)\n                stacktrace = getattr(exc, \"stacktrace\", None)\n            if time.monotonic() > end_time:\n                break\n            time.sleep(self._poll)\n>       raise TimeoutException(message, screen, stacktrace)\nE       selenium.common.exceptions.TimeoutException: Message: \nE       Stacktrace:\nE       \tGetHandleVerifier [0x0x7ff707d06f65+78965]\nE       \tGetHandleVerifier [0x0x7ff707d06fc0+79056]\nE       \t(No symbol) [0x0x7ff707a99dda]\nE       \t(No symbol) [0x0x7ff707af02ea]\nE       \t(No symbol) [0x0x7ff707af059c]\nE       \t(No symbol) [0x0x7ff707b43f37]\nE       \t(No symbol) [0x0x7ff707b186af]\nE       \t(No symbol) [0x0x7ff707b40dbe]\nE       \t(No symbol) [0x0x7ff707b18443]\nE       \t(No symbol) [0x0x7ff707ae1311]\nE       \t(No symbol) [0x0x7ff707ae20a3]\nE       \tGetHandleVerifier [0x0x7ff707fbe26d+2926461]\nE       \tGetHandleVerifier [0x0x7ff707fb8993+2903715]\nE       \tGetHandleVerifier [0x0x7ff707fd6aed+3026941]\nE       \tGetHandleVerifier [0x0x7ff707d216fe+187406]\nE       \tGetHandleVerifier [0x0x7ff707d296ef+220159]\nE       \tGetHandleVerifier [0x0x7ff707d0faf4+114692]\nE       \tGetHandleVerifier [0x0x7ff707d0fca9+115129]\nE       \tGetHandleVerifier [0x0x7ff707cf64d8+10728]\nE       \tBaseThreadInitThunk [0x0x7ffc4d1c7374+20]\nE       \tRtlUserThreadStart [0x0x7ffc4ec7cc91+33]\n\nmyenv\\lib\\site-packages\\selenium\\webdriver\\support\\wait.py:138: TimeoutException","flaky":false,"newFailed":false,"newBroken":false,"newPassed":false,"retriesCount":0,"retriesStatusChange":false,"beforeStages":[{"name":"login_to_planUnit","time":{"start":1768850794824,"stop":1768850813329,"duration":18505},"status":"passed","steps":[],"attachments":[],"parameters":[],"hasContent":false,"attachmentStep":false,"stepsCount":0,"attachmentsCount":0,"shouldDisplayMessage":false}],"testStage":{"status":"broken","statusMessage":"selenium.common.exceptions.TimeoutException: Message: \nStacktrace:\n\tGetHandleVerifier [0x0x7ff707d06f65+78965]\n\tGetHandleVerifier [0x0x7ff707d06fc0+79056]\n\t(No symbol) [0x0x7ff707a99dda]\n\t(No symbol) [0x0x7ff707af02ea]\n\t(No symbol) [0x0x7ff707af059c]\n\t(No symbol) [0x0x7ff707b43f37]\n\t(No symbol) [0x0x7ff707b186af]\n\t(No symbol) [0x0x7ff707b40dbe]\n\t(No symbol) [0x0x7ff707b18443]\n\t(No symbol) [0x0x7ff707ae1311]\n\t(No symbol) [0x0x7ff707ae20a3]\n\tGetHandleVerifier [0x0x7ff707fbe26d+2926461]\n\tGetHandleVerifier [0x0x7ff707fb8993+2903715]\n\tGetHandleVerifier [0x0x7ff707fd6aed+3026941]\n\tGetHandleVerifier [0x0x7ff707d216fe+187406]\n\tGetHandleVerifier [0x0x7ff707d296ef+220159]\n\tGetHandleVerifier [0x0x7ff707d0faf4+114692]\n\tGetHandleVerifier [0x0x7ff707d0fca9+115129]\n\tGetHandleVerifier [0x0x7ff707cf64d8+10728]\n\tBaseThreadInitThunk [0x0x7ffc4d1c7374+20]\n\tRtlUserThreadStart [0x0x7ffc4ec7cc91+33]","statusTrace":"self = <test_system.test_planUnit.TestPlanUnitPage object at 0x00000226BEBB6F50>, login_to_planUnit = <selenium.webdriver.chrome.webdriver.WebDriver (session=\"92334565d8652e70d92c41fb7d15db81\")>\n\n    @allure.story(\"模拟ctrl+m修改\")\n    # @pytest.mark.run(order=1)\n    def test_unit_ctrlM(self, login_to_planUnit):\n        driver = login_to_planUnit  # WebDriver 实例\n        unit = PlanUnitPage(driver)  # 用 driver 初始化 PlanUnitPage\n        unit.click_button('//table[@class=\"vxe-table--body\"]//tr[1]//td[2]')\n        ActionChains(driver).key_down(Keys.CONTROL).send_keys('m').key_up(Keys.CONTROL).perform()\n        unit.click_button('(//table[@class=\"vxe-table--body\"]//tr[1]/td[2])[2]')\n        unit.enter_texts('(//table[@class=\"vxe-table--body\"]//tr[1]/td[2])[2]//input', '1没有数据修改')\n        ele1 = unit.get_find_element_xpath(\n            '(//table[@class=\"vxe-table--body\"]//tr[1]/td[2])[2]//input').get_attribute(\n            \"value\")\n        unit.click_button('//div[@class=\"vxe-modal--footer\"]//span[text()=\"确定\"]')\n>       unit.get_find_message()\n\nTests\\test_system\\test_planUnit.py:863: \n_ _ _ _ _ _ _ _ _ _ _ _ _ _ _ _ _ _ _ _ _ _ _ _ _ _ _ _ _ _ _ _ _ _ _ _ _ _ _ _ _ _ _ _ _ _ _ _ _ _ _ _ _ _ _ _ _ _ _ _ _ _ _ _ _ _ _ _ _ _ _ _ _ _ _ _ _ _ _ _ _ _ _ _ _ _ _ _ _ _ _ _ _ _ _ _ _ _ _ _ _ _ _ _ _ _ _ _ _ _ _ _ _ _ _ _\nPages\\systemPage\\planUnit_page.py:35: in get_find_message\n    message = WebDriverWait(self.driver, 10).until(\n_ _ _ _ _ _ _ _ _ _ _ _ _ _ _ _ _ _ _ _ _ _ _ _ _ _ _ _ _ _ _ _ _ _ _ _ _ _ _ _ _ _ _ _ _ _ _ _ _ _ _ _ _ _ _ _ _ _ _ _ _ _ _ _ _ _ _ _ _ _ _ _ _ _ _ _ _ _ _ _ _ _ _ _ _ _ _ _ _ _ _ _ _ _ _ _ _ _ _ _ _ _ _ _ _ _ _ _ _ _ _ _ _ _ _ _\n\nself = <selenium.webdriver.support.wait.WebDriverWait (session=\"92334565d8652e70d92c41fb7d15db81\")>, method = <function visibility_of_element_located.<locals>._predicate at 0x00000226C0217250>, message = ''\n\n    def until(self, method: Callable[[D], Union[Literal[False], T]], message: str = \"\") -> T:\n        \"\"\"Wait until the method returns a value that is not False.\n    \n        Calls the method provided with the driver as an argument until the\n        return value does not evaluate to ``False``.\n    \n        Parameters:\n        -----------\n        method: callable(WebDriver)\n            - A callable object that takes a WebDriver instance as an argument.\n    \n        message: str\n            - Optional message for :exc:`TimeoutException`\n    \n        Return:\n        -------\n        object: T\n            - The result of the last call to `method`\n    \n        Raises:\n        -------\n        TimeoutException\n            - If 'method' does not return a truthy value within the WebDriverWait\n            object's timeout\n    \n        Example:\n        --------\n        >>> from selenium.webdriver.common.by import By\n        >>> from selenium.webdriver.support.ui import WebDriverWait\n        >>> from selenium.webdriver.support import expected_conditions as EC\n    \n        # Wait until an element is visible on the page\n        >>> wait = WebDriverWait(driver, 10)\n        >>> element = wait.until(EC.visibility_of_element_located((By.ID, \"exampleId\")))\n        >>> print(element.text)\n        \"\"\"\n        screen = None\n        stacktrace = None\n    \n        end_time = time.monotonic() + self._timeout\n        while True:\n            try:\n                value = method(self._driver)\n                if value:\n                    return value\n            except self._ignored_exceptions as exc:\n                screen = getattr(exc, \"screen\", None)\n                stacktrace = getattr(exc, \"stacktrace\", None)\n            if time.monotonic() > end_time:\n                break\n            time.sleep(self._poll)\n>       raise TimeoutException(message, screen, stacktrace)\nE       selenium.common.exceptions.TimeoutException: Message: \nE       Stacktrace:\nE       \tGetHandleVerifier [0x0x7ff707d06f65+78965]\nE       \tGetHandleVerifier [0x0x7ff707d06fc0+79056]\nE       \t(No symbol) [0x0x7ff707a99dda]\nE       \t(No symbol) [0x0x7ff707af02ea]\nE       \t(No symbol) [0x0x7ff707af059c]\nE       \t(No symbol) [0x0x7ff707b43f37]\nE       \t(No symbol) [0x0x7ff707b186af]\nE       \t(No symbol) [0x0x7ff707b40dbe]\nE       \t(No symbol) [0x0x7ff707b18443]\nE       \t(No symbol) [0x0x7ff707ae1311]\nE       \t(No symbol) [0x0x7ff707ae20a3]\nE       \tGetHandleVerifier [0x0x7ff707fbe26d+2926461]\nE       \tGetHandleVerifier [0x0x7ff707fb8993+2903715]\nE       \tGetHandleVerifier [0x0x7ff707fd6aed+3026941]\nE       \tGetHandleVerifier [0x0x7ff707d216fe+187406]\nE       \tGetHandleVerifier [0x0x7ff707d296ef+220159]\nE       \tGetHandleVerifier [0x0x7ff707d0faf4+114692]\nE       \tGetHandleVerifier [0x0x7ff707d0fca9+115129]\nE       \tGetHandleVerifier [0x0x7ff707cf64d8+10728]\nE       \tBaseThreadInitThunk [0x0x7ffc4d1c7374+20]\nE       \tRtlUserThreadStart [0x0x7ffc4ec7cc91+33]\n\nmyenv\\lib\\site-packages\\selenium\\webdriver\\support\\wait.py:138: TimeoutException","steps":[],"attachments":[{"uid":"5c396afe88033288","name":"test_unit_ctrlM_20260120_032852","source":"5c396afe88033288.png","type":"image/png","size":109813},{"uid":"812386691f1f33e8","name":"test_unit_ctrlM_20260120_032852","source":"812386691f1f33e8.png","type":"image/png","size":109724},{"uid":"12595833288ea21a","name":"test_unit_ctrlM_20260120_032852","source":"12595833288ea21a.png","type":"image/png","size":125351},{"uid":"ed9fda988abf81a","name":"test_unit_ctrlM_20260120_032852","source":"ed9fda988abf81a.png","type":"image/png","size":125351},{"uid":"ca7de753988378ac","name":"test_unit_ctrlM_20260120_032852","source":"ca7de753988378ac.png","type":"image/png","size":68048},{"uid":"45d4af9250db355d","name":"log","source":"45d4af9250db355d.txt","type":"text/plain","size":667}],"parameters":[],"hasContent":true,"attachmentStep":false,"stepsCount":0,"attachmentsCount":6,"shouldDisplayMessage":true},"afterStages":[{"name":"login_to_planUnit::0","time":{"start":1768851044637,"stop":1768851046817,"duration":2180},"status":"passed","steps":[],"attachments":[],"parameters":[],"hasContent":false,"attachmentStep":false,"stepsCount":0,"attachmentsCount":0,"shouldDisplayMessage":false}],"labels":[{"name":"feature","value":"计划单元页用例"},{"name":"story","value":"模拟ctrl+m修改"},{"name":"parentSuite","value":"Tests.test_system"},{"name":"suite","value":"test_planUnit"},{"name":"subSuite","value":"TestPlanUnitPage"},{"name":"host","value":"WIN-20240820MJV"},{"name":"thread","value":"22388-MainThread"},{"name":"framework","value":"pytest"},{"name":"language","value":"cpython3"},{"name":"package","value":"Tests.test_system.test_planUnit"},{"name":"resultFormat","value":"allure2"}],"parameters":[],"links":[],"hidden":true,"retry":true,"extra":{"categories":[],"tags":[]},"source":"9bd85d7eda0a6a44.json","parameterValues":[]}