{"uid":"9dc2caf6079725df","name":"test_plan_del","fullName":"Tests.test_system.test_userRole.TestUserRolePage#test_plan_del","historyId":"d507f44f2cfafcb1edd5883678c8477d","time":{"start":1767807363356,"stop":1767807386814,"duration":23458},"status":"broken","statusMessage":"selenium.common.exceptions.TimeoutException: Message: \nStacktrace:\n\tGetHandleVerifier [0x0x7ff768646f65+78965]\n\tGetHandleVerifier [0x0x7ff768646fc0+79056]\n\t(No symbol) [0x0x7ff7683d9dda]\n\t(No symbol) [0x0x7ff7684302ea]\n\t(No symbol) [0x0x7ff76843059c]\n\t(No symbol) [0x0x7ff768483f37]\n\t(No symbol) [0x0x7ff7684586af]\n\t(No symbol) [0x0x7ff768480dbe]\n\t(No symbol) [0x0x7ff768458443]\n\t(No symbol) [0x0x7ff768421311]\n\t(No symbol) [0x0x7ff7684220a3]\n\tGetHandleVerifier [0x0x7ff7688fe26d+2926461]\n\tGetHandleVerifier [0x0x7ff7688f8993+2903715]\n\tGetHandleVerifier [0x0x7ff768916aed+3026941]\n\tGetHandleVerifier [0x0x7ff7686616fe+187406]\n\tGetHandleVerifier [0x0x7ff7686696ef+220159]\n\tGetHandleVerifier [0x0x7ff76864faf4+114692]\n\tGetHandleVerifier [0x0x7ff76864fca9+115129]\n\tGetHandleVerifier [0x0x7ff7686364d8+10728]\n\tBaseThreadInitThunk [0x0x7ff882c97374+20]\n\tRtlUserThreadStart [0x0x7ff883bdcc91+33]","statusTrace":"self = <Pages.systemPage.planUnit_page.PlanUnitPage object at 0x000002301F20FC10>, value = ['1测试计划单元CTB', '1测试计划单元小日程', '111111111111111133331122221111222221111111113333111111144444111111111111111111111111111111111111111111111111']\nxpath = '//p[text()=\"计划单元\"]/ancestor::div[2]//input'\n\n    def del_all(self, value=[], xpath=''):\n        for index, v in enumerate(value, start=1):\n            try:\n                self.wait_for_loading_to_disappear()\n>               self.enter_texts(xpath, v)\n\nPages\\systemPage\\planUnit_page.py:126: \n_ _ _ _ _ _ _ _ _ _ _ _ _ _ _ _ _ _ _ _ _ _ _ _ _ _ _ _ _ _ _ _ _ _ _ _ _ _ _ _ _ _ _ _ _ _ _ _ _ _ _ _ _ _ _ _ _ _ _ _ _ _ _ _ _ _ _ _ _ _ _ _ _ _ _ _ _ _ _ _ _ _ _ _ _ _ _ _ _ _ _ _ _ _ _ _ _ _ _ _ _ _ _ _ _ _ _ _ _ _ _ _ _ _ _ _\nPages\\systemPage\\planUnit_page.py:20: in enter_texts\n    self.enter_text(By.XPATH, xpath, text)\nPages\\base_page.py:90: in enter_text\n    element = WebDriverWait(self.driver, wait_time).until(\n_ _ _ _ _ _ _ _ _ _ _ _ _ _ _ _ _ _ _ _ _ _ _ _ _ _ _ _ _ _ _ _ _ _ _ _ _ _ _ _ _ _ _ _ _ _ _ _ _ _ _ _ _ _ _ _ _ _ _ _ _ _ _ _ _ _ _ _ _ _ _ _ _ _ _ _ _ _ _ _ _ _ _ _ _ _ _ _ _ _ _ _ _ _ _ _ _ _ _ _ _ _ _ _ _ _ _ _ _ _ _ _ _ _ _ _\n\nself = <selenium.webdriver.support.wait.WebDriverWait (session=\"ecf1fb0e2f7894ca1fdda8907df63b46\")>, method = <function visibility_of_element_located.<locals>._predicate at 0x0000023020F97C70>, message = ''\n\n    def until(self, method: Callable[[D], Union[Literal[False], T]], message: str = \"\") -> T:\n        \"\"\"Wait until the method returns a value that is not False.\n    \n        Calls the method provided with the driver as an argument until the\n        return value does not evaluate to ``False``.\n    \n        Parameters:\n        -----------\n        method: callable(WebDriver)\n            - A callable object that takes a WebDriver instance as an argument.\n    \n        message: str\n            - Optional message for :exc:`TimeoutException`\n    \n        Return:\n        -------\n        object: T\n            - The result of the last call to `method`\n    \n        Raises:\n        -------\n        TimeoutException\n            - If 'method' does not return a truthy value within the WebDriverWait\n            object's timeout\n    \n        Example:\n        --------\n        >>> from selenium.webdriver.common.by import By\n        >>> from selenium.webdriver.support.ui import WebDriverWait\n        >>> from selenium.webdriver.support import expected_conditions as EC\n    \n        # Wait until an element is visible on the page\n        >>> wait = WebDriverWait(driver, 10)\n        >>> element = wait.until(EC.visibility_of_element_located((By.ID, \"exampleId\")))\n        >>> print(element.text)\n        \"\"\"\n        screen = None\n        stacktrace = None\n    \n        end_time = time.monotonic() + self._timeout\n        while True:\n            try:\n                value = method(self._driver)\n                if value:\n                    return value\n            except self._ignored_exceptions as exc:\n                screen = getattr(exc, \"screen\", None)\n                stacktrace = getattr(exc, \"stacktrace\", None)\n            if time.monotonic() > end_time:\n                break\n            time.sleep(self._poll)\n>       raise TimeoutException(message, screen, stacktrace)\nE       selenium.common.exceptions.TimeoutException: Message: \nE       Stacktrace:\nE       \tGetHandleVerifier [0x0x7ff768646f65+78965]\nE       \tGetHandleVerifier [0x0x7ff768646fc0+79056]\nE       \t(No symbol) [0x0x7ff7683d9dda]\nE       \t(No symbol) [0x0x7ff7684302ea]\nE       \t(No symbol) [0x0x7ff76843059c]\nE       \t(No symbol) [0x0x7ff768483f37]\nE       \t(No symbol) [0x0x7ff7684586af]\nE       \t(No symbol) [0x0x7ff768480dbe]\nE       \t(No symbol) [0x0x7ff768458443]\nE       \t(No symbol) [0x0x7ff768421311]\nE       \t(No symbol) [0x0x7ff7684220a3]\nE       \tGetHandleVerifier [0x0x7ff7688fe26d+2926461]\nE       \tGetHandleVerifier [0x0x7ff7688f8993+2903715]\nE       \tGetHandleVerifier [0x0x7ff768916aed+3026941]\nE       \tGetHandleVerifier [0x0x7ff7686616fe+187406]\nE       \tGetHandleVerifier [0x0x7ff7686696ef+220159]\nE       \tGetHandleVerifier [0x0x7ff76864faf4+114692]\nE       \tGetHandleVerifier [0x0x7ff76864fca9+115129]\nE       \tGetHandleVerifier [0x0x7ff7686364d8+10728]\nE       \tBaseThreadInitThunk [0x0x7ff882c97374+20]\nE       \tRtlUserThreadStart [0x0x7ff883bdcc91+33]\n\nmyenv\\lib\\site-packages\\selenium\\webdriver\\support\\wait.py:138: TimeoutException\n\nDuring handling of the above exception, another exception occurred:\n\nself = <test_system.test_userRole.TestUserRolePage object at 0x000002301F8700A0>, login_to_userrole = <selenium.webdriver.chrome.webdriver.WebDriver (session=\"ecf1fb0e2f7894ca1fdda8907df63b46\")>\n\n    @allure.story(\"删除计划单元，删除布局成功\")\n    # @pytest.mark.run(order=1)\n    def test_plan_del(self, login_to_userrole):\n        driver = login_to_userrole  # WebDriver 实例\n        plan = PlanUnitPage(driver)  # 用 driver 初始化 UserRolePage\n        plan.click_button('(//span[text()=\"计划单元\"])[1]')\n        layout = \"测试布局A\"\n    \n        value = ['1测试计划单元CTB', '1测试计划单元小日程',\n                 '111111111111111133331122221111222221111111113333111111144444111111111111111111111111111111111111111111111111']\n>       plan.del_all(value, '//p[text()=\"计划单元\"]/ancestor::div[2]//input')\n\nTests\\test_system\\test_userRole.py:1070: \n_ _ _ _ _ _ _ _ _ _ _ _ _ _ _ _ _ _ _ _ _ _ _ _ _ _ _ _ _ _ _ _ _ _ _ _ _ _ _ _ _ _ _ _ _ _ _ _ _ _ _ _ _ _ _ _ _ _ _ _ _ _ _ _ _ _ _ _ _ _ _ _ _ _ _ _ _ _ _ _ _ _ _ _ _ _ _ _ _ _ _ _ _ _ _ _ _ _ _ _ _ _ _ _ _ _ _ _ _ _ _ _ _ _ _ _\nPages\\systemPage\\planUnit_page.py:142: in del_all\n    ele = self.get_find_element_xpath(xpath)\nPages\\systemPage\\planUnit_page.py:29: in get_find_element_xpath\n    return self.find_element(By.XPATH, xpath)\nPages\\base_page.py:28: in find_element\n    return WebDriverWait(self.driver, wait_time).until(\n_ _ _ _ _ _ _ _ _ _ _ _ _ _ _ _ _ _ _ _ _ _ _ _ _ _ _ _ _ _ _ _ _ _ _ _ _ _ _ _ _ _ _ _ _ _ _ _ _ _ _ _ _ _ _ _ _ _ _ _ _ _ _ _ _ _ _ _ _ _ _ _ _ _ _ _ _ _ _ _ _ _ _ _ _ _ _ _ _ _ _ _ _ _ _ _ _ _ _ _ _ _ _ _ _ _ _ _ _ _ _ _ _ _ _ _\n\nself = <selenium.webdriver.support.wait.WebDriverWait (session=\"ecf1fb0e2f7894ca1fdda8907df63b46\")>, method = <function presence_of_element_located.<locals>._predicate at 0x000002302130CCA0>, message = ''\n\n    def until(self, method: Callable[[D], Union[Literal[False], T]], message: str = \"\") -> T:\n        \"\"\"Wait until the method returns a value that is not False.\n    \n        Calls the method provided with the driver as an argument until the\n        return value does not evaluate to ``False``.\n    \n        Parameters:\n        -----------\n        method: callable(WebDriver)\n            - A callable object that takes a WebDriver instance as an argument.\n    \n        message: str\n            - Optional message for :exc:`TimeoutException`\n    \n        Return:\n        -------\n        object: T\n            - The result of the last call to `method`\n    \n        Raises:\n        -------\n        TimeoutException\n            - If 'method' does not return a truthy value within the WebDriverWait\n            object's timeout\n    \n        Example:\n        --------\n        >>> from selenium.webdriver.common.by import By\n        >>> from selenium.webdriver.support.ui import WebDriverWait\n        >>> from selenium.webdriver.support import expected_conditions as EC\n    \n        # Wait until an element is visible on the page\n        >>> wait = WebDriverWait(driver, 10)\n        >>> element = wait.until(EC.visibility_of_element_located((By.ID, \"exampleId\")))\n        >>> print(element.text)\n        \"\"\"\n        screen = None\n        stacktrace = None\n    \n        end_time = time.monotonic() + self._timeout\n        while True:\n            try:\n                value = method(self._driver)\n                if value:\n                    return value\n            except self._ignored_exceptions as exc:\n                screen = getattr(exc, \"screen\", None)\n                stacktrace = getattr(exc, \"stacktrace\", None)\n            if time.monotonic() > end_time:\n                break\n            time.sleep(self._poll)\n>       raise TimeoutException(message, screen, stacktrace)\nE       selenium.common.exceptions.TimeoutException: Message: \nE       Stacktrace:\nE       \tGetHandleVerifier [0x0x7ff768646f65+78965]\nE       \tGetHandleVerifier [0x0x7ff768646fc0+79056]\nE       \t(No symbol) [0x0x7ff7683d9dda]\nE       \t(No symbol) [0x0x7ff7684302ea]\nE       \t(No symbol) [0x0x7ff76843059c]\nE       \t(No symbol) [0x0x7ff768483f37]\nE       \t(No symbol) [0x0x7ff7684586af]\nE       \t(No symbol) [0x0x7ff768480dbe]\nE       \t(No symbol) [0x0x7ff768458443]\nE       \t(No symbol) [0x0x7ff768421311]\nE       \t(No symbol) [0x0x7ff7684220a3]\nE       \tGetHandleVerifier [0x0x7ff7688fe26d+2926461]\nE       \tGetHandleVerifier [0x0x7ff7688f8993+2903715]\nE       \tGetHandleVerifier [0x0x7ff768916aed+3026941]\nE       \tGetHandleVerifier [0x0x7ff7686616fe+187406]\nE       \tGetHandleVerifier [0x0x7ff7686696ef+220159]\nE       \tGetHandleVerifier [0x0x7ff76864faf4+114692]\nE       \tGetHandleVerifier [0x0x7ff76864fca9+115129]\nE       \tGetHandleVerifier [0x0x7ff7686364d8+10728]\nE       \tBaseThreadInitThunk [0x0x7ff882c97374+20]\nE       \tRtlUserThreadStart [0x0x7ff883bdcc91+33]\n\nmyenv\\lib\\site-packages\\selenium\\webdriver\\support\\wait.py:138: TimeoutException","flaky":false,"newFailed":false,"newBroken":false,"newPassed":false,"retriesCount":0,"retriesStatusChange":false,"beforeStages":[{"name":"login_to_userrole","time":{"start":1767806684591,"stop":1767806700533,"duration":15942},"status":"passed","steps":[],"attachments":[],"parameters":[],"attachmentStep":false,"stepsCount":0,"hasContent":false,"shouldDisplayMessage":false,"attachmentsCount":0}],"testStage":{"status":"broken","statusMessage":"selenium.common.exceptions.TimeoutException: Message: \nStacktrace:\n\tGetHandleVerifier [0x0x7ff768646f65+78965]\n\tGetHandleVerifier [0x0x7ff768646fc0+79056]\n\t(No symbol) [0x0x7ff7683d9dda]\n\t(No symbol) [0x0x7ff7684302ea]\n\t(No symbol) [0x0x7ff76843059c]\n\t(No symbol) [0x0x7ff768483f37]\n\t(No symbol) [0x0x7ff7684586af]\n\t(No symbol) [0x0x7ff768480dbe]\n\t(No symbol) [0x0x7ff768458443]\n\t(No symbol) [0x0x7ff768421311]\n\t(No symbol) [0x0x7ff7684220a3]\n\tGetHandleVerifier [0x0x7ff7688fe26d+2926461]\n\tGetHandleVerifier [0x0x7ff7688f8993+2903715]\n\tGetHandleVerifier [0x0x7ff768916aed+3026941]\n\tGetHandleVerifier [0x0x7ff7686616fe+187406]\n\tGetHandleVerifier [0x0x7ff7686696ef+220159]\n\tGetHandleVerifier [0x0x7ff76864faf4+114692]\n\tGetHandleVerifier [0x0x7ff76864fca9+115129]\n\tGetHandleVerifier [0x0x7ff7686364d8+10728]\n\tBaseThreadInitThunk [0x0x7ff882c97374+20]\n\tRtlUserThreadStart [0x0x7ff883bdcc91+33]","statusTrace":"self = <Pages.systemPage.planUnit_page.PlanUnitPage object at 0x000002301F20FC10>, value = ['1测试计划单元CTB', '1测试计划单元小日程', '111111111111111133331122221111222221111111113333111111144444111111111111111111111111111111111111111111111111']\nxpath = '//p[text()=\"计划单元\"]/ancestor::div[2]//input'\n\n    def del_all(self, value=[], xpath=''):\n        for index, v in enumerate(value, start=1):\n            try:\n                self.wait_for_loading_to_disappear()\n>               self.enter_texts(xpath, v)\n\nPages\\systemPage\\planUnit_page.py:126: \n_ _ _ _ _ _ _ _ _ _ _ _ _ _ _ _ _ _ _ _ _ _ _ _ _ _ _ _ _ _ _ _ _ _ _ _ _ _ _ _ _ _ _ _ _ _ _ _ _ _ _ _ _ _ _ _ _ _ _ _ _ _ _ _ _ _ _ _ _ _ _ _ _ _ _ _ _ _ _ _ _ _ _ _ _ _ _ _ _ _ _ _ _ _ _ _ _ _ _ _ _ _ _ _ _ _ _ _ _ _ _ _ _ _ _ _\nPages\\systemPage\\planUnit_page.py:20: in enter_texts\n    self.enter_text(By.XPATH, xpath, text)\nPages\\base_page.py:90: in enter_text\n    element = WebDriverWait(self.driver, wait_time).until(\n_ _ _ _ _ _ _ _ _ _ _ _ _ _ _ _ _ _ _ _ _ _ _ _ _ _ _ _ _ _ _ _ _ _ _ _ _ _ _ _ _ _ _ _ _ _ _ _ _ _ _ _ _ _ _ _ _ _ _ _ _ _ _ _ _ _ _ _ _ _ _ _ _ _ _ _ _ _ _ _ _ _ _ _ _ _ _ _ _ _ _ _ _ _ _ _ _ _ _ _ _ _ _ _ _ _ _ _ _ _ _ _ _ _ _ _\n\nself = <selenium.webdriver.support.wait.WebDriverWait (session=\"ecf1fb0e2f7894ca1fdda8907df63b46\")>, method = <function visibility_of_element_located.<locals>._predicate at 0x0000023020F97C70>, message = ''\n\n    def until(self, method: Callable[[D], Union[Literal[False], T]], message: str = \"\") -> T:\n        \"\"\"Wait until the method returns a value that is not False.\n    \n        Calls the method provided with the driver as an argument until the\n        return value does not evaluate to ``False``.\n    \n        Parameters:\n        -----------\n        method: callable(WebDriver)\n            - A callable object that takes a WebDriver instance as an argument.\n    \n        message: str\n            - Optional message for :exc:`TimeoutException`\n    \n        Return:\n        -------\n        object: T\n            - The result of the last call to `method`\n    \n        Raises:\n        -------\n        TimeoutException\n            - If 'method' does not return a truthy value within the WebDriverWait\n            object's timeout\n    \n        Example:\n        --------\n        >>> from selenium.webdriver.common.by import By\n        >>> from selenium.webdriver.support.ui import WebDriverWait\n        >>> from selenium.webdriver.support import expected_conditions as EC\n    \n        # Wait until an element is visible on the page\n        >>> wait = WebDriverWait(driver, 10)\n        >>> element = wait.until(EC.visibility_of_element_located((By.ID, \"exampleId\")))\n        >>> print(element.text)\n        \"\"\"\n        screen = None\n        stacktrace = None\n    \n        end_time = time.monotonic() + self._timeout\n        while True:\n            try:\n                value = method(self._driver)\n                if value:\n                    return value\n            except self._ignored_exceptions as exc:\n                screen = getattr(exc, \"screen\", None)\n                stacktrace = getattr(exc, \"stacktrace\", None)\n            if time.monotonic() > end_time:\n                break\n            time.sleep(self._poll)\n>       raise TimeoutException(message, screen, stacktrace)\nE       selenium.common.exceptions.TimeoutException: Message: \nE       Stacktrace:\nE       \tGetHandleVerifier [0x0x7ff768646f65+78965]\nE       \tGetHandleVerifier [0x0x7ff768646fc0+79056]\nE       \t(No symbol) [0x0x7ff7683d9dda]\nE       \t(No symbol) [0x0x7ff7684302ea]\nE       \t(No symbol) [0x0x7ff76843059c]\nE       \t(No symbol) [0x0x7ff768483f37]\nE       \t(No symbol) [0x0x7ff7684586af]\nE       \t(No symbol) [0x0x7ff768480dbe]\nE       \t(No symbol) [0x0x7ff768458443]\nE       \t(No symbol) [0x0x7ff768421311]\nE       \t(No symbol) [0x0x7ff7684220a3]\nE       \tGetHandleVerifier [0x0x7ff7688fe26d+2926461]\nE       \tGetHandleVerifier [0x0x7ff7688f8993+2903715]\nE       \tGetHandleVerifier [0x0x7ff768916aed+3026941]\nE       \tGetHandleVerifier [0x0x7ff7686616fe+187406]\nE       \tGetHandleVerifier [0x0x7ff7686696ef+220159]\nE       \tGetHandleVerifier [0x0x7ff76864faf4+114692]\nE       \tGetHandleVerifier [0x0x7ff76864fca9+115129]\nE       \tGetHandleVerifier [0x0x7ff7686364d8+10728]\nE       \tBaseThreadInitThunk [0x0x7ff882c97374+20]\nE       \tRtlUserThreadStart [0x0x7ff883bdcc91+33]\n\nmyenv\\lib\\site-packages\\selenium\\webdriver\\support\\wait.py:138: TimeoutException\n\nDuring handling of the above exception, another exception occurred:\n\nself = <test_system.test_userRole.TestUserRolePage object at 0x000002301F8700A0>, login_to_userrole = <selenium.webdriver.chrome.webdriver.WebDriver (session=\"ecf1fb0e2f7894ca1fdda8907df63b46\")>\n\n    @allure.story(\"删除计划单元，删除布局成功\")\n    # @pytest.mark.run(order=1)\n    def test_plan_del(self, login_to_userrole):\n        driver = login_to_userrole  # WebDriver 实例\n        plan = PlanUnitPage(driver)  # 用 driver 初始化 UserRolePage\n        plan.click_button('(//span[text()=\"计划单元\"])[1]')\n        layout = \"测试布局A\"\n    \n        value = ['1测试计划单元CTB', '1测试计划单元小日程',\n                 '111111111111111133331122221111222221111111113333111111144444111111111111111111111111111111111111111111111111']\n>       plan.del_all(value, '//p[text()=\"计划单元\"]/ancestor::div[2]//input')\n\nTests\\test_system\\test_userRole.py:1070: \n_ _ _ _ _ _ _ _ _ _ _ _ _ _ _ _ _ _ _ _ _ _ _ _ _ _ _ _ _ _ _ _ _ _ _ _ _ _ _ _ _ _ _ _ _ _ _ _ _ _ _ _ _ _ _ _ _ _ _ _ _ _ _ _ _ _ _ _ _ _ _ _ _ _ _ _ _ _ _ _ _ _ _ _ _ _ _ _ _ _ _ _ _ _ _ _ _ _ _ _ _ _ _ _ _ _ _ _ _ _ _ _ _ _ _ _\nPages\\systemPage\\planUnit_page.py:142: in del_all\n    ele = self.get_find_element_xpath(xpath)\nPages\\systemPage\\planUnit_page.py:29: in get_find_element_xpath\n    return self.find_element(By.XPATH, xpath)\nPages\\base_page.py:28: in find_element\n    return WebDriverWait(self.driver, wait_time).until(\n_ _ _ _ _ _ _ _ _ _ _ _ _ _ _ _ _ _ _ _ _ _ _ _ _ _ _ _ _ _ _ _ _ _ _ _ _ _ _ _ _ _ _ _ _ _ _ _ _ _ _ _ _ _ _ _ _ _ _ _ _ _ _ _ _ _ _ _ _ _ _ _ _ _ _ _ _ _ _ _ _ _ _ _ _ _ _ _ _ _ _ _ _ _ _ _ _ _ _ _ _ _ _ _ _ _ _ _ _ _ _ _ _ _ _ _\n\nself = <selenium.webdriver.support.wait.WebDriverWait (session=\"ecf1fb0e2f7894ca1fdda8907df63b46\")>, method = <function presence_of_element_located.<locals>._predicate at 0x000002302130CCA0>, message = ''\n\n    def until(self, method: Callable[[D], Union[Literal[False], T]], message: str = \"\") -> T:\n        \"\"\"Wait until the method returns a value that is not False.\n    \n        Calls the method provided with the driver as an argument until the\n        return value does not evaluate to ``False``.\n    \n        Parameters:\n        -----------\n        method: callable(WebDriver)\n            - A callable object that takes a WebDriver instance as an argument.\n    \n        message: str\n            - Optional message for :exc:`TimeoutException`\n    \n        Return:\n        -------\n        object: T\n            - The result of the last call to `method`\n    \n        Raises:\n        -------\n        TimeoutException\n            - If 'method' does not return a truthy value within the WebDriverWait\n            object's timeout\n    \n        Example:\n        --------\n        >>> from selenium.webdriver.common.by import By\n        >>> from selenium.webdriver.support.ui import WebDriverWait\n        >>> from selenium.webdriver.support import expected_conditions as EC\n    \n        # Wait until an element is visible on the page\n        >>> wait = WebDriverWait(driver, 10)\n        >>> element = wait.until(EC.visibility_of_element_located((By.ID, \"exampleId\")))\n        >>> print(element.text)\n        \"\"\"\n        screen = None\n        stacktrace = None\n    \n        end_time = time.monotonic() + self._timeout\n        while True:\n            try:\n                value = method(self._driver)\n                if value:\n                    return value\n            except self._ignored_exceptions as exc:\n                screen = getattr(exc, \"screen\", None)\n                stacktrace = getattr(exc, \"stacktrace\", None)\n            if time.monotonic() > end_time:\n                break\n            time.sleep(self._poll)\n>       raise TimeoutException(message, screen, stacktrace)\nE       selenium.common.exceptions.TimeoutException: Message: \nE       Stacktrace:\nE       \tGetHandleVerifier [0x0x7ff768646f65+78965]\nE       \tGetHandleVerifier [0x0x7ff768646fc0+79056]\nE       \t(No symbol) [0x0x7ff7683d9dda]\nE       \t(No symbol) [0x0x7ff7684302ea]\nE       \t(No symbol) [0x0x7ff76843059c]\nE       \t(No symbol) [0x0x7ff768483f37]\nE       \t(No symbol) [0x0x7ff7684586af]\nE       \t(No symbol) [0x0x7ff768480dbe]\nE       \t(No symbol) [0x0x7ff768458443]\nE       \t(No symbol) [0x0x7ff768421311]\nE       \t(No symbol) [0x0x7ff7684220a3]\nE       \tGetHandleVerifier [0x0x7ff7688fe26d+2926461]\nE       \tGetHandleVerifier [0x0x7ff7688f8993+2903715]\nE       \tGetHandleVerifier [0x0x7ff768916aed+3026941]\nE       \tGetHandleVerifier [0x0x7ff7686616fe+187406]\nE       \tGetHandleVerifier [0x0x7ff7686696ef+220159]\nE       \tGetHandleVerifier [0x0x7ff76864faf4+114692]\nE       \tGetHandleVerifier [0x0x7ff76864fca9+115129]\nE       \tGetHandleVerifier [0x0x7ff7686364d8+10728]\nE       \tBaseThreadInitThunk [0x0x7ff882c97374+20]\nE       \tRtlUserThreadStart [0x0x7ff883bdcc91+33]\n\nmyenv\\lib\\site-packages\\selenium\\webdriver\\support\\wait.py:138: TimeoutException","steps":[],"attachments":[{"uid":"b1fe1dc7467be385","name":"test_plan_del_20260108_013626","source":"b1fe1dc7467be385.png","type":"image/png","size":249143},{"uid":"e7005161b409bde9","name":"log","source":"e7005161b409bde9.txt","type":"text/plain","size":416}],"parameters":[],"attachmentStep":false,"stepsCount":0,"hasContent":true,"shouldDisplayMessage":true,"attachmentsCount":2},"afterStages":[{"name":"login_to_userrole::0","time":{"start":1767807397348,"stop":1767807399533,"duration":2185},"status":"passed","steps":[],"attachments":[],"parameters":[],"attachmentStep":false,"stepsCount":0,"hasContent":false,"shouldDisplayMessage":false,"attachmentsCount":0}],"labels":[{"name":"story","value":"删除计划单元，删除布局成功"},{"name":"feature","value":"用户权限管理页用例"},{"name":"parentSuite","value":"Tests.test_system"},{"name":"suite","value":"test_userRole"},{"name":"subSuite","value":"TestUserRolePage"},{"name":"host","value":"WIN-20240820MJV"},{"name":"thread","value":"10012-MainThread"},{"name":"framework","value":"pytest"},{"name":"language","value":"cpython3"},{"name":"package","value":"Tests.test_system.test_userRole"},{"name":"resultFormat","value":"allure2"}],"parameters":[],"links":[],"hidden":true,"retry":true,"extra":{"categories":[],"tags":[]},"source":"9dc2caf6079725df.json","parameterValues":[]}