{"uid":"9e340b2659e038c3","name":"test_module_delsuccess","fullName":"Tests.test_system.test_module.TestSModulePage#test_module_delsuccess","historyId":"0e6035171a3144c5f7ad206515f9c6d6","time":{"start":1766702299527,"stop":1766702324505,"duration":24978},"status":"broken","statusMessage":"selenium.common.exceptions.TimeoutException: Message: \nStacktrace:\n\tGetHandleVerifier [0x0x7ff720766f65+78965]\n\tGetHandleVerifier [0x0x7ff720766fc0+79056]\n\t(No symbol) [0x0x7ff7204f9dda]\n\t(No symbol) [0x0x7ff7205502ea]\n\t(No symbol) [0x0x7ff72055059c]\n\t(No symbol) [0x0x7ff7205a3f37]\n\t(No symbol) [0x0x7ff7205786af]\n\t(No symbol) [0x0x7ff7205a0dbe]\n\t(No symbol) [0x0x7ff720578443]\n\t(No symbol) [0x0x7ff720541311]\n\t(No symbol) [0x0x7ff7205420a3]\n\tGetHandleVerifier [0x0x7ff720a1e26d+2926461]\n\tGetHandleVerifier [0x0x7ff720a18993+2903715]\n\tGetHandleVerifier [0x0x7ff720a36aed+3026941]\n\tGetHandleVerifier [0x0x7ff7207816fe+187406]\n\tGetHandleVerifier [0x0x7ff7207896ef+220159]\n\tGetHandleVerifier [0x0x7ff72076faf4+114692]\n\tGetHandleVerifier [0x0x7ff72076fca9+115129]\n\tGetHandleVerifier [0x0x7ff7207564d8+10728]\n\tBaseThreadInitThunk [0x0x7ffd0b6d7374+20]\n\tRtlUserThreadStart [0x0x7ffd0ccdcc91+33]","statusTrace":"self = <test_system.test_module.TestSModulePage object at 0x00000261943A63E0>, login_to_module = <selenium.webdriver.chrome.webdriver.WebDriver (session=\"4ea0a48b8434c23d4a52489d4f52ee72\")>\n\n    @allure.story(\"删除测试数据成功，删除布局成功\")\n    # @pytest.mark.run(order=1)\n    def test_module_delsuccess(self, login_to_module):\n        driver = login_to_module  # WebDriver 实例\n        module = ExpressionPage(driver)  # 用 driver 初始化 ExpressionPage\n    \n        module.wait_for_loading_to_disappear()\n        layout = \"测试布局A\"\n    \n        value = ['ABCDAA']\n        module.del_all(xpath='//div[div[span[text()=\" 模块代码\"]]]//input', value=value)\n        sleep(1)\n        itemdata = [\n            driver.find_elements(By.XPATH, f'//tr[./td[2][.//span[text()=\"{v}\"]]]/td[2]')\n            for v in value[:1]\n        ]\n>       module.del_layout(layout)\n\nTests\\test_system\\test_module.py:864: \n_ _ _ _ _ _ _ _ _ _ _ _ _ _ _ _ _ _ _ _ _ _ _ _ _ _ _ _ _ _ _ _ _ _ _ _ _ _ _ _ _ _ _ _ _ _ _ _ _ _ _ _ _ _ _ _ _ _ _ _ _ _ _ _ _ _ _ _ _ _ _ _ _ _ _ _ _ _ _ _ _ _ _ _ _ _ _ _ _ _ _ _ _ _ _ _ _ _ _ _ _ _ _ _ _ _ _ _ _ _ _ _ _ _ _ _\nPages\\systemPage\\expression_page.py:241: in del_layout\n    target_div = self.get_find_element_xpath(\nPages\\systemPage\\expression_page.py:29: in get_find_element_xpath\n    return self.find_element(By.XPATH, xpath)\nPages\\base_page.py:28: in find_element\n    return WebDriverWait(self.driver, wait_time).until(\n_ _ _ _ _ _ _ _ _ _ _ _ _ _ _ _ _ _ _ _ _ _ _ _ _ _ _ _ _ _ _ _ _ _ _ _ _ _ _ _ _ _ _ _ _ _ _ _ _ _ _ _ _ _ _ _ _ _ _ _ _ _ _ _ _ _ _ _ _ _ _ _ _ _ _ _ _ _ _ _ _ _ _ _ _ _ _ _ _ _ _ _ _ _ _ _ _ _ _ _ _ _ _ _ _ _ _ _ _ _ _ _ _ _ _ _\n\nself = <selenium.webdriver.support.wait.WebDriverWait (session=\"4ea0a48b8434c23d4a52489d4f52ee72\")>, method = <function presence_of_element_located.<locals>._predicate at 0x0000026195F8E9E0>, message = ''\n\n    def until(self, method: Callable[[D], Union[Literal[False], T]], message: str = \"\") -> T:\n        \"\"\"Wait until the method returns a value that is not False.\n    \n        Calls the method provided with the driver as an argument until the\n        return value does not evaluate to ``False``.\n    \n        Parameters:\n        -----------\n        method: callable(WebDriver)\n            - A callable object that takes a WebDriver instance as an argument.\n    \n        message: str\n            - Optional message for :exc:`TimeoutException`\n    \n        Return:\n        -------\n        object: T\n            - The result of the last call to `method`\n    \n        Raises:\n        -------\n        TimeoutException\n            - If 'method' does not return a truthy value within the WebDriverWait\n            object's timeout\n    \n        Example:\n        --------\n        >>> from selenium.webdriver.common.by import By\n        >>> from selenium.webdriver.support.ui import WebDriverWait\n        >>> from selenium.webdriver.support import expected_conditions as EC\n    \n        # Wait until an element is visible on the page\n        >>> wait = WebDriverWait(driver, 10)\n        >>> element = wait.until(EC.visibility_of_element_located((By.ID, \"exampleId\")))\n        >>> print(element.text)\n        \"\"\"\n        screen = None\n        stacktrace = None\n    \n        end_time = time.monotonic() + self._timeout\n        while True:\n            try:\n                value = method(self._driver)\n                if value:\n                    return value\n            except self._ignored_exceptions as exc:\n                screen = getattr(exc, \"screen\", None)\n                stacktrace = getattr(exc, \"stacktrace\", None)\n            if time.monotonic() > end_time:\n                break\n            time.sleep(self._poll)\n>       raise TimeoutException(message, screen, stacktrace)\nE       selenium.common.exceptions.TimeoutException: Message: \nE       Stacktrace:\nE       \tGetHandleVerifier [0x0x7ff720766f65+78965]\nE       \tGetHandleVerifier [0x0x7ff720766fc0+79056]\nE       \t(No symbol) [0x0x7ff7204f9dda]\nE       \t(No symbol) [0x0x7ff7205502ea]\nE       \t(No symbol) [0x0x7ff72055059c]\nE       \t(No symbol) [0x0x7ff7205a3f37]\nE       \t(No symbol) [0x0x7ff7205786af]\nE       \t(No symbol) [0x0x7ff7205a0dbe]\nE       \t(No symbol) [0x0x7ff720578443]\nE       \t(No symbol) [0x0x7ff720541311]\nE       \t(No symbol) [0x0x7ff7205420a3]\nE       \tGetHandleVerifier [0x0x7ff720a1e26d+2926461]\nE       \tGetHandleVerifier [0x0x7ff720a18993+2903715]\nE       \tGetHandleVerifier [0x0x7ff720a36aed+3026941]\nE       \tGetHandleVerifier [0x0x7ff7207816fe+187406]\nE       \tGetHandleVerifier [0x0x7ff7207896ef+220159]\nE       \tGetHandleVerifier [0x0x7ff72076faf4+114692]\nE       \tGetHandleVerifier [0x0x7ff72076fca9+115129]\nE       \tGetHandleVerifier [0x0x7ff7207564d8+10728]\nE       \tBaseThreadInitThunk [0x0x7ffd0b6d7374+20]\nE       \tRtlUserThreadStart [0x0x7ffd0ccdcc91+33]\n\nmyenv\\lib\\site-packages\\selenium\\webdriver\\support\\wait.py:138: TimeoutException","flaky":false,"newFailed":false,"newBroken":false,"newPassed":false,"retriesCount":1,"retriesStatusChange":true,"beforeStages":[{"name":"login_to_module","time":{"start":1766702285952,"stop":1766702299527,"duration":13575},"status":"passed","steps":[],"attachments":[],"parameters":[],"shouldDisplayMessage":false,"attachmentsCount":0,"stepsCount":0,"attachmentStep":false,"hasContent":false}],"testStage":{"status":"broken","statusMessage":"selenium.common.exceptions.TimeoutException: Message: \nStacktrace:\n\tGetHandleVerifier [0x0x7ff720766f65+78965]\n\tGetHandleVerifier [0x0x7ff720766fc0+79056]\n\t(No symbol) [0x0x7ff7204f9dda]\n\t(No symbol) [0x0x7ff7205502ea]\n\t(No symbol) [0x0x7ff72055059c]\n\t(No symbol) [0x0x7ff7205a3f37]\n\t(No symbol) [0x0x7ff7205786af]\n\t(No symbol) [0x0x7ff7205a0dbe]\n\t(No symbol) [0x0x7ff720578443]\n\t(No symbol) [0x0x7ff720541311]\n\t(No symbol) [0x0x7ff7205420a3]\n\tGetHandleVerifier [0x0x7ff720a1e26d+2926461]\n\tGetHandleVerifier [0x0x7ff720a18993+2903715]\n\tGetHandleVerifier [0x0x7ff720a36aed+3026941]\n\tGetHandleVerifier [0x0x7ff7207816fe+187406]\n\tGetHandleVerifier [0x0x7ff7207896ef+220159]\n\tGetHandleVerifier [0x0x7ff72076faf4+114692]\n\tGetHandleVerifier [0x0x7ff72076fca9+115129]\n\tGetHandleVerifier [0x0x7ff7207564d8+10728]\n\tBaseThreadInitThunk [0x0x7ffd0b6d7374+20]\n\tRtlUserThreadStart [0x0x7ffd0ccdcc91+33]","statusTrace":"self = <test_system.test_module.TestSModulePage object at 0x00000261943A63E0>, login_to_module = <selenium.webdriver.chrome.webdriver.WebDriver (session=\"4ea0a48b8434c23d4a52489d4f52ee72\")>\n\n    @allure.story(\"删除测试数据成功，删除布局成功\")\n    # @pytest.mark.run(order=1)\n    def test_module_delsuccess(self, login_to_module):\n        driver = login_to_module  # WebDriver 实例\n        module = ExpressionPage(driver)  # 用 driver 初始化 ExpressionPage\n    \n        module.wait_for_loading_to_disappear()\n        layout = \"测试布局A\"\n    \n        value = ['ABCDAA']\n        module.del_all(xpath='//div[div[span[text()=\" 模块代码\"]]]//input', value=value)\n        sleep(1)\n        itemdata = [\n            driver.find_elements(By.XPATH, f'//tr[./td[2][.//span[text()=\"{v}\"]]]/td[2]')\n            for v in value[:1]\n        ]\n>       module.del_layout(layout)\n\nTests\\test_system\\test_module.py:864: \n_ _ _ _ _ _ _ _ _ _ _ _ _ _ _ _ _ _ _ _ _ _ _ _ _ _ _ _ _ _ _ _ _ _ _ _ _ _ _ _ _ _ _ _ _ _ _ _ _ _ _ _ _ _ _ _ _ _ _ _ _ _ _ _ _ _ _ _ _ _ _ _ _ _ _ _ _ _ _ _ _ _ _ _ _ _ _ _ _ _ _ _ _ _ _ _ _ _ _ _ _ _ _ _ _ _ _ _ _ _ _ _ _ _ _ _\nPages\\systemPage\\expression_page.py:241: in del_layout\n    target_div = self.get_find_element_xpath(\nPages\\systemPage\\expression_page.py:29: in get_find_element_xpath\n    return self.find_element(By.XPATH, xpath)\nPages\\base_page.py:28: in find_element\n    return WebDriverWait(self.driver, wait_time).until(\n_ _ _ _ _ _ _ _ _ _ _ _ _ _ _ _ _ _ _ _ _ _ _ _ _ _ _ _ _ _ _ _ _ _ _ _ _ _ _ _ _ _ _ _ _ _ _ _ _ _ _ _ _ _ _ _ _ _ _ _ _ _ _ _ _ _ _ _ _ _ _ _ _ _ _ _ _ _ _ _ _ _ _ _ _ _ _ _ _ _ _ _ _ _ _ _ _ _ _ _ _ _ _ _ _ _ _ _ _ _ _ _ _ _ _ _\n\nself = <selenium.webdriver.support.wait.WebDriverWait (session=\"4ea0a48b8434c23d4a52489d4f52ee72\")>, method = <function presence_of_element_located.<locals>._predicate at 0x0000026195F8E9E0>, message = ''\n\n    def until(self, method: Callable[[D], Union[Literal[False], T]], message: str = \"\") -> T:\n        \"\"\"Wait until the method returns a value that is not False.\n    \n        Calls the method provided with the driver as an argument until the\n        return value does not evaluate to ``False``.\n    \n        Parameters:\n        -----------\n        method: callable(WebDriver)\n            - A callable object that takes a WebDriver instance as an argument.\n    \n        message: str\n            - Optional message for :exc:`TimeoutException`\n    \n        Return:\n        -------\n        object: T\n            - The result of the last call to `method`\n    \n        Raises:\n        -------\n        TimeoutException\n            - If 'method' does not return a truthy value within the WebDriverWait\n            object's timeout\n    \n        Example:\n        --------\n        >>> from selenium.webdriver.common.by import By\n        >>> from selenium.webdriver.support.ui import WebDriverWait\n        >>> from selenium.webdriver.support import expected_conditions as EC\n    \n        # Wait until an element is visible on the page\n        >>> wait = WebDriverWait(driver, 10)\n        >>> element = wait.until(EC.visibility_of_element_located((By.ID, \"exampleId\")))\n        >>> print(element.text)\n        \"\"\"\n        screen = None\n        stacktrace = None\n    \n        end_time = time.monotonic() + self._timeout\n        while True:\n            try:\n                value = method(self._driver)\n                if value:\n                    return value\n            except self._ignored_exceptions as exc:\n                screen = getattr(exc, \"screen\", None)\n                stacktrace = getattr(exc, \"stacktrace\", None)\n            if time.monotonic() > end_time:\n                break\n            time.sleep(self._poll)\n>       raise TimeoutException(message, screen, stacktrace)\nE       selenium.common.exceptions.TimeoutException: Message: \nE       Stacktrace:\nE       \tGetHandleVerifier [0x0x7ff720766f65+78965]\nE       \tGetHandleVerifier [0x0x7ff720766fc0+79056]\nE       \t(No symbol) [0x0x7ff7204f9dda]\nE       \t(No symbol) [0x0x7ff7205502ea]\nE       \t(No symbol) [0x0x7ff72055059c]\nE       \t(No symbol) [0x0x7ff7205a3f37]\nE       \t(No symbol) [0x0x7ff7205786af]\nE       \t(No symbol) [0x0x7ff7205a0dbe]\nE       \t(No symbol) [0x0x7ff720578443]\nE       \t(No symbol) [0x0x7ff720541311]\nE       \t(No symbol) [0x0x7ff7205420a3]\nE       \tGetHandleVerifier [0x0x7ff720a1e26d+2926461]\nE       \tGetHandleVerifier [0x0x7ff720a18993+2903715]\nE       \tGetHandleVerifier [0x0x7ff720a36aed+3026941]\nE       \tGetHandleVerifier [0x0x7ff7207816fe+187406]\nE       \tGetHandleVerifier [0x0x7ff7207896ef+220159]\nE       \tGetHandleVerifier [0x0x7ff72076faf4+114692]\nE       \tGetHandleVerifier [0x0x7ff72076fca9+115129]\nE       \tGetHandleVerifier [0x0x7ff7207564d8+10728]\nE       \tBaseThreadInitThunk [0x0x7ffd0b6d7374+20]\nE       \tRtlUserThreadStart [0x0x7ffd0ccdcc91+33]\n\nmyenv\\lib\\site-packages\\selenium\\webdriver\\support\\wait.py:138: TimeoutException","steps":[],"attachments":[{"uid":"88e8428ec6ab6107","name":"test_module_delsuccess_20251226_063844","source":"88e8428ec6ab6107.png","type":"image/png","size":166239},{"uid":"6cd7298c25316638","name":"log","source":"6cd7298c25316638.txt","type":"text/plain","size":6636}],"parameters":[],"shouldDisplayMessage":true,"attachmentsCount":2,"stepsCount":0,"attachmentStep":false,"hasContent":true},"afterStages":[{"name":"login_to_module::0","time":{"start":1766702324609,"stop":1766702326783,"duration":2174},"status":"passed","steps":[],"attachments":[],"parameters":[],"shouldDisplayMessage":false,"attachmentsCount":0,"stepsCount":0,"attachmentStep":false,"hasContent":false}],"labels":[{"name":"story","value":"删除测试数据成功，删除布局成功"},{"name":"feature","value":"模块管理页用例"},{"name":"parentSuite","value":"Tests.test_system"},{"name":"suite","value":"test_module"},{"name":"subSuite","value":"TestSModulePage"},{"name":"host","value":"WIN-20240820MJV"},{"name":"thread","value":"25680-MainThread"},{"name":"framework","value":"pytest"},{"name":"language","value":"cpython3"},{"name":"package","value":"Tests.test_system.test_module"},{"name":"resultFormat","value":"allure2"}],"parameters":[],"links":[],"hidden":false,"retry":false,"extra":{"severity":"normal","retries":[{"uid":"1539936822011620","status":"failed","statusDetails":"AssertionError: assert False\n +  where False = all(<generator object TestSModulePage.test_module_delsuccess.<locals>.<genexpr> at 0x000002619618DA80>)","time":{"start":1766702271474,"stop":1766702283672,"duration":12198}}],"categories":[{"name":"Test defects","matchedStatuses":[]}],"tags":[]},"source":"9e340b2659e038c3.json","parameterValues":[]}