{"uid":"9e673c575e5612c6","name":"test_item_addfail","fullName":"Tests.test_items.test_item.TestItemPage#test_item_addfail","historyId":"07e31e08715739fe4624f3975d2bf97c","time":{"start":1766154226599,"stop":1766154226599,"duration":0},"status":"broken","statusMessage":"selenium.common.exceptions.TimeoutException: Message: 点击失败，找不到元素：xpath = (//span[text()=\"计划管理\"])[1]","statusTrace":"self = <Pages.itemsPage.login_page.LoginPage object at 0x0000022DB4326C50>, by_or_element = 'xpath', value = '(//span[text()=\"计划管理\"])[1]', wait_time = 10, retries = 2\n\n    def click(self, by_or_element, value=None, wait_time=10, retries=2):\n        \"\"\"\n        更稳健的点击方法：支持定位符或 WebElement，自动处理 stale 元素、点击拦截等问题。\n        \"\"\"\n        for attempt in range(retries):\n            try:\n                if value is not None:\n                    by = by_or_element\n                    logging.info(f\"点击元素：By = {by}, Value = {value}\")\n>                   element = WebDriverWait(self.driver, wait_time).until(\n                        EC.element_to_be_clickable((by, value))\n                    )\n\nPages\\base_page.py:49: \n_ _ _ _ _ _ _ _ _ _ _ _ _ _ _ _ _ _ _ _ _ _ _ _ _ _ _ _ _ _ _ _ _ _ _ _ _ _ _ _ _ _ _ _ _ _ _ _ _ _ _ _ _ _ _ _ _ _ _ _ _ _ _ _ _ _ _ _ _ _ _ _ _ _ _ _ _ _ _ _ _ _ _ _ _ _ _ _ _ _ _ _ _ _ _ _ _ _ _ _ _ _ _ _ _ _ _ _ _ _ _ _ _ _ _ _\n\nself = <selenium.webdriver.support.wait.WebDriverWait (session=\"1a61e84ae67ba0b97a909686dce3e4cd\")>, method = <function element_to_be_clickable.<locals>._predicate at 0x0000022DB43417E0>, message = ''\n\n    def until(self, method: Callable[[D], Union[Literal[False], T]], message: str = \"\") -> T:\n        \"\"\"Wait until the method returns a value that is not False.\n    \n        Calls the method provided with the driver as an argument until the\n        return value does not evaluate to ``False``.\n    \n        Parameters:\n        -----------\n        method: callable(WebDriver)\n            - A callable object that takes a WebDriver instance as an argument.\n    \n        message: str\n            - Optional message for :exc:`TimeoutException`\n    \n        Return:\n        -------\n        object: T\n            - The result of the last call to `method`\n    \n        Raises:\n        -------\n        TimeoutException\n            - If 'method' does not return a truthy value within the WebDriverWait\n            object's timeout\n    \n        Example:\n        --------\n        >>> from selenium.webdriver.common.by import By\n        >>> from selenium.webdriver.support.ui import WebDriverWait\n        >>> from selenium.webdriver.support import expected_conditions as EC\n    \n        # Wait until an element is visible on the page\n        >>> wait = WebDriverWait(driver, 10)\n        >>> element = wait.until(EC.visibility_of_element_located((By.ID, \"exampleId\")))\n        >>> print(element.text)\n        \"\"\"\n        screen = None\n        stacktrace = None\n    \n        end_time = time.monotonic() + self._timeout\n        while True:\n            try:\n                value = method(self._driver)\n                if value:\n                    return value\n            except self._ignored_exceptions as exc:\n                screen = getattr(exc, \"screen\", None)\n                stacktrace = getattr(exc, \"stacktrace\", None)\n            if time.monotonic() > end_time:\n                break\n            time.sleep(self._poll)\n>       raise TimeoutException(message, screen, stacktrace)\nE       selenium.common.exceptions.TimeoutException: Message: \nE       Stacktrace:\nE       \tGetHandleVerifier [0x0x7ff736d66f65+78965]\nE       \tGetHandleVerifier [0x0x7ff736d66fc0+79056]\nE       \t(No symbol) [0x0x7ff736af9dda]\nE       \t(No symbol) [0x0x7ff736b502ea]\nE       \t(No symbol) [0x0x7ff736b5059c]\nE       \t(No symbol) [0x0x7ff736ba3f37]\nE       \t(No symbol) [0x0x7ff736b786af]\nE       \t(No symbol) [0x0x7ff736ba0dbe]\nE       \t(No symbol) [0x0x7ff736b78443]\nE       \t(No symbol) [0x0x7ff736b41311]\nE       \t(No symbol) [0x0x7ff736b420a3]\nE       \tGetHandleVerifier [0x0x7ff73701e26d+2926461]\nE       \tGetHandleVerifier [0x0x7ff737018993+2903715]\nE       \tGetHandleVerifier [0x0x7ff737036aed+3026941]\nE       \tGetHandleVerifier [0x0x7ff736d816fe+187406]\nE       \tGetHandleVerifier [0x0x7ff736d896ef+220159]\nE       \tGetHandleVerifier [0x0x7ff736d6faf4+114692]\nE       \tGetHandleVerifier [0x0x7ff736d6fca9+115129]\nE       \tGetHandleVerifier [0x0x7ff736d564d8+10728]\nE       \tBaseThreadInitThunk [0x0x7fffafcf7374+20]\nE       \tRtlUserThreadStart [0x0x7fffb071cc91+33]\n\nmyenv\\lib\\site-packages\\selenium\\webdriver\\support\\wait.py:138: TimeoutException\n\nDuring handling of the above exception, another exception occurred:\n\n    @pytest.fixture(scope=\"module\")  # (scope=\"class\")这个参数表示整个测试类共用同一个浏览器，默认一个用例执行一次\n    def login_to_item():\n        driver = None\n        try:\n            \"\"\"初始化并返回 driver\"\"\"\n            date_driver = DateDriver()\n            # 初始化 driver\n            driver = create_driver(date_driver.driver_path)\n            driver.implicitly_wait(3)\n    \n            # 初始化登录页面\n            page = LoginPage(driver)  # 初始化登录页面\n            url = date_driver.url\n            print(f\"[INFO] 正在导航到 URL: {url}\")\n            # 尝试访问 URL，捕获连接错误\n            for attempt in range(2):\n                try:\n                    page.navigate_to(url)\n                    break\n                except WebDriverException as e:\n                    capture_screenshot(driver, f\"login_fail_{attempt + 1}\")\n                    logging.warning(f\"第 {attempt + 1} 次连接失败: {e}\")\n                    driver.refresh()\n                    sleep(date_driver.URL_RETRY_WAIT)\n            else:\n                logging.error(\"连接失败多次，测试中止\")\n                safe_quit(driver)\n                raise RuntimeError(\"无法连接到登录页面\")\n    \n            page.login(date_driver.username, date_driver.password, date_driver.planning)\n>           page.click_button('(//span[text()=\"计划管理\"])[1]')  # 点击计划管理\n\nTests\\test_items\\test_item.py:51: \n_ _ _ _ _ _ _ _ _ _ _ _ _ _ _ _ _ _ _ _ _ _ _ _ _ _ _ _ _ _ _ _ _ _ _ _ _ _ _ _ _ _ _ _ _ _ _ _ _ _ _ _ _ _ _ _ _ _ _ _ _ _ _ _ _ _ _ _ _ _ _ _ _ _ _ _ _ _ _ _ _ _ _ _ _ _ _ _ _ _ _ _ _ _ _ _ _ _ _ _ _ _ _ _ _ _ _ _ _ _ _ _ _ _ _ _\nPages\\itemsPage\\login_page.py:25: in click_button\n    self.click(By.XPATH, xpath)\n_ _ _ _ _ _ _ _ _ _ _ _ _ _ _ _ _ _ _ _ _ _ _ _ _ _ _ _ _ _ _ _ _ _ _ _ _ _ _ _ _ _ _ _ _ _ _ _ _ _ _ _ _ _ _ _ _ _ _ _ _ _ _ _ _ _ _ _ _ _ _ _ _ _ _ _ _ _ _ _ _ _ _ _ _ _ _ _ _ _ _ _ _ _ _ _ _ _ _ _ _ _ _ _ _ _ _ _ _ _ _ _ _ _ _ _\n\nself = <Pages.itemsPage.login_page.LoginPage object at 0x0000022DB4326C50>, by_or_element = 'xpath', value = '(//span[text()=\"计划管理\"])[1]', wait_time = 10, retries = 2\n\n    def click(self, by_or_element, value=None, wait_time=10, retries=2):\n        \"\"\"\n        更稳健的点击方法：支持定位符或 WebElement，自动处理 stale 元素、点击拦截等问题。\n        \"\"\"\n        for attempt in range(retries):\n            try:\n                if value is not None:\n                    by = by_or_element\n                    logging.info(f\"点击元素：By = {by}, Value = {value}\")\n                    element = WebDriverWait(self.driver, wait_time).until(\n                        EC.element_to_be_clickable((by, value))\n                    )\n                else:\n                    logging.info(\"点击元素：WebElement 对象\")\n                    element = by_or_element\n    \n                element.click()\n                logging.info(\"✅ 点击成功\")\n                return\n    \n            except ElementClickInterceptedException:\n                logging.warning(\"⚠️ 原生点击被拦截，尝试使用 JS 点击\")\n                try:\n                    self.driver.execute_script(\"arguments[0].click();\", element)\n                    logging.info(\"✅ JS 点击成功\")\n                    return\n                except Exception as js_error:\n                    logging.warning(f\"⚠️ JS 点击失败：{js_error}\")\n                    sleep(1)\n                    continue  # 下一轮重试\n    \n            except StaleElementReferenceException:\n                logging.warning(f\"⚠️ 第 {attempt + 1} 次点击失败：元素过期，尝试重新定位\")\n                sleep(1)\n                continue  # 下一轮重试时重新定位\n    \n            except TimeoutException:\n                logging.error(f\"❌ 元素未在 {wait_time} 秒内变为可点击\")\n>               raise TimeoutException(f\"点击失败，找不到元素：{by_or_element} = {value}\")\nE               selenium.common.exceptions.TimeoutException: Message: 点击失败，找不到元素：xpath = (//span[text()=\"计划管理\"])[1]\n\nPages\\base_page.py:78: TimeoutException","flaky":false,"newFailed":false,"newBroken":false,"newPassed":false,"retriesCount":0,"retriesStatusChange":false,"beforeStages":[{"name":"login_to_item","time":{"start":1766154226600,"stop":1766154275135,"duration":48535},"status":"broken","statusMessage":"selenium.common.exceptions.TimeoutException: Message: 点击失败，找不到元素：xpath = (//span[text()=\"计划管理\"])[1]\n\n","statusTrace":"  File \"D:\\PycharmProjects\\APS\\myenv\\lib\\site-packages\\pluggy\\_callers.py\", line 38, in run_old_style_hookwrapper\n    res = yield\n  File \"D:\\PycharmProjects\\APS\\myenv\\lib\\site-packages\\pluggy\\_callers.py\", line 139, in _multicall\n    teardown.throw(exception)\n  File \"D:\\PycharmProjects\\APS\\myenv\\lib\\site-packages\\pluggy\\_callers.py\", line 53, in run_old_style_hookwrapper\n    return result.get_result()\n  File \"D:\\PycharmProjects\\APS\\myenv\\lib\\site-packages\\pluggy\\_result.py\", line 103, in get_result\n    raise exc.with_traceback(tb)\n  File \"D:\\PycharmProjects\\APS\\myenv\\lib\\site-packages\\pluggy\\_callers.py\", line 38, in run_old_style_hookwrapper\n    res = yield\n  File \"D:\\PycharmProjects\\APS\\myenv\\lib\\site-packages\\pluggy\\_callers.py\", line 139, in _multicall\n    teardown.throw(exception)\n  File \"D:\\PycharmProjects\\APS\\myenv\\lib\\site-packages\\_pytest\\setuponly.py\", line 36, in pytest_fixture_setup\n    return (yield)\n  File \"D:\\PycharmProjects\\APS\\myenv\\lib\\site-packages\\pluggy\\_callers.py\", line 121, in _multicall\n    res = hook_impl.function(*args)\n  File \"D:\\PycharmProjects\\APS\\myenv\\lib\\site-packages\\_pytest\\fixtures.py\", line 1195, in pytest_fixture_setup\n    result = call_fixture_func(fixturefunc, request, kwargs)\n  File \"D:\\PycharmProjects\\APS\\myenv\\lib\\site-packages\\_pytest\\fixtures.py\", line 922, in call_fixture_func\n    fixture_result = next(generator)\n  File \"D:\\PycharmProjects\\APS\\Tests\\test_items\\test_item.py\", line 51, in login_to_item\n    page.click_button('(//span[text()=\"计划管理\"])[1]')  # 点击计划管理\n  File \"D:\\PycharmProjects\\APS\\Pages\\itemsPage\\login_page.py\", line 25, in click_button\n    self.click(By.XPATH, xpath)\n  File \"D:\\PycharmProjects\\APS\\Pages\\base_page.py\", line 78, in click\n    raise TimeoutException(f\"点击失败，找不到元素：{by_or_element} = {value}\")\n","steps":[],"attachments":[],"parameters":[],"stepsCount":0,"attachmentStep":false,"hasContent":true,"shouldDisplayMessage":true,"attachmentsCount":0},{"name":"login_to_item","time":{"start":1766154275357,"stop":1766154292160,"duration":16803},"status":"broken","statusMessage":"selenium.common.exceptions.TimeoutException: Message: \nStacktrace:\n\tGetHandleVerifier [0x0x7ff736d66f65+78965]\n\tGetHandleVerifier [0x0x7ff736d66fc0+79056]\n\t(No symbol) [0x0x7ff736af9dda]\n\t(No symbol) [0x0x7ff736b502ea]\n\t(No symbol) [0x0x7ff736b5059c]\n\t(No symbol) [0x0x7ff736ba3f37]\n\t(No symbol) [0x0x7ff736b786af]\n\t(No symbol) [0x0x7ff736ba0dbe]\n\t(No symbol) [0x0x7ff736b78443]\n\t(No symbol) [0x0x7ff736b41311]\n\t(No symbol) [0x0x7ff736b420a3]\n\tGetHandleVerifier [0x0x7ff73701e26d+2926461]\n\tGetHandleVerifier [0x0x7ff737018993+2903715]\n\tGetHandleVerifier [0x0x7ff737036aed+3026941]\n\tGetHandleVerifier [0x0x7ff736d816fe+187406]\n\tGetHandleVerifier [0x0x7ff736d896ef+220159]\n\tGetHandleVerifier [0x0x7ff736d6faf4+114692]\n\tGetHandleVerifier [0x0x7ff736d6fca9+115129]\n\tGetHandleVerifier [0x0x7ff736d564d8+10728]\n\tBaseThreadInitThunk [0x0x7fffafcf7374+20]\n\tRtlUserThreadStart [0x0x7fffb071cc91+33]\n\n","statusTrace":"  File \"D:\\PycharmProjects\\APS\\myenv\\lib\\site-packages\\pluggy\\_callers.py\", line 38, in run_old_style_hookwrapper\n    res = yield\n  File \"D:\\PycharmProjects\\APS\\myenv\\lib\\site-packages\\pluggy\\_callers.py\", line 139, in _multicall\n    teardown.throw(exception)\n  File \"D:\\PycharmProjects\\APS\\myenv\\lib\\site-packages\\pluggy\\_callers.py\", line 53, in run_old_style_hookwrapper\n    return result.get_result()\n  File \"D:\\PycharmProjects\\APS\\myenv\\lib\\site-packages\\pluggy\\_result.py\", line 103, in get_result\n    raise exc.with_traceback(tb)\n  File \"D:\\PycharmProjects\\APS\\myenv\\lib\\site-packages\\pluggy\\_callers.py\", line 38, in run_old_style_hookwrapper\n    res = yield\n  File \"D:\\PycharmProjects\\APS\\myenv\\lib\\site-packages\\pluggy\\_callers.py\", line 139, in _multicall\n    teardown.throw(exception)\n  File \"D:\\PycharmProjects\\APS\\myenv\\lib\\site-packages\\_pytest\\setuponly.py\", line 36, in pytest_fixture_setup\n    return (yield)\n  File \"D:\\PycharmProjects\\APS\\myenv\\lib\\site-packages\\pluggy\\_callers.py\", line 121, in _multicall\n    res = hook_impl.function(*args)\n  File \"D:\\PycharmProjects\\APS\\myenv\\lib\\site-packages\\_pytest\\fixtures.py\", line 1195, in pytest_fixture_setup\n    result = call_fixture_func(fixturefunc, request, kwargs)\n  File \"D:\\PycharmProjects\\APS\\myenv\\lib\\site-packages\\_pytest\\fixtures.py\", line 922, in call_fixture_func\n    fixture_result = next(generator)\n  File \"D:\\PycharmProjects\\APS\\Tests\\test_items\\test_item.py\", line 50, in login_to_item\n    page.login(date_driver.username, date_driver.password, date_driver.planning)\n  File \"D:\\PycharmProjects\\APS\\Pages\\itemsPage\\login_page.py\", line 38, in login\n    self.enter_username(username)\n  File \"D:\\PycharmProjects\\APS\\Pages\\itemsPage\\login_page.py\", line 17, in enter_username\n    self.enter_text(By.XPATH, '//input[@placeholder=\"请输入账户\"]', username)\n  File \"D:\\PycharmProjects\\APS\\Pages\\base_page.py\", line 90, in enter_text\n    element = WebDriverWait(self.driver, wait_time).until(\n  File \"D:\\PycharmProjects\\APS\\myenv\\lib\\site-packages\\selenium\\webdriver\\support\\wait.py\", line 138, in until\n    raise TimeoutException(message, screen, stacktrace)\n","steps":[],"attachments":[],"parameters":[],"stepsCount":0,"attachmentStep":false,"hasContent":true,"shouldDisplayMessage":true,"attachmentsCount":0},{"name":"login_to_item","time":{"start":1766154292223,"stop":1766154370173,"duration":77950},"status":"broken","statusMessage":"selenium.common.exceptions.TimeoutException: Message: \n\n","statusTrace":"  File \"D:\\PycharmProjects\\APS\\myenv\\lib\\site-packages\\pluggy\\_callers.py\", line 38, in run_old_style_hookwrapper\n    res = yield\n  File \"D:\\PycharmProjects\\APS\\myenv\\lib\\site-packages\\pluggy\\_callers.py\", line 139, in _multicall\n    teardown.throw(exception)\n  File \"D:\\PycharmProjects\\APS\\myenv\\lib\\site-packages\\pluggy\\_callers.py\", line 53, in run_old_style_hookwrapper\n    return result.get_result()\n  File \"D:\\PycharmProjects\\APS\\myenv\\lib\\site-packages\\pluggy\\_result.py\", line 103, in get_result\n    raise exc.with_traceback(tb)\n  File \"D:\\PycharmProjects\\APS\\myenv\\lib\\site-packages\\pluggy\\_callers.py\", line 38, in run_old_style_hookwrapper\n    res = yield\n  File \"D:\\PycharmProjects\\APS\\myenv\\lib\\site-packages\\pluggy\\_callers.py\", line 139, in _multicall\n    teardown.throw(exception)\n  File \"D:\\PycharmProjects\\APS\\myenv\\lib\\site-packages\\_pytest\\setuponly.py\", line 36, in pytest_fixture_setup\n    return (yield)\n  File \"D:\\PycharmProjects\\APS\\myenv\\lib\\site-packages\\pluggy\\_callers.py\", line 121, in _multicall\n    res = hook_impl.function(*args)\n  File \"D:\\PycharmProjects\\APS\\myenv\\lib\\site-packages\\_pytest\\fixtures.py\", line 1195, in pytest_fixture_setup\n    result = call_fixture_func(fixturefunc, request, kwargs)\n  File \"D:\\PycharmProjects\\APS\\myenv\\lib\\site-packages\\_pytest\\fixtures.py\", line 922, in call_fixture_func\n    fixture_result = next(generator)\n  File \"D:\\PycharmProjects\\APS\\Tests\\test_items\\test_item.py\", line 50, in login_to_item\n    page.login(date_driver.username, date_driver.password, date_driver.planning)\n  File \"D:\\PycharmProjects\\APS\\Pages\\itemsPage\\login_page.py\", line 33, in login\n    WebDriverWait(self.driver, timeout).until(\n  File \"D:\\PycharmProjects\\APS\\myenv\\lib\\site-packages\\selenium\\webdriver\\support\\wait.py\", line 138, in until\n    raise TimeoutException(message, screen, stacktrace)\n","steps":[],"attachments":[],"parameters":[],"stepsCount":0,"attachmentStep":false,"hasContent":true,"shouldDisplayMessage":true,"attachmentsCount":0},{"name":"login_to_item","time":{"start":1766154370226,"stop":1766154440991,"duration":70765},"status":"broken","statusMessage":"selenium.common.exceptions.TimeoutException: Message: \n\n","statusTrace":"  File \"D:\\PycharmProjects\\APS\\myenv\\lib\\site-packages\\pluggy\\_callers.py\", line 38, in run_old_style_hookwrapper\n    res = yield\n  File \"D:\\PycharmProjects\\APS\\myenv\\lib\\site-packages\\pluggy\\_callers.py\", line 139, in _multicall\n    teardown.throw(exception)\n  File \"D:\\PycharmProjects\\APS\\myenv\\lib\\site-packages\\pluggy\\_callers.py\", line 53, in run_old_style_hookwrapper\n    return result.get_result()\n  File \"D:\\PycharmProjects\\APS\\myenv\\lib\\site-packages\\pluggy\\_result.py\", line 103, in get_result\n    raise exc.with_traceback(tb)\n  File \"D:\\PycharmProjects\\APS\\myenv\\lib\\site-packages\\pluggy\\_callers.py\", line 38, in run_old_style_hookwrapper\n    res = yield\n  File \"D:\\PycharmProjects\\APS\\myenv\\lib\\site-packages\\pluggy\\_callers.py\", line 139, in _multicall\n    teardown.throw(exception)\n  File \"D:\\PycharmProjects\\APS\\myenv\\lib\\site-packages\\_pytest\\setuponly.py\", line 36, in pytest_fixture_setup\n    return (yield)\n  File \"D:\\PycharmProjects\\APS\\myenv\\lib\\site-packages\\pluggy\\_callers.py\", line 121, in _multicall\n    res = hook_impl.function(*args)\n  File \"D:\\PycharmProjects\\APS\\myenv\\lib\\site-packages\\_pytest\\fixtures.py\", line 1195, in pytest_fixture_setup\n    result = call_fixture_func(fixturefunc, request, kwargs)\n  File \"D:\\PycharmProjects\\APS\\myenv\\lib\\site-packages\\_pytest\\fixtures.py\", line 922, in call_fixture_func\n    fixture_result = next(generator)\n  File \"D:\\PycharmProjects\\APS\\Tests\\test_items\\test_item.py\", line 50, in login_to_item\n    page.login(date_driver.username, date_driver.password, date_driver.planning)\n  File \"D:\\PycharmProjects\\APS\\Pages\\itemsPage\\login_page.py\", line 33, in login\n    WebDriverWait(self.driver, timeout).until(\n  File \"D:\\PycharmProjects\\APS\\myenv\\lib\\site-packages\\selenium\\webdriver\\support\\wait.py\", line 138, in until\n    raise TimeoutException(message, screen, stacktrace)\n","steps":[],"attachments":[],"parameters":[],"stepsCount":0,"attachmentStep":false,"hasContent":true,"shouldDisplayMessage":true,"attachmentsCount":0},{"name":"login_to_item","time":{"start":1766154441048,"stop":1766154457906,"duration":16858},"status":"broken","statusMessage":"selenium.common.exceptions.TimeoutException: Message: \nStacktrace:\n\tGetHandleVerifier [0x0x7ff736d66f65+78965]\n\tGetHandleVerifier [0x0x7ff736d66fc0+79056]\n\t(No symbol) [0x0x7ff736af9dda]\n\t(No symbol) [0x0x7ff736b502ea]\n\t(No symbol) [0x0x7ff736b5059c]\n\t(No symbol) [0x0x7ff736ba3f37]\n\t(No symbol) [0x0x7ff736b786af]\n\t(No symbol) [0x0x7ff736ba0dbe]\n\t(No symbol) [0x0x7ff736b78443]\n\t(No symbol) [0x0x7ff736b41311]\n\t(No symbol) [0x0x7ff736b420a3]\n\tGetHandleVerifier [0x0x7ff73701e26d+2926461]\n\tGetHandleVerifier [0x0x7ff737018993+2903715]\n\tGetHandleVerifier [0x0x7ff737036aed+3026941]\n\tGetHandleVerifier [0x0x7ff736d816fe+187406]\n\tGetHandleVerifier [0x0x7ff736d896ef+220159]\n\tGetHandleVerifier [0x0x7ff736d6faf4+114692]\n\tGetHandleVerifier [0x0x7ff736d6fca9+115129]\n\tGetHandleVerifier [0x0x7ff736d564d8+10728]\n\tBaseThreadInitThunk [0x0x7fffafcf7374+20]\n\tRtlUserThreadStart [0x0x7fffb071cc91+33]\n\n","statusTrace":"  File \"D:\\PycharmProjects\\APS\\myenv\\lib\\site-packages\\pluggy\\_callers.py\", line 38, in run_old_style_hookwrapper\n    res = yield\n  File \"D:\\PycharmProjects\\APS\\myenv\\lib\\site-packages\\pluggy\\_callers.py\", line 139, in _multicall\n    teardown.throw(exception)\n  File \"D:\\PycharmProjects\\APS\\myenv\\lib\\site-packages\\pluggy\\_callers.py\", line 53, in run_old_style_hookwrapper\n    return result.get_result()\n  File \"D:\\PycharmProjects\\APS\\myenv\\lib\\site-packages\\pluggy\\_result.py\", line 103, in get_result\n    raise exc.with_traceback(tb)\n  File \"D:\\PycharmProjects\\APS\\myenv\\lib\\site-packages\\pluggy\\_callers.py\", line 38, in run_old_style_hookwrapper\n    res = yield\n  File \"D:\\PycharmProjects\\APS\\myenv\\lib\\site-packages\\pluggy\\_callers.py\", line 139, in _multicall\n    teardown.throw(exception)\n  File \"D:\\PycharmProjects\\APS\\myenv\\lib\\site-packages\\_pytest\\setuponly.py\", line 36, in pytest_fixture_setup\n    return (yield)\n  File \"D:\\PycharmProjects\\APS\\myenv\\lib\\site-packages\\pluggy\\_callers.py\", line 121, in _multicall\n    res = hook_impl.function(*args)\n  File \"D:\\PycharmProjects\\APS\\myenv\\lib\\site-packages\\_pytest\\fixtures.py\", line 1195, in pytest_fixture_setup\n    result = call_fixture_func(fixturefunc, request, kwargs)\n  File \"D:\\PycharmProjects\\APS\\myenv\\lib\\site-packages\\_pytest\\fixtures.py\", line 922, in call_fixture_func\n    fixture_result = next(generator)\n  File \"D:\\PycharmProjects\\APS\\Tests\\test_items\\test_item.py\", line 50, in login_to_item\n    page.login(date_driver.username, date_driver.password, date_driver.planning)\n  File \"D:\\PycharmProjects\\APS\\Pages\\itemsPage\\login_page.py\", line 38, in login\n    self.enter_username(username)\n  File \"D:\\PycharmProjects\\APS\\Pages\\itemsPage\\login_page.py\", line 17, in enter_username\n    self.enter_text(By.XPATH, '//input[@placeholder=\"请输入账户\"]', username)\n  File \"D:\\PycharmProjects\\APS\\Pages\\base_page.py\", line 90, in enter_text\n    element = WebDriverWait(self.driver, wait_time).until(\n  File \"D:\\PycharmProjects\\APS\\myenv\\lib\\site-packages\\selenium\\webdriver\\support\\wait.py\", line 138, in until\n    raise TimeoutException(message, screen, stacktrace)\n","steps":[],"attachments":[],"parameters":[],"stepsCount":0,"attachmentStep":false,"hasContent":true,"shouldDisplayMessage":true,"attachmentsCount":0},{"name":"login_to_item","time":{"start":1766154458001,"stop":1766154527864,"duration":69863},"status":"broken","statusMessage":"selenium.common.exceptions.TimeoutException: Message: \n\n","statusTrace":"  File \"D:\\PycharmProjects\\APS\\myenv\\lib\\site-packages\\pluggy\\_callers.py\", line 38, in run_old_style_hookwrapper\n    res = yield\n  File \"D:\\PycharmProjects\\APS\\myenv\\lib\\site-packages\\pluggy\\_callers.py\", line 139, in _multicall\n    teardown.throw(exception)\n  File \"D:\\PycharmProjects\\APS\\myenv\\lib\\site-packages\\pluggy\\_callers.py\", line 53, in run_old_style_hookwrapper\n    return result.get_result()\n  File \"D:\\PycharmProjects\\APS\\myenv\\lib\\site-packages\\pluggy\\_result.py\", line 103, in get_result\n    raise exc.with_traceback(tb)\n  File \"D:\\PycharmProjects\\APS\\myenv\\lib\\site-packages\\pluggy\\_callers.py\", line 38, in run_old_style_hookwrapper\n    res = yield\n  File \"D:\\PycharmProjects\\APS\\myenv\\lib\\site-packages\\pluggy\\_callers.py\", line 139, in _multicall\n    teardown.throw(exception)\n  File \"D:\\PycharmProjects\\APS\\myenv\\lib\\site-packages\\_pytest\\setuponly.py\", line 36, in pytest_fixture_setup\n    return (yield)\n  File \"D:\\PycharmProjects\\APS\\myenv\\lib\\site-packages\\pluggy\\_callers.py\", line 121, in _multicall\n    res = hook_impl.function(*args)\n  File \"D:\\PycharmProjects\\APS\\myenv\\lib\\site-packages\\_pytest\\fixtures.py\", line 1195, in pytest_fixture_setup\n    result = call_fixture_func(fixturefunc, request, kwargs)\n  File \"D:\\PycharmProjects\\APS\\myenv\\lib\\site-packages\\_pytest\\fixtures.py\", line 922, in call_fixture_func\n    fixture_result = next(generator)\n  File \"D:\\PycharmProjects\\APS\\Tests\\test_items\\test_item.py\", line 50, in login_to_item\n    page.login(date_driver.username, date_driver.password, date_driver.planning)\n  File \"D:\\PycharmProjects\\APS\\Pages\\itemsPage\\login_page.py\", line 33, in login\n    WebDriverWait(self.driver, timeout).until(\n  File \"D:\\PycharmProjects\\APS\\myenv\\lib\\site-packages\\selenium\\webdriver\\support\\wait.py\", line 138, in until\n    raise TimeoutException(message, screen, stacktrace)\n","steps":[],"attachments":[],"parameters":[],"stepsCount":0,"attachmentStep":false,"hasContent":true,"shouldDisplayMessage":true,"attachmentsCount":0},{"name":"login_to_item","time":{"start":1766154527905,"stop":1766154598869,"duration":70964},"status":"broken","statusMessage":"selenium.common.exceptions.TimeoutException: Message: \n\n","statusTrace":"  File \"D:\\PycharmProjects\\APS\\myenv\\lib\\site-packages\\pluggy\\_callers.py\", line 38, in run_old_style_hookwrapper\n    res = yield\n  File \"D:\\PycharmProjects\\APS\\myenv\\lib\\site-packages\\pluggy\\_callers.py\", line 139, in _multicall\n    teardown.throw(exception)\n  File \"D:\\PycharmProjects\\APS\\myenv\\lib\\site-packages\\pluggy\\_callers.py\", line 53, in run_old_style_hookwrapper\n    return result.get_result()\n  File \"D:\\PycharmProjects\\APS\\myenv\\lib\\site-packages\\pluggy\\_result.py\", line 103, in get_result\n    raise exc.with_traceback(tb)\n  File \"D:\\PycharmProjects\\APS\\myenv\\lib\\site-packages\\pluggy\\_callers.py\", line 38, in run_old_style_hookwrapper\n    res = yield\n  File \"D:\\PycharmProjects\\APS\\myenv\\lib\\site-packages\\pluggy\\_callers.py\", line 139, in _multicall\n    teardown.throw(exception)\n  File \"D:\\PycharmProjects\\APS\\myenv\\lib\\site-packages\\_pytest\\setuponly.py\", line 36, in pytest_fixture_setup\n    return (yield)\n  File \"D:\\PycharmProjects\\APS\\myenv\\lib\\site-packages\\pluggy\\_callers.py\", line 121, in _multicall\n    res = hook_impl.function(*args)\n  File \"D:\\PycharmProjects\\APS\\myenv\\lib\\site-packages\\_pytest\\fixtures.py\", line 1195, in pytest_fixture_setup\n    result = call_fixture_func(fixturefunc, request, kwargs)\n  File \"D:\\PycharmProjects\\APS\\myenv\\lib\\site-packages\\_pytest\\fixtures.py\", line 922, in call_fixture_func\n    fixture_result = next(generator)\n  File \"D:\\PycharmProjects\\APS\\Tests\\test_items\\test_item.py\", line 50, in login_to_item\n    page.login(date_driver.username, date_driver.password, date_driver.planning)\n  File \"D:\\PycharmProjects\\APS\\Pages\\itemsPage\\login_page.py\", line 33, in login\n    WebDriverWait(self.driver, timeout).until(\n  File \"D:\\PycharmProjects\\APS\\myenv\\lib\\site-packages\\selenium\\webdriver\\support\\wait.py\", line 138, in until\n    raise TimeoutException(message, screen, stacktrace)\n","steps":[],"attachments":[],"parameters":[],"stepsCount":0,"attachmentStep":false,"hasContent":true,"shouldDisplayMessage":true,"attachmentsCount":0},{"name":"login_to_item","time":{"start":1766154598912,"stop":1766154617214,"duration":18302},"status":"passed","steps":[],"attachments":[],"parameters":[],"stepsCount":0,"attachmentStep":false,"hasContent":false,"shouldDisplayMessage":false,"attachmentsCount":0}],"testStage":{"status":"broken","statusMessage":"selenium.common.exceptions.TimeoutException: Message: 点击失败，找不到元素：xpath = (//span[text()=\"计划管理\"])[1]","statusTrace":"self = <Pages.itemsPage.login_page.LoginPage object at 0x0000022DB4326C50>, by_or_element = 'xpath', value = '(//span[text()=\"计划管理\"])[1]', wait_time = 10, retries = 2\n\n    def click(self, by_or_element, value=None, wait_time=10, retries=2):\n        \"\"\"\n        更稳健的点击方法：支持定位符或 WebElement，自动处理 stale 元素、点击拦截等问题。\n        \"\"\"\n        for attempt in range(retries):\n            try:\n                if value is not None:\n                    by = by_or_element\n                    logging.info(f\"点击元素：By = {by}, Value = {value}\")\n>                   element = WebDriverWait(self.driver, wait_time).until(\n                        EC.element_to_be_clickable((by, value))\n                    )\n\nPages\\base_page.py:49: \n_ _ _ _ _ _ _ _ _ _ _ _ _ _ _ _ _ _ _ _ _ _ _ _ _ _ _ _ _ _ _ _ _ _ _ _ _ _ _ _ _ _ _ _ _ _ _ _ _ _ _ _ _ _ _ _ _ _ _ _ _ _ _ _ _ _ _ _ _ _ _ _ _ _ _ _ _ _ _ _ _ _ _ _ _ _ _ _ _ _ _ _ _ _ _ _ _ _ _ _ _ _ _ _ _ _ _ _ _ _ _ _ _ _ _ _\n\nself = <selenium.webdriver.support.wait.WebDriverWait (session=\"1a61e84ae67ba0b97a909686dce3e4cd\")>, method = <function element_to_be_clickable.<locals>._predicate at 0x0000022DB43417E0>, message = ''\n\n    def until(self, method: Callable[[D], Union[Literal[False], T]], message: str = \"\") -> T:\n        \"\"\"Wait until the method returns a value that is not False.\n    \n        Calls the method provided with the driver as an argument until the\n        return value does not evaluate to ``False``.\n    \n        Parameters:\n        -----------\n        method: callable(WebDriver)\n            - A callable object that takes a WebDriver instance as an argument.\n    \n        message: str\n            - Optional message for :exc:`TimeoutException`\n    \n        Return:\n        -------\n        object: T\n            - The result of the last call to `method`\n    \n        Raises:\n        -------\n        TimeoutException\n            - If 'method' does not return a truthy value within the WebDriverWait\n            object's timeout\n    \n        Example:\n        --------\n        >>> from selenium.webdriver.common.by import By\n        >>> from selenium.webdriver.support.ui import WebDriverWait\n        >>> from selenium.webdriver.support import expected_conditions as EC\n    \n        # Wait until an element is visible on the page\n        >>> wait = WebDriverWait(driver, 10)\n        >>> element = wait.until(EC.visibility_of_element_located((By.ID, \"exampleId\")))\n        >>> print(element.text)\n        \"\"\"\n        screen = None\n        stacktrace = None\n    \n        end_time = time.monotonic() + self._timeout\n        while True:\n            try:\n                value = method(self._driver)\n                if value:\n                    return value\n            except self._ignored_exceptions as exc:\n                screen = getattr(exc, \"screen\", None)\n                stacktrace = getattr(exc, \"stacktrace\", None)\n            if time.monotonic() > end_time:\n                break\n            time.sleep(self._poll)\n>       raise TimeoutException(message, screen, stacktrace)\nE       selenium.common.exceptions.TimeoutException: Message: \nE       Stacktrace:\nE       \tGetHandleVerifier [0x0x7ff736d66f65+78965]\nE       \tGetHandleVerifier [0x0x7ff736d66fc0+79056]\nE       \t(No symbol) [0x0x7ff736af9dda]\nE       \t(No symbol) [0x0x7ff736b502ea]\nE       \t(No symbol) [0x0x7ff736b5059c]\nE       \t(No symbol) [0x0x7ff736ba3f37]\nE       \t(No symbol) [0x0x7ff736b786af]\nE       \t(No symbol) [0x0x7ff736ba0dbe]\nE       \t(No symbol) [0x0x7ff736b78443]\nE       \t(No symbol) [0x0x7ff736b41311]\nE       \t(No symbol) [0x0x7ff736b420a3]\nE       \tGetHandleVerifier [0x0x7ff73701e26d+2926461]\nE       \tGetHandleVerifier [0x0x7ff737018993+2903715]\nE       \tGetHandleVerifier [0x0x7ff737036aed+3026941]\nE       \tGetHandleVerifier [0x0x7ff736d816fe+187406]\nE       \tGetHandleVerifier [0x0x7ff736d896ef+220159]\nE       \tGetHandleVerifier [0x0x7ff736d6faf4+114692]\nE       \tGetHandleVerifier [0x0x7ff736d6fca9+115129]\nE       \tGetHandleVerifier [0x0x7ff736d564d8+10728]\nE       \tBaseThreadInitThunk [0x0x7fffafcf7374+20]\nE       \tRtlUserThreadStart [0x0x7fffb071cc91+33]\n\nmyenv\\lib\\site-packages\\selenium\\webdriver\\support\\wait.py:138: TimeoutException\n\nDuring handling of the above exception, another exception occurred:\n\n    @pytest.fixture(scope=\"module\")  # (scope=\"class\")这个参数表示整个测试类共用同一个浏览器，默认一个用例执行一次\n    def login_to_item():\n        driver = None\n        try:\n            \"\"\"初始化并返回 driver\"\"\"\n            date_driver = DateDriver()\n            # 初始化 driver\n            driver = create_driver(date_driver.driver_path)\n            driver.implicitly_wait(3)\n    \n            # 初始化登录页面\n            page = LoginPage(driver)  # 初始化登录页面\n            url = date_driver.url\n            print(f\"[INFO] 正在导航到 URL: {url}\")\n            # 尝试访问 URL，捕获连接错误\n            for attempt in range(2):\n                try:\n                    page.navigate_to(url)\n                    break\n                except WebDriverException as e:\n                    capture_screenshot(driver, f\"login_fail_{attempt + 1}\")\n                    logging.warning(f\"第 {attempt + 1} 次连接失败: {e}\")\n                    driver.refresh()\n                    sleep(date_driver.URL_RETRY_WAIT)\n            else:\n                logging.error(\"连接失败多次，测试中止\")\n                safe_quit(driver)\n                raise RuntimeError(\"无法连接到登录页面\")\n    \n            page.login(date_driver.username, date_driver.password, date_driver.planning)\n>           page.click_button('(//span[text()=\"计划管理\"])[1]')  # 点击计划管理\n\nTests\\test_items\\test_item.py:51: \n_ _ _ _ _ _ _ _ _ _ _ _ _ _ _ _ _ _ _ _ _ _ _ _ _ _ _ _ _ _ _ _ _ _ _ _ _ _ _ _ _ _ _ _ _ _ _ _ _ _ _ _ _ _ _ _ _ _ _ _ _ _ _ _ _ _ _ _ _ _ _ _ _ _ _ _ _ _ _ _ _ _ _ _ _ _ _ _ _ _ _ _ _ _ _ _ _ _ _ _ _ _ _ _ _ _ _ _ _ _ _ _ _ _ _ _\nPages\\itemsPage\\login_page.py:25: in click_button\n    self.click(By.XPATH, xpath)\n_ _ _ _ _ _ _ _ _ _ _ _ _ _ _ _ _ _ _ _ _ _ _ _ _ _ _ _ _ _ _ _ _ _ _ _ _ _ _ _ _ _ _ _ _ _ _ _ _ _ _ _ _ _ _ _ _ _ _ _ _ _ _ _ _ _ _ _ _ _ _ _ _ _ _ _ _ _ _ _ _ _ _ _ _ _ _ _ _ _ _ _ _ _ _ _ _ _ _ _ _ _ _ _ _ _ _ _ _ _ _ _ _ _ _ _\n\nself = <Pages.itemsPage.login_page.LoginPage object at 0x0000022DB4326C50>, by_or_element = 'xpath', value = '(//span[text()=\"计划管理\"])[1]', wait_time = 10, retries = 2\n\n    def click(self, by_or_element, value=None, wait_time=10, retries=2):\n        \"\"\"\n        更稳健的点击方法：支持定位符或 WebElement，自动处理 stale 元素、点击拦截等问题。\n        \"\"\"\n        for attempt in range(retries):\n            try:\n                if value is not None:\n                    by = by_or_element\n                    logging.info(f\"点击元素：By = {by}, Value = {value}\")\n                    element = WebDriverWait(self.driver, wait_time).until(\n                        EC.element_to_be_clickable((by, value))\n                    )\n                else:\n                    logging.info(\"点击元素：WebElement 对象\")\n                    element = by_or_element\n    \n                element.click()\n                logging.info(\"✅ 点击成功\")\n                return\n    \n            except ElementClickInterceptedException:\n                logging.warning(\"⚠️ 原生点击被拦截，尝试使用 JS 点击\")\n                try:\n                    self.driver.execute_script(\"arguments[0].click();\", element)\n                    logging.info(\"✅ JS 点击成功\")\n                    return\n                except Exception as js_error:\n                    logging.warning(f\"⚠️ JS 点击失败：{js_error}\")\n                    sleep(1)\n                    continue  # 下一轮重试\n    \n            except StaleElementReferenceException:\n                logging.warning(f\"⚠️ 第 {attempt + 1} 次点击失败：元素过期，尝试重新定位\")\n                sleep(1)\n                continue  # 下一轮重试时重新定位\n    \n            except TimeoutException:\n                logging.error(f\"❌ 元素未在 {wait_time} 秒内变为可点击\")\n>               raise TimeoutException(f\"点击失败，找不到元素：{by_or_element} = {value}\")\nE               selenium.common.exceptions.TimeoutException: Message: 点击失败，找不到元素：xpath = (//span[text()=\"计划管理\"])[1]\n\nPages\\base_page.py:78: TimeoutException","steps":[],"attachments":[{"uid":"625c78536151cae8","name":"log","source":"625c78536151cae8.txt","type":"text/plain","size":896}],"parameters":[],"stepsCount":0,"attachmentStep":false,"hasContent":true,"shouldDisplayMessage":true,"attachmentsCount":1},"afterStages":[{"name":"login_to_item::0","time":{"start":1766155188080,"stop":1766155190350,"duration":2270},"status":"passed","steps":[],"attachments":[],"parameters":[],"stepsCount":0,"attachmentStep":false,"hasContent":false,"shouldDisplayMessage":false,"attachmentsCount":0}],"labels":[{"name":"feature","value":"物料表测试用例"},{"name":"story","value":"添加物料信息 不填写数据点击确认 不允许提交"},{"name":"parentSuite","value":"Tests.test_items"},{"name":"suite","value":"test_item"},{"name":"subSuite","value":"TestItemPage"},{"name":"host","value":"WIN-20240820MJV"},{"name":"thread","value":"4160-MainThread"},{"name":"framework","value":"pytest"},{"name":"language","value":"cpython3"},{"name":"package","value":"Tests.test_items.test_item"},{"name":"resultFormat","value":"allure2"}],"parameters":[],"links":[],"hidden":true,"retry":true,"extra":{"categories":[],"tags":[]},"source":"9e673c575e5612c6.json","parameterValues":[]}