{"uid":"a172cc04eaf25216","name":"test_process_selectnamesuccess","fullName":"Tests.test_items.test_process.TestProcessPage#test_process_selectnamesuccess","historyId":"fb5518b64634f8fc6212c74e7aed41a4","time":{"start":1764772643934,"stop":1764772653526,"duration":9592},"status":"failed","statusMessage":"AssertionError: assert False\n +  where False = all(<generator object TestProcessPage.test_process_selectnamesuccess.<locals>.<genexpr> at 0x000002ECDF5D8C80>)","statusTrace":"self = <test_items.test_process.TestProcessPage object at 0x000002ECDEE22A70>, login_to_process = <selenium.webdriver.chrome.webdriver.WebDriver (session=\"0f72372822bc90491931c9965a6fb1db\")>\n\n    @allure.story(\"查询工序名字包含1查询成功\")\n    # @pytest.mark.run(order=1)\n    def test_process_selectnamesuccess(self, login_to_process):\n        driver = login_to_process  # WebDriver 实例\n        process = ProcessPage(driver)  # 用 driver 初始化 ProcessPage\n        name = \"1\"\n        # 点击查询\n        process.click_sel_button()\n        sleep(1)\n        # 定位名称输入框\n        element_to_double_click = driver.find_element(\n            By.XPATH,\n            '(//div[@class=\"vxe-table--render-wrapper\"])[3]/div[1]/div[2]//tr[1]/td[4]',\n        )\n        # 创建一个 ActionChains 对象\n        actions = ActionChains(driver)\n        # 双击命令\n        actions.double_click(element_to_double_click).perform()\n        sleep(1)\n        # 点击工序名\n        process.click_button('//div[text()=\"工序名\" and contains(@optid,\"opt_\")]')\n        sleep(1)\n        # 点击比较关系框\n        process.click_button(\n            '(//div[@class=\"vxe-table--render-wrapper\"])[3]/div[1]/div[2]//tr[1]/td[5]//input'\n        )\n        sleep(1)\n        # 点击=\n        process.click_button('//div[text()=\"包含\" and contains(@optid,\"opt_\")]')\n        sleep(1)\n        # 点击输入数值\n        process.enter_texts(\n            '(//div[@class=\"vxe-table--render-wrapper\"])[3]/div[1]/div[2]//tr[1]/td[6]//input',\n            name,\n        )\n        sleep(1)\n    \n        # 点击确认\n        process.click_button(\n            '(//div[@class=\"demo-drawer-footer\"]//span[text()=\"确定\"])[3]'\n        )\n        sleep(2)\n        eles = process.loop_judgment('(//table[@class=\"vxe-table--body\"])[2]//tr/td[3]')\n        assert len(eles) > 0\n>       assert all(name in ele for ele in eles)\nE       assert False\nE        +  where False = all(<generator object TestProcessPage.test_process_selectnamesuccess.<locals>.<genexpr> at 0x000002ECDF5D8C80>)\n\nTests\\test_items\\test_process.py:563: AssertionError","flaky":false,"newFailed":false,"newBroken":false,"newPassed":false,"retriesCount":0,"retriesStatusChange":false,"beforeStages":[{"name":"login_to_process","time":{"start":1764772626294,"stop":1764772643934,"duration":17640},"status":"passed","steps":[],"attachments":[],"parameters":[],"stepsCount":0,"hasContent":false,"attachmentStep":false,"shouldDisplayMessage":false,"attachmentsCount":0}],"testStage":{"status":"failed","statusMessage":"AssertionError: assert False\n +  where False = all(<generator object TestProcessPage.test_process_selectnamesuccess.<locals>.<genexpr> at 0x000002ECDF5D8C80>)","statusTrace":"self = <test_items.test_process.TestProcessPage object at 0x000002ECDEE22A70>, login_to_process = <selenium.webdriver.chrome.webdriver.WebDriver (session=\"0f72372822bc90491931c9965a6fb1db\")>\n\n    @allure.story(\"查询工序名字包含1查询成功\")\n    # @pytest.mark.run(order=1)\n    def test_process_selectnamesuccess(self, login_to_process):\n        driver = login_to_process  # WebDriver 实例\n        process = ProcessPage(driver)  # 用 driver 初始化 ProcessPage\n        name = \"1\"\n        # 点击查询\n        process.click_sel_button()\n        sleep(1)\n        # 定位名称输入框\n        element_to_double_click = driver.find_element(\n            By.XPATH,\n            '(//div[@class=\"vxe-table--render-wrapper\"])[3]/div[1]/div[2]//tr[1]/td[4]',\n        )\n        # 创建一个 ActionChains 对象\n        actions = ActionChains(driver)\n        # 双击命令\n        actions.double_click(element_to_double_click).perform()\n        sleep(1)\n        # 点击工序名\n        process.click_button('//div[text()=\"工序名\" and contains(@optid,\"opt_\")]')\n        sleep(1)\n        # 点击比较关系框\n        process.click_button(\n            '(//div[@class=\"vxe-table--render-wrapper\"])[3]/div[1]/div[2]//tr[1]/td[5]//input'\n        )\n        sleep(1)\n        # 点击=\n        process.click_button('//div[text()=\"包含\" and contains(@optid,\"opt_\")]')\n        sleep(1)\n        # 点击输入数值\n        process.enter_texts(\n            '(//div[@class=\"vxe-table--render-wrapper\"])[3]/div[1]/div[2]//tr[1]/td[6]//input',\n            name,\n        )\n        sleep(1)\n    \n        # 点击确认\n        process.click_button(\n            '(//div[@class=\"demo-drawer-footer\"]//span[text()=\"确定\"])[3]'\n        )\n        sleep(2)\n        eles = process.loop_judgment('(//table[@class=\"vxe-table--body\"])[2]//tr/td[3]')\n        assert len(eles) > 0\n>       assert all(name in ele for ele in eles)\nE       assert False\nE        +  where False = all(<generator object TestProcessPage.test_process_selectnamesuccess.<locals>.<genexpr> at 0x000002ECDF5D8C80>)\n\nTests\\test_items\\test_process.py:563: AssertionError","steps":[],"attachments":[{"uid":"f077d2e43aa974db","name":"test_process_selectnamesuccess_failure","source":"f077d2e43aa974db.png","type":"image/png","size":115462},{"uid":"f34f5f17cfcb1ce0","name":"test_process_selectnamesuccess_source","source":"f34f5f17cfcb1ce0.html","type":"text/html","size":1414823},{"uid":"d26b164939556729","name":"log","source":"d26b164939556729.txt","type":"text/plain","size":2141}],"parameters":[],"stepsCount":0,"hasContent":true,"attachmentStep":false,"shouldDisplayMessage":true,"attachmentsCount":3},"afterStages":[{"name":"login_to_process::0","time":{"start":1764772653711,"stop":1764772655890,"duration":2179},"status":"passed","steps":[],"attachments":[],"parameters":[],"stepsCount":0,"hasContent":false,"attachmentStep":false,"shouldDisplayMessage":false,"attachmentsCount":0}],"labels":[{"name":"feature","value":"工序表测试用例"},{"name":"story","value":"查询工序名字包含1查询成功"},{"name":"parentSuite","value":"Tests.test_items"},{"name":"suite","value":"test_process"},{"name":"subSuite","value":"TestProcessPage"},{"name":"host","value":"WIN-20240820MJV"},{"name":"thread","value":"27684-MainThread"},{"name":"framework","value":"pytest"},{"name":"language","value":"cpython3"},{"name":"package","value":"Tests.test_items.test_process"},{"name":"resultFormat","value":"allure2"}],"parameters":[],"links":[],"hidden":true,"retry":true,"extra":{"categories":[],"tags":[]},"source":"a172cc04eaf25216.json","parameterValues":[]}