{"uid":"a22d6f9297ad9149","name":"test_button_addsuccess1","fullName":"Tests.test_system.test_button.TestSButtonPage#test_button_addsuccess1","historyId":"54101d21a499dee7afb61f5c7b00ea5b","time":{"start":1762465513239,"stop":1762465526846,"duration":13607},"status":"broken","statusMessage":"selenium.common.exceptions.TimeoutException: Message: \nStacktrace:\n\tGetHandleVerifier [0x0x7ff71a976f65+78965]\n\tGetHandleVerifier [0x0x7ff71a976fc0+79056]\n\t(No symbol) [0x0x7ff71a709dda]\n\t(No symbol) [0x0x7ff71a7602ea]\n\t(No symbol) [0x0x7ff71a76059c]\n\t(No symbol) [0x0x7ff71a7b3f37]\n\t(No symbol) [0x0x7ff71a7886af]\n\t(No symbol) [0x0x7ff71a7b0dbe]\n\t(No symbol) [0x0x7ff71a788443]\n\t(No symbol) [0x0x7ff71a751311]\n\t(No symbol) [0x0x7ff71a7520a3]\n\tGetHandleVerifier [0x0x7ff71ac2e26d+2926461]\n\tGetHandleVerifier [0x0x7ff71ac28993+2903715]\n\tGetHandleVerifier [0x0x7ff71ac46aed+3026941]\n\tGetHandleVerifier [0x0x7ff71a9916fe+187406]\n\tGetHandleVerifier [0x0x7ff71a9996ef+220159]\n\tGetHandleVerifier [0x0x7ff71a97faf4+114692]\n\tGetHandleVerifier [0x0x7ff71a97fca9+115129]\n\tGetHandleVerifier [0x0x7ff71a9664d8+10728]\n\tBaseThreadInitThunk [0x0x7ff956997374+20]\n\tRtlUserThreadStart [0x0x7ff956c3cc91+33]","statusTrace":"self = <test_system.test_button.TestSButtonPage object at 0x0000027FDB440C40>, login_to_button = <selenium.webdriver.chrome.webdriver.WebDriver (session=\"78ff6c9b97c147e0e85e5fa563cd0006\")>\n\n    @allure.story(\"添加测试按钮成功\")\n    # @pytest.mark.run(order=1)\n    def test_button_addsuccess1(self, login_to_button):\n        driver = login_to_button  # WebDriver 实例\n        button = ExpressionPage(driver)  # 用 driver 初始化 ExpressionPage\n        add = AddsPages(driver)\n        name = 'Abutton2'\n        button.click_all_button(\"新增\")\n        xpath_list = [\n            '//div[label[text()=\"按钮代码\"]]//input',\n            '//div[label[text()=\"按钮名称\"]]//input',\n            '//div[label[text()=\"图标\"]]//i[contains(@class,\"ivu-ico\")]',\n            '(//div[@class=\"flex-wrap\"])[2]/div[1]',\n        ]\n        add.batch_modify_input(xpath_list[:2], name)\n        add.click_button(xpath_list[2])\n        add.click_button(xpath_list[3])\n        button.click_confirm()\n>       message = button.get_find_message()\n\nTests\\test_system\\test_button.py:218: \n_ _ _ _ _ _ _ _ _ _ _ _ _ _ _ _ _ _ _ _ _ _ _ _ _ _ _ _ _ _ _ _ _ _ _ _ _ _ _ _ _ _ _ _ _ _ _ _ _ _ _ _ _ _ _ _ _ _ _ _ _ _ _ _ _ _ _ _ _ _ _ _ _ _ _ _ _ _ _ _ _ _ _ _ _ _ _ _ _ _ _ _ _ _ _ _ _ _ _ _ _ _ _ _ _ _ _ _ _ _ _ _ _ _ _ _\nPages\\systemPage\\expression_page.py:35: in get_find_message\n    message = WebDriverWait(self.driver, 10).until(\n_ _ _ _ _ _ _ _ _ _ _ _ _ _ _ _ _ _ _ _ _ _ _ _ _ _ _ _ _ _ _ _ _ _ _ _ _ _ _ _ _ _ _ _ _ _ _ _ _ _ _ _ _ _ _ _ _ _ _ _ _ _ _ _ _ _ _ _ _ _ _ _ _ _ _ _ _ _ _ _ _ _ _ _ _ _ _ _ _ _ _ _ _ _ _ _ _ _ _ _ _ _ _ _ _ _ _ _ _ _ _ _ _ _ _ _\n\nself = <selenium.webdriver.support.wait.WebDriverWait (session=\"78ff6c9b97c147e0e85e5fa563cd0006\")>, method = <function visibility_of_element_located.<locals>._predicate at 0x0000027FDD5E1C60>, message = ''\n\n    def until(self, method: Callable[[D], Union[Literal[False], T]], message: str = \"\") -> T:\n        \"\"\"Wait until the method returns a value that is not False.\n    \n        Calls the method provided with the driver as an argument until the\n        return value does not evaluate to ``False``.\n    \n        Parameters:\n        -----------\n        method: callable(WebDriver)\n            - A callable object that takes a WebDriver instance as an argument.\n    \n        message: str\n            - Optional message for :exc:`TimeoutException`\n    \n        Return:\n        -------\n        object: T\n            - The result of the last call to `method`\n    \n        Raises:\n        -------\n        TimeoutException\n            - If 'method' does not return a truthy value within the WebDriverWait\n            object's timeout\n    \n        Example:\n        --------\n        >>> from selenium.webdriver.common.by import By\n        >>> from selenium.webdriver.support.ui import WebDriverWait\n        >>> from selenium.webdriver.support import expected_conditions as EC\n    \n        # Wait until an element is visible on the page\n        >>> wait = WebDriverWait(driver, 10)\n        >>> element = wait.until(EC.visibility_of_element_located((By.ID, \"exampleId\")))\n        >>> print(element.text)\n        \"\"\"\n        screen = None\n        stacktrace = None\n    \n        end_time = time.monotonic() + self._timeout\n        while True:\n            try:\n                value = method(self._driver)\n                if value:\n                    return value\n            except self._ignored_exceptions as exc:\n                screen = getattr(exc, \"screen\", None)\n                stacktrace = getattr(exc, \"stacktrace\", None)\n            if time.monotonic() > end_time:\n                break\n            time.sleep(self._poll)\n>       raise TimeoutException(message, screen, stacktrace)\nE       selenium.common.exceptions.TimeoutException: Message: \nE       Stacktrace:\nE       \tGetHandleVerifier [0x0x7ff71a976f65+78965]\nE       \tGetHandleVerifier [0x0x7ff71a976fc0+79056]\nE       \t(No symbol) [0x0x7ff71a709dda]\nE       \t(No symbol) [0x0x7ff71a7602ea]\nE       \t(No symbol) [0x0x7ff71a76059c]\nE       \t(No symbol) [0x0x7ff71a7b3f37]\nE       \t(No symbol) [0x0x7ff71a7886af]\nE       \t(No symbol) [0x0x7ff71a7b0dbe]\nE       \t(No symbol) [0x0x7ff71a788443]\nE       \t(No symbol) [0x0x7ff71a751311]\nE       \t(No symbol) [0x0x7ff71a7520a3]\nE       \tGetHandleVerifier [0x0x7ff71ac2e26d+2926461]\nE       \tGetHandleVerifier [0x0x7ff71ac28993+2903715]\nE       \tGetHandleVerifier [0x0x7ff71ac46aed+3026941]\nE       \tGetHandleVerifier [0x0x7ff71a9916fe+187406]\nE       \tGetHandleVerifier [0x0x7ff71a9996ef+220159]\nE       \tGetHandleVerifier [0x0x7ff71a97faf4+114692]\nE       \tGetHandleVerifier [0x0x7ff71a97fca9+115129]\nE       \tGetHandleVerifier [0x0x7ff71a9664d8+10728]\nE       \tBaseThreadInitThunk [0x0x7ff956997374+20]\nE       \tRtlUserThreadStart [0x0x7ff956c3cc91+33]\n\nmyenv\\lib\\site-packages\\selenium\\webdriver\\support\\wait.py:138: TimeoutException","flaky":false,"newFailed":false,"newBroken":false,"newPassed":false,"retriesCount":1,"retriesStatusChange":true,"beforeStages":[{"name":"login_to_button","time":{"start":1762465500766,"stop":1762465513238,"duration":12472},"status":"passed","steps":[],"attachments":[],"parameters":[],"stepsCount":0,"hasContent":false,"attachmentStep":false,"shouldDisplayMessage":false,"attachmentsCount":0}],"testStage":{"status":"broken","statusMessage":"selenium.common.exceptions.TimeoutException: Message: \nStacktrace:\n\tGetHandleVerifier [0x0x7ff71a976f65+78965]\n\tGetHandleVerifier [0x0x7ff71a976fc0+79056]\n\t(No symbol) [0x0x7ff71a709dda]\n\t(No symbol) [0x0x7ff71a7602ea]\n\t(No symbol) [0x0x7ff71a76059c]\n\t(No symbol) [0x0x7ff71a7b3f37]\n\t(No symbol) [0x0x7ff71a7886af]\n\t(No symbol) [0x0x7ff71a7b0dbe]\n\t(No symbol) [0x0x7ff71a788443]\n\t(No symbol) [0x0x7ff71a751311]\n\t(No symbol) [0x0x7ff71a7520a3]\n\tGetHandleVerifier [0x0x7ff71ac2e26d+2926461]\n\tGetHandleVerifier [0x0x7ff71ac28993+2903715]\n\tGetHandleVerifier [0x0x7ff71ac46aed+3026941]\n\tGetHandleVerifier [0x0x7ff71a9916fe+187406]\n\tGetHandleVerifier [0x0x7ff71a9996ef+220159]\n\tGetHandleVerifier [0x0x7ff71a97faf4+114692]\n\tGetHandleVerifier [0x0x7ff71a97fca9+115129]\n\tGetHandleVerifier [0x0x7ff71a9664d8+10728]\n\tBaseThreadInitThunk [0x0x7ff956997374+20]\n\tRtlUserThreadStart [0x0x7ff956c3cc91+33]","statusTrace":"self = <test_system.test_button.TestSButtonPage object at 0x0000027FDB440C40>, login_to_button = <selenium.webdriver.chrome.webdriver.WebDriver (session=\"78ff6c9b97c147e0e85e5fa563cd0006\")>\n\n    @allure.story(\"添加测试按钮成功\")\n    # @pytest.mark.run(order=1)\n    def test_button_addsuccess1(self, login_to_button):\n        driver = login_to_button  # WebDriver 实例\n        button = ExpressionPage(driver)  # 用 driver 初始化 ExpressionPage\n        add = AddsPages(driver)\n        name = 'Abutton2'\n        button.click_all_button(\"新增\")\n        xpath_list = [\n            '//div[label[text()=\"按钮代码\"]]//input',\n            '//div[label[text()=\"按钮名称\"]]//input',\n            '//div[label[text()=\"图标\"]]//i[contains(@class,\"ivu-ico\")]',\n            '(//div[@class=\"flex-wrap\"])[2]/div[1]',\n        ]\n        add.batch_modify_input(xpath_list[:2], name)\n        add.click_button(xpath_list[2])\n        add.click_button(xpath_list[3])\n        button.click_confirm()\n>       message = button.get_find_message()\n\nTests\\test_system\\test_button.py:218: \n_ _ _ _ _ _ _ _ _ _ _ _ _ _ _ _ _ _ _ _ _ _ _ _ _ _ _ _ _ _ _ _ _ _ _ _ _ _ _ _ _ _ _ _ _ _ _ _ _ _ _ _ _ _ _ _ _ _ _ _ _ _ _ _ _ _ _ _ _ _ _ _ _ _ _ _ _ _ _ _ _ _ _ _ _ _ _ _ _ _ _ _ _ _ _ _ _ _ _ _ _ _ _ _ _ _ _ _ _ _ _ _ _ _ _ _\nPages\\systemPage\\expression_page.py:35: in get_find_message\n    message = WebDriverWait(self.driver, 10).until(\n_ _ _ _ _ _ _ _ _ _ _ _ _ _ _ _ _ _ _ _ _ _ _ _ _ _ _ _ _ _ _ _ _ _ _ _ _ _ _ _ _ _ _ _ _ _ _ _ _ _ _ _ _ _ _ _ _ _ _ _ _ _ _ _ _ _ _ _ _ _ _ _ _ _ _ _ _ _ _ _ _ _ _ _ _ _ _ _ _ _ _ _ _ _ _ _ _ _ _ _ _ _ _ _ _ _ _ _ _ _ _ _ _ _ _ _\n\nself = <selenium.webdriver.support.wait.WebDriverWait (session=\"78ff6c9b97c147e0e85e5fa563cd0006\")>, method = <function visibility_of_element_located.<locals>._predicate at 0x0000027FDD5E1C60>, message = ''\n\n    def until(self, method: Callable[[D], Union[Literal[False], T]], message: str = \"\") -> T:\n        \"\"\"Wait until the method returns a value that is not False.\n    \n        Calls the method provided with the driver as an argument until the\n        return value does not evaluate to ``False``.\n    \n        Parameters:\n        -----------\n        method: callable(WebDriver)\n            - A callable object that takes a WebDriver instance as an argument.\n    \n        message: str\n            - Optional message for :exc:`TimeoutException`\n    \n        Return:\n        -------\n        object: T\n            - The result of the last call to `method`\n    \n        Raises:\n        -------\n        TimeoutException\n            - If 'method' does not return a truthy value within the WebDriverWait\n            object's timeout\n    \n        Example:\n        --------\n        >>> from selenium.webdriver.common.by import By\n        >>> from selenium.webdriver.support.ui import WebDriverWait\n        >>> from selenium.webdriver.support import expected_conditions as EC\n    \n        # Wait until an element is visible on the page\n        >>> wait = WebDriverWait(driver, 10)\n        >>> element = wait.until(EC.visibility_of_element_located((By.ID, \"exampleId\")))\n        >>> print(element.text)\n        \"\"\"\n        screen = None\n        stacktrace = None\n    \n        end_time = time.monotonic() + self._timeout\n        while True:\n            try:\n                value = method(self._driver)\n                if value:\n                    return value\n            except self._ignored_exceptions as exc:\n                screen = getattr(exc, \"screen\", None)\n                stacktrace = getattr(exc, \"stacktrace\", None)\n            if time.monotonic() > end_time:\n                break\n            time.sleep(self._poll)\n>       raise TimeoutException(message, screen, stacktrace)\nE       selenium.common.exceptions.TimeoutException: Message: \nE       Stacktrace:\nE       \tGetHandleVerifier [0x0x7ff71a976f65+78965]\nE       \tGetHandleVerifier [0x0x7ff71a976fc0+79056]\nE       \t(No symbol) [0x0x7ff71a709dda]\nE       \t(No symbol) [0x0x7ff71a7602ea]\nE       \t(No symbol) [0x0x7ff71a76059c]\nE       \t(No symbol) [0x0x7ff71a7b3f37]\nE       \t(No symbol) [0x0x7ff71a7886af]\nE       \t(No symbol) [0x0x7ff71a7b0dbe]\nE       \t(No symbol) [0x0x7ff71a788443]\nE       \t(No symbol) [0x0x7ff71a751311]\nE       \t(No symbol) [0x0x7ff71a7520a3]\nE       \tGetHandleVerifier [0x0x7ff71ac2e26d+2926461]\nE       \tGetHandleVerifier [0x0x7ff71ac28993+2903715]\nE       \tGetHandleVerifier [0x0x7ff71ac46aed+3026941]\nE       \tGetHandleVerifier [0x0x7ff71a9916fe+187406]\nE       \tGetHandleVerifier [0x0x7ff71a9996ef+220159]\nE       \tGetHandleVerifier [0x0x7ff71a97faf4+114692]\nE       \tGetHandleVerifier [0x0x7ff71a97fca9+115129]\nE       \tGetHandleVerifier [0x0x7ff71a9664d8+10728]\nE       \tBaseThreadInitThunk [0x0x7ff956997374+20]\nE       \tRtlUserThreadStart [0x0x7ff956c3cc91+33]\n\nmyenv\\lib\\site-packages\\selenium\\webdriver\\support\\wait.py:138: TimeoutException","steps":[],"attachments":[{"uid":"32041375a7dc1d26","name":"test_button_addsuccess1_failure","source":"32041375a7dc1d26.png","type":"image/png","size":106258},{"uid":"5e2e300205e5e23","name":"test_button_addsuccess1_source","source":"5e2e300205e5e23.html","type":"text/html","size":1451536},{"uid":"cd2c914994527552","name":"log","source":"cd2c914994527552.txt","type":"text/plain","size":4058}],"parameters":[],"stepsCount":0,"hasContent":true,"attachmentStep":false,"shouldDisplayMessage":true,"attachmentsCount":3},"afterStages":[{"name":"login_to_button::0","time":{"start":1762465527034,"stop":1762465529181,"duration":2147},"status":"passed","steps":[],"attachments":[],"parameters":[],"stepsCount":0,"hasContent":false,"attachmentStep":false,"shouldDisplayMessage":false,"attachmentsCount":0}],"labels":[{"name":"feature","value":"工具栏按钮管理页用例"},{"name":"story","value":"添加测试按钮成功"},{"name":"parentSuite","value":"Tests.test_system"},{"name":"suite","value":"test_button"},{"name":"subSuite","value":"TestSButtonPage"},{"name":"host","value":"WIN-20240820MJV"},{"name":"thread","value":"24676-MainThread"},{"name":"framework","value":"pytest"},{"name":"language","value":"cpython3"},{"name":"package","value":"Tests.test_system.test_button"},{"name":"resultFormat","value":"allure2"}],"parameters":[],"links":[],"hidden":false,"retry":false,"extra":{"severity":"normal","retries":[{"uid":"e8b27d8aa3363bef","status":"failed","statusDetails":"AssertionError: assert 'Abutton1' == 'Abutton2'\n  \n  \u001B[0m\u001B[91m- Abutton2\u001B[39;49;00m\u001B[90m\u001B[39;49;00m\n  ?        ^\u001B[90m\u001B[39;49;00m\n  \u001B[92m+ Abutton1\u001B[39;49;00m\u001B[90m\u001B[39;49;00m\n  ?        ^\u001B[90m\u001B[39;49;00m","time":{"start":1762465492944,"stop":1762465498446,"duration":5502}}],"categories":[{"name":"Test defects","matchedStatuses":[]}],"tags":[]},"source":"a22d6f9297ad9149.json","parameterValues":[]}