{"uid":"a5f3cbe551d6c5e1","name":"test_previewPlan_delete","fullName":"Tests.test_items.test_previewplan.TestPreviewPlanPage#test_previewPlan_delete","historyId":"b5a004c1e5a78d634189c0edd5495391","time":{"start":1769527612185,"stop":1769527622933,"duration":10748},"status":"broken","statusMessage":"selenium.common.exceptions.TimeoutException: Message: \nStacktrace:\n\tGetHandleVerifier [0x0x7ff6b3ec6f65+78965]\n\tGetHandleVerifier [0x0x7ff6b3ec6fc0+79056]\n\t(No symbol) [0x0x7ff6b3c59dda]\n\t(No symbol) [0x0x7ff6b3cb02ea]\n\t(No symbol) [0x0x7ff6b3cb059c]\n\t(No symbol) [0x0x7ff6b3d03f37]\n\t(No symbol) [0x0x7ff6b3cd86af]\n\t(No symbol) [0x0x7ff6b3d00dbe]\n\t(No symbol) [0x0x7ff6b3cd8443]\n\t(No symbol) [0x0x7ff6b3ca1311]\n\t(No symbol) [0x0x7ff6b3ca20a3]\n\tGetHandleVerifier [0x0x7ff6b417e26d+2926461]\n\tGetHandleVerifier [0x0x7ff6b4178993+2903715]\n\tGetHandleVerifier [0x0x7ff6b4196aed+3026941]\n\tGetHandleVerifier [0x0x7ff6b3ee16fe+187406]\n\tGetHandleVerifier [0x0x7ff6b3ee96ef+220159]\n\tGetHandleVerifier [0x0x7ff6b3ecfaf4+114692]\n\tGetHandleVerifier [0x0x7ff6b3ecfca9+115129]\n\tGetHandleVerifier [0x0x7ff6b3eb64d8+10728]\n\tBaseThreadInitThunk [0x0x7ffa14ef7374+20]\n\tRtlUserThreadStart [0x0x7ffa16b1cc91+33]","statusTrace":"self = <test_items.test_previewplan.TestPreviewPlanPage object at 0x00000203BADA9090>, login_to_previewPlan = <selenium.webdriver.chrome.webdriver.WebDriver (session=\"e29fcd2655881373a1687746e0a45653\")>\n\n    @allure.story(\"删除工作指示成功，并且工作指示发布重新可以查询信息\")\n    # @pytest.mark.run(order=1)\n    def test_previewPlan_delete(self, login_to_previewPlan):\n        driver = login_to_previewPlan  # WebDriver 实例\n        previewPlan = PreviewPlanPage(driver)  # 用 previewPlan 初始化 PreviewPlanPage\n        operationPlan = operationPlanPage(driver)\n        shared_data = SharedDataUtil.load_data()\n        resource1 = shared_data.get(\"master_res1\")\n        resource2 = shared_data.get(\"master_res2\")\n        previewPlan.enter_texts(\n            '//div[./p[text()=\"订单代码\"]]/parent::div//input', \"1测试C订单\"\n        )\n>       ele_resource1 = previewPlan.get_find_element_xpath(\n            '//table[.//td[4]//span[text()=\"1测试C订单\"]]//tr[1]/td[7]'\n        ).text\n\nTests\\test_items\\test_previewplan.py:105: \n_ _ _ _ _ _ _ _ _ _ _ _ _ _ _ _ _ _ _ _ _ _ _ _ _ _ _ _ _ _ _ _ _ _ _ _ _ _ _ _ _ _ _ _ _ _ _ _ _ _ _ _ _ _ _ _ _ _ _ _ _ _ _ _ _ _ _ _ _ _ _ _ _ _ _ _ _ _ _ _ _ _ _ _ _ _ _ _ _ _ _ _ _ _ _ _ _ _ _ _ _ _ _ _ _ _ _ _ _ _ _ _ _ _ _ _\nPages\\itemsPage\\previewPlan_page.py:30: in get_find_element_xpath\n    return self.find_element(By.XPATH, xpath)\nPages\\base_page.py:28: in find_element\n    return WebDriverWait(self.driver, wait_time).until(\n_ _ _ _ _ _ _ _ _ _ _ _ _ _ _ _ _ _ _ _ _ _ _ _ _ _ _ _ _ _ _ _ _ _ _ _ _ _ _ _ _ _ _ _ _ _ _ _ _ _ _ _ _ _ _ _ _ _ _ _ _ _ _ _ _ _ _ _ _ _ _ _ _ _ _ _ _ _ _ _ _ _ _ _ _ _ _ _ _ _ _ _ _ _ _ _ _ _ _ _ _ _ _ _ _ _ _ _ _ _ _ _ _ _ _ _\n\nself = <selenium.webdriver.support.wait.WebDriverWait (session=\"e29fcd2655881373a1687746e0a45653\")>, method = <function presence_of_element_located.<locals>._predicate at 0x00000203BBC012D0>, message = ''\n\n    def until(self, method: Callable[[D], Union[Literal[False], T]], message: str = \"\") -> T:\n        \"\"\"Wait until the method returns a value that is not False.\n    \n        Calls the method provided with the driver as an argument until the\n        return value does not evaluate to ``False``.\n    \n        Parameters:\n        -----------\n        method: callable(WebDriver)\n            - A callable object that takes a WebDriver instance as an argument.\n    \n        message: str\n            - Optional message for :exc:`TimeoutException`\n    \n        Return:\n        -------\n        object: T\n            - The result of the last call to `method`\n    \n        Raises:\n        -------\n        TimeoutException\n            - If 'method' does not return a truthy value within the WebDriverWait\n            object's timeout\n    \n        Example:\n        --------\n        >>> from selenium.webdriver.common.by import By\n        >>> from selenium.webdriver.support.ui import WebDriverWait\n        >>> from selenium.webdriver.support import expected_conditions as EC\n    \n        # Wait until an element is visible on the page\n        >>> wait = WebDriverWait(driver, 10)\n        >>> element = wait.until(EC.visibility_of_element_located((By.ID, \"exampleId\")))\n        >>> print(element.text)\n        \"\"\"\n        screen = None\n        stacktrace = None\n    \n        end_time = time.monotonic() + self._timeout\n        while True:\n            try:\n                value = method(self._driver)\n                if value:\n                    return value\n            except self._ignored_exceptions as exc:\n                screen = getattr(exc, \"screen\", None)\n                stacktrace = getattr(exc, \"stacktrace\", None)\n            if time.monotonic() > end_time:\n                break\n            time.sleep(self._poll)\n>       raise TimeoutException(message, screen, stacktrace)\nE       selenium.common.exceptions.TimeoutException: Message: \nE       Stacktrace:\nE       \tGetHandleVerifier [0x0x7ff6b3ec6f65+78965]\nE       \tGetHandleVerifier [0x0x7ff6b3ec6fc0+79056]\nE       \t(No symbol) [0x0x7ff6b3c59dda]\nE       \t(No symbol) [0x0x7ff6b3cb02ea]\nE       \t(No symbol) [0x0x7ff6b3cb059c]\nE       \t(No symbol) [0x0x7ff6b3d03f37]\nE       \t(No symbol) [0x0x7ff6b3cd86af]\nE       \t(No symbol) [0x0x7ff6b3d00dbe]\nE       \t(No symbol) [0x0x7ff6b3cd8443]\nE       \t(No symbol) [0x0x7ff6b3ca1311]\nE       \t(No symbol) [0x0x7ff6b3ca20a3]\nE       \tGetHandleVerifier [0x0x7ff6b417e26d+2926461]\nE       \tGetHandleVerifier [0x0x7ff6b4178993+2903715]\nE       \tGetHandleVerifier [0x0x7ff6b4196aed+3026941]\nE       \tGetHandleVerifier [0x0x7ff6b3ee16fe+187406]\nE       \tGetHandleVerifier [0x0x7ff6b3ee96ef+220159]\nE       \tGetHandleVerifier [0x0x7ff6b3ecfaf4+114692]\nE       \tGetHandleVerifier [0x0x7ff6b3ecfca9+115129]\nE       \tGetHandleVerifier [0x0x7ff6b3eb64d8+10728]\nE       \tBaseThreadInitThunk [0x0x7ffa14ef7374+20]\nE       \tRtlUserThreadStart [0x0x7ffa16b1cc91+33]\n\nmyenv\\lib\\site-packages\\selenium\\webdriver\\support\\wait.py:138: TimeoutException","flaky":false,"newFailed":false,"newBroken":false,"newPassed":false,"retriesCount":1,"retriesStatusChange":false,"beforeStages":[{"name":"login_to_previewPlan","time":{"start":1769527559938,"stop":1769527578950,"duration":19012},"status":"passed","steps":[],"attachments":[],"parameters":[],"hasContent":false,"attachmentStep":false,"stepsCount":0,"attachmentsCount":0,"shouldDisplayMessage":false}],"testStage":{"status":"broken","statusMessage":"selenium.common.exceptions.TimeoutException: Message: \nStacktrace:\n\tGetHandleVerifier [0x0x7ff6b3ec6f65+78965]\n\tGetHandleVerifier [0x0x7ff6b3ec6fc0+79056]\n\t(No symbol) [0x0x7ff6b3c59dda]\n\t(No symbol) [0x0x7ff6b3cb02ea]\n\t(No symbol) [0x0x7ff6b3cb059c]\n\t(No symbol) [0x0x7ff6b3d03f37]\n\t(No symbol) [0x0x7ff6b3cd86af]\n\t(No symbol) [0x0x7ff6b3d00dbe]\n\t(No symbol) [0x0x7ff6b3cd8443]\n\t(No symbol) [0x0x7ff6b3ca1311]\n\t(No symbol) [0x0x7ff6b3ca20a3]\n\tGetHandleVerifier [0x0x7ff6b417e26d+2926461]\n\tGetHandleVerifier [0x0x7ff6b4178993+2903715]\n\tGetHandleVerifier [0x0x7ff6b4196aed+3026941]\n\tGetHandleVerifier [0x0x7ff6b3ee16fe+187406]\n\tGetHandleVerifier [0x0x7ff6b3ee96ef+220159]\n\tGetHandleVerifier [0x0x7ff6b3ecfaf4+114692]\n\tGetHandleVerifier [0x0x7ff6b3ecfca9+115129]\n\tGetHandleVerifier [0x0x7ff6b3eb64d8+10728]\n\tBaseThreadInitThunk [0x0x7ffa14ef7374+20]\n\tRtlUserThreadStart [0x0x7ffa16b1cc91+33]","statusTrace":"self = <test_items.test_previewplan.TestPreviewPlanPage object at 0x00000203BADA9090>, login_to_previewPlan = <selenium.webdriver.chrome.webdriver.WebDriver (session=\"e29fcd2655881373a1687746e0a45653\")>\n\n    @allure.story(\"删除工作指示成功，并且工作指示发布重新可以查询信息\")\n    # @pytest.mark.run(order=1)\n    def test_previewPlan_delete(self, login_to_previewPlan):\n        driver = login_to_previewPlan  # WebDriver 实例\n        previewPlan = PreviewPlanPage(driver)  # 用 previewPlan 初始化 PreviewPlanPage\n        operationPlan = operationPlanPage(driver)\n        shared_data = SharedDataUtil.load_data()\n        resource1 = shared_data.get(\"master_res1\")\n        resource2 = shared_data.get(\"master_res2\")\n        previewPlan.enter_texts(\n            '//div[./p[text()=\"订单代码\"]]/parent::div//input', \"1测试C订单\"\n        )\n>       ele_resource1 = previewPlan.get_find_element_xpath(\n            '//table[.//td[4]//span[text()=\"1测试C订单\"]]//tr[1]/td[7]'\n        ).text\n\nTests\\test_items\\test_previewplan.py:105: \n_ _ _ _ _ _ _ _ _ _ _ _ _ _ _ _ _ _ _ _ _ _ _ _ _ _ _ _ _ _ _ _ _ _ _ _ _ _ _ _ _ _ _ _ _ _ _ _ _ _ _ _ _ _ _ _ _ _ _ _ _ _ _ _ _ _ _ _ _ _ _ _ _ _ _ _ _ _ _ _ _ _ _ _ _ _ _ _ _ _ _ _ _ _ _ _ _ _ _ _ _ _ _ _ _ _ _ _ _ _ _ _ _ _ _ _\nPages\\itemsPage\\previewPlan_page.py:30: in get_find_element_xpath\n    return self.find_element(By.XPATH, xpath)\nPages\\base_page.py:28: in find_element\n    return WebDriverWait(self.driver, wait_time).until(\n_ _ _ _ _ _ _ _ _ _ _ _ _ _ _ _ _ _ _ _ _ _ _ _ _ _ _ _ _ _ _ _ _ _ _ _ _ _ _ _ _ _ _ _ _ _ _ _ _ _ _ _ _ _ _ _ _ _ _ _ _ _ _ _ _ _ _ _ _ _ _ _ _ _ _ _ _ _ _ _ _ _ _ _ _ _ _ _ _ _ _ _ _ _ _ _ _ _ _ _ _ _ _ _ _ _ _ _ _ _ _ _ _ _ _ _\n\nself = <selenium.webdriver.support.wait.WebDriverWait (session=\"e29fcd2655881373a1687746e0a45653\")>, method = <function presence_of_element_located.<locals>._predicate at 0x00000203BBC012D0>, message = ''\n\n    def until(self, method: Callable[[D], Union[Literal[False], T]], message: str = \"\") -> T:\n        \"\"\"Wait until the method returns a value that is not False.\n    \n        Calls the method provided with the driver as an argument until the\n        return value does not evaluate to ``False``.\n    \n        Parameters:\n        -----------\n        method: callable(WebDriver)\n            - A callable object that takes a WebDriver instance as an argument.\n    \n        message: str\n            - Optional message for :exc:`TimeoutException`\n    \n        Return:\n        -------\n        object: T\n            - The result of the last call to `method`\n    \n        Raises:\n        -------\n        TimeoutException\n            - If 'method' does not return a truthy value within the WebDriverWait\n            object's timeout\n    \n        Example:\n        --------\n        >>> from selenium.webdriver.common.by import By\n        >>> from selenium.webdriver.support.ui import WebDriverWait\n        >>> from selenium.webdriver.support import expected_conditions as EC\n    \n        # Wait until an element is visible on the page\n        >>> wait = WebDriverWait(driver, 10)\n        >>> element = wait.until(EC.visibility_of_element_located((By.ID, \"exampleId\")))\n        >>> print(element.text)\n        \"\"\"\n        screen = None\n        stacktrace = None\n    \n        end_time = time.monotonic() + self._timeout\n        while True:\n            try:\n                value = method(self._driver)\n                if value:\n                    return value\n            except self._ignored_exceptions as exc:\n                screen = getattr(exc, \"screen\", None)\n                stacktrace = getattr(exc, \"stacktrace\", None)\n            if time.monotonic() > end_time:\n                break\n            time.sleep(self._poll)\n>       raise TimeoutException(message, screen, stacktrace)\nE       selenium.common.exceptions.TimeoutException: Message: \nE       Stacktrace:\nE       \tGetHandleVerifier [0x0x7ff6b3ec6f65+78965]\nE       \tGetHandleVerifier [0x0x7ff6b3ec6fc0+79056]\nE       \t(No symbol) [0x0x7ff6b3c59dda]\nE       \t(No symbol) [0x0x7ff6b3cb02ea]\nE       \t(No symbol) [0x0x7ff6b3cb059c]\nE       \t(No symbol) [0x0x7ff6b3d03f37]\nE       \t(No symbol) [0x0x7ff6b3cd86af]\nE       \t(No symbol) [0x0x7ff6b3d00dbe]\nE       \t(No symbol) [0x0x7ff6b3cd8443]\nE       \t(No symbol) [0x0x7ff6b3ca1311]\nE       \t(No symbol) [0x0x7ff6b3ca20a3]\nE       \tGetHandleVerifier [0x0x7ff6b417e26d+2926461]\nE       \tGetHandleVerifier [0x0x7ff6b4178993+2903715]\nE       \tGetHandleVerifier [0x0x7ff6b4196aed+3026941]\nE       \tGetHandleVerifier [0x0x7ff6b3ee16fe+187406]\nE       \tGetHandleVerifier [0x0x7ff6b3ee96ef+220159]\nE       \tGetHandleVerifier [0x0x7ff6b3ecfaf4+114692]\nE       \tGetHandleVerifier [0x0x7ff6b3ecfca9+115129]\nE       \tGetHandleVerifier [0x0x7ff6b3eb64d8+10728]\nE       \tBaseThreadInitThunk [0x0x7ffa14ef7374+20]\nE       \tRtlUserThreadStart [0x0x7ffa16b1cc91+33]\n\nmyenv\\lib\\site-packages\\selenium\\webdriver\\support\\wait.py:138: TimeoutException","steps":[],"attachments":[{"uid":"f74fc45120344313","name":"test_previewPlan_delete_20260127_232702","source":"f74fc45120344313.png","type":"image/png","size":106101},{"uid":"4f5b22a29b4ba6ca","name":"test_previewPlan_delete_20260127_232703","source":"4f5b22a29b4ba6ca.png","type":"image/png","size":105968},{"uid":"8765f59c79cf8250","name":"test_previewPlan_delete_20260127_232703","source":"8765f59c79cf8250.png","type":"image/png","size":71626},{"uid":"113aeba358fd1664","name":"log","source":"113aeba358fd1664.txt","type":"text/plain","size":547}],"parameters":[],"hasContent":true,"attachmentStep":false,"stepsCount":0,"attachmentsCount":4,"shouldDisplayMessage":true},"afterStages":[{"name":"login_to_previewPlan::0","time":{"start":1769527686571,"stop":1769527688728,"duration":2157},"status":"passed","steps":[],"attachments":[],"parameters":[],"hasContent":false,"attachmentStep":false,"stepsCount":0,"attachmentsCount":0,"shouldDisplayMessage":false}],"labels":[{"name":"feature","value":"工作指示一览表测试用例"},{"name":"story","value":"删除工作指示成功，并且工作指示发布重新可以查询信息"},{"name":"parentSuite","value":"Tests.test_items"},{"name":"suite","value":"test_previewplan"},{"name":"subSuite","value":"TestPreviewPlanPage"},{"name":"host","value":"WIN-20240820MJV"},{"name":"thread","value":"11452-MainThread"},{"name":"framework","value":"pytest"},{"name":"language","value":"cpython3"},{"name":"package","value":"Tests.test_items.test_previewplan"},{"name":"resultFormat","value":"allure2"}],"parameters":[],"links":[],"hidden":false,"retry":false,"extra":{"severity":"normal","retries":[{"uid":"aa1481f50e5bedcb","status":"broken","statusDetails":"selenium.common.exceptions.TimeoutException: Message: \nStacktrace:\n\tGetHandleVerifier [0x0x7ff6b3ec6f65+78965]\n\tGetHandleVerifier [0x0x7ff6b3ec6fc0+79056]\n\t(No symbol) [0x0x7ff6b3c59dda]\n\t(No symbol) [0x0x7ff6b3cb02ea]\n\t(No symbol) [0x0x7ff6b3cb059c]\n\t(No symbol) [0x0x7ff6b3d03f37]\n\t(No symbol) [0x0x7ff6b3cd86af]\n\t(No symbol) [0x0x7ff6b3d00dbe]\n\t(No symbol) [0x0x7ff6b3cd8443]\n\t(No symbol) [0x0x7ff6b3ca1311]\n\t(No symbol) [0x0x7ff6b3ca20a3]\n\tGetHandleVerifier [0x0x7ff6b417e26d+2926461]\n\tGetHandleVerifier [0x0x7ff6b4178993+2903715]\n\tGetHandleVerifier [0x0x7ff6b4196aed+3026941]\n\tGetHandleVerifier [0x0x7ff6b3ee16fe+187406]\n\tGetHandleVerifier [0x0x7ff6b3ee96ef+220159]\n\tGetHandleVerifier [0x0x7ff6b3ecfaf4+114692]\n\tGetHandleVerifier [0x0x7ff6b3ecfca9+115129]\n\tGetHandleVerifier [0x0x7ff6b3eb64d8+10728]\n\tBaseThreadInitThunk [0x0x7ffa14ef7374+20]\n\tRtlUserThreadStart [0x0x7ffa16b1cc91+33]","time":{"start":1769527601133,"stop":1769527611885,"duration":10752}}],"categories":[{"name":"Test defects","matchedStatuses":[]}],"tags":[]},"source":"a5f3cbe551d6c5e1.json","parameterValues":[]}