{"uid":"a74b303bc5e8ea84","name":"test_inTransitInventory_editnamesuccess","fullName":"Tests.test_material.test_inTransitInventory.TestItemPage#test_inTransitInventory_editnamesuccess","historyId":"bed174ceae52ff8860647248aed43493","time":{"start":1769622194989,"stop":1769622209191,"duration":14202},"status":"broken","statusMessage":"selenium.common.exceptions.TimeoutException: Message: 点击失败，找不到元素：xpath = //tr[./td[2][.//span[text()=\"333\"]]]/td[2]","statusTrace":"self = <Pages.materialPage.warehouseLocation_page.WarehouseLocationPage object at 0x0000021EF0F804C0>, by_or_element = 'xpath', value = '//tr[./td[2][.//span[text()=\"333\"]]]/td[2]', wait_time = 10, retries = 2\n\n    def click(self, by_or_element, value=None, wait_time=10, retries=2):\n        \"\"\"\n        更稳健的点击方法：支持定位符或 WebElement，自动处理 stale 元素、点击拦截等问题。\n        \"\"\"\n        for attempt in range(retries):\n            try:\n                if value is not None:\n                    by = by_or_element\n                    logging.info(f\"点击元素：By = {by}, Value = {value}\")\n>                   element = WebDriverWait(self.driver, wait_time).until(\n                        EC.element_to_be_clickable((by, value))\n                    )\n\nPages\\base_page.py:49: \n_ _ _ _ _ _ _ _ _ _ _ _ _ _ _ _ _ _ _ _ _ _ _ _ _ _ _ _ _ _ _ _ _ _ _ _ _ _ _ _ _ _ _ _ _ _ _ _ _ _ _ _ _ _ _ _ _ _ _ _ _ _ _ _ _ _ _ _ _ _ _ _ _ _ _ _ _ _ _ _ _ _ _ _ _ _ _ _ _ _ _ _ _ _ _ _ _ _ _ _ _ _ _ _ _ _ _ _ _ _ _ _ _ _ _ _\n\nself = <selenium.webdriver.support.wait.WebDriverWait (session=\"cda8a4c6922ff2f18c0d96cd2cee47f2\")>, method = <function element_to_be_clickable.<locals>._predicate at 0x0000021EF0FEF6D0>, message = ''\n\n    def until(self, method: Callable[[D], Union[Literal[False], T]], message: str = \"\") -> T:\n        \"\"\"Wait until the method returns a value that is not False.\n    \n        Calls the method provided with the driver as an argument until the\n        return value does not evaluate to ``False``.\n    \n        Parameters:\n        -----------\n        method: callable(WebDriver)\n            - A callable object that takes a WebDriver instance as an argument.\n    \n        message: str\n            - Optional message for :exc:`TimeoutException`\n    \n        Return:\n        -------\n        object: T\n            - The result of the last call to `method`\n    \n        Raises:\n        -------\n        TimeoutException\n            - If 'method' does not return a truthy value within the WebDriverWait\n            object's timeout\n    \n        Example:\n        --------\n        >>> from selenium.webdriver.common.by import By\n        >>> from selenium.webdriver.support.ui import WebDriverWait\n        >>> from selenium.webdriver.support import expected_conditions as EC\n    \n        # Wait until an element is visible on the page\n        >>> wait = WebDriverWait(driver, 10)\n        >>> element = wait.until(EC.visibility_of_element_located((By.ID, \"exampleId\")))\n        >>> print(element.text)\n        \"\"\"\n        screen = None\n        stacktrace = None\n    \n        end_time = time.monotonic() + self._timeout\n        while True:\n            try:\n                value = method(self._driver)\n                if value:\n                    return value\n            except self._ignored_exceptions as exc:\n                screen = getattr(exc, \"screen\", None)\n                stacktrace = getattr(exc, \"stacktrace\", None)\n            if time.monotonic() > end_time:\n                break\n            time.sleep(self._poll)\n>       raise TimeoutException(message, screen, stacktrace)\nE       selenium.common.exceptions.TimeoutException: Message: \nE       Stacktrace:\nE       \tGetHandleVerifier [0x0x7ff707636f65+78965]\nE       \tGetHandleVerifier [0x0x7ff707636fc0+79056]\nE       \t(No symbol) [0x0x7ff7073c9dda]\nE       \t(No symbol) [0x0x7ff7074202ea]\nE       \t(No symbol) [0x0x7ff70742059c]\nE       \t(No symbol) [0x0x7ff707473f37]\nE       \t(No symbol) [0x0x7ff7074486af]\nE       \t(No symbol) [0x0x7ff707470dbe]\nE       \t(No symbol) [0x0x7ff707448443]\nE       \t(No symbol) [0x0x7ff707411311]\nE       \t(No symbol) [0x0x7ff7074120a3]\nE       \tGetHandleVerifier [0x0x7ff7078ee26d+2926461]\nE       \tGetHandleVerifier [0x0x7ff7078e8993+2903715]\nE       \tGetHandleVerifier [0x0x7ff707906aed+3026941]\nE       \tGetHandleVerifier [0x0x7ff7076516fe+187406]\nE       \tGetHandleVerifier [0x0x7ff7076596ef+220159]\nE       \tGetHandleVerifier [0x0x7ff70763faf4+114692]\nE       \tGetHandleVerifier [0x0x7ff70763fca9+115129]\nE       \tGetHandleVerifier [0x0x7ff7076264d8+10728]\nE       \tBaseThreadInitThunk [0x0x7ffa14ef7374+20]\nE       \tRtlUserThreadStart [0x0x7ffa16b1cc91+33]\n\nmyenv\\lib\\site-packages\\selenium\\webdriver\\support\\wait.py:138: TimeoutException\n\nDuring handling of the above exception, another exception occurred:\n\nself = <test_material.test_inTransitInventory.TestItemPage object at 0x0000021EF00CE770>, login_to_item = <selenium.webdriver.chrome.webdriver.WebDriver (session=\"cda8a4c6922ff2f18c0d96cd2cee47f2\")>\n\n    @allure.story(\"编辑全部选项成功\")\n    # @pytest.mark.run(order=1)\n    def test_inTransitInventory_editnamesuccess(self, login_to_item):\n        # 输入框要修改的值\n        text_str = \"111\"\n        date_str = \"2025/07/23 00:00:00\"\n        sleep(4)\n        # 选中编辑数据\n>       self.item.click_button('//tr[./td[2][.//span[text()=\"333\"]]]/td[2]')\n\nTests\\test_material\\test_inTransitInventory.py:436: \n_ _ _ _ _ _ _ _ _ _ _ _ _ _ _ _ _ _ _ _ _ _ _ _ _ _ _ _ _ _ _ _ _ _ _ _ _ _ _ _ _ _ _ _ _ _ _ _ _ _ _ _ _ _ _ _ _ _ _ _ _ _ _ _ _ _ _ _ _ _ _ _ _ _ _ _ _ _ _ _ _ _ _ _ _ _ _ _ _ _ _ _ _ _ _ _ _ _ _ _ _ _ _ _ _ _ _ _ _ _ _ _ _ _ _ _\nPages\\materialPage\\warehouseLocation_page.py:171: in click_button\n    self.click(By.XPATH, xpath)\n_ _ _ _ _ _ _ _ _ _ _ _ _ _ _ _ _ _ _ _ _ _ _ _ _ _ _ _ _ _ _ _ _ _ _ _ _ _ _ _ _ _ _ _ _ _ _ _ _ _ _ _ _ _ _ _ _ _ _ _ _ _ _ _ _ _ _ _ _ _ _ _ _ _ _ _ _ _ _ _ _ _ _ _ _ _ _ _ _ _ _ _ _ _ _ _ _ _ _ _ _ _ _ _ _ _ _ _ _ _ _ _ _ _ _ _\n\nself = <Pages.materialPage.warehouseLocation_page.WarehouseLocationPage object at 0x0000021EF0F804C0>, by_or_element = 'xpath', value = '//tr[./td[2][.//span[text()=\"333\"]]]/td[2]', wait_time = 10, retries = 2\n\n    def click(self, by_or_element, value=None, wait_time=10, retries=2):\n        \"\"\"\n        更稳健的点击方法：支持定位符或 WebElement，自动处理 stale 元素、点击拦截等问题。\n        \"\"\"\n        for attempt in range(retries):\n            try:\n                if value is not None:\n                    by = by_or_element\n                    logging.info(f\"点击元素：By = {by}, Value = {value}\")\n                    element = WebDriverWait(self.driver, wait_time).until(\n                        EC.element_to_be_clickable((by, value))\n                    )\n                else:\n                    logging.info(\"点击元素：WebElement 对象\")\n                    element = by_or_element\n    \n                element.click()\n                logging.info(\"✅ 点击成功\")\n                return\n    \n            except ElementClickInterceptedException:\n                logging.warning(\"⚠️ 原生点击被拦截，尝试使用 JS 点击\")\n                try:\n                    self.driver.execute_script(\"arguments[0].click();\", element)\n                    logging.info(\"✅ JS 点击成功\")\n                    return\n                except Exception as js_error:\n                    logging.warning(f\"⚠️ JS 点击失败：{js_error}\")\n                    sleep(1)\n                    continue  # 下一轮重试\n    \n            except StaleElementReferenceException:\n                logging.warning(f\"⚠️ 第 {attempt + 1} 次点击失败：元素过期，尝试重新定位\")\n                sleep(1)\n                continue  # 下一轮重试时重新定位\n    \n            except TimeoutException:\n                logging.error(f\"❌ 元素未在 {wait_time} 秒内变为可点击\")\n>               raise TimeoutException(f\"点击失败，找不到元素：{by_or_element} = {value}\")\nE               selenium.common.exceptions.TimeoutException: Message: 点击失败，找不到元素：xpath = //tr[./td[2][.//span[text()=\"333\"]]]/td[2]\n\nPages\\base_page.py:78: TimeoutException","flaky":false,"newFailed":false,"newBroken":false,"newPassed":false,"retriesCount":1,"retriesStatusChange":true,"beforeStages":[{"name":"login_to_item","time":{"start":1769622175982,"stop":1769622194981,"duration":18999},"status":"passed","steps":[],"attachments":[],"parameters":[],"stepsCount":0,"attachmentStep":false,"hasContent":false,"shouldDisplayMessage":false,"attachmentsCount":0},{"name":"setup","time":{"start":1769622194981,"stop":1769622194988,"duration":7},"status":"passed","steps":[],"attachments":[],"parameters":[],"stepsCount":0,"attachmentStep":false,"hasContent":false,"shouldDisplayMessage":false,"attachmentsCount":0}],"testStage":{"status":"broken","statusMessage":"selenium.common.exceptions.TimeoutException: Message: 点击失败，找不到元素：xpath = //tr[./td[2][.//span[text()=\"333\"]]]/td[2]","statusTrace":"self = <Pages.materialPage.warehouseLocation_page.WarehouseLocationPage object at 0x0000021EF0F804C0>, by_or_element = 'xpath', value = '//tr[./td[2][.//span[text()=\"333\"]]]/td[2]', wait_time = 10, retries = 2\n\n    def click(self, by_or_element, value=None, wait_time=10, retries=2):\n        \"\"\"\n        更稳健的点击方法：支持定位符或 WebElement，自动处理 stale 元素、点击拦截等问题。\n        \"\"\"\n        for attempt in range(retries):\n            try:\n                if value is not None:\n                    by = by_or_element\n                    logging.info(f\"点击元素：By = {by}, Value = {value}\")\n>                   element = WebDriverWait(self.driver, wait_time).until(\n                        EC.element_to_be_clickable((by, value))\n                    )\n\nPages\\base_page.py:49: \n_ _ _ _ _ _ _ _ _ _ _ _ _ _ _ _ _ _ _ _ _ _ _ _ _ _ _ _ _ _ _ _ _ _ _ _ _ _ _ _ _ _ _ _ _ _ _ _ _ _ _ _ _ _ _ _ _ _ _ _ _ _ _ _ _ _ _ _ _ _ _ _ _ _ _ _ _ _ _ _ _ _ _ _ _ _ _ _ _ _ _ _ _ _ _ _ _ _ _ _ _ _ _ _ _ _ _ _ _ _ _ _ _ _ _ _\n\nself = <selenium.webdriver.support.wait.WebDriverWait (session=\"cda8a4c6922ff2f18c0d96cd2cee47f2\")>, method = <function element_to_be_clickable.<locals>._predicate at 0x0000021EF0FEF6D0>, message = ''\n\n    def until(self, method: Callable[[D], Union[Literal[False], T]], message: str = \"\") -> T:\n        \"\"\"Wait until the method returns a value that is not False.\n    \n        Calls the method provided with the driver as an argument until the\n        return value does not evaluate to ``False``.\n    \n        Parameters:\n        -----------\n        method: callable(WebDriver)\n            - A callable object that takes a WebDriver instance as an argument.\n    \n        message: str\n            - Optional message for :exc:`TimeoutException`\n    \n        Return:\n        -------\n        object: T\n            - The result of the last call to `method`\n    \n        Raises:\n        -------\n        TimeoutException\n            - If 'method' does not return a truthy value within the WebDriverWait\n            object's timeout\n    \n        Example:\n        --------\n        >>> from selenium.webdriver.common.by import By\n        >>> from selenium.webdriver.support.ui import WebDriverWait\n        >>> from selenium.webdriver.support import expected_conditions as EC\n    \n        # Wait until an element is visible on the page\n        >>> wait = WebDriverWait(driver, 10)\n        >>> element = wait.until(EC.visibility_of_element_located((By.ID, \"exampleId\")))\n        >>> print(element.text)\n        \"\"\"\n        screen = None\n        stacktrace = None\n    \n        end_time = time.monotonic() + self._timeout\n        while True:\n            try:\n                value = method(self._driver)\n                if value:\n                    return value\n            except self._ignored_exceptions as exc:\n                screen = getattr(exc, \"screen\", None)\n                stacktrace = getattr(exc, \"stacktrace\", None)\n            if time.monotonic() > end_time:\n                break\n            time.sleep(self._poll)\n>       raise TimeoutException(message, screen, stacktrace)\nE       selenium.common.exceptions.TimeoutException: Message: \nE       Stacktrace:\nE       \tGetHandleVerifier [0x0x7ff707636f65+78965]\nE       \tGetHandleVerifier [0x0x7ff707636fc0+79056]\nE       \t(No symbol) [0x0x7ff7073c9dda]\nE       \t(No symbol) [0x0x7ff7074202ea]\nE       \t(No symbol) [0x0x7ff70742059c]\nE       \t(No symbol) [0x0x7ff707473f37]\nE       \t(No symbol) [0x0x7ff7074486af]\nE       \t(No symbol) [0x0x7ff707470dbe]\nE       \t(No symbol) [0x0x7ff707448443]\nE       \t(No symbol) [0x0x7ff707411311]\nE       \t(No symbol) [0x0x7ff7074120a3]\nE       \tGetHandleVerifier [0x0x7ff7078ee26d+2926461]\nE       \tGetHandleVerifier [0x0x7ff7078e8993+2903715]\nE       \tGetHandleVerifier [0x0x7ff707906aed+3026941]\nE       \tGetHandleVerifier [0x0x7ff7076516fe+187406]\nE       \tGetHandleVerifier [0x0x7ff7076596ef+220159]\nE       \tGetHandleVerifier [0x0x7ff70763faf4+114692]\nE       \tGetHandleVerifier [0x0x7ff70763fca9+115129]\nE       \tGetHandleVerifier [0x0x7ff7076264d8+10728]\nE       \tBaseThreadInitThunk [0x0x7ffa14ef7374+20]\nE       \tRtlUserThreadStart [0x0x7ffa16b1cc91+33]\n\nmyenv\\lib\\site-packages\\selenium\\webdriver\\support\\wait.py:138: TimeoutException\n\nDuring handling of the above exception, another exception occurred:\n\nself = <test_material.test_inTransitInventory.TestItemPage object at 0x0000021EF00CE770>, login_to_item = <selenium.webdriver.chrome.webdriver.WebDriver (session=\"cda8a4c6922ff2f18c0d96cd2cee47f2\")>\n\n    @allure.story(\"编辑全部选项成功\")\n    # @pytest.mark.run(order=1)\n    def test_inTransitInventory_editnamesuccess(self, login_to_item):\n        # 输入框要修改的值\n        text_str = \"111\"\n        date_str = \"2025/07/23 00:00:00\"\n        sleep(4)\n        # 选中编辑数据\n>       self.item.click_button('//tr[./td[2][.//span[text()=\"333\"]]]/td[2]')\n\nTests\\test_material\\test_inTransitInventory.py:436: \n_ _ _ _ _ _ _ _ _ _ _ _ _ _ _ _ _ _ _ _ _ _ _ _ _ _ _ _ _ _ _ _ _ _ _ _ _ _ _ _ _ _ _ _ _ _ _ _ _ _ _ _ _ _ _ _ _ _ _ _ _ _ _ _ _ _ _ _ _ _ _ _ _ _ _ _ _ _ _ _ _ _ _ _ _ _ _ _ _ _ _ _ _ _ _ _ _ _ _ _ _ _ _ _ _ _ _ _ _ _ _ _ _ _ _ _\nPages\\materialPage\\warehouseLocation_page.py:171: in click_button\n    self.click(By.XPATH, xpath)\n_ _ _ _ _ _ _ _ _ _ _ _ _ _ _ _ _ _ _ _ _ _ _ _ _ _ _ _ _ _ _ _ _ _ _ _ _ _ _ _ _ _ _ _ _ _ _ _ _ _ _ _ _ _ _ _ _ _ _ _ _ _ _ _ _ _ _ _ _ _ _ _ _ _ _ _ _ _ _ _ _ _ _ _ _ _ _ _ _ _ _ _ _ _ _ _ _ _ _ _ _ _ _ _ _ _ _ _ _ _ _ _ _ _ _ _\n\nself = <Pages.materialPage.warehouseLocation_page.WarehouseLocationPage object at 0x0000021EF0F804C0>, by_or_element = 'xpath', value = '//tr[./td[2][.//span[text()=\"333\"]]]/td[2]', wait_time = 10, retries = 2\n\n    def click(self, by_or_element, value=None, wait_time=10, retries=2):\n        \"\"\"\n        更稳健的点击方法：支持定位符或 WebElement，自动处理 stale 元素、点击拦截等问题。\n        \"\"\"\n        for attempt in range(retries):\n            try:\n                if value is not None:\n                    by = by_or_element\n                    logging.info(f\"点击元素：By = {by}, Value = {value}\")\n                    element = WebDriverWait(self.driver, wait_time).until(\n                        EC.element_to_be_clickable((by, value))\n                    )\n                else:\n                    logging.info(\"点击元素：WebElement 对象\")\n                    element = by_or_element\n    \n                element.click()\n                logging.info(\"✅ 点击成功\")\n                return\n    \n            except ElementClickInterceptedException:\n                logging.warning(\"⚠️ 原生点击被拦截，尝试使用 JS 点击\")\n                try:\n                    self.driver.execute_script(\"arguments[0].click();\", element)\n                    logging.info(\"✅ JS 点击成功\")\n                    return\n                except Exception as js_error:\n                    logging.warning(f\"⚠️ JS 点击失败：{js_error}\")\n                    sleep(1)\n                    continue  # 下一轮重试\n    \n            except StaleElementReferenceException:\n                logging.warning(f\"⚠️ 第 {attempt + 1} 次点击失败：元素过期，尝试重新定位\")\n                sleep(1)\n                continue  # 下一轮重试时重新定位\n    \n            except TimeoutException:\n                logging.error(f\"❌ 元素未在 {wait_time} 秒内变为可点击\")\n>               raise TimeoutException(f\"点击失败，找不到元素：{by_or_element} = {value}\")\nE               selenium.common.exceptions.TimeoutException: Message: 点击失败，找不到元素：xpath = //tr[./td[2][.//span[text()=\"333\"]]]/td[2]\n\nPages\\base_page.py:78: TimeoutException","steps":[],"attachments":[{"uid":"af0cef20695e2fc9","name":"test_inTransitInventory_editnamesuccess_20260129_014329","source":"af0cef20695e2fc9.png","type":"image/png","size":168124},{"uid":"8e53ae1ddd9015c5","name":"log","source":"8e53ae1ddd9015c5.txt","type":"text/plain","size":5844}],"parameters":[],"stepsCount":0,"attachmentStep":false,"hasContent":true,"shouldDisplayMessage":true,"attachmentsCount":2},"afterStages":[{"name":"login_to_item::0","time":{"start":1769622209306,"stop":1769622211461,"duration":2155},"status":"passed","steps":[],"attachments":[],"parameters":[],"stepsCount":0,"attachmentStep":false,"hasContent":false,"shouldDisplayMessage":false,"attachmentsCount":0}],"labels":[{"name":"story","value":"编辑全部选项成功"},{"name":"feature","value":"在途库存测试用例"},{"name":"parentSuite","value":"Tests.test_material"},{"name":"suite","value":"test_inTransitInventory"},{"name":"subSuite","value":"TestItemPage"},{"name":"host","value":"WIN-20240820MJV"},{"name":"thread","value":"43124-MainThread"},{"name":"framework","value":"pytest"},{"name":"language","value":"cpython3"},{"name":"package","value":"Tests.test_material.test_inTransitInventory"},{"name":"resultFormat","value":"allure2"}],"parameters":[],"links":[],"hidden":false,"retry":false,"extra":{"severity":"normal","retries":[{"uid":"7a4a4e0c5344933f","status":"failed","statusDetails":"AssertionError: assert (14 == 14 and 6 == 0)\n +  where 14 = len([\"//div[@id='xx7m7b9f-b17x']//input\", \"//div[@id='ohezjo9h-rfjj']//input\", \"//div[@id='stgrae91-yols']//input\", \"//div[@id='x6jyak6g-djx0']//input\", \"//div[@id='d82zp89g-3dbj']//input\", \"//div[@id='w4z46vv0-dbvt']//input\", ...])\n +    where [\"//div[@id='xx7m7b9f-b17x']//input\", \"//div[@id='ohezjo9h-rfjj']//input\", \"//div[@id='stgrae91-yols']//input\", \"//div[@id='x6jyak6g-djx0']//input\", \"//div[@id='d82zp89g-3dbj']//input\", \"//div[@id='w4z46vv0-dbvt']//input\", ...] = <test_material.test_inTransitInventory.TestItemPage object at 0x0000021EF00CE770>.all_input_edit_xpath_list\n +  and   14 = len(['111', '111', '111', '111', '111', '111', ...])\n +  and   6 = len([\"//div[@id='q641pjc6-72hq']//input\", \"//div[@id='3kup70v6-yvm5']//input\", \"//div[@id='505hhv5m-6ayp']//input\", \"//div[@id='qb6fwjzp-eqbr']//input\", \"//div[@id='9ucfa7pd-24rf']//input\", \"//div[@id='pav1z642-b0wx']//input\"])\n +    where [\"//div[@id='q641pjc6-72hq']//input\", \"//div[@id='3kup70v6-yvm5']//input\", \"//div[@id='505hhv5m-6ayp']//input\", \"//div[@id='qb6fwjzp-eqbr']//input\", \"//div[@id='9ucfa7pd-24rf']//input\", \"//div[@id='pav1z642-b0wx']//input\"] = <test_material.test_inTransitInventory.TestItemPage object at 0x0000021EF00CE770>.all_date_edit_xpath_list\n +  and   0 = len([])","time":{"start":1769622133630,"stop":1769622173711,"duration":40081}}],"categories":[{"name":"Test defects","matchedStatuses":[]}],"tags":[]},"source":"a74b303bc5e8ea84.json","parameterValues":[]}