{"uid":"a8c0e8eaef36d160","name":"test_affairs_template_updattypesuccess","fullName":"Tests.test_system.test_affairs.TestAffairsPage#test_affairs_template_updattypesuccess","historyId":"df7c4ddeb24317083043fa88c2816ded","time":{"start":1769712784573,"stop":1769712794626,"duration":10053},"status":"broken","statusMessage":"selenium.common.exceptions.TimeoutException: Message: \nStacktrace:\n\tGetHandleVerifier [0x0x7ff7c78e6f65+78965]\n\tGetHandleVerifier [0x0x7ff7c78e6fc0+79056]\n\t(No symbol) [0x0x7ff7c7679dda]\n\t(No symbol) [0x0x7ff7c76d02ea]\n\t(No symbol) [0x0x7ff7c76d059c]\n\t(No symbol) [0x0x7ff7c7723f37]\n\t(No symbol) [0x0x7ff7c76f86af]\n\t(No symbol) [0x0x7ff7c7720dbe]\n\t(No symbol) [0x0x7ff7c76f8443]\n\t(No symbol) [0x0x7ff7c76c1311]\n\t(No symbol) [0x0x7ff7c76c20a3]\n\tGetHandleVerifier [0x0x7ff7c7b9e26d+2926461]\n\tGetHandleVerifier [0x0x7ff7c7b98993+2903715]\n\tGetHandleVerifier [0x0x7ff7c7bb6aed+3026941]\n\tGetHandleVerifier [0x0x7ff7c79016fe+187406]\n\tGetHandleVerifier [0x0x7ff7c79096ef+220159]\n\tGetHandleVerifier [0x0x7ff7c78efaf4+114692]\n\tGetHandleVerifier [0x0x7ff7c78efca9+115129]\n\tGetHandleVerifier [0x0x7ff7c78d64d8+10728]\n\tBaseThreadInitThunk [0x0x7ffa14ef7374+20]\n\tRtlUserThreadStart [0x0x7ffa16b1cc91+33]","statusTrace":"self = <test_system.test_affairs.TestAffairsPage object at 0x000002074D87CCD0>, login_to_affairs = <selenium.webdriver.chrome.webdriver.WebDriver (session=\"7a40a444eafbc9b18664077d4affb01e\")>\n\n    @allure.story(\"事务模版-切换事务类型，修改配置参数成功\")\n    # @pytest.mark.run(order=1)\n    def test_affairs_template_updattypesuccess(self, login_to_affairs):\n        driver = login_to_affairs  # WebDriver 实例\n        affairs = AffairsPage(driver)  # 用 driver 初始化 AffairsPage\n        name = \"测试事务模版7\"\n        type = \"存储过程\"\n>       affairs.hover(name=name, edi=\"编辑\")\n\nTests\\test_system\\test_affairs.py:484: \n_ _ _ _ _ _ _ _ _ _ _ _ _ _ _ _ _ _ _ _ _ _ _ _ _ _ _ _ _ _ _ _ _ _ _ _ _ _ _ _ _ _ _ _ _ _ _ _ _ _ _ _ _ _ _ _ _ _ _ _ _ _ _ _ _ _ _ _ _ _ _ _ _ _ _ _ _ _ _ _ _ _ _ _ _ _ _ _ _ _ _ _ _ _ _ _ _ _ _ _ _ _ _ _ _ _ _ _ _ _ _ _ _ _ _ _\nPages\\systemPage\\affairs_page.py:147: in hover\n    container = self.get_find_element_xpath(\nPages\\systemPage\\affairs_page.py:28: in get_find_element_xpath\n    return self.find_element(By.XPATH, xpath)\nPages\\base_page.py:28: in find_element\n    return WebDriverWait(self.driver, wait_time).until(\n_ _ _ _ _ _ _ _ _ _ _ _ _ _ _ _ _ _ _ _ _ _ _ _ _ _ _ _ _ _ _ _ _ _ _ _ _ _ _ _ _ _ _ _ _ _ _ _ _ _ _ _ _ _ _ _ _ _ _ _ _ _ _ _ _ _ _ _ _ _ _ _ _ _ _ _ _ _ _ _ _ _ _ _ _ _ _ _ _ _ _ _ _ _ _ _ _ _ _ _ _ _ _ _ _ _ _ _ _ _ _ _ _ _ _ _\n\nself = <selenium.webdriver.support.wait.WebDriverWait (session=\"7a40a444eafbc9b18664077d4affb01e\")>, method = <function presence_of_element_located.<locals>._predicate at 0x000002074F75AE60>, message = ''\n\n    def until(self, method: Callable[[D], Union[Literal[False], T]], message: str = \"\") -> T:\n        \"\"\"Wait until the method returns a value that is not False.\n    \n        Calls the method provided with the driver as an argument until the\n        return value does not evaluate to ``False``.\n    \n        Parameters:\n        -----------\n        method: callable(WebDriver)\n            - A callable object that takes a WebDriver instance as an argument.\n    \n        message: str\n            - Optional message for :exc:`TimeoutException`\n    \n        Return:\n        -------\n        object: T\n            - The result of the last call to `method`\n    \n        Raises:\n        -------\n        TimeoutException\n            - If 'method' does not return a truthy value within the WebDriverWait\n            object's timeout\n    \n        Example:\n        --------\n        >>> from selenium.webdriver.common.by import By\n        >>> from selenium.webdriver.support.ui import WebDriverWait\n        >>> from selenium.webdriver.support import expected_conditions as EC\n    \n        # Wait until an element is visible on the page\n        >>> wait = WebDriverWait(driver, 10)\n        >>> element = wait.until(EC.visibility_of_element_located((By.ID, \"exampleId\")))\n        >>> print(element.text)\n        \"\"\"\n        screen = None\n        stacktrace = None\n    \n        end_time = time.monotonic() + self._timeout\n        while True:\n            try:\n                value = method(self._driver)\n                if value:\n                    return value\n            except self._ignored_exceptions as exc:\n                screen = getattr(exc, \"screen\", None)\n                stacktrace = getattr(exc, \"stacktrace\", None)\n            if time.monotonic() > end_time:\n                break\n            time.sleep(self._poll)\n>       raise TimeoutException(message, screen, stacktrace)\nE       selenium.common.exceptions.TimeoutException: Message: \nE       Stacktrace:\nE       \tGetHandleVerifier [0x0x7ff7c78e6f65+78965]\nE       \tGetHandleVerifier [0x0x7ff7c78e6fc0+79056]\nE       \t(No symbol) [0x0x7ff7c7679dda]\nE       \t(No symbol) [0x0x7ff7c76d02ea]\nE       \t(No symbol) [0x0x7ff7c76d059c]\nE       \t(No symbol) [0x0x7ff7c7723f37]\nE       \t(No symbol) [0x0x7ff7c76f86af]\nE       \t(No symbol) [0x0x7ff7c7720dbe]\nE       \t(No symbol) [0x0x7ff7c76f8443]\nE       \t(No symbol) [0x0x7ff7c76c1311]\nE       \t(No symbol) [0x0x7ff7c76c20a3]\nE       \tGetHandleVerifier [0x0x7ff7c7b9e26d+2926461]\nE       \tGetHandleVerifier [0x0x7ff7c7b98993+2903715]\nE       \tGetHandleVerifier [0x0x7ff7c7bb6aed+3026941]\nE       \tGetHandleVerifier [0x0x7ff7c79016fe+187406]\nE       \tGetHandleVerifier [0x0x7ff7c79096ef+220159]\nE       \tGetHandleVerifier [0x0x7ff7c78efaf4+114692]\nE       \tGetHandleVerifier [0x0x7ff7c78efca9+115129]\nE       \tGetHandleVerifier [0x0x7ff7c78d64d8+10728]\nE       \tBaseThreadInitThunk [0x0x7ffa14ef7374+20]\nE       \tRtlUserThreadStart [0x0x7ffa16b1cc91+33]\n\nmyenv\\lib\\site-packages\\selenium\\webdriver\\support\\wait.py:138: TimeoutException","flaky":false,"newFailed":false,"newBroken":false,"newPassed":false,"retriesCount":1,"retriesStatusChange":false,"beforeStages":[{"name":"login_to_affairs","time":{"start":1769712540552,"stop":1769712559656,"duration":19104},"status":"passed","steps":[],"attachments":[],"parameters":[],"stepsCount":0,"attachmentStep":false,"hasContent":false,"shouldDisplayMessage":false,"attachmentsCount":0}],"testStage":{"status":"broken","statusMessage":"selenium.common.exceptions.TimeoutException: Message: \nStacktrace:\n\tGetHandleVerifier [0x0x7ff7c78e6f65+78965]\n\tGetHandleVerifier [0x0x7ff7c78e6fc0+79056]\n\t(No symbol) [0x0x7ff7c7679dda]\n\t(No symbol) [0x0x7ff7c76d02ea]\n\t(No symbol) [0x0x7ff7c76d059c]\n\t(No symbol) [0x0x7ff7c7723f37]\n\t(No symbol) [0x0x7ff7c76f86af]\n\t(No symbol) [0x0x7ff7c7720dbe]\n\t(No symbol) [0x0x7ff7c76f8443]\n\t(No symbol) [0x0x7ff7c76c1311]\n\t(No symbol) [0x0x7ff7c76c20a3]\n\tGetHandleVerifier [0x0x7ff7c7b9e26d+2926461]\n\tGetHandleVerifier [0x0x7ff7c7b98993+2903715]\n\tGetHandleVerifier [0x0x7ff7c7bb6aed+3026941]\n\tGetHandleVerifier [0x0x7ff7c79016fe+187406]\n\tGetHandleVerifier [0x0x7ff7c79096ef+220159]\n\tGetHandleVerifier [0x0x7ff7c78efaf4+114692]\n\tGetHandleVerifier [0x0x7ff7c78efca9+115129]\n\tGetHandleVerifier [0x0x7ff7c78d64d8+10728]\n\tBaseThreadInitThunk [0x0x7ffa14ef7374+20]\n\tRtlUserThreadStart [0x0x7ffa16b1cc91+33]","statusTrace":"self = <test_system.test_affairs.TestAffairsPage object at 0x000002074D87CCD0>, login_to_affairs = <selenium.webdriver.chrome.webdriver.WebDriver (session=\"7a40a444eafbc9b18664077d4affb01e\")>\n\n    @allure.story(\"事务模版-切换事务类型，修改配置参数成功\")\n    # @pytest.mark.run(order=1)\n    def test_affairs_template_updattypesuccess(self, login_to_affairs):\n        driver = login_to_affairs  # WebDriver 实例\n        affairs = AffairsPage(driver)  # 用 driver 初始化 AffairsPage\n        name = \"测试事务模版7\"\n        type = \"存储过程\"\n>       affairs.hover(name=name, edi=\"编辑\")\n\nTests\\test_system\\test_affairs.py:484: \n_ _ _ _ _ _ _ _ _ _ _ _ _ _ _ _ _ _ _ _ _ _ _ _ _ _ _ _ _ _ _ _ _ _ _ _ _ _ _ _ _ _ _ _ _ _ _ _ _ _ _ _ _ _ _ _ _ _ _ _ _ _ _ _ _ _ _ _ _ _ _ _ _ _ _ _ _ _ _ _ _ _ _ _ _ _ _ _ _ _ _ _ _ _ _ _ _ _ _ _ _ _ _ _ _ _ _ _ _ _ _ _ _ _ _ _\nPages\\systemPage\\affairs_page.py:147: in hover\n    container = self.get_find_element_xpath(\nPages\\systemPage\\affairs_page.py:28: in get_find_element_xpath\n    return self.find_element(By.XPATH, xpath)\nPages\\base_page.py:28: in find_element\n    return WebDriverWait(self.driver, wait_time).until(\n_ _ _ _ _ _ _ _ _ _ _ _ _ _ _ _ _ _ _ _ _ _ _ _ _ _ _ _ _ _ _ _ _ _ _ _ _ _ _ _ _ _ _ _ _ _ _ _ _ _ _ _ _ _ _ _ _ _ _ _ _ _ _ _ _ _ _ _ _ _ _ _ _ _ _ _ _ _ _ _ _ _ _ _ _ _ _ _ _ _ _ _ _ _ _ _ _ _ _ _ _ _ _ _ _ _ _ _ _ _ _ _ _ _ _ _\n\nself = <selenium.webdriver.support.wait.WebDriverWait (session=\"7a40a444eafbc9b18664077d4affb01e\")>, method = <function presence_of_element_located.<locals>._predicate at 0x000002074F75AE60>, message = ''\n\n    def until(self, method: Callable[[D], Union[Literal[False], T]], message: str = \"\") -> T:\n        \"\"\"Wait until the method returns a value that is not False.\n    \n        Calls the method provided with the driver as an argument until the\n        return value does not evaluate to ``False``.\n    \n        Parameters:\n        -----------\n        method: callable(WebDriver)\n            - A callable object that takes a WebDriver instance as an argument.\n    \n        message: str\n            - Optional message for :exc:`TimeoutException`\n    \n        Return:\n        -------\n        object: T\n            - The result of the last call to `method`\n    \n        Raises:\n        -------\n        TimeoutException\n            - If 'method' does not return a truthy value within the WebDriverWait\n            object's timeout\n    \n        Example:\n        --------\n        >>> from selenium.webdriver.common.by import By\n        >>> from selenium.webdriver.support.ui import WebDriverWait\n        >>> from selenium.webdriver.support import expected_conditions as EC\n    \n        # Wait until an element is visible on the page\n        >>> wait = WebDriverWait(driver, 10)\n        >>> element = wait.until(EC.visibility_of_element_located((By.ID, \"exampleId\")))\n        >>> print(element.text)\n        \"\"\"\n        screen = None\n        stacktrace = None\n    \n        end_time = time.monotonic() + self._timeout\n        while True:\n            try:\n                value = method(self._driver)\n                if value:\n                    return value\n            except self._ignored_exceptions as exc:\n                screen = getattr(exc, \"screen\", None)\n                stacktrace = getattr(exc, \"stacktrace\", None)\n            if time.monotonic() > end_time:\n                break\n            time.sleep(self._poll)\n>       raise TimeoutException(message, screen, stacktrace)\nE       selenium.common.exceptions.TimeoutException: Message: \nE       Stacktrace:\nE       \tGetHandleVerifier [0x0x7ff7c78e6f65+78965]\nE       \tGetHandleVerifier [0x0x7ff7c78e6fc0+79056]\nE       \t(No symbol) [0x0x7ff7c7679dda]\nE       \t(No symbol) [0x0x7ff7c76d02ea]\nE       \t(No symbol) [0x0x7ff7c76d059c]\nE       \t(No symbol) [0x0x7ff7c7723f37]\nE       \t(No symbol) [0x0x7ff7c76f86af]\nE       \t(No symbol) [0x0x7ff7c7720dbe]\nE       \t(No symbol) [0x0x7ff7c76f8443]\nE       \t(No symbol) [0x0x7ff7c76c1311]\nE       \t(No symbol) [0x0x7ff7c76c20a3]\nE       \tGetHandleVerifier [0x0x7ff7c7b9e26d+2926461]\nE       \tGetHandleVerifier [0x0x7ff7c7b98993+2903715]\nE       \tGetHandleVerifier [0x0x7ff7c7bb6aed+3026941]\nE       \tGetHandleVerifier [0x0x7ff7c79016fe+187406]\nE       \tGetHandleVerifier [0x0x7ff7c79096ef+220159]\nE       \tGetHandleVerifier [0x0x7ff7c78efaf4+114692]\nE       \tGetHandleVerifier [0x0x7ff7c78efca9+115129]\nE       \tGetHandleVerifier [0x0x7ff7c78d64d8+10728]\nE       \tBaseThreadInitThunk [0x0x7ffa14ef7374+20]\nE       \tRtlUserThreadStart [0x0x7ffa16b1cc91+33]\n\nmyenv\\lib\\site-packages\\selenium\\webdriver\\support\\wait.py:138: TimeoutException","steps":[],"attachments":[{"uid":"2be5db9c3240cf53","name":"test_affairs_template_updattypesuccess_20260130_025314","source":"2be5db9c3240cf53.png","type":"image/png","size":86811},{"uid":"e5326e791573d23c","name":"log","source":"e5326e791573d23c.txt","type":"text/plain","size":583}],"parameters":[],"stepsCount":0,"attachmentStep":false,"hasContent":true,"shouldDisplayMessage":true,"attachmentsCount":2},"afterStages":[{"name":"login_to_affairs::0","time":{"start":1769713624243,"stop":1769713626483,"duration":2240},"status":"passed","steps":[],"attachments":[],"parameters":[],"stepsCount":0,"attachmentStep":false,"hasContent":false,"shouldDisplayMessage":false,"attachmentsCount":0}],"labels":[{"name":"feature","value":"事务管理页用例"},{"name":"story","value":"事务模版-切换事务类型，修改配置参数成功"},{"name":"parentSuite","value":"Tests.test_system"},{"name":"suite","value":"test_affairs"},{"name":"subSuite","value":"TestAffairsPage"},{"name":"host","value":"WIN-20240820MJV"},{"name":"thread","value":"42656-MainThread"},{"name":"framework","value":"pytest"},{"name":"language","value":"cpython3"},{"name":"package","value":"Tests.test_system.test_affairs"},{"name":"resultFormat","value":"allure2"}],"parameters":[],"links":[],"hidden":false,"retry":false,"extra":{"severity":"normal","retries":[{"uid":"539d6c2e970e215f","status":"broken","statusDetails":"selenium.common.exceptions.TimeoutException: Message: \nStacktrace:\n\tGetHandleVerifier [0x0x7ff7c78e6f65+78965]\n\tGetHandleVerifier [0x0x7ff7c78e6fc0+79056]\n\t(No symbol) [0x0x7ff7c7679dda]\n\t(No symbol) [0x0x7ff7c76d02ea]\n\t(No symbol) [0x0x7ff7c76d059c]\n\t(No symbol) [0x0x7ff7c7723f37]\n\t(No symbol) [0x0x7ff7c76f86af]\n\t(No symbol) [0x0x7ff7c7720dbe]\n\t(No symbol) [0x0x7ff7c76f8443]\n\t(No symbol) [0x0x7ff7c76c1311]\n\t(No symbol) [0x0x7ff7c76c20a3]\n\tGetHandleVerifier [0x0x7ff7c7b9e26d+2926461]\n\tGetHandleVerifier [0x0x7ff7c7b98993+2903715]\n\tGetHandleVerifier [0x0x7ff7c7bb6aed+3026941]\n\tGetHandleVerifier [0x0x7ff7c79016fe+187406]\n\tGetHandleVerifier [0x0x7ff7c79096ef+220159]\n\tGetHandleVerifier [0x0x7ff7c78efaf4+114692]\n\tGetHandleVerifier [0x0x7ff7c78efca9+115129]\n\tGetHandleVerifier [0x0x7ff7c78d64d8+10728]\n\tBaseThreadInitThunk [0x0x7ffa14ef7374+20]\n\tRtlUserThreadStart [0x0x7ffa16b1cc91+33]","time":{"start":1769712774352,"stop":1769712784399,"duration":10047}}],"categories":[{"name":"Test defects","matchedStatuses":[]}],"tags":[]},"source":"a8c0e8eaef36d160.json","parameterValues":[]}