{"uid":"a8dc6e6b49c71e24","name":"test_sched_downcommand","fullName":"Tests.test_items.test_sched.TestSchedPage#test_sched_downcommand","historyId":"37d0a62b0fec7869570bc096ae21a7ad","time":{"start":1763047575434,"stop":1763047588604,"duration":13170},"status":"broken","statusMessage":"selenium.common.exceptions.TimeoutException: Message: \nStacktrace:\n\tGetHandleVerifier [0x0x7ff6784e6f65+78965]\n\tGetHandleVerifier [0x0x7ff6784e6fc0+79056]\n\t(No symbol) [0x0x7ff678279dda]\n\t(No symbol) [0x0x7ff6782d02ea]\n\t(No symbol) [0x0x7ff6782d059c]\n\t(No symbol) [0x0x7ff678323f37]\n\t(No symbol) [0x0x7ff6782f86af]\n\t(No symbol) [0x0x7ff678320dbe]\n\t(No symbol) [0x0x7ff6782f8443]\n\t(No symbol) [0x0x7ff6782c1311]\n\t(No symbol) [0x0x7ff6782c20a3]\n\tGetHandleVerifier [0x0x7ff67879e26d+2926461]\n\tGetHandleVerifier [0x0x7ff678798993+2903715]\n\tGetHandleVerifier [0x0x7ff6787b6aed+3026941]\n\tGetHandleVerifier [0x0x7ff6785016fe+187406]\n\tGetHandleVerifier [0x0x7ff6785096ef+220159]\n\tGetHandleVerifier [0x0x7ff6784efaf4+114692]\n\tGetHandleVerifier [0x0x7ff6784efca9+115129]\n\tGetHandleVerifier [0x0x7ff6784d64d8+10728]\n\tBaseThreadInitThunk [0x0x7ffdb4e97374+20]\n\tRtlUserThreadStart [0x0x7ffdb649cc91+33]","statusTrace":"self = <test_items.test_sched.TestSchedPage object at 0x0000025DC5444490>, login_to_sched = <selenium.webdriver.chrome.webdriver.WebDriver (session=\"8656a42a95cb72237a71e04594b63acb\")>\n\n    @allure.story(\"向下移动命令\")\n    # @pytest.mark.run(order=1)\n    def test_sched_downcommand(self, login_to_sched):\n        driver = login_to_sched  # WebDriver 实例\n        sched = SchedPage(driver)  # 用 driver 初始化 SchedPage\n        sleep(3)\n>       command = sched.get_find_element_xpath(\n            '//ul[@class=\"ivu-tree-children\" and @visible=\"visible\"]/li/ul[last()]/li/ul[1]//span[2]'\n        ).text\n\nTests\\test_items\\test_sched.py:388: \n_ _ _ _ _ _ _ _ _ _ _ _ _ _ _ _ _ _ _ _ _ _ _ _ _ _ _ _ _ _ _ _ _ _ _ _ _ _ _ _ _ _ _ _ _ _ _ _ _ _ _ _ _ _ _ _ _ _ _ _ _ _ _ _ _ _ _ _ _ _ _ _ _ _ _ _ _ _ _ _ _ _ _ _ _ _ _ _ _ _ _ _ _ _ _ _ _ _ _ _ _ _ _ _ _ _ _ _ _ _ _ _ _ _ _ _\nPages\\itemsPage\\sched_page.py:76: in get_find_element_xpath\n    return self.find_element(By.XPATH, xpath)\nPages\\base_page.py:28: in find_element\n    return WebDriverWait(self.driver, wait_time).until(\n_ _ _ _ _ _ _ _ _ _ _ _ _ _ _ _ _ _ _ _ _ _ _ _ _ _ _ _ _ _ _ _ _ _ _ _ _ _ _ _ _ _ _ _ _ _ _ _ _ _ _ _ _ _ _ _ _ _ _ _ _ _ _ _ _ _ _ _ _ _ _ _ _ _ _ _ _ _ _ _ _ _ _ _ _ _ _ _ _ _ _ _ _ _ _ _ _ _ _ _ _ _ _ _ _ _ _ _ _ _ _ _ _ _ _ _\n\nself = <selenium.webdriver.support.wait.WebDriverWait (session=\"8656a42a95cb72237a71e04594b63acb\")>, method = <function presence_of_element_located.<locals>._predicate at 0x0000025DC609B7F0>, message = ''\n\n    def until(self, method: Callable[[D], Union[Literal[False], T]], message: str = \"\") -> T:\n        \"\"\"Wait until the method returns a value that is not False.\n    \n        Calls the method provided with the driver as an argument until the\n        return value does not evaluate to ``False``.\n    \n        Parameters:\n        -----------\n        method: callable(WebDriver)\n            - A callable object that takes a WebDriver instance as an argument.\n    \n        message: str\n            - Optional message for :exc:`TimeoutException`\n    \n        Return:\n        -------\n        object: T\n            - The result of the last call to `method`\n    \n        Raises:\n        -------\n        TimeoutException\n            - If 'method' does not return a truthy value within the WebDriverWait\n            object's timeout\n    \n        Example:\n        --------\n        >>> from selenium.webdriver.common.by import By\n        >>> from selenium.webdriver.support.ui import WebDriverWait\n        >>> from selenium.webdriver.support import expected_conditions as EC\n    \n        # Wait until an element is visible on the page\n        >>> wait = WebDriverWait(driver, 10)\n        >>> element = wait.until(EC.visibility_of_element_located((By.ID, \"exampleId\")))\n        >>> print(element.text)\n        \"\"\"\n        screen = None\n        stacktrace = None\n    \n        end_time = time.monotonic() + self._timeout\n        while True:\n            try:\n                value = method(self._driver)\n                if value:\n                    return value\n            except self._ignored_exceptions as exc:\n                screen = getattr(exc, \"screen\", None)\n                stacktrace = getattr(exc, \"stacktrace\", None)\n            if time.monotonic() > end_time:\n                break\n            time.sleep(self._poll)\n>       raise TimeoutException(message, screen, stacktrace)\nE       selenium.common.exceptions.TimeoutException: Message: \nE       Stacktrace:\nE       \tGetHandleVerifier [0x0x7ff6784e6f65+78965]\nE       \tGetHandleVerifier [0x0x7ff6784e6fc0+79056]\nE       \t(No symbol) [0x0x7ff678279dda]\nE       \t(No symbol) [0x0x7ff6782d02ea]\nE       \t(No symbol) [0x0x7ff6782d059c]\nE       \t(No symbol) [0x0x7ff678323f37]\nE       \t(No symbol) [0x0x7ff6782f86af]\nE       \t(No symbol) [0x0x7ff678320dbe]\nE       \t(No symbol) [0x0x7ff6782f8443]\nE       \t(No symbol) [0x0x7ff6782c1311]\nE       \t(No symbol) [0x0x7ff6782c20a3]\nE       \tGetHandleVerifier [0x0x7ff67879e26d+2926461]\nE       \tGetHandleVerifier [0x0x7ff678798993+2903715]\nE       \tGetHandleVerifier [0x0x7ff6787b6aed+3026941]\nE       \tGetHandleVerifier [0x0x7ff6785016fe+187406]\nE       \tGetHandleVerifier [0x0x7ff6785096ef+220159]\nE       \tGetHandleVerifier [0x0x7ff6784efaf4+114692]\nE       \tGetHandleVerifier [0x0x7ff6784efca9+115129]\nE       \tGetHandleVerifier [0x0x7ff6784d64d8+10728]\nE       \tBaseThreadInitThunk [0x0x7ffdb4e97374+20]\nE       \tRtlUserThreadStart [0x0x7ffdb649cc91+33]\n\nmyenv\\lib\\site-packages\\selenium\\webdriver\\support\\wait.py:138: TimeoutException","flaky":false,"newFailed":false,"newBroken":false,"newPassed":false,"retriesCount":0,"retriesStatusChange":false,"beforeStages":[{"name":"login_to_sched","time":{"start":1763047562318,"stop":1763047575434,"duration":13116},"status":"passed","steps":[],"attachments":[],"parameters":[],"attachmentsCount":0,"shouldDisplayMessage":false,"stepsCount":0,"attachmentStep":false,"hasContent":false}],"testStage":{"status":"broken","statusMessage":"selenium.common.exceptions.TimeoutException: Message: \nStacktrace:\n\tGetHandleVerifier [0x0x7ff6784e6f65+78965]\n\tGetHandleVerifier [0x0x7ff6784e6fc0+79056]\n\t(No symbol) [0x0x7ff678279dda]\n\t(No symbol) [0x0x7ff6782d02ea]\n\t(No symbol) [0x0x7ff6782d059c]\n\t(No symbol) [0x0x7ff678323f37]\n\t(No symbol) [0x0x7ff6782f86af]\n\t(No symbol) [0x0x7ff678320dbe]\n\t(No symbol) [0x0x7ff6782f8443]\n\t(No symbol) [0x0x7ff6782c1311]\n\t(No symbol) [0x0x7ff6782c20a3]\n\tGetHandleVerifier [0x0x7ff67879e26d+2926461]\n\tGetHandleVerifier [0x0x7ff678798993+2903715]\n\tGetHandleVerifier [0x0x7ff6787b6aed+3026941]\n\tGetHandleVerifier [0x0x7ff6785016fe+187406]\n\tGetHandleVerifier [0x0x7ff6785096ef+220159]\n\tGetHandleVerifier [0x0x7ff6784efaf4+114692]\n\tGetHandleVerifier [0x0x7ff6784efca9+115129]\n\tGetHandleVerifier [0x0x7ff6784d64d8+10728]\n\tBaseThreadInitThunk [0x0x7ffdb4e97374+20]\n\tRtlUserThreadStart [0x0x7ffdb649cc91+33]","statusTrace":"self = <test_items.test_sched.TestSchedPage object at 0x0000025DC5444490>, login_to_sched = <selenium.webdriver.chrome.webdriver.WebDriver (session=\"8656a42a95cb72237a71e04594b63acb\")>\n\n    @allure.story(\"向下移动命令\")\n    # @pytest.mark.run(order=1)\n    def test_sched_downcommand(self, login_to_sched):\n        driver = login_to_sched  # WebDriver 实例\n        sched = SchedPage(driver)  # 用 driver 初始化 SchedPage\n        sleep(3)\n>       command = sched.get_find_element_xpath(\n            '//ul[@class=\"ivu-tree-children\" and @visible=\"visible\"]/li/ul[last()]/li/ul[1]//span[2]'\n        ).text\n\nTests\\test_items\\test_sched.py:388: \n_ _ _ _ _ _ _ _ _ _ _ _ _ _ _ _ _ _ _ _ _ _ _ _ _ _ _ _ _ _ _ _ _ _ _ _ _ _ _ _ _ _ _ _ _ _ _ _ _ _ _ _ _ _ _ _ _ _ _ _ _ _ _ _ _ _ _ _ _ _ _ _ _ _ _ _ _ _ _ _ _ _ _ _ _ _ _ _ _ _ _ _ _ _ _ _ _ _ _ _ _ _ _ _ _ _ _ _ _ _ _ _ _ _ _ _\nPages\\itemsPage\\sched_page.py:76: in get_find_element_xpath\n    return self.find_element(By.XPATH, xpath)\nPages\\base_page.py:28: in find_element\n    return WebDriverWait(self.driver, wait_time).until(\n_ _ _ _ _ _ _ _ _ _ _ _ _ _ _ _ _ _ _ _ _ _ _ _ _ _ _ _ _ _ _ _ _ _ _ _ _ _ _ _ _ _ _ _ _ _ _ _ _ _ _ _ _ _ _ _ _ _ _ _ _ _ _ _ _ _ _ _ _ _ _ _ _ _ _ _ _ _ _ _ _ _ _ _ _ _ _ _ _ _ _ _ _ _ _ _ _ _ _ _ _ _ _ _ _ _ _ _ _ _ _ _ _ _ _ _\n\nself = <selenium.webdriver.support.wait.WebDriverWait (session=\"8656a42a95cb72237a71e04594b63acb\")>, method = <function presence_of_element_located.<locals>._predicate at 0x0000025DC609B7F0>, message = ''\n\n    def until(self, method: Callable[[D], Union[Literal[False], T]], message: str = \"\") -> T:\n        \"\"\"Wait until the method returns a value that is not False.\n    \n        Calls the method provided with the driver as an argument until the\n        return value does not evaluate to ``False``.\n    \n        Parameters:\n        -----------\n        method: callable(WebDriver)\n            - A callable object that takes a WebDriver instance as an argument.\n    \n        message: str\n            - Optional message for :exc:`TimeoutException`\n    \n        Return:\n        -------\n        object: T\n            - The result of the last call to `method`\n    \n        Raises:\n        -------\n        TimeoutException\n            - If 'method' does not return a truthy value within the WebDriverWait\n            object's timeout\n    \n        Example:\n        --------\n        >>> from selenium.webdriver.common.by import By\n        >>> from selenium.webdriver.support.ui import WebDriverWait\n        >>> from selenium.webdriver.support import expected_conditions as EC\n    \n        # Wait until an element is visible on the page\n        >>> wait = WebDriverWait(driver, 10)\n        >>> element = wait.until(EC.visibility_of_element_located((By.ID, \"exampleId\")))\n        >>> print(element.text)\n        \"\"\"\n        screen = None\n        stacktrace = None\n    \n        end_time = time.monotonic() + self._timeout\n        while True:\n            try:\n                value = method(self._driver)\n                if value:\n                    return value\n            except self._ignored_exceptions as exc:\n                screen = getattr(exc, \"screen\", None)\n                stacktrace = getattr(exc, \"stacktrace\", None)\n            if time.monotonic() > end_time:\n                break\n            time.sleep(self._poll)\n>       raise TimeoutException(message, screen, stacktrace)\nE       selenium.common.exceptions.TimeoutException: Message: \nE       Stacktrace:\nE       \tGetHandleVerifier [0x0x7ff6784e6f65+78965]\nE       \tGetHandleVerifier [0x0x7ff6784e6fc0+79056]\nE       \t(No symbol) [0x0x7ff678279dda]\nE       \t(No symbol) [0x0x7ff6782d02ea]\nE       \t(No symbol) [0x0x7ff6782d059c]\nE       \t(No symbol) [0x0x7ff678323f37]\nE       \t(No symbol) [0x0x7ff6782f86af]\nE       \t(No symbol) [0x0x7ff678320dbe]\nE       \t(No symbol) [0x0x7ff6782f8443]\nE       \t(No symbol) [0x0x7ff6782c1311]\nE       \t(No symbol) [0x0x7ff6782c20a3]\nE       \tGetHandleVerifier [0x0x7ff67879e26d+2926461]\nE       \tGetHandleVerifier [0x0x7ff678798993+2903715]\nE       \tGetHandleVerifier [0x0x7ff6787b6aed+3026941]\nE       \tGetHandleVerifier [0x0x7ff6785016fe+187406]\nE       \tGetHandleVerifier [0x0x7ff6785096ef+220159]\nE       \tGetHandleVerifier [0x0x7ff6784efaf4+114692]\nE       \tGetHandleVerifier [0x0x7ff6784efca9+115129]\nE       \tGetHandleVerifier [0x0x7ff6784d64d8+10728]\nE       \tBaseThreadInitThunk [0x0x7ffdb4e97374+20]\nE       \tRtlUserThreadStart [0x0x7ffdb649cc91+33]\n\nmyenv\\lib\\site-packages\\selenium\\webdriver\\support\\wait.py:138: TimeoutException","steps":[],"attachments":[{"uid":"ee6bd48c4526597","name":"test_sched_downcommand_failure","source":"ee6bd48c4526597.png","type":"image/png","size":60553},{"uid":"b0ddf50fa93ada8e","name":"test_sched_downcommand_source","source":"b0ddf50fa93ada8e.html","type":"text/html","size":1097491},{"uid":"5cbc6193810968c3","name":"log","source":"5cbc6193810968c3.txt","type":"text/plain","size":1442}],"parameters":[],"attachmentsCount":3,"shouldDisplayMessage":true,"stepsCount":0,"attachmentStep":false,"hasContent":true},"afterStages":[{"name":"login_to_sched::0","time":{"start":1763047588790,"stop":1763047590963,"duration":2173},"status":"passed","steps":[],"attachments":[],"parameters":[],"attachmentsCount":0,"shouldDisplayMessage":false,"stepsCount":0,"attachmentStep":false,"hasContent":false}],"labels":[{"name":"story","value":"向下移动命令"},{"name":"feature","value":"方案管理表测试用例"},{"name":"parentSuite","value":"Tests.test_items"},{"name":"suite","value":"test_sched"},{"name":"subSuite","value":"TestSchedPage"},{"name":"host","value":"WIN-20240820MJV"},{"name":"thread","value":"22584-MainThread"},{"name":"framework","value":"pytest"},{"name":"language","value":"cpython3"},{"name":"package","value":"Tests.test_items.test_sched"},{"name":"resultFormat","value":"allure2"}],"parameters":[],"links":[],"hidden":true,"retry":true,"extra":{"categories":[],"tags":[]},"source":"a8dc6e6b49c71e24.json","parameterValues":[]}