{"uid":"aa12741678ecedba","name":"test_materialRequirementsDefinition_addrepeat","fullName":"Tests.test_material.test_materialRequirementsDefinition.TestSMaterialRequirementsDefinitionPage#test_materialRequirementsDefinition_addrepeat","historyId":"a4eb18775d4f557765493b913ae40c9f","time":{"start":1764095597987,"stop":1764095632705,"duration":34718},"status":"broken","statusMessage":"selenium.common.exceptions.TimeoutException: Message: \nStacktrace:\n\tGetHandleVerifier [0x0x7ff6140e6f65+78965]\n\tGetHandleVerifier [0x0x7ff6140e6fc0+79056]\n\t(No symbol) [0x0x7ff613e79dda]\n\t(No symbol) [0x0x7ff613ed02ea]\n\t(No symbol) [0x0x7ff613ed059c]\n\t(No symbol) [0x0x7ff613f23f37]\n\t(No symbol) [0x0x7ff613ef86af]\n\t(No symbol) [0x0x7ff613f20dbe]\n\t(No symbol) [0x0x7ff613ef8443]\n\t(No symbol) [0x0x7ff613ec1311]\n\t(No symbol) [0x0x7ff613ec20a3]\n\tGetHandleVerifier [0x0x7ff61439e26d+2926461]\n\tGetHandleVerifier [0x0x7ff614398993+2903715]\n\tGetHandleVerifier [0x0x7ff6143b6aed+3026941]\n\tGetHandleVerifier [0x0x7ff6141016fe+187406]\n\tGetHandleVerifier [0x0x7ff6141096ef+220159]\n\tGetHandleVerifier [0x0x7ff6140efaf4+114692]\n\tGetHandleVerifier [0x0x7ff6140efca9+115129]\n\tGetHandleVerifier [0x0x7ff6140d64d8+10728]\n\tBaseThreadInitThunk [0x0x7ffd261d7374+20]\n\tRtlUserThreadStart [0x0x7ffd2797cc91+33]","statusTrace":"self = <test_material.test_materialRequirementsDefinition.TestSMaterialRequirementsDefinitionPage object at 0x000001684B2154B0>\nlogin_to_materialRequirementsDefinition = <selenium.webdriver.chrome.webdriver.WebDriver (session=\"e6a6060e779e89a91f319c18e6d178d1\")>\n\n    @allure.story(\"添加重复需求来源编码不允许添加\")\n    # @pytest.mark.run(order=1)\n    def test_materialRequirementsDefinition_addrepeat(self, login_to_materialRequirementsDefinition):\n        driver = login_to_materialRequirementsDefinition  # WebDriver 实例\n        material = MaterialControlDefinition(driver)  # 用 driver 初始化 MaterialControlDefinition\n        value = \"1测试数据1\"\n>       material.add_data(value)\n\nTests\\test_material\\test_materialRequirementsDefinition.py:165: \n_ _ _ _ _ _ _ _ _ _ _ _ _ _ _ _ _ _ _ _ _ _ _ _ _ _ _ _ _ _ _ _ _ _ _ _ _ _ _ _ _ _ _ _ _ _ _ _ _ _ _ _ _ _ _ _ _ _ _ _ _ _ _ _ _ _ _ _ _ _ _ _ _ _ _ _ _ _ _ _ _ _ _ _ _ _ _ _ _ _ _ _ _ _ _ _ _ _ _ _ _ _ _ _ _ _ _ _ _ _ _ _ _ _ _ _\nPages\\materialPage\\materialControlDefinition_page.py:216: in add_data\n    self.double_click_th_dropdown_box(last_)\nPages\\materialPage\\materialControlDefinition_page.py:154: in double_click_th_dropdown_box\n    ActionChains(self.driver).double_click(self.get_find_element_xpath(d['select'])).perform()\nPages\\materialPage\\materialControlDefinition_page.py:29: in get_find_element_xpath\n    return self.find_element(By.XPATH, xpath)\nPages\\base_page.py:28: in find_element\n    return WebDriverWait(self.driver, wait_time).until(\n_ _ _ _ _ _ _ _ _ _ _ _ _ _ _ _ _ _ _ _ _ _ _ _ _ _ _ _ _ _ _ _ _ _ _ _ _ _ _ _ _ _ _ _ _ _ _ _ _ _ _ _ _ _ _ _ _ _ _ _ _ _ _ _ _ _ _ _ _ _ _ _ _ _ _ _ _ _ _ _ _ _ _ _ _ _ _ _ _ _ _ _ _ _ _ _ _ _ _ _ _ _ _ _ _ _ _ _ _ _ _ _ _ _ _ _\n\nself = <selenium.webdriver.support.wait.WebDriverWait (session=\"e6a6060e779e89a91f319c18e6d178d1\")>, method = <function presence_of_element_located.<locals>._predicate at 0x000001684D522680>, message = ''\n\n    def until(self, method: Callable[[D], Union[Literal[False], T]], message: str = \"\") -> T:\n        \"\"\"Wait until the method returns a value that is not False.\n    \n        Calls the method provided with the driver as an argument until the\n        return value does not evaluate to ``False``.\n    \n        Parameters:\n        -----------\n        method: callable(WebDriver)\n            - A callable object that takes a WebDriver instance as an argument.\n    \n        message: str\n            - Optional message for :exc:`TimeoutException`\n    \n        Return:\n        -------\n        object: T\n            - The result of the last call to `method`\n    \n        Raises:\n        -------\n        TimeoutException\n            - If 'method' does not return a truthy value within the WebDriverWait\n            object's timeout\n    \n        Example:\n        --------\n        >>> from selenium.webdriver.common.by import By\n        >>> from selenium.webdriver.support.ui import WebDriverWait\n        >>> from selenium.webdriver.support import expected_conditions as EC\n    \n        # Wait until an element is visible on the page\n        >>> wait = WebDriverWait(driver, 10)\n        >>> element = wait.until(EC.visibility_of_element_located((By.ID, \"exampleId\")))\n        >>> print(element.text)\n        \"\"\"\n        screen = None\n        stacktrace = None\n    \n        end_time = time.monotonic() + self._timeout\n        while True:\n            try:\n                value = method(self._driver)\n                if value:\n                    return value\n            except self._ignored_exceptions as exc:\n                screen = getattr(exc, \"screen\", None)\n                stacktrace = getattr(exc, \"stacktrace\", None)\n            if time.monotonic() > end_time:\n                break\n            time.sleep(self._poll)\n>       raise TimeoutException(message, screen, stacktrace)\nE       selenium.common.exceptions.TimeoutException: Message: \nE       Stacktrace:\nE       \tGetHandleVerifier [0x0x7ff6140e6f65+78965]\nE       \tGetHandleVerifier [0x0x7ff6140e6fc0+79056]\nE       \t(No symbol) [0x0x7ff613e79dda]\nE       \t(No symbol) [0x0x7ff613ed02ea]\nE       \t(No symbol) [0x0x7ff613ed059c]\nE       \t(No symbol) [0x0x7ff613f23f37]\nE       \t(No symbol) [0x0x7ff613ef86af]\nE       \t(No symbol) [0x0x7ff613f20dbe]\nE       \t(No symbol) [0x0x7ff613ef8443]\nE       \t(No symbol) [0x0x7ff613ec1311]\nE       \t(No symbol) [0x0x7ff613ec20a3]\nE       \tGetHandleVerifier [0x0x7ff61439e26d+2926461]\nE       \tGetHandleVerifier [0x0x7ff614398993+2903715]\nE       \tGetHandleVerifier [0x0x7ff6143b6aed+3026941]\nE       \tGetHandleVerifier [0x0x7ff6141016fe+187406]\nE       \tGetHandleVerifier [0x0x7ff6141096ef+220159]\nE       \tGetHandleVerifier [0x0x7ff6140efaf4+114692]\nE       \tGetHandleVerifier [0x0x7ff6140efca9+115129]\nE       \tGetHandleVerifier [0x0x7ff6140d64d8+10728]\nE       \tBaseThreadInitThunk [0x0x7ffd261d7374+20]\nE       \tRtlUserThreadStart [0x0x7ffd2797cc91+33]\n\nmyenv\\lib\\site-packages\\selenium\\webdriver\\support\\wait.py:138: TimeoutException","flaky":false,"newFailed":false,"newBroken":false,"newPassed":false,"retriesCount":1,"retriesStatusChange":false,"beforeStages":[{"name":"login_to_materialRequirementsDefinition","time":{"start":1764095587100,"stop":1764095597986,"duration":10886},"status":"passed","steps":[],"attachments":[],"parameters":[],"hasContent":false,"attachmentStep":false,"stepsCount":0,"attachmentsCount":0,"shouldDisplayMessage":false}],"testStage":{"status":"broken","statusMessage":"selenium.common.exceptions.TimeoutException: Message: \nStacktrace:\n\tGetHandleVerifier [0x0x7ff6140e6f65+78965]\n\tGetHandleVerifier [0x0x7ff6140e6fc0+79056]\n\t(No symbol) [0x0x7ff613e79dda]\n\t(No symbol) [0x0x7ff613ed02ea]\n\t(No symbol) [0x0x7ff613ed059c]\n\t(No symbol) [0x0x7ff613f23f37]\n\t(No symbol) [0x0x7ff613ef86af]\n\t(No symbol) [0x0x7ff613f20dbe]\n\t(No symbol) [0x0x7ff613ef8443]\n\t(No symbol) [0x0x7ff613ec1311]\n\t(No symbol) [0x0x7ff613ec20a3]\n\tGetHandleVerifier [0x0x7ff61439e26d+2926461]\n\tGetHandleVerifier [0x0x7ff614398993+2903715]\n\tGetHandleVerifier [0x0x7ff6143b6aed+3026941]\n\tGetHandleVerifier [0x0x7ff6141016fe+187406]\n\tGetHandleVerifier [0x0x7ff6141096ef+220159]\n\tGetHandleVerifier [0x0x7ff6140efaf4+114692]\n\tGetHandleVerifier [0x0x7ff6140efca9+115129]\n\tGetHandleVerifier [0x0x7ff6140d64d8+10728]\n\tBaseThreadInitThunk [0x0x7ffd261d7374+20]\n\tRtlUserThreadStart [0x0x7ffd2797cc91+33]","statusTrace":"self = <test_material.test_materialRequirementsDefinition.TestSMaterialRequirementsDefinitionPage object at 0x000001684B2154B0>\nlogin_to_materialRequirementsDefinition = <selenium.webdriver.chrome.webdriver.WebDriver (session=\"e6a6060e779e89a91f319c18e6d178d1\")>\n\n    @allure.story(\"添加重复需求来源编码不允许添加\")\n    # @pytest.mark.run(order=1)\n    def test_materialRequirementsDefinition_addrepeat(self, login_to_materialRequirementsDefinition):\n        driver = login_to_materialRequirementsDefinition  # WebDriver 实例\n        material = MaterialControlDefinition(driver)  # 用 driver 初始化 MaterialControlDefinition\n        value = \"1测试数据1\"\n>       material.add_data(value)\n\nTests\\test_material\\test_materialRequirementsDefinition.py:165: \n_ _ _ _ _ _ _ _ _ _ _ _ _ _ _ _ _ _ _ _ _ _ _ _ _ _ _ _ _ _ _ _ _ _ _ _ _ _ _ _ _ _ _ _ _ _ _ _ _ _ _ _ _ _ _ _ _ _ _ _ _ _ _ _ _ _ _ _ _ _ _ _ _ _ _ _ _ _ _ _ _ _ _ _ _ _ _ _ _ _ _ _ _ _ _ _ _ _ _ _ _ _ _ _ _ _ _ _ _ _ _ _ _ _ _ _\nPages\\materialPage\\materialControlDefinition_page.py:216: in add_data\n    self.double_click_th_dropdown_box(last_)\nPages\\materialPage\\materialControlDefinition_page.py:154: in double_click_th_dropdown_box\n    ActionChains(self.driver).double_click(self.get_find_element_xpath(d['select'])).perform()\nPages\\materialPage\\materialControlDefinition_page.py:29: in get_find_element_xpath\n    return self.find_element(By.XPATH, xpath)\nPages\\base_page.py:28: in find_element\n    return WebDriverWait(self.driver, wait_time).until(\n_ _ _ _ _ _ _ _ _ _ _ _ _ _ _ _ _ _ _ _ _ _ _ _ _ _ _ _ _ _ _ _ _ _ _ _ _ _ _ _ _ _ _ _ _ _ _ _ _ _ _ _ _ _ _ _ _ _ _ _ _ _ _ _ _ _ _ _ _ _ _ _ _ _ _ _ _ _ _ _ _ _ _ _ _ _ _ _ _ _ _ _ _ _ _ _ _ _ _ _ _ _ _ _ _ _ _ _ _ _ _ _ _ _ _ _\n\nself = <selenium.webdriver.support.wait.WebDriverWait (session=\"e6a6060e779e89a91f319c18e6d178d1\")>, method = <function presence_of_element_located.<locals>._predicate at 0x000001684D522680>, message = ''\n\n    def until(self, method: Callable[[D], Union[Literal[False], T]], message: str = \"\") -> T:\n        \"\"\"Wait until the method returns a value that is not False.\n    \n        Calls the method provided with the driver as an argument until the\n        return value does not evaluate to ``False``.\n    \n        Parameters:\n        -----------\n        method: callable(WebDriver)\n            - A callable object that takes a WebDriver instance as an argument.\n    \n        message: str\n            - Optional message for :exc:`TimeoutException`\n    \n        Return:\n        -------\n        object: T\n            - The result of the last call to `method`\n    \n        Raises:\n        -------\n        TimeoutException\n            - If 'method' does not return a truthy value within the WebDriverWait\n            object's timeout\n    \n        Example:\n        --------\n        >>> from selenium.webdriver.common.by import By\n        >>> from selenium.webdriver.support.ui import WebDriverWait\n        >>> from selenium.webdriver.support import expected_conditions as EC\n    \n        # Wait until an element is visible on the page\n        >>> wait = WebDriverWait(driver, 10)\n        >>> element = wait.until(EC.visibility_of_element_located((By.ID, \"exampleId\")))\n        >>> print(element.text)\n        \"\"\"\n        screen = None\n        stacktrace = None\n    \n        end_time = time.monotonic() + self._timeout\n        while True:\n            try:\n                value = method(self._driver)\n                if value:\n                    return value\n            except self._ignored_exceptions as exc:\n                screen = getattr(exc, \"screen\", None)\n                stacktrace = getattr(exc, \"stacktrace\", None)\n            if time.monotonic() > end_time:\n                break\n            time.sleep(self._poll)\n>       raise TimeoutException(message, screen, stacktrace)\nE       selenium.common.exceptions.TimeoutException: Message: \nE       Stacktrace:\nE       \tGetHandleVerifier [0x0x7ff6140e6f65+78965]\nE       \tGetHandleVerifier [0x0x7ff6140e6fc0+79056]\nE       \t(No symbol) [0x0x7ff613e79dda]\nE       \t(No symbol) [0x0x7ff613ed02ea]\nE       \t(No symbol) [0x0x7ff613ed059c]\nE       \t(No symbol) [0x0x7ff613f23f37]\nE       \t(No symbol) [0x0x7ff613ef86af]\nE       \t(No symbol) [0x0x7ff613f20dbe]\nE       \t(No symbol) [0x0x7ff613ef8443]\nE       \t(No symbol) [0x0x7ff613ec1311]\nE       \t(No symbol) [0x0x7ff613ec20a3]\nE       \tGetHandleVerifier [0x0x7ff61439e26d+2926461]\nE       \tGetHandleVerifier [0x0x7ff614398993+2903715]\nE       \tGetHandleVerifier [0x0x7ff6143b6aed+3026941]\nE       \tGetHandleVerifier [0x0x7ff6141016fe+187406]\nE       \tGetHandleVerifier [0x0x7ff6141096ef+220159]\nE       \tGetHandleVerifier [0x0x7ff6140efaf4+114692]\nE       \tGetHandleVerifier [0x0x7ff6140efca9+115129]\nE       \tGetHandleVerifier [0x0x7ff6140d64d8+10728]\nE       \tBaseThreadInitThunk [0x0x7ffd261d7374+20]\nE       \tRtlUserThreadStart [0x0x7ffd2797cc91+33]\n\nmyenv\\lib\\site-packages\\selenium\\webdriver\\support\\wait.py:138: TimeoutException","steps":[],"attachments":[{"uid":"c384dc91a479726b","name":"test_materialRequirementsDefinition_addrepeat_failure","source":"c384dc91a479726b.png","type":"image/png","size":97670},{"uid":"40ef7a048b453e65","name":"test_materialRequirementsDefinition_addrepeat_source","source":"40ef7a048b453e65.html","type":"text/html","size":1282760},{"uid":"844d9443196991e2","name":"log","source":"844d9443196991e2.txt","type":"text/plain","size":13085}],"parameters":[],"hasContent":true,"attachmentStep":false,"stepsCount":0,"attachmentsCount":3,"shouldDisplayMessage":true},"afterStages":[{"name":"login_to_materialRequirementsDefinition::0","time":{"start":1764095632900,"stop":1764095635055,"duration":2155},"status":"passed","steps":[],"attachments":[],"parameters":[],"hasContent":false,"attachmentStep":false,"stepsCount":0,"attachmentsCount":0,"shouldDisplayMessage":false}],"labels":[{"name":"story","value":"添加重复需求来源编码不允许添加"},{"name":"feature","value":"物控需求定义页用例"},{"name":"parentSuite","value":"Tests.test_material"},{"name":"suite","value":"test_materialRequirementsDefinition"},{"name":"subSuite","value":"TestSMaterialRequirementsDefinitionPage"},{"name":"host","value":"WIN-20240820MJV"},{"name":"thread","value":"35780-MainThread"},{"name":"framework","value":"pytest"},{"name":"language","value":"cpython3"},{"name":"package","value":"Tests.test_material.test_materialRequirementsDefinition"},{"name":"resultFormat","value":"allure2"}],"parameters":[],"links":[],"hidden":false,"retry":false,"extra":{"severity":"normal","retries":[{"uid":"7b2c66cadc26ae3e","status":"broken","statusDetails":"selenium.common.exceptions.TimeoutException: Message: \nStacktrace:\n\tGetHandleVerifier [0x0x7ff6140e6f65+78965]\n\tGetHandleVerifier [0x0x7ff6140e6fc0+79056]\n\t(No symbol) [0x0x7ff613e79dda]\n\t(No symbol) [0x0x7ff613ed02ea]\n\t(No symbol) [0x0x7ff613ed059c]\n\t(No symbol) [0x0x7ff613f23f37]\n\t(No symbol) [0x0x7ff613ef86af]\n\t(No symbol) [0x0x7ff613f20dbe]\n\t(No symbol) [0x0x7ff613ef8443]\n\t(No symbol) [0x0x7ff613ec1311]\n\t(No symbol) [0x0x7ff613ec20a3]\n\tGetHandleVerifier [0x0x7ff61439e26d+2926461]\n\tGetHandleVerifier [0x0x7ff614398993+2903715]\n\tGetHandleVerifier [0x0x7ff6143b6aed+3026941]\n\tGetHandleVerifier [0x0x7ff6141016fe+187406]\n\tGetHandleVerifier [0x0x7ff6141096ef+220159]\n\tGetHandleVerifier [0x0x7ff6140efaf4+114692]\n\tGetHandleVerifier [0x0x7ff6140efca9+115129]\n\tGetHandleVerifier [0x0x7ff6140d64d8+10728]\n\tBaseThreadInitThunk [0x0x7ffd261d7374+20]\n\tRtlUserThreadStart [0x0x7ffd2797cc91+33]","time":{"start":1764095550048,"stop":1764095584747,"duration":34699}}],"categories":[{"name":"Test defects","matchedStatuses":[]}],"tags":[]},"source":"aa12741678ecedba.json","parameterValues":[]}