{"uid":"ab4479fe6066dc74","name":"test_item_delsuccess1","fullName":"Tests.test_material.test_procurementPO.TestItemPage#test_item_delsuccess1","historyId":"34a13dc1a86463975ee4457ab1d9da6b","time":{"start":1761766400439,"stop":1761766401099,"duration":660},"status":"broken","statusMessage":"Exception: 点击失败：Message: stale element reference: stale element not found in the current frame\n  (Session info: chrome=137.0.7151.69); For documentation on this error, please visit: https://www.selenium.dev/documentation/webdriver/troubleshooting/errors#stale-element-reference-exception\nStacktrace:\n\tGetHandleVerifier [0x0x7ff7c25b6f65+78965]\n\tGetHandleVerifier [0x0x7ff7c25b6fc0+79056]\n\t(No symbol) [0x0x7ff7c2349dda]\n\t(No symbol) [0x0x7ff7c23517c1]\n\t(No symbol) [0x0x7ff7c235482c]\n\t(No symbol) [0x0x7ff7c23548ff]\n\t(No symbol) [0x0x7ff7c23a5359]\n\t(No symbol) [0x0x7ff7c23a2cd1]\n\t(No symbol) [0x0x7ff7c23a1c44]\n\t(No symbol) [0x0x7ff7c2393635]\n\t(No symbol) [0x0x7ff7c23c866a]\n\t(No symbol) [0x0x7ff7c2392b56]\n\t(No symbol) [0x0x7ff7c23c8880]\n\t(No symbol) [0x0x7ff7c23f0dbe]\n\t(No symbol) [0x0x7ff7c23c8443]\n\t(No symbol) [0x0x7ff7c2391311]\n\t(No symbol) [0x0x7ff7c23920a3]\n\tGetHandleVerifier [0x0x7ff7c286e26d+2926461]\n\tGetHandleVerifier [0x0x7ff7c2868993+2903715]\n\tGetHandleVerifier [0x0x7ff7c2886aed+3026941]\n\tGetHandleVerifier [0x0x7ff7c25d16fe+187406]\n\tGetHandleVerifier [0x0x7ff7c25d96ef+220159]\n\tGetHandleVerifier [0x0x7ff7c25bfaf4+114692]\n\tGetHandleVerifier [0x0x7ff7c25bfca9+115129]\n\tGetHandleVerifier [0x0x7ff7c25a64d8+10728]\n\tBaseThreadInitThunk [0x0x7ff832417374+20]\n\tRtlUserThreadStart [0x0x7ff833d3cc91+33]","statusTrace":"self = <Pages.materialPage.warehouseLocation_page.WarehouseLocationPage object at 0x0000018AD2290730>, by_or_element = 'xpath', value = '//tr[./td[2][.//span[text()=\"111\"]]]/td[2]', wait_time = 10\n\n    def click(self, by_or_element, value=None, wait_time=10):\n        if value is not None:\n            by = by_or_element\n            logging.info(f\"点击元素：By = {by}, Value = {value}\")\n            try:\n                element = WebDriverWait(self.driver, wait_time).until(\n                    EC.element_to_be_clickable((by, value))\n                )\n            except TimeoutException:\n                logging.warning(f\"❌ 点击超时：元素 {by} = {value} 未在 {wait_time} 秒内变为可点击\")\n                raise TimeoutException(f\"点击失败，找不到元素：{by} = {value}\")\n        else:\n            logging.info(\"点击元素：WebElement 对象\")\n            element = by_or_element\n    \n        try:\n>           element.click()\n\nPages\\base_page.py:56: \n_ _ _ _ _ _ _ _ _ _ _ _ _ _ _ _ _ _ _ _ _ _ _ _ _ _ _ _ _ _ _ _ _ _ _ _ _ _ _ _ _ _ _ _ _ _ _ _ _ _ _ _ _ _ _ _ _ _ _ _ _ _ _ _ _ _ _ _ _ _ _ _ _ _ _ _ _ _ _ _ _ _ _ _ _ _ _ _ _ _ _ _ _ _ _ _ _ _ _ _ _ _ _ _ _ _ _ _ _ _ _ _ _ _ _ _\nmyenv\\lib\\site-packages\\selenium\\webdriver\\remote\\webelement.py:121: in click\n    self._execute(Command.CLICK_ELEMENT)\nmyenv\\lib\\site-packages\\selenium\\webdriver\\remote\\webelement.py:574: in _execute\n    return self._parent.execute(command, params)\nmyenv\\lib\\site-packages\\selenium\\webdriver\\remote\\webdriver.py:447: in execute\n    self.error_handler.check_response(response)\n_ _ _ _ _ _ _ _ _ _ _ _ _ _ _ _ _ _ _ _ _ _ _ _ _ _ _ _ _ _ _ _ _ _ _ _ _ _ _ _ _ _ _ _ _ _ _ _ _ _ _ _ _ _ _ _ _ _ _ _ _ _ _ _ _ _ _ _ _ _ _ _ _ _ _ _ _ _ _ _ _ _ _ _ _ _ _ _ _ _ _ _ _ _ _ _ _ _ _ _ _ _ _ _ _ _ _ _ _ _ _ _ _ _ _ _\n\nself = <selenium.webdriver.remote.errorhandler.ErrorHandler object at 0x0000018AD2701720>\nresponse = {'status': 404, 'value': '{\"value\":{\"error\":\"stale element reference\",\"message\":\"stale element reference: stale elemen...ff7c25a64d8+10728]\\\\n\\\\tBaseThreadInitThunk [0x0x7ff832417374+20]\\\\n\\\\tRtlUserThreadStart [0x0x7ff833d3cc91+33]\\\\n\"}}'}\n\n    def check_response(self, response: Dict[str, Any]) -> None:\n        \"\"\"Checks that a JSON response from the WebDriver does not have an\n        error.\n    \n        :Args:\n         - response - The JSON response from the WebDriver server as a dictionary\n           object.\n    \n        :Raises: If the response contains an error message.\n        \"\"\"\n        status = response.get(\"status\", None)\n        if not status or status == ErrorCode.SUCCESS:\n            return\n        value = None\n        message = response.get(\"message\", \"\")\n        screen: str = response.get(\"screen\", \"\")\n        stacktrace = None\n        if isinstance(status, int):\n            value_json = response.get(\"value\", None)\n            if value_json and isinstance(value_json, str):\n                import json\n    \n                try:\n                    value = json.loads(value_json)\n                    if len(value) == 1:\n                        value = value[\"value\"]\n                    status = value.get(\"error\", None)\n                    if not status:\n                        status = value.get(\"status\", ErrorCode.UNKNOWN_ERROR)\n                        message = value.get(\"value\") or value.get(\"message\")\n                        if not isinstance(message, str):\n                            value = message\n                            message = message.get(\"message\")\n                    else:\n                        message = value.get(\"message\", None)\n                except ValueError:\n                    pass\n    \n        exception_class: Type[WebDriverException]\n        e = ErrorCode()\n        error_codes = [item for item in dir(e) if not item.startswith(\"__\")]\n        for error_code in error_codes:\n            error_info = getattr(ErrorCode, error_code)\n            if isinstance(error_info, list) and status in error_info:\n                exception_class = getattr(ExceptionMapping, error_code, WebDriverException)\n                break\n        else:\n            exception_class = WebDriverException\n    \n        if not value:\n            value = response[\"value\"]\n        if isinstance(value, str):\n            raise exception_class(value)\n        if message == \"\" and \"message\" in value:\n            message = value[\"message\"]\n    \n        screen = None  # type: ignore[assignment]\n        if \"screen\" in value:\n            screen = value[\"screen\"]\n    \n        stacktrace = None\n        st_value = value.get(\"stackTrace\") or value.get(\"stacktrace\")\n        if st_value:\n            if isinstance(st_value, str):\n                stacktrace = st_value.split(\"\\n\")\n            else:\n                stacktrace = []\n                try:\n                    for frame in st_value:\n                        line = frame.get(\"lineNumber\", \"\")\n                        file = frame.get(\"fileName\", \"<anonymous>\")\n                        if line:\n                            file = f\"{file}:{line}\"\n                        meth = frame.get(\"methodName\", \"<anonymous>\")\n                        if \"className\" in frame:\n                            meth = f\"{frame['className']}.{meth}\"\n                        msg = \"    at %s (%s)\"\n                        msg = msg % (meth, file)\n                        stacktrace.append(msg)\n                except TypeError:\n                    pass\n        if exception_class == UnexpectedAlertPresentException:\n            alert_text = None\n            if \"data\" in value:\n                alert_text = value[\"data\"].get(\"text\")\n            elif \"alert\" in value:\n                alert_text = value[\"alert\"].get(\"text\")\n            raise exception_class(message, screen, stacktrace, alert_text)  # type: ignore[call-arg]  # mypy is not smart enough here\n>       raise exception_class(message, screen, stacktrace)\nE       selenium.common.exceptions.StaleElementReferenceException: Message: stale element reference: stale element not found in the current frame\nE         (Session info: chrome=137.0.7151.69); For documentation on this error, please visit: https://www.selenium.dev/documentation/webdriver/troubleshooting/errors#stale-element-reference-exception\nE       Stacktrace:\nE       \tGetHandleVerifier [0x0x7ff7c25b6f65+78965]\nE       \tGetHandleVerifier [0x0x7ff7c25b6fc0+79056]\nE       \t(No symbol) [0x0x7ff7c2349dda]\nE       \t(No symbol) [0x0x7ff7c23517c1]\nE       \t(No symbol) [0x0x7ff7c235482c]\nE       \t(No symbol) [0x0x7ff7c23548ff]\nE       \t(No symbol) [0x0x7ff7c23a5359]\nE       \t(No symbol) [0x0x7ff7c23a2cd1]\nE       \t(No symbol) [0x0x7ff7c23a1c44]\nE       \t(No symbol) [0x0x7ff7c2393635]\nE       \t(No symbol) [0x0x7ff7c23c866a]\nE       \t(No symbol) [0x0x7ff7c2392b56]\nE       \t(No symbol) [0x0x7ff7c23c8880]\nE       \t(No symbol) [0x0x7ff7c23f0dbe]\nE       \t(No symbol) [0x0x7ff7c23c8443]\nE       \t(No symbol) [0x0x7ff7c2391311]\nE       \t(No symbol) [0x0x7ff7c23920a3]\nE       \tGetHandleVerifier [0x0x7ff7c286e26d+2926461]\nE       \tGetHandleVerifier [0x0x7ff7c2868993+2903715]\nE       \tGetHandleVerifier [0x0x7ff7c2886aed+3026941]\nE       \tGetHandleVerifier [0x0x7ff7c25d16fe+187406]\nE       \tGetHandleVerifier [0x0x7ff7c25d96ef+220159]\nE       \tGetHandleVerifier [0x0x7ff7c25bfaf4+114692]\nE       \tGetHandleVerifier [0x0x7ff7c25bfca9+115129]\nE       \tGetHandleVerifier [0x0x7ff7c25a64d8+10728]\nE       \tBaseThreadInitThunk [0x0x7ff832417374+20]\nE       \tRtlUserThreadStart [0x0x7ff833d3cc91+33]\n\nmyenv\\lib\\site-packages\\selenium\\webdriver\\remote\\errorhandler.py:232: StaleElementReferenceException\n\nDuring handling of the above exception, another exception occurred:\n\nself = <test_material.test_procurementPO.TestItemPage object at 0x0000018AD1D1AB00>, login_to_item = <selenium.webdriver.chrome.webdriver.WebDriver (session=\"fd5a746d9615353d2e837651ce86eeb4\")>\n\n    @allure.story(\"删除数据成功\")\n    # @pytest.mark.run(order=1)\n    def test_item_delsuccess1(self, login_to_item):\n        # 定位内容为‘111’的行\n>       self.item.click_button('//tr[./td[2][.//span[text()=\"111\"]]]/td[2]')\n\nTests\\test_material\\test_procurementPO.py:377: \n_ _ _ _ _ _ _ _ _ _ _ _ _ _ _ _ _ _ _ _ _ _ _ _ _ _ _ _ _ _ _ _ _ _ _ _ _ _ _ _ _ _ _ _ _ _ _ _ _ _ _ _ _ _ _ _ _ _ _ _ _ _ _ _ _ _ _ _ _ _ _ _ _ _ _ _ _ _ _ _ _ _ _ _ _ _ _ _ _ _ _ _ _ _ _ _ _ _ _ _ _ _ _ _ _ _ _ _ _ _ _ _ _ _ _ _\nPages\\materialPage\\warehouseLocation_page.py:65: in click_button\n    self.click(By.XPATH, xpath)\n_ _ _ _ _ _ _ _ _ _ _ _ _ _ _ _ _ _ _ _ _ _ _ _ _ _ _ _ _ _ _ _ _ _ _ _ _ _ _ _ _ _ _ _ _ _ _ _ _ _ _ _ _ _ _ _ _ _ _ _ _ _ _ _ _ _ _ _ _ _ _ _ _ _ _ _ _ _ _ _ _ _ _ _ _ _ _ _ _ _ _ _ _ _ _ _ _ _ _ _ _ _ _ _ _ _ _ _ _ _ _ _ _ _ _ _\n\nself = <Pages.materialPage.warehouseLocation_page.WarehouseLocationPage object at 0x0000018AD2290730>, by_or_element = 'xpath', value = '//tr[./td[2][.//span[text()=\"111\"]]]/td[2]', wait_time = 10\n\n    def click(self, by_or_element, value=None, wait_time=10):\n        if value is not None:\n            by = by_or_element\n            logging.info(f\"点击元素：By = {by}, Value = {value}\")\n            try:\n                element = WebDriverWait(self.driver, wait_time).until(\n                    EC.element_to_be_clickable((by, value))\n                )\n            except TimeoutException:\n                logging.warning(f\"❌ 点击超时：元素 {by} = {value} 未在 {wait_time} 秒内变为可点击\")\n                raise TimeoutException(f\"点击失败，找不到元素：{by} = {value}\")\n        else:\n            logging.info(\"点击元素：WebElement 对象\")\n            element = by_or_element\n    \n        try:\n            element.click()\n        except ElementClickInterceptedException:\n            logging.warning(\"⚠️ 原生点击被拦截，尝试使用 JS 点击\")\n            self.driver.execute_script(\"arguments[0].click();\", element)\n        except Exception as e:\n            logging.warning(f\"点击失败：{e}\")\n>           raise Exception(f\"点击失败：{e}\")\nE           Exception: 点击失败：Message: stale element reference: stale element not found in the current frame\nE             (Session info: chrome=137.0.7151.69); For documentation on this error, please visit: https://www.selenium.dev/documentation/webdriver/troubleshooting/errors#stale-element-reference-exception\nE           Stacktrace:\nE           \tGetHandleVerifier [0x0x7ff7c25b6f65+78965]\nE           \tGetHandleVerifier [0x0x7ff7c25b6fc0+79056]\nE           \t(No symbol) [0x0x7ff7c2349dda]\nE           \t(No symbol) [0x0x7ff7c23517c1]\nE           \t(No symbol) [0x0x7ff7c235482c]\nE           \t(No symbol) [0x0x7ff7c23548ff]\nE           \t(No symbol) [0x0x7ff7c23a5359]\nE           \t(No symbol) [0x0x7ff7c23a2cd1]\nE           \t(No symbol) [0x0x7ff7c23a1c44]\nE           \t(No symbol) [0x0x7ff7c2393635]\nE           \t(No symbol) [0x0x7ff7c23c866a]\nE           \t(No symbol) [0x0x7ff7c2392b56]\nE           \t(No symbol) [0x0x7ff7c23c8880]\nE           \t(No symbol) [0x0x7ff7c23f0dbe]\nE           \t(No symbol) [0x0x7ff7c23c8443]\nE           \t(No symbol) [0x0x7ff7c2391311]\nE           \t(No symbol) [0x0x7ff7c23920a3]\nE           \tGetHandleVerifier [0x0x7ff7c286e26d+2926461]\nE           \tGetHandleVerifier [0x0x7ff7c2868993+2903715]\nE           \tGetHandleVerifier [0x0x7ff7c2886aed+3026941]\nE           \tGetHandleVerifier [0x0x7ff7c25d16fe+187406]\nE           \tGetHandleVerifier [0x0x7ff7c25d96ef+220159]\nE           \tGetHandleVerifier [0x0x7ff7c25bfaf4+114692]\nE           \tGetHandleVerifier [0x0x7ff7c25bfca9+115129]\nE           \tGetHandleVerifier [0x0x7ff7c25a64d8+10728]\nE           \tBaseThreadInitThunk [0x0x7ff832417374+20]\nE           \tRtlUserThreadStart [0x0x7ff833d3cc91+33]\n\nPages\\base_page.py:62: Exception","flaky":false,"newFailed":false,"newBroken":false,"newPassed":false,"retriesCount":1,"retriesStatusChange":true,"beforeStages":[{"name":"login_to_item","time":{"start":1761766182525,"stop":1761766202716,"duration":20191},"status":"passed","steps":[],"attachments":[],"parameters":[],"stepsCount":0,"attachmentStep":false,"hasContent":false,"shouldDisplayMessage":false,"attachmentsCount":0},{"name":"setup","time":{"start":1761766400416,"stop":1761766400438,"duration":22},"status":"passed","steps":[],"attachments":[],"parameters":[],"stepsCount":0,"attachmentStep":false,"hasContent":false,"shouldDisplayMessage":false,"attachmentsCount":0}],"testStage":{"status":"broken","statusMessage":"Exception: 点击失败：Message: stale element reference: stale element not found in the current frame\n  (Session info: chrome=137.0.7151.69); For documentation on this error, please visit: https://www.selenium.dev/documentation/webdriver/troubleshooting/errors#stale-element-reference-exception\nStacktrace:\n\tGetHandleVerifier [0x0x7ff7c25b6f65+78965]\n\tGetHandleVerifier [0x0x7ff7c25b6fc0+79056]\n\t(No symbol) [0x0x7ff7c2349dda]\n\t(No symbol) [0x0x7ff7c23517c1]\n\t(No symbol) [0x0x7ff7c235482c]\n\t(No symbol) [0x0x7ff7c23548ff]\n\t(No symbol) [0x0x7ff7c23a5359]\n\t(No symbol) [0x0x7ff7c23a2cd1]\n\t(No symbol) [0x0x7ff7c23a1c44]\n\t(No symbol) [0x0x7ff7c2393635]\n\t(No symbol) [0x0x7ff7c23c866a]\n\t(No symbol) [0x0x7ff7c2392b56]\n\t(No symbol) [0x0x7ff7c23c8880]\n\t(No symbol) [0x0x7ff7c23f0dbe]\n\t(No symbol) [0x0x7ff7c23c8443]\n\t(No symbol) [0x0x7ff7c2391311]\n\t(No symbol) [0x0x7ff7c23920a3]\n\tGetHandleVerifier [0x0x7ff7c286e26d+2926461]\n\tGetHandleVerifier [0x0x7ff7c2868993+2903715]\n\tGetHandleVerifier [0x0x7ff7c2886aed+3026941]\n\tGetHandleVerifier [0x0x7ff7c25d16fe+187406]\n\tGetHandleVerifier [0x0x7ff7c25d96ef+220159]\n\tGetHandleVerifier [0x0x7ff7c25bfaf4+114692]\n\tGetHandleVerifier [0x0x7ff7c25bfca9+115129]\n\tGetHandleVerifier [0x0x7ff7c25a64d8+10728]\n\tBaseThreadInitThunk [0x0x7ff832417374+20]\n\tRtlUserThreadStart [0x0x7ff833d3cc91+33]","statusTrace":"self = <Pages.materialPage.warehouseLocation_page.WarehouseLocationPage object at 0x0000018AD2290730>, by_or_element = 'xpath', value = '//tr[./td[2][.//span[text()=\"111\"]]]/td[2]', wait_time = 10\n\n    def click(self, by_or_element, value=None, wait_time=10):\n        if value is not None:\n            by = by_or_element\n            logging.info(f\"点击元素：By = {by}, Value = {value}\")\n            try:\n                element = WebDriverWait(self.driver, wait_time).until(\n                    EC.element_to_be_clickable((by, value))\n                )\n            except TimeoutException:\n                logging.warning(f\"❌ 点击超时：元素 {by} = {value} 未在 {wait_time} 秒内变为可点击\")\n                raise TimeoutException(f\"点击失败，找不到元素：{by} = {value}\")\n        else:\n            logging.info(\"点击元素：WebElement 对象\")\n            element = by_or_element\n    \n        try:\n>           element.click()\n\nPages\\base_page.py:56: \n_ _ _ _ _ _ _ _ _ _ _ _ _ _ _ _ _ _ _ _ _ _ _ _ _ _ _ _ _ _ _ _ _ _ _ _ _ _ _ _ _ _ _ _ _ _ _ _ _ _ _ _ _ _ _ _ _ _ _ _ _ _ _ _ _ _ _ _ _ _ _ _ _ _ _ _ _ _ _ _ _ _ _ _ _ _ _ _ _ _ _ _ _ _ _ _ _ _ _ _ _ _ _ _ _ _ _ _ _ _ _ _ _ _ _ _\nmyenv\\lib\\site-packages\\selenium\\webdriver\\remote\\webelement.py:121: in click\n    self._execute(Command.CLICK_ELEMENT)\nmyenv\\lib\\site-packages\\selenium\\webdriver\\remote\\webelement.py:574: in _execute\n    return self._parent.execute(command, params)\nmyenv\\lib\\site-packages\\selenium\\webdriver\\remote\\webdriver.py:447: in execute\n    self.error_handler.check_response(response)\n_ _ _ _ _ _ _ _ _ _ _ _ _ _ _ _ _ _ _ _ _ _ _ _ _ _ _ _ _ _ _ _ _ _ _ _ _ _ _ _ _ _ _ _ _ _ _ _ _ _ _ _ _ _ _ _ _ _ _ _ _ _ _ _ _ _ _ _ _ _ _ _ _ _ _ _ _ _ _ _ _ _ _ _ _ _ _ _ _ _ _ _ _ _ _ _ _ _ _ _ _ _ _ _ _ _ _ _ _ _ _ _ _ _ _ _\n\nself = <selenium.webdriver.remote.errorhandler.ErrorHandler object at 0x0000018AD2701720>\nresponse = {'status': 404, 'value': '{\"value\":{\"error\":\"stale element reference\",\"message\":\"stale element reference: stale elemen...ff7c25a64d8+10728]\\\\n\\\\tBaseThreadInitThunk [0x0x7ff832417374+20]\\\\n\\\\tRtlUserThreadStart [0x0x7ff833d3cc91+33]\\\\n\"}}'}\n\n    def check_response(self, response: Dict[str, Any]) -> None:\n        \"\"\"Checks that a JSON response from the WebDriver does not have an\n        error.\n    \n        :Args:\n         - response - The JSON response from the WebDriver server as a dictionary\n           object.\n    \n        :Raises: If the response contains an error message.\n        \"\"\"\n        status = response.get(\"status\", None)\n        if not status or status == ErrorCode.SUCCESS:\n            return\n        value = None\n        message = response.get(\"message\", \"\")\n        screen: str = response.get(\"screen\", \"\")\n        stacktrace = None\n        if isinstance(status, int):\n            value_json = response.get(\"value\", None)\n            if value_json and isinstance(value_json, str):\n                import json\n    \n                try:\n                    value = json.loads(value_json)\n                    if len(value) == 1:\n                        value = value[\"value\"]\n                    status = value.get(\"error\", None)\n                    if not status:\n                        status = value.get(\"status\", ErrorCode.UNKNOWN_ERROR)\n                        message = value.get(\"value\") or value.get(\"message\")\n                        if not isinstance(message, str):\n                            value = message\n                            message = message.get(\"message\")\n                    else:\n                        message = value.get(\"message\", None)\n                except ValueError:\n                    pass\n    \n        exception_class: Type[WebDriverException]\n        e = ErrorCode()\n        error_codes = [item for item in dir(e) if not item.startswith(\"__\")]\n        for error_code in error_codes:\n            error_info = getattr(ErrorCode, error_code)\n            if isinstance(error_info, list) and status in error_info:\n                exception_class = getattr(ExceptionMapping, error_code, WebDriverException)\n                break\n        else:\n            exception_class = WebDriverException\n    \n        if not value:\n            value = response[\"value\"]\n        if isinstance(value, str):\n            raise exception_class(value)\n        if message == \"\" and \"message\" in value:\n            message = value[\"message\"]\n    \n        screen = None  # type: ignore[assignment]\n        if \"screen\" in value:\n            screen = value[\"screen\"]\n    \n        stacktrace = None\n        st_value = value.get(\"stackTrace\") or value.get(\"stacktrace\")\n        if st_value:\n            if isinstance(st_value, str):\n                stacktrace = st_value.split(\"\\n\")\n            else:\n                stacktrace = []\n                try:\n                    for frame in st_value:\n                        line = frame.get(\"lineNumber\", \"\")\n                        file = frame.get(\"fileName\", \"<anonymous>\")\n                        if line:\n                            file = f\"{file}:{line}\"\n                        meth = frame.get(\"methodName\", \"<anonymous>\")\n                        if \"className\" in frame:\n                            meth = f\"{frame['className']}.{meth}\"\n                        msg = \"    at %s (%s)\"\n                        msg = msg % (meth, file)\n                        stacktrace.append(msg)\n                except TypeError:\n                    pass\n        if exception_class == UnexpectedAlertPresentException:\n            alert_text = None\n            if \"data\" in value:\n                alert_text = value[\"data\"].get(\"text\")\n            elif \"alert\" in value:\n                alert_text = value[\"alert\"].get(\"text\")\n            raise exception_class(message, screen, stacktrace, alert_text)  # type: ignore[call-arg]  # mypy is not smart enough here\n>       raise exception_class(message, screen, stacktrace)\nE       selenium.common.exceptions.StaleElementReferenceException: Message: stale element reference: stale element not found in the current frame\nE         (Session info: chrome=137.0.7151.69); For documentation on this error, please visit: https://www.selenium.dev/documentation/webdriver/troubleshooting/errors#stale-element-reference-exception\nE       Stacktrace:\nE       \tGetHandleVerifier [0x0x7ff7c25b6f65+78965]\nE       \tGetHandleVerifier [0x0x7ff7c25b6fc0+79056]\nE       \t(No symbol) [0x0x7ff7c2349dda]\nE       \t(No symbol) [0x0x7ff7c23517c1]\nE       \t(No symbol) [0x0x7ff7c235482c]\nE       \t(No symbol) [0x0x7ff7c23548ff]\nE       \t(No symbol) [0x0x7ff7c23a5359]\nE       \t(No symbol) [0x0x7ff7c23a2cd1]\nE       \t(No symbol) [0x0x7ff7c23a1c44]\nE       \t(No symbol) [0x0x7ff7c2393635]\nE       \t(No symbol) [0x0x7ff7c23c866a]\nE       \t(No symbol) [0x0x7ff7c2392b56]\nE       \t(No symbol) [0x0x7ff7c23c8880]\nE       \t(No symbol) [0x0x7ff7c23f0dbe]\nE       \t(No symbol) [0x0x7ff7c23c8443]\nE       \t(No symbol) [0x0x7ff7c2391311]\nE       \t(No symbol) [0x0x7ff7c23920a3]\nE       \tGetHandleVerifier [0x0x7ff7c286e26d+2926461]\nE       \tGetHandleVerifier [0x0x7ff7c2868993+2903715]\nE       \tGetHandleVerifier [0x0x7ff7c2886aed+3026941]\nE       \tGetHandleVerifier [0x0x7ff7c25d16fe+187406]\nE       \tGetHandleVerifier [0x0x7ff7c25d96ef+220159]\nE       \tGetHandleVerifier [0x0x7ff7c25bfaf4+114692]\nE       \tGetHandleVerifier [0x0x7ff7c25bfca9+115129]\nE       \tGetHandleVerifier [0x0x7ff7c25a64d8+10728]\nE       \tBaseThreadInitThunk [0x0x7ff832417374+20]\nE       \tRtlUserThreadStart [0x0x7ff833d3cc91+33]\n\nmyenv\\lib\\site-packages\\selenium\\webdriver\\remote\\errorhandler.py:232: StaleElementReferenceException\n\nDuring handling of the above exception, another exception occurred:\n\nself = <test_material.test_procurementPO.TestItemPage object at 0x0000018AD1D1AB00>, login_to_item = <selenium.webdriver.chrome.webdriver.WebDriver (session=\"fd5a746d9615353d2e837651ce86eeb4\")>\n\n    @allure.story(\"删除数据成功\")\n    # @pytest.mark.run(order=1)\n    def test_item_delsuccess1(self, login_to_item):\n        # 定位内容为‘111’的行\n>       self.item.click_button('//tr[./td[2][.//span[text()=\"111\"]]]/td[2]')\n\nTests\\test_material\\test_procurementPO.py:377: \n_ _ _ _ _ _ _ _ _ _ _ _ _ _ _ _ _ _ _ _ _ _ _ _ _ _ _ _ _ _ _ _ _ _ _ _ _ _ _ _ _ _ _ _ _ _ _ _ _ _ _ _ _ _ _ _ _ _ _ _ _ _ _ _ _ _ _ _ _ _ _ _ _ _ _ _ _ _ _ _ _ _ _ _ _ _ _ _ _ _ _ _ _ _ _ _ _ _ _ _ _ _ _ _ _ _ _ _ _ _ _ _ _ _ _ _\nPages\\materialPage\\warehouseLocation_page.py:65: in click_button\n    self.click(By.XPATH, xpath)\n_ _ _ _ _ _ _ _ _ _ _ _ _ _ _ _ _ _ _ _ _ _ _ _ _ _ _ _ _ _ _ _ _ _ _ _ _ _ _ _ _ _ _ _ _ _ _ _ _ _ _ _ _ _ _ _ _ _ _ _ _ _ _ _ _ _ _ _ _ _ _ _ _ _ _ _ _ _ _ _ _ _ _ _ _ _ _ _ _ _ _ _ _ _ _ _ _ _ _ _ _ _ _ _ _ _ _ _ _ _ _ _ _ _ _ _\n\nself = <Pages.materialPage.warehouseLocation_page.WarehouseLocationPage object at 0x0000018AD2290730>, by_or_element = 'xpath', value = '//tr[./td[2][.//span[text()=\"111\"]]]/td[2]', wait_time = 10\n\n    def click(self, by_or_element, value=None, wait_time=10):\n        if value is not None:\n            by = by_or_element\n            logging.info(f\"点击元素：By = {by}, Value = {value}\")\n            try:\n                element = WebDriverWait(self.driver, wait_time).until(\n                    EC.element_to_be_clickable((by, value))\n                )\n            except TimeoutException:\n                logging.warning(f\"❌ 点击超时：元素 {by} = {value} 未在 {wait_time} 秒内变为可点击\")\n                raise TimeoutException(f\"点击失败，找不到元素：{by} = {value}\")\n        else:\n            logging.info(\"点击元素：WebElement 对象\")\n            element = by_or_element\n    \n        try:\n            element.click()\n        except ElementClickInterceptedException:\n            logging.warning(\"⚠️ 原生点击被拦截，尝试使用 JS 点击\")\n            self.driver.execute_script(\"arguments[0].click();\", element)\n        except Exception as e:\n            logging.warning(f\"点击失败：{e}\")\n>           raise Exception(f\"点击失败：{e}\")\nE           Exception: 点击失败：Message: stale element reference: stale element not found in the current frame\nE             (Session info: chrome=137.0.7151.69); For documentation on this error, please visit: https://www.selenium.dev/documentation/webdriver/troubleshooting/errors#stale-element-reference-exception\nE           Stacktrace:\nE           \tGetHandleVerifier [0x0x7ff7c25b6f65+78965]\nE           \tGetHandleVerifier [0x0x7ff7c25b6fc0+79056]\nE           \t(No symbol) [0x0x7ff7c2349dda]\nE           \t(No symbol) [0x0x7ff7c23517c1]\nE           \t(No symbol) [0x0x7ff7c235482c]\nE           \t(No symbol) [0x0x7ff7c23548ff]\nE           \t(No symbol) [0x0x7ff7c23a5359]\nE           \t(No symbol) [0x0x7ff7c23a2cd1]\nE           \t(No symbol) [0x0x7ff7c23a1c44]\nE           \t(No symbol) [0x0x7ff7c2393635]\nE           \t(No symbol) [0x0x7ff7c23c866a]\nE           \t(No symbol) [0x0x7ff7c2392b56]\nE           \t(No symbol) [0x0x7ff7c23c8880]\nE           \t(No symbol) [0x0x7ff7c23f0dbe]\nE           \t(No symbol) [0x0x7ff7c23c8443]\nE           \t(No symbol) [0x0x7ff7c2391311]\nE           \t(No symbol) [0x0x7ff7c23920a3]\nE           \tGetHandleVerifier [0x0x7ff7c286e26d+2926461]\nE           \tGetHandleVerifier [0x0x7ff7c2868993+2903715]\nE           \tGetHandleVerifier [0x0x7ff7c2886aed+3026941]\nE           \tGetHandleVerifier [0x0x7ff7c25d16fe+187406]\nE           \tGetHandleVerifier [0x0x7ff7c25d96ef+220159]\nE           \tGetHandleVerifier [0x0x7ff7c25bfaf4+114692]\nE           \tGetHandleVerifier [0x0x7ff7c25bfca9+115129]\nE           \tGetHandleVerifier [0x0x7ff7c25a64d8+10728]\nE           \tBaseThreadInitThunk [0x0x7ff832417374+20]\nE           \tRtlUserThreadStart [0x0x7ff833d3cc91+33]\n\nPages\\base_page.py:62: Exception","steps":[],"attachments":[{"uid":"b4d3b72c91f96808","name":"log","source":"b4d3b72c91f96808.txt","type":"text/plain","size":1868}],"parameters":[],"stepsCount":0,"attachmentStep":false,"hasContent":true,"shouldDisplayMessage":true,"attachmentsCount":1},"afterStages":[{"name":"login_to_item::0","time":{"start":1761766621377,"stop":1761766624154,"duration":2777},"status":"passed","steps":[],"attachments":[],"parameters":[],"stepsCount":0,"attachmentStep":false,"hasContent":false,"shouldDisplayMessage":false,"attachmentsCount":0}],"labels":[{"name":"feature","value":"采购PO答复测试用例"},{"name":"story","value":"删除数据成功"},{"name":"parentSuite","value":"Tests.test_material"},{"name":"suite","value":"test_procurementPO"},{"name":"subSuite","value":"TestItemPage"},{"name":"host","value":"WIN-20240820MJV"},{"name":"thread","value":"2848-MainThread"},{"name":"framework","value":"pytest"},{"name":"language","value":"cpython3"},{"name":"package","value":"Tests.test_material.test_procurementPO"},{"name":"resultFormat","value":"allure2"}],"parameters":[],"links":[],"hidden":false,"retry":false,"extra":{"severity":"normal","retries":[{"uid":"718b88ab3b5e3992","status":"failed","statusDetails":"AssertionError: assert 2 == 0\n +  where 2 = len([<selenium.webdriver.remote.webelement.WebElement (session=\"fd5a746d9615353d2e837651ce86eeb4\", element=\"f.192969D93AA2C75F100A2617B841FEE7.d.19D58E1635A51B065A26BBC42707A77A.e.781\")>, <selenium.webdriver.remote.webelement.WebElement (session=\"fd5a746d9615353d2e837651ce86eeb4\", element=\"f.192969D93AA2C75F100A2617B841FEE7.d.19D58E1635A51B065A26BBC42707A77A.e.782\")>])","time":{"start":1761766393972,"stop":1761766400346,"duration":6374}}],"categories":[{"name":"Test defects","matchedStatuses":[]}],"tags":[]},"source":"ab4479fe6066dc74.json","parameterValues":[]}