{"uid":"ae56b699dfe115c3","name":"test_item_addfail","fullName":"Tests.test_items.test_item.TestItemPage#test_item_addfail","historyId":"07e31e08715739fe4624f3975d2bf97c","time":{"start":1764158490383,"stop":1764158504090,"duration":13707},"status":"broken","statusMessage":"selenium.common.exceptions.TimeoutException: Message: \nStacktrace:\n\tGetHandleVerifier [0x0x7ff7a3eb6f65+78965]\n\tGetHandleVerifier [0x0x7ff7a3eb6fc0+79056]\n\t(No symbol) [0x0x7ff7a3c49dda]\n\t(No symbol) [0x0x7ff7a3ca02ea]\n\t(No symbol) [0x0x7ff7a3ca059c]\n\t(No symbol) [0x0x7ff7a3cf3f37]\n\t(No symbol) [0x0x7ff7a3cc86af]\n\t(No symbol) [0x0x7ff7a3cf0dbe]\n\t(No symbol) [0x0x7ff7a3cc8443]\n\t(No symbol) [0x0x7ff7a3c91311]\n\t(No symbol) [0x0x7ff7a3c920a3]\n\tGetHandleVerifier [0x0x7ff7a416e26d+2926461]\n\tGetHandleVerifier [0x0x7ff7a4168993+2903715]\n\tGetHandleVerifier [0x0x7ff7a4186aed+3026941]\n\tGetHandleVerifier [0x0x7ff7a3ed16fe+187406]\n\tGetHandleVerifier [0x0x7ff7a3ed96ef+220159]\n\tGetHandleVerifier [0x0x7ff7a3ebfaf4+114692]\n\tGetHandleVerifier [0x0x7ff7a3ebfca9+115129]\n\tGetHandleVerifier [0x0x7ff7a3ea64d8+10728]\n\tBaseThreadInitThunk [0x0x7ffd261d7374+20]\n\tRtlUserThreadStart [0x0x7ffd2797cc91+33]","statusTrace":"self = <test_items.test_item.TestItemPage object at 0x00000208DB047F10>, login_to_item = <selenium.webdriver.chrome.webdriver.WebDriver (session=\"67e158cc47031c580557fef0c622bbcc\")>\n\n    @allure.story(\"添加物料信息 不填写数据点击确认 不允许提交\")\n    # @pytest.mark.run(order=1)\n    def test_item_addfail(self, login_to_item):\n        driver = login_to_item  # WebDriver 实例\n        item = ItemPage(driver)  # 用 driver 初始化 ItemPage\n        layout = \"测试布局A\"\n        item.add_layout(layout)\n        # 获取布局名称的文本元素\n>       name = item.get_find_element_xpath(\n            f'//div[@class=\"tabsDivItemCon\"]/div[text()=\" {layout} \"]'\n        ).text\n\nTests\\test_items\\test_item.py:71: \n_ _ _ _ _ _ _ _ _ _ _ _ _ _ _ _ _ _ _ _ _ _ _ _ _ _ _ _ _ _ _ _ _ _ _ _ _ _ _ _ _ _ _ _ _ _ _ _ _ _ _ _ _ _ _ _ _ _ _ _ _ _ _ _ _ _ _ _ _ _ _ _ _ _ _ _ _ _ _ _ _ _ _ _ _ _ _ _ _ _ _ _ _ _ _ _ _ _ _ _ _ _ _ _ _ _ _ _ _ _ _ _ _ _ _ _\nPages\\itemsPage\\item_page.py:83: in get_find_element_xpath\n    return self.find_element(By.XPATH, xpath)\nPages\\base_page.py:28: in find_element\n    return WebDriverWait(self.driver, wait_time).until(\n_ _ _ _ _ _ _ _ _ _ _ _ _ _ _ _ _ _ _ _ _ _ _ _ _ _ _ _ _ _ _ _ _ _ _ _ _ _ _ _ _ _ _ _ _ _ _ _ _ _ _ _ _ _ _ _ _ _ _ _ _ _ _ _ _ _ _ _ _ _ _ _ _ _ _ _ _ _ _ _ _ _ _ _ _ _ _ _ _ _ _ _ _ _ _ _ _ _ _ _ _ _ _ _ _ _ _ _ _ _ _ _ _ _ _ _\n\nself = <selenium.webdriver.support.wait.WebDriverWait (session=\"67e158cc47031c580557fef0c622bbcc\")>, method = <function presence_of_element_located.<locals>._predicate at 0x00000208DBAABD00>, message = ''\n\n    def until(self, method: Callable[[D], Union[Literal[False], T]], message: str = \"\") -> T:\n        \"\"\"Wait until the method returns a value that is not False.\n    \n        Calls the method provided with the driver as an argument until the\n        return value does not evaluate to ``False``.\n    \n        Parameters:\n        -----------\n        method: callable(WebDriver)\n            - A callable object that takes a WebDriver instance as an argument.\n    \n        message: str\n            - Optional message for :exc:`TimeoutException`\n    \n        Return:\n        -------\n        object: T\n            - The result of the last call to `method`\n    \n        Raises:\n        -------\n        TimeoutException\n            - If 'method' does not return a truthy value within the WebDriverWait\n            object's timeout\n    \n        Example:\n        --------\n        >>> from selenium.webdriver.common.by import By\n        >>> from selenium.webdriver.support.ui import WebDriverWait\n        >>> from selenium.webdriver.support import expected_conditions as EC\n    \n        # Wait until an element is visible on the page\n        >>> wait = WebDriverWait(driver, 10)\n        >>> element = wait.until(EC.visibility_of_element_located((By.ID, \"exampleId\")))\n        >>> print(element.text)\n        \"\"\"\n        screen = None\n        stacktrace = None\n    \n        end_time = time.monotonic() + self._timeout\n        while True:\n            try:\n                value = method(self._driver)\n                if value:\n                    return value\n            except self._ignored_exceptions as exc:\n                screen = getattr(exc, \"screen\", None)\n                stacktrace = getattr(exc, \"stacktrace\", None)\n            if time.monotonic() > end_time:\n                break\n            time.sleep(self._poll)\n>       raise TimeoutException(message, screen, stacktrace)\nE       selenium.common.exceptions.TimeoutException: Message: \nE       Stacktrace:\nE       \tGetHandleVerifier [0x0x7ff7a3eb6f65+78965]\nE       \tGetHandleVerifier [0x0x7ff7a3eb6fc0+79056]\nE       \t(No symbol) [0x0x7ff7a3c49dda]\nE       \t(No symbol) [0x0x7ff7a3ca02ea]\nE       \t(No symbol) [0x0x7ff7a3ca059c]\nE       \t(No symbol) [0x0x7ff7a3cf3f37]\nE       \t(No symbol) [0x0x7ff7a3cc86af]\nE       \t(No symbol) [0x0x7ff7a3cf0dbe]\nE       \t(No symbol) [0x0x7ff7a3cc8443]\nE       \t(No symbol) [0x0x7ff7a3c91311]\nE       \t(No symbol) [0x0x7ff7a3c920a3]\nE       \tGetHandleVerifier [0x0x7ff7a416e26d+2926461]\nE       \tGetHandleVerifier [0x0x7ff7a4168993+2903715]\nE       \tGetHandleVerifier [0x0x7ff7a4186aed+3026941]\nE       \tGetHandleVerifier [0x0x7ff7a3ed16fe+187406]\nE       \tGetHandleVerifier [0x0x7ff7a3ed96ef+220159]\nE       \tGetHandleVerifier [0x0x7ff7a3ebfaf4+114692]\nE       \tGetHandleVerifier [0x0x7ff7a3ebfca9+115129]\nE       \tGetHandleVerifier [0x0x7ff7a3ea64d8+10728]\nE       \tBaseThreadInitThunk [0x0x7ffd261d7374+20]\nE       \tRtlUserThreadStart [0x0x7ffd2797cc91+33]\n\nmyenv\\lib\\site-packages\\selenium\\webdriver\\support\\wait.py:138: TimeoutException","flaky":false,"newFailed":false,"newBroken":false,"newPassed":false,"retriesCount":0,"retriesStatusChange":false,"beforeStages":[{"name":"login_to_item","time":{"start":1764158478163,"stop":1764158490382,"duration":12219},"status":"passed","steps":[],"attachments":[],"parameters":[],"attachmentsCount":0,"shouldDisplayMessage":false,"attachmentStep":false,"hasContent":false,"stepsCount":0}],"testStage":{"status":"broken","statusMessage":"selenium.common.exceptions.TimeoutException: Message: \nStacktrace:\n\tGetHandleVerifier [0x0x7ff7a3eb6f65+78965]\n\tGetHandleVerifier [0x0x7ff7a3eb6fc0+79056]\n\t(No symbol) [0x0x7ff7a3c49dda]\n\t(No symbol) [0x0x7ff7a3ca02ea]\n\t(No symbol) [0x0x7ff7a3ca059c]\n\t(No symbol) [0x0x7ff7a3cf3f37]\n\t(No symbol) [0x0x7ff7a3cc86af]\n\t(No symbol) [0x0x7ff7a3cf0dbe]\n\t(No symbol) [0x0x7ff7a3cc8443]\n\t(No symbol) [0x0x7ff7a3c91311]\n\t(No symbol) [0x0x7ff7a3c920a3]\n\tGetHandleVerifier [0x0x7ff7a416e26d+2926461]\n\tGetHandleVerifier [0x0x7ff7a4168993+2903715]\n\tGetHandleVerifier [0x0x7ff7a4186aed+3026941]\n\tGetHandleVerifier [0x0x7ff7a3ed16fe+187406]\n\tGetHandleVerifier [0x0x7ff7a3ed96ef+220159]\n\tGetHandleVerifier [0x0x7ff7a3ebfaf4+114692]\n\tGetHandleVerifier [0x0x7ff7a3ebfca9+115129]\n\tGetHandleVerifier [0x0x7ff7a3ea64d8+10728]\n\tBaseThreadInitThunk [0x0x7ffd261d7374+20]\n\tRtlUserThreadStart [0x0x7ffd2797cc91+33]","statusTrace":"self = <test_items.test_item.TestItemPage object at 0x00000208DB047F10>, login_to_item = <selenium.webdriver.chrome.webdriver.WebDriver (session=\"67e158cc47031c580557fef0c622bbcc\")>\n\n    @allure.story(\"添加物料信息 不填写数据点击确认 不允许提交\")\n    # @pytest.mark.run(order=1)\n    def test_item_addfail(self, login_to_item):\n        driver = login_to_item  # WebDriver 实例\n        item = ItemPage(driver)  # 用 driver 初始化 ItemPage\n        layout = \"测试布局A\"\n        item.add_layout(layout)\n        # 获取布局名称的文本元素\n>       name = item.get_find_element_xpath(\n            f'//div[@class=\"tabsDivItemCon\"]/div[text()=\" {layout} \"]'\n        ).text\n\nTests\\test_items\\test_item.py:71: \n_ _ _ _ _ _ _ _ _ _ _ _ _ _ _ _ _ _ _ _ _ _ _ _ _ _ _ _ _ _ _ _ _ _ _ _ _ _ _ _ _ _ _ _ _ _ _ _ _ _ _ _ _ _ _ _ _ _ _ _ _ _ _ _ _ _ _ _ _ _ _ _ _ _ _ _ _ _ _ _ _ _ _ _ _ _ _ _ _ _ _ _ _ _ _ _ _ _ _ _ _ _ _ _ _ _ _ _ _ _ _ _ _ _ _ _\nPages\\itemsPage\\item_page.py:83: in get_find_element_xpath\n    return self.find_element(By.XPATH, xpath)\nPages\\base_page.py:28: in find_element\n    return WebDriverWait(self.driver, wait_time).until(\n_ _ _ _ _ _ _ _ _ _ _ _ _ _ _ _ _ _ _ _ _ _ _ _ _ _ _ _ _ _ _ _ _ _ _ _ _ _ _ _ _ _ _ _ _ _ _ _ _ _ _ _ _ _ _ _ _ _ _ _ _ _ _ _ _ _ _ _ _ _ _ _ _ _ _ _ _ _ _ _ _ _ _ _ _ _ _ _ _ _ _ _ _ _ _ _ _ _ _ _ _ _ _ _ _ _ _ _ _ _ _ _ _ _ _ _\n\nself = <selenium.webdriver.support.wait.WebDriverWait (session=\"67e158cc47031c580557fef0c622bbcc\")>, method = <function presence_of_element_located.<locals>._predicate at 0x00000208DBAABD00>, message = ''\n\n    def until(self, method: Callable[[D], Union[Literal[False], T]], message: str = \"\") -> T:\n        \"\"\"Wait until the method returns a value that is not False.\n    \n        Calls the method provided with the driver as an argument until the\n        return value does not evaluate to ``False``.\n    \n        Parameters:\n        -----------\n        method: callable(WebDriver)\n            - A callable object that takes a WebDriver instance as an argument.\n    \n        message: str\n            - Optional message for :exc:`TimeoutException`\n    \n        Return:\n        -------\n        object: T\n            - The result of the last call to `method`\n    \n        Raises:\n        -------\n        TimeoutException\n            - If 'method' does not return a truthy value within the WebDriverWait\n            object's timeout\n    \n        Example:\n        --------\n        >>> from selenium.webdriver.common.by import By\n        >>> from selenium.webdriver.support.ui import WebDriverWait\n        >>> from selenium.webdriver.support import expected_conditions as EC\n    \n        # Wait until an element is visible on the page\n        >>> wait = WebDriverWait(driver, 10)\n        >>> element = wait.until(EC.visibility_of_element_located((By.ID, \"exampleId\")))\n        >>> print(element.text)\n        \"\"\"\n        screen = None\n        stacktrace = None\n    \n        end_time = time.monotonic() + self._timeout\n        while True:\n            try:\n                value = method(self._driver)\n                if value:\n                    return value\n            except self._ignored_exceptions as exc:\n                screen = getattr(exc, \"screen\", None)\n                stacktrace = getattr(exc, \"stacktrace\", None)\n            if time.monotonic() > end_time:\n                break\n            time.sleep(self._poll)\n>       raise TimeoutException(message, screen, stacktrace)\nE       selenium.common.exceptions.TimeoutException: Message: \nE       Stacktrace:\nE       \tGetHandleVerifier [0x0x7ff7a3eb6f65+78965]\nE       \tGetHandleVerifier [0x0x7ff7a3eb6fc0+79056]\nE       \t(No symbol) [0x0x7ff7a3c49dda]\nE       \t(No symbol) [0x0x7ff7a3ca02ea]\nE       \t(No symbol) [0x0x7ff7a3ca059c]\nE       \t(No symbol) [0x0x7ff7a3cf3f37]\nE       \t(No symbol) [0x0x7ff7a3cc86af]\nE       \t(No symbol) [0x0x7ff7a3cf0dbe]\nE       \t(No symbol) [0x0x7ff7a3cc8443]\nE       \t(No symbol) [0x0x7ff7a3c91311]\nE       \t(No symbol) [0x0x7ff7a3c920a3]\nE       \tGetHandleVerifier [0x0x7ff7a416e26d+2926461]\nE       \tGetHandleVerifier [0x0x7ff7a4168993+2903715]\nE       \tGetHandleVerifier [0x0x7ff7a4186aed+3026941]\nE       \tGetHandleVerifier [0x0x7ff7a3ed16fe+187406]\nE       \tGetHandleVerifier [0x0x7ff7a3ed96ef+220159]\nE       \tGetHandleVerifier [0x0x7ff7a3ebfaf4+114692]\nE       \tGetHandleVerifier [0x0x7ff7a3ebfca9+115129]\nE       \tGetHandleVerifier [0x0x7ff7a3ea64d8+10728]\nE       \tBaseThreadInitThunk [0x0x7ffd261d7374+20]\nE       \tRtlUserThreadStart [0x0x7ffd2797cc91+33]\n\nmyenv\\lib\\site-packages\\selenium\\webdriver\\support\\wait.py:138: TimeoutException","steps":[],"attachments":[{"uid":"f1c7dc21a86c35ae","name":"test_item_addfail_failure","source":"f1c7dc21a86c35ae.png","type":"image/png","size":173365},{"uid":"ca872e480d7e6e75","name":"test_item_addfail_source","source":"ca872e480d7e6e75.html","type":"text/html","size":1528240},{"uid":"5a0e9f7293019ba4","name":"log","source":"5a0e9f7293019ba4.txt","type":"text/plain","size":2490}],"parameters":[],"attachmentsCount":3,"shouldDisplayMessage":true,"attachmentStep":false,"hasContent":true,"stepsCount":0},"afterStages":[{"name":"login_to_item::0","time":{"start":1764158504297,"stop":1764158506462,"duration":2165},"status":"passed","steps":[],"attachments":[],"parameters":[],"attachmentsCount":0,"shouldDisplayMessage":false,"attachmentStep":false,"hasContent":false,"stepsCount":0}],"labels":[{"name":"feature","value":"物料表测试用例"},{"name":"story","value":"添加物料信息 不填写数据点击确认 不允许提交"},{"name":"parentSuite","value":"Tests.test_items"},{"name":"suite","value":"test_item"},{"name":"subSuite","value":"TestItemPage"},{"name":"host","value":"WIN-20240820MJV"},{"name":"thread","value":"22520-MainThread"},{"name":"framework","value":"pytest"},{"name":"language","value":"cpython3"},{"name":"package","value":"Tests.test_items.test_item"},{"name":"resultFormat","value":"allure2"}],"parameters":[],"links":[],"hidden":true,"retry":true,"extra":{"categories":[],"tags":[]},"source":"ae56b699dfe115c3.json","parameterValues":[]}