{"uid":"aff309e7b450ef8f","name":"test_synchronize_all_import2","fullName":"Tests.test_system.test_synchronize.TestSynchronizePage#test_synchronize_all_import2","historyId":"07bb02cd68920c84d1a806d8bb3ba89e","time":{"start":1768247741433,"stop":1768247751610,"duration":10177},"status":"broken","statusMessage":"selenium.common.exceptions.TimeoutException: Message: 点击失败，找不到元素：xpath = //div[text()=\" 数据导入 \"]","statusTrace":"self = <Pages.systemPage.synchronize_page.SynchronizePage object at 0x0000021D32681540>, by_or_element = 'xpath', value = '//div[text()=\" 数据导入 \"]', wait_time = 10, retries = 2\n\n    def click(self, by_or_element, value=None, wait_time=10, retries=2):\n        \"\"\"\n        更稳健的点击方法：支持定位符或 WebElement，自动处理 stale 元素、点击拦截等问题。\n        \"\"\"\n        for attempt in range(retries):\n            try:\n                if value is not None:\n                    by = by_or_element\n                    logging.info(f\"点击元素：By = {by}, Value = {value}\")\n>                   element = WebDriverWait(self.driver, wait_time).until(\n                        EC.element_to_be_clickable((by, value))\n                    )\n\nPages\\base_page.py:49: \n_ _ _ _ _ _ _ _ _ _ _ _ _ _ _ _ _ _ _ _ _ _ _ _ _ _ _ _ _ _ _ _ _ _ _ _ _ _ _ _ _ _ _ _ _ _ _ _ _ _ _ _ _ _ _ _ _ _ _ _ _ _ _ _ _ _ _ _ _ _ _ _ _ _ _ _ _ _ _ _ _ _ _ _ _ _ _ _ _ _ _ _ _ _ _ _ _ _ _ _ _ _ _ _ _ _ _ _ _ _ _ _ _ _ _ _\n\nself = <selenium.webdriver.support.wait.WebDriverWait (session=\"97abfa0204240892c83597084c19a868\")>, method = <function element_to_be_clickable.<locals>._predicate at 0x0000021D34430D30>, message = ''\n\n    def until(self, method: Callable[[D], Union[Literal[False], T]], message: str = \"\") -> T:\n        \"\"\"Wait until the method returns a value that is not False.\n    \n        Calls the method provided with the driver as an argument until the\n        return value does not evaluate to ``False``.\n    \n        Parameters:\n        -----------\n        method: callable(WebDriver)\n            - A callable object that takes a WebDriver instance as an argument.\n    \n        message: str\n            - Optional message for :exc:`TimeoutException`\n    \n        Return:\n        -------\n        object: T\n            - The result of the last call to `method`\n    \n        Raises:\n        -------\n        TimeoutException\n            - If 'method' does not return a truthy value within the WebDriverWait\n            object's timeout\n    \n        Example:\n        --------\n        >>> from selenium.webdriver.common.by import By\n        >>> from selenium.webdriver.support.ui import WebDriverWait\n        >>> from selenium.webdriver.support import expected_conditions as EC\n    \n        # Wait until an element is visible on the page\n        >>> wait = WebDriverWait(driver, 10)\n        >>> element = wait.until(EC.visibility_of_element_located((By.ID, \"exampleId\")))\n        >>> print(element.text)\n        \"\"\"\n        screen = None\n        stacktrace = None\n    \n        end_time = time.monotonic() + self._timeout\n        while True:\n            try:\n                value = method(self._driver)\n                if value:\n                    return value\n            except self._ignored_exceptions as exc:\n                screen = getattr(exc, \"screen\", None)\n                stacktrace = getattr(exc, \"stacktrace\", None)\n            if time.monotonic() > end_time:\n                break\n            time.sleep(self._poll)\n>       raise TimeoutException(message, screen, stacktrace)\nE       selenium.common.exceptions.TimeoutException: Message: \nE       Stacktrace:\nE       \tGetHandleVerifier [0x0x7ff690b56f65+78965]\nE       \tGetHandleVerifier [0x0x7ff690b56fc0+79056]\nE       \t(No symbol) [0x0x7ff6908e9dda]\nE       \t(No symbol) [0x0x7ff6909402ea]\nE       \t(No symbol) [0x0x7ff69094059c]\nE       \t(No symbol) [0x0x7ff690993f37]\nE       \t(No symbol) [0x0x7ff6909686af]\nE       \t(No symbol) [0x0x7ff690990dbe]\nE       \t(No symbol) [0x0x7ff690968443]\nE       \t(No symbol) [0x0x7ff690931311]\nE       \t(No symbol) [0x0x7ff6909320a3]\nE       \tGetHandleVerifier [0x0x7ff690e0e26d+2926461]\nE       \tGetHandleVerifier [0x0x7ff690e08993+2903715]\nE       \tGetHandleVerifier [0x0x7ff690e26aed+3026941]\nE       \tGetHandleVerifier [0x0x7ff690b716fe+187406]\nE       \tGetHandleVerifier [0x0x7ff690b796ef+220159]\nE       \tGetHandleVerifier [0x0x7ff690b5faf4+114692]\nE       \tGetHandleVerifier [0x0x7ff690b5fca9+115129]\nE       \tGetHandleVerifier [0x0x7ff690b464d8+10728]\nE       \tBaseThreadInitThunk [0x0x7ff90e507374+20]\nE       \tRtlUserThreadStart [0x0x7ff91019cc91+33]\n\nmyenv\\lib\\site-packages\\selenium\\webdriver\\support\\wait.py:138: TimeoutException\n\nDuring handling of the above exception, another exception occurred:\n\nself = <test_system.test_synchronize.TestSynchronizePage object at 0x0000021D3278C040>, login_to_synchronize = <selenium.webdriver.chrome.webdriver.WebDriver (session=\"97abfa0204240892c83597084c19a868\")>\n\n    @allure.story(\"同步1个数据导入到多个计划单元成功\")\n    # @pytest.mark.run(order=1)\n    def test_synchronize_all_import2(self, login_to_synchronize):\n        driver = login_to_synchronize  # WebDriver 实例\n        synchronize = SynchronizePage(driver)  # 用 driver 初始化 SynchronizePage\n        date_driver = DateDriver()\n        import_name = [\n            \"1同步导入3\",\n        ]\n        plan_names = [\n            \"1测试计划单元标准\",\n            \"1测试A\",\n        ]\n>       synchronize.click_checkbox_value(import_name, plan_names, \"4\")\n\nTests\\test_system\\test_synchronize.py:781: \n_ _ _ _ _ _ _ _ _ _ _ _ _ _ _ _ _ _ _ _ _ _ _ _ _ _ _ _ _ _ _ _ _ _ _ _ _ _ _ _ _ _ _ _ _ _ _ _ _ _ _ _ _ _ _ _ _ _ _ _ _ _ _ _ _ _ _ _ _ _ _ _ _ _ _ _ _ _ _ _ _ _ _ _ _ _ _ _ _ _ _ _ _ _ _ _ _ _ _ _ _ _ _ _ _ _ _ _ _ _ _ _ _ _ _ _\nPages\\systemPage\\synchronize_page.py:199: in click_checkbox_value\n    self.click_button(section[\"section_xpath\"])\nPages\\systemPage\\synchronize_page.py:24: in click_button\n    self.click(By.XPATH, xpath)\n_ _ _ _ _ _ _ _ _ _ _ _ _ _ _ _ _ _ _ _ _ _ _ _ _ _ _ _ _ _ _ _ _ _ _ _ _ _ _ _ _ _ _ _ _ _ _ _ _ _ _ _ _ _ _ _ _ _ _ _ _ _ _ _ _ _ _ _ _ _ _ _ _ _ _ _ _ _ _ _ _ _ _ _ _ _ _ _ _ _ _ _ _ _ _ _ _ _ _ _ _ _ _ _ _ _ _ _ _ _ _ _ _ _ _ _\n\nself = <Pages.systemPage.synchronize_page.SynchronizePage object at 0x0000021D32681540>, by_or_element = 'xpath', value = '//div[text()=\" 数据导入 \"]', wait_time = 10, retries = 2\n\n    def click(self, by_or_element, value=None, wait_time=10, retries=2):\n        \"\"\"\n        更稳健的点击方法：支持定位符或 WebElement，自动处理 stale 元素、点击拦截等问题。\n        \"\"\"\n        for attempt in range(retries):\n            try:\n                if value is not None:\n                    by = by_or_element\n                    logging.info(f\"点击元素：By = {by}, Value = {value}\")\n                    element = WebDriverWait(self.driver, wait_time).until(\n                        EC.element_to_be_clickable((by, value))\n                    )\n                else:\n                    logging.info(\"点击元素：WebElement 对象\")\n                    element = by_or_element\n    \n                element.click()\n                logging.info(\"✅ 点击成功\")\n                return\n    \n            except ElementClickInterceptedException:\n                logging.warning(\"⚠️ 原生点击被拦截，尝试使用 JS 点击\")\n                try:\n                    self.driver.execute_script(\"arguments[0].click();\", element)\n                    logging.info(\"✅ JS 点击成功\")\n                    return\n                except Exception as js_error:\n                    logging.warning(f\"⚠️ JS 点击失败：{js_error}\")\n                    sleep(1)\n                    continue  # 下一轮重试\n    \n            except StaleElementReferenceException:\n                logging.warning(f\"⚠️ 第 {attempt + 1} 次点击失败：元素过期，尝试重新定位\")\n                sleep(1)\n                continue  # 下一轮重试时重新定位\n    \n            except TimeoutException:\n                logging.error(f\"❌ 元素未在 {wait_time} 秒内变为可点击\")\n>               raise TimeoutException(f\"点击失败，找不到元素：{by_or_element} = {value}\")\nE               selenium.common.exceptions.TimeoutException: Message: 点击失败，找不到元素：xpath = //div[text()=\" 数据导入 \"]\n\nPages\\base_page.py:78: TimeoutException","flaky":false,"newFailed":false,"newBroken":false,"newPassed":false,"retriesCount":1,"retriesStatusChange":false,"beforeStages":[{"name":"login_to_synchronize","time":{"start":1768247440259,"stop":1768247452920,"duration":12661},"status":"passed","steps":[],"attachments":[],"parameters":[],"shouldDisplayMessage":false,"attachmentsCount":0,"attachmentStep":false,"hasContent":false,"stepsCount":0}],"testStage":{"status":"broken","statusMessage":"selenium.common.exceptions.TimeoutException: Message: 点击失败，找不到元素：xpath = //div[text()=\" 数据导入 \"]","statusTrace":"self = <Pages.systemPage.synchronize_page.SynchronizePage object at 0x0000021D32681540>, by_or_element = 'xpath', value = '//div[text()=\" 数据导入 \"]', wait_time = 10, retries = 2\n\n    def click(self, by_or_element, value=None, wait_time=10, retries=2):\n        \"\"\"\n        更稳健的点击方法：支持定位符或 WebElement，自动处理 stale 元素、点击拦截等问题。\n        \"\"\"\n        for attempt in range(retries):\n            try:\n                if value is not None:\n                    by = by_or_element\n                    logging.info(f\"点击元素：By = {by}, Value = {value}\")\n>                   element = WebDriverWait(self.driver, wait_time).until(\n                        EC.element_to_be_clickable((by, value))\n                    )\n\nPages\\base_page.py:49: \n_ _ _ _ _ _ _ _ _ _ _ _ _ _ _ _ _ _ _ _ _ _ _ _ _ _ _ _ _ _ _ _ _ _ _ _ _ _ _ _ _ _ _ _ _ _ _ _ _ _ _ _ _ _ _ _ _ _ _ _ _ _ _ _ _ _ _ _ _ _ _ _ _ _ _ _ _ _ _ _ _ _ _ _ _ _ _ _ _ _ _ _ _ _ _ _ _ _ _ _ _ _ _ _ _ _ _ _ _ _ _ _ _ _ _ _\n\nself = <selenium.webdriver.support.wait.WebDriverWait (session=\"97abfa0204240892c83597084c19a868\")>, method = <function element_to_be_clickable.<locals>._predicate at 0x0000021D34430D30>, message = ''\n\n    def until(self, method: Callable[[D], Union[Literal[False], T]], message: str = \"\") -> T:\n        \"\"\"Wait until the method returns a value that is not False.\n    \n        Calls the method provided with the driver as an argument until the\n        return value does not evaluate to ``False``.\n    \n        Parameters:\n        -----------\n        method: callable(WebDriver)\n            - A callable object that takes a WebDriver instance as an argument.\n    \n        message: str\n            - Optional message for :exc:`TimeoutException`\n    \n        Return:\n        -------\n        object: T\n            - The result of the last call to `method`\n    \n        Raises:\n        -------\n        TimeoutException\n            - If 'method' does not return a truthy value within the WebDriverWait\n            object's timeout\n    \n        Example:\n        --------\n        >>> from selenium.webdriver.common.by import By\n        >>> from selenium.webdriver.support.ui import WebDriverWait\n        >>> from selenium.webdriver.support import expected_conditions as EC\n    \n        # Wait until an element is visible on the page\n        >>> wait = WebDriverWait(driver, 10)\n        >>> element = wait.until(EC.visibility_of_element_located((By.ID, \"exampleId\")))\n        >>> print(element.text)\n        \"\"\"\n        screen = None\n        stacktrace = None\n    \n        end_time = time.monotonic() + self._timeout\n        while True:\n            try:\n                value = method(self._driver)\n                if value:\n                    return value\n            except self._ignored_exceptions as exc:\n                screen = getattr(exc, \"screen\", None)\n                stacktrace = getattr(exc, \"stacktrace\", None)\n            if time.monotonic() > end_time:\n                break\n            time.sleep(self._poll)\n>       raise TimeoutException(message, screen, stacktrace)\nE       selenium.common.exceptions.TimeoutException: Message: \nE       Stacktrace:\nE       \tGetHandleVerifier [0x0x7ff690b56f65+78965]\nE       \tGetHandleVerifier [0x0x7ff690b56fc0+79056]\nE       \t(No symbol) [0x0x7ff6908e9dda]\nE       \t(No symbol) [0x0x7ff6909402ea]\nE       \t(No symbol) [0x0x7ff69094059c]\nE       \t(No symbol) [0x0x7ff690993f37]\nE       \t(No symbol) [0x0x7ff6909686af]\nE       \t(No symbol) [0x0x7ff690990dbe]\nE       \t(No symbol) [0x0x7ff690968443]\nE       \t(No symbol) [0x0x7ff690931311]\nE       \t(No symbol) [0x0x7ff6909320a3]\nE       \tGetHandleVerifier [0x0x7ff690e0e26d+2926461]\nE       \tGetHandleVerifier [0x0x7ff690e08993+2903715]\nE       \tGetHandleVerifier [0x0x7ff690e26aed+3026941]\nE       \tGetHandleVerifier [0x0x7ff690b716fe+187406]\nE       \tGetHandleVerifier [0x0x7ff690b796ef+220159]\nE       \tGetHandleVerifier [0x0x7ff690b5faf4+114692]\nE       \tGetHandleVerifier [0x0x7ff690b5fca9+115129]\nE       \tGetHandleVerifier [0x0x7ff690b464d8+10728]\nE       \tBaseThreadInitThunk [0x0x7ff90e507374+20]\nE       \tRtlUserThreadStart [0x0x7ff91019cc91+33]\n\nmyenv\\lib\\site-packages\\selenium\\webdriver\\support\\wait.py:138: TimeoutException\n\nDuring handling of the above exception, another exception occurred:\n\nself = <test_system.test_synchronize.TestSynchronizePage object at 0x0000021D3278C040>, login_to_synchronize = <selenium.webdriver.chrome.webdriver.WebDriver (session=\"97abfa0204240892c83597084c19a868\")>\n\n    @allure.story(\"同步1个数据导入到多个计划单元成功\")\n    # @pytest.mark.run(order=1)\n    def test_synchronize_all_import2(self, login_to_synchronize):\n        driver = login_to_synchronize  # WebDriver 实例\n        synchronize = SynchronizePage(driver)  # 用 driver 初始化 SynchronizePage\n        date_driver = DateDriver()\n        import_name = [\n            \"1同步导入3\",\n        ]\n        plan_names = [\n            \"1测试计划单元标准\",\n            \"1测试A\",\n        ]\n>       synchronize.click_checkbox_value(import_name, plan_names, \"4\")\n\nTests\\test_system\\test_synchronize.py:781: \n_ _ _ _ _ _ _ _ _ _ _ _ _ _ _ _ _ _ _ _ _ _ _ _ _ _ _ _ _ _ _ _ _ _ _ _ _ _ _ _ _ _ _ _ _ _ _ _ _ _ _ _ _ _ _ _ _ _ _ _ _ _ _ _ _ _ _ _ _ _ _ _ _ _ _ _ _ _ _ _ _ _ _ _ _ _ _ _ _ _ _ _ _ _ _ _ _ _ _ _ _ _ _ _ _ _ _ _ _ _ _ _ _ _ _ _\nPages\\systemPage\\synchronize_page.py:199: in click_checkbox_value\n    self.click_button(section[\"section_xpath\"])\nPages\\systemPage\\synchronize_page.py:24: in click_button\n    self.click(By.XPATH, xpath)\n_ _ _ _ _ _ _ _ _ _ _ _ _ _ _ _ _ _ _ _ _ _ _ _ _ _ _ _ _ _ _ _ _ _ _ _ _ _ _ _ _ _ _ _ _ _ _ _ _ _ _ _ _ _ _ _ _ _ _ _ _ _ _ _ _ _ _ _ _ _ _ _ _ _ _ _ _ _ _ _ _ _ _ _ _ _ _ _ _ _ _ _ _ _ _ _ _ _ _ _ _ _ _ _ _ _ _ _ _ _ _ _ _ _ _ _\n\nself = <Pages.systemPage.synchronize_page.SynchronizePage object at 0x0000021D32681540>, by_or_element = 'xpath', value = '//div[text()=\" 数据导入 \"]', wait_time = 10, retries = 2\n\n    def click(self, by_or_element, value=None, wait_time=10, retries=2):\n        \"\"\"\n        更稳健的点击方法：支持定位符或 WebElement，自动处理 stale 元素、点击拦截等问题。\n        \"\"\"\n        for attempt in range(retries):\n            try:\n                if value is not None:\n                    by = by_or_element\n                    logging.info(f\"点击元素：By = {by}, Value = {value}\")\n                    element = WebDriverWait(self.driver, wait_time).until(\n                        EC.element_to_be_clickable((by, value))\n                    )\n                else:\n                    logging.info(\"点击元素：WebElement 对象\")\n                    element = by_or_element\n    \n                element.click()\n                logging.info(\"✅ 点击成功\")\n                return\n    \n            except ElementClickInterceptedException:\n                logging.warning(\"⚠️ 原生点击被拦截，尝试使用 JS 点击\")\n                try:\n                    self.driver.execute_script(\"arguments[0].click();\", element)\n                    logging.info(\"✅ JS 点击成功\")\n                    return\n                except Exception as js_error:\n                    logging.warning(f\"⚠️ JS 点击失败：{js_error}\")\n                    sleep(1)\n                    continue  # 下一轮重试\n    \n            except StaleElementReferenceException:\n                logging.warning(f\"⚠️ 第 {attempt + 1} 次点击失败：元素过期，尝试重新定位\")\n                sleep(1)\n                continue  # 下一轮重试时重新定位\n    \n            except TimeoutException:\n                logging.error(f\"❌ 元素未在 {wait_time} 秒内变为可点击\")\n>               raise TimeoutException(f\"点击失败，找不到元素：{by_or_element} = {value}\")\nE               selenium.common.exceptions.TimeoutException: Message: 点击失败，找不到元素：xpath = //div[text()=\" 数据导入 \"]\n\nPages\\base_page.py:78: TimeoutException","steps":[],"attachments":[{"uid":"29a9a1b66bb0c1be","name":"test_synchronize_all_import2_20260113_035551","source":"29a9a1b66bb0c1be.png","type":"image/png","size":117215},{"uid":"da0b132e6a12c329","name":"test_synchronize_all_import2_20260113_035551","source":"da0b132e6a12c329.png","type":"image/png","size":25802},{"uid":"8bef1aea107a381d","name":"test_synchronize_all_import2_20260113_035551","source":"8bef1aea107a381d.png","type":"image/png","size":25802},{"uid":"ff47850511fc4791","name":"test_synchronize_all_import2_20260113_035551","source":"ff47850511fc4791.png","type":"image/png","size":25802},{"uid":"d693791448446c18","name":"test_synchronize_all_import2_20260113_035552","source":"d693791448446c18.png","type":"image/png","size":19002},{"uid":"ddcd426c1b79fc83","name":"test_synchronize_all_import2_20260113_035552","source":"ddcd426c1b79fc83.png","type":"image/png","size":25802},{"uid":"9a17df3b0189b5f4","name":"test_synchronize_all_import2_20260113_035552","source":"9a17df3b0189b5f4.png","type":"image/png","size":25802},{"uid":"a3ea31e18456aaf4","name":"test_synchronize_all_import2_20260113_035552","source":"a3ea31e18456aaf4.png","type":"image/png","size":25802},{"uid":"3f2f9401f2c54007","name":"test_synchronize_all_import2_20260113_035552","source":"3f2f9401f2c54007.png","type":"image/png","size":19002},{"uid":"413bc67942ab79a","name":"test_synchronize_all_import2_20260113_035552","source":"413bc67942ab79a.png","type":"image/png","size":25802},{"uid":"924d85578744887c","name":"test_synchronize_all_import2_20260113_035552","source":"924d85578744887c.png","type":"image/png","size":25802},{"uid":"a994c8a4bb4a5fa8","name":"test_synchronize_all_import2_20260113_035552","source":"a994c8a4bb4a5fa8.png","type":"image/png","size":25802},{"uid":"271badae89194247","name":"test_synchronize_all_import2_20260113_035552","source":"271badae89194247.png","type":"image/png","size":19002},{"uid":"d44c6afd6496b622","name":"test_synchronize_all_import2_20260113_035552","source":"d44c6afd6496b622.png","type":"image/png","size":19002},{"uid":"1fb9c69f9220498e","name":"test_synchronize_all_import2_20260113_035553","source":"1fb9c69f9220498e.png","type":"image/png","size":69436},{"uid":"c405cfccb057bd9e","name":"log","source":"c405cfccb057bd9e.txt","type":"text/plain","size":4698}],"parameters":[],"shouldDisplayMessage":true,"attachmentsCount":16,"attachmentStep":false,"hasContent":true,"stepsCount":0},"afterStages":[{"name":"login_to_synchronize::0","time":{"start":1768247800091,"stop":1768247802296,"duration":2205},"status":"passed","steps":[],"attachments":[],"parameters":[],"shouldDisplayMessage":false,"attachmentsCount":0,"attachmentStep":false,"hasContent":false,"stepsCount":0}],"labels":[{"name":"feature","value":"配置同步页用例"},{"name":"story","value":"同步1个数据导入到多个计划单元成功"},{"name":"parentSuite","value":"Tests.test_system"},{"name":"suite","value":"test_synchronize"},{"name":"subSuite","value":"TestSynchronizePage"},{"name":"host","value":"WIN-20240820MJV"},{"name":"thread","value":"28120-MainThread"},{"name":"framework","value":"pytest"},{"name":"language","value":"cpython3"},{"name":"package","value":"Tests.test_system.test_synchronize"},{"name":"resultFormat","value":"allure2"}],"parameters":[],"links":[],"hidden":false,"retry":false,"extra":{"severity":"normal","retries":[{"uid":"7fb1612de912d444","status":"broken","statusDetails":"urllib3.exceptions.ReadTimeoutError: HTTPConnectionPool(host='localhost', port=56978): Read timed out. (read timeout=120)","time":{"start":1768247583423,"stop":1768247727943,"duration":144520}}],"categories":[{"name":"Test defects","matchedStatuses":[]}],"tags":[]},"source":"aff309e7b450ef8f.json","parameterValues":[]}