{"uid":"b3691f9a12b3b688","name":"test_environment_cycle_numinput3","fullName":"Tests.test_system.test_environment.TestEnvironmentPage#test_environment_cycle_numinput3","historyId":"87cd7cd6de2d330a9074a70a1251c6df","time":{"start":1763062658315,"stop":1763062668564,"duration":10249},"status":"failed","statusMessage":"AssertionError: assert False\n +  where False = all(<generator object TestEnvironmentPage.test_environment_cycle_numinput3.<locals>.<genexpr> at 0x0000025DC6464200>)","statusTrace":"self = <test_system.test_environment.TestEnvironmentPage object at 0x0000025DC59719C0>, login_to_environment = <selenium.webdriver.chrome.webdriver.WebDriver (session=\"d351754ce748993f8d7e3ac6c12101af\")>\n\n    @allure.story(\"周期页面-校验所有数字输入框-只允许输入数字\")\n    # @pytest.mark.run(order=1)\n    def test_environment_cycle_numinput3(self, login_to_environment):\n        driver = login_to_environment  # WebDriver 实例\n        environment = EnvironmentPage(driver)  # 用 driver 初始化 EnvironmentPage\n        environment.click_cycle()\n        value = \"QAseE1@!><?+_+=-33.\"\n        xpth_list = [\n            '//div[label[text()=\"分派开始时间:\"]]//input',\n            '//div[label[text()=\"分派结束时间:\"]]//input',\n            '//div[label[text()=\"生产指令结束时间:\"]]//input',\n            '//div[label[text()=\"显示开始时间:\"]]//input',\n            '//div[label[text()=\"显示结束时间:\"]]//input',\n        ]\n        environment.batch_modify_input(xpth_list, value)\n        environment.click_button('//div[label[text()=\"分派开始时间:\"]]//input')\n        before_value = environment.batch_acquisition_input(xpth_list)\n        environment.click_save_button()\n        message = environment.get_find_message()\n        environment.right_refresh()\n        environment.click_cycle()\n        after_value = environment.batch_acquisition_input(xpth_list)\n        assert before_value == after_value and message == \"保存成功\"\n>       assert all(value == \"133\" for value in before_value)\nE       assert False\nE        +  where False = all(<generator object TestEnvironmentPage.test_environment_cycle_numinput3.<locals>.<genexpr> at 0x0000025DC6464200>)\n\nTests\\test_system\\test_environment.py:223: AssertionError","flaky":false,"newFailed":false,"newBroken":false,"newPassed":false,"retriesCount":0,"retriesStatusChange":false,"beforeStages":[{"name":"login_to_environment","time":{"start":1763062644177,"stop":1763062658314,"duration":14137},"status":"passed","steps":[],"attachments":[],"parameters":[],"attachmentsCount":0,"shouldDisplayMessage":false,"stepsCount":0,"attachmentStep":false,"hasContent":false}],"testStage":{"status":"failed","statusMessage":"AssertionError: assert False\n +  where False = all(<generator object TestEnvironmentPage.test_environment_cycle_numinput3.<locals>.<genexpr> at 0x0000025DC6464200>)","statusTrace":"self = <test_system.test_environment.TestEnvironmentPage object at 0x0000025DC59719C0>, login_to_environment = <selenium.webdriver.chrome.webdriver.WebDriver (session=\"d351754ce748993f8d7e3ac6c12101af\")>\n\n    @allure.story(\"周期页面-校验所有数字输入框-只允许输入数字\")\n    # @pytest.mark.run(order=1)\n    def test_environment_cycle_numinput3(self, login_to_environment):\n        driver = login_to_environment  # WebDriver 实例\n        environment = EnvironmentPage(driver)  # 用 driver 初始化 EnvironmentPage\n        environment.click_cycle()\n        value = \"QAseE1@!><?+_+=-33.\"\n        xpth_list = [\n            '//div[label[text()=\"分派开始时间:\"]]//input',\n            '//div[label[text()=\"分派结束时间:\"]]//input',\n            '//div[label[text()=\"生产指令结束时间:\"]]//input',\n            '//div[label[text()=\"显示开始时间:\"]]//input',\n            '//div[label[text()=\"显示结束时间:\"]]//input',\n        ]\n        environment.batch_modify_input(xpth_list, value)\n        environment.click_button('//div[label[text()=\"分派开始时间:\"]]//input')\n        before_value = environment.batch_acquisition_input(xpth_list)\n        environment.click_save_button()\n        message = environment.get_find_message()\n        environment.right_refresh()\n        environment.click_cycle()\n        after_value = environment.batch_acquisition_input(xpth_list)\n        assert before_value == after_value and message == \"保存成功\"\n>       assert all(value == \"133\" for value in before_value)\nE       assert False\nE        +  where False = all(<generator object TestEnvironmentPage.test_environment_cycle_numinput3.<locals>.<genexpr> at 0x0000025DC6464200>)\n\nTests\\test_system\\test_environment.py:223: AssertionError","steps":[],"attachments":[{"uid":"56763ef730358866","name":"test_environment_cycle_numinput3_failure","source":"56763ef730358866.png","type":"image/png","size":65993},{"uid":"905d261e9593d866","name":"test_environment_cycle_numinput3_source","source":"905d261e9593d866.html","type":"text/html","size":1137483},{"uid":"b389af2c9e568d21","name":"log","source":"b389af2c9e568d21.txt","type":"text/plain","size":3825}],"parameters":[],"attachmentsCount":3,"shouldDisplayMessage":true,"stepsCount":0,"attachmentStep":false,"hasContent":true},"afterStages":[{"name":"login_to_environment::0","time":{"start":1763062668749,"stop":1763062670921,"duration":2172},"status":"passed","steps":[],"attachments":[],"parameters":[],"attachmentsCount":0,"shouldDisplayMessage":false,"stepsCount":0,"attachmentStep":false,"hasContent":false}],"labels":[{"name":"feature","value":"环境设置页用例"},{"name":"story","value":"周期页面-校验所有数字输入框-只允许输入数字"},{"name":"parentSuite","value":"Tests.test_system"},{"name":"suite","value":"test_environment"},{"name":"subSuite","value":"TestEnvironmentPage"},{"name":"host","value":"WIN-20240820MJV"},{"name":"thread","value":"22584-MainThread"},{"name":"framework","value":"pytest"},{"name":"language","value":"cpython3"},{"name":"package","value":"Tests.test_system.test_environment"},{"name":"resultFormat","value":"allure2"}],"parameters":[],"links":[],"hidden":true,"retry":true,"extra":{"categories":[],"tags":[]},"source":"b3691f9a12b3b688.json","parameterValues":[]}