{"uid":"b48ab65f65507687","name":"test_process_shift","fullName":"Tests.test_items.test_process.TestProcessPage#test_process_shift","historyId":"8f14b898c0793d492aedcf56300978ae","time":{"start":1769434635927,"stop":1769434646012,"duration":10085},"status":"broken","statusMessage":"selenium.common.exceptions.TimeoutException: Message: 点击失败，找不到元素：xpath = //table[@class=\"vxe-table--body\"]//tr[1]//td[1]","statusTrace":"self = <Pages.itemsPage.process_page.ProcessPage object at 0x0000022063CB8AC0>, by_or_element = 'xpath', value = '//table[@class=\"vxe-table--body\"]//tr[1]//td[1]', wait_time = 10, retries = 2\n\n    def click(self, by_or_element, value=None, wait_time=10, retries=2):\n        \"\"\"\n        更稳健的点击方法：支持定位符或 WebElement，自动处理 stale 元素、点击拦截等问题。\n        \"\"\"\n        for attempt in range(retries):\n            try:\n                if value is not None:\n                    by = by_or_element\n                    logging.info(f\"点击元素：By = {by}, Value = {value}\")\n>                   element = WebDriverWait(self.driver, wait_time).until(\n                        EC.element_to_be_clickable((by, value))\n                    )\n\nPages\\base_page.py:49: \n_ _ _ _ _ _ _ _ _ _ _ _ _ _ _ _ _ _ _ _ _ _ _ _ _ _ _ _ _ _ _ _ _ _ _ _ _ _ _ _ _ _ _ _ _ _ _ _ _ _ _ _ _ _ _ _ _ _ _ _ _ _ _ _ _ _ _ _ _ _ _ _ _ _ _ _ _ _ _ _ _ _ _ _ _ _ _ _ _ _ _ _ _ _ _ _ _ _ _ _ _ _ _ _ _ _ _ _ _ _ _ _ _ _ _ _\n\nself = <selenium.webdriver.support.wait.WebDriverWait (session=\"398f2d45049297f92e5315755088021f\")>, method = <function element_to_be_clickable.<locals>._predicate at 0x0000022063CC31C0>, message = ''\n\n    def until(self, method: Callable[[D], Union[Literal[False], T]], message: str = \"\") -> T:\n        \"\"\"Wait until the method returns a value that is not False.\n    \n        Calls the method provided with the driver as an argument until the\n        return value does not evaluate to ``False``.\n    \n        Parameters:\n        -----------\n        method: callable(WebDriver)\n            - A callable object that takes a WebDriver instance as an argument.\n    \n        message: str\n            - Optional message for :exc:`TimeoutException`\n    \n        Return:\n        -------\n        object: T\n            - The result of the last call to `method`\n    \n        Raises:\n        -------\n        TimeoutException\n            - If 'method' does not return a truthy value within the WebDriverWait\n            object's timeout\n    \n        Example:\n        --------\n        >>> from selenium.webdriver.common.by import By\n        >>> from selenium.webdriver.support.ui import WebDriverWait\n        >>> from selenium.webdriver.support import expected_conditions as EC\n    \n        # Wait until an element is visible on the page\n        >>> wait = WebDriverWait(driver, 10)\n        >>> element = wait.until(EC.visibility_of_element_located((By.ID, \"exampleId\")))\n        >>> print(element.text)\n        \"\"\"\n        screen = None\n        stacktrace = None\n    \n        end_time = time.monotonic() + self._timeout\n        while True:\n            try:\n                value = method(self._driver)\n                if value:\n                    return value\n            except self._ignored_exceptions as exc:\n                screen = getattr(exc, \"screen\", None)\n                stacktrace = getattr(exc, \"stacktrace\", None)\n            if time.monotonic() > end_time:\n                break\n            time.sleep(self._poll)\n>       raise TimeoutException(message, screen, stacktrace)\nE       selenium.common.exceptions.TimeoutException: Message: \nE       Stacktrace:\nE       \tGetHandleVerifier [0x0x7ff6f1146f65+78965]\nE       \tGetHandleVerifier [0x0x7ff6f1146fc0+79056]\nE       \t(No symbol) [0x0x7ff6f0ed9dda]\nE       \t(No symbol) [0x0x7ff6f0f302ea]\nE       \t(No symbol) [0x0x7ff6f0f3059c]\nE       \t(No symbol) [0x0x7ff6f0f83f37]\nE       \t(No symbol) [0x0x7ff6f0f586af]\nE       \t(No symbol) [0x0x7ff6f0f80dbe]\nE       \t(No symbol) [0x0x7ff6f0f58443]\nE       \t(No symbol) [0x0x7ff6f0f21311]\nE       \t(No symbol) [0x0x7ff6f0f220a3]\nE       \tGetHandleVerifier [0x0x7ff6f13fe26d+2926461]\nE       \tGetHandleVerifier [0x0x7ff6f13f8993+2903715]\nE       \tGetHandleVerifier [0x0x7ff6f1416aed+3026941]\nE       \tGetHandleVerifier [0x0x7ff6f11616fe+187406]\nE       \tGetHandleVerifier [0x0x7ff6f11696ef+220159]\nE       \tGetHandleVerifier [0x0x7ff6f114faf4+114692]\nE       \tGetHandleVerifier [0x0x7ff6f114fca9+115129]\nE       \tGetHandleVerifier [0x0x7ff6f11364d8+10728]\nE       \tBaseThreadInitThunk [0x0x7ffd42e67374+20]\nE       \tRtlUserThreadStart [0x0x7ffd43a1cc91+33]\n\nmyenv\\lib\\site-packages\\selenium\\webdriver\\support\\wait.py:138: TimeoutException\n\nDuring handling of the above exception, another exception occurred:\n\nself = <test_items.test_process.TestProcessPage object at 0x0000022063307CA0>, login_to_process = <selenium.webdriver.chrome.webdriver.WebDriver (session=\"398f2d45049297f92e5315755088021f\")>\n\n    @allure.story(\"模拟Shift+点击可多选ctrl+i添加\")\n    # @pytest.mark.run(order=1)\n    def test_process_shift(self, login_to_process):\n        driver = login_to_process  # WebDriver 实例\n        process = ProcessPage(driver)  # 用 driver 初始化 ProcessPage\n        elements = ['//table[@class=\"vxe-table--body\"]//tr[1]//td[1]',\n                    '//table[@class=\"vxe-table--body\"]//tr[2]//td[1]']\n>       process.click_button(elements[0])\n\nTests\\test_items\\test_process.py:1224: \n_ _ _ _ _ _ _ _ _ _ _ _ _ _ _ _ _ _ _ _ _ _ _ _ _ _ _ _ _ _ _ _ _ _ _ _ _ _ _ _ _ _ _ _ _ _ _ _ _ _ _ _ _ _ _ _ _ _ _ _ _ _ _ _ _ _ _ _ _ _ _ _ _ _ _ _ _ _ _ _ _ _ _ _ _ _ _ _ _ _ _ _ _ _ _ _ _ _ _ _ _ _ _ _ _ _ _ _ _ _ _ _ _ _ _ _\nPages\\itemsPage\\process_page.py:43: in click_button\n    self.click(By.XPATH, xpath)\n_ _ _ _ _ _ _ _ _ _ _ _ _ _ _ _ _ _ _ _ _ _ _ _ _ _ _ _ _ _ _ _ _ _ _ _ _ _ _ _ _ _ _ _ _ _ _ _ _ _ _ _ _ _ _ _ _ _ _ _ _ _ _ _ _ _ _ _ _ _ _ _ _ _ _ _ _ _ _ _ _ _ _ _ _ _ _ _ _ _ _ _ _ _ _ _ _ _ _ _ _ _ _ _ _ _ _ _ _ _ _ _ _ _ _ _\n\nself = <Pages.itemsPage.process_page.ProcessPage object at 0x0000022063CB8AC0>, by_or_element = 'xpath', value = '//table[@class=\"vxe-table--body\"]//tr[1]//td[1]', wait_time = 10, retries = 2\n\n    def click(self, by_or_element, value=None, wait_time=10, retries=2):\n        \"\"\"\n        更稳健的点击方法：支持定位符或 WebElement，自动处理 stale 元素、点击拦截等问题。\n        \"\"\"\n        for attempt in range(retries):\n            try:\n                if value is not None:\n                    by = by_or_element\n                    logging.info(f\"点击元素：By = {by}, Value = {value}\")\n                    element = WebDriverWait(self.driver, wait_time).until(\n                        EC.element_to_be_clickable((by, value))\n                    )\n                else:\n                    logging.info(\"点击元素：WebElement 对象\")\n                    element = by_or_element\n    \n                element.click()\n                logging.info(\"✅ 点击成功\")\n                return\n    \n            except ElementClickInterceptedException:\n                logging.warning(\"⚠️ 原生点击被拦截，尝试使用 JS 点击\")\n                try:\n                    self.driver.execute_script(\"arguments[0].click();\", element)\n                    logging.info(\"✅ JS 点击成功\")\n                    return\n                except Exception as js_error:\n                    logging.warning(f\"⚠️ JS 点击失败：{js_error}\")\n                    sleep(1)\n                    continue  # 下一轮重试\n    \n            except StaleElementReferenceException:\n                logging.warning(f\"⚠️ 第 {attempt + 1} 次点击失败：元素过期，尝试重新定位\")\n                sleep(1)\n                continue  # 下一轮重试时重新定位\n    \n            except TimeoutException:\n                logging.error(f\"❌ 元素未在 {wait_time} 秒内变为可点击\")\n>               raise TimeoutException(f\"点击失败，找不到元素：{by_or_element} = {value}\")\nE               selenium.common.exceptions.TimeoutException: Message: 点击失败，找不到元素：xpath = //table[@class=\"vxe-table--body\"]//tr[1]//td[1]\n\nPages\\base_page.py:78: TimeoutException","flaky":false,"newFailed":false,"newBroken":false,"newPassed":false,"retriesCount":1,"retriesStatusChange":false,"beforeStages":[{"name":"login_to_process","time":{"start":1769434100957,"stop":1769434118647,"duration":17690},"status":"passed","steps":[],"attachments":[],"parameters":[],"hasContent":false,"attachmentStep":false,"stepsCount":0,"attachmentsCount":0,"shouldDisplayMessage":false}],"testStage":{"status":"broken","statusMessage":"selenium.common.exceptions.TimeoutException: Message: 点击失败，找不到元素：xpath = //table[@class=\"vxe-table--body\"]//tr[1]//td[1]","statusTrace":"self = <Pages.itemsPage.process_page.ProcessPage object at 0x0000022063CB8AC0>, by_or_element = 'xpath', value = '//table[@class=\"vxe-table--body\"]//tr[1]//td[1]', wait_time = 10, retries = 2\n\n    def click(self, by_or_element, value=None, wait_time=10, retries=2):\n        \"\"\"\n        更稳健的点击方法：支持定位符或 WebElement，自动处理 stale 元素、点击拦截等问题。\n        \"\"\"\n        for attempt in range(retries):\n            try:\n                if value is not None:\n                    by = by_or_element\n                    logging.info(f\"点击元素：By = {by}, Value = {value}\")\n>                   element = WebDriverWait(self.driver, wait_time).until(\n                        EC.element_to_be_clickable((by, value))\n                    )\n\nPages\\base_page.py:49: \n_ _ _ _ _ _ _ _ _ _ _ _ _ _ _ _ _ _ _ _ _ _ _ _ _ _ _ _ _ _ _ _ _ _ _ _ _ _ _ _ _ _ _ _ _ _ _ _ _ _ _ _ _ _ _ _ _ _ _ _ _ _ _ _ _ _ _ _ _ _ _ _ _ _ _ _ _ _ _ _ _ _ _ _ _ _ _ _ _ _ _ _ _ _ _ _ _ _ _ _ _ _ _ _ _ _ _ _ _ _ _ _ _ _ _ _\n\nself = <selenium.webdriver.support.wait.WebDriverWait (session=\"398f2d45049297f92e5315755088021f\")>, method = <function element_to_be_clickable.<locals>._predicate at 0x0000022063CC31C0>, message = ''\n\n    def until(self, method: Callable[[D], Union[Literal[False], T]], message: str = \"\") -> T:\n        \"\"\"Wait until the method returns a value that is not False.\n    \n        Calls the method provided with the driver as an argument until the\n        return value does not evaluate to ``False``.\n    \n        Parameters:\n        -----------\n        method: callable(WebDriver)\n            - A callable object that takes a WebDriver instance as an argument.\n    \n        message: str\n            - Optional message for :exc:`TimeoutException`\n    \n        Return:\n        -------\n        object: T\n            - The result of the last call to `method`\n    \n        Raises:\n        -------\n        TimeoutException\n            - If 'method' does not return a truthy value within the WebDriverWait\n            object's timeout\n    \n        Example:\n        --------\n        >>> from selenium.webdriver.common.by import By\n        >>> from selenium.webdriver.support.ui import WebDriverWait\n        >>> from selenium.webdriver.support import expected_conditions as EC\n    \n        # Wait until an element is visible on the page\n        >>> wait = WebDriverWait(driver, 10)\n        >>> element = wait.until(EC.visibility_of_element_located((By.ID, \"exampleId\")))\n        >>> print(element.text)\n        \"\"\"\n        screen = None\n        stacktrace = None\n    \n        end_time = time.monotonic() + self._timeout\n        while True:\n            try:\n                value = method(self._driver)\n                if value:\n                    return value\n            except self._ignored_exceptions as exc:\n                screen = getattr(exc, \"screen\", None)\n                stacktrace = getattr(exc, \"stacktrace\", None)\n            if time.monotonic() > end_time:\n                break\n            time.sleep(self._poll)\n>       raise TimeoutException(message, screen, stacktrace)\nE       selenium.common.exceptions.TimeoutException: Message: \nE       Stacktrace:\nE       \tGetHandleVerifier [0x0x7ff6f1146f65+78965]\nE       \tGetHandleVerifier [0x0x7ff6f1146fc0+79056]\nE       \t(No symbol) [0x0x7ff6f0ed9dda]\nE       \t(No symbol) [0x0x7ff6f0f302ea]\nE       \t(No symbol) [0x0x7ff6f0f3059c]\nE       \t(No symbol) [0x0x7ff6f0f83f37]\nE       \t(No symbol) [0x0x7ff6f0f586af]\nE       \t(No symbol) [0x0x7ff6f0f80dbe]\nE       \t(No symbol) [0x0x7ff6f0f58443]\nE       \t(No symbol) [0x0x7ff6f0f21311]\nE       \t(No symbol) [0x0x7ff6f0f220a3]\nE       \tGetHandleVerifier [0x0x7ff6f13fe26d+2926461]\nE       \tGetHandleVerifier [0x0x7ff6f13f8993+2903715]\nE       \tGetHandleVerifier [0x0x7ff6f1416aed+3026941]\nE       \tGetHandleVerifier [0x0x7ff6f11616fe+187406]\nE       \tGetHandleVerifier [0x0x7ff6f11696ef+220159]\nE       \tGetHandleVerifier [0x0x7ff6f114faf4+114692]\nE       \tGetHandleVerifier [0x0x7ff6f114fca9+115129]\nE       \tGetHandleVerifier [0x0x7ff6f11364d8+10728]\nE       \tBaseThreadInitThunk [0x0x7ffd42e67374+20]\nE       \tRtlUserThreadStart [0x0x7ffd43a1cc91+33]\n\nmyenv\\lib\\site-packages\\selenium\\webdriver\\support\\wait.py:138: TimeoutException\n\nDuring handling of the above exception, another exception occurred:\n\nself = <test_items.test_process.TestProcessPage object at 0x0000022063307CA0>, login_to_process = <selenium.webdriver.chrome.webdriver.WebDriver (session=\"398f2d45049297f92e5315755088021f\")>\n\n    @allure.story(\"模拟Shift+点击可多选ctrl+i添加\")\n    # @pytest.mark.run(order=1)\n    def test_process_shift(self, login_to_process):\n        driver = login_to_process  # WebDriver 实例\n        process = ProcessPage(driver)  # 用 driver 初始化 ProcessPage\n        elements = ['//table[@class=\"vxe-table--body\"]//tr[1]//td[1]',\n                    '//table[@class=\"vxe-table--body\"]//tr[2]//td[1]']\n>       process.click_button(elements[0])\n\nTests\\test_items\\test_process.py:1224: \n_ _ _ _ _ _ _ _ _ _ _ _ _ _ _ _ _ _ _ _ _ _ _ _ _ _ _ _ _ _ _ _ _ _ _ _ _ _ _ _ _ _ _ _ _ _ _ _ _ _ _ _ _ _ _ _ _ _ _ _ _ _ _ _ _ _ _ _ _ _ _ _ _ _ _ _ _ _ _ _ _ _ _ _ _ _ _ _ _ _ _ _ _ _ _ _ _ _ _ _ _ _ _ _ _ _ _ _ _ _ _ _ _ _ _ _\nPages\\itemsPage\\process_page.py:43: in click_button\n    self.click(By.XPATH, xpath)\n_ _ _ _ _ _ _ _ _ _ _ _ _ _ _ _ _ _ _ _ _ _ _ _ _ _ _ _ _ _ _ _ _ _ _ _ _ _ _ _ _ _ _ _ _ _ _ _ _ _ _ _ _ _ _ _ _ _ _ _ _ _ _ _ _ _ _ _ _ _ _ _ _ _ _ _ _ _ _ _ _ _ _ _ _ _ _ _ _ _ _ _ _ _ _ _ _ _ _ _ _ _ _ _ _ _ _ _ _ _ _ _ _ _ _ _\n\nself = <Pages.itemsPage.process_page.ProcessPage object at 0x0000022063CB8AC0>, by_or_element = 'xpath', value = '//table[@class=\"vxe-table--body\"]//tr[1]//td[1]', wait_time = 10, retries = 2\n\n    def click(self, by_or_element, value=None, wait_time=10, retries=2):\n        \"\"\"\n        更稳健的点击方法：支持定位符或 WebElement，自动处理 stale 元素、点击拦截等问题。\n        \"\"\"\n        for attempt in range(retries):\n            try:\n                if value is not None:\n                    by = by_or_element\n                    logging.info(f\"点击元素：By = {by}, Value = {value}\")\n                    element = WebDriverWait(self.driver, wait_time).until(\n                        EC.element_to_be_clickable((by, value))\n                    )\n                else:\n                    logging.info(\"点击元素：WebElement 对象\")\n                    element = by_or_element\n    \n                element.click()\n                logging.info(\"✅ 点击成功\")\n                return\n    \n            except ElementClickInterceptedException:\n                logging.warning(\"⚠️ 原生点击被拦截，尝试使用 JS 点击\")\n                try:\n                    self.driver.execute_script(\"arguments[0].click();\", element)\n                    logging.info(\"✅ JS 点击成功\")\n                    return\n                except Exception as js_error:\n                    logging.warning(f\"⚠️ JS 点击失败：{js_error}\")\n                    sleep(1)\n                    continue  # 下一轮重试\n    \n            except StaleElementReferenceException:\n                logging.warning(f\"⚠️ 第 {attempt + 1} 次点击失败：元素过期，尝试重新定位\")\n                sleep(1)\n                continue  # 下一轮重试时重新定位\n    \n            except TimeoutException:\n                logging.error(f\"❌ 元素未在 {wait_time} 秒内变为可点击\")\n>               raise TimeoutException(f\"点击失败，找不到元素：{by_or_element} = {value}\")\nE               selenium.common.exceptions.TimeoutException: Message: 点击失败，找不到元素：xpath = //table[@class=\"vxe-table--body\"]//tr[1]//td[1]\n\nPages\\base_page.py:78: TimeoutException","steps":[],"attachments":[{"uid":"af4334664df85419","name":"test_process_shift_20260126_213726","source":"af4334664df85419.png","type":"image/png","size":57420},{"uid":"bd30337934a697ae","name":"log","source":"bd30337934a697ae.txt","type":"text/plain","size":413}],"parameters":[],"hasContent":true,"attachmentStep":false,"stepsCount":0,"attachmentsCount":2,"shouldDisplayMessage":true},"afterStages":[{"name":"login_to_process::0","time":{"start":1769434707476,"stop":1769434709658,"duration":2182},"status":"passed","steps":[],"attachments":[],"parameters":[],"hasContent":false,"attachmentStep":false,"stepsCount":0,"attachmentsCount":0,"shouldDisplayMessage":false}],"labels":[{"name":"story","value":"模拟Shift+点击可多选ctrl+i添加"},{"name":"feature","value":"工序表测试用例"},{"name":"parentSuite","value":"Tests.test_items"},{"name":"suite","value":"test_process"},{"name":"subSuite","value":"TestProcessPage"},{"name":"host","value":"WIN-20240820MJV"},{"name":"thread","value":"40768-MainThread"},{"name":"framework","value":"pytest"},{"name":"language","value":"cpython3"},{"name":"package","value":"Tests.test_items.test_process"},{"name":"resultFormat","value":"allure2"}],"parameters":[],"links":[],"hidden":false,"retry":false,"extra":{"severity":"normal","retries":[{"uid":"7edc2402d3e09a89","status":"broken","statusDetails":"selenium.common.exceptions.TimeoutException: Message: 点击失败，找不到元素：xpath = //table[@class=\"vxe-table--body\"]//tr[1]//td[1]","time":{"start":1769434625653,"stop":1769434635784,"duration":10131}}],"categories":[{"name":"Test defects","matchedStatuses":[]}],"tags":[]},"source":"b48ab65f65507687.json","parameterValues":[]}