{"uid":"b4f05578ef36cec9","name":"test_affairs_log_sel4","fullName":"Tests.test_system.test_affairs.TestAffairsPage#test_affairs_log_sel4","historyId":"96f9699cd3ac8151a098e8b70ca9d0e5","time":{"start":1770063055033,"stop":1770063062857,"duration":7824},"status":"failed","statusMessage":"AssertionError: assert False\n +  where False = all(<generator object TestAffairsPage.test_affairs_log_sel4.<locals>.<genexpr> at 0x000001FD22DB2E30>)","statusTrace":"self = <test_system.test_affairs.TestAffairsPage object at 0x000001FD2043E590>, login_to_affairs = <selenium.webdriver.chrome.webdriver.WebDriver (session=\"f19b42d35f61819e504dc44f148099ac\")>\n\n    @allure.story(\"流程日志-流程ID搜索成功搜索成功\")\n    def test_affairs_log_sel4(self, login_to_affairs):\n        driver = login_to_affairs  # WebDriver 实例\n        affairs = AffairsPage(driver)  # 用 driver 初始化 AffairsPage\n        num = 1000\n        affairs.click_process_log()\n        pid = affairs.get_find_element_xpath('(//table[@class=\"el-table__body\"])[2]//tr[2]/td[5]').text\n        affairs.click_paging(num)\n        sleep(1)\n        affairs.sel_log_all(pid=pid)\n        list_ = []\n        cells = driver.find_elements(By.XPATH, '(//table[@class=\"el-table__body\"])[2]//tr/td[5]')\n        for cell in cells:\n            list_.append(cell.text)\n        affairs.click_reset_button()\n>       assert all(pid == t for t in list_)\nE       assert False\nE        +  where False = all(<generator object TestAffairsPage.test_affairs_log_sel4.<locals>.<genexpr> at 0x000001FD22DB2E30>)\n\nTests\\test_system\\test_affairs.py:1460: AssertionError","flaky":false,"newFailed":false,"newBroken":false,"newPassed":false,"retriesCount":0,"retriesStatusChange":false,"beforeStages":[{"name":"login_to_affairs","time":{"start":1770062196980,"stop":1770062214138,"duration":17158},"status":"passed","steps":[],"attachments":[],"parameters":[],"hasContent":false,"stepsCount":0,"attachmentStep":false,"shouldDisplayMessage":false,"attachmentsCount":0}],"testStage":{"status":"failed","statusMessage":"AssertionError: assert False\n +  where False = all(<generator object TestAffairsPage.test_affairs_log_sel4.<locals>.<genexpr> at 0x000001FD22DB2E30>)","statusTrace":"self = <test_system.test_affairs.TestAffairsPage object at 0x000001FD2043E590>, login_to_affairs = <selenium.webdriver.chrome.webdriver.WebDriver (session=\"f19b42d35f61819e504dc44f148099ac\")>\n\n    @allure.story(\"流程日志-流程ID搜索成功搜索成功\")\n    def test_affairs_log_sel4(self, login_to_affairs):\n        driver = login_to_affairs  # WebDriver 实例\n        affairs = AffairsPage(driver)  # 用 driver 初始化 AffairsPage\n        num = 1000\n        affairs.click_process_log()\n        pid = affairs.get_find_element_xpath('(//table[@class=\"el-table__body\"])[2]//tr[2]/td[5]').text\n        affairs.click_paging(num)\n        sleep(1)\n        affairs.sel_log_all(pid=pid)\n        list_ = []\n        cells = driver.find_elements(By.XPATH, '(//table[@class=\"el-table__body\"])[2]//tr/td[5]')\n        for cell in cells:\n            list_.append(cell.text)\n        affairs.click_reset_button()\n>       assert all(pid == t for t in list_)\nE       assert False\nE        +  where False = all(<generator object TestAffairsPage.test_affairs_log_sel4.<locals>.<genexpr> at 0x000001FD22DB2E30>)\n\nTests\\test_system\\test_affairs.py:1460: AssertionError","steps":[],"attachments":[{"uid":"b8d5c8469f0f877e","name":"test_affairs_log_sel4_20260203_041102","source":"b8d5c8469f0f877e.png","type":"image/png","size":108268},{"uid":"68185ca92fae698c","name":"test_affairs_log_sel4_20260203_041103","source":"68185ca92fae698c.png","type":"image/png","size":108268},{"uid":"9f54c2bbac2cb8de","name":"test_affairs_log_sel4_20260203_041103","source":"9f54c2bbac2cb8de.png","type":"image/png","size":131232},{"uid":"eb46a2351ea312ba","name":"log","source":"eb46a2351ea312ba.txt","type":"text/plain","size":1172}],"parameters":[],"hasContent":true,"stepsCount":0,"attachmentStep":false,"shouldDisplayMessage":true,"attachmentsCount":4},"afterStages":[{"name":"login_to_affairs::0","time":{"start":1770063185730,"stop":1770063187895,"duration":2165},"status":"passed","steps":[],"attachments":[],"parameters":[],"hasContent":false,"stepsCount":0,"attachmentStep":false,"shouldDisplayMessage":false,"attachmentsCount":0}],"labels":[{"name":"story","value":"流程日志-流程ID搜索成功搜索成功"},{"name":"feature","value":"事务管理页用例"},{"name":"parentSuite","value":"Tests.test_system"},{"name":"suite","value":"test_affairs"},{"name":"subSuite","value":"TestAffairsPage"},{"name":"host","value":"WIN-20240820MJV"},{"name":"thread","value":"44308-MainThread"},{"name":"framework","value":"pytest"},{"name":"language","value":"cpython3"},{"name":"package","value":"Tests.test_system.test_affairs"},{"name":"resultFormat","value":"allure2"}],"parameters":[],"links":[],"hidden":true,"retry":true,"extra":{"categories":[],"tags":[]},"source":"b4f05578ef36cec9.json","parameterValues":[]}