{"uid":"b808ea90502c7b0e","name":"test_tablesetting_unhiderow2","fullName":"Tests.test_items.test_tablesetting.TestTableSettingPage#test_tablesetting_unhiderow2","historyId":"fd1d78de9ca434358aa03fe05dd2bdfe","time":{"start":1770313606937,"stop":1770313617379,"duration":10442},"status":"broken","statusMessage":"selenium.common.exceptions.TimeoutException: Message: 点击失败，找不到元素：xpath = //li//span[text()=\"隐藏行\"]","statusTrace":"self = <Pages.itemsPage.setting_page.SettingPage object at 0x000001B939DD41C0>, by_or_element = 'xpath', value = '//li//span[text()=\"隐藏行\"]', wait_time = 10, retries = 2\n\n    def click(self, by_or_element, value=None, wait_time=10, retries=2):\n        \"\"\"\n        更稳健的点击方法：支持定位符或 WebElement，自动处理 stale 元素、点击拦截等问题。\n        \"\"\"\n        for attempt in range(retries):\n            try:\n                if value is not None:\n                    by = by_or_element\n                    logging.info(f\"点击元素：By = {by}, Value = {value}\")\n>                   element = WebDriverWait(self.driver, wait_time).until(\n                        EC.element_to_be_clickable((by, value))\n                    )\n\nPages\\base_page.py:49: \n_ _ _ _ _ _ _ _ _ _ _ _ _ _ _ _ _ _ _ _ _ _ _ _ _ _ _ _ _ _ _ _ _ _ _ _ _ _ _ _ _ _ _ _ _ _ _ _ _ _ _ _ _ _ _ _ _ _ _ _ _ _ _ _ _ _ _ _ _ _ _ _ _ _ _ _ _ _ _ _ _ _ _ _ _ _ _ _ _ _ _ _ _ _ _ _ _ _ _ _ _ _ _ _ _ _ _ _ _ _ _ _ _ _ _ _\n\nself = <selenium.webdriver.support.wait.WebDriverWait (session=\"374b6c1e5378867b4b0094364860cec1\")>, method = <function element_to_be_clickable.<locals>._predicate at 0x000001B93A20F2E0>, message = ''\n\n    def until(self, method: Callable[[D], Union[Literal[False], T]], message: str = \"\") -> T:\n        \"\"\"Wait until the method returns a value that is not False.\n    \n        Calls the method provided with the driver as an argument until the\n        return value does not evaluate to ``False``.\n    \n        Parameters:\n        -----------\n        method: callable(WebDriver)\n            - A callable object that takes a WebDriver instance as an argument.\n    \n        message: str\n            - Optional message for :exc:`TimeoutException`\n    \n        Return:\n        -------\n        object: T\n            - The result of the last call to `method`\n    \n        Raises:\n        -------\n        TimeoutException\n            - If 'method' does not return a truthy value within the WebDriverWait\n            object's timeout\n    \n        Example:\n        --------\n        >>> from selenium.webdriver.common.by import By\n        >>> from selenium.webdriver.support.ui import WebDriverWait\n        >>> from selenium.webdriver.support import expected_conditions as EC\n    \n        # Wait until an element is visible on the page\n        >>> wait = WebDriverWait(driver, 10)\n        >>> element = wait.until(EC.visibility_of_element_located((By.ID, \"exampleId\")))\n        >>> print(element.text)\n        \"\"\"\n        screen = None\n        stacktrace = None\n    \n        end_time = time.monotonic() + self._timeout\n        while True:\n            try:\n                value = method(self._driver)\n                if value:\n                    return value\n            except self._ignored_exceptions as exc:\n                screen = getattr(exc, \"screen\", None)\n                stacktrace = getattr(exc, \"stacktrace\", None)\n            if time.monotonic() > end_time:\n                break\n            time.sleep(self._poll)\n>       raise TimeoutException(message, screen, stacktrace)\nE       selenium.common.exceptions.TimeoutException: Message: \nE       Stacktrace:\nE       \tGetHandleVerifier [0x0x7ff722056f65+78965]\nE       \tGetHandleVerifier [0x0x7ff722056fc0+79056]\nE       \t(No symbol) [0x0x7ff721de9dda]\nE       \t(No symbol) [0x0x7ff721e402ea]\nE       \t(No symbol) [0x0x7ff721e4059c]\nE       \t(No symbol) [0x0x7ff721e93f37]\nE       \t(No symbol) [0x0x7ff721e686af]\nE       \t(No symbol) [0x0x7ff721e90dbe]\nE       \t(No symbol) [0x0x7ff721e68443]\nE       \t(No symbol) [0x0x7ff721e31311]\nE       \t(No symbol) [0x0x7ff721e320a3]\nE       \tGetHandleVerifier [0x0x7ff72230e26d+2926461]\nE       \tGetHandleVerifier [0x0x7ff722308993+2903715]\nE       \tGetHandleVerifier [0x0x7ff722326aed+3026941]\nE       \tGetHandleVerifier [0x0x7ff7220716fe+187406]\nE       \tGetHandleVerifier [0x0x7ff7220796ef+220159]\nE       \tGetHandleVerifier [0x0x7ff72205faf4+114692]\nE       \tGetHandleVerifier [0x0x7ff72205fca9+115129]\nE       \tGetHandleVerifier [0x0x7ff7220464d8+10728]\nE       \tBaseThreadInitThunk [0x0x7ffa14ef7374+20]\nE       \tRtlUserThreadStart [0x0x7ffa16b1cc91+33]\n\nmyenv\\lib\\site-packages\\selenium\\webdriver\\support\\wait.py:138: TimeoutException\n\nDuring handling of the above exception, another exception occurred:\n\nself = <test_items.test_tablesetting.TestTableSettingPage object at 0x000001B937E0D2D0>, login_to_tablesetting = <selenium.webdriver.chrome.webdriver.WebDriver (session=\"374b6c1e5378867b4b0094364860cec1\")>\n\n    @allure.story(\"点击图标取消隐藏行成功\")\n    # @pytest.mark.run(order=1)\n    def test_tablesetting_unhiderow2(self, login_to_tablesetting):\n        driver = login_to_tablesetting  # WebDriver 实例\n        setting = SettingPage(driver)  # 用 driver 初始化 SettingPage\n>       setting.click_right_click_row('(//table[@class=\"vxe-table--body\"]//tr[1]//td[1])[2]', '隐藏行')\n\nTests\\test_items\\test_tablesetting.py:140: \n_ _ _ _ _ _ _ _ _ _ _ _ _ _ _ _ _ _ _ _ _ _ _ _ _ _ _ _ _ _ _ _ _ _ _ _ _ _ _ _ _ _ _ _ _ _ _ _ _ _ _ _ _ _ _ _ _ _ _ _ _ _ _ _ _ _ _ _ _ _ _ _ _ _ _ _ _ _ _ _ _ _ _ _ _ _ _ _ _ _ _ _ _ _ _ _ _ _ _ _ _ _ _ _ _ _ _ _ _ _ _ _ _ _ _ _\nPages\\itemsPage\\setting_page.py:311: in click_right_click_row\n    self.click_button(f'//li//span[text()=\"{name}\"]')\nPages\\itemsPage\\setting_page.py:22: in click_button\n    self.click(By.XPATH, xpath)\n_ _ _ _ _ _ _ _ _ _ _ _ _ _ _ _ _ _ _ _ _ _ _ _ _ _ _ _ _ _ _ _ _ _ _ _ _ _ _ _ _ _ _ _ _ _ _ _ _ _ _ _ _ _ _ _ _ _ _ _ _ _ _ _ _ _ _ _ _ _ _ _ _ _ _ _ _ _ _ _ _ _ _ _ _ _ _ _ _ _ _ _ _ _ _ _ _ _ _ _ _ _ _ _ _ _ _ _ _ _ _ _ _ _ _ _\n\nself = <Pages.itemsPage.setting_page.SettingPage object at 0x000001B939DD41C0>, by_or_element = 'xpath', value = '//li//span[text()=\"隐藏行\"]', wait_time = 10, retries = 2\n\n    def click(self, by_or_element, value=None, wait_time=10, retries=2):\n        \"\"\"\n        更稳健的点击方法：支持定位符或 WebElement，自动处理 stale 元素、点击拦截等问题。\n        \"\"\"\n        for attempt in range(retries):\n            try:\n                if value is not None:\n                    by = by_or_element\n                    logging.info(f\"点击元素：By = {by}, Value = {value}\")\n                    element = WebDriverWait(self.driver, wait_time).until(\n                        EC.element_to_be_clickable((by, value))\n                    )\n                else:\n                    logging.info(\"点击元素：WebElement 对象\")\n                    element = by_or_element\n    \n                element.click()\n                logging.info(\"✅ 点击成功\")\n                return\n    \n            except ElementClickInterceptedException:\n                logging.warning(\"⚠️ 原生点击被拦截，尝试使用 JS 点击\")\n                try:\n                    self.driver.execute_script(\"arguments[0].click();\", element)\n                    logging.info(\"✅ JS 点击成功\")\n                    return\n                except Exception as js_error:\n                    logging.warning(f\"⚠️ JS 点击失败：{js_error}\")\n                    sleep(1)\n                    continue  # 下一轮重试\n    \n            except StaleElementReferenceException:\n                logging.warning(f\"⚠️ 第 {attempt + 1} 次点击失败：元素过期，尝试重新定位\")\n                sleep(1)\n                continue  # 下一轮重试时重新定位\n    \n            except TimeoutException:\n                logging.error(f\"❌ 元素未在 {wait_time} 秒内变为可点击\")\n>               raise TimeoutException(f\"点击失败，找不到元素：{by_or_element} = {value}\")\nE               selenium.common.exceptions.TimeoutException: Message: 点击失败，找不到元素：xpath = //li//span[text()=\"隐藏行\"]\n\nPages\\base_page.py:78: TimeoutException","flaky":false,"newFailed":false,"newBroken":false,"newPassed":false,"retriesCount":1,"retriesStatusChange":true,"beforeStages":[{"name":"login_to_tablesetting","time":{"start":1770313477636,"stop":1770313497822,"duration":20186},"status":"passed","steps":[],"attachments":[],"parameters":[],"attachmentsCount":0,"shouldDisplayMessage":false,"stepsCount":0,"hasContent":false,"attachmentStep":false}],"testStage":{"status":"broken","statusMessage":"selenium.common.exceptions.TimeoutException: Message: 点击失败，找不到元素：xpath = //li//span[text()=\"隐藏行\"]","statusTrace":"self = <Pages.itemsPage.setting_page.SettingPage object at 0x000001B939DD41C0>, by_or_element = 'xpath', value = '//li//span[text()=\"隐藏行\"]', wait_time = 10, retries = 2\n\n    def click(self, by_or_element, value=None, wait_time=10, retries=2):\n        \"\"\"\n        更稳健的点击方法：支持定位符或 WebElement，自动处理 stale 元素、点击拦截等问题。\n        \"\"\"\n        for attempt in range(retries):\n            try:\n                if value is not None:\n                    by = by_or_element\n                    logging.info(f\"点击元素：By = {by}, Value = {value}\")\n>                   element = WebDriverWait(self.driver, wait_time).until(\n                        EC.element_to_be_clickable((by, value))\n                    )\n\nPages\\base_page.py:49: \n_ _ _ _ _ _ _ _ _ _ _ _ _ _ _ _ _ _ _ _ _ _ _ _ _ _ _ _ _ _ _ _ _ _ _ _ _ _ _ _ _ _ _ _ _ _ _ _ _ _ _ _ _ _ _ _ _ _ _ _ _ _ _ _ _ _ _ _ _ _ _ _ _ _ _ _ _ _ _ _ _ _ _ _ _ _ _ _ _ _ _ _ _ _ _ _ _ _ _ _ _ _ _ _ _ _ _ _ _ _ _ _ _ _ _ _\n\nself = <selenium.webdriver.support.wait.WebDriverWait (session=\"374b6c1e5378867b4b0094364860cec1\")>, method = <function element_to_be_clickable.<locals>._predicate at 0x000001B93A20F2E0>, message = ''\n\n    def until(self, method: Callable[[D], Union[Literal[False], T]], message: str = \"\") -> T:\n        \"\"\"Wait until the method returns a value that is not False.\n    \n        Calls the method provided with the driver as an argument until the\n        return value does not evaluate to ``False``.\n    \n        Parameters:\n        -----------\n        method: callable(WebDriver)\n            - A callable object that takes a WebDriver instance as an argument.\n    \n        message: str\n            - Optional message for :exc:`TimeoutException`\n    \n        Return:\n        -------\n        object: T\n            - The result of the last call to `method`\n    \n        Raises:\n        -------\n        TimeoutException\n            - If 'method' does not return a truthy value within the WebDriverWait\n            object's timeout\n    \n        Example:\n        --------\n        >>> from selenium.webdriver.common.by import By\n        >>> from selenium.webdriver.support.ui import WebDriverWait\n        >>> from selenium.webdriver.support import expected_conditions as EC\n    \n        # Wait until an element is visible on the page\n        >>> wait = WebDriverWait(driver, 10)\n        >>> element = wait.until(EC.visibility_of_element_located((By.ID, \"exampleId\")))\n        >>> print(element.text)\n        \"\"\"\n        screen = None\n        stacktrace = None\n    \n        end_time = time.monotonic() + self._timeout\n        while True:\n            try:\n                value = method(self._driver)\n                if value:\n                    return value\n            except self._ignored_exceptions as exc:\n                screen = getattr(exc, \"screen\", None)\n                stacktrace = getattr(exc, \"stacktrace\", None)\n            if time.monotonic() > end_time:\n                break\n            time.sleep(self._poll)\n>       raise TimeoutException(message, screen, stacktrace)\nE       selenium.common.exceptions.TimeoutException: Message: \nE       Stacktrace:\nE       \tGetHandleVerifier [0x0x7ff722056f65+78965]\nE       \tGetHandleVerifier [0x0x7ff722056fc0+79056]\nE       \t(No symbol) [0x0x7ff721de9dda]\nE       \t(No symbol) [0x0x7ff721e402ea]\nE       \t(No symbol) [0x0x7ff721e4059c]\nE       \t(No symbol) [0x0x7ff721e93f37]\nE       \t(No symbol) [0x0x7ff721e686af]\nE       \t(No symbol) [0x0x7ff721e90dbe]\nE       \t(No symbol) [0x0x7ff721e68443]\nE       \t(No symbol) [0x0x7ff721e31311]\nE       \t(No symbol) [0x0x7ff721e320a3]\nE       \tGetHandleVerifier [0x0x7ff72230e26d+2926461]\nE       \tGetHandleVerifier [0x0x7ff722308993+2903715]\nE       \tGetHandleVerifier [0x0x7ff722326aed+3026941]\nE       \tGetHandleVerifier [0x0x7ff7220716fe+187406]\nE       \tGetHandleVerifier [0x0x7ff7220796ef+220159]\nE       \tGetHandleVerifier [0x0x7ff72205faf4+114692]\nE       \tGetHandleVerifier [0x0x7ff72205fca9+115129]\nE       \tGetHandleVerifier [0x0x7ff7220464d8+10728]\nE       \tBaseThreadInitThunk [0x0x7ffa14ef7374+20]\nE       \tRtlUserThreadStart [0x0x7ffa16b1cc91+33]\n\nmyenv\\lib\\site-packages\\selenium\\webdriver\\support\\wait.py:138: TimeoutException\n\nDuring handling of the above exception, another exception occurred:\n\nself = <test_items.test_tablesetting.TestTableSettingPage object at 0x000001B937E0D2D0>, login_to_tablesetting = <selenium.webdriver.chrome.webdriver.WebDriver (session=\"374b6c1e5378867b4b0094364860cec1\")>\n\n    @allure.story(\"点击图标取消隐藏行成功\")\n    # @pytest.mark.run(order=1)\n    def test_tablesetting_unhiderow2(self, login_to_tablesetting):\n        driver = login_to_tablesetting  # WebDriver 实例\n        setting = SettingPage(driver)  # 用 driver 初始化 SettingPage\n>       setting.click_right_click_row('(//table[@class=\"vxe-table--body\"]//tr[1]//td[1])[2]', '隐藏行')\n\nTests\\test_items\\test_tablesetting.py:140: \n_ _ _ _ _ _ _ _ _ _ _ _ _ _ _ _ _ _ _ _ _ _ _ _ _ _ _ _ _ _ _ _ _ _ _ _ _ _ _ _ _ _ _ _ _ _ _ _ _ _ _ _ _ _ _ _ _ _ _ _ _ _ _ _ _ _ _ _ _ _ _ _ _ _ _ _ _ _ _ _ _ _ _ _ _ _ _ _ _ _ _ _ _ _ _ _ _ _ _ _ _ _ _ _ _ _ _ _ _ _ _ _ _ _ _ _\nPages\\itemsPage\\setting_page.py:311: in click_right_click_row\n    self.click_button(f'//li//span[text()=\"{name}\"]')\nPages\\itemsPage\\setting_page.py:22: in click_button\n    self.click(By.XPATH, xpath)\n_ _ _ _ _ _ _ _ _ _ _ _ _ _ _ _ _ _ _ _ _ _ _ _ _ _ _ _ _ _ _ _ _ _ _ _ _ _ _ _ _ _ _ _ _ _ _ _ _ _ _ _ _ _ _ _ _ _ _ _ _ _ _ _ _ _ _ _ _ _ _ _ _ _ _ _ _ _ _ _ _ _ _ _ _ _ _ _ _ _ _ _ _ _ _ _ _ _ _ _ _ _ _ _ _ _ _ _ _ _ _ _ _ _ _ _\n\nself = <Pages.itemsPage.setting_page.SettingPage object at 0x000001B939DD41C0>, by_or_element = 'xpath', value = '//li//span[text()=\"隐藏行\"]', wait_time = 10, retries = 2\n\n    def click(self, by_or_element, value=None, wait_time=10, retries=2):\n        \"\"\"\n        更稳健的点击方法：支持定位符或 WebElement，自动处理 stale 元素、点击拦截等问题。\n        \"\"\"\n        for attempt in range(retries):\n            try:\n                if value is not None:\n                    by = by_or_element\n                    logging.info(f\"点击元素：By = {by}, Value = {value}\")\n                    element = WebDriverWait(self.driver, wait_time).until(\n                        EC.element_to_be_clickable((by, value))\n                    )\n                else:\n                    logging.info(\"点击元素：WebElement 对象\")\n                    element = by_or_element\n    \n                element.click()\n                logging.info(\"✅ 点击成功\")\n                return\n    \n            except ElementClickInterceptedException:\n                logging.warning(\"⚠️ 原生点击被拦截，尝试使用 JS 点击\")\n                try:\n                    self.driver.execute_script(\"arguments[0].click();\", element)\n                    logging.info(\"✅ JS 点击成功\")\n                    return\n                except Exception as js_error:\n                    logging.warning(f\"⚠️ JS 点击失败：{js_error}\")\n                    sleep(1)\n                    continue  # 下一轮重试\n    \n            except StaleElementReferenceException:\n                logging.warning(f\"⚠️ 第 {attempt + 1} 次点击失败：元素过期，尝试重新定位\")\n                sleep(1)\n                continue  # 下一轮重试时重新定位\n    \n            except TimeoutException:\n                logging.error(f\"❌ 元素未在 {wait_time} 秒内变为可点击\")\n>               raise TimeoutException(f\"点击失败，找不到元素：{by_or_element} = {value}\")\nE               selenium.common.exceptions.TimeoutException: Message: 点击失败，找不到元素：xpath = //li//span[text()=\"隐藏行\"]\n\nPages\\base_page.py:78: TimeoutException","steps":[],"attachments":[{"uid":"785f3fec06ea0af2","name":"test_tablesetting_unhiderow2_20260206_014657","source":"785f3fec06ea0af2.png","type":"image/png","size":75993},{"uid":"5137e9ab8c0d8f9","name":"log","source":"5137e9ab8c0d8f9.txt","type":"text/plain","size":1621}],"parameters":[],"attachmentsCount":2,"shouldDisplayMessage":true,"stepsCount":0,"hasContent":true,"attachmentStep":false},"afterStages":[{"name":"login_to_tablesetting::0","time":{"start":1770314276138,"stop":1770314278333,"duration":2195},"status":"passed","steps":[],"attachments":[],"parameters":[],"attachmentsCount":0,"shouldDisplayMessage":false,"stepsCount":0,"hasContent":false,"attachmentStep":false}],"labels":[{"name":"feature","value":"表格右键设置设置测试用例"},{"name":"story","value":"点击图标取消隐藏行成功"},{"name":"parentSuite","value":"Tests.test_items"},{"name":"suite","value":"test_tablesetting"},{"name":"subSuite","value":"TestTableSettingPage"},{"name":"host","value":"WIN-20240820MJV"},{"name":"thread","value":"28724-MainThread"},{"name":"framework","value":"pytest"},{"name":"language","value":"cpython3"},{"name":"package","value":"Tests.test_items.test_tablesetting"},{"name":"resultFormat","value":"allure2"}],"parameters":[],"links":[],"hidden":false,"retry":false,"extra":{"severity":"normal","retries":[{"uid":"23653a286cdcd429","status":"failed","statusDetails":"AssertionError: assert '33cs' == '202602'\n  \n  \u001B[0m\u001B[91m- 202602\u001B[39;49;00m\u001B[90m\u001B[39;49;00m\n  \u001B[92m+ 33cs\u001B[39;49;00m\u001B[90m\u001B[39;49;00m","time":{"start":1770313599635,"stop":1770313606835,"duration":7200}}],"categories":[{"name":"Test defects","matchedStatuses":[]}],"tags":[]},"source":"b808ea90502c7b0e.json","parameterValues":[]}