{"uid":"b8486b0882795e53","name":"test_materialplan_success","fullName":"Tests.test_material.test_materialplan.TestMaterialPlanPage#test_materialplan_success","historyId":"d9d83b70188dee25ffb1449f120b16bd","time":{"start":1769107872809,"stop":1769107940231,"duration":67422},"status":"broken","statusMessage":"selenium.common.exceptions.TimeoutException: Message: \nStacktrace:\n\tGetHandleVerifier [0x0x7ff6c0556f65+78965]\n\tGetHandleVerifier [0x0x7ff6c0556fc0+79056]\n\t(No symbol) [0x0x7ff6c02e9dda]\n\t(No symbol) [0x0x7ff6c03402ea]\n\t(No symbol) [0x0x7ff6c034059c]\n\t(No symbol) [0x0x7ff6c0393f37]\n\t(No symbol) [0x0x7ff6c03686af]\n\t(No symbol) [0x0x7ff6c0390dbe]\n\t(No symbol) [0x0x7ff6c0368443]\n\t(No symbol) [0x0x7ff6c0331311]\n\t(No symbol) [0x0x7ff6c03320a3]\n\tGetHandleVerifier [0x0x7ff6c080e26d+2926461]\n\tGetHandleVerifier [0x0x7ff6c0808993+2903715]\n\tGetHandleVerifier [0x0x7ff6c0826aed+3026941]\n\tGetHandleVerifier [0x0x7ff6c05716fe+187406]\n\tGetHandleVerifier [0x0x7ff6c05796ef+220159]\n\tGetHandleVerifier [0x0x7ff6c055faf4+114692]\n\tGetHandleVerifier [0x0x7ff6c055fca9+115129]\n\tGetHandleVerifier [0x0x7ff6c05464d8+10728]\n\tBaseThreadInitThunk [0x0x7ffc4d1c7374+20]\n\tRtlUserThreadStart [0x0x7ffc4ec7cc91+33]","statusTrace":"self = <test_material.test_materialplan.TestMaterialPlanPage object at 0x00000218C6951E40>, login_to_materialplan = <selenium.webdriver.chrome.webdriver.WebDriver (session=\"afb832b816939972c9a76b912231ea74\")>\n\n    @allure.story(\"执行成功\")\n    # @pytest.mark.run(order=1)\n    def test_materialplan_success(self, login_to_materialplan):\n        driver = login_to_materialplan\n        plan = PlanPage(driver)\n        wait = WebDriverWait(driver, 60)\n    \n        # 等待 el-loading-spinner 消失\n        WebDriverWait(driver, 10).until(\n            EC.invisibility_of_element_located((By.CLASS_NAME, \"el-loading-spinner\"))\n        )\n        target = WebDriverWait(driver, 10).until(\n            EC.element_to_be_clickable((By.XPATH, '//div[@class=\"vue-treeselect__control-arrow-container\"]'))\n        )\n        sleep(3)\n        target.click()\n    \n        # 等待第一个方案标签可点击后点击选择\n        first_option = wait.until(\n            EC.element_to_be_clickable(\n                (\n                    By.XPATH,\n                    '//div[@class=\"vue-treeselect__list\"]/div[1]',\n                )\n            )\n        )\n        first_option.click()\n    \n        # 执行计划\n        plan.click_plan()\n        # 等待“完成”的文本出现\n        success_element1 = wait.until(\n            EC.presence_of_element_located(\n                (By.XPATH, '(//div[@class=\"d-flex\"])[1]/p[text()=\" 完成 \"]')\n            )\n        )\n    \n        # 等待“完成”的文本出现\n>       success_element3 = wait.until(\n            EC.presence_of_element_located(\n                (By.XPATH, '(//div[@class=\"d-flex\"])[3]/p[text()=\" 完成 \"]')\n            )\n        )\n\nTests\\test_material\\test_materialplan.py:118: \n_ _ _ _ _ _ _ _ _ _ _ _ _ _ _ _ _ _ _ _ _ _ _ _ _ _ _ _ _ _ _ _ _ _ _ _ _ _ _ _ _ _ _ _ _ _ _ _ _ _ _ _ _ _ _ _ _ _ _ _ _ _ _ _ _ _ _ _ _ _ _ _ _ _ _ _ _ _ _ _ _ _ _ _ _ _ _ _ _ _ _ _ _ _ _ _ _ _ _ _ _ _ _ _ _ _ _ _ _ _ _ _ _ _ _ _\n\nself = <selenium.webdriver.support.wait.WebDriverWait (session=\"afb832b816939972c9a76b912231ea74\")>, method = <function presence_of_element_located.<locals>._predicate at 0x00000218C8F64E50>, message = ''\n\n    def until(self, method: Callable[[D], Union[Literal[False], T]], message: str = \"\") -> T:\n        \"\"\"Wait until the method returns a value that is not False.\n    \n        Calls the method provided with the driver as an argument until the\n        return value does not evaluate to ``False``.\n    \n        Parameters:\n        -----------\n        method: callable(WebDriver)\n            - A callable object that takes a WebDriver instance as an argument.\n    \n        message: str\n            - Optional message for :exc:`TimeoutException`\n    \n        Return:\n        -------\n        object: T\n            - The result of the last call to `method`\n    \n        Raises:\n        -------\n        TimeoutException\n            - If 'method' does not return a truthy value within the WebDriverWait\n            object's timeout\n    \n        Example:\n        --------\n        >>> from selenium.webdriver.common.by import By\n        >>> from selenium.webdriver.support.ui import WebDriverWait\n        >>> from selenium.webdriver.support import expected_conditions as EC\n    \n        # Wait until an element is visible on the page\n        >>> wait = WebDriverWait(driver, 10)\n        >>> element = wait.until(EC.visibility_of_element_located((By.ID, \"exampleId\")))\n        >>> print(element.text)\n        \"\"\"\n        screen = None\n        stacktrace = None\n    \n        end_time = time.monotonic() + self._timeout\n        while True:\n            try:\n                value = method(self._driver)\n                if value:\n                    return value\n            except self._ignored_exceptions as exc:\n                screen = getattr(exc, \"screen\", None)\n                stacktrace = getattr(exc, \"stacktrace\", None)\n            if time.monotonic() > end_time:\n                break\n            time.sleep(self._poll)\n>       raise TimeoutException(message, screen, stacktrace)\nE       selenium.common.exceptions.TimeoutException: Message: \nE       Stacktrace:\nE       \tGetHandleVerifier [0x0x7ff6c0556f65+78965]\nE       \tGetHandleVerifier [0x0x7ff6c0556fc0+79056]\nE       \t(No symbol) [0x0x7ff6c02e9dda]\nE       \t(No symbol) [0x0x7ff6c03402ea]\nE       \t(No symbol) [0x0x7ff6c034059c]\nE       \t(No symbol) [0x0x7ff6c0393f37]\nE       \t(No symbol) [0x0x7ff6c03686af]\nE       \t(No symbol) [0x0x7ff6c0390dbe]\nE       \t(No symbol) [0x0x7ff6c0368443]\nE       \t(No symbol) [0x0x7ff6c0331311]\nE       \t(No symbol) [0x0x7ff6c03320a3]\nE       \tGetHandleVerifier [0x0x7ff6c080e26d+2926461]\nE       \tGetHandleVerifier [0x0x7ff6c0808993+2903715]\nE       \tGetHandleVerifier [0x0x7ff6c0826aed+3026941]\nE       \tGetHandleVerifier [0x0x7ff6c05716fe+187406]\nE       \tGetHandleVerifier [0x0x7ff6c05796ef+220159]\nE       \tGetHandleVerifier [0x0x7ff6c055faf4+114692]\nE       \tGetHandleVerifier [0x0x7ff6c055fca9+115129]\nE       \tGetHandleVerifier [0x0x7ff6c05464d8+10728]\nE       \tBaseThreadInitThunk [0x0x7ffc4d1c7374+20]\nE       \tRtlUserThreadStart [0x0x7ffc4ec7cc91+33]\n\nmyenv\\lib\\site-packages\\selenium\\webdriver\\support\\wait.py:138: TimeoutException","flaky":false,"newFailed":false,"newBroken":false,"newPassed":false,"retriesCount":1,"retriesStatusChange":false,"beforeStages":[{"name":"login_to_materialplan","time":{"start":1769107858957,"stop":1769107872809,"duration":13852},"status":"passed","steps":[],"attachments":[],"parameters":[],"stepsCount":0,"hasContent":false,"attachmentStep":false,"shouldDisplayMessage":false,"attachmentsCount":0}],"testStage":{"status":"broken","statusMessage":"selenium.common.exceptions.TimeoutException: Message: \nStacktrace:\n\tGetHandleVerifier [0x0x7ff6c0556f65+78965]\n\tGetHandleVerifier [0x0x7ff6c0556fc0+79056]\n\t(No symbol) [0x0x7ff6c02e9dda]\n\t(No symbol) [0x0x7ff6c03402ea]\n\t(No symbol) [0x0x7ff6c034059c]\n\t(No symbol) [0x0x7ff6c0393f37]\n\t(No symbol) [0x0x7ff6c03686af]\n\t(No symbol) [0x0x7ff6c0390dbe]\n\t(No symbol) [0x0x7ff6c0368443]\n\t(No symbol) [0x0x7ff6c0331311]\n\t(No symbol) [0x0x7ff6c03320a3]\n\tGetHandleVerifier [0x0x7ff6c080e26d+2926461]\n\tGetHandleVerifier [0x0x7ff6c0808993+2903715]\n\tGetHandleVerifier [0x0x7ff6c0826aed+3026941]\n\tGetHandleVerifier [0x0x7ff6c05716fe+187406]\n\tGetHandleVerifier [0x0x7ff6c05796ef+220159]\n\tGetHandleVerifier [0x0x7ff6c055faf4+114692]\n\tGetHandleVerifier [0x0x7ff6c055fca9+115129]\n\tGetHandleVerifier [0x0x7ff6c05464d8+10728]\n\tBaseThreadInitThunk [0x0x7ffc4d1c7374+20]\n\tRtlUserThreadStart [0x0x7ffc4ec7cc91+33]","statusTrace":"self = <test_material.test_materialplan.TestMaterialPlanPage object at 0x00000218C6951E40>, login_to_materialplan = <selenium.webdriver.chrome.webdriver.WebDriver (session=\"afb832b816939972c9a76b912231ea74\")>\n\n    @allure.story(\"执行成功\")\n    # @pytest.mark.run(order=1)\n    def test_materialplan_success(self, login_to_materialplan):\n        driver = login_to_materialplan\n        plan = PlanPage(driver)\n        wait = WebDriverWait(driver, 60)\n    \n        # 等待 el-loading-spinner 消失\n        WebDriverWait(driver, 10).until(\n            EC.invisibility_of_element_located((By.CLASS_NAME, \"el-loading-spinner\"))\n        )\n        target = WebDriverWait(driver, 10).until(\n            EC.element_to_be_clickable((By.XPATH, '//div[@class=\"vue-treeselect__control-arrow-container\"]'))\n        )\n        sleep(3)\n        target.click()\n    \n        # 等待第一个方案标签可点击后点击选择\n        first_option = wait.until(\n            EC.element_to_be_clickable(\n                (\n                    By.XPATH,\n                    '//div[@class=\"vue-treeselect__list\"]/div[1]',\n                )\n            )\n        )\n        first_option.click()\n    \n        # 执行计划\n        plan.click_plan()\n        # 等待“完成”的文本出现\n        success_element1 = wait.until(\n            EC.presence_of_element_located(\n                (By.XPATH, '(//div[@class=\"d-flex\"])[1]/p[text()=\" 完成 \"]')\n            )\n        )\n    \n        # 等待“完成”的文本出现\n>       success_element3 = wait.until(\n            EC.presence_of_element_located(\n                (By.XPATH, '(//div[@class=\"d-flex\"])[3]/p[text()=\" 完成 \"]')\n            )\n        )\n\nTests\\test_material\\test_materialplan.py:118: \n_ _ _ _ _ _ _ _ _ _ _ _ _ _ _ _ _ _ _ _ _ _ _ _ _ _ _ _ _ _ _ _ _ _ _ _ _ _ _ _ _ _ _ _ _ _ _ _ _ _ _ _ _ _ _ _ _ _ _ _ _ _ _ _ _ _ _ _ _ _ _ _ _ _ _ _ _ _ _ _ _ _ _ _ _ _ _ _ _ _ _ _ _ _ _ _ _ _ _ _ _ _ _ _ _ _ _ _ _ _ _ _ _ _ _ _\n\nself = <selenium.webdriver.support.wait.WebDriverWait (session=\"afb832b816939972c9a76b912231ea74\")>, method = <function presence_of_element_located.<locals>._predicate at 0x00000218C8F64E50>, message = ''\n\n    def until(self, method: Callable[[D], Union[Literal[False], T]], message: str = \"\") -> T:\n        \"\"\"Wait until the method returns a value that is not False.\n    \n        Calls the method provided with the driver as an argument until the\n        return value does not evaluate to ``False``.\n    \n        Parameters:\n        -----------\n        method: callable(WebDriver)\n            - A callable object that takes a WebDriver instance as an argument.\n    \n        message: str\n            - Optional message for :exc:`TimeoutException`\n    \n        Return:\n        -------\n        object: T\n            - The result of the last call to `method`\n    \n        Raises:\n        -------\n        TimeoutException\n            - If 'method' does not return a truthy value within the WebDriverWait\n            object's timeout\n    \n        Example:\n        --------\n        >>> from selenium.webdriver.common.by import By\n        >>> from selenium.webdriver.support.ui import WebDriverWait\n        >>> from selenium.webdriver.support import expected_conditions as EC\n    \n        # Wait until an element is visible on the page\n        >>> wait = WebDriverWait(driver, 10)\n        >>> element = wait.until(EC.visibility_of_element_located((By.ID, \"exampleId\")))\n        >>> print(element.text)\n        \"\"\"\n        screen = None\n        stacktrace = None\n    \n        end_time = time.monotonic() + self._timeout\n        while True:\n            try:\n                value = method(self._driver)\n                if value:\n                    return value\n            except self._ignored_exceptions as exc:\n                screen = getattr(exc, \"screen\", None)\n                stacktrace = getattr(exc, \"stacktrace\", None)\n            if time.monotonic() > end_time:\n                break\n            time.sleep(self._poll)\n>       raise TimeoutException(message, screen, stacktrace)\nE       selenium.common.exceptions.TimeoutException: Message: \nE       Stacktrace:\nE       \tGetHandleVerifier [0x0x7ff6c0556f65+78965]\nE       \tGetHandleVerifier [0x0x7ff6c0556fc0+79056]\nE       \t(No symbol) [0x0x7ff6c02e9dda]\nE       \t(No symbol) [0x0x7ff6c03402ea]\nE       \t(No symbol) [0x0x7ff6c034059c]\nE       \t(No symbol) [0x0x7ff6c0393f37]\nE       \t(No symbol) [0x0x7ff6c03686af]\nE       \t(No symbol) [0x0x7ff6c0390dbe]\nE       \t(No symbol) [0x0x7ff6c0368443]\nE       \t(No symbol) [0x0x7ff6c0331311]\nE       \t(No symbol) [0x0x7ff6c03320a3]\nE       \tGetHandleVerifier [0x0x7ff6c080e26d+2926461]\nE       \tGetHandleVerifier [0x0x7ff6c0808993+2903715]\nE       \tGetHandleVerifier [0x0x7ff6c0826aed+3026941]\nE       \tGetHandleVerifier [0x0x7ff6c05716fe+187406]\nE       \tGetHandleVerifier [0x0x7ff6c05796ef+220159]\nE       \tGetHandleVerifier [0x0x7ff6c055faf4+114692]\nE       \tGetHandleVerifier [0x0x7ff6c055fca9+115129]\nE       \tGetHandleVerifier [0x0x7ff6c05464d8+10728]\nE       \tBaseThreadInitThunk [0x0x7ffc4d1c7374+20]\nE       \tRtlUserThreadStart [0x0x7ffc4ec7cc91+33]\n\nmyenv\\lib\\site-packages\\selenium\\webdriver\\support\\wait.py:138: TimeoutException","steps":[],"attachments":[{"uid":"5537b30054fb95d8","name":"test_materialplan_success_20260123_025220","source":"5537b30054fb95d8.png","type":"image/png","size":106121},{"uid":"29d8850199b2233e","name":"test_materialplan_success_20260123_025220","source":"29d8850199b2233e.png","type":"image/png","size":106074},{"uid":"7ecceb80590d702a","name":"test_materialplan_success_20260123_025220","source":"7ecceb80590d702a.png","type":"image/png","size":19002},{"uid":"e1fee03a04873111","name":"test_materialplan_success_20260123_025220","source":"e1fee03a04873111.png","type":"image/png","size":19002},{"uid":"ae83744e4eec2d39","name":"test_materialplan_success_20260123_025220","source":"ae83744e4eec2d39.png","type":"image/png","size":19002},{"uid":"dc7b026095fe62f7","name":"test_materialplan_success_20260123_025220","source":"dc7b026095fe62f7.png","type":"image/png","size":19002},{"uid":"9490a276e00b994d","name":"test_materialplan_success_20260123_025220","source":"9490a276e00b994d.png","type":"image/png","size":92526},{"uid":"1de56d2d2467f540","name":"log","source":"1de56d2d2467f540.txt","type":"text/plain","size":2587}],"parameters":[],"stepsCount":0,"hasContent":true,"attachmentStep":false,"shouldDisplayMessage":true,"attachmentsCount":8},"afterStages":[{"name":"login_to_materialplan::0","time":{"start":1769107941017,"stop":1769107943218,"duration":2201},"status":"passed","steps":[],"attachments":[],"parameters":[],"stepsCount":0,"hasContent":false,"attachmentStep":false,"shouldDisplayMessage":false,"attachmentsCount":0}],"labels":[{"name":"feature","value":"物控计算测试用例"},{"name":"story","value":"执行成功"},{"name":"parentSuite","value":"Tests.test_material"},{"name":"suite","value":"test_materialplan"},{"name":"subSuite","value":"TestMaterialPlanPage"},{"name":"host","value":"WIN-20240820MJV"},{"name":"thread","value":"43156-MainThread"},{"name":"framework","value":"pytest"},{"name":"language","value":"cpython3"},{"name":"package","value":"Tests.test_material.test_materialplan"},{"name":"resultFormat","value":"allure2"}],"parameters":[],"links":[],"hidden":false,"retry":false,"extra":{"severity":"normal","retries":[{"uid":"b6d08acc42ef0d3c","status":"broken","statusDetails":"selenium.common.exceptions.TimeoutException: Message: \nStacktrace:\n\tGetHandleVerifier [0x0x7ff6c0556f65+78965]\n\tGetHandleVerifier [0x0x7ff6c0556fc0+79056]\n\t(No symbol) [0x0x7ff6c02e9dda]\n\t(No symbol) [0x0x7ff6c03402ea]\n\t(No symbol) [0x0x7ff6c034059c]\n\t(No symbol) [0x0x7ff6c0393f37]\n\t(No symbol) [0x0x7ff6c03686af]\n\t(No symbol) [0x0x7ff6c0390dbe]\n\t(No symbol) [0x0x7ff6c0368443]\n\t(No symbol) [0x0x7ff6c0331311]\n\t(No symbol) [0x0x7ff6c03320a3]\n\tGetHandleVerifier [0x0x7ff6c080e26d+2926461]\n\tGetHandleVerifier [0x0x7ff6c0808993+2903715]\n\tGetHandleVerifier [0x0x7ff6c0826aed+3026941]\n\tGetHandleVerifier [0x0x7ff6c05716fe+187406]\n\tGetHandleVerifier [0x0x7ff6c05796ef+220159]\n\tGetHandleVerifier [0x0x7ff6c055faf4+114692]\n\tGetHandleVerifier [0x0x7ff6c055fca9+115129]\n\tGetHandleVerifier [0x0x7ff6c05464d8+10728]\n\tBaseThreadInitThunk [0x0x7ffc4d1c7374+20]\n\tRtlUserThreadStart [0x0x7ffc4ec7cc91+33]","time":{"start":1769107789205,"stop":1769107856039,"duration":66834}}],"categories":[{"name":"Test defects","matchedStatuses":[]}],"tags":[]},"source":"b8486b0882795e53.json","parameterValues":[]}