{"uid":"b91047eb11be1e53","name":"test_acceptdata_addfail2","fullName":"Tests.test_system.test_acceptdata.TestSAcceptDataPage#test_acceptdata_addfail2","historyId":"840fd0a4a1dfb73016247a345c465965","time":{"start":1763507762341,"stop":1763507766868,"duration":4527},"status":"failed","statusMessage":"AssertionError: assert '请填写信息' == '请填写数据'\n  \n  \u001B[0m\u001B[91m- 请填写数据\u001B[39;49;00m\u001B[90m\u001B[39;49;00m\n  \u001B[92m+ 请填写信息\u001B[39;49;00m\u001B[90m\u001B[39;49;00m","statusTrace":"self = <test_system.test_acceptdata.TestSAcceptDataPage object at 0x0000011B46EA4430>, login_to_acceptdata = <selenium.webdriver.chrome.webdriver.WebDriver (session=\"e5f81fa02cdb992fcbabd164f6fcce70\")>\n\n    @allure.story(\"只填写源数据和目的系统点击新增不允许保存\")\n    # @pytest.mark.run(order=1)\n    def test_acceptdata_addfail2(self, login_to_acceptdata):\n        driver = login_to_acceptdata  # WebDriver 实例\n        acceptdata = ImpPage(driver)  # 用 driver 初始化 ImpPage\n        acceptdata.click_all_button(\"新增\")\n        xpath_list = [\n            '//div[label[text()=\"源系统:\"]]//input[@type=\"text\"]',\n            '(//li[text()=\"SRM\"])[2]',\n            '//div[label[text()=\"目的系统:\"]]//input[@type=\"text\"]',\n            '(//li[text()=\"APS\"])[1]'\n        ]\n        for xpath in xpath_list:\n            acceptdata.click_button(xpath)\n        acceptdata.click_confirm()\n        message = acceptdata.get_error_message()\n>       assert message == \"请填写数据\"\nE       AssertionError: assert '请填写信息' == '请填写数据'\nE         \nE         \u001B[0m\u001B[91m- 请填写数据\u001B[39;49;00m\u001B[90m\u001B[39;49;00m\nE         \u001B[92m+ 请填写信息\u001B[39;49;00m\u001B[90m\u001B[39;49;00m\n\nTests\\test_system\\test_acceptdata.py:92: AssertionError","flaky":false,"newFailed":false,"newBroken":false,"newPassed":false,"retriesCount":1,"retriesStatusChange":false,"beforeStages":[{"name":"login_to_acceptdata","time":{"start":1763507748804,"stop":1763507762340,"duration":13536},"status":"passed","steps":[],"attachments":[],"parameters":[],"shouldDisplayMessage":false,"attachmentsCount":0,"stepsCount":0,"hasContent":false,"attachmentStep":false}],"testStage":{"status":"failed","statusMessage":"AssertionError: assert '请填写信息' == '请填写数据'\n  \n  \u001B[0m\u001B[91m- 请填写数据\u001B[39;49;00m\u001B[90m\u001B[39;49;00m\n  \u001B[92m+ 请填写信息\u001B[39;49;00m\u001B[90m\u001B[39;49;00m","statusTrace":"self = <test_system.test_acceptdata.TestSAcceptDataPage object at 0x0000011B46EA4430>, login_to_acceptdata = <selenium.webdriver.chrome.webdriver.WebDriver (session=\"e5f81fa02cdb992fcbabd164f6fcce70\")>\n\n    @allure.story(\"只填写源数据和目的系统点击新增不允许保存\")\n    # @pytest.mark.run(order=1)\n    def test_acceptdata_addfail2(self, login_to_acceptdata):\n        driver = login_to_acceptdata  # WebDriver 实例\n        acceptdata = ImpPage(driver)  # 用 driver 初始化 ImpPage\n        acceptdata.click_all_button(\"新增\")\n        xpath_list = [\n            '//div[label[text()=\"源系统:\"]]//input[@type=\"text\"]',\n            '(//li[text()=\"SRM\"])[2]',\n            '//div[label[text()=\"目的系统:\"]]//input[@type=\"text\"]',\n            '(//li[text()=\"APS\"])[1]'\n        ]\n        for xpath in xpath_list:\n            acceptdata.click_button(xpath)\n        acceptdata.click_confirm()\n        message = acceptdata.get_error_message()\n>       assert message == \"请填写数据\"\nE       AssertionError: assert '请填写信息' == '请填写数据'\nE         \nE         \u001B[0m\u001B[91m- 请填写数据\u001B[39;49;00m\u001B[90m\u001B[39;49;00m\nE         \u001B[92m+ 请填写信息\u001B[39;49;00m\u001B[90m\u001B[39;49;00m\n\nTests\\test_system\\test_acceptdata.py:92: AssertionError","steps":[],"attachments":[{"uid":"c503c93e0db99dd9","name":"test_acceptdata_addfail2_failure","source":"c503c93e0db99dd9.png","type":"image/png","size":86614},{"uid":"d398c249721bec91","name":"test_acceptdata_addfail2_source","source":"d398c249721bec91.html","type":"text/html","size":1176856},{"uid":"da2f0e5c934beaeb","name":"log","source":"da2f0e5c934beaeb.txt","type":"text/plain","size":4451}],"parameters":[],"shouldDisplayMessage":true,"attachmentsCount":3,"stepsCount":0,"hasContent":true,"attachmentStep":false},"afterStages":[{"name":"login_to_acceptdata::0","time":{"start":1763507767047,"stop":1763507769221,"duration":2174},"status":"passed","steps":[],"attachments":[],"parameters":[],"shouldDisplayMessage":false,"attachmentsCount":0,"stepsCount":0,"hasContent":false,"attachmentStep":false}],"labels":[{"name":"story","value":"只填写源数据和目的系统点击新增不允许保存"},{"name":"feature","value":"接收数据页用例"},{"name":"parentSuite","value":"Tests.test_system"},{"name":"suite","value":"test_acceptdata"},{"name":"subSuite","value":"TestSAcceptDataPage"},{"name":"host","value":"WIN-20240820MJV"},{"name":"thread","value":"25116-MainThread"},{"name":"framework","value":"pytest"},{"name":"language","value":"cpython3"},{"name":"package","value":"Tests.test_system.test_acceptdata"},{"name":"resultFormat","value":"allure2"}],"parameters":[],"links":[],"hidden":false,"retry":false,"extra":{"severity":"normal","retries":[{"uid":"6d39f1030056bb09","status":"failed","statusDetails":"AssertionError: assert '请填写信息' == '请填写数据'\n  \n  \u001B[0m\u001B[91m- 请填写数据\u001B[39;49;00m\u001B[90m\u001B[39;49;00m\n  \u001B[92m+ 请填写信息\u001B[39;49;00m\u001B[90m\u001B[39;49;00m","time":{"start":1763507743051,"stop":1763507746515,"duration":3464}}],"categories":[{"name":"Product defects","matchedStatuses":[]}],"tags":[]},"source":"b91047eb11be1e53.json","parameterValues":[]}