{"uid":"bae010b58aad1f8f","name":"test_taskdetails_select2","fullName":"Tests.test_items.test_worktasks.TestWorkTasksPage#test_taskdetails_select2","historyId":"617f1790832a1bb4743b38963ddbfd97","time":{"start":1765550608119,"stop":1765550622100,"duration":13981},"status":"failed","statusMessage":"AssertionError: assert False\n +  where False = all(<generator object TestWorkTasksPage.test_taskdetails_select2.<locals>.<genexpr> at 0x00000194FE1DAA40>)","statusTrace":"self = <test_items.test_worktasks.TestWorkTasksPage object at 0x00000194FD814310>, login_to_worktasks = <selenium.webdriver.chrome.webdriver.WebDriver (session=\"f6f651d66f802b27f4e553b9d48bdb4d\")>\n\n    @allure.story(\"任务明细页面过滤条件查询，设置包含条件查询成功\")\n    # @pytest.mark.run(order=1)\n    def test_taskdetails_select2(self, login_to_worktasks):\n        driver = login_to_worktasks  # WebDriver 实例\n        task = WorkTasksPage(driver)  # 用 driver 初始化 WorkTasksPage\n        task.click_button('(//span[text()=\"任务明细\"])[1]')\n        task.wait_for_loading_to_disappear()\n        name = \"1\"\n        task.click_button('//div[p[text()=\"总工时\"]]/following-sibling::div//i')\n        task.hover(\"包含\")\n        sleep(1)\n        task.enter_texts('//div[p[text()=\"总工时\"]]/following-sibling::div//input', name)\n        task.wait_for_loading_to_disappear()\n        sleep(1)\n        eles = task.finds_elements(By.XPATH, '//table[@class=\"vxe-table--body\"]//tr//td[6]')\n        sleep(1)\n        list_ = [ele.text for ele in eles]\n>       assert all(name in text for text in list_)\nE       assert False\nE        +  where False = all(<generator object TestWorkTasksPage.test_taskdetails_select2.<locals>.<genexpr> at 0x00000194FE1DAA40>)\n\nTests\\test_items\\test_worktasks.py:184: AssertionError","flaky":false,"newFailed":false,"newBroken":false,"newPassed":false,"retriesCount":0,"retriesStatusChange":false,"beforeStages":[{"name":"login_to_worktasks","time":{"start":1765550595472,"stop":1765550608119,"duration":12647},"status":"passed","steps":[],"attachments":[],"parameters":[],"hasContent":false,"attachmentStep":false,"stepsCount":0,"attachmentsCount":0,"shouldDisplayMessage":false}],"testStage":{"status":"failed","statusMessage":"AssertionError: assert False\n +  where False = all(<generator object TestWorkTasksPage.test_taskdetails_select2.<locals>.<genexpr> at 0x00000194FE1DAA40>)","statusTrace":"self = <test_items.test_worktasks.TestWorkTasksPage object at 0x00000194FD814310>, login_to_worktasks = <selenium.webdriver.chrome.webdriver.WebDriver (session=\"f6f651d66f802b27f4e553b9d48bdb4d\")>\n\n    @allure.story(\"任务明细页面过滤条件查询，设置包含条件查询成功\")\n    # @pytest.mark.run(order=1)\n    def test_taskdetails_select2(self, login_to_worktasks):\n        driver = login_to_worktasks  # WebDriver 实例\n        task = WorkTasksPage(driver)  # 用 driver 初始化 WorkTasksPage\n        task.click_button('(//span[text()=\"任务明细\"])[1]')\n        task.wait_for_loading_to_disappear()\n        name = \"1\"\n        task.click_button('//div[p[text()=\"总工时\"]]/following-sibling::div//i')\n        task.hover(\"包含\")\n        sleep(1)\n        task.enter_texts('//div[p[text()=\"总工时\"]]/following-sibling::div//input', name)\n        task.wait_for_loading_to_disappear()\n        sleep(1)\n        eles = task.finds_elements(By.XPATH, '//table[@class=\"vxe-table--body\"]//tr//td[6]')\n        sleep(1)\n        list_ = [ele.text for ele in eles]\n>       assert all(name in text for text in list_)\nE       assert False\nE        +  where False = all(<generator object TestWorkTasksPage.test_taskdetails_select2.<locals>.<genexpr> at 0x00000194FE1DAA40>)\n\nTests\\test_items\\test_worktasks.py:184: AssertionError","steps":[],"attachments":[{"uid":"40b6691155ab8ad9","name":"test_taskdetails_select2","source":"40b6691155ab8ad9.png","type":"image/png","size":169941},{"uid":"cfc2aa9d6d9ee7b5","name":"log","source":"cfc2aa9d6d9ee7b5.txt","type":"text/plain","size":1520}],"parameters":[],"hasContent":true,"attachmentStep":false,"stepsCount":0,"attachmentsCount":2,"shouldDisplayMessage":true},"afterStages":[{"name":"login_to_worktasks::0","time":{"start":1765550622201,"stop":1765550624367,"duration":2166},"status":"passed","steps":[],"attachments":[],"parameters":[],"hasContent":false,"attachmentStep":false,"stepsCount":0,"attachmentsCount":0,"shouldDisplayMessage":false}],"labels":[{"name":"feature","value":"工作和任务表测试用例"},{"name":"story","value":"任务明细页面过滤条件查询，设置包含条件查询成功"},{"name":"parentSuite","value":"Tests.test_items"},{"name":"suite","value":"test_worktasks"},{"name":"subSuite","value":"TestWorkTasksPage"},{"name":"host","value":"WIN-20240820MJV"},{"name":"thread","value":"25228-MainThread"},{"name":"framework","value":"pytest"},{"name":"language","value":"cpython3"},{"name":"package","value":"Tests.test_items.test_worktasks"},{"name":"resultFormat","value":"allure2"}],"parameters":[],"links":[],"hidden":true,"retry":true,"extra":{"categories":[],"tags":[]},"source":"bae010b58aad1f8f.json","parameterValues":[]}