{"uid":"bd723aa8dcec2042","name":"test_psi_select3","fullName":"Tests.test_system.test_psi.TestPSIPage#test_psi_select3","historyId":"87af62ebdee5e635783cea2e29388c19","time":{"start":1767640459892,"stop":1767640468965,"duration":9073},"status":"failed","statusMessage":"AssertionError: assert False\n +  where False = all(<generator object TestPSIPage.test_psi_select3.<locals>.<genexpr> at 0x0000019111E1C270>)","statusTrace":"self = <test_system.test_psi.TestPSIPage object at 0x00000191102088B0>, login_to_psi = <selenium.webdriver.chrome.webdriver.WebDriver (session=\"b7f388a7400fb97d99a5c9f39bac6a46\")>\n\n    @allure.story(\"过滤条件查询，设置包含条件查询成功\")\n    # @pytest.mark.run(order=1)\n    def test_psi_select3(self, login_to_psi):\n        driver = login_to_psi  # WebDriver 实例\n        psi = PsiPage(driver)  # 用 driver 初始化 PsiPage\n        name = \"1测试\"\n        psi.click_button('//div[p[text()=\"PSI名称\"]]/following-sibling::div//i')\n        psi.hover(\"包含\")\n        sleep(1)\n        psi.enter_texts('//div[p[text()=\"PSI名称\"]]/following-sibling::div//input', name)\n        sleep(1)\n        eles = psi.finds_elements(By.XPATH, '//table[@class=\"vxe-table--body\"]//tr//td[2]')\n        sleep(1)\n        list_ = [ele.text for ele in eles]\n        psi.right_refresh()\n>       assert all(name in text for text in list_)\nE       assert False\nE        +  where False = all(<generator object TestPSIPage.test_psi_select3.<locals>.<genexpr> at 0x0000019111E1C270>)\n\nTests\\test_system\\test_psi.py:387: AssertionError","flaky":false,"newFailed":false,"newBroken":false,"newPassed":false,"retriesCount":1,"retriesStatusChange":false,"beforeStages":[{"name":"login_to_psi","time":{"start":1767640212487,"stop":1767640225431,"duration":12944},"status":"passed","steps":[],"attachments":[],"parameters":[],"stepsCount":0,"attachmentStep":false,"hasContent":false,"shouldDisplayMessage":false,"attachmentsCount":0}],"testStage":{"status":"failed","statusMessage":"AssertionError: assert False\n +  where False = all(<generator object TestPSIPage.test_psi_select3.<locals>.<genexpr> at 0x0000019111E1C270>)","statusTrace":"self = <test_system.test_psi.TestPSIPage object at 0x00000191102088B0>, login_to_psi = <selenium.webdriver.chrome.webdriver.WebDriver (session=\"b7f388a7400fb97d99a5c9f39bac6a46\")>\n\n    @allure.story(\"过滤条件查询，设置包含条件查询成功\")\n    # @pytest.mark.run(order=1)\n    def test_psi_select3(self, login_to_psi):\n        driver = login_to_psi  # WebDriver 实例\n        psi = PsiPage(driver)  # 用 driver 初始化 PsiPage\n        name = \"1测试\"\n        psi.click_button('//div[p[text()=\"PSI名称\"]]/following-sibling::div//i')\n        psi.hover(\"包含\")\n        sleep(1)\n        psi.enter_texts('//div[p[text()=\"PSI名称\"]]/following-sibling::div//input', name)\n        sleep(1)\n        eles = psi.finds_elements(By.XPATH, '//table[@class=\"vxe-table--body\"]//tr//td[2]')\n        sleep(1)\n        list_ = [ele.text for ele in eles]\n        psi.right_refresh()\n>       assert all(name in text for text in list_)\nE       assert False\nE        +  where False = all(<generator object TestPSIPage.test_psi_select3.<locals>.<genexpr> at 0x0000019111E1C270>)\n\nTests\\test_system\\test_psi.py:387: AssertionError","steps":[],"attachments":[{"uid":"85dd6819077691d","name":"test_psi_select3_20260106_031428","source":"85dd6819077691d.png","type":"image/png","size":70157},{"uid":"8dd563b18da6f9c9","name":"log","source":"8dd563b18da6f9c9.txt","type":"text/plain","size":1361}],"parameters":[],"stepsCount":0,"attachmentStep":false,"hasContent":true,"shouldDisplayMessage":true,"attachmentsCount":2},"afterStages":[{"name":"login_to_psi::0","time":{"start":1767640567528,"stop":1767640569734,"duration":2206},"status":"passed","steps":[],"attachments":[],"parameters":[],"stepsCount":0,"attachmentStep":false,"hasContent":false,"shouldDisplayMessage":false,"attachmentsCount":0}],"labels":[{"name":"feature","value":"PSI设置用例"},{"name":"story","value":"过滤条件查询，设置包含条件查询成功"},{"name":"parentSuite","value":"Tests.test_system"},{"name":"suite","value":"test_psi"},{"name":"subSuite","value":"TestPSIPage"},{"name":"host","value":"WIN-20240820MJV"},{"name":"thread","value":"26856-MainThread"},{"name":"framework","value":"pytest"},{"name":"language","value":"cpython3"},{"name":"package","value":"Tests.test_system.test_psi"},{"name":"resultFormat","value":"allure2"}],"parameters":[],"links":[],"hidden":false,"retry":false,"extra":{"severity":"normal","retries":[{"uid":"d0dbb21e48b36589","status":"failed","statusDetails":"AssertionError: assert False\n +  where False = all(<generator object TestPSIPage.test_psi_select3.<locals>.<genexpr> at 0x0000019111E1F220>)","time":{"start":1767640450664,"stop":1767640459768,"duration":9104}}],"categories":[{"name":"Product defects","matchedStatuses":[]}],"tags":[]},"source":"bd723aa8dcec2042.json","parameterValues":[]}