{"uid":"bd7bfc3a56fad519","name":"test_qtProgrammeMan_editnamesuccess","fullName":"Tests.test_material.test_procurementPO.TestItemPage#test_qtProgrammeMan_editnamesuccess","historyId":"4ebffca568295a287363f8d222ccb66f","time":{"start":1770343872636,"stop":1770343882722,"duration":10086},"status":"broken","statusMessage":"selenium.common.exceptions.TimeoutException: Message: 点击失败，找不到元素：xpath = //tr[./td[2][.//span[text()=\"333\"]]]/td[2]","statusTrace":"self = <Pages.materialPage.warehouseLocation_page.WarehouseLocationPage object at 0x000001882F5F13C0>, by_or_element = 'xpath', value = '//tr[./td[2][.//span[text()=\"333\"]]]/td[2]', wait_time = 10, retries = 2\n\n    def click(self, by_or_element, value=None, wait_time=10, retries=2):\n        \"\"\"\n        更稳健的点击方法：支持定位符或 WebElement，自动处理 stale 元素、点击拦截等问题。\n        \"\"\"\n        for attempt in range(retries):\n            try:\n                if value is not None:\n                    by = by_or_element\n                    logging.info(f\"点击元素：By = {by}, Value = {value}\")\n>                   element = WebDriverWait(self.driver, wait_time).until(\n                        EC.element_to_be_clickable((by, value))\n                    )\n\nPages\\base_page.py:49: \n_ _ _ _ _ _ _ _ _ _ _ _ _ _ _ _ _ _ _ _ _ _ _ _ _ _ _ _ _ _ _ _ _ _ _ _ _ _ _ _ _ _ _ _ _ _ _ _ _ _ _ _ _ _ _ _ _ _ _ _ _ _ _ _ _ _ _ _ _ _ _ _ _ _ _ _ _ _ _ _ _ _ _ _ _ _ _ _ _ _ _ _ _ _ _ _ _ _ _ _ _ _ _ _ _ _ _ _ _ _ _ _ _ _ _ _\n\nself = <selenium.webdriver.support.wait.WebDriverWait (session=\"5377e3ce5f0c0257395488436b21abe1\")>, method = <function element_to_be_clickable.<locals>._predicate at 0x000001882F4EE8C0>, message = ''\n\n    def until(self, method: Callable[[D], Union[Literal[False], T]], message: str = \"\") -> T:\n        \"\"\"Wait until the method returns a value that is not False.\n    \n        Calls the method provided with the driver as an argument until the\n        return value does not evaluate to ``False``.\n    \n        Parameters:\n        -----------\n        method: callable(WebDriver)\n            - A callable object that takes a WebDriver instance as an argument.\n    \n        message: str\n            - Optional message for :exc:`TimeoutException`\n    \n        Return:\n        -------\n        object: T\n            - The result of the last call to `method`\n    \n        Raises:\n        -------\n        TimeoutException\n            - If 'method' does not return a truthy value within the WebDriverWait\n            object's timeout\n    \n        Example:\n        --------\n        >>> from selenium.webdriver.common.by import By\n        >>> from selenium.webdriver.support.ui import WebDriverWait\n        >>> from selenium.webdriver.support import expected_conditions as EC\n    \n        # Wait until an element is visible on the page\n        >>> wait = WebDriverWait(driver, 10)\n        >>> element = wait.until(EC.visibility_of_element_located((By.ID, \"exampleId\")))\n        >>> print(element.text)\n        \"\"\"\n        screen = None\n        stacktrace = None\n    \n        end_time = time.monotonic() + self._timeout\n        while True:\n            try:\n                value = method(self._driver)\n                if value:\n                    return value\n            except self._ignored_exceptions as exc:\n                screen = getattr(exc, \"screen\", None)\n                stacktrace = getattr(exc, \"stacktrace\", None)\n            if time.monotonic() > end_time:\n                break\n            time.sleep(self._poll)\n>       raise TimeoutException(message, screen, stacktrace)\nE       selenium.common.exceptions.TimeoutException: Message: \nE       Stacktrace:\nE       \tGetHandleVerifier [0x0x7ff653006f65+78965]\nE       \tGetHandleVerifier [0x0x7ff653006fc0+79056]\nE       \t(No symbol) [0x0x7ff652d99dda]\nE       \t(No symbol) [0x0x7ff652df02ea]\nE       \t(No symbol) [0x0x7ff652df059c]\nE       \t(No symbol) [0x0x7ff652e43f37]\nE       \t(No symbol) [0x0x7ff652e186af]\nE       \t(No symbol) [0x0x7ff652e40dbe]\nE       \t(No symbol) [0x0x7ff652e18443]\nE       \t(No symbol) [0x0x7ff652de1311]\nE       \t(No symbol) [0x0x7ff652de20a3]\nE       \tGetHandleVerifier [0x0x7ff6532be26d+2926461]\nE       \tGetHandleVerifier [0x0x7ff6532b8993+2903715]\nE       \tGetHandleVerifier [0x0x7ff6532d6aed+3026941]\nE       \tGetHandleVerifier [0x0x7ff6530216fe+187406]\nE       \tGetHandleVerifier [0x0x7ff6530296ef+220159]\nE       \tGetHandleVerifier [0x0x7ff65300faf4+114692]\nE       \tGetHandleVerifier [0x0x7ff65300fca9+115129]\nE       \tGetHandleVerifier [0x0x7ff652ff64d8+10728]\nE       \tBaseThreadInitThunk [0x0x7ffa14ef7374+20]\nE       \tRtlUserThreadStart [0x0x7ffa16b1cc91+33]\n\nmyenv\\lib\\site-packages\\selenium\\webdriver\\support\\wait.py:138: TimeoutException\n\nDuring handling of the above exception, another exception occurred:\n\nself = <test_material.test_procurementPO.TestItemPage object at 0x000001882F188FA0>, login_to_item = <selenium.webdriver.chrome.webdriver.WebDriver (session=\"5377e3ce5f0c0257395488436b21abe1\")>\n\n    @allure.story(\"编辑全部选项成功\")\n    # @pytest.mark.run(order=1)\n    def test_qtProgrammeMan_editnamesuccess(self, login_to_item):\n    \n        # 输入框要修改的值\n        input_value = '11测试全部数据'\n        text_str = \"111\"\n        date_str = \"2025/07/23 00:00:00\"\n        # 选中编辑数据\n>       self.item.click_button('//tr[./td[2][.//span[text()=\"333\"]]]/td[2]')\n\nTests\\test_material\\test_procurementPO.py:331: \n_ _ _ _ _ _ _ _ _ _ _ _ _ _ _ _ _ _ _ _ _ _ _ _ _ _ _ _ _ _ _ _ _ _ _ _ _ _ _ _ _ _ _ _ _ _ _ _ _ _ _ _ _ _ _ _ _ _ _ _ _ _ _ _ _ _ _ _ _ _ _ _ _ _ _ _ _ _ _ _ _ _ _ _ _ _ _ _ _ _ _ _ _ _ _ _ _ _ _ _ _ _ _ _ _ _ _ _ _ _ _ _ _ _ _ _\nPages\\materialPage\\warehouseLocation_page.py:171: in click_button\n    self.click(By.XPATH, xpath)\n_ _ _ _ _ _ _ _ _ _ _ _ _ _ _ _ _ _ _ _ _ _ _ _ _ _ _ _ _ _ _ _ _ _ _ _ _ _ _ _ _ _ _ _ _ _ _ _ _ _ _ _ _ _ _ _ _ _ _ _ _ _ _ _ _ _ _ _ _ _ _ _ _ _ _ _ _ _ _ _ _ _ _ _ _ _ _ _ _ _ _ _ _ _ _ _ _ _ _ _ _ _ _ _ _ _ _ _ _ _ _ _ _ _ _ _\n\nself = <Pages.materialPage.warehouseLocation_page.WarehouseLocationPage object at 0x000001882F5F13C0>, by_or_element = 'xpath', value = '//tr[./td[2][.//span[text()=\"333\"]]]/td[2]', wait_time = 10, retries = 2\n\n    def click(self, by_or_element, value=None, wait_time=10, retries=2):\n        \"\"\"\n        更稳健的点击方法：支持定位符或 WebElement，自动处理 stale 元素、点击拦截等问题。\n        \"\"\"\n        for attempt in range(retries):\n            try:\n                if value is not None:\n                    by = by_or_element\n                    logging.info(f\"点击元素：By = {by}, Value = {value}\")\n                    element = WebDriverWait(self.driver, wait_time).until(\n                        EC.element_to_be_clickable((by, value))\n                    )\n                else:\n                    logging.info(\"点击元素：WebElement 对象\")\n                    element = by_or_element\n    \n                element.click()\n                logging.info(\"✅ 点击成功\")\n                return\n    \n            except ElementClickInterceptedException:\n                logging.warning(\"⚠️ 原生点击被拦截，尝试使用 JS 点击\")\n                try:\n                    self.driver.execute_script(\"arguments[0].click();\", element)\n                    logging.info(\"✅ JS 点击成功\")\n                    return\n                except Exception as js_error:\n                    logging.warning(f\"⚠️ JS 点击失败：{js_error}\")\n                    sleep(1)\n                    continue  # 下一轮重试\n    \n            except StaleElementReferenceException:\n                logging.warning(f\"⚠️ 第 {attempt + 1} 次点击失败：元素过期，尝试重新定位\")\n                sleep(1)\n                continue  # 下一轮重试时重新定位\n    \n            except TimeoutException:\n                logging.error(f\"❌ 元素未在 {wait_time} 秒内变为可点击\")\n>               raise TimeoutException(f\"点击失败，找不到元素：{by_or_element} = {value}\")\nE               selenium.common.exceptions.TimeoutException: Message: 点击失败，找不到元素：xpath = //tr[./td[2][.//span[text()=\"333\"]]]/td[2]\n\nPages\\base_page.py:78: TimeoutException","flaky":false,"newFailed":false,"newBroken":false,"newPassed":false,"retriesCount":3,"retriesStatusChange":true,"beforeStages":[{"name":"login_to_item","time":{"start":1770343663090,"stop":1770343676662,"duration":13572},"status":"passed","steps":[],"attachments":[],"parameters":[],"stepsCount":0,"attachmentStep":false,"hasContent":false,"attachmentsCount":0,"shouldDisplayMessage":false},{"name":"setup","time":{"start":1770343872634,"stop":1770343872635,"duration":1},"status":"passed","steps":[],"attachments":[],"parameters":[],"stepsCount":0,"attachmentStep":false,"hasContent":false,"attachmentsCount":0,"shouldDisplayMessage":false}],"testStage":{"status":"broken","statusMessage":"selenium.common.exceptions.TimeoutException: Message: 点击失败，找不到元素：xpath = //tr[./td[2][.//span[text()=\"333\"]]]/td[2]","statusTrace":"self = <Pages.materialPage.warehouseLocation_page.WarehouseLocationPage object at 0x000001882F5F13C0>, by_or_element = 'xpath', value = '//tr[./td[2][.//span[text()=\"333\"]]]/td[2]', wait_time = 10, retries = 2\n\n    def click(self, by_or_element, value=None, wait_time=10, retries=2):\n        \"\"\"\n        更稳健的点击方法：支持定位符或 WebElement，自动处理 stale 元素、点击拦截等问题。\n        \"\"\"\n        for attempt in range(retries):\n            try:\n                if value is not None:\n                    by = by_or_element\n                    logging.info(f\"点击元素：By = {by}, Value = {value}\")\n>                   element = WebDriverWait(self.driver, wait_time).until(\n                        EC.element_to_be_clickable((by, value))\n                    )\n\nPages\\base_page.py:49: \n_ _ _ _ _ _ _ _ _ _ _ _ _ _ _ _ _ _ _ _ _ _ _ _ _ _ _ _ _ _ _ _ _ _ _ _ _ _ _ _ _ _ _ _ _ _ _ _ _ _ _ _ _ _ _ _ _ _ _ _ _ _ _ _ _ _ _ _ _ _ _ _ _ _ _ _ _ _ _ _ _ _ _ _ _ _ _ _ _ _ _ _ _ _ _ _ _ _ _ _ _ _ _ _ _ _ _ _ _ _ _ _ _ _ _ _\n\nself = <selenium.webdriver.support.wait.WebDriverWait (session=\"5377e3ce5f0c0257395488436b21abe1\")>, method = <function element_to_be_clickable.<locals>._predicate at 0x000001882F4EE8C0>, message = ''\n\n    def until(self, method: Callable[[D], Union[Literal[False], T]], message: str = \"\") -> T:\n        \"\"\"Wait until the method returns a value that is not False.\n    \n        Calls the method provided with the driver as an argument until the\n        return value does not evaluate to ``False``.\n    \n        Parameters:\n        -----------\n        method: callable(WebDriver)\n            - A callable object that takes a WebDriver instance as an argument.\n    \n        message: str\n            - Optional message for :exc:`TimeoutException`\n    \n        Return:\n        -------\n        object: T\n            - The result of the last call to `method`\n    \n        Raises:\n        -------\n        TimeoutException\n            - If 'method' does not return a truthy value within the WebDriverWait\n            object's timeout\n    \n        Example:\n        --------\n        >>> from selenium.webdriver.common.by import By\n        >>> from selenium.webdriver.support.ui import WebDriverWait\n        >>> from selenium.webdriver.support import expected_conditions as EC\n    \n        # Wait until an element is visible on the page\n        >>> wait = WebDriverWait(driver, 10)\n        >>> element = wait.until(EC.visibility_of_element_located((By.ID, \"exampleId\")))\n        >>> print(element.text)\n        \"\"\"\n        screen = None\n        stacktrace = None\n    \n        end_time = time.monotonic() + self._timeout\n        while True:\n            try:\n                value = method(self._driver)\n                if value:\n                    return value\n            except self._ignored_exceptions as exc:\n                screen = getattr(exc, \"screen\", None)\n                stacktrace = getattr(exc, \"stacktrace\", None)\n            if time.monotonic() > end_time:\n                break\n            time.sleep(self._poll)\n>       raise TimeoutException(message, screen, stacktrace)\nE       selenium.common.exceptions.TimeoutException: Message: \nE       Stacktrace:\nE       \tGetHandleVerifier [0x0x7ff653006f65+78965]\nE       \tGetHandleVerifier [0x0x7ff653006fc0+79056]\nE       \t(No symbol) [0x0x7ff652d99dda]\nE       \t(No symbol) [0x0x7ff652df02ea]\nE       \t(No symbol) [0x0x7ff652df059c]\nE       \t(No symbol) [0x0x7ff652e43f37]\nE       \t(No symbol) [0x0x7ff652e186af]\nE       \t(No symbol) [0x0x7ff652e40dbe]\nE       \t(No symbol) [0x0x7ff652e18443]\nE       \t(No symbol) [0x0x7ff652de1311]\nE       \t(No symbol) [0x0x7ff652de20a3]\nE       \tGetHandleVerifier [0x0x7ff6532be26d+2926461]\nE       \tGetHandleVerifier [0x0x7ff6532b8993+2903715]\nE       \tGetHandleVerifier [0x0x7ff6532d6aed+3026941]\nE       \tGetHandleVerifier [0x0x7ff6530216fe+187406]\nE       \tGetHandleVerifier [0x0x7ff6530296ef+220159]\nE       \tGetHandleVerifier [0x0x7ff65300faf4+114692]\nE       \tGetHandleVerifier [0x0x7ff65300fca9+115129]\nE       \tGetHandleVerifier [0x0x7ff652ff64d8+10728]\nE       \tBaseThreadInitThunk [0x0x7ffa14ef7374+20]\nE       \tRtlUserThreadStart [0x0x7ffa16b1cc91+33]\n\nmyenv\\lib\\site-packages\\selenium\\webdriver\\support\\wait.py:138: TimeoutException\n\nDuring handling of the above exception, another exception occurred:\n\nself = <test_material.test_procurementPO.TestItemPage object at 0x000001882F188FA0>, login_to_item = <selenium.webdriver.chrome.webdriver.WebDriver (session=\"5377e3ce5f0c0257395488436b21abe1\")>\n\n    @allure.story(\"编辑全部选项成功\")\n    # @pytest.mark.run(order=1)\n    def test_qtProgrammeMan_editnamesuccess(self, login_to_item):\n    \n        # 输入框要修改的值\n        input_value = '11测试全部数据'\n        text_str = \"111\"\n        date_str = \"2025/07/23 00:00:00\"\n        # 选中编辑数据\n>       self.item.click_button('//tr[./td[2][.//span[text()=\"333\"]]]/td[2]')\n\nTests\\test_material\\test_procurementPO.py:331: \n_ _ _ _ _ _ _ _ _ _ _ _ _ _ _ _ _ _ _ _ _ _ _ _ _ _ _ _ _ _ _ _ _ _ _ _ _ _ _ _ _ _ _ _ _ _ _ _ _ _ _ _ _ _ _ _ _ _ _ _ _ _ _ _ _ _ _ _ _ _ _ _ _ _ _ _ _ _ _ _ _ _ _ _ _ _ _ _ _ _ _ _ _ _ _ _ _ _ _ _ _ _ _ _ _ _ _ _ _ _ _ _ _ _ _ _\nPages\\materialPage\\warehouseLocation_page.py:171: in click_button\n    self.click(By.XPATH, xpath)\n_ _ _ _ _ _ _ _ _ _ _ _ _ _ _ _ _ _ _ _ _ _ _ _ _ _ _ _ _ _ _ _ _ _ _ _ _ _ _ _ _ _ _ _ _ _ _ _ _ _ _ _ _ _ _ _ _ _ _ _ _ _ _ _ _ _ _ _ _ _ _ _ _ _ _ _ _ _ _ _ _ _ _ _ _ _ _ _ _ _ _ _ _ _ _ _ _ _ _ _ _ _ _ _ _ _ _ _ _ _ _ _ _ _ _ _\n\nself = <Pages.materialPage.warehouseLocation_page.WarehouseLocationPage object at 0x000001882F5F13C0>, by_or_element = 'xpath', value = '//tr[./td[2][.//span[text()=\"333\"]]]/td[2]', wait_time = 10, retries = 2\n\n    def click(self, by_or_element, value=None, wait_time=10, retries=2):\n        \"\"\"\n        更稳健的点击方法：支持定位符或 WebElement，自动处理 stale 元素、点击拦截等问题。\n        \"\"\"\n        for attempt in range(retries):\n            try:\n                if value is not None:\n                    by = by_or_element\n                    logging.info(f\"点击元素：By = {by}, Value = {value}\")\n                    element = WebDriverWait(self.driver, wait_time).until(\n                        EC.element_to_be_clickable((by, value))\n                    )\n                else:\n                    logging.info(\"点击元素：WebElement 对象\")\n                    element = by_or_element\n    \n                element.click()\n                logging.info(\"✅ 点击成功\")\n                return\n    \n            except ElementClickInterceptedException:\n                logging.warning(\"⚠️ 原生点击被拦截，尝试使用 JS 点击\")\n                try:\n                    self.driver.execute_script(\"arguments[0].click();\", element)\n                    logging.info(\"✅ JS 点击成功\")\n                    return\n                except Exception as js_error:\n                    logging.warning(f\"⚠️ JS 点击失败：{js_error}\")\n                    sleep(1)\n                    continue  # 下一轮重试\n    \n            except StaleElementReferenceException:\n                logging.warning(f\"⚠️ 第 {attempt + 1} 次点击失败：元素过期，尝试重新定位\")\n                sleep(1)\n                continue  # 下一轮重试时重新定位\n    \n            except TimeoutException:\n                logging.error(f\"❌ 元素未在 {wait_time} 秒内变为可点击\")\n>               raise TimeoutException(f\"点击失败，找不到元素：{by_or_element} = {value}\")\nE               selenium.common.exceptions.TimeoutException: Message: 点击失败，找不到元素：xpath = //tr[./td[2][.//span[text()=\"333\"]]]/td[2]\n\nPages\\base_page.py:78: TimeoutException","steps":[],"attachments":[{"uid":"32911ac21e4add5","name":"test_qtProgrammeMan_editnamesuccess_20260206_101122","source":"32911ac21e4add5.png","type":"image/png","size":80109},{"uid":"95954d3b3cb9b336","name":"log","source":"95954d3b3cb9b336.txt","type":"text/plain","size":16101}],"parameters":[],"stepsCount":0,"attachmentStep":false,"hasContent":true,"attachmentsCount":2,"shouldDisplayMessage":true},"afterStages":[{"name":"login_to_item::0","time":{"start":1770344339720,"stop":1770344341898,"duration":2178},"status":"passed","steps":[],"attachments":[],"parameters":[],"stepsCount":0,"attachmentStep":false,"hasContent":false,"attachmentsCount":0,"shouldDisplayMessage":false}],"labels":[{"name":"story","value":"编辑全部选项成功"},{"name":"feature","value":"采购PO答复测试用例"},{"name":"parentSuite","value":"Tests.test_material"},{"name":"suite","value":"test_procurementPO"},{"name":"subSuite","value":"TestItemPage"},{"name":"host","value":"WIN-20240820MJV"},{"name":"thread","value":"31796-MainThread"},{"name":"framework","value":"pytest"},{"name":"language","value":"cpython3"},{"name":"package","value":"Tests.test_material.test_procurementPO"},{"name":"resultFormat","value":"allure2"}],"parameters":[],"links":[],"hidden":false,"retry":false,"extra":{"severity":"normal","retries":[{"uid":"68bda516d07e0cfe","status":"failed","statusDetails":"AssertionError: assert (['11测试全部数据', ...1测试全部数据', ...] == ['11测试全部数据', ...1测试全部数据', ...]\n  \n  At index 7 diff: \u001B[0m\u001B[33m'\u001B[39;49;00m\u001B[33m11测试全部数据\u001B[39;49;00m\u001B[33m'\u001B[39;49;00m\u001B[90m\u001B[39;49;00m != \u001B[0m\u001B[33m'\u001B[39;49;00m\u001B[33m'\u001B[39;49;00m\u001B[90m\u001B[39;49;00m\n  \n  Full diff:\n  \u001B[0m\u001B[90m \u001B[39;49;00m [\u001B[90m\u001B[39;49;00m\n  \u001B[90m \u001B[39;49;00m     '11测试全部数据',\u001B[90m\u001B[39;49;00m\n  \u001B[90m \u001B[39;49;00m     '11测试全部数据',\u001B[90m\u001B[39;49;00m...\n  \n  ...Full output truncated (28 lines hidden), use '-vv' to show)","time":{"start":1770343804902,"stop":1770343872503,"duration":67601}},{"uid":"220086604fbb36a8","status":"broken","statusDetails":"selenium.common.exceptions.TimeoutException: Message: 点击失败，找不到元素：xpath = //tr[./td[2][.//span[text()=\"333\"]]]/td[2]","time":{"start":1770319485862,"stop":1770319495929,"duration":10067}},{"uid":"7be47e1cb6cb90da","status":"broken","statusDetails":"selenium.common.exceptions.TimeoutException: Message: 点击失败，找不到元素：xpath = //tr[./td[2][.//span[text()=\"333\"]]]/td[2]","time":{"start":1770319475528,"stop":1770319485699,"duration":10171}}],"categories":[{"name":"Test defects","matchedStatuses":[]}],"tags":[]},"source":"bd7bfc3a56fad519.json","parameterValues":[]}