{"uid":"bdafe8b33fafb88","name":"test_module_delAll","fullName":"Tests.test_system.test_module.TestSModulePage#test_module_delAll","historyId":"5873475fd34f73ffa7487d4b6e96286f","time":{"start":1769719495536,"stop":1769719549091,"duration":53555},"status":"failed","statusMessage":"AssertionError: assert False\n +  where False = all(<generator object TestSModulePage.test_module_delAll.<locals>.<genexpr> at 0x000002074C02EC70>)","statusTrace":"self = <test_system.test_module.TestSModulePage object at 0x000002074E0F8340>, login_to_module = <selenium.webdriver.chrome.webdriver.WebDriver (session=\"e52101d99afc0dae860e382487744be4\")>\n\n    @allure.story(\"删除菜单，删除模块，删除应用成功\")\n    # @pytest.mark.run(order=1)\n    def test_module_delAll(self, login_to_module):\n        driver = login_to_module  # WebDriver 实例\n        module = ExpressionPage(driver)  # 用 driver 初始化 ExpressionPage\n        apps = AppsPage(driver)\n        module.click_button('(//span[text()=\"系统管理\"])[1]')\n        sleep(1)\n        ele = apps.get_find_element_xpath('(//span[text()=\"系统设置\"])[1]/ancestor::li[1]').get_attribute('aria-expanded')\n        if ele != 'true':\n            apps.click_button('(//span[text()=\"系统设置\"])[1]')\n        module.click_button('(//span[text()=\"菜单组件\"])[1]')\n        value = ['1新增菜单']\n        module.del_all(xpath='//div[div[span[text()=\" 组件代码\"]]]/div[3]//input', value=value)\n        module.right_refresh(\"菜单组件\")\n        sleep(1)\n        itemdata = [\n            driver.find_elements(By.XPATH, f'//table[@class=\"vxe-table--body\"]//tr/td[2]//span[text()=\"{v}\"]')\n            for v in value[:1]\n        ]\n        assert all(len(elements) == 0 for elements in itemdata)\n    \n        apps.click_button('(//span[text()=\"应用管理\"])[1]')\n        value = ['1新增应用', '1新增应用2']\n        apps.del_all(xpath='//div[p[text()=\"应用代码\"]]/following-sibling::div//input', value=value)\n        apps.right_refresh()\n        sleep(1)\n        itemdata = [\n            driver.find_elements(By.XPATH, f'//tr[./td[2][.//span[text()=\"{v}\"]]]/td[2]')\n            for v in value[:2]\n        ]\n        assert all(len(elements) == 0 for elements in itemdata)\n    \n        module.click_button('(//span[text()=\"模块管理\"])[1]')\n        value = ['ABCDAA', 'ACBDDD']\n        module.del_all(xpath='//div[div[span[text()=\" 模块代码\"]]]//input', value=value)\n        module.right_refresh(\"模块管理\")\n        sleep(1)\n        itemdata = [\n            driver.find_elements(By.XPATH, f'//tr[./td[2][.//span[text()=\"{v}\"]]]/td[2]')\n            for v in value[:2]\n        ]\n>       assert all(len(elements) == 0 for elements in itemdata)\nE       assert False\nE        +  where False = all(<generator object TestSModulePage.test_module_delAll.<locals>.<genexpr> at 0x000002074C02EC70>)\n\nTests\\test_system\\test_module.py:1341: AssertionError","flaky":false,"newFailed":false,"newBroken":false,"newPassed":false,"retriesCount":1,"retriesStatusChange":false,"beforeStages":[{"name":"login_to_module","time":{"start":1769718758360,"stop":1769718771588,"duration":13228},"status":"passed","steps":[],"attachments":[],"parameters":[],"stepsCount":0,"attachmentStep":false,"hasContent":false,"shouldDisplayMessage":false,"attachmentsCount":0}],"testStage":{"status":"failed","statusMessage":"AssertionError: assert False\n +  where False = all(<generator object TestSModulePage.test_module_delAll.<locals>.<genexpr> at 0x000002074C02EC70>)","statusTrace":"self = <test_system.test_module.TestSModulePage object at 0x000002074E0F8340>, login_to_module = <selenium.webdriver.chrome.webdriver.WebDriver (session=\"e52101d99afc0dae860e382487744be4\")>\n\n    @allure.story(\"删除菜单，删除模块，删除应用成功\")\n    # @pytest.mark.run(order=1)\n    def test_module_delAll(self, login_to_module):\n        driver = login_to_module  # WebDriver 实例\n        module = ExpressionPage(driver)  # 用 driver 初始化 ExpressionPage\n        apps = AppsPage(driver)\n        module.click_button('(//span[text()=\"系统管理\"])[1]')\n        sleep(1)\n        ele = apps.get_find_element_xpath('(//span[text()=\"系统设置\"])[1]/ancestor::li[1]').get_attribute('aria-expanded')\n        if ele != 'true':\n            apps.click_button('(//span[text()=\"系统设置\"])[1]')\n        module.click_button('(//span[text()=\"菜单组件\"])[1]')\n        value = ['1新增菜单']\n        module.del_all(xpath='//div[div[span[text()=\" 组件代码\"]]]/div[3]//input', value=value)\n        module.right_refresh(\"菜单组件\")\n        sleep(1)\n        itemdata = [\n            driver.find_elements(By.XPATH, f'//table[@class=\"vxe-table--body\"]//tr/td[2]//span[text()=\"{v}\"]')\n            for v in value[:1]\n        ]\n        assert all(len(elements) == 0 for elements in itemdata)\n    \n        apps.click_button('(//span[text()=\"应用管理\"])[1]')\n        value = ['1新增应用', '1新增应用2']\n        apps.del_all(xpath='//div[p[text()=\"应用代码\"]]/following-sibling::div//input', value=value)\n        apps.right_refresh()\n        sleep(1)\n        itemdata = [\n            driver.find_elements(By.XPATH, f'//tr[./td[2][.//span[text()=\"{v}\"]]]/td[2]')\n            for v in value[:2]\n        ]\n        assert all(len(elements) == 0 for elements in itemdata)\n    \n        module.click_button('(//span[text()=\"模块管理\"])[1]')\n        value = ['ABCDAA', 'ACBDDD']\n        module.del_all(xpath='//div[div[span[text()=\" 模块代码\"]]]//input', value=value)\n        module.right_refresh(\"模块管理\")\n        sleep(1)\n        itemdata = [\n            driver.find_elements(By.XPATH, f'//tr[./td[2][.//span[text()=\"{v}\"]]]/td[2]')\n            for v in value[:2]\n        ]\n>       assert all(len(elements) == 0 for elements in itemdata)\nE       assert False\nE        +  where False = all(<generator object TestSModulePage.test_module_delAll.<locals>.<genexpr> at 0x000002074C02EC70>)\n\nTests\\test_system\\test_module.py:1341: AssertionError","steps":[],"attachments":[{"uid":"4fd9cb47e78e15c9","name":"test_module_delAll_20260130_044549","source":"4fd9cb47e78e15c9.png","type":"image/png","size":181864},{"uid":"4bcf366b0d0fd956","name":"log","source":"4bcf366b0d0fd956.txt","type":"text/plain","size":12680}],"parameters":[],"stepsCount":0,"attachmentStep":false,"hasContent":true,"shouldDisplayMessage":true,"attachmentsCount":2},"afterStages":[{"name":"login_to_module::0","time":{"start":1769719912993,"stop":1769719915150,"duration":2157},"status":"passed","steps":[],"attachments":[],"parameters":[],"stepsCount":0,"attachmentStep":false,"hasContent":false,"shouldDisplayMessage":false,"attachmentsCount":0}],"labels":[{"name":"feature","value":"模块管理页用例"},{"name":"story","value":"删除菜单，删除模块，删除应用成功"},{"name":"parentSuite","value":"Tests.test_system"},{"name":"suite","value":"test_module"},{"name":"subSuite","value":"TestSModulePage"},{"name":"host","value":"WIN-20240820MJV"},{"name":"thread","value":"42656-MainThread"},{"name":"framework","value":"pytest"},{"name":"language","value":"cpython3"},{"name":"package","value":"Tests.test_system.test_module"},{"name":"resultFormat","value":"allure2"}],"parameters":[],"links":[],"hidden":false,"retry":false,"extra":{"severity":"normal","retries":[{"uid":"65d57642c927d875","status":"failed","statusDetails":"AssertionError: assert False\n +  where False = all(<generator object TestSModulePage.test_module_delAll.<locals>.<genexpr> at 0x000002074C02E810>)","time":{"start":1769719486933,"stop":1769719495411,"duration":8478}}],"categories":[{"name":"Product defects","matchedStatuses":[]}],"tags":[]},"source":"bdafe8b33fafb88.json","parameterValues":[]}