{"uid":"be76858488a1dbe1","name":"test_systemSettings_trademark2","fullName":"Tests.test_system.test_systemSettings.TestSystemSettingsPage#test_systemSettings_trademark2","historyId":"a341a5d3ecdb25abbf19a4907a1aa3e8","time":{"start":1762894834321,"stop":1762894844646,"duration":10325},"status":"broken","statusMessage":"selenium.common.exceptions.TimeoutException: Message: \nStacktrace:\n\tGetHandleVerifier [0x0x7ff6b62e6f65+78965]\n\tGetHandleVerifier [0x0x7ff6b62e6fc0+79056]\n\t(No symbol) [0x0x7ff6b6079dda]\n\t(No symbol) [0x0x7ff6b60d02ea]\n\t(No symbol) [0x0x7ff6b60d059c]\n\t(No symbol) [0x0x7ff6b6123f37]\n\t(No symbol) [0x0x7ff6b60f86af]\n\t(No symbol) [0x0x7ff6b6120dbe]\n\t(No symbol) [0x0x7ff6b60f8443]\n\t(No symbol) [0x0x7ff6b60c1311]\n\t(No symbol) [0x0x7ff6b60c20a3]\n\tGetHandleVerifier [0x0x7ff6b659e26d+2926461]\n\tGetHandleVerifier [0x0x7ff6b6598993+2903715]\n\tGetHandleVerifier [0x0x7ff6b65b6aed+3026941]\n\tGetHandleVerifier [0x0x7ff6b63016fe+187406]\n\tGetHandleVerifier [0x0x7ff6b63096ef+220159]\n\tGetHandleVerifier [0x0x7ff6b62efaf4+114692]\n\tGetHandleVerifier [0x0x7ff6b62efca9+115129]\n\tGetHandleVerifier [0x0x7ff6b62d64d8+10728]\n\tBaseThreadInitThunk [0x0x7ffcf36a7374+20]\n\tRtlUserThreadStart [0x0x7ffcf523cc91+33]","statusTrace":"self = <test_system.test_systemSettings.TestSystemSettingsPage object at 0x000001714A84EF80>, login_to_systemSettings = <selenium.webdriver.chrome.webdriver.WebDriver (session=\"bce0b5b8a111403addab676e6e7a2bd6\")>\n\n    @allure.story(\"商标名称不填默认为 Elligent SCP\")\n    # @pytest.mark.run(order=1)\n    def test_systemSettings_trademark2(self, login_to_systemSettings):\n        driver = login_to_systemSettings  # WebDriver 实例\n        settings = SystemSettingsPage(driver)  # 用 driver 初始化 SystemSettingsPage\n        text = 'Elligent SCP'\n        ele = settings.get_find_element_xpath('//div[p[text()=\" 商标名称: \"]]//input')\n        ele.send_keys(Keys.CONTROL + \"a\")\n        ele.send_keys(Keys.DELETE)\n        settings.click_save_button()\n>       maeessage = settings.get_find_message()\n\nTests\\test_system\\test_systemSettings.py:89: \n_ _ _ _ _ _ _ _ _ _ _ _ _ _ _ _ _ _ _ _ _ _ _ _ _ _ _ _ _ _ _ _ _ _ _ _ _ _ _ _ _ _ _ _ _ _ _ _ _ _ _ _ _ _ _ _ _ _ _ _ _ _ _ _ _ _ _ _ _ _ _ _ _ _ _ _ _ _ _ _ _ _ _ _ _ _ _ _ _ _ _ _ _ _ _ _ _ _ _ _ _ _ _ _ _ _ _ _ _ _ _ _ _ _ _ _\nPages\\systemPage\\systemSettings_page.py:35: in get_find_message\n    message = WebDriverWait(self.driver, 10).until(\n_ _ _ _ _ _ _ _ _ _ _ _ _ _ _ _ _ _ _ _ _ _ _ _ _ _ _ _ _ _ _ _ _ _ _ _ _ _ _ _ _ _ _ _ _ _ _ _ _ _ _ _ _ _ _ _ _ _ _ _ _ _ _ _ _ _ _ _ _ _ _ _ _ _ _ _ _ _ _ _ _ _ _ _ _ _ _ _ _ _ _ _ _ _ _ _ _ _ _ _ _ _ _ _ _ _ _ _ _ _ _ _ _ _ _ _\n\nself = <selenium.webdriver.support.wait.WebDriverWait (session=\"bce0b5b8a111403addab676e6e7a2bd6\")>, method = <function visibility_of_element_located.<locals>._predicate at 0x000001714CBAD900>, message = ''\n\n    def until(self, method: Callable[[D], Union[Literal[False], T]], message: str = \"\") -> T:\n        \"\"\"Wait until the method returns a value that is not False.\n    \n        Calls the method provided with the driver as an argument until the\n        return value does not evaluate to ``False``.\n    \n        Parameters:\n        -----------\n        method: callable(WebDriver)\n            - A callable object that takes a WebDriver instance as an argument.\n    \n        message: str\n            - Optional message for :exc:`TimeoutException`\n    \n        Return:\n        -------\n        object: T\n            - The result of the last call to `method`\n    \n        Raises:\n        -------\n        TimeoutException\n            - If 'method' does not return a truthy value within the WebDriverWait\n            object's timeout\n    \n        Example:\n        --------\n        >>> from selenium.webdriver.common.by import By\n        >>> from selenium.webdriver.support.ui import WebDriverWait\n        >>> from selenium.webdriver.support import expected_conditions as EC\n    \n        # Wait until an element is visible on the page\n        >>> wait = WebDriverWait(driver, 10)\n        >>> element = wait.until(EC.visibility_of_element_located((By.ID, \"exampleId\")))\n        >>> print(element.text)\n        \"\"\"\n        screen = None\n        stacktrace = None\n    \n        end_time = time.monotonic() + self._timeout\n        while True:\n            try:\n                value = method(self._driver)\n                if value:\n                    return value\n            except self._ignored_exceptions as exc:\n                screen = getattr(exc, \"screen\", None)\n                stacktrace = getattr(exc, \"stacktrace\", None)\n            if time.monotonic() > end_time:\n                break\n            time.sleep(self._poll)\n>       raise TimeoutException(message, screen, stacktrace)\nE       selenium.common.exceptions.TimeoutException: Message: \nE       Stacktrace:\nE       \tGetHandleVerifier [0x0x7ff6b62e6f65+78965]\nE       \tGetHandleVerifier [0x0x7ff6b62e6fc0+79056]\nE       \t(No symbol) [0x0x7ff6b6079dda]\nE       \t(No symbol) [0x0x7ff6b60d02ea]\nE       \t(No symbol) [0x0x7ff6b60d059c]\nE       \t(No symbol) [0x0x7ff6b6123f37]\nE       \t(No symbol) [0x0x7ff6b60f86af]\nE       \t(No symbol) [0x0x7ff6b6120dbe]\nE       \t(No symbol) [0x0x7ff6b60f8443]\nE       \t(No symbol) [0x0x7ff6b60c1311]\nE       \t(No symbol) [0x0x7ff6b60c20a3]\nE       \tGetHandleVerifier [0x0x7ff6b659e26d+2926461]\nE       \tGetHandleVerifier [0x0x7ff6b6598993+2903715]\nE       \tGetHandleVerifier [0x0x7ff6b65b6aed+3026941]\nE       \tGetHandleVerifier [0x0x7ff6b63016fe+187406]\nE       \tGetHandleVerifier [0x0x7ff6b63096ef+220159]\nE       \tGetHandleVerifier [0x0x7ff6b62efaf4+114692]\nE       \tGetHandleVerifier [0x0x7ff6b62efca9+115129]\nE       \tGetHandleVerifier [0x0x7ff6b62d64d8+10728]\nE       \tBaseThreadInitThunk [0x0x7ffcf36a7374+20]\nE       \tRtlUserThreadStart [0x0x7ffcf523cc91+33]\n\nmyenv\\lib\\site-packages\\selenium\\webdriver\\support\\wait.py:138: TimeoutException","flaky":false,"newFailed":false,"newBroken":false,"newPassed":false,"retriesCount":1,"retriesStatusChange":false,"beforeStages":[{"name":"login_to_systemSettings","time":{"start":1762894821845,"stop":1762894834321,"duration":12476},"status":"passed","steps":[],"attachments":[],"parameters":[],"attachmentStep":false,"hasContent":false,"stepsCount":0,"attachmentsCount":0,"shouldDisplayMessage":false}],"testStage":{"status":"broken","statusMessage":"selenium.common.exceptions.TimeoutException: Message: \nStacktrace:\n\tGetHandleVerifier [0x0x7ff6b62e6f65+78965]\n\tGetHandleVerifier [0x0x7ff6b62e6fc0+79056]\n\t(No symbol) [0x0x7ff6b6079dda]\n\t(No symbol) [0x0x7ff6b60d02ea]\n\t(No symbol) [0x0x7ff6b60d059c]\n\t(No symbol) [0x0x7ff6b6123f37]\n\t(No symbol) [0x0x7ff6b60f86af]\n\t(No symbol) [0x0x7ff6b6120dbe]\n\t(No symbol) [0x0x7ff6b60f8443]\n\t(No symbol) [0x0x7ff6b60c1311]\n\t(No symbol) [0x0x7ff6b60c20a3]\n\tGetHandleVerifier [0x0x7ff6b659e26d+2926461]\n\tGetHandleVerifier [0x0x7ff6b6598993+2903715]\n\tGetHandleVerifier [0x0x7ff6b65b6aed+3026941]\n\tGetHandleVerifier [0x0x7ff6b63016fe+187406]\n\tGetHandleVerifier [0x0x7ff6b63096ef+220159]\n\tGetHandleVerifier [0x0x7ff6b62efaf4+114692]\n\tGetHandleVerifier [0x0x7ff6b62efca9+115129]\n\tGetHandleVerifier [0x0x7ff6b62d64d8+10728]\n\tBaseThreadInitThunk [0x0x7ffcf36a7374+20]\n\tRtlUserThreadStart [0x0x7ffcf523cc91+33]","statusTrace":"self = <test_system.test_systemSettings.TestSystemSettingsPage object at 0x000001714A84EF80>, login_to_systemSettings = <selenium.webdriver.chrome.webdriver.WebDriver (session=\"bce0b5b8a111403addab676e6e7a2bd6\")>\n\n    @allure.story(\"商标名称不填默认为 Elligent SCP\")\n    # @pytest.mark.run(order=1)\n    def test_systemSettings_trademark2(self, login_to_systemSettings):\n        driver = login_to_systemSettings  # WebDriver 实例\n        settings = SystemSettingsPage(driver)  # 用 driver 初始化 SystemSettingsPage\n        text = 'Elligent SCP'\n        ele = settings.get_find_element_xpath('//div[p[text()=\" 商标名称: \"]]//input')\n        ele.send_keys(Keys.CONTROL + \"a\")\n        ele.send_keys(Keys.DELETE)\n        settings.click_save_button()\n>       maeessage = settings.get_find_message()\n\nTests\\test_system\\test_systemSettings.py:89: \n_ _ _ _ _ _ _ _ _ _ _ _ _ _ _ _ _ _ _ _ _ _ _ _ _ _ _ _ _ _ _ _ _ _ _ _ _ _ _ _ _ _ _ _ _ _ _ _ _ _ _ _ _ _ _ _ _ _ _ _ _ _ _ _ _ _ _ _ _ _ _ _ _ _ _ _ _ _ _ _ _ _ _ _ _ _ _ _ _ _ _ _ _ _ _ _ _ _ _ _ _ _ _ _ _ _ _ _ _ _ _ _ _ _ _ _\nPages\\systemPage\\systemSettings_page.py:35: in get_find_message\n    message = WebDriverWait(self.driver, 10).until(\n_ _ _ _ _ _ _ _ _ _ _ _ _ _ _ _ _ _ _ _ _ _ _ _ _ _ _ _ _ _ _ _ _ _ _ _ _ _ _ _ _ _ _ _ _ _ _ _ _ _ _ _ _ _ _ _ _ _ _ _ _ _ _ _ _ _ _ _ _ _ _ _ _ _ _ _ _ _ _ _ _ _ _ _ _ _ _ _ _ _ _ _ _ _ _ _ _ _ _ _ _ _ _ _ _ _ _ _ _ _ _ _ _ _ _ _\n\nself = <selenium.webdriver.support.wait.WebDriverWait (session=\"bce0b5b8a111403addab676e6e7a2bd6\")>, method = <function visibility_of_element_located.<locals>._predicate at 0x000001714CBAD900>, message = ''\n\n    def until(self, method: Callable[[D], Union[Literal[False], T]], message: str = \"\") -> T:\n        \"\"\"Wait until the method returns a value that is not False.\n    \n        Calls the method provided with the driver as an argument until the\n        return value does not evaluate to ``False``.\n    \n        Parameters:\n        -----------\n        method: callable(WebDriver)\n            - A callable object that takes a WebDriver instance as an argument.\n    \n        message: str\n            - Optional message for :exc:`TimeoutException`\n    \n        Return:\n        -------\n        object: T\n            - The result of the last call to `method`\n    \n        Raises:\n        -------\n        TimeoutException\n            - If 'method' does not return a truthy value within the WebDriverWait\n            object's timeout\n    \n        Example:\n        --------\n        >>> from selenium.webdriver.common.by import By\n        >>> from selenium.webdriver.support.ui import WebDriverWait\n        >>> from selenium.webdriver.support import expected_conditions as EC\n    \n        # Wait until an element is visible on the page\n        >>> wait = WebDriverWait(driver, 10)\n        >>> element = wait.until(EC.visibility_of_element_located((By.ID, \"exampleId\")))\n        >>> print(element.text)\n        \"\"\"\n        screen = None\n        stacktrace = None\n    \n        end_time = time.monotonic() + self._timeout\n        while True:\n            try:\n                value = method(self._driver)\n                if value:\n                    return value\n            except self._ignored_exceptions as exc:\n                screen = getattr(exc, \"screen\", None)\n                stacktrace = getattr(exc, \"stacktrace\", None)\n            if time.monotonic() > end_time:\n                break\n            time.sleep(self._poll)\n>       raise TimeoutException(message, screen, stacktrace)\nE       selenium.common.exceptions.TimeoutException: Message: \nE       Stacktrace:\nE       \tGetHandleVerifier [0x0x7ff6b62e6f65+78965]\nE       \tGetHandleVerifier [0x0x7ff6b62e6fc0+79056]\nE       \t(No symbol) [0x0x7ff6b6079dda]\nE       \t(No symbol) [0x0x7ff6b60d02ea]\nE       \t(No symbol) [0x0x7ff6b60d059c]\nE       \t(No symbol) [0x0x7ff6b6123f37]\nE       \t(No symbol) [0x0x7ff6b60f86af]\nE       \t(No symbol) [0x0x7ff6b6120dbe]\nE       \t(No symbol) [0x0x7ff6b60f8443]\nE       \t(No symbol) [0x0x7ff6b60c1311]\nE       \t(No symbol) [0x0x7ff6b60c20a3]\nE       \tGetHandleVerifier [0x0x7ff6b659e26d+2926461]\nE       \tGetHandleVerifier [0x0x7ff6b6598993+2903715]\nE       \tGetHandleVerifier [0x0x7ff6b65b6aed+3026941]\nE       \tGetHandleVerifier [0x0x7ff6b63016fe+187406]\nE       \tGetHandleVerifier [0x0x7ff6b63096ef+220159]\nE       \tGetHandleVerifier [0x0x7ff6b62efaf4+114692]\nE       \tGetHandleVerifier [0x0x7ff6b62efca9+115129]\nE       \tGetHandleVerifier [0x0x7ff6b62d64d8+10728]\nE       \tBaseThreadInitThunk [0x0x7ffcf36a7374+20]\nE       \tRtlUserThreadStart [0x0x7ffcf523cc91+33]\n\nmyenv\\lib\\site-packages\\selenium\\webdriver\\support\\wait.py:138: TimeoutException","steps":[],"attachments":[{"uid":"fca0f23854ac370f","name":"test_systemSettings_trademark2_failure","source":"fca0f23854ac370f.png","type":"image/png","size":82184},{"uid":"b723363132452364","name":"test_systemSettings_trademark2_source","source":"b723363132452364.html","type":"text/html","size":1101953},{"uid":"4f30b0db651579a7","name":"log","source":"4f30b0db651579a7.txt","type":"text/plain","size":2767}],"parameters":[],"attachmentStep":false,"hasContent":true,"stepsCount":0,"attachmentsCount":3,"shouldDisplayMessage":true},"afterStages":[{"name":"login_to_systemSettings::0","time":{"start":1762894844787,"stop":1762894846964,"duration":2177},"status":"passed","steps":[],"attachments":[],"parameters":[],"attachmentStep":false,"hasContent":false,"stepsCount":0,"attachmentsCount":0,"shouldDisplayMessage":false}],"labels":[{"name":"feature","value":"系统标识设置页用例"},{"name":"story","value":"商标名称不填默认为 Elligent SCP"},{"name":"parentSuite","value":"Tests.test_system"},{"name":"suite","value":"test_systemSettings"},{"name":"subSuite","value":"TestSystemSettingsPage"},{"name":"host","value":"WIN-20240820MJV"},{"name":"thread","value":"16176-MainThread"},{"name":"framework","value":"pytest"},{"name":"language","value":"cpython3"},{"name":"package","value":"Tests.test_system.test_systemSettings"},{"name":"resultFormat","value":"allure2"}],"parameters":[],"links":[],"hidden":false,"retry":false,"extra":{"severity":"normal","retries":[{"uid":"9df67a1afc1856d3","status":"broken","statusDetails":"selenium.common.exceptions.TimeoutException: Message: \nStacktrace:\n\tGetHandleVerifier [0x0x7ff6b62e6f65+78965]\n\tGetHandleVerifier [0x0x7ff6b62e6fc0+79056]\n\t(No symbol) [0x0x7ff6b6079dda]\n\t(No symbol) [0x0x7ff6b60d02ea]\n\t(No symbol) [0x0x7ff6b60d059c]\n\t(No symbol) [0x0x7ff6b6123f37]\n\t(No symbol) [0x0x7ff6b60f86af]\n\t(No symbol) [0x0x7ff6b6120dbe]\n\t(No symbol) [0x0x7ff6b60f8443]\n\t(No symbol) [0x0x7ff6b60c1311]\n\t(No symbol) [0x0x7ff6b60c20a3]\n\tGetHandleVerifier [0x0x7ff6b659e26d+2926461]\n\tGetHandleVerifier [0x0x7ff6b6598993+2903715]\n\tGetHandleVerifier [0x0x7ff6b65b6aed+3026941]\n\tGetHandleVerifier [0x0x7ff6b63016fe+187406]\n\tGetHandleVerifier [0x0x7ff6b63096ef+220159]\n\tGetHandleVerifier [0x0x7ff6b62efaf4+114692]\n\tGetHandleVerifier [0x0x7ff6b62efca9+115129]\n\tGetHandleVerifier [0x0x7ff6b62d64d8+10728]\n\tBaseThreadInitThunk [0x0x7ffcf36a7374+20]\n\tRtlUserThreadStart [0x0x7ffcf523cc91+33]","time":{"start":1762894809229,"stop":1762894819540,"duration":10311}}],"categories":[{"name":"Test defects","matchedStatuses":[]}],"tags":[]},"source":"be76858488a1dbe1.json","parameterValues":[]}