{"uid":"bf1b2d5d415309da","name":"test_spec_delsuccess1","fullName":"Tests.test_items.test_spec1.TestSpecPage#test_spec_delsuccess1","historyId":"80e341052ad6eefcaa96c8f5f4a32346","time":{"start":1768302051433,"stop":1768302113548,"duration":62115},"status":"broken","statusMessage":"selenium.common.exceptions.TimeoutException: Message: \nStacktrace:\n\tGetHandleVerifier [0x0x7ff732cc6f65+78965]\n\tGetHandleVerifier [0x0x7ff732cc6fc0+79056]\n\t(No symbol) [0x0x7ff732a59dda]\n\t(No symbol) [0x0x7ff732ab02ea]\n\t(No symbol) [0x0x7ff732ab059c]\n\t(No symbol) [0x0x7ff732b03f37]\n\t(No symbol) [0x0x7ff732ad86af]\n\t(No symbol) [0x0x7ff732b00dbe]\n\t(No symbol) [0x0x7ff732ad8443]\n\t(No symbol) [0x0x7ff732aa1311]\n\t(No symbol) [0x0x7ff732aa20a3]\n\tGetHandleVerifier [0x0x7ff732f7e26d+2926461]\n\tGetHandleVerifier [0x0x7ff732f78993+2903715]\n\tGetHandleVerifier [0x0x7ff732f96aed+3026941]\n\tGetHandleVerifier [0x0x7ff732ce16fe+187406]\n\tGetHandleVerifier [0x0x7ff732ce96ef+220159]\n\tGetHandleVerifier [0x0x7ff732ccfaf4+114692]\n\tGetHandleVerifier [0x0x7ff732ccfca9+115129]\n\tGetHandleVerifier [0x0x7ff732cb64d8+10728]\n\tBaseThreadInitThunk [0x0x7ff90e507374+20]\n\tRtlUserThreadStart [0x0x7ff91019cc91+33]","statusTrace":"self = <test_items.test_spec1.TestSpecPage object at 0x000001C8198C4F10>, login_to_spec1 = <selenium.webdriver.chrome.webdriver.WebDriver (session=\"7f5b9dc872cb9f2265e8faf92d9e7ff9\")>\n\n    @allure.story(\"删除测试数据成功，删除布局成功\")\n    # @pytest.mark.run(order=1)\n    def test_spec_delsuccess1(self, login_to_spec1):\n        driver = login_to_spec1  # WebDriver 实例\n        spec = Spec1Page(driver)  # 用 driver 初始化 Spec1Page\n        driver.execute_script(\"document.body.style.zoom='1'\")\n        layout = \"测试布局A\"\n    \n        value = ['全部数据', '111', '1测试A', '1111111111111111333311222211112222211111111133331111111444441111111111111111111111111111111111111111']\n        spec.del_all(value, '//p[text()=\"代码\"]/ancestor::div[2]//input')\n        data = [\n            driver.find_elements(By.XPATH, f'//tr[./td[2][.//span[text()=\"{v}\"]]]/td[2]')\n            for v in value[:4]\n        ]\n>       spec.del_layout(layout)\n\nTests\\test_items\\test_spec1.py:1158: \n_ _ _ _ _ _ _ _ _ _ _ _ _ _ _ _ _ _ _ _ _ _ _ _ _ _ _ _ _ _ _ _ _ _ _ _ _ _ _ _ _ _ _ _ _ _ _ _ _ _ _ _ _ _ _ _ _ _ _ _ _ _ _ _ _ _ _ _ _ _ _ _ _ _ _ _ _ _ _ _ _ _ _ _ _ _ _ _ _ _ _ _ _ _ _ _ _ _ _ _ _ _ _ _ _ _ _ _ _ _ _ _ _ _ _ _\nPages\\itemsPage\\spec1_page.py:182: in del_layout\n    target_div = self.get_find_element_xpath(\nPages\\itemsPage\\spec1_page.py:47: in get_find_element_xpath\n    return self.find_element(By.XPATH, xpath)\nPages\\base_page.py:28: in find_element\n    return WebDriverWait(self.driver, wait_time).until(\n_ _ _ _ _ _ _ _ _ _ _ _ _ _ _ _ _ _ _ _ _ _ _ _ _ _ _ _ _ _ _ _ _ _ _ _ _ _ _ _ _ _ _ _ _ _ _ _ _ _ _ _ _ _ _ _ _ _ _ _ _ _ _ _ _ _ _ _ _ _ _ _ _ _ _ _ _ _ _ _ _ _ _ _ _ _ _ _ _ _ _ _ _ _ _ _ _ _ _ _ _ _ _ _ _ _ _ _ _ _ _ _ _ _ _ _\n\nself = <selenium.webdriver.support.wait.WebDriverWait (session=\"7f5b9dc872cb9f2265e8faf92d9e7ff9\")>, method = <function presence_of_element_located.<locals>._predicate at 0x000001C819E193F0>, message = ''\n\n    def until(self, method: Callable[[D], Union[Literal[False], T]], message: str = \"\") -> T:\n        \"\"\"Wait until the method returns a value that is not False.\n    \n        Calls the method provided with the driver as an argument until the\n        return value does not evaluate to ``False``.\n    \n        Parameters:\n        -----------\n        method: callable(WebDriver)\n            - A callable object that takes a WebDriver instance as an argument.\n    \n        message: str\n            - Optional message for :exc:`TimeoutException`\n    \n        Return:\n        -------\n        object: T\n            - The result of the last call to `method`\n    \n        Raises:\n        -------\n        TimeoutException\n            - If 'method' does not return a truthy value within the WebDriverWait\n            object's timeout\n    \n        Example:\n        --------\n        >>> from selenium.webdriver.common.by import By\n        >>> from selenium.webdriver.support.ui import WebDriverWait\n        >>> from selenium.webdriver.support import expected_conditions as EC\n    \n        # Wait until an element is visible on the page\n        >>> wait = WebDriverWait(driver, 10)\n        >>> element = wait.until(EC.visibility_of_element_located((By.ID, \"exampleId\")))\n        >>> print(element.text)\n        \"\"\"\n        screen = None\n        stacktrace = None\n    \n        end_time = time.monotonic() + self._timeout\n        while True:\n            try:\n                value = method(self._driver)\n                if value:\n                    return value\n            except self._ignored_exceptions as exc:\n                screen = getattr(exc, \"screen\", None)\n                stacktrace = getattr(exc, \"stacktrace\", None)\n            if time.monotonic() > end_time:\n                break\n            time.sleep(self._poll)\n>       raise TimeoutException(message, screen, stacktrace)\nE       selenium.common.exceptions.TimeoutException: Message: \nE       Stacktrace:\nE       \tGetHandleVerifier [0x0x7ff732cc6f65+78965]\nE       \tGetHandleVerifier [0x0x7ff732cc6fc0+79056]\nE       \t(No symbol) [0x0x7ff732a59dda]\nE       \t(No symbol) [0x0x7ff732ab02ea]\nE       \t(No symbol) [0x0x7ff732ab059c]\nE       \t(No symbol) [0x0x7ff732b03f37]\nE       \t(No symbol) [0x0x7ff732ad86af]\nE       \t(No symbol) [0x0x7ff732b00dbe]\nE       \t(No symbol) [0x0x7ff732ad8443]\nE       \t(No symbol) [0x0x7ff732aa1311]\nE       \t(No symbol) [0x0x7ff732aa20a3]\nE       \tGetHandleVerifier [0x0x7ff732f7e26d+2926461]\nE       \tGetHandleVerifier [0x0x7ff732f78993+2903715]\nE       \tGetHandleVerifier [0x0x7ff732f96aed+3026941]\nE       \tGetHandleVerifier [0x0x7ff732ce16fe+187406]\nE       \tGetHandleVerifier [0x0x7ff732ce96ef+220159]\nE       \tGetHandleVerifier [0x0x7ff732ccfaf4+114692]\nE       \tGetHandleVerifier [0x0x7ff732ccfca9+115129]\nE       \tGetHandleVerifier [0x0x7ff732cb64d8+10728]\nE       \tBaseThreadInitThunk [0x0x7ff90e507374+20]\nE       \tRtlUserThreadStart [0x0x7ff91019cc91+33]\n\nmyenv\\lib\\site-packages\\selenium\\webdriver\\support\\wait.py:138: TimeoutException","flaky":false,"newFailed":false,"newBroken":false,"newPassed":false,"retriesCount":1,"retriesStatusChange":true,"beforeStages":[{"name":"login_to_spec1","time":{"start":1768301588438,"stop":1768301609809,"duration":21371},"status":"passed","steps":[],"attachments":[],"parameters":[],"stepsCount":0,"hasContent":false,"attachmentStep":false,"shouldDisplayMessage":false,"attachmentsCount":0}],"testStage":{"status":"broken","statusMessage":"selenium.common.exceptions.TimeoutException: Message: \nStacktrace:\n\tGetHandleVerifier [0x0x7ff732cc6f65+78965]\n\tGetHandleVerifier [0x0x7ff732cc6fc0+79056]\n\t(No symbol) [0x0x7ff732a59dda]\n\t(No symbol) [0x0x7ff732ab02ea]\n\t(No symbol) [0x0x7ff732ab059c]\n\t(No symbol) [0x0x7ff732b03f37]\n\t(No symbol) [0x0x7ff732ad86af]\n\t(No symbol) [0x0x7ff732b00dbe]\n\t(No symbol) [0x0x7ff732ad8443]\n\t(No symbol) [0x0x7ff732aa1311]\n\t(No symbol) [0x0x7ff732aa20a3]\n\tGetHandleVerifier [0x0x7ff732f7e26d+2926461]\n\tGetHandleVerifier [0x0x7ff732f78993+2903715]\n\tGetHandleVerifier [0x0x7ff732f96aed+3026941]\n\tGetHandleVerifier [0x0x7ff732ce16fe+187406]\n\tGetHandleVerifier [0x0x7ff732ce96ef+220159]\n\tGetHandleVerifier [0x0x7ff732ccfaf4+114692]\n\tGetHandleVerifier [0x0x7ff732ccfca9+115129]\n\tGetHandleVerifier [0x0x7ff732cb64d8+10728]\n\tBaseThreadInitThunk [0x0x7ff90e507374+20]\n\tRtlUserThreadStart [0x0x7ff91019cc91+33]","statusTrace":"self = <test_items.test_spec1.TestSpecPage object at 0x000001C8198C4F10>, login_to_spec1 = <selenium.webdriver.chrome.webdriver.WebDriver (session=\"7f5b9dc872cb9f2265e8faf92d9e7ff9\")>\n\n    @allure.story(\"删除测试数据成功，删除布局成功\")\n    # @pytest.mark.run(order=1)\n    def test_spec_delsuccess1(self, login_to_spec1):\n        driver = login_to_spec1  # WebDriver 实例\n        spec = Spec1Page(driver)  # 用 driver 初始化 Spec1Page\n        driver.execute_script(\"document.body.style.zoom='1'\")\n        layout = \"测试布局A\"\n    \n        value = ['全部数据', '111', '1测试A', '1111111111111111333311222211112222211111111133331111111444441111111111111111111111111111111111111111']\n        spec.del_all(value, '//p[text()=\"代码\"]/ancestor::div[2]//input')\n        data = [\n            driver.find_elements(By.XPATH, f'//tr[./td[2][.//span[text()=\"{v}\"]]]/td[2]')\n            for v in value[:4]\n        ]\n>       spec.del_layout(layout)\n\nTests\\test_items\\test_spec1.py:1158: \n_ _ _ _ _ _ _ _ _ _ _ _ _ _ _ _ _ _ _ _ _ _ _ _ _ _ _ _ _ _ _ _ _ _ _ _ _ _ _ _ _ _ _ _ _ _ _ _ _ _ _ _ _ _ _ _ _ _ _ _ _ _ _ _ _ _ _ _ _ _ _ _ _ _ _ _ _ _ _ _ _ _ _ _ _ _ _ _ _ _ _ _ _ _ _ _ _ _ _ _ _ _ _ _ _ _ _ _ _ _ _ _ _ _ _ _\nPages\\itemsPage\\spec1_page.py:182: in del_layout\n    target_div = self.get_find_element_xpath(\nPages\\itemsPage\\spec1_page.py:47: in get_find_element_xpath\n    return self.find_element(By.XPATH, xpath)\nPages\\base_page.py:28: in find_element\n    return WebDriverWait(self.driver, wait_time).until(\n_ _ _ _ _ _ _ _ _ _ _ _ _ _ _ _ _ _ _ _ _ _ _ _ _ _ _ _ _ _ _ _ _ _ _ _ _ _ _ _ _ _ _ _ _ _ _ _ _ _ _ _ _ _ _ _ _ _ _ _ _ _ _ _ _ _ _ _ _ _ _ _ _ _ _ _ _ _ _ _ _ _ _ _ _ _ _ _ _ _ _ _ _ _ _ _ _ _ _ _ _ _ _ _ _ _ _ _ _ _ _ _ _ _ _ _\n\nself = <selenium.webdriver.support.wait.WebDriverWait (session=\"7f5b9dc872cb9f2265e8faf92d9e7ff9\")>, method = <function presence_of_element_located.<locals>._predicate at 0x000001C819E193F0>, message = ''\n\n    def until(self, method: Callable[[D], Union[Literal[False], T]], message: str = \"\") -> T:\n        \"\"\"Wait until the method returns a value that is not False.\n    \n        Calls the method provided with the driver as an argument until the\n        return value does not evaluate to ``False``.\n    \n        Parameters:\n        -----------\n        method: callable(WebDriver)\n            - A callable object that takes a WebDriver instance as an argument.\n    \n        message: str\n            - Optional message for :exc:`TimeoutException`\n    \n        Return:\n        -------\n        object: T\n            - The result of the last call to `method`\n    \n        Raises:\n        -------\n        TimeoutException\n            - If 'method' does not return a truthy value within the WebDriverWait\n            object's timeout\n    \n        Example:\n        --------\n        >>> from selenium.webdriver.common.by import By\n        >>> from selenium.webdriver.support.ui import WebDriverWait\n        >>> from selenium.webdriver.support import expected_conditions as EC\n    \n        # Wait until an element is visible on the page\n        >>> wait = WebDriverWait(driver, 10)\n        >>> element = wait.until(EC.visibility_of_element_located((By.ID, \"exampleId\")))\n        >>> print(element.text)\n        \"\"\"\n        screen = None\n        stacktrace = None\n    \n        end_time = time.monotonic() + self._timeout\n        while True:\n            try:\n                value = method(self._driver)\n                if value:\n                    return value\n            except self._ignored_exceptions as exc:\n                screen = getattr(exc, \"screen\", None)\n                stacktrace = getattr(exc, \"stacktrace\", None)\n            if time.monotonic() > end_time:\n                break\n            time.sleep(self._poll)\n>       raise TimeoutException(message, screen, stacktrace)\nE       selenium.common.exceptions.TimeoutException: Message: \nE       Stacktrace:\nE       \tGetHandleVerifier [0x0x7ff732cc6f65+78965]\nE       \tGetHandleVerifier [0x0x7ff732cc6fc0+79056]\nE       \t(No symbol) [0x0x7ff732a59dda]\nE       \t(No symbol) [0x0x7ff732ab02ea]\nE       \t(No symbol) [0x0x7ff732ab059c]\nE       \t(No symbol) [0x0x7ff732b03f37]\nE       \t(No symbol) [0x0x7ff732ad86af]\nE       \t(No symbol) [0x0x7ff732b00dbe]\nE       \t(No symbol) [0x0x7ff732ad8443]\nE       \t(No symbol) [0x0x7ff732aa1311]\nE       \t(No symbol) [0x0x7ff732aa20a3]\nE       \tGetHandleVerifier [0x0x7ff732f7e26d+2926461]\nE       \tGetHandleVerifier [0x0x7ff732f78993+2903715]\nE       \tGetHandleVerifier [0x0x7ff732f96aed+3026941]\nE       \tGetHandleVerifier [0x0x7ff732ce16fe+187406]\nE       \tGetHandleVerifier [0x0x7ff732ce96ef+220159]\nE       \tGetHandleVerifier [0x0x7ff732ccfaf4+114692]\nE       \tGetHandleVerifier [0x0x7ff732ccfca9+115129]\nE       \tGetHandleVerifier [0x0x7ff732cb64d8+10728]\nE       \tBaseThreadInitThunk [0x0x7ff90e507374+20]\nE       \tRtlUserThreadStart [0x0x7ff91019cc91+33]\n\nmyenv\\lib\\site-packages\\selenium\\webdriver\\support\\wait.py:138: TimeoutException","steps":[],"attachments":[{"uid":"5d17e9ee7952d8bf","name":"test_spec_delsuccess1_20260113_190153","source":"5d17e9ee7952d8bf.png","type":"image/png","size":86160},{"uid":"47ca9c3e4955d91b","name":"log","source":"47ca9c3e4955d91b.txt","type":"text/plain","size":5032}],"parameters":[],"stepsCount":0,"hasContent":true,"attachmentStep":false,"shouldDisplayMessage":true,"attachmentsCount":2},"afterStages":[{"name":"login_to_spec1::0","time":{"start":1768302648572,"stop":1768302650764,"duration":2192},"status":"passed","steps":[],"attachments":[],"parameters":[],"stepsCount":0,"hasContent":false,"attachmentStep":false,"shouldDisplayMessage":false,"attachmentsCount":0}],"labels":[{"name":"feature","value":"生产特征表测试用例"},{"name":"story","value":"删除测试数据成功，删除布局成功"},{"name":"parentSuite","value":"Tests.test_items"},{"name":"suite","value":"test_spec1"},{"name":"subSuite","value":"TestSpecPage"},{"name":"host","value":"WIN-20240820MJV"},{"name":"thread","value":"33200-MainThread"},{"name":"framework","value":"pytest"},{"name":"language","value":"cpython3"},{"name":"package","value":"Tests.test_items.test_spec1"},{"name":"resultFormat","value":"allure2"}],"parameters":[],"links":[],"hidden":false,"retry":false,"extra":{"severity":"normal","retries":[{"uid":"71284f19ebe5c856","status":"failed","statusDetails":"AssertionError: assert False\n +  where False = all(<generator object TestSpecPage.test_spec_delsuccess1.<locals>.<genexpr> at 0x000001C819A6AD50>)","time":{"start":1768302008624,"stop":1768302051091,"duration":42467}}],"categories":[{"name":"Test defects","matchedStatuses":[]}],"tags":[]},"source":"bf1b2d5d415309da.json","parameterValues":[]}