{"uid":"c083a74c146f9180","name":"test_sched_dispatchstopped","fullName":"Tests.test_items.test_sched.TestSchedPage#test_sched_dispatchstopped","historyId":"56db48178c94fce9cceca68c1e4cb188","time":{"start":1763393526362,"stop":1763393542103,"duration":15741},"status":"broken","statusMessage":"selenium.common.exceptions.TimeoutException: Message: \nStacktrace:\n\tGetHandleVerifier [0x0x7ff7bdcb6f65+78965]\n\tGetHandleVerifier [0x0x7ff7bdcb6fc0+79056]\n\t(No symbol) [0x0x7ff7bda49dda]\n\t(No symbol) [0x0x7ff7bdaa02ea]\n\t(No symbol) [0x0x7ff7bdaa059c]\n\t(No symbol) [0x0x7ff7bdaf3f37]\n\t(No symbol) [0x0x7ff7bdac86af]\n\t(No symbol) [0x0x7ff7bdaf0dbe]\n\t(No symbol) [0x0x7ff7bdac8443]\n\t(No symbol) [0x0x7ff7bda91311]\n\t(No symbol) [0x0x7ff7bda920a3]\n\tGetHandleVerifier [0x0x7ff7bdf6e26d+2926461]\n\tGetHandleVerifier [0x0x7ff7bdf68993+2903715]\n\tGetHandleVerifier [0x0x7ff7bdf86aed+3026941]\n\tGetHandleVerifier [0x0x7ff7bdcd16fe+187406]\n\tGetHandleVerifier [0x0x7ff7bdcd96ef+220159]\n\tGetHandleVerifier [0x0x7ff7bdcbfaf4+114692]\n\tGetHandleVerifier [0x0x7ff7bdcbfca9+115129]\n\tGetHandleVerifier [0x0x7ff7bdca64d8+10728]\n\tBaseThreadInitThunk [0x0x7ff8e0e67374+20]\n\tRtlUserThreadStart [0x0x7ff8e18bcc91+33]","statusTrace":"self = <test_items.test_sched.TestSchedPage object at 0x000001961C1CFB80>, login_to_sched = <selenium.webdriver.chrome.webdriver.WebDriver (session=\"c77ecb12f853499effd1ef6e995d58ca\")>\n\n    @allure.story(\"属性设置-分派停止条件式\")\n    # @pytest.mark.run(order=1)\n    def test_sched_dispatchstopped(self, login_to_sched):\n        driver = login_to_sched  # WebDriver 实例\n        sched = SchedPage(driver)  # 用 driver 初始化 SchedPage\n        name = \"排产方案(订单级)复制\"\n        # 选择排产方案(订单级)复制方案\n        sched.click_button(f'//ul[@visible=\"visible\"]//ul//span[text()=\"{name}\"]')\n        sched.click_attribute_button()\n        # 点击对话框\n        sched.click_button(\n            '//div[text()=\"分派停止条件式\"]/following-sibling::div//i[@class=\"ivu-icon ivu-icon-md-albums\"]'\n        )\n    \n        # 点击添加\n        sched.click_button('//div[text()=\" 标准登录 \"]')\n        element = sched.get_find_element_xpath(\n            '//span[text()=\"大前个工序分派的主资源为A\"]'\n        )\n        actions = ActionChains(driver)\n        # 双击命令\n        actions.double_click(element).perform()\n    \n        sched.click_ok_button()\n        sleep(2)\n        # 获取输入框数据\n        befort_input = sched.get_find_element_xpath(\n            '//div[text()=\"分派停止条件式\"]/following-sibling::div//p'\n        ).text\n>       sched.get_after_value(name)\n\nTests\\test_items\\test_sched.py:764: \n_ _ _ _ _ _ _ _ _ _ _ _ _ _ _ _ _ _ _ _ _ _ _ _ _ _ _ _ _ _ _ _ _ _ _ _ _ _ _ _ _ _ _ _ _ _ _ _ _ _ _ _ _ _ _ _ _ _ _ _ _ _ _ _ _ _ _ _ _ _ _ _ _ _ _ _ _ _ _ _ _ _ _ _ _ _ _ _ _ _ _ _ _ _ _ _ _ _ _ _ _ _ _ _ _ _ _ _ _ _ _ _ _ _ _ _\nPages\\itemsPage\\sched_page.py:132: in get_after_value\n    self.get_find_message()\nPages\\itemsPage\\sched_page.py:93: in get_find_message\n    message = WebDriverWait(self.driver, 10).until(\n_ _ _ _ _ _ _ _ _ _ _ _ _ _ _ _ _ _ _ _ _ _ _ _ _ _ _ _ _ _ _ _ _ _ _ _ _ _ _ _ _ _ _ _ _ _ _ _ _ _ _ _ _ _ _ _ _ _ _ _ _ _ _ _ _ _ _ _ _ _ _ _ _ _ _ _ _ _ _ _ _ _ _ _ _ _ _ _ _ _ _ _ _ _ _ _ _ _ _ _ _ _ _ _ _ _ _ _ _ _ _ _ _ _ _ _\n\nself = <selenium.webdriver.support.wait.WebDriverWait (session=\"c77ecb12f853499effd1ef6e995d58ca\")>, method = <function visibility_of_element_located.<locals>._predicate at 0x000001961C9275B0>, message = ''\n\n    def until(self, method: Callable[[D], Union[Literal[False], T]], message: str = \"\") -> T:\n        \"\"\"Wait until the method returns a value that is not False.\n    \n        Calls the method provided with the driver as an argument until the\n        return value does not evaluate to ``False``.\n    \n        Parameters:\n        -----------\n        method: callable(WebDriver)\n            - A callable object that takes a WebDriver instance as an argument.\n    \n        message: str\n            - Optional message for :exc:`TimeoutException`\n    \n        Return:\n        -------\n        object: T\n            - The result of the last call to `method`\n    \n        Raises:\n        -------\n        TimeoutException\n            - If 'method' does not return a truthy value within the WebDriverWait\n            object's timeout\n    \n        Example:\n        --------\n        >>> from selenium.webdriver.common.by import By\n        >>> from selenium.webdriver.support.ui import WebDriverWait\n        >>> from selenium.webdriver.support import expected_conditions as EC\n    \n        # Wait until an element is visible on the page\n        >>> wait = WebDriverWait(driver, 10)\n        >>> element = wait.until(EC.visibility_of_element_located((By.ID, \"exampleId\")))\n        >>> print(element.text)\n        \"\"\"\n        screen = None\n        stacktrace = None\n    \n        end_time = time.monotonic() + self._timeout\n        while True:\n            try:\n                value = method(self._driver)\n                if value:\n                    return value\n            except self._ignored_exceptions as exc:\n                screen = getattr(exc, \"screen\", None)\n                stacktrace = getattr(exc, \"stacktrace\", None)\n            if time.monotonic() > end_time:\n                break\n            time.sleep(self._poll)\n>       raise TimeoutException(message, screen, stacktrace)\nE       selenium.common.exceptions.TimeoutException: Message: \nE       Stacktrace:\nE       \tGetHandleVerifier [0x0x7ff7bdcb6f65+78965]\nE       \tGetHandleVerifier [0x0x7ff7bdcb6fc0+79056]\nE       \t(No symbol) [0x0x7ff7bda49dda]\nE       \t(No symbol) [0x0x7ff7bdaa02ea]\nE       \t(No symbol) [0x0x7ff7bdaa059c]\nE       \t(No symbol) [0x0x7ff7bdaf3f37]\nE       \t(No symbol) [0x0x7ff7bdac86af]\nE       \t(No symbol) [0x0x7ff7bdaf0dbe]\nE       \t(No symbol) [0x0x7ff7bdac8443]\nE       \t(No symbol) [0x0x7ff7bda91311]\nE       \t(No symbol) [0x0x7ff7bda920a3]\nE       \tGetHandleVerifier [0x0x7ff7bdf6e26d+2926461]\nE       \tGetHandleVerifier [0x0x7ff7bdf68993+2903715]\nE       \tGetHandleVerifier [0x0x7ff7bdf86aed+3026941]\nE       \tGetHandleVerifier [0x0x7ff7bdcd16fe+187406]\nE       \tGetHandleVerifier [0x0x7ff7bdcd96ef+220159]\nE       \tGetHandleVerifier [0x0x7ff7bdcbfaf4+114692]\nE       \tGetHandleVerifier [0x0x7ff7bdcbfca9+115129]\nE       \tGetHandleVerifier [0x0x7ff7bdca64d8+10728]\nE       \tBaseThreadInitThunk [0x0x7ff8e0e67374+20]\nE       \tRtlUserThreadStart [0x0x7ff8e18bcc91+33]\n\nmyenv\\lib\\site-packages\\selenium\\webdriver\\support\\wait.py:138: TimeoutException","flaky":false,"newFailed":false,"newBroken":false,"newPassed":false,"retriesCount":0,"retriesStatusChange":false,"beforeStages":[{"name":"login_to_sched","time":{"start":1763393509110,"stop":1763393526361,"duration":17251},"status":"passed","steps":[],"attachments":[],"parameters":[],"hasContent":false,"stepsCount":0,"attachmentStep":false,"attachmentsCount":0,"shouldDisplayMessage":false}],"testStage":{"status":"broken","statusMessage":"selenium.common.exceptions.TimeoutException: Message: \nStacktrace:\n\tGetHandleVerifier [0x0x7ff7bdcb6f65+78965]\n\tGetHandleVerifier [0x0x7ff7bdcb6fc0+79056]\n\t(No symbol) [0x0x7ff7bda49dda]\n\t(No symbol) [0x0x7ff7bdaa02ea]\n\t(No symbol) [0x0x7ff7bdaa059c]\n\t(No symbol) [0x0x7ff7bdaf3f37]\n\t(No symbol) [0x0x7ff7bdac86af]\n\t(No symbol) [0x0x7ff7bdaf0dbe]\n\t(No symbol) [0x0x7ff7bdac8443]\n\t(No symbol) [0x0x7ff7bda91311]\n\t(No symbol) [0x0x7ff7bda920a3]\n\tGetHandleVerifier [0x0x7ff7bdf6e26d+2926461]\n\tGetHandleVerifier [0x0x7ff7bdf68993+2903715]\n\tGetHandleVerifier [0x0x7ff7bdf86aed+3026941]\n\tGetHandleVerifier [0x0x7ff7bdcd16fe+187406]\n\tGetHandleVerifier [0x0x7ff7bdcd96ef+220159]\n\tGetHandleVerifier [0x0x7ff7bdcbfaf4+114692]\n\tGetHandleVerifier [0x0x7ff7bdcbfca9+115129]\n\tGetHandleVerifier [0x0x7ff7bdca64d8+10728]\n\tBaseThreadInitThunk [0x0x7ff8e0e67374+20]\n\tRtlUserThreadStart [0x0x7ff8e18bcc91+33]","statusTrace":"self = <test_items.test_sched.TestSchedPage object at 0x000001961C1CFB80>, login_to_sched = <selenium.webdriver.chrome.webdriver.WebDriver (session=\"c77ecb12f853499effd1ef6e995d58ca\")>\n\n    @allure.story(\"属性设置-分派停止条件式\")\n    # @pytest.mark.run(order=1)\n    def test_sched_dispatchstopped(self, login_to_sched):\n        driver = login_to_sched  # WebDriver 实例\n        sched = SchedPage(driver)  # 用 driver 初始化 SchedPage\n        name = \"排产方案(订单级)复制\"\n        # 选择排产方案(订单级)复制方案\n        sched.click_button(f'//ul[@visible=\"visible\"]//ul//span[text()=\"{name}\"]')\n        sched.click_attribute_button()\n        # 点击对话框\n        sched.click_button(\n            '//div[text()=\"分派停止条件式\"]/following-sibling::div//i[@class=\"ivu-icon ivu-icon-md-albums\"]'\n        )\n    \n        # 点击添加\n        sched.click_button('//div[text()=\" 标准登录 \"]')\n        element = sched.get_find_element_xpath(\n            '//span[text()=\"大前个工序分派的主资源为A\"]'\n        )\n        actions = ActionChains(driver)\n        # 双击命令\n        actions.double_click(element).perform()\n    \n        sched.click_ok_button()\n        sleep(2)\n        # 获取输入框数据\n        befort_input = sched.get_find_element_xpath(\n            '//div[text()=\"分派停止条件式\"]/following-sibling::div//p'\n        ).text\n>       sched.get_after_value(name)\n\nTests\\test_items\\test_sched.py:764: \n_ _ _ _ _ _ _ _ _ _ _ _ _ _ _ _ _ _ _ _ _ _ _ _ _ _ _ _ _ _ _ _ _ _ _ _ _ _ _ _ _ _ _ _ _ _ _ _ _ _ _ _ _ _ _ _ _ _ _ _ _ _ _ _ _ _ _ _ _ _ _ _ _ _ _ _ _ _ _ _ _ _ _ _ _ _ _ _ _ _ _ _ _ _ _ _ _ _ _ _ _ _ _ _ _ _ _ _ _ _ _ _ _ _ _ _\nPages\\itemsPage\\sched_page.py:132: in get_after_value\n    self.get_find_message()\nPages\\itemsPage\\sched_page.py:93: in get_find_message\n    message = WebDriverWait(self.driver, 10).until(\n_ _ _ _ _ _ _ _ _ _ _ _ _ _ _ _ _ _ _ _ _ _ _ _ _ _ _ _ _ _ _ _ _ _ _ _ _ _ _ _ _ _ _ _ _ _ _ _ _ _ _ _ _ _ _ _ _ _ _ _ _ _ _ _ _ _ _ _ _ _ _ _ _ _ _ _ _ _ _ _ _ _ _ _ _ _ _ _ _ _ _ _ _ _ _ _ _ _ _ _ _ _ _ _ _ _ _ _ _ _ _ _ _ _ _ _\n\nself = <selenium.webdriver.support.wait.WebDriverWait (session=\"c77ecb12f853499effd1ef6e995d58ca\")>, method = <function visibility_of_element_located.<locals>._predicate at 0x000001961C9275B0>, message = ''\n\n    def until(self, method: Callable[[D], Union[Literal[False], T]], message: str = \"\") -> T:\n        \"\"\"Wait until the method returns a value that is not False.\n    \n        Calls the method provided with the driver as an argument until the\n        return value does not evaluate to ``False``.\n    \n        Parameters:\n        -----------\n        method: callable(WebDriver)\n            - A callable object that takes a WebDriver instance as an argument.\n    \n        message: str\n            - Optional message for :exc:`TimeoutException`\n    \n        Return:\n        -------\n        object: T\n            - The result of the last call to `method`\n    \n        Raises:\n        -------\n        TimeoutException\n            - If 'method' does not return a truthy value within the WebDriverWait\n            object's timeout\n    \n        Example:\n        --------\n        >>> from selenium.webdriver.common.by import By\n        >>> from selenium.webdriver.support.ui import WebDriverWait\n        >>> from selenium.webdriver.support import expected_conditions as EC\n    \n        # Wait until an element is visible on the page\n        >>> wait = WebDriverWait(driver, 10)\n        >>> element = wait.until(EC.visibility_of_element_located((By.ID, \"exampleId\")))\n        >>> print(element.text)\n        \"\"\"\n        screen = None\n        stacktrace = None\n    \n        end_time = time.monotonic() + self._timeout\n        while True:\n            try:\n                value = method(self._driver)\n                if value:\n                    return value\n            except self._ignored_exceptions as exc:\n                screen = getattr(exc, \"screen\", None)\n                stacktrace = getattr(exc, \"stacktrace\", None)\n            if time.monotonic() > end_time:\n                break\n            time.sleep(self._poll)\n>       raise TimeoutException(message, screen, stacktrace)\nE       selenium.common.exceptions.TimeoutException: Message: \nE       Stacktrace:\nE       \tGetHandleVerifier [0x0x7ff7bdcb6f65+78965]\nE       \tGetHandleVerifier [0x0x7ff7bdcb6fc0+79056]\nE       \t(No symbol) [0x0x7ff7bda49dda]\nE       \t(No symbol) [0x0x7ff7bdaa02ea]\nE       \t(No symbol) [0x0x7ff7bdaa059c]\nE       \t(No symbol) [0x0x7ff7bdaf3f37]\nE       \t(No symbol) [0x0x7ff7bdac86af]\nE       \t(No symbol) [0x0x7ff7bdaf0dbe]\nE       \t(No symbol) [0x0x7ff7bdac8443]\nE       \t(No symbol) [0x0x7ff7bda91311]\nE       \t(No symbol) [0x0x7ff7bda920a3]\nE       \tGetHandleVerifier [0x0x7ff7bdf6e26d+2926461]\nE       \tGetHandleVerifier [0x0x7ff7bdf68993+2903715]\nE       \tGetHandleVerifier [0x0x7ff7bdf86aed+3026941]\nE       \tGetHandleVerifier [0x0x7ff7bdcd16fe+187406]\nE       \tGetHandleVerifier [0x0x7ff7bdcd96ef+220159]\nE       \tGetHandleVerifier [0x0x7ff7bdcbfaf4+114692]\nE       \tGetHandleVerifier [0x0x7ff7bdcbfca9+115129]\nE       \tGetHandleVerifier [0x0x7ff7bdca64d8+10728]\nE       \tBaseThreadInitThunk [0x0x7ff8e0e67374+20]\nE       \tRtlUserThreadStart [0x0x7ff8e18bcc91+33]\n\nmyenv\\lib\\site-packages\\selenium\\webdriver\\support\\wait.py:138: TimeoutException","steps":[],"attachments":[{"uid":"3c5d87336dbe70d4","name":"test_sched_dispatchstopped_failure","source":"3c5d87336dbe70d4.png","type":"image/png","size":74938},{"uid":"53de8af2128e6431","name":"test_sched_dispatchstopped_source","source":"53de8af2128e6431.html","type":"text/html","size":1184190},{"uid":"65e352d585966e95","name":"log","source":"65e352d585966e95.txt","type":"text/plain","size":2657}],"parameters":[],"hasContent":true,"stepsCount":0,"attachmentStep":false,"attachmentsCount":3,"shouldDisplayMessage":true},"afterStages":[{"name":"login_to_sched::0","time":{"start":1763393542289,"stop":1763393544438,"duration":2149},"status":"passed","steps":[],"attachments":[],"parameters":[],"hasContent":false,"stepsCount":0,"attachmentStep":false,"attachmentsCount":0,"shouldDisplayMessage":false}],"labels":[{"name":"feature","value":"方案管理表测试用例"},{"name":"story","value":"属性设置-分派停止条件式"},{"name":"parentSuite","value":"Tests.test_items"},{"name":"suite","value":"test_sched"},{"name":"subSuite","value":"TestSchedPage"},{"name":"host","value":"WIN-20240820MJV"},{"name":"thread","value":"24860-MainThread"},{"name":"framework","value":"pytest"},{"name":"language","value":"cpython3"},{"name":"package","value":"Tests.test_items.test_sched"},{"name":"resultFormat","value":"allure2"}],"parameters":[],"links":[],"hidden":true,"retry":true,"extra":{"categories":[],"tags":[]},"source":"c083a74c146f9180.json","parameterValues":[]}