{"uid":"c11c4536fe527fed","name":"test_materialBOM_editnamesuccess","fullName":"Tests.test_material.test_materialBOM.TestItemPage#test_materialBOM_editnamesuccess","historyId":"17a90cd6a0c69cf13ef536e547caecb0","time":{"start":1770343118337,"stop":1770343128459,"duration":10122},"status":"broken","statusMessage":"selenium.common.exceptions.TimeoutException: Message: 点击失败，找不到元素：xpath = //tr[./td[2][.//span[text()=\"333\"]]]/td[2]","statusTrace":"self = <Pages.materialPage.warehouseLocation_page.WarehouseLocationPage object at 0x000001882F49AF20>, by_or_element = 'xpath', value = '//tr[./td[2][.//span[text()=\"333\"]]]/td[2]', wait_time = 10, retries = 2\n\n    def click(self, by_or_element, value=None, wait_time=10, retries=2):\n        \"\"\"\n        更稳健的点击方法：支持定位符或 WebElement，自动处理 stale 元素、点击拦截等问题。\n        \"\"\"\n        for attempt in range(retries):\n            try:\n                if value is not None:\n                    by = by_or_element\n                    logging.info(f\"点击元素：By = {by}, Value = {value}\")\n>                   element = WebDriverWait(self.driver, wait_time).until(\n                        EC.element_to_be_clickable((by, value))\n                    )\n\nPages\\base_page.py:49: \n_ _ _ _ _ _ _ _ _ _ _ _ _ _ _ _ _ _ _ _ _ _ _ _ _ _ _ _ _ _ _ _ _ _ _ _ _ _ _ _ _ _ _ _ _ _ _ _ _ _ _ _ _ _ _ _ _ _ _ _ _ _ _ _ _ _ _ _ _ _ _ _ _ _ _ _ _ _ _ _ _ _ _ _ _ _ _ _ _ _ _ _ _ _ _ _ _ _ _ _ _ _ _ _ _ _ _ _ _ _ _ _ _ _ _ _\n\nself = <selenium.webdriver.support.wait.WebDriverWait (session=\"980bf51de7645f9da8a2661f75609816\")>, method = <function element_to_be_clickable.<locals>._predicate at 0x000001882F259900>, message = ''\n\n    def until(self, method: Callable[[D], Union[Literal[False], T]], message: str = \"\") -> T:\n        \"\"\"Wait until the method returns a value that is not False.\n    \n        Calls the method provided with the driver as an argument until the\n        return value does not evaluate to ``False``.\n    \n        Parameters:\n        -----------\n        method: callable(WebDriver)\n            - A callable object that takes a WebDriver instance as an argument.\n    \n        message: str\n            - Optional message for :exc:`TimeoutException`\n    \n        Return:\n        -------\n        object: T\n            - The result of the last call to `method`\n    \n        Raises:\n        -------\n        TimeoutException\n            - If 'method' does not return a truthy value within the WebDriverWait\n            object's timeout\n    \n        Example:\n        --------\n        >>> from selenium.webdriver.common.by import By\n        >>> from selenium.webdriver.support.ui import WebDriverWait\n        >>> from selenium.webdriver.support import expected_conditions as EC\n    \n        # Wait until an element is visible on the page\n        >>> wait = WebDriverWait(driver, 10)\n        >>> element = wait.until(EC.visibility_of_element_located((By.ID, \"exampleId\")))\n        >>> print(element.text)\n        \"\"\"\n        screen = None\n        stacktrace = None\n    \n        end_time = time.monotonic() + self._timeout\n        while True:\n            try:\n                value = method(self._driver)\n                if value:\n                    return value\n            except self._ignored_exceptions as exc:\n                screen = getattr(exc, \"screen\", None)\n                stacktrace = getattr(exc, \"stacktrace\", None)\n            if time.monotonic() > end_time:\n                break\n            time.sleep(self._poll)\n>       raise TimeoutException(message, screen, stacktrace)\nE       selenium.common.exceptions.TimeoutException: Message: \nE       Stacktrace:\nE       \tGetHandleVerifier [0x0x7ff653006f65+78965]\nE       \tGetHandleVerifier [0x0x7ff653006fc0+79056]\nE       \t(No symbol) [0x0x7ff652d99dda]\nE       \t(No symbol) [0x0x7ff652df02ea]\nE       \t(No symbol) [0x0x7ff652df059c]\nE       \t(No symbol) [0x0x7ff652e43f37]\nE       \t(No symbol) [0x0x7ff652e186af]\nE       \t(No symbol) [0x0x7ff652e40dbe]\nE       \t(No symbol) [0x0x7ff652e18443]\nE       \t(No symbol) [0x0x7ff652de1311]\nE       \t(No symbol) [0x0x7ff652de20a3]\nE       \tGetHandleVerifier [0x0x7ff6532be26d+2926461]\nE       \tGetHandleVerifier [0x0x7ff6532b8993+2903715]\nE       \tGetHandleVerifier [0x0x7ff6532d6aed+3026941]\nE       \tGetHandleVerifier [0x0x7ff6530216fe+187406]\nE       \tGetHandleVerifier [0x0x7ff6530296ef+220159]\nE       \tGetHandleVerifier [0x0x7ff65300faf4+114692]\nE       \tGetHandleVerifier [0x0x7ff65300fca9+115129]\nE       \tGetHandleVerifier [0x0x7ff652ff64d8+10728]\nE       \tBaseThreadInitThunk [0x0x7ffa14ef7374+20]\nE       \tRtlUserThreadStart [0x0x7ffa16b1cc91+33]\n\nmyenv\\lib\\site-packages\\selenium\\webdriver\\support\\wait.py:138: TimeoutException\n\nDuring handling of the above exception, another exception occurred:\n\nself = <test_material.test_materialBOM.TestItemPage object at 0x000001882F3019C0>, login_to_item = <selenium.webdriver.chrome.webdriver.WebDriver (session=\"980bf51de7645f9da8a2661f75609816\")>\n\n    @allure.story(\"编辑全部选项成功\")\n    # @pytest.mark.run(order=1)\n    def test_materialBOM_editnamesuccess(self, login_to_item):\n    \n        # 输入框要修改的值\n        text_str = \"111\"\n        date_str = \"2025/07/23 00:00:00\"\n        input_value = '11测试全部数据'\n        # 选中编辑数据\n>       self.item.click_button('//tr[./td[2][.//span[text()=\"333\"]]]/td[2]')\n\nTests\\test_material\\test_materialBOM.py:304: \n_ _ _ _ _ _ _ _ _ _ _ _ _ _ _ _ _ _ _ _ _ _ _ _ _ _ _ _ _ _ _ _ _ _ _ _ _ _ _ _ _ _ _ _ _ _ _ _ _ _ _ _ _ _ _ _ _ _ _ _ _ _ _ _ _ _ _ _ _ _ _ _ _ _ _ _ _ _ _ _ _ _ _ _ _ _ _ _ _ _ _ _ _ _ _ _ _ _ _ _ _ _ _ _ _ _ _ _ _ _ _ _ _ _ _ _\nPages\\materialPage\\warehouseLocation_page.py:171: in click_button\n    self.click(By.XPATH, xpath)\n_ _ _ _ _ _ _ _ _ _ _ _ _ _ _ _ _ _ _ _ _ _ _ _ _ _ _ _ _ _ _ _ _ _ _ _ _ _ _ _ _ _ _ _ _ _ _ _ _ _ _ _ _ _ _ _ _ _ _ _ _ _ _ _ _ _ _ _ _ _ _ _ _ _ _ _ _ _ _ _ _ _ _ _ _ _ _ _ _ _ _ _ _ _ _ _ _ _ _ _ _ _ _ _ _ _ _ _ _ _ _ _ _ _ _ _\n\nself = <Pages.materialPage.warehouseLocation_page.WarehouseLocationPage object at 0x000001882F49AF20>, by_or_element = 'xpath', value = '//tr[./td[2][.//span[text()=\"333\"]]]/td[2]', wait_time = 10, retries = 2\n\n    def click(self, by_or_element, value=None, wait_time=10, retries=2):\n        \"\"\"\n        更稳健的点击方法：支持定位符或 WebElement，自动处理 stale 元素、点击拦截等问题。\n        \"\"\"\n        for attempt in range(retries):\n            try:\n                if value is not None:\n                    by = by_or_element\n                    logging.info(f\"点击元素：By = {by}, Value = {value}\")\n                    element = WebDriverWait(self.driver, wait_time).until(\n                        EC.element_to_be_clickable((by, value))\n                    )\n                else:\n                    logging.info(\"点击元素：WebElement 对象\")\n                    element = by_or_element\n    \n                element.click()\n                logging.info(\"✅ 点击成功\")\n                return\n    \n            except ElementClickInterceptedException:\n                logging.warning(\"⚠️ 原生点击被拦截，尝试使用 JS 点击\")\n                try:\n                    self.driver.execute_script(\"arguments[0].click();\", element)\n                    logging.info(\"✅ JS 点击成功\")\n                    return\n                except Exception as js_error:\n                    logging.warning(f\"⚠️ JS 点击失败：{js_error}\")\n                    sleep(1)\n                    continue  # 下一轮重试\n    \n            except StaleElementReferenceException:\n                logging.warning(f\"⚠️ 第 {attempt + 1} 次点击失败：元素过期，尝试重新定位\")\n                sleep(1)\n                continue  # 下一轮重试时重新定位\n    \n            except TimeoutException:\n                logging.error(f\"❌ 元素未在 {wait_time} 秒内变为可点击\")\n>               raise TimeoutException(f\"点击失败，找不到元素：{by_or_element} = {value}\")\nE               selenium.common.exceptions.TimeoutException: Message: 点击失败，找不到元素：xpath = //tr[./td[2][.//span[text()=\"333\"]]]/td[2]\n\nPages\\base_page.py:78: TimeoutException","flaky":false,"newFailed":false,"newBroken":false,"newPassed":false,"retriesCount":5,"retriesStatusChange":true,"beforeStages":[{"name":"login_to_item","time":{"start":1770342929576,"stop":1770342948174,"duration":18598},"status":"passed","steps":[],"attachments":[],"parameters":[],"attachmentsCount":0,"shouldDisplayMessage":false,"stepsCount":0,"hasContent":false,"attachmentStep":false},{"name":"setup","time":{"start":1770343118335,"stop":1770343118337,"duration":2},"status":"passed","steps":[],"attachments":[],"parameters":[],"attachmentsCount":0,"shouldDisplayMessage":false,"stepsCount":0,"hasContent":false,"attachmentStep":false}],"testStage":{"status":"broken","statusMessage":"selenium.common.exceptions.TimeoutException: Message: 点击失败，找不到元素：xpath = //tr[./td[2][.//span[text()=\"333\"]]]/td[2]","statusTrace":"self = <Pages.materialPage.warehouseLocation_page.WarehouseLocationPage object at 0x000001882F49AF20>, by_or_element = 'xpath', value = '//tr[./td[2][.//span[text()=\"333\"]]]/td[2]', wait_time = 10, retries = 2\n\n    def click(self, by_or_element, value=None, wait_time=10, retries=2):\n        \"\"\"\n        更稳健的点击方法：支持定位符或 WebElement，自动处理 stale 元素、点击拦截等问题。\n        \"\"\"\n        for attempt in range(retries):\n            try:\n                if value is not None:\n                    by = by_or_element\n                    logging.info(f\"点击元素：By = {by}, Value = {value}\")\n>                   element = WebDriverWait(self.driver, wait_time).until(\n                        EC.element_to_be_clickable((by, value))\n                    )\n\nPages\\base_page.py:49: \n_ _ _ _ _ _ _ _ _ _ _ _ _ _ _ _ _ _ _ _ _ _ _ _ _ _ _ _ _ _ _ _ _ _ _ _ _ _ _ _ _ _ _ _ _ _ _ _ _ _ _ _ _ _ _ _ _ _ _ _ _ _ _ _ _ _ _ _ _ _ _ _ _ _ _ _ _ _ _ _ _ _ _ _ _ _ _ _ _ _ _ _ _ _ _ _ _ _ _ _ _ _ _ _ _ _ _ _ _ _ _ _ _ _ _ _\n\nself = <selenium.webdriver.support.wait.WebDriverWait (session=\"980bf51de7645f9da8a2661f75609816\")>, method = <function element_to_be_clickable.<locals>._predicate at 0x000001882F259900>, message = ''\n\n    def until(self, method: Callable[[D], Union[Literal[False], T]], message: str = \"\") -> T:\n        \"\"\"Wait until the method returns a value that is not False.\n    \n        Calls the method provided with the driver as an argument until the\n        return value does not evaluate to ``False``.\n    \n        Parameters:\n        -----------\n        method: callable(WebDriver)\n            - A callable object that takes a WebDriver instance as an argument.\n    \n        message: str\n            - Optional message for :exc:`TimeoutException`\n    \n        Return:\n        -------\n        object: T\n            - The result of the last call to `method`\n    \n        Raises:\n        -------\n        TimeoutException\n            - If 'method' does not return a truthy value within the WebDriverWait\n            object's timeout\n    \n        Example:\n        --------\n        >>> from selenium.webdriver.common.by import By\n        >>> from selenium.webdriver.support.ui import WebDriverWait\n        >>> from selenium.webdriver.support import expected_conditions as EC\n    \n        # Wait until an element is visible on the page\n        >>> wait = WebDriverWait(driver, 10)\n        >>> element = wait.until(EC.visibility_of_element_located((By.ID, \"exampleId\")))\n        >>> print(element.text)\n        \"\"\"\n        screen = None\n        stacktrace = None\n    \n        end_time = time.monotonic() + self._timeout\n        while True:\n            try:\n                value = method(self._driver)\n                if value:\n                    return value\n            except self._ignored_exceptions as exc:\n                screen = getattr(exc, \"screen\", None)\n                stacktrace = getattr(exc, \"stacktrace\", None)\n            if time.monotonic() > end_time:\n                break\n            time.sleep(self._poll)\n>       raise TimeoutException(message, screen, stacktrace)\nE       selenium.common.exceptions.TimeoutException: Message: \nE       Stacktrace:\nE       \tGetHandleVerifier [0x0x7ff653006f65+78965]\nE       \tGetHandleVerifier [0x0x7ff653006fc0+79056]\nE       \t(No symbol) [0x0x7ff652d99dda]\nE       \t(No symbol) [0x0x7ff652df02ea]\nE       \t(No symbol) [0x0x7ff652df059c]\nE       \t(No symbol) [0x0x7ff652e43f37]\nE       \t(No symbol) [0x0x7ff652e186af]\nE       \t(No symbol) [0x0x7ff652e40dbe]\nE       \t(No symbol) [0x0x7ff652e18443]\nE       \t(No symbol) [0x0x7ff652de1311]\nE       \t(No symbol) [0x0x7ff652de20a3]\nE       \tGetHandleVerifier [0x0x7ff6532be26d+2926461]\nE       \tGetHandleVerifier [0x0x7ff6532b8993+2903715]\nE       \tGetHandleVerifier [0x0x7ff6532d6aed+3026941]\nE       \tGetHandleVerifier [0x0x7ff6530216fe+187406]\nE       \tGetHandleVerifier [0x0x7ff6530296ef+220159]\nE       \tGetHandleVerifier [0x0x7ff65300faf4+114692]\nE       \tGetHandleVerifier [0x0x7ff65300fca9+115129]\nE       \tGetHandleVerifier [0x0x7ff652ff64d8+10728]\nE       \tBaseThreadInitThunk [0x0x7ffa14ef7374+20]\nE       \tRtlUserThreadStart [0x0x7ffa16b1cc91+33]\n\nmyenv\\lib\\site-packages\\selenium\\webdriver\\support\\wait.py:138: TimeoutException\n\nDuring handling of the above exception, another exception occurred:\n\nself = <test_material.test_materialBOM.TestItemPage object at 0x000001882F3019C0>, login_to_item = <selenium.webdriver.chrome.webdriver.WebDriver (session=\"980bf51de7645f9da8a2661f75609816\")>\n\n    @allure.story(\"编辑全部选项成功\")\n    # @pytest.mark.run(order=1)\n    def test_materialBOM_editnamesuccess(self, login_to_item):\n    \n        # 输入框要修改的值\n        text_str = \"111\"\n        date_str = \"2025/07/23 00:00:00\"\n        input_value = '11测试全部数据'\n        # 选中编辑数据\n>       self.item.click_button('//tr[./td[2][.//span[text()=\"333\"]]]/td[2]')\n\nTests\\test_material\\test_materialBOM.py:304: \n_ _ _ _ _ _ _ _ _ _ _ _ _ _ _ _ _ _ _ _ _ _ _ _ _ _ _ _ _ _ _ _ _ _ _ _ _ _ _ _ _ _ _ _ _ _ _ _ _ _ _ _ _ _ _ _ _ _ _ _ _ _ _ _ _ _ _ _ _ _ _ _ _ _ _ _ _ _ _ _ _ _ _ _ _ _ _ _ _ _ _ _ _ _ _ _ _ _ _ _ _ _ _ _ _ _ _ _ _ _ _ _ _ _ _ _\nPages\\materialPage\\warehouseLocation_page.py:171: in click_button\n    self.click(By.XPATH, xpath)\n_ _ _ _ _ _ _ _ _ _ _ _ _ _ _ _ _ _ _ _ _ _ _ _ _ _ _ _ _ _ _ _ _ _ _ _ _ _ _ _ _ _ _ _ _ _ _ _ _ _ _ _ _ _ _ _ _ _ _ _ _ _ _ _ _ _ _ _ _ _ _ _ _ _ _ _ _ _ _ _ _ _ _ _ _ _ _ _ _ _ _ _ _ _ _ _ _ _ _ _ _ _ _ _ _ _ _ _ _ _ _ _ _ _ _ _\n\nself = <Pages.materialPage.warehouseLocation_page.WarehouseLocationPage object at 0x000001882F49AF20>, by_or_element = 'xpath', value = '//tr[./td[2][.//span[text()=\"333\"]]]/td[2]', wait_time = 10, retries = 2\n\n    def click(self, by_or_element, value=None, wait_time=10, retries=2):\n        \"\"\"\n        更稳健的点击方法：支持定位符或 WebElement，自动处理 stale 元素、点击拦截等问题。\n        \"\"\"\n        for attempt in range(retries):\n            try:\n                if value is not None:\n                    by = by_or_element\n                    logging.info(f\"点击元素：By = {by}, Value = {value}\")\n                    element = WebDriverWait(self.driver, wait_time).until(\n                        EC.element_to_be_clickable((by, value))\n                    )\n                else:\n                    logging.info(\"点击元素：WebElement 对象\")\n                    element = by_or_element\n    \n                element.click()\n                logging.info(\"✅ 点击成功\")\n                return\n    \n            except ElementClickInterceptedException:\n                logging.warning(\"⚠️ 原生点击被拦截，尝试使用 JS 点击\")\n                try:\n                    self.driver.execute_script(\"arguments[0].click();\", element)\n                    logging.info(\"✅ JS 点击成功\")\n                    return\n                except Exception as js_error:\n                    logging.warning(f\"⚠️ JS 点击失败：{js_error}\")\n                    sleep(1)\n                    continue  # 下一轮重试\n    \n            except StaleElementReferenceException:\n                logging.warning(f\"⚠️ 第 {attempt + 1} 次点击失败：元素过期，尝试重新定位\")\n                sleep(1)\n                continue  # 下一轮重试时重新定位\n    \n            except TimeoutException:\n                logging.error(f\"❌ 元素未在 {wait_time} 秒内变为可点击\")\n>               raise TimeoutException(f\"点击失败，找不到元素：{by_or_element} = {value}\")\nE               selenium.common.exceptions.TimeoutException: Message: 点击失败，找不到元素：xpath = //tr[./td[2][.//span[text()=\"333\"]]]/td[2]\n\nPages\\base_page.py:78: TimeoutException","steps":[],"attachments":[{"uid":"d70172efc0184f27","name":"test_materialBOM_editnamesuccess_20260206_095848","source":"d70172efc0184f27.png","type":"image/png","size":107231},{"uid":"d56206f8090397d6","name":"log","source":"d56206f8090397d6.txt","type":"text/plain","size":27332}],"parameters":[],"attachmentsCount":2,"shouldDisplayMessage":true,"stepsCount":0,"hasContent":true,"attachmentStep":false},"afterStages":[{"name":"login_to_item::0","time":{"start":1770343660904,"stop":1770343663086,"duration":2182},"status":"passed","steps":[],"attachments":[],"parameters":[],"attachmentsCount":0,"shouldDisplayMessage":false,"stepsCount":0,"hasContent":false,"attachmentStep":false}],"labels":[{"name":"story","value":"编辑全部选项成功"},{"name":"feature","value":"物料BOM测试用例"},{"name":"parentSuite","value":"Tests.test_material"},{"name":"suite","value":"test_materialBOM"},{"name":"subSuite","value":"TestItemPage"},{"name":"host","value":"WIN-20240820MJV"},{"name":"thread","value":"31796-MainThread"},{"name":"framework","value":"pytest"},{"name":"language","value":"cpython3"},{"name":"package","value":"Tests.test_material.test_materialBOM"},{"name":"resultFormat","value":"allure2"}],"parameters":[],"links":[],"hidden":false,"retry":false,"extra":{"severity":"normal","retries":[{"uid":"2d3f5410f4c36bdf","status":"failed","statusDetails":"AssertionError: assert (['11测试全部数据', ...1测试全部数据', ...] == ['11测试全部数据', ...部数据', '', ...]\n  \n  At index 5 diff: \u001B[0m\u001B[33m'\u001B[39;49;00m\u001B[33m11测试全部数据\u001B[39;49;00m\u001B[33m'\u001B[39;49;00m\u001B[90m\u001B[39;49;00m != \u001B[0m\u001B[33m'\u001B[39;49;00m\u001B[33m'\u001B[39;49;00m\u001B[90m\u001B[39;49;00m\n  \n  Full diff:\n  \u001B[0m\u001B[90m \u001B[39;49;00m [\u001B[90m\u001B[39;49;00m\n  \u001B[90m \u001B[39;49;00m     '11测试全部数据',\u001B[90m\u001B[39;49;00m\n  \u001B[90m \u001B[39;49;00m     '11测试全部数据',\u001B[90m\u001B[39;49;00m...\n  \n  ...Full output truncated (54 lines hidden), use '-vv' to show)","time":{"start":1770343030194,"stop":1770343118068,"duration":87874}},{"uid":"e5244ac698486f1b","status":"failed","statusDetails":"AssertionError: assert (['11测试全部数据', ...1测试全部数据', ...] == ['11测试全部数据', ...部数据', '', ...]\n  \n  At index 5 diff: \u001B[0m\u001B[33m'\u001B[39;49;00m\u001B[33m11测试全部数据\u001B[39;49;00m\u001B[33m'\u001B[39;49;00m\u001B[90m\u001B[39;49;00m != \u001B[0m\u001B[33m'\u001B[39;49;00m\u001B[33m'\u001B[39;49;00m\u001B[90m\u001B[39;49;00m\n  \n  Full diff:\n  \u001B[0m\u001B[90m \u001B[39;49;00m [\u001B[90m\u001B[39;49;00m\n  \u001B[90m \u001B[39;49;00m     '11测试全部数据',\u001B[90m\u001B[39;49;00m\n  \u001B[90m \u001B[39;49;00m     '11测试全部数据',\u001B[90m\u001B[39;49;00m...\n  \n  ...Full output truncated (54 lines hidden), use '-vv' to show)","time":{"start":1770341271849,"stop":1770341360842,"duration":88993}},{"uid":"4a924cecf782fb6a","status":"broken","statusDetails":"selenium.common.exceptions.TimeoutException: Message: 点击失败，找不到元素：xpath = (//div[@class=\"my-list vxe-list\"]//span[text()=\"ID 行唯一标识\"])[last()]","time":{"start":1770341225539,"stop":1770341271595,"duration":46056}},{"uid":"81dc3818946b4a4d","status":"broken","statusDetails":"selenium.common.exceptions.TimeoutException: Message: 点击失败，找不到元素：xpath = //tr[./td[2][.//span[text()=\"333\"]]]/td[2]","time":{"start":1770315274734,"stop":1770315284803,"duration":10069}},{"uid":"8e87e0db1ecc4109","status":"failed","statusDetails":"AssertionError: assert (['11测试全部数据', ...1测试全部数据', ...] == ['11测试全部数据', ...部数据', '', ...]\n  \n  At index 5 diff: \u001B[0m\u001B[33m'\u001B[39;49;00m\u001B[33m11测试全部数据\u001B[39;49;00m\u001B[33m'\u001B[39;49;00m\u001B[90m\u001B[39;49;00m != \u001B[0m\u001B[33m'\u001B[39;49;00m\u001B[33m'\u001B[39;49;00m\u001B[90m\u001B[39;49;00m\n  \n  Full diff:\n  \u001B[0m\u001B[90m \u001B[39;49;00m [\u001B[90m\u001B[39;49;00m\n  \u001B[90m \u001B[39;49;00m     '11测试全部数据',\u001B[90m\u001B[39;49;00m\n  \u001B[90m \u001B[39;49;00m     '11测试全部数据',\u001B[90m\u001B[39;49;00m...\n  \n  ...Full output truncated (54 lines hidden), use '-vv' to show)","time":{"start":1770315189616,"stop":1770315274603,"duration":84987}}],"categories":[{"name":"Test defects","matchedStatuses":[]}],"tags":[]},"source":"c11c4536fe527fed.json","parameterValues":[]}