{"uid":"c16384628d637f01","name":"test_affairs_log_sel2","fullName":"Tests.test_system.test_affairs.TestAffairsPage#test_affairs_log_sel2","historyId":"5ff216c773eb8cc05e55221fa518b63d","time":{"start":1764620964389,"stop":1764620970972,"duration":6583},"status":"failed","statusMessage":"AssertionError: assert False\n +  where False = all(<generator object TestAffairsPage.test_affairs_log_sel2.<locals>.<genexpr> at 0x00000190E6837CA0>)","statusTrace":"self = <test_system.test_affairs.TestAffairsPage object at 0x00000190E4C54E80>, login_to_affairs = <selenium.webdriver.chrome.webdriver.WebDriver (session=\"fd2ccefb27c1464fa331e68727d5eea6\")>\n\n    @allure.story(\"流程日志-执行执行状态执行成功搜索成功\")\n    def test_affairs_log_sel2(self, login_to_affairs):\n        driver = login_to_affairs  # WebDriver 实例\n        affairs = AffairsPage(driver)  # 用 driver 初始化 AffairsPage\n        ptype = \"执行成功\"\n        num = 1000\n        affairs.click_process_log()\n        affairs.click_paging(num)\n        sleep(1)\n        affairs.sel_log_all(ptype=ptype)\n        list_ = []\n        cells = driver.find_elements(By.XPATH, '(//table[@class=\"el-table__body\"])[2]//tr/td[1]')\n        for cell in cells:\n            list_.append(cell.text)\n>       assert all(ptype == t for t in list_)\nE       assert False\nE        +  where False = all(<generator object TestAffairsPage.test_affairs_log_sel2.<locals>.<genexpr> at 0x00000190E6837CA0>)\n\nTests\\test_system\\test_affairs.py:1358: AssertionError","flaky":false,"newFailed":false,"newBroken":false,"newPassed":false,"retriesCount":0,"retriesStatusChange":false,"beforeStages":[{"name":"login_to_affairs","time":{"start":1764620947612,"stop":1764620964389,"duration":16777},"status":"passed","steps":[],"attachments":[],"parameters":[],"shouldDisplayMessage":false,"attachmentsCount":0,"attachmentStep":false,"stepsCount":0,"hasContent":false}],"testStage":{"status":"failed","statusMessage":"AssertionError: assert False\n +  where False = all(<generator object TestAffairsPage.test_affairs_log_sel2.<locals>.<genexpr> at 0x00000190E6837CA0>)","statusTrace":"self = <test_system.test_affairs.TestAffairsPage object at 0x00000190E4C54E80>, login_to_affairs = <selenium.webdriver.chrome.webdriver.WebDriver (session=\"fd2ccefb27c1464fa331e68727d5eea6\")>\n\n    @allure.story(\"流程日志-执行执行状态执行成功搜索成功\")\n    def test_affairs_log_sel2(self, login_to_affairs):\n        driver = login_to_affairs  # WebDriver 实例\n        affairs = AffairsPage(driver)  # 用 driver 初始化 AffairsPage\n        ptype = \"执行成功\"\n        num = 1000\n        affairs.click_process_log()\n        affairs.click_paging(num)\n        sleep(1)\n        affairs.sel_log_all(ptype=ptype)\n        list_ = []\n        cells = driver.find_elements(By.XPATH, '(//table[@class=\"el-table__body\"])[2]//tr/td[1]')\n        for cell in cells:\n            list_.append(cell.text)\n>       assert all(ptype == t for t in list_)\nE       assert False\nE        +  where False = all(<generator object TestAffairsPage.test_affairs_log_sel2.<locals>.<genexpr> at 0x00000190E6837CA0>)\n\nTests\\test_system\\test_affairs.py:1358: AssertionError","steps":[],"attachments":[{"uid":"ad917cdae40e0f89","name":"test_affairs_log_sel2_failure","source":"ad917cdae40e0f89.png","type":"image/png","size":115020},{"uid":"257afff1014f8759","name":"test_affairs_log_sel2_source","source":"257afff1014f8759.html","type":"text/html","size":1150347},{"uid":"4858816decb91696","name":"log","source":"4858816decb91696.txt","type":"text/plain","size":2162}],"parameters":[],"shouldDisplayMessage":true,"attachmentsCount":3,"attachmentStep":false,"stepsCount":0,"hasContent":true},"afterStages":[{"name":"login_to_affairs::0","time":{"start":1764620971180,"stop":1764620973352,"duration":2172},"status":"passed","steps":[],"attachments":[],"parameters":[],"shouldDisplayMessage":false,"attachmentsCount":0,"attachmentStep":false,"stepsCount":0,"hasContent":false}],"labels":[{"name":"feature","value":"事务管理页用例"},{"name":"story","value":"流程日志-执行执行状态执行成功搜索成功"},{"name":"parentSuite","value":"Tests.test_system"},{"name":"suite","value":"test_affairs"},{"name":"subSuite","value":"TestAffairsPage"},{"name":"host","value":"WIN-20240820MJV"},{"name":"thread","value":"29308-MainThread"},{"name":"framework","value":"pytest"},{"name":"language","value":"cpython3"},{"name":"package","value":"Tests.test_system.test_affairs"},{"name":"resultFormat","value":"allure2"}],"parameters":[],"links":[],"hidden":true,"retry":true,"extra":{"categories":[],"tags":[]},"source":"c16384628d637f01.json","parameterValues":[]}