{"uid":"c18a206a87ec055c","name":"test_setting_addsuccess","fullName":"Tests.test_items.test_setting.TestSettingPage#test_setting_addsuccess","historyId":"295df01d6953ec4e10cd7a4aeb69b9fc","time":{"start":1764872907131,"stop":1764872920537,"duration":13406},"status":"broken","statusMessage":"selenium.common.exceptions.TimeoutException: Message: \nStacktrace:\n\tGetHandleVerifier [0x0x7ff777126f65+78965]\n\tGetHandleVerifier [0x0x7ff777126fc0+79056]\n\t(No symbol) [0x0x7ff776eb9dda]\n\t(No symbol) [0x0x7ff776f102ea]\n\t(No symbol) [0x0x7ff776f1059c]\n\t(No symbol) [0x0x7ff776f63f37]\n\t(No symbol) [0x0x7ff776f386af]\n\t(No symbol) [0x0x7ff776f60dbe]\n\t(No symbol) [0x0x7ff776f38443]\n\t(No symbol) [0x0x7ff776f01311]\n\t(No symbol) [0x0x7ff776f020a3]\n\tGetHandleVerifier [0x0x7ff7773de26d+2926461]\n\tGetHandleVerifier [0x0x7ff7773d8993+2903715]\n\tGetHandleVerifier [0x0x7ff7773f6aed+3026941]\n\tGetHandleVerifier [0x0x7ff7771416fe+187406]\n\tGetHandleVerifier [0x0x7ff7771496ef+220159]\n\tGetHandleVerifier [0x0x7ff77712faf4+114692]\n\tGetHandleVerifier [0x0x7ff77712fca9+115129]\n\tGetHandleVerifier [0x0x7ff7771164d8+10728]\n\tBaseThreadInitThunk [0x0x7ffe121c7374+20]\n\tRtlUserThreadStart [0x0x7ffe133dcc91+33]","statusTrace":"self = <test_items.test_setting.TestSettingPage object at 0x0000028D697188B0>, login_to_setting = <selenium.webdriver.chrome.webdriver.WebDriver (session=\"076bcd4b5a11c4c4278898e686d8bd71\")>\n\n    @allure.story(\"添加布局成功\")\n    # @pytest.mark.run(order=1)\n    def test_setting_addsuccess(self, login_to_setting):\n        driver = login_to_setting  # WebDriver 实例\n        setting = SettingPage(driver)  # 用 driver 初始化 SettingPage\n        layout = \"测试布局A\"\n        setting.add_layout_ok(layout)\n    \n        # 获取布局名称的文本元素\n>       name = setting.get_find_element_xpath(\n            f'//div[@class=\"tabsDivItemCon\"]/div[text()=\" {layout} \"]'\n        ).text\n\nTests\\test_items\\test_setting.py:122: \n_ _ _ _ _ _ _ _ _ _ _ _ _ _ _ _ _ _ _ _ _ _ _ _ _ _ _ _ _ _ _ _ _ _ _ _ _ _ _ _ _ _ _ _ _ _ _ _ _ _ _ _ _ _ _ _ _ _ _ _ _ _ _ _ _ _ _ _ _ _ _ _ _ _ _ _ _ _ _ _ _ _ _ _ _ _ _ _ _ _ _ _ _ _ _ _ _ _ _ _ _ _ _ _ _ _ _ _ _ _ _ _ _ _ _ _\nPages\\itemsPage\\setting_page.py:27: in get_find_element_xpath\n    return self.find_element(By.XPATH, xpath)\nPages\\base_page.py:28: in find_element\n    return WebDriverWait(self.driver, wait_time).until(\n_ _ _ _ _ _ _ _ _ _ _ _ _ _ _ _ _ _ _ _ _ _ _ _ _ _ _ _ _ _ _ _ _ _ _ _ _ _ _ _ _ _ _ _ _ _ _ _ _ _ _ _ _ _ _ _ _ _ _ _ _ _ _ _ _ _ _ _ _ _ _ _ _ _ _ _ _ _ _ _ _ _ _ _ _ _ _ _ _ _ _ _ _ _ _ _ _ _ _ _ _ _ _ _ _ _ _ _ _ _ _ _ _ _ _ _\n\nself = <selenium.webdriver.support.wait.WebDriverWait (session=\"076bcd4b5a11c4c4278898e686d8bd71\")>, method = <function presence_of_element_located.<locals>._predicate at 0x0000028D6B60FBE0>, message = ''\n\n    def until(self, method: Callable[[D], Union[Literal[False], T]], message: str = \"\") -> T:\n        \"\"\"Wait until the method returns a value that is not False.\n    \n        Calls the method provided with the driver as an argument until the\n        return value does not evaluate to ``False``.\n    \n        Parameters:\n        -----------\n        method: callable(WebDriver)\n            - A callable object that takes a WebDriver instance as an argument.\n    \n        message: str\n            - Optional message for :exc:`TimeoutException`\n    \n        Return:\n        -------\n        object: T\n            - The result of the last call to `method`\n    \n        Raises:\n        -------\n        TimeoutException\n            - If 'method' does not return a truthy value within the WebDriverWait\n            object's timeout\n    \n        Example:\n        --------\n        >>> from selenium.webdriver.common.by import By\n        >>> from selenium.webdriver.support.ui import WebDriverWait\n        >>> from selenium.webdriver.support import expected_conditions as EC\n    \n        # Wait until an element is visible on the page\n        >>> wait = WebDriverWait(driver, 10)\n        >>> element = wait.until(EC.visibility_of_element_located((By.ID, \"exampleId\")))\n        >>> print(element.text)\n        \"\"\"\n        screen = None\n        stacktrace = None\n    \n        end_time = time.monotonic() + self._timeout\n        while True:\n            try:\n                value = method(self._driver)\n                if value:\n                    return value\n            except self._ignored_exceptions as exc:\n                screen = getattr(exc, \"screen\", None)\n                stacktrace = getattr(exc, \"stacktrace\", None)\n            if time.monotonic() > end_time:\n                break\n            time.sleep(self._poll)\n>       raise TimeoutException(message, screen, stacktrace)\nE       selenium.common.exceptions.TimeoutException: Message: \nE       Stacktrace:\nE       \tGetHandleVerifier [0x0x7ff777126f65+78965]\nE       \tGetHandleVerifier [0x0x7ff777126fc0+79056]\nE       \t(No symbol) [0x0x7ff776eb9dda]\nE       \t(No symbol) [0x0x7ff776f102ea]\nE       \t(No symbol) [0x0x7ff776f1059c]\nE       \t(No symbol) [0x0x7ff776f63f37]\nE       \t(No symbol) [0x0x7ff776f386af]\nE       \t(No symbol) [0x0x7ff776f60dbe]\nE       \t(No symbol) [0x0x7ff776f38443]\nE       \t(No symbol) [0x0x7ff776f01311]\nE       \t(No symbol) [0x0x7ff776f020a3]\nE       \tGetHandleVerifier [0x0x7ff7773de26d+2926461]\nE       \tGetHandleVerifier [0x0x7ff7773d8993+2903715]\nE       \tGetHandleVerifier [0x0x7ff7773f6aed+3026941]\nE       \tGetHandleVerifier [0x0x7ff7771416fe+187406]\nE       \tGetHandleVerifier [0x0x7ff7771496ef+220159]\nE       \tGetHandleVerifier [0x0x7ff77712faf4+114692]\nE       \tGetHandleVerifier [0x0x7ff77712fca9+115129]\nE       \tGetHandleVerifier [0x0x7ff7771164d8+10728]\nE       \tBaseThreadInitThunk [0x0x7ffe121c7374+20]\nE       \tRtlUserThreadStart [0x0x7ffe133dcc91+33]\n\nmyenv\\lib\\site-packages\\selenium\\webdriver\\support\\wait.py:138: TimeoutException","flaky":false,"newFailed":false,"newBroken":false,"newPassed":false,"retriesCount":0,"retriesStatusChange":false,"beforeStages":[{"name":"login_to_setting","time":{"start":1764872890777,"stop":1764872907131,"duration":16354},"status":"passed","steps":[],"attachments":[],"parameters":[],"hasContent":false,"stepsCount":0,"attachmentStep":false,"attachmentsCount":0,"shouldDisplayMessage":false}],"testStage":{"status":"broken","statusMessage":"selenium.common.exceptions.TimeoutException: Message: \nStacktrace:\n\tGetHandleVerifier [0x0x7ff777126f65+78965]\n\tGetHandleVerifier [0x0x7ff777126fc0+79056]\n\t(No symbol) [0x0x7ff776eb9dda]\n\t(No symbol) [0x0x7ff776f102ea]\n\t(No symbol) [0x0x7ff776f1059c]\n\t(No symbol) [0x0x7ff776f63f37]\n\t(No symbol) [0x0x7ff776f386af]\n\t(No symbol) [0x0x7ff776f60dbe]\n\t(No symbol) [0x0x7ff776f38443]\n\t(No symbol) [0x0x7ff776f01311]\n\t(No symbol) [0x0x7ff776f020a3]\n\tGetHandleVerifier [0x0x7ff7773de26d+2926461]\n\tGetHandleVerifier [0x0x7ff7773d8993+2903715]\n\tGetHandleVerifier [0x0x7ff7773f6aed+3026941]\n\tGetHandleVerifier [0x0x7ff7771416fe+187406]\n\tGetHandleVerifier [0x0x7ff7771496ef+220159]\n\tGetHandleVerifier [0x0x7ff77712faf4+114692]\n\tGetHandleVerifier [0x0x7ff77712fca9+115129]\n\tGetHandleVerifier [0x0x7ff7771164d8+10728]\n\tBaseThreadInitThunk [0x0x7ffe121c7374+20]\n\tRtlUserThreadStart [0x0x7ffe133dcc91+33]","statusTrace":"self = <test_items.test_setting.TestSettingPage object at 0x0000028D697188B0>, login_to_setting = <selenium.webdriver.chrome.webdriver.WebDriver (session=\"076bcd4b5a11c4c4278898e686d8bd71\")>\n\n    @allure.story(\"添加布局成功\")\n    # @pytest.mark.run(order=1)\n    def test_setting_addsuccess(self, login_to_setting):\n        driver = login_to_setting  # WebDriver 实例\n        setting = SettingPage(driver)  # 用 driver 初始化 SettingPage\n        layout = \"测试布局A\"\n        setting.add_layout_ok(layout)\n    \n        # 获取布局名称的文本元素\n>       name = setting.get_find_element_xpath(\n            f'//div[@class=\"tabsDivItemCon\"]/div[text()=\" {layout} \"]'\n        ).text\n\nTests\\test_items\\test_setting.py:122: \n_ _ _ _ _ _ _ _ _ _ _ _ _ _ _ _ _ _ _ _ _ _ _ _ _ _ _ _ _ _ _ _ _ _ _ _ _ _ _ _ _ _ _ _ _ _ _ _ _ _ _ _ _ _ _ _ _ _ _ _ _ _ _ _ _ _ _ _ _ _ _ _ _ _ _ _ _ _ _ _ _ _ _ _ _ _ _ _ _ _ _ _ _ _ _ _ _ _ _ _ _ _ _ _ _ _ _ _ _ _ _ _ _ _ _ _\nPages\\itemsPage\\setting_page.py:27: in get_find_element_xpath\n    return self.find_element(By.XPATH, xpath)\nPages\\base_page.py:28: in find_element\n    return WebDriverWait(self.driver, wait_time).until(\n_ _ _ _ _ _ _ _ _ _ _ _ _ _ _ _ _ _ _ _ _ _ _ _ _ _ _ _ _ _ _ _ _ _ _ _ _ _ _ _ _ _ _ _ _ _ _ _ _ _ _ _ _ _ _ _ _ _ _ _ _ _ _ _ _ _ _ _ _ _ _ _ _ _ _ _ _ _ _ _ _ _ _ _ _ _ _ _ _ _ _ _ _ _ _ _ _ _ _ _ _ _ _ _ _ _ _ _ _ _ _ _ _ _ _ _\n\nself = <selenium.webdriver.support.wait.WebDriverWait (session=\"076bcd4b5a11c4c4278898e686d8bd71\")>, method = <function presence_of_element_located.<locals>._predicate at 0x0000028D6B60FBE0>, message = ''\n\n    def until(self, method: Callable[[D], Union[Literal[False], T]], message: str = \"\") -> T:\n        \"\"\"Wait until the method returns a value that is not False.\n    \n        Calls the method provided with the driver as an argument until the\n        return value does not evaluate to ``False``.\n    \n        Parameters:\n        -----------\n        method: callable(WebDriver)\n            - A callable object that takes a WebDriver instance as an argument.\n    \n        message: str\n            - Optional message for :exc:`TimeoutException`\n    \n        Return:\n        -------\n        object: T\n            - The result of the last call to `method`\n    \n        Raises:\n        -------\n        TimeoutException\n            - If 'method' does not return a truthy value within the WebDriverWait\n            object's timeout\n    \n        Example:\n        --------\n        >>> from selenium.webdriver.common.by import By\n        >>> from selenium.webdriver.support.ui import WebDriverWait\n        >>> from selenium.webdriver.support import expected_conditions as EC\n    \n        # Wait until an element is visible on the page\n        >>> wait = WebDriverWait(driver, 10)\n        >>> element = wait.until(EC.visibility_of_element_located((By.ID, \"exampleId\")))\n        >>> print(element.text)\n        \"\"\"\n        screen = None\n        stacktrace = None\n    \n        end_time = time.monotonic() + self._timeout\n        while True:\n            try:\n                value = method(self._driver)\n                if value:\n                    return value\n            except self._ignored_exceptions as exc:\n                screen = getattr(exc, \"screen\", None)\n                stacktrace = getattr(exc, \"stacktrace\", None)\n            if time.monotonic() > end_time:\n                break\n            time.sleep(self._poll)\n>       raise TimeoutException(message, screen, stacktrace)\nE       selenium.common.exceptions.TimeoutException: Message: \nE       Stacktrace:\nE       \tGetHandleVerifier [0x0x7ff777126f65+78965]\nE       \tGetHandleVerifier [0x0x7ff777126fc0+79056]\nE       \t(No symbol) [0x0x7ff776eb9dda]\nE       \t(No symbol) [0x0x7ff776f102ea]\nE       \t(No symbol) [0x0x7ff776f1059c]\nE       \t(No symbol) [0x0x7ff776f63f37]\nE       \t(No symbol) [0x0x7ff776f386af]\nE       \t(No symbol) [0x0x7ff776f60dbe]\nE       \t(No symbol) [0x0x7ff776f38443]\nE       \t(No symbol) [0x0x7ff776f01311]\nE       \t(No symbol) [0x0x7ff776f020a3]\nE       \tGetHandleVerifier [0x0x7ff7773de26d+2926461]\nE       \tGetHandleVerifier [0x0x7ff7773d8993+2903715]\nE       \tGetHandleVerifier [0x0x7ff7773f6aed+3026941]\nE       \tGetHandleVerifier [0x0x7ff7771416fe+187406]\nE       \tGetHandleVerifier [0x0x7ff7771496ef+220159]\nE       \tGetHandleVerifier [0x0x7ff77712faf4+114692]\nE       \tGetHandleVerifier [0x0x7ff77712fca9+115129]\nE       \tGetHandleVerifier [0x0x7ff7771164d8+10728]\nE       \tBaseThreadInitThunk [0x0x7ffe121c7374+20]\nE       \tRtlUserThreadStart [0x0x7ffe133dcc91+33]\n\nmyenv\\lib\\site-packages\\selenium\\webdriver\\support\\wait.py:138: TimeoutException","steps":[],"attachments":[{"uid":"d530a47cbba040da","name":"test_setting_addsuccess_failure","source":"d530a47cbba040da.png","type":"image/png","size":177938},{"uid":"137bde6072a4eb46","name":"test_setting_addsuccess_source","source":"137bde6072a4eb46.html","type":"text/html","size":1530273},{"uid":"7a8f5b655dd8a267","name":"log","source":"7a8f5b655dd8a267.txt","type":"text/plain","size":2686}],"parameters":[],"hasContent":true,"stepsCount":0,"attachmentStep":false,"attachmentsCount":3,"shouldDisplayMessage":true},"afterStages":[{"name":"login_to_setting::0","time":{"start":1764872920786,"stop":1764872922953,"duration":2167},"status":"passed","steps":[],"attachments":[],"parameters":[],"hasContent":false,"stepsCount":0,"attachmentStep":false,"attachmentsCount":0,"shouldDisplayMessage":false}],"labels":[{"name":"feature","value":"标准应用设置测试用例"},{"name":"story","value":"添加布局成功"},{"name":"parentSuite","value":"Tests.test_items"},{"name":"suite","value":"test_setting"},{"name":"subSuite","value":"TestSettingPage"},{"name":"host","value":"WIN-20240820MJV"},{"name":"thread","value":"28764-MainThread"},{"name":"framework","value":"pytest"},{"name":"language","value":"cpython3"},{"name":"package","value":"Tests.test_items.test_setting"},{"name":"resultFormat","value":"allure2"}],"parameters":[],"links":[],"hidden":true,"retry":true,"extra":{"categories":[],"tags":[]},"source":"c18a206a87ec055c.json","parameterValues":[]}