{"uid":"c29757dfb216e1b3","name":"test_planUnit_success1","fullName":"Tests.test_system.test_planUnit.TestPlanUnitPage#test_planUnit_success1","historyId":"4ef24c8cef65ae5f9a8952b573e7b688","time":{"start":1767037048632,"stop":1767037061301,"duration":12669},"status":"failed","statusMessage":"AssertionError: assert not True\n +  where True = has_fail_message()\n +    where has_fail_message = <Pages.systemPage.planUnit_page.PlanUnitPage object at 0x0000015FF6508FD0>.has_fail_message","statusTrace":"self = <test_system.test_planUnit.TestPlanUnitPage object at 0x0000015FF4A22CE0>, login_to_planUnit = <selenium.webdriver.chrome.webdriver.WebDriver (session=\"fa8e3449529037e9b3915b0b067138f1\")>\n\n    @allure.story(\"添加标准计划单元成功\")\n    # @pytest.mark.run(order=1)\n    def test_planUnit_success1(self, login_to_planUnit):\n        driver = login_to_planUnit  # WebDriver 实例\n        unit = PlanUnitPage(driver)  # 用 driver 初始化 PlanUnitPage\n        name = \"1测试计划单元标准\"\n        module = \"标准\"\n        unit.add_plan_unit(name, module)\n        unit.click_button('(//div[@class=\"vxe-modal--footer\"]//span[text()=\"确定\"])')\n        unit.get_find_message()\n        unit.wait_for_loading_to_disappear()\n        unit.select_input(name)\n        ele = unit.finds_elements(By.XPATH, f'//table[@class=\"vxe-table--body\"]//tr/td[2]//span[text()=\"{name}\"]')\n        assert len(ele) == 1\n>       assert not unit.has_fail_message()\nE       assert not True\nE        +  where True = has_fail_message()\nE        +    where has_fail_message = <Pages.systemPage.planUnit_page.PlanUnitPage object at 0x0000015FF6508FD0>.has_fail_message\n\nTests\\test_system\\test_planUnit.py:169: AssertionError","flaky":false,"newFailed":false,"newBroken":false,"newPassed":false,"retriesCount":0,"retriesStatusChange":false,"beforeStages":[{"name":"login_to_planUnit","time":{"start":1767036978047,"stop":1767036994465,"duration":16418},"status":"passed","steps":[],"attachments":[],"parameters":[],"shouldDisplayMessage":false,"attachmentsCount":0,"attachmentStep":false,"hasContent":false,"stepsCount":0}],"testStage":{"status":"failed","statusMessage":"AssertionError: assert not True\n +  where True = has_fail_message()\n +    where has_fail_message = <Pages.systemPage.planUnit_page.PlanUnitPage object at 0x0000015FF6508FD0>.has_fail_message","statusTrace":"self = <test_system.test_planUnit.TestPlanUnitPage object at 0x0000015FF4A22CE0>, login_to_planUnit = <selenium.webdriver.chrome.webdriver.WebDriver (session=\"fa8e3449529037e9b3915b0b067138f1\")>\n\n    @allure.story(\"添加标准计划单元成功\")\n    # @pytest.mark.run(order=1)\n    def test_planUnit_success1(self, login_to_planUnit):\n        driver = login_to_planUnit  # WebDriver 实例\n        unit = PlanUnitPage(driver)  # 用 driver 初始化 PlanUnitPage\n        name = \"1测试计划单元标准\"\n        module = \"标准\"\n        unit.add_plan_unit(name, module)\n        unit.click_button('(//div[@class=\"vxe-modal--footer\"]//span[text()=\"确定\"])')\n        unit.get_find_message()\n        unit.wait_for_loading_to_disappear()\n        unit.select_input(name)\n        ele = unit.finds_elements(By.XPATH, f'//table[@class=\"vxe-table--body\"]//tr/td[2]//span[text()=\"{name}\"]')\n        assert len(ele) == 1\n>       assert not unit.has_fail_message()\nE       assert not True\nE        +  where True = has_fail_message()\nE        +    where has_fail_message = <Pages.systemPage.planUnit_page.PlanUnitPage object at 0x0000015FF6508FD0>.has_fail_message\n\nTests\\test_system\\test_planUnit.py:169: AssertionError","steps":[],"attachments":[{"uid":"d75ca64a986f2ba0","name":"test_planUnit_success1_20251230_033741","source":"d75ca64a986f2ba0.png","type":"image/png","size":88949},{"uid":"6e063670d1d48e55","name":"log","source":"6e063670d1d48e55.txt","type":"text/plain","size":1628}],"parameters":[],"shouldDisplayMessage":true,"attachmentsCount":2,"attachmentStep":false,"hasContent":true,"stepsCount":0},"afterStages":[{"name":"login_to_planUnit::0","time":{"start":1767037338044,"stop":1767037340275,"duration":2231},"status":"passed","steps":[],"attachments":[],"parameters":[],"shouldDisplayMessage":false,"attachmentsCount":0,"attachmentStep":false,"hasContent":false,"stepsCount":0}],"labels":[{"name":"story","value":"添加标准计划单元成功"},{"name":"feature","value":"计划单元页用例"},{"name":"parentSuite","value":"Tests.test_system"},{"name":"suite","value":"test_planUnit"},{"name":"subSuite","value":"TestPlanUnitPage"},{"name":"host","value":"WIN-20240820MJV"},{"name":"thread","value":"27452-MainThread"},{"name":"framework","value":"pytest"},{"name":"language","value":"cpython3"},{"name":"package","value":"Tests.test_system.test_planUnit"},{"name":"resultFormat","value":"allure2"}],"parameters":[],"links":[],"hidden":true,"retry":true,"extra":{"categories":[],"tags":[]},"source":"c29757dfb216e1b3.json","parameterValues":[]}