{"uid":"c2cbb860b5aba3e3","name":"test_changeR_delete","fullName":"Tests.test_items.test_changeR.TestChangeRPage#test_changeR_delete","historyId":"626105101f49603cafa5e58b7b2ac6a5","time":{"start":1767103459265,"stop":1767103469390,"duration":10125},"status":"broken","statusMessage":"selenium.common.exceptions.TimeoutException: Message: \nStacktrace:\n\tGetHandleVerifier [0x0x7ff671b46f65+78965]\n\tGetHandleVerifier [0x0x7ff671b46fc0+79056]\n\t(No symbol) [0x0x7ff6718d9dda]\n\t(No symbol) [0x0x7ff6719302ea]\n\t(No symbol) [0x0x7ff67193059c]\n\t(No symbol) [0x0x7ff671983f37]\n\t(No symbol) [0x0x7ff6719586af]\n\t(No symbol) [0x0x7ff671980dbe]\n\t(No symbol) [0x0x7ff671958443]\n\t(No symbol) [0x0x7ff671921311]\n\t(No symbol) [0x0x7ff6719220a3]\n\tGetHandleVerifier [0x0x7ff671dfe26d+2926461]\n\tGetHandleVerifier [0x0x7ff671df8993+2903715]\n\tGetHandleVerifier [0x0x7ff671e16aed+3026941]\n\tGetHandleVerifier [0x0x7ff671b616fe+187406]\n\tGetHandleVerifier [0x0x7ff671b696ef+220159]\n\tGetHandleVerifier [0x0x7ff671b4faf4+114692]\n\tGetHandleVerifier [0x0x7ff671b4fca9+115129]\n\tGetHandleVerifier [0x0x7ff671b364d8+10728]\n\tBaseThreadInitThunk [0x0x7ffd0b6d7374+20]\n\tRtlUserThreadStart [0x0x7ffd0ccdcc91+33]","statusTrace":"self = <test_items.test_changeR.TestChangeRPage object at 0x000001961382AD70>, login_to_changeR = <selenium.webdriver.chrome.webdriver.WebDriver (session=\"5419878412879f6ff080dcd2efc7f52c\")>\n\n    @allure.story(\"删除布局成功\")\n    # @pytest.mark.run(order=1)\n    def test_changeR_delete(self, login_to_changeR):\n        driver = login_to_changeR  # WebDriver 实例\n        changeR = ChangeR(driver)  # 用 driver 初始化 ChangeR\n        layout = \"测试布局A\"\n>       changeR.del_layout(layout)\n\nTests\\test_items\\test_changeR.py:1278: \n_ _ _ _ _ _ _ _ _ _ _ _ _ _ _ _ _ _ _ _ _ _ _ _ _ _ _ _ _ _ _ _ _ _ _ _ _ _ _ _ _ _ _ _ _ _ _ _ _ _ _ _ _ _ _ _ _ _ _ _ _ _ _ _ _ _ _ _ _ _ _ _ _ _ _ _ _ _ _ _ _ _ _ _ _ _ _ _ _ _ _ _ _ _ _ _ _ _ _ _ _ _ _ _ _ _ _ _ _ _ _ _ _ _ _ _\nPages\\itemsPage\\changeR_page.py:178: in del_layout\n    target_div = self.get_find_element_xpath(\nPages\\itemsPage\\changeR_page.py:47: in get_find_element_xpath\n    return self.find_element(By.XPATH, xpath)\nPages\\base_page.py:28: in find_element\n    return WebDriverWait(self.driver, wait_time).until(\n_ _ _ _ _ _ _ _ _ _ _ _ _ _ _ _ _ _ _ _ _ _ _ _ _ _ _ _ _ _ _ _ _ _ _ _ _ _ _ _ _ _ _ _ _ _ _ _ _ _ _ _ _ _ _ _ _ _ _ _ _ _ _ _ _ _ _ _ _ _ _ _ _ _ _ _ _ _ _ _ _ _ _ _ _ _ _ _ _ _ _ _ _ _ _ _ _ _ _ _ _ _ _ _ _ _ _ _ _ _ _ _ _ _ _ _\n\nself = <selenium.webdriver.support.wait.WebDriverWait (session=\"5419878412879f6ff080dcd2efc7f52c\")>, method = <function presence_of_element_located.<locals>._predicate at 0x00000196148BCC10>, message = ''\n\n    def until(self, method: Callable[[D], Union[Literal[False], T]], message: str = \"\") -> T:\n        \"\"\"Wait until the method returns a value that is not False.\n    \n        Calls the method provided with the driver as an argument until the\n        return value does not evaluate to ``False``.\n    \n        Parameters:\n        -----------\n        method: callable(WebDriver)\n            - A callable object that takes a WebDriver instance as an argument.\n    \n        message: str\n            - Optional message for :exc:`TimeoutException`\n    \n        Return:\n        -------\n        object: T\n            - The result of the last call to `method`\n    \n        Raises:\n        -------\n        TimeoutException\n            - If 'method' does not return a truthy value within the WebDriverWait\n            object's timeout\n    \n        Example:\n        --------\n        >>> from selenium.webdriver.common.by import By\n        >>> from selenium.webdriver.support.ui import WebDriverWait\n        >>> from selenium.webdriver.support import expected_conditions as EC\n    \n        # Wait until an element is visible on the page\n        >>> wait = WebDriverWait(driver, 10)\n        >>> element = wait.until(EC.visibility_of_element_located((By.ID, \"exampleId\")))\n        >>> print(element.text)\n        \"\"\"\n        screen = None\n        stacktrace = None\n    \n        end_time = time.monotonic() + self._timeout\n        while True:\n            try:\n                value = method(self._driver)\n                if value:\n                    return value\n            except self._ignored_exceptions as exc:\n                screen = getattr(exc, \"screen\", None)\n                stacktrace = getattr(exc, \"stacktrace\", None)\n            if time.monotonic() > end_time:\n                break\n            time.sleep(self._poll)\n>       raise TimeoutException(message, screen, stacktrace)\nE       selenium.common.exceptions.TimeoutException: Message: \nE       Stacktrace:\nE       \tGetHandleVerifier [0x0x7ff671b46f65+78965]\nE       \tGetHandleVerifier [0x0x7ff671b46fc0+79056]\nE       \t(No symbol) [0x0x7ff6718d9dda]\nE       \t(No symbol) [0x0x7ff6719302ea]\nE       \t(No symbol) [0x0x7ff67193059c]\nE       \t(No symbol) [0x0x7ff671983f37]\nE       \t(No symbol) [0x0x7ff6719586af]\nE       \t(No symbol) [0x0x7ff671980dbe]\nE       \t(No symbol) [0x0x7ff671958443]\nE       \t(No symbol) [0x0x7ff671921311]\nE       \t(No symbol) [0x0x7ff6719220a3]\nE       \tGetHandleVerifier [0x0x7ff671dfe26d+2926461]\nE       \tGetHandleVerifier [0x0x7ff671df8993+2903715]\nE       \tGetHandleVerifier [0x0x7ff671e16aed+3026941]\nE       \tGetHandleVerifier [0x0x7ff671b616fe+187406]\nE       \tGetHandleVerifier [0x0x7ff671b696ef+220159]\nE       \tGetHandleVerifier [0x0x7ff671b4faf4+114692]\nE       \tGetHandleVerifier [0x0x7ff671b4fca9+115129]\nE       \tGetHandleVerifier [0x0x7ff671b364d8+10728]\nE       \tBaseThreadInitThunk [0x0x7ffd0b6d7374+20]\nE       \tRtlUserThreadStart [0x0x7ffd0ccdcc91+33]\n\nmyenv\\lib\\site-packages\\selenium\\webdriver\\support\\wait.py:138: TimeoutException","flaky":false,"newFailed":false,"newBroken":false,"newPassed":false,"retriesCount":1,"retriesStatusChange":true,"beforeStages":[{"name":"login_to_changeR","time":{"start":1767102879703,"stop":1767102900549,"duration":20846},"status":"passed","steps":[],"attachments":[],"parameters":[],"hasContent":false,"stepsCount":0,"attachmentStep":false,"attachmentsCount":0,"shouldDisplayMessage":false}],"testStage":{"status":"broken","statusMessage":"selenium.common.exceptions.TimeoutException: Message: \nStacktrace:\n\tGetHandleVerifier [0x0x7ff671b46f65+78965]\n\tGetHandleVerifier [0x0x7ff671b46fc0+79056]\n\t(No symbol) [0x0x7ff6718d9dda]\n\t(No symbol) [0x0x7ff6719302ea]\n\t(No symbol) [0x0x7ff67193059c]\n\t(No symbol) [0x0x7ff671983f37]\n\t(No symbol) [0x0x7ff6719586af]\n\t(No symbol) [0x0x7ff671980dbe]\n\t(No symbol) [0x0x7ff671958443]\n\t(No symbol) [0x0x7ff671921311]\n\t(No symbol) [0x0x7ff6719220a3]\n\tGetHandleVerifier [0x0x7ff671dfe26d+2926461]\n\tGetHandleVerifier [0x0x7ff671df8993+2903715]\n\tGetHandleVerifier [0x0x7ff671e16aed+3026941]\n\tGetHandleVerifier [0x0x7ff671b616fe+187406]\n\tGetHandleVerifier [0x0x7ff671b696ef+220159]\n\tGetHandleVerifier [0x0x7ff671b4faf4+114692]\n\tGetHandleVerifier [0x0x7ff671b4fca9+115129]\n\tGetHandleVerifier [0x0x7ff671b364d8+10728]\n\tBaseThreadInitThunk [0x0x7ffd0b6d7374+20]\n\tRtlUserThreadStart [0x0x7ffd0ccdcc91+33]","statusTrace":"self = <test_items.test_changeR.TestChangeRPage object at 0x000001961382AD70>, login_to_changeR = <selenium.webdriver.chrome.webdriver.WebDriver (session=\"5419878412879f6ff080dcd2efc7f52c\")>\n\n    @allure.story(\"删除布局成功\")\n    # @pytest.mark.run(order=1)\n    def test_changeR_delete(self, login_to_changeR):\n        driver = login_to_changeR  # WebDriver 实例\n        changeR = ChangeR(driver)  # 用 driver 初始化 ChangeR\n        layout = \"测试布局A\"\n>       changeR.del_layout(layout)\n\nTests\\test_items\\test_changeR.py:1278: \n_ _ _ _ _ _ _ _ _ _ _ _ _ _ _ _ _ _ _ _ _ _ _ _ _ _ _ _ _ _ _ _ _ _ _ _ _ _ _ _ _ _ _ _ _ _ _ _ _ _ _ _ _ _ _ _ _ _ _ _ _ _ _ _ _ _ _ _ _ _ _ _ _ _ _ _ _ _ _ _ _ _ _ _ _ _ _ _ _ _ _ _ _ _ _ _ _ _ _ _ _ _ _ _ _ _ _ _ _ _ _ _ _ _ _ _\nPages\\itemsPage\\changeR_page.py:178: in del_layout\n    target_div = self.get_find_element_xpath(\nPages\\itemsPage\\changeR_page.py:47: in get_find_element_xpath\n    return self.find_element(By.XPATH, xpath)\nPages\\base_page.py:28: in find_element\n    return WebDriverWait(self.driver, wait_time).until(\n_ _ _ _ _ _ _ _ _ _ _ _ _ _ _ _ _ _ _ _ _ _ _ _ _ _ _ _ _ _ _ _ _ _ _ _ _ _ _ _ _ _ _ _ _ _ _ _ _ _ _ _ _ _ _ _ _ _ _ _ _ _ _ _ _ _ _ _ _ _ _ _ _ _ _ _ _ _ _ _ _ _ _ _ _ _ _ _ _ _ _ _ _ _ _ _ _ _ _ _ _ _ _ _ _ _ _ _ _ _ _ _ _ _ _ _\n\nself = <selenium.webdriver.support.wait.WebDriverWait (session=\"5419878412879f6ff080dcd2efc7f52c\")>, method = <function presence_of_element_located.<locals>._predicate at 0x00000196148BCC10>, message = ''\n\n    def until(self, method: Callable[[D], Union[Literal[False], T]], message: str = \"\") -> T:\n        \"\"\"Wait until the method returns a value that is not False.\n    \n        Calls the method provided with the driver as an argument until the\n        return value does not evaluate to ``False``.\n    \n        Parameters:\n        -----------\n        method: callable(WebDriver)\n            - A callable object that takes a WebDriver instance as an argument.\n    \n        message: str\n            - Optional message for :exc:`TimeoutException`\n    \n        Return:\n        -------\n        object: T\n            - The result of the last call to `method`\n    \n        Raises:\n        -------\n        TimeoutException\n            - If 'method' does not return a truthy value within the WebDriverWait\n            object's timeout\n    \n        Example:\n        --------\n        >>> from selenium.webdriver.common.by import By\n        >>> from selenium.webdriver.support.ui import WebDriverWait\n        >>> from selenium.webdriver.support import expected_conditions as EC\n    \n        # Wait until an element is visible on the page\n        >>> wait = WebDriverWait(driver, 10)\n        >>> element = wait.until(EC.visibility_of_element_located((By.ID, \"exampleId\")))\n        >>> print(element.text)\n        \"\"\"\n        screen = None\n        stacktrace = None\n    \n        end_time = time.monotonic() + self._timeout\n        while True:\n            try:\n                value = method(self._driver)\n                if value:\n                    return value\n            except self._ignored_exceptions as exc:\n                screen = getattr(exc, \"screen\", None)\n                stacktrace = getattr(exc, \"stacktrace\", None)\n            if time.monotonic() > end_time:\n                break\n            time.sleep(self._poll)\n>       raise TimeoutException(message, screen, stacktrace)\nE       selenium.common.exceptions.TimeoutException: Message: \nE       Stacktrace:\nE       \tGetHandleVerifier [0x0x7ff671b46f65+78965]\nE       \tGetHandleVerifier [0x0x7ff671b46fc0+79056]\nE       \t(No symbol) [0x0x7ff6718d9dda]\nE       \t(No symbol) [0x0x7ff6719302ea]\nE       \t(No symbol) [0x0x7ff67193059c]\nE       \t(No symbol) [0x0x7ff671983f37]\nE       \t(No symbol) [0x0x7ff6719586af]\nE       \t(No symbol) [0x0x7ff671980dbe]\nE       \t(No symbol) [0x0x7ff671958443]\nE       \t(No symbol) [0x0x7ff671921311]\nE       \t(No symbol) [0x0x7ff6719220a3]\nE       \tGetHandleVerifier [0x0x7ff671dfe26d+2926461]\nE       \tGetHandleVerifier [0x0x7ff671df8993+2903715]\nE       \tGetHandleVerifier [0x0x7ff671e16aed+3026941]\nE       \tGetHandleVerifier [0x0x7ff671b616fe+187406]\nE       \tGetHandleVerifier [0x0x7ff671b696ef+220159]\nE       \tGetHandleVerifier [0x0x7ff671b4faf4+114692]\nE       \tGetHandleVerifier [0x0x7ff671b4fca9+115129]\nE       \tGetHandleVerifier [0x0x7ff671b364d8+10728]\nE       \tBaseThreadInitThunk [0x0x7ffd0b6d7374+20]\nE       \tRtlUserThreadStart [0x0x7ffd0ccdcc91+33]\n\nmyenv\\lib\\site-packages\\selenium\\webdriver\\support\\wait.py:138: TimeoutException","steps":[],"attachments":[{"uid":"8e9859a590d34122","name":"test_changeR_delete_20251230_220429","source":"8e9859a590d34122.png","type":"image/png","size":69358},{"uid":"15135ac5ab0e7265","name":"log","source":"15135ac5ab0e7265.txt","type":"text/plain","size":1654}],"parameters":[],"hasContent":true,"stepsCount":0,"attachmentStep":false,"attachmentsCount":2,"shouldDisplayMessage":true},"afterStages":[{"name":"login_to_changeR::0","time":{"start":1767103469507,"stop":1767103471693,"duration":2186},"status":"passed","steps":[],"attachments":[],"parameters":[],"hasContent":false,"stepsCount":0,"attachmentStep":false,"attachmentsCount":0,"shouldDisplayMessage":false}],"labels":[{"name":"feature","value":"资源切换表测试用例"},{"name":"story","value":"删除布局成功"},{"name":"parentSuite","value":"Tests.test_items"},{"name":"suite","value":"test_changeR"},{"name":"subSuite","value":"TestChangeRPage"},{"name":"host","value":"WIN-20240820MJV"},{"name":"thread","value":"17868-MainThread"},{"name":"framework","value":"pytest"},{"name":"language","value":"cpython3"},{"name":"package","value":"Tests.test_items.test_changeR"},{"name":"resultFormat","value":"allure2"}],"parameters":[],"links":[],"hidden":false,"retry":false,"extra":{"severity":"normal","retries":[{"uid":"35796bab494e0211","status":"failed","statusDetails":"AssertionError: assert not True\n +  where True = has_fail_message()\n +    where has_fail_message = <Pages.itemsPage.changeR_page.ChangeR object at 0x0000019614670FD0>.has_fail_message","time":{"start":1767103445026,"stop":1767103459168,"duration":14142}}],"categories":[{"name":"Test defects","matchedStatuses":[]}],"tags":[]},"source":"c2cbb860b5aba3e3.json","parameterValues":[]}