{"uid":"c36d660b14491a5f","name":"test_button_addsuccess1","fullName":"Tests.test_system.test_button.TestSButtonPage#test_button_addsuccess1","historyId":"54101d21a499dee7afb61f5c7b00ea5b","time":{"start":1762465492944,"stop":1762465498446,"duration":5502},"status":"failed","statusMessage":"AssertionError: assert 'Abutton1' == 'Abutton2'\n  \n  \u001B[0m\u001B[91m- Abutton2\u001B[39;49;00m\u001B[90m\u001B[39;49;00m\n  ?        ^\u001B[90m\u001B[39;49;00m\n  \u001B[92m+ Abutton1\u001B[39;49;00m\u001B[90m\u001B[39;49;00m\n  ?        ^\u001B[90m\u001B[39;49;00m","statusTrace":"self = <test_system.test_button.TestSButtonPage object at 0x0000027FDB440C40>, login_to_button = <selenium.webdriver.chrome.webdriver.WebDriver (session=\"a16fa8f86d853a9d281b61e49c1f8edc\")>\n\n    @allure.story(\"添加测试按钮成功\")\n    # @pytest.mark.run(order=1)\n    def test_button_addsuccess1(self, login_to_button):\n        driver = login_to_button  # WebDriver 实例\n        button = ExpressionPage(driver)  # 用 driver 初始化 ExpressionPage\n        add = AddsPages(driver)\n        name = 'Abutton2'\n        button.click_all_button(\"新增\")\n        xpath_list = [\n            '//div[label[text()=\"按钮代码\"]]//input',\n            '//div[label[text()=\"按钮名称\"]]//input',\n            '//div[label[text()=\"图标\"]]//i[contains(@class,\"ivu-ico\")]',\n            '(//div[@class=\"flex-wrap\"])[2]/div[1]',\n        ]\n        add.batch_modify_input(xpath_list[:2], name)\n        add.click_button(xpath_list[2])\n        add.click_button(xpath_list[3])\n        button.click_confirm()\n        message = button.get_find_message()\n        button.select_input_button(name)\n        eles = button.get_find_element_xpath('//table[@class=\"vxe-table--body\"]//tr[1]/td[2]').text\n>       assert eles == name\nE       AssertionError: assert 'Abutton1' == 'Abutton2'\nE         \nE         \u001B[0m\u001B[91m- Abutton2\u001B[39;49;00m\u001B[90m\u001B[39;49;00m\nE         ?        ^\u001B[90m\u001B[39;49;00m\nE         \u001B[92m+ Abutton1\u001B[39;49;00m\u001B[90m\u001B[39;49;00m\nE         ?        ^\u001B[90m\u001B[39;49;00m\n\nTests\\test_system\\test_button.py:221: AssertionError","flaky":false,"newFailed":false,"newBroken":false,"newPassed":false,"retriesCount":0,"retriesStatusChange":false,"beforeStages":[{"name":"login_to_button","time":{"start":1762465481518,"stop":1762465492943,"duration":11425},"status":"passed","steps":[],"attachments":[],"parameters":[],"shouldDisplayMessage":false,"attachmentsCount":0,"attachmentStep":false,"stepsCount":0,"hasContent":false}],"testStage":{"status":"failed","statusMessage":"AssertionError: assert 'Abutton1' == 'Abutton2'\n  \n  \u001B[0m\u001B[91m- Abutton2\u001B[39;49;00m\u001B[90m\u001B[39;49;00m\n  ?        ^\u001B[90m\u001B[39;49;00m\n  \u001B[92m+ Abutton1\u001B[39;49;00m\u001B[90m\u001B[39;49;00m\n  ?        ^\u001B[90m\u001B[39;49;00m","statusTrace":"self = <test_system.test_button.TestSButtonPage object at 0x0000027FDB440C40>, login_to_button = <selenium.webdriver.chrome.webdriver.WebDriver (session=\"a16fa8f86d853a9d281b61e49c1f8edc\")>\n\n    @allure.story(\"添加测试按钮成功\")\n    # @pytest.mark.run(order=1)\n    def test_button_addsuccess1(self, login_to_button):\n        driver = login_to_button  # WebDriver 实例\n        button = ExpressionPage(driver)  # 用 driver 初始化 ExpressionPage\n        add = AddsPages(driver)\n        name = 'Abutton2'\n        button.click_all_button(\"新增\")\n        xpath_list = [\n            '//div[label[text()=\"按钮代码\"]]//input',\n            '//div[label[text()=\"按钮名称\"]]//input',\n            '//div[label[text()=\"图标\"]]//i[contains(@class,\"ivu-ico\")]',\n            '(//div[@class=\"flex-wrap\"])[2]/div[1]',\n        ]\n        add.batch_modify_input(xpath_list[:2], name)\n        add.click_button(xpath_list[2])\n        add.click_button(xpath_list[3])\n        button.click_confirm()\n        message = button.get_find_message()\n        button.select_input_button(name)\n        eles = button.get_find_element_xpath('//table[@class=\"vxe-table--body\"]//tr[1]/td[2]').text\n>       assert eles == name\nE       AssertionError: assert 'Abutton1' == 'Abutton2'\nE         \nE         \u001B[0m\u001B[91m- Abutton2\u001B[39;49;00m\u001B[90m\u001B[39;49;00m\nE         ?        ^\u001B[90m\u001B[39;49;00m\nE         \u001B[92m+ Abutton1\u001B[39;49;00m\u001B[90m\u001B[39;49;00m\nE         ?        ^\u001B[90m\u001B[39;49;00m\n\nTests\\test_system\\test_button.py:221: AssertionError","steps":[],"attachments":[{"uid":"8927ad07bb4dadbb","name":"test_button_addsuccess1_failure","source":"8927ad07bb4dadbb.png","type":"image/png","size":129550},{"uid":"fab82471e41f2826","name":"test_button_addsuccess1_source","source":"fab82471e41f2826.html","type":"text/html","size":1449343},{"uid":"4d7e9423409dea56","name":"log","source":"4d7e9423409dea56.txt","type":"text/plain","size":2145}],"parameters":[],"shouldDisplayMessage":true,"attachmentsCount":3,"attachmentStep":false,"stepsCount":0,"hasContent":true},"afterStages":[{"name":"login_to_button::0","time":{"start":1762465498619,"stop":1762465500766,"duration":2147},"status":"passed","steps":[],"attachments":[],"parameters":[],"shouldDisplayMessage":false,"attachmentsCount":0,"attachmentStep":false,"stepsCount":0,"hasContent":false}],"labels":[{"name":"feature","value":"工具栏按钮管理页用例"},{"name":"story","value":"添加测试按钮成功"},{"name":"parentSuite","value":"Tests.test_system"},{"name":"suite","value":"test_button"},{"name":"subSuite","value":"TestSButtonPage"},{"name":"host","value":"WIN-20240820MJV"},{"name":"thread","value":"24676-MainThread"},{"name":"framework","value":"pytest"},{"name":"language","value":"cpython3"},{"name":"package","value":"Tests.test_system.test_button"},{"name":"resultFormat","value":"allure2"}],"parameters":[],"links":[],"hidden":true,"retry":true,"extra":{"categories":[],"tags":[]},"source":"c36d660b14491a5f.json","parameterValues":[]}