{"uid":"c697b1c9de30f4ae","name":"test_resourceAllocation_addresource","fullName":"Tests.test_system.test_resourceAllocation.TestResourceAllocationPage#test_resourceAllocation_addresource","historyId":"ec71f2d6f393e445c551ebcd4693b17c","time":{"start":1766009065896,"stop":1766009077212,"duration":11316},"status":"broken","statusMessage":"selenium.common.exceptions.StaleElementReferenceException: Message: stale element reference: stale element not found in the current frame\n  (Session info: chrome=137.0.7151.69); For documentation on this error, please visit: https://www.selenium.dev/documentation/webdriver/troubleshooting/errors#stale-element-reference-exception\nStacktrace:\n\tGetHandleVerifier [0x0x7ff719a76f65+78965]\n\tGetHandleVerifier [0x0x7ff719a76fc0+79056]\n\t(No symbol) [0x0x7ff719809dda]\n\t(No symbol) [0x0x7ff7198117c1]\n\t(No symbol) [0x0x7ff71981482c]\n\t(No symbol) [0x0x7ff7198148ff]\n\t(No symbol) [0x0x7ff71986120a]\n\t(No symbol) [0x0x7ff7198612d7]\n\t(No symbol) [0x0x7ff719856acc]\n\t(No symbol) [0x0x7ff71988866a]\n\t(No symbol) [0x0x7ff719852b56]\n\t(No symbol) [0x0x7ff719888880]\n\t(No symbol) [0x0x7ff7198b0dbe]\n\t(No symbol) [0x0x7ff719888443]\n\t(No symbol) [0x0x7ff719851311]\n\t(No symbol) [0x0x7ff7198520a3]\n\tGetHandleVerifier [0x0x7ff719d2e26d+2926461]\n\tGetHandleVerifier [0x0x7ff719d28993+2903715]\n\tGetHandleVerifier [0x0x7ff719d46aed+3026941]\n\tGetHandleVerifier [0x0x7ff719a916fe+187406]\n\tGetHandleVerifier [0x0x7ff719a996ef+220159]\n\tGetHandleVerifier [0x0x7ff719a7faf4+114692]\n\tGetHandleVerifier [0x0x7ff719a7fca9+115129]\n\tGetHandleVerifier [0x0x7ff719a664d8+10728]\n\tBaseThreadInitThunk [0x0x7fffafcf7374+20]\n\tRtlUserThreadStart [0x0x7fffb071cc91+33]","statusTrace":"self = <test_system.test_resourceAllocation.TestResourceAllocationPage object at 0x0000020DCCF1B880>, login_to_resourceAllocation = <selenium.webdriver.chrome.webdriver.WebDriver (session=\"17df05e3fb8ae1b1d2d944edbf19ed1e\")>\n\n    @allure.story(\"添加新资源数据，后续使用\")\n    # @pytest.mark.run(order=1)\n    def test_resourceAllocation_addresource(self, login_to_resourceAllocation):\n        driver = login_to_resourceAllocation  # WebDriver 实例\n        allocation = ResourceAllocationPage(driver)  # 用 driver 初始化 ResourceAllocationPage\n        resource = ResourcePage(driver)\n        list_ = [\"计划管理\", \"计划基础数据\", \"资源\"]\n        resource_ = ['1测试资源同步数据1', '1测试资源同步数据2']\n        for v in list_:\n            sleep(2)\n            allocation.click_button(f'(//span[text()=\"{v}\"])[1]')\n        resource.add_test_resource(f'{resource_[0]}')\n        resource.click_button(\n            '//div[@class=\"vxe-modal--footer\"]//span[text()=\"确定\"]')\n>       resource.add_test_resource(f'{resource_[1]}')\n\nTests\\test_system\\test_resourceAllocation.py:85: \n_ _ _ _ _ _ _ _ _ _ _ _ _ _ _ _ _ _ _ _ _ _ _ _ _ _ _ _ _ _ _ _ _ _ _ _ _ _ _ _ _ _ _ _ _ _ _ _ _ _ _ _ _ _ _ _ _ _ _ _ _ _ _ _ _ _ _ _ _ _ _ _ _ _ _ _ _ _ _ _ _ _ _ _ _ _ _ _ _ _ _ _ _ _ _ _ _ _ _ _ _ _ _ _ _ _ _ _ _ _ _ _ _ _ _ _\nPages\\itemsPage\\resource_page.py:92: in add_test_resource\n    self.enter_texts('(//label[text()=\"资源代码\"])[1]/parent::div//input', name)\nPages\\itemsPage\\resource_page.py:37: in enter_texts\n    self.enter_text(By.XPATH, xpath, text)\nPages\\base_page.py:103: in enter_text\n    element.send_keys(text)\nmyenv\\lib\\site-packages\\selenium\\webdriver\\remote\\webelement.py:305: in send_keys\n    self._execute(\nmyenv\\lib\\site-packages\\selenium\\webdriver\\remote\\webelement.py:574: in _execute\n    return self._parent.execute(command, params)\nmyenv\\lib\\site-packages\\selenium\\webdriver\\remote\\webdriver.py:447: in execute\n    self.error_handler.check_response(response)\n_ _ _ _ _ _ _ _ _ _ _ _ _ _ _ _ _ _ _ _ _ _ _ _ _ _ _ _ _ _ _ _ _ _ _ _ _ _ _ _ _ _ _ _ _ _ _ _ _ _ _ _ _ _ _ _ _ _ _ _ _ _ _ _ _ _ _ _ _ _ _ _ _ _ _ _ _ _ _ _ _ _ _ _ _ _ _ _ _ _ _ _ _ _ _ _ _ _ _ _ _ _ _ _ _ _ _ _ _ _ _ _ _ _ _ _\n\nself = <selenium.webdriver.remote.errorhandler.ErrorHandler object at 0x0000020DCD550370>\nresponse = {'status': 404, 'value': '{\"value\":{\"error\":\"stale element reference\",\"message\":\"stale element reference: stale elemen...ff719a664d8+10728]\\\\n\\\\tBaseThreadInitThunk [0x0x7fffafcf7374+20]\\\\n\\\\tRtlUserThreadStart [0x0x7fffb071cc91+33]\\\\n\"}}'}\n\n    def check_response(self, response: Dict[str, Any]) -> None:\n        \"\"\"Checks that a JSON response from the WebDriver does not have an\n        error.\n    \n        :Args:\n         - response - The JSON response from the WebDriver server as a dictionary\n           object.\n    \n        :Raises: If the response contains an error message.\n        \"\"\"\n        status = response.get(\"status\", None)\n        if not status or status == ErrorCode.SUCCESS:\n            return\n        value = None\n        message = response.get(\"message\", \"\")\n        screen: str = response.get(\"screen\", \"\")\n        stacktrace = None\n        if isinstance(status, int):\n            value_json = response.get(\"value\", None)\n            if value_json and isinstance(value_json, str):\n                import json\n    \n                try:\n                    value = json.loads(value_json)\n                    if len(value) == 1:\n                        value = value[\"value\"]\n                    status = value.get(\"error\", None)\n                    if not status:\n                        status = value.get(\"status\", ErrorCode.UNKNOWN_ERROR)\n                        message = value.get(\"value\") or value.get(\"message\")\n                        if not isinstance(message, str):\n                            value = message\n                            message = message.get(\"message\")\n                    else:\n                        message = value.get(\"message\", None)\n                except ValueError:\n                    pass\n    \n        exception_class: Type[WebDriverException]\n        e = ErrorCode()\n        error_codes = [item for item in dir(e) if not item.startswith(\"__\")]\n        for error_code in error_codes:\n            error_info = getattr(ErrorCode, error_code)\n            if isinstance(error_info, list) and status in error_info:\n                exception_class = getattr(ExceptionMapping, error_code, WebDriverException)\n                break\n        else:\n            exception_class = WebDriverException\n    \n        if not value:\n            value = response[\"value\"]\n        if isinstance(value, str):\n            raise exception_class(value)\n        if message == \"\" and \"message\" in value:\n            message = value[\"message\"]\n    \n        screen = None  # type: ignore[assignment]\n        if \"screen\" in value:\n            screen = value[\"screen\"]\n    \n        stacktrace = None\n        st_value = value.get(\"stackTrace\") or value.get(\"stacktrace\")\n        if st_value:\n            if isinstance(st_value, str):\n                stacktrace = st_value.split(\"\\n\")\n            else:\n                stacktrace = []\n                try:\n                    for frame in st_value:\n                        line = frame.get(\"lineNumber\", \"\")\n                        file = frame.get(\"fileName\", \"<anonymous>\")\n                        if line:\n                            file = f\"{file}:{line}\"\n                        meth = frame.get(\"methodName\", \"<anonymous>\")\n                        if \"className\" in frame:\n                            meth = f\"{frame['className']}.{meth}\"\n                        msg = \"    at %s (%s)\"\n                        msg = msg % (meth, file)\n                        stacktrace.append(msg)\n                except TypeError:\n                    pass\n        if exception_class == UnexpectedAlertPresentException:\n            alert_text = None\n            if \"data\" in value:\n                alert_text = value[\"data\"].get(\"text\")\n            elif \"alert\" in value:\n                alert_text = value[\"alert\"].get(\"text\")\n            raise exception_class(message, screen, stacktrace, alert_text)  # type: ignore[call-arg]  # mypy is not smart enough here\n>       raise exception_class(message, screen, stacktrace)\nE       selenium.common.exceptions.StaleElementReferenceException: Message: stale element reference: stale element not found in the current frame\nE         (Session info: chrome=137.0.7151.69); For documentation on this error, please visit: https://www.selenium.dev/documentation/webdriver/troubleshooting/errors#stale-element-reference-exception\nE       Stacktrace:\nE       \tGetHandleVerifier [0x0x7ff719a76f65+78965]\nE       \tGetHandleVerifier [0x0x7ff719a76fc0+79056]\nE       \t(No symbol) [0x0x7ff719809dda]\nE       \t(No symbol) [0x0x7ff7198117c1]\nE       \t(No symbol) [0x0x7ff71981482c]\nE       \t(No symbol) [0x0x7ff7198148ff]\nE       \t(No symbol) [0x0x7ff71986120a]\nE       \t(No symbol) [0x0x7ff7198612d7]\nE       \t(No symbol) [0x0x7ff719856acc]\nE       \t(No symbol) [0x0x7ff71988866a]\nE       \t(No symbol) [0x0x7ff719852b56]\nE       \t(No symbol) [0x0x7ff719888880]\nE       \t(No symbol) [0x0x7ff7198b0dbe]\nE       \t(No symbol) [0x0x7ff719888443]\nE       \t(No symbol) [0x0x7ff719851311]\nE       \t(No symbol) [0x0x7ff7198520a3]\nE       \tGetHandleVerifier [0x0x7ff719d2e26d+2926461]\nE       \tGetHandleVerifier [0x0x7ff719d28993+2903715]\nE       \tGetHandleVerifier [0x0x7ff719d46aed+3026941]\nE       \tGetHandleVerifier [0x0x7ff719a916fe+187406]\nE       \tGetHandleVerifier [0x0x7ff719a996ef+220159]\nE       \tGetHandleVerifier [0x0x7ff719a7faf4+114692]\nE       \tGetHandleVerifier [0x0x7ff719a7fca9+115129]\nE       \tGetHandleVerifier [0x0x7ff719a664d8+10728]\nE       \tBaseThreadInitThunk [0x0x7fffafcf7374+20]\nE       \tRtlUserThreadStart [0x0x7fffb071cc91+33]\n\nmyenv\\lib\\site-packages\\selenium\\webdriver\\remote\\errorhandler.py:232: StaleElementReferenceException","flaky":false,"newFailed":false,"newBroken":false,"newPassed":false,"retriesCount":1,"retriesStatusChange":false,"beforeStages":[{"name":"login_to_resourceAllocation","time":{"start":1766009047906,"stop":1766009065896,"duration":17990},"status":"passed","steps":[],"attachments":[],"parameters":[],"hasContent":false,"stepsCount":0,"attachmentStep":false,"shouldDisplayMessage":false,"attachmentsCount":0}],"testStage":{"status":"broken","statusMessage":"selenium.common.exceptions.StaleElementReferenceException: Message: stale element reference: stale element not found in the current frame\n  (Session info: chrome=137.0.7151.69); For documentation on this error, please visit: https://www.selenium.dev/documentation/webdriver/troubleshooting/errors#stale-element-reference-exception\nStacktrace:\n\tGetHandleVerifier [0x0x7ff719a76f65+78965]\n\tGetHandleVerifier [0x0x7ff719a76fc0+79056]\n\t(No symbol) [0x0x7ff719809dda]\n\t(No symbol) [0x0x7ff7198117c1]\n\t(No symbol) [0x0x7ff71981482c]\n\t(No symbol) [0x0x7ff7198148ff]\n\t(No symbol) [0x0x7ff71986120a]\n\t(No symbol) [0x0x7ff7198612d7]\n\t(No symbol) [0x0x7ff719856acc]\n\t(No symbol) [0x0x7ff71988866a]\n\t(No symbol) [0x0x7ff719852b56]\n\t(No symbol) [0x0x7ff719888880]\n\t(No symbol) [0x0x7ff7198b0dbe]\n\t(No symbol) [0x0x7ff719888443]\n\t(No symbol) [0x0x7ff719851311]\n\t(No symbol) [0x0x7ff7198520a3]\n\tGetHandleVerifier [0x0x7ff719d2e26d+2926461]\n\tGetHandleVerifier [0x0x7ff719d28993+2903715]\n\tGetHandleVerifier [0x0x7ff719d46aed+3026941]\n\tGetHandleVerifier [0x0x7ff719a916fe+187406]\n\tGetHandleVerifier [0x0x7ff719a996ef+220159]\n\tGetHandleVerifier [0x0x7ff719a7faf4+114692]\n\tGetHandleVerifier [0x0x7ff719a7fca9+115129]\n\tGetHandleVerifier [0x0x7ff719a664d8+10728]\n\tBaseThreadInitThunk [0x0x7fffafcf7374+20]\n\tRtlUserThreadStart [0x0x7fffb071cc91+33]","statusTrace":"self = <test_system.test_resourceAllocation.TestResourceAllocationPage object at 0x0000020DCCF1B880>, login_to_resourceAllocation = <selenium.webdriver.chrome.webdriver.WebDriver (session=\"17df05e3fb8ae1b1d2d944edbf19ed1e\")>\n\n    @allure.story(\"添加新资源数据，后续使用\")\n    # @pytest.mark.run(order=1)\n    def test_resourceAllocation_addresource(self, login_to_resourceAllocation):\n        driver = login_to_resourceAllocation  # WebDriver 实例\n        allocation = ResourceAllocationPage(driver)  # 用 driver 初始化 ResourceAllocationPage\n        resource = ResourcePage(driver)\n        list_ = [\"计划管理\", \"计划基础数据\", \"资源\"]\n        resource_ = ['1测试资源同步数据1', '1测试资源同步数据2']\n        for v in list_:\n            sleep(2)\n            allocation.click_button(f'(//span[text()=\"{v}\"])[1]')\n        resource.add_test_resource(f'{resource_[0]}')\n        resource.click_button(\n            '//div[@class=\"vxe-modal--footer\"]//span[text()=\"确定\"]')\n>       resource.add_test_resource(f'{resource_[1]}')\n\nTests\\test_system\\test_resourceAllocation.py:85: \n_ _ _ _ _ _ _ _ _ _ _ _ _ _ _ _ _ _ _ _ _ _ _ _ _ _ _ _ _ _ _ _ _ _ _ _ _ _ _ _ _ _ _ _ _ _ _ _ _ _ _ _ _ _ _ _ _ _ _ _ _ _ _ _ _ _ _ _ _ _ _ _ _ _ _ _ _ _ _ _ _ _ _ _ _ _ _ _ _ _ _ _ _ _ _ _ _ _ _ _ _ _ _ _ _ _ _ _ _ _ _ _ _ _ _ _\nPages\\itemsPage\\resource_page.py:92: in add_test_resource\n    self.enter_texts('(//label[text()=\"资源代码\"])[1]/parent::div//input', name)\nPages\\itemsPage\\resource_page.py:37: in enter_texts\n    self.enter_text(By.XPATH, xpath, text)\nPages\\base_page.py:103: in enter_text\n    element.send_keys(text)\nmyenv\\lib\\site-packages\\selenium\\webdriver\\remote\\webelement.py:305: in send_keys\n    self._execute(\nmyenv\\lib\\site-packages\\selenium\\webdriver\\remote\\webelement.py:574: in _execute\n    return self._parent.execute(command, params)\nmyenv\\lib\\site-packages\\selenium\\webdriver\\remote\\webdriver.py:447: in execute\n    self.error_handler.check_response(response)\n_ _ _ _ _ _ _ _ _ _ _ _ _ _ _ _ _ _ _ _ _ _ _ _ _ _ _ _ _ _ _ _ _ _ _ _ _ _ _ _ _ _ _ _ _ _ _ _ _ _ _ _ _ _ _ _ _ _ _ _ _ _ _ _ _ _ _ _ _ _ _ _ _ _ _ _ _ _ _ _ _ _ _ _ _ _ _ _ _ _ _ _ _ _ _ _ _ _ _ _ _ _ _ _ _ _ _ _ _ _ _ _ _ _ _ _\n\nself = <selenium.webdriver.remote.errorhandler.ErrorHandler object at 0x0000020DCD550370>\nresponse = {'status': 404, 'value': '{\"value\":{\"error\":\"stale element reference\",\"message\":\"stale element reference: stale elemen...ff719a664d8+10728]\\\\n\\\\tBaseThreadInitThunk [0x0x7fffafcf7374+20]\\\\n\\\\tRtlUserThreadStart [0x0x7fffb071cc91+33]\\\\n\"}}'}\n\n    def check_response(self, response: Dict[str, Any]) -> None:\n        \"\"\"Checks that a JSON response from the WebDriver does not have an\n        error.\n    \n        :Args:\n         - response - The JSON response from the WebDriver server as a dictionary\n           object.\n    \n        :Raises: If the response contains an error message.\n        \"\"\"\n        status = response.get(\"status\", None)\n        if not status or status == ErrorCode.SUCCESS:\n            return\n        value = None\n        message = response.get(\"message\", \"\")\n        screen: str = response.get(\"screen\", \"\")\n        stacktrace = None\n        if isinstance(status, int):\n            value_json = response.get(\"value\", None)\n            if value_json and isinstance(value_json, str):\n                import json\n    \n                try:\n                    value = json.loads(value_json)\n                    if len(value) == 1:\n                        value = value[\"value\"]\n                    status = value.get(\"error\", None)\n                    if not status:\n                        status = value.get(\"status\", ErrorCode.UNKNOWN_ERROR)\n                        message = value.get(\"value\") or value.get(\"message\")\n                        if not isinstance(message, str):\n                            value = message\n                            message = message.get(\"message\")\n                    else:\n                        message = value.get(\"message\", None)\n                except ValueError:\n                    pass\n    \n        exception_class: Type[WebDriverException]\n        e = ErrorCode()\n        error_codes = [item for item in dir(e) if not item.startswith(\"__\")]\n        for error_code in error_codes:\n            error_info = getattr(ErrorCode, error_code)\n            if isinstance(error_info, list) and status in error_info:\n                exception_class = getattr(ExceptionMapping, error_code, WebDriverException)\n                break\n        else:\n            exception_class = WebDriverException\n    \n        if not value:\n            value = response[\"value\"]\n        if isinstance(value, str):\n            raise exception_class(value)\n        if message == \"\" and \"message\" in value:\n            message = value[\"message\"]\n    \n        screen = None  # type: ignore[assignment]\n        if \"screen\" in value:\n            screen = value[\"screen\"]\n    \n        stacktrace = None\n        st_value = value.get(\"stackTrace\") or value.get(\"stacktrace\")\n        if st_value:\n            if isinstance(st_value, str):\n                stacktrace = st_value.split(\"\\n\")\n            else:\n                stacktrace = []\n                try:\n                    for frame in st_value:\n                        line = frame.get(\"lineNumber\", \"\")\n                        file = frame.get(\"fileName\", \"<anonymous>\")\n                        if line:\n                            file = f\"{file}:{line}\"\n                        meth = frame.get(\"methodName\", \"<anonymous>\")\n                        if \"className\" in frame:\n                            meth = f\"{frame['className']}.{meth}\"\n                        msg = \"    at %s (%s)\"\n                        msg = msg % (meth, file)\n                        stacktrace.append(msg)\n                except TypeError:\n                    pass\n        if exception_class == UnexpectedAlertPresentException:\n            alert_text = None\n            if \"data\" in value:\n                alert_text = value[\"data\"].get(\"text\")\n            elif \"alert\" in value:\n                alert_text = value[\"alert\"].get(\"text\")\n            raise exception_class(message, screen, stacktrace, alert_text)  # type: ignore[call-arg]  # mypy is not smart enough here\n>       raise exception_class(message, screen, stacktrace)\nE       selenium.common.exceptions.StaleElementReferenceException: Message: stale element reference: stale element not found in the current frame\nE         (Session info: chrome=137.0.7151.69); For documentation on this error, please visit: https://www.selenium.dev/documentation/webdriver/troubleshooting/errors#stale-element-reference-exception\nE       Stacktrace:\nE       \tGetHandleVerifier [0x0x7ff719a76f65+78965]\nE       \tGetHandleVerifier [0x0x7ff719a76fc0+79056]\nE       \t(No symbol) [0x0x7ff719809dda]\nE       \t(No symbol) [0x0x7ff7198117c1]\nE       \t(No symbol) [0x0x7ff71981482c]\nE       \t(No symbol) [0x0x7ff7198148ff]\nE       \t(No symbol) [0x0x7ff71986120a]\nE       \t(No symbol) [0x0x7ff7198612d7]\nE       \t(No symbol) [0x0x7ff719856acc]\nE       \t(No symbol) [0x0x7ff71988866a]\nE       \t(No symbol) [0x0x7ff719852b56]\nE       \t(No symbol) [0x0x7ff719888880]\nE       \t(No symbol) [0x0x7ff7198b0dbe]\nE       \t(No symbol) [0x0x7ff719888443]\nE       \t(No symbol) [0x0x7ff719851311]\nE       \t(No symbol) [0x0x7ff7198520a3]\nE       \tGetHandleVerifier [0x0x7ff719d2e26d+2926461]\nE       \tGetHandleVerifier [0x0x7ff719d28993+2903715]\nE       \tGetHandleVerifier [0x0x7ff719d46aed+3026941]\nE       \tGetHandleVerifier [0x0x7ff719a916fe+187406]\nE       \tGetHandleVerifier [0x0x7ff719a996ef+220159]\nE       \tGetHandleVerifier [0x0x7ff719a7faf4+114692]\nE       \tGetHandleVerifier [0x0x7ff719a7fca9+115129]\nE       \tGetHandleVerifier [0x0x7ff719a664d8+10728]\nE       \tBaseThreadInitThunk [0x0x7fffafcf7374+20]\nE       \tRtlUserThreadStart [0x0x7fffb071cc91+33]\n\nmyenv\\lib\\site-packages\\selenium\\webdriver\\remote\\errorhandler.py:232: StaleElementReferenceException","steps":[],"attachments":[{"uid":"d8e77786a9a7e6d3","name":"test_resourceAllocation_addresource","source":"d8e77786a9a7e6d3.png","type":"image/png","size":122477},{"uid":"4d97a4c13f2e980d","name":"log","source":"4d97a4c13f2e980d.txt","type":"text/plain","size":9385}],"parameters":[],"hasContent":true,"stepsCount":0,"attachmentStep":false,"shouldDisplayMessage":true,"attachmentsCount":2},"afterStages":[{"name":"login_to_resourceAllocation::0","time":{"start":1766009077345,"stop":1766009079509,"duration":2164},"status":"passed","steps":[],"attachments":[],"parameters":[],"hasContent":false,"stepsCount":0,"attachmentStep":false,"shouldDisplayMessage":false,"attachmentsCount":0}],"labels":[{"name":"feature","value":"配置同步页用例"},{"name":"story","value":"添加新资源数据，后续使用"},{"name":"parentSuite","value":"Tests.test_system"},{"name":"suite","value":"test_resourceAllocation"},{"name":"subSuite","value":"TestResourceAllocationPage"},{"name":"host","value":"WIN-20240820MJV"},{"name":"thread","value":"26220-MainThread"},{"name":"framework","value":"pytest"},{"name":"language","value":"cpython3"},{"name":"package","value":"Tests.test_system.test_resourceAllocation"},{"name":"resultFormat","value":"allure2"}],"parameters":[],"links":[],"hidden":false,"retry":false,"extra":{"severity":"normal","retries":[{"uid":"884e805d1e2297cc","status":"broken","statusDetails":"selenium.common.exceptions.StaleElementReferenceException: Message: stale element reference: stale element not found in the current frame\n  (Session info: chrome=137.0.7151.69); For documentation on this error, please visit: https://www.selenium.dev/documentation/webdriver/troubleshooting/errors#stale-element-reference-exception\nStacktrace:\n\tGetHandleVerifier [0x0x7ff719a76f65+78965]\n\tGetHandleVerifier [0x0x7ff719a76fc0+79056]\n\t(No symbol) [0x0x7ff719809dda]\n\t(No symbol) [0x0x7ff7198117c1]\n\t(No symbol) [0x0x7ff71981482c]\n\t(No symbol) [0x0x7ff7198148ff]\n\t(No symbol) [0x0x7ff71986120a]\n\t(No symbol) [0x0x7ff7198612d7]\n\t(No symbol) [0x0x7ff719856acc]\n\t(No symbol) [0x0x7ff71988866a]\n\t(No symbol) [0x0x7ff719852b56]\n\t(No symbol) [0x0x7ff719888880]\n\t(No symbol) [0x0x7ff7198b0dbe]\n\t(No symbol) [0x0x7ff719888443]\n\t(No symbol) [0x0x7ff719851311]\n\t(No symbol) [0x0x7ff7198520a3]\n\tGetHandleVerifier [0x0x7ff719d2e26d+2926461]\n\tGetHandleVerifier [0x0x7ff719d28993+2903715]\n\tGetHandleVerifier [0x0x7ff719d46aed+3026941]\n\tGetHandleVerifier [0x0x7ff719a916fe+187406]\n\tGetHandleVerifier [0x0x7ff719a996ef+220159]\n\tGetHandleVerifier [0x0x7ff719a7faf4+114692]\n\tGetHandleVerifier [0x0x7ff719a7fca9+115129]\n\tGetHandleVerifier [0x0x7ff719a664d8+10728]\n\tBaseThreadInitThunk [0x0x7fffafcf7374+20]\n\tRtlUserThreadStart [0x0x7fffb071cc91+33]","time":{"start":1766009034025,"stop":1766009045613,"duration":11588}}],"categories":[{"name":"Test defects","matchedStatuses":[]}],"tags":[]},"source":"c697b1c9de30f4ae.json","parameterValues":[]}