{"uid":"c7ef14f0a0bf4b33","name":"test_affairs_log_sel2","fullName":"Tests.test_system.test_affairs.TestAffairsPage#test_affairs_log_sel2","historyId":"5ff216c773eb8cc05e55221fa518b63d","time":{"start":1765569216153,"stop":1765569223397,"duration":7244},"status":"broken","statusMessage":"selenium.common.exceptions.StaleElementReferenceException: Message: stale element reference: stale element not found in the current frame\n  (Session info: chrome=137.0.7151.69); For documentation on this error, please visit: https://www.selenium.dev/documentation/webdriver/troubleshooting/errors#stale-element-reference-exception\nStacktrace:\n\tGetHandleVerifier [0x0x7ff643446f65+78965]\n\tGetHandleVerifier [0x0x7ff643446fc0+79056]\n\t(No symbol) [0x0x7ff6431d9dda]\n\t(No symbol) [0x0x7ff6431e17c1]\n\t(No symbol) [0x0x7ff6431e482c]\n\t(No symbol) [0x0x7ff6431e48ff]\n\t(No symbol) [0x0x7ff643229d76]\n\t(No symbol) [0x0x7ff64325866a]\n\t(No symbol) [0x0x7ff643222b56]\n\t(No symbol) [0x0x7ff643258880]\n\t(No symbol) [0x0x7ff643280dbe]\n\t(No symbol) [0x0x7ff643258443]\n\t(No symbol) [0x0x7ff643221311]\n\t(No symbol) [0x0x7ff6432220a3]\n\tGetHandleVerifier [0x0x7ff6436fe26d+2926461]\n\tGetHandleVerifier [0x0x7ff6436f8993+2903715]\n\tGetHandleVerifier [0x0x7ff643716aed+3026941]\n\tGetHandleVerifier [0x0x7ff6434616fe+187406]\n\tGetHandleVerifier [0x0x7ff6434696ef+220159]\n\tGetHandleVerifier [0x0x7ff64344faf4+114692]\n\tGetHandleVerifier [0x0x7ff64344fca9+115129]\n\tGetHandleVerifier [0x0x7ff6434364d8+10728]\n\tBaseThreadInitThunk [0x0x7fffe9d37374+20]\n\tRtlUserThreadStart [0x0x7fffeb09cc91+33]","statusTrace":"self = <test_system.test_affairs.TestAffairsPage object at 0x00000194FDB10430>, login_to_affairs = <selenium.webdriver.chrome.webdriver.WebDriver (session=\"834ca9dde319d64ca308a1238c465edd\")>\n\n    @allure.story(\"流程日志-执行执行状态执行成功搜索成功\")\n    def test_affairs_log_sel2(self, login_to_affairs):\n        driver = login_to_affairs  # WebDriver 实例\n        affairs = AffairsPage(driver)  # 用 driver 初始化 AffairsPage\n        ptype = \"执行成功\"\n        num = 1000\n        affairs.click_process_log()\n        affairs.click_paging(num)\n        sleep(1)\n        affairs.sel_log_all(ptype=ptype)\n        list_ = []\n        cells = driver.find_elements(By.XPATH, '(//table[@class=\"el-table__body\"])[2]//tr/td[1]')\n        for cell in cells:\n>           list_.append(cell.text)\n\nTests\\test_system\\test_affairs.py:1359: \n_ _ _ _ _ _ _ _ _ _ _ _ _ _ _ _ _ _ _ _ _ _ _ _ _ _ _ _ _ _ _ _ _ _ _ _ _ _ _ _ _ _ _ _ _ _ _ _ _ _ _ _ _ _ _ _ _ _ _ _ _ _ _ _ _ _ _ _ _ _ _ _ _ _ _ _ _ _ _ _ _ _ _ _ _ _ _ _ _ _ _ _ _ _ _ _ _ _ _ _ _ _ _ _ _ _ _ _ _ _ _ _ _ _ _ _\nmyenv\\lib\\site-packages\\selenium\\webdriver\\remote\\webelement.py:111: in text\n    return self._execute(Command.GET_ELEMENT_TEXT)[\"value\"]\nmyenv\\lib\\site-packages\\selenium\\webdriver\\remote\\webelement.py:574: in _execute\n    return self._parent.execute(command, params)\nmyenv\\lib\\site-packages\\selenium\\webdriver\\remote\\webdriver.py:447: in execute\n    self.error_handler.check_response(response)\n_ _ _ _ _ _ _ _ _ _ _ _ _ _ _ _ _ _ _ _ _ _ _ _ _ _ _ _ _ _ _ _ _ _ _ _ _ _ _ _ _ _ _ _ _ _ _ _ _ _ _ _ _ _ _ _ _ _ _ _ _ _ _ _ _ _ _ _ _ _ _ _ _ _ _ _ _ _ _ _ _ _ _ _ _ _ _ _ _ _ _ _ _ _ _ _ _ _ _ _ _ _ _ _ _ _ _ _ _ _ _ _ _ _ _ _\n\nself = <selenium.webdriver.remote.errorhandler.ErrorHandler object at 0x00000194FE2243D0>\nresponse = {'status': 404, 'value': '{\"value\":{\"error\":\"stale element reference\",\"message\":\"stale element reference: stale elemen...ff6434364d8+10728]\\\\n\\\\tBaseThreadInitThunk [0x0x7fffe9d37374+20]\\\\n\\\\tRtlUserThreadStart [0x0x7fffeb09cc91+33]\\\\n\"}}'}\n\n    def check_response(self, response: Dict[str, Any]) -> None:\n        \"\"\"Checks that a JSON response from the WebDriver does not have an\n        error.\n    \n        :Args:\n         - response - The JSON response from the WebDriver server as a dictionary\n           object.\n    \n        :Raises: If the response contains an error message.\n        \"\"\"\n        status = response.get(\"status\", None)\n        if not status or status == ErrorCode.SUCCESS:\n            return\n        value = None\n        message = response.get(\"message\", \"\")\n        screen: str = response.get(\"screen\", \"\")\n        stacktrace = None\n        if isinstance(status, int):\n            value_json = response.get(\"value\", None)\n            if value_json and isinstance(value_json, str):\n                import json\n    \n                try:\n                    value = json.loads(value_json)\n                    if len(value) == 1:\n                        value = value[\"value\"]\n                    status = value.get(\"error\", None)\n                    if not status:\n                        status = value.get(\"status\", ErrorCode.UNKNOWN_ERROR)\n                        message = value.get(\"value\") or value.get(\"message\")\n                        if not isinstance(message, str):\n                            value = message\n                            message = message.get(\"message\")\n                    else:\n                        message = value.get(\"message\", None)\n                except ValueError:\n                    pass\n    \n        exception_class: Type[WebDriverException]\n        e = ErrorCode()\n        error_codes = [item for item in dir(e) if not item.startswith(\"__\")]\n        for error_code in error_codes:\n            error_info = getattr(ErrorCode, error_code)\n            if isinstance(error_info, list) and status in error_info:\n                exception_class = getattr(ExceptionMapping, error_code, WebDriverException)\n                break\n        else:\n            exception_class = WebDriverException\n    \n        if not value:\n            value = response[\"value\"]\n        if isinstance(value, str):\n            raise exception_class(value)\n        if message == \"\" and \"message\" in value:\n            message = value[\"message\"]\n    \n        screen = None  # type: ignore[assignment]\n        if \"screen\" in value:\n            screen = value[\"screen\"]\n    \n        stacktrace = None\n        st_value = value.get(\"stackTrace\") or value.get(\"stacktrace\")\n        if st_value:\n            if isinstance(st_value, str):\n                stacktrace = st_value.split(\"\\n\")\n            else:\n                stacktrace = []\n                try:\n                    for frame in st_value:\n                        line = frame.get(\"lineNumber\", \"\")\n                        file = frame.get(\"fileName\", \"<anonymous>\")\n                        if line:\n                            file = f\"{file}:{line}\"\n                        meth = frame.get(\"methodName\", \"<anonymous>\")\n                        if \"className\" in frame:\n                            meth = f\"{frame['className']}.{meth}\"\n                        msg = \"    at %s (%s)\"\n                        msg = msg % (meth, file)\n                        stacktrace.append(msg)\n                except TypeError:\n                    pass\n        if exception_class == UnexpectedAlertPresentException:\n            alert_text = None\n            if \"data\" in value:\n                alert_text = value[\"data\"].get(\"text\")\n            elif \"alert\" in value:\n                alert_text = value[\"alert\"].get(\"text\")\n            raise exception_class(message, screen, stacktrace, alert_text)  # type: ignore[call-arg]  # mypy is not smart enough here\n>       raise exception_class(message, screen, stacktrace)\nE       selenium.common.exceptions.StaleElementReferenceException: Message: stale element reference: stale element not found in the current frame\nE         (Session info: chrome=137.0.7151.69); For documentation on this error, please visit: https://www.selenium.dev/documentation/webdriver/troubleshooting/errors#stale-element-reference-exception\nE       Stacktrace:\nE       \tGetHandleVerifier [0x0x7ff643446f65+78965]\nE       \tGetHandleVerifier [0x0x7ff643446fc0+79056]\nE       \t(No symbol) [0x0x7ff6431d9dda]\nE       \t(No symbol) [0x0x7ff6431e17c1]\nE       \t(No symbol) [0x0x7ff6431e482c]\nE       \t(No symbol) [0x0x7ff6431e48ff]\nE       \t(No symbol) [0x0x7ff643229d76]\nE       \t(No symbol) [0x0x7ff64325866a]\nE       \t(No symbol) [0x0x7ff643222b56]\nE       \t(No symbol) [0x0x7ff643258880]\nE       \t(No symbol) [0x0x7ff643280dbe]\nE       \t(No symbol) [0x0x7ff643258443]\nE       \t(No symbol) [0x0x7ff643221311]\nE       \t(No symbol) [0x0x7ff6432220a3]\nE       \tGetHandleVerifier [0x0x7ff6436fe26d+2926461]\nE       \tGetHandleVerifier [0x0x7ff6436f8993+2903715]\nE       \tGetHandleVerifier [0x0x7ff643716aed+3026941]\nE       \tGetHandleVerifier [0x0x7ff6434616fe+187406]\nE       \tGetHandleVerifier [0x0x7ff6434696ef+220159]\nE       \tGetHandleVerifier [0x0x7ff64344faf4+114692]\nE       \tGetHandleVerifier [0x0x7ff64344fca9+115129]\nE       \tGetHandleVerifier [0x0x7ff6434364d8+10728]\nE       \tBaseThreadInitThunk [0x0x7fffe9d37374+20]\nE       \tRtlUserThreadStart [0x0x7fffeb09cc91+33]\n\nmyenv\\lib\\site-packages\\selenium\\webdriver\\remote\\errorhandler.py:232: StaleElementReferenceException","flaky":false,"newFailed":false,"newBroken":false,"newPassed":false,"retriesCount":0,"retriesStatusChange":false,"beforeStages":[{"name":"login_to_affairs","time":{"start":1765569203452,"stop":1765569216153,"duration":12701},"status":"passed","steps":[],"attachments":[],"parameters":[],"hasContent":false,"attachmentStep":false,"stepsCount":0,"attachmentsCount":0,"shouldDisplayMessage":false}],"testStage":{"status":"broken","statusMessage":"selenium.common.exceptions.StaleElementReferenceException: Message: stale element reference: stale element not found in the current frame\n  (Session info: chrome=137.0.7151.69); For documentation on this error, please visit: https://www.selenium.dev/documentation/webdriver/troubleshooting/errors#stale-element-reference-exception\nStacktrace:\n\tGetHandleVerifier [0x0x7ff643446f65+78965]\n\tGetHandleVerifier [0x0x7ff643446fc0+79056]\n\t(No symbol) [0x0x7ff6431d9dda]\n\t(No symbol) [0x0x7ff6431e17c1]\n\t(No symbol) [0x0x7ff6431e482c]\n\t(No symbol) [0x0x7ff6431e48ff]\n\t(No symbol) [0x0x7ff643229d76]\n\t(No symbol) [0x0x7ff64325866a]\n\t(No symbol) [0x0x7ff643222b56]\n\t(No symbol) [0x0x7ff643258880]\n\t(No symbol) [0x0x7ff643280dbe]\n\t(No symbol) [0x0x7ff643258443]\n\t(No symbol) [0x0x7ff643221311]\n\t(No symbol) [0x0x7ff6432220a3]\n\tGetHandleVerifier [0x0x7ff6436fe26d+2926461]\n\tGetHandleVerifier [0x0x7ff6436f8993+2903715]\n\tGetHandleVerifier [0x0x7ff643716aed+3026941]\n\tGetHandleVerifier [0x0x7ff6434616fe+187406]\n\tGetHandleVerifier [0x0x7ff6434696ef+220159]\n\tGetHandleVerifier [0x0x7ff64344faf4+114692]\n\tGetHandleVerifier [0x0x7ff64344fca9+115129]\n\tGetHandleVerifier [0x0x7ff6434364d8+10728]\n\tBaseThreadInitThunk [0x0x7fffe9d37374+20]\n\tRtlUserThreadStart [0x0x7fffeb09cc91+33]","statusTrace":"self = <test_system.test_affairs.TestAffairsPage object at 0x00000194FDB10430>, login_to_affairs = <selenium.webdriver.chrome.webdriver.WebDriver (session=\"834ca9dde319d64ca308a1238c465edd\")>\n\n    @allure.story(\"流程日志-执行执行状态执行成功搜索成功\")\n    def test_affairs_log_sel2(self, login_to_affairs):\n        driver = login_to_affairs  # WebDriver 实例\n        affairs = AffairsPage(driver)  # 用 driver 初始化 AffairsPage\n        ptype = \"执行成功\"\n        num = 1000\n        affairs.click_process_log()\n        affairs.click_paging(num)\n        sleep(1)\n        affairs.sel_log_all(ptype=ptype)\n        list_ = []\n        cells = driver.find_elements(By.XPATH, '(//table[@class=\"el-table__body\"])[2]//tr/td[1]')\n        for cell in cells:\n>           list_.append(cell.text)\n\nTests\\test_system\\test_affairs.py:1359: \n_ _ _ _ _ _ _ _ _ _ _ _ _ _ _ _ _ _ _ _ _ _ _ _ _ _ _ _ _ _ _ _ _ _ _ _ _ _ _ _ _ _ _ _ _ _ _ _ _ _ _ _ _ _ _ _ _ _ _ _ _ _ _ _ _ _ _ _ _ _ _ _ _ _ _ _ _ _ _ _ _ _ _ _ _ _ _ _ _ _ _ _ _ _ _ _ _ _ _ _ _ _ _ _ _ _ _ _ _ _ _ _ _ _ _ _\nmyenv\\lib\\site-packages\\selenium\\webdriver\\remote\\webelement.py:111: in text\n    return self._execute(Command.GET_ELEMENT_TEXT)[\"value\"]\nmyenv\\lib\\site-packages\\selenium\\webdriver\\remote\\webelement.py:574: in _execute\n    return self._parent.execute(command, params)\nmyenv\\lib\\site-packages\\selenium\\webdriver\\remote\\webdriver.py:447: in execute\n    self.error_handler.check_response(response)\n_ _ _ _ _ _ _ _ _ _ _ _ _ _ _ _ _ _ _ _ _ _ _ _ _ _ _ _ _ _ _ _ _ _ _ _ _ _ _ _ _ _ _ _ _ _ _ _ _ _ _ _ _ _ _ _ _ _ _ _ _ _ _ _ _ _ _ _ _ _ _ _ _ _ _ _ _ _ _ _ _ _ _ _ _ _ _ _ _ _ _ _ _ _ _ _ _ _ _ _ _ _ _ _ _ _ _ _ _ _ _ _ _ _ _ _\n\nself = <selenium.webdriver.remote.errorhandler.ErrorHandler object at 0x00000194FE2243D0>\nresponse = {'status': 404, 'value': '{\"value\":{\"error\":\"stale element reference\",\"message\":\"stale element reference: stale elemen...ff6434364d8+10728]\\\\n\\\\tBaseThreadInitThunk [0x0x7fffe9d37374+20]\\\\n\\\\tRtlUserThreadStart [0x0x7fffeb09cc91+33]\\\\n\"}}'}\n\n    def check_response(self, response: Dict[str, Any]) -> None:\n        \"\"\"Checks that a JSON response from the WebDriver does not have an\n        error.\n    \n        :Args:\n         - response - The JSON response from the WebDriver server as a dictionary\n           object.\n    \n        :Raises: If the response contains an error message.\n        \"\"\"\n        status = response.get(\"status\", None)\n        if not status or status == ErrorCode.SUCCESS:\n            return\n        value = None\n        message = response.get(\"message\", \"\")\n        screen: str = response.get(\"screen\", \"\")\n        stacktrace = None\n        if isinstance(status, int):\n            value_json = response.get(\"value\", None)\n            if value_json and isinstance(value_json, str):\n                import json\n    \n                try:\n                    value = json.loads(value_json)\n                    if len(value) == 1:\n                        value = value[\"value\"]\n                    status = value.get(\"error\", None)\n                    if not status:\n                        status = value.get(\"status\", ErrorCode.UNKNOWN_ERROR)\n                        message = value.get(\"value\") or value.get(\"message\")\n                        if not isinstance(message, str):\n                            value = message\n                            message = message.get(\"message\")\n                    else:\n                        message = value.get(\"message\", None)\n                except ValueError:\n                    pass\n    \n        exception_class: Type[WebDriverException]\n        e = ErrorCode()\n        error_codes = [item for item in dir(e) if not item.startswith(\"__\")]\n        for error_code in error_codes:\n            error_info = getattr(ErrorCode, error_code)\n            if isinstance(error_info, list) and status in error_info:\n                exception_class = getattr(ExceptionMapping, error_code, WebDriverException)\n                break\n        else:\n            exception_class = WebDriverException\n    \n        if not value:\n            value = response[\"value\"]\n        if isinstance(value, str):\n            raise exception_class(value)\n        if message == \"\" and \"message\" in value:\n            message = value[\"message\"]\n    \n        screen = None  # type: ignore[assignment]\n        if \"screen\" in value:\n            screen = value[\"screen\"]\n    \n        stacktrace = None\n        st_value = value.get(\"stackTrace\") or value.get(\"stacktrace\")\n        if st_value:\n            if isinstance(st_value, str):\n                stacktrace = st_value.split(\"\\n\")\n            else:\n                stacktrace = []\n                try:\n                    for frame in st_value:\n                        line = frame.get(\"lineNumber\", \"\")\n                        file = frame.get(\"fileName\", \"<anonymous>\")\n                        if line:\n                            file = f\"{file}:{line}\"\n                        meth = frame.get(\"methodName\", \"<anonymous>\")\n                        if \"className\" in frame:\n                            meth = f\"{frame['className']}.{meth}\"\n                        msg = \"    at %s (%s)\"\n                        msg = msg % (meth, file)\n                        stacktrace.append(msg)\n                except TypeError:\n                    pass\n        if exception_class == UnexpectedAlertPresentException:\n            alert_text = None\n            if \"data\" in value:\n                alert_text = value[\"data\"].get(\"text\")\n            elif \"alert\" in value:\n                alert_text = value[\"alert\"].get(\"text\")\n            raise exception_class(message, screen, stacktrace, alert_text)  # type: ignore[call-arg]  # mypy is not smart enough here\n>       raise exception_class(message, screen, stacktrace)\nE       selenium.common.exceptions.StaleElementReferenceException: Message: stale element reference: stale element not found in the current frame\nE         (Session info: chrome=137.0.7151.69); For documentation on this error, please visit: https://www.selenium.dev/documentation/webdriver/troubleshooting/errors#stale-element-reference-exception\nE       Stacktrace:\nE       \tGetHandleVerifier [0x0x7ff643446f65+78965]\nE       \tGetHandleVerifier [0x0x7ff643446fc0+79056]\nE       \t(No symbol) [0x0x7ff6431d9dda]\nE       \t(No symbol) [0x0x7ff6431e17c1]\nE       \t(No symbol) [0x0x7ff6431e482c]\nE       \t(No symbol) [0x0x7ff6431e48ff]\nE       \t(No symbol) [0x0x7ff643229d76]\nE       \t(No symbol) [0x0x7ff64325866a]\nE       \t(No symbol) [0x0x7ff643222b56]\nE       \t(No symbol) [0x0x7ff643258880]\nE       \t(No symbol) [0x0x7ff643280dbe]\nE       \t(No symbol) [0x0x7ff643258443]\nE       \t(No symbol) [0x0x7ff643221311]\nE       \t(No symbol) [0x0x7ff6432220a3]\nE       \tGetHandleVerifier [0x0x7ff6436fe26d+2926461]\nE       \tGetHandleVerifier [0x0x7ff6436f8993+2903715]\nE       \tGetHandleVerifier [0x0x7ff643716aed+3026941]\nE       \tGetHandleVerifier [0x0x7ff6434616fe+187406]\nE       \tGetHandleVerifier [0x0x7ff6434696ef+220159]\nE       \tGetHandleVerifier [0x0x7ff64344faf4+114692]\nE       \tGetHandleVerifier [0x0x7ff64344fca9+115129]\nE       \tGetHandleVerifier [0x0x7ff6434364d8+10728]\nE       \tBaseThreadInitThunk [0x0x7fffe9d37374+20]\nE       \tRtlUserThreadStart [0x0x7fffeb09cc91+33]\n\nmyenv\\lib\\site-packages\\selenium\\webdriver\\remote\\errorhandler.py:232: StaleElementReferenceException","steps":[],"attachments":[{"uid":"72412cc44007bb32","name":"test_affairs_log_sel2","source":"72412cc44007bb32.png","type":"image/png","size":67054},{"uid":"cc3e9d2bc495cdd1","name":"log","source":"cc3e9d2bc495cdd1.txt","type":"text/plain","size":2162}],"parameters":[],"hasContent":true,"attachmentStep":false,"stepsCount":0,"attachmentsCount":2,"shouldDisplayMessage":true},"afterStages":[{"name":"login_to_affairs::0","time":{"start":1765569223565,"stop":1765569225744,"duration":2179},"status":"passed","steps":[],"attachments":[],"parameters":[],"hasContent":false,"attachmentStep":false,"stepsCount":0,"attachmentsCount":0,"shouldDisplayMessage":false}],"labels":[{"name":"story","value":"流程日志-执行执行状态执行成功搜索成功"},{"name":"feature","value":"事务管理页用例"},{"name":"parentSuite","value":"Tests.test_system"},{"name":"suite","value":"test_affairs"},{"name":"subSuite","value":"TestAffairsPage"},{"name":"host","value":"WIN-20240820MJV"},{"name":"thread","value":"25228-MainThread"},{"name":"framework","value":"pytest"},{"name":"language","value":"cpython3"},{"name":"package","value":"Tests.test_system.test_affairs"},{"name":"resultFormat","value":"allure2"}],"parameters":[],"links":[],"hidden":true,"retry":true,"extra":{"categories":[],"tags":[]},"source":"c7ef14f0a0bf4b33.json","parameterValues":[]}