{"uid":"c81c0237e3076335","name":"test_synchronize_all_import2","fullName":"Tests.test_system.test_synchronize.TestSynchronizePage#test_synchronize_all_import2","historyId":"07bb02cd68920c84d1a806d8bb3ba89e","time":{"start":1761853511108,"stop":1761853529065,"duration":17957},"status":"failed","statusMessage":"AssertionError: 未找到或找到多个1同步导入3\nassert 0 == 1\n +  where 0 = len([])","statusTrace":"self = <test_system.test_synchronize.TestSynchronizePage object at 0x0000021E173A2620>, login_to_synchronize = <selenium.webdriver.chrome.webdriver.WebDriver (session=\"b22e99d96c9424dd0486ae336f8c8705\")>\n\n    @allure.story(\"同步1个数据导入到多个计划单元成功\")\n    # @pytest.mark.run(order=1)\n    def test_synchronize_all_import2(self, login_to_synchronize):\n        driver = login_to_synchronize  # WebDriver 实例\n        synchronize = SynchronizePage(driver)  # 用 driver 初始化 SynchronizePage\n        import_name = [\n            \"1同步导入3\",\n        ]\n        plan_names = [\n            \"1测试计划单元标准\",\n            \"1测试A\",\n        ]\n        synchronize.click_checkbox_value(import_name, plan_names, \"4\")\n        synchronize.click_synchronize_button()\n        synchronize.click_synchronize_pop(True)\n        message = synchronize.get_find_message()\n        synchronize.switch_plane(plan_names[0], 4)\n        synchronize.click_button('//input[@class=\"ivu-select-input\" and @placeholder=\"请选择\"]')\n        for name in import_name:\n            elements = synchronize.finds_elements(\n                By.XPATH,\n                f'//div[@class=\"d-alIt-ba cursor-pointer m-l-22 col-black font14\"]//li[text()=\"{name}\"]'\n            )\n>           assert len(elements) == 1, f\"未找到或找到多个{name}\"\nE           AssertionError: 未找到或找到多个1同步导入3\nE           assert 0 == 1\nE            +  where 0 = len([])\n\nTests\\test_system\\test_synchronize.py:475: AssertionError","flaky":false,"newFailed":false,"newBroken":false,"newPassed":false,"retriesCount":0,"retriesStatusChange":false,"beforeStages":[{"name":"login_to_synchronize","time":{"start":1761853495162,"stop":1761853511107,"duration":15945},"status":"passed","steps":[],"attachments":[],"parameters":[],"hasContent":false,"attachmentStep":false,"stepsCount":0,"shouldDisplayMessage":false,"attachmentsCount":0}],"testStage":{"status":"failed","statusMessage":"AssertionError: 未找到或找到多个1同步导入3\nassert 0 == 1\n +  where 0 = len([])","statusTrace":"self = <test_system.test_synchronize.TestSynchronizePage object at 0x0000021E173A2620>, login_to_synchronize = <selenium.webdriver.chrome.webdriver.WebDriver (session=\"b22e99d96c9424dd0486ae336f8c8705\")>\n\n    @allure.story(\"同步1个数据导入到多个计划单元成功\")\n    # @pytest.mark.run(order=1)\n    def test_synchronize_all_import2(self, login_to_synchronize):\n        driver = login_to_synchronize  # WebDriver 实例\n        synchronize = SynchronizePage(driver)  # 用 driver 初始化 SynchronizePage\n        import_name = [\n            \"1同步导入3\",\n        ]\n        plan_names = [\n            \"1测试计划单元标准\",\n            \"1测试A\",\n        ]\n        synchronize.click_checkbox_value(import_name, plan_names, \"4\")\n        synchronize.click_synchronize_button()\n        synchronize.click_synchronize_pop(True)\n        message = synchronize.get_find_message()\n        synchronize.switch_plane(plan_names[0], 4)\n        synchronize.click_button('//input[@class=\"ivu-select-input\" and @placeholder=\"请选择\"]')\n        for name in import_name:\n            elements = synchronize.finds_elements(\n                By.XPATH,\n                f'//div[@class=\"d-alIt-ba cursor-pointer m-l-22 col-black font14\"]//li[text()=\"{name}\"]'\n            )\n>           assert len(elements) == 1, f\"未找到或找到多个{name}\"\nE           AssertionError: 未找到或找到多个1同步导入3\nE           assert 0 == 1\nE            +  where 0 = len([])\n\nTests\\test_system\\test_synchronize.py:475: AssertionError","steps":[],"attachments":[{"uid":"ba13be3edc028205","name":"test_synchronize_all_import2_failure","source":"ba13be3edc028205.png","type":"image/png","size":46680},{"uid":"9b63853823534126","name":"test_synchronize_all_import2_source","source":"9b63853823534126.html","type":"text/html","size":1085812},{"uid":"4ca835599fbadf5f","name":"log","source":"4ca835599fbadf5f.txt","type":"text/plain","size":3929}],"parameters":[],"hasContent":true,"attachmentStep":false,"stepsCount":0,"shouldDisplayMessage":true,"attachmentsCount":3},"afterStages":[{"name":"login_to_synchronize::0","time":{"start":1761853529222,"stop":1761853531403,"duration":2181},"status":"passed","steps":[],"attachments":[],"parameters":[],"hasContent":false,"attachmentStep":false,"stepsCount":0,"shouldDisplayMessage":false,"attachmentsCount":0}],"labels":[{"name":"story","value":"同步1个数据导入到多个计划单元成功"},{"name":"feature","value":"配置同步页用例"},{"name":"parentSuite","value":"Tests.test_system"},{"name":"suite","value":"test_synchronize"},{"name":"subSuite","value":"TestSynchronizePage"},{"name":"host","value":"WIN-20240820MJV"},{"name":"thread","value":"23908-MainThread"},{"name":"framework","value":"pytest"},{"name":"language","value":"cpython3"},{"name":"package","value":"Tests.test_system.test_synchronize"},{"name":"resultFormat","value":"allure2"}],"parameters":[],"links":[],"hidden":true,"retry":true,"extra":{"categories":[],"tags":[]},"source":"c81c0237e3076335.json","parameterValues":[]}