{"uid":"ca34ccdea43af995","name":"test_production_editsele","fullName":"Tests.test_items.test_production.TestProductionPage#test_production_editsele","historyId":"12298516f1b2972c7bd37428d94520b1","time":{"start":1763396168351,"stop":1763396178719,"duration":10368},"status":"broken","statusMessage":"selenium.common.exceptions.TimeoutException: Message: 点击失败，找不到元素：xpath = //tr[./td[2]//span[text()=\"1测试C订单:2\"]]/td[6]","statusTrace":"self = <Pages.itemsPage.production_page.ProductionPage object at 0x000001961CC71000>, by_or_element = 'xpath', value = '//tr[./td[2]//span[text()=\"1测试C订单:2\"]]/td[6]', wait_time = 10, retries = 2\n\n    def click(self, by_or_element, value=None, wait_time=10, retries=2):\n        \"\"\"\n        更稳健的点击方法：支持定位符或 WebElement，自动处理 stale 元素、点击拦截等问题。\n        \"\"\"\n        for attempt in range(retries):\n            try:\n                if value is not None:\n                    by = by_or_element\n                    logging.info(f\"点击元素：By = {by}, Value = {value}\")\n>                   element = WebDriverWait(self.driver, wait_time).until(\n                        EC.element_to_be_clickable((by, value))\n                    )\n\nPages\\base_page.py:49: \n_ _ _ _ _ _ _ _ _ _ _ _ _ _ _ _ _ _ _ _ _ _ _ _ _ _ _ _ _ _ _ _ _ _ _ _ _ _ _ _ _ _ _ _ _ _ _ _ _ _ _ _ _ _ _ _ _ _ _ _ _ _ _ _ _ _ _ _ _ _ _ _ _ _ _ _ _ _ _ _ _ _ _ _ _ _ _ _ _ _ _ _ _ _ _ _ _ _ _ _ _ _ _ _ _ _ _ _ _ _ _ _ _ _ _ _\n\nself = <selenium.webdriver.support.wait.WebDriverWait (session=\"6783a117baf3e5fb518a445c209da53f\")>, method = <function element_to_be_clickable.<locals>._predicate at 0x000001961CD43AC0>, message = ''\n\n    def until(self, method: Callable[[D], Union[Literal[False], T]], message: str = \"\") -> T:\n        \"\"\"Wait until the method returns a value that is not False.\n    \n        Calls the method provided with the driver as an argument until the\n        return value does not evaluate to ``False``.\n    \n        Parameters:\n        -----------\n        method: callable(WebDriver)\n            - A callable object that takes a WebDriver instance as an argument.\n    \n        message: str\n            - Optional message for :exc:`TimeoutException`\n    \n        Return:\n        -------\n        object: T\n            - The result of the last call to `method`\n    \n        Raises:\n        -------\n        TimeoutException\n            - If 'method' does not return a truthy value within the WebDriverWait\n            object's timeout\n    \n        Example:\n        --------\n        >>> from selenium.webdriver.common.by import By\n        >>> from selenium.webdriver.support.ui import WebDriverWait\n        >>> from selenium.webdriver.support import expected_conditions as EC\n    \n        # Wait until an element is visible on the page\n        >>> wait = WebDriverWait(driver, 10)\n        >>> element = wait.until(EC.visibility_of_element_located((By.ID, \"exampleId\")))\n        >>> print(element.text)\n        \"\"\"\n        screen = None\n        stacktrace = None\n    \n        end_time = time.monotonic() + self._timeout\n        while True:\n            try:\n                value = method(self._driver)\n                if value:\n                    return value\n            except self._ignored_exceptions as exc:\n                screen = getattr(exc, \"screen\", None)\n                stacktrace = getattr(exc, \"stacktrace\", None)\n            if time.monotonic() > end_time:\n                break\n            time.sleep(self._poll)\n>       raise TimeoutException(message, screen, stacktrace)\nE       selenium.common.exceptions.TimeoutException: Message: \nE       Stacktrace:\nE       \tGetHandleVerifier [0x0x7ff7bdcb6f65+78965]\nE       \tGetHandleVerifier [0x0x7ff7bdcb6fc0+79056]\nE       \t(No symbol) [0x0x7ff7bda49dda]\nE       \t(No symbol) [0x0x7ff7bdaa02ea]\nE       \t(No symbol) [0x0x7ff7bdaa059c]\nE       \t(No symbol) [0x0x7ff7bdaf3f37]\nE       \t(No symbol) [0x0x7ff7bdac86af]\nE       \t(No symbol) [0x0x7ff7bdaf0dbe]\nE       \t(No symbol) [0x0x7ff7bdac8443]\nE       \t(No symbol) [0x0x7ff7bda91311]\nE       \t(No symbol) [0x0x7ff7bda920a3]\nE       \tGetHandleVerifier [0x0x7ff7bdf6e26d+2926461]\nE       \tGetHandleVerifier [0x0x7ff7bdf68993+2903715]\nE       \tGetHandleVerifier [0x0x7ff7bdf86aed+3026941]\nE       \tGetHandleVerifier [0x0x7ff7bdcd16fe+187406]\nE       \tGetHandleVerifier [0x0x7ff7bdcd96ef+220159]\nE       \tGetHandleVerifier [0x0x7ff7bdcbfaf4+114692]\nE       \tGetHandleVerifier [0x0x7ff7bdcbfca9+115129]\nE       \tGetHandleVerifier [0x0x7ff7bdca64d8+10728]\nE       \tBaseThreadInitThunk [0x0x7ff8e0e67374+20]\nE       \tRtlUserThreadStart [0x0x7ff8e18bcc91+33]\n\nmyenv\\lib\\site-packages\\selenium\\webdriver\\support\\wait.py:138: TimeoutException\n\nDuring handling of the above exception, another exception occurred:\n\nself = <test_items.test_production.TestProductionPage object at 0x000001961BFE8DC0>, login_to_production = <selenium.webdriver.chrome.webdriver.WebDriver (session=\"6783a117baf3e5fb518a445c209da53f\")>\n\n    @allure.story(\"选择下拉框成功，将开始生产改为结束\")\n    # @pytest.mark.run(order=1)\n    def test_production_editsele(self, login_to_production):\n        driver = login_to_production  # WebDriver 实例\n        production = ProductionPage(driver)  # 用 driver 初始化 ProductionPage\n        name = \"1测试C订单\"\n>       production.click_button(f'//tr[./td[2]//span[text()=\"{name}:2\"]]/td[6]')\n\nTests\\test_items\\test_production.py:561: \n_ _ _ _ _ _ _ _ _ _ _ _ _ _ _ _ _ _ _ _ _ _ _ _ _ _ _ _ _ _ _ _ _ _ _ _ _ _ _ _ _ _ _ _ _ _ _ _ _ _ _ _ _ _ _ _ _ _ _ _ _ _ _ _ _ _ _ _ _ _ _ _ _ _ _ _ _ _ _ _ _ _ _ _ _ _ _ _ _ _ _ _ _ _ _ _ _ _ _ _ _ _ _ _ _ _ _ _ _ _ _ _ _ _ _ _\nPages\\itemsPage\\production_page.py:41: in click_button\n    self.click(By.XPATH, xpath)\n_ _ _ _ _ _ _ _ _ _ _ _ _ _ _ _ _ _ _ _ _ _ _ _ _ _ _ _ _ _ _ _ _ _ _ _ _ _ _ _ _ _ _ _ _ _ _ _ _ _ _ _ _ _ _ _ _ _ _ _ _ _ _ _ _ _ _ _ _ _ _ _ _ _ _ _ _ _ _ _ _ _ _ _ _ _ _ _ _ _ _ _ _ _ _ _ _ _ _ _ _ _ _ _ _ _ _ _ _ _ _ _ _ _ _ _\n\nself = <Pages.itemsPage.production_page.ProductionPage object at 0x000001961CC71000>, by_or_element = 'xpath', value = '//tr[./td[2]//span[text()=\"1测试C订单:2\"]]/td[6]', wait_time = 10, retries = 2\n\n    def click(self, by_or_element, value=None, wait_time=10, retries=2):\n        \"\"\"\n        更稳健的点击方法：支持定位符或 WebElement，自动处理 stale 元素、点击拦截等问题。\n        \"\"\"\n        for attempt in range(retries):\n            try:\n                if value is not None:\n                    by = by_or_element\n                    logging.info(f\"点击元素：By = {by}, Value = {value}\")\n                    element = WebDriverWait(self.driver, wait_time).until(\n                        EC.element_to_be_clickable((by, value))\n                    )\n                else:\n                    logging.info(\"点击元素：WebElement 对象\")\n                    element = by_or_element\n    \n                element.click()\n                logging.info(\"✅ 点击成功\")\n                return\n    \n            except ElementClickInterceptedException:\n                logging.warning(\"⚠️ 原生点击被拦截，尝试使用 JS 点击\")\n                try:\n                    self.driver.execute_script(\"arguments[0].click();\", element)\n                    logging.info(\"✅ JS 点击成功\")\n                    return\n                except Exception as js_error:\n                    logging.warning(f\"⚠️ JS 点击失败：{js_error}\")\n                    sleep(1)\n                    continue  # 下一轮重试\n    \n            except StaleElementReferenceException:\n                logging.warning(f\"⚠️ 第 {attempt + 1} 次点击失败：元素过期，尝试重新定位\")\n                sleep(1)\n                continue  # 下一轮重试时重新定位\n    \n            except TimeoutException:\n                logging.error(f\"❌ 元素未在 {wait_time} 秒内变为可点击\")\n>               raise TimeoutException(f\"点击失败，找不到元素：{by_or_element} = {value}\")\nE               selenium.common.exceptions.TimeoutException: Message: 点击失败，找不到元素：xpath = //tr[./td[2]//span[text()=\"1测试C订单:2\"]]/td[6]\n\nPages\\base_page.py:78: TimeoutException","flaky":false,"newFailed":false,"newBroken":false,"newPassed":false,"retriesCount":0,"retriesStatusChange":false,"beforeStages":[{"name":"login_to_production","time":{"start":1763396156716,"stop":1763396168351,"duration":11635},"status":"passed","steps":[],"attachments":[],"parameters":[],"hasContent":false,"stepsCount":0,"attachmentStep":false,"attachmentsCount":0,"shouldDisplayMessage":false}],"testStage":{"status":"broken","statusMessage":"selenium.common.exceptions.TimeoutException: Message: 点击失败，找不到元素：xpath = //tr[./td[2]//span[text()=\"1测试C订单:2\"]]/td[6]","statusTrace":"self = <Pages.itemsPage.production_page.ProductionPage object at 0x000001961CC71000>, by_or_element = 'xpath', value = '//tr[./td[2]//span[text()=\"1测试C订单:2\"]]/td[6]', wait_time = 10, retries = 2\n\n    def click(self, by_or_element, value=None, wait_time=10, retries=2):\n        \"\"\"\n        更稳健的点击方法：支持定位符或 WebElement，自动处理 stale 元素、点击拦截等问题。\n        \"\"\"\n        for attempt in range(retries):\n            try:\n                if value is not None:\n                    by = by_or_element\n                    logging.info(f\"点击元素：By = {by}, Value = {value}\")\n>                   element = WebDriverWait(self.driver, wait_time).until(\n                        EC.element_to_be_clickable((by, value))\n                    )\n\nPages\\base_page.py:49: \n_ _ _ _ _ _ _ _ _ _ _ _ _ _ _ _ _ _ _ _ _ _ _ _ _ _ _ _ _ _ _ _ _ _ _ _ _ _ _ _ _ _ _ _ _ _ _ _ _ _ _ _ _ _ _ _ _ _ _ _ _ _ _ _ _ _ _ _ _ _ _ _ _ _ _ _ _ _ _ _ _ _ _ _ _ _ _ _ _ _ _ _ _ _ _ _ _ _ _ _ _ _ _ _ _ _ _ _ _ _ _ _ _ _ _ _\n\nself = <selenium.webdriver.support.wait.WebDriverWait (session=\"6783a117baf3e5fb518a445c209da53f\")>, method = <function element_to_be_clickable.<locals>._predicate at 0x000001961CD43AC0>, message = ''\n\n    def until(self, method: Callable[[D], Union[Literal[False], T]], message: str = \"\") -> T:\n        \"\"\"Wait until the method returns a value that is not False.\n    \n        Calls the method provided with the driver as an argument until the\n        return value does not evaluate to ``False``.\n    \n        Parameters:\n        -----------\n        method: callable(WebDriver)\n            - A callable object that takes a WebDriver instance as an argument.\n    \n        message: str\n            - Optional message for :exc:`TimeoutException`\n    \n        Return:\n        -------\n        object: T\n            - The result of the last call to `method`\n    \n        Raises:\n        -------\n        TimeoutException\n            - If 'method' does not return a truthy value within the WebDriverWait\n            object's timeout\n    \n        Example:\n        --------\n        >>> from selenium.webdriver.common.by import By\n        >>> from selenium.webdriver.support.ui import WebDriverWait\n        >>> from selenium.webdriver.support import expected_conditions as EC\n    \n        # Wait until an element is visible on the page\n        >>> wait = WebDriverWait(driver, 10)\n        >>> element = wait.until(EC.visibility_of_element_located((By.ID, \"exampleId\")))\n        >>> print(element.text)\n        \"\"\"\n        screen = None\n        stacktrace = None\n    \n        end_time = time.monotonic() + self._timeout\n        while True:\n            try:\n                value = method(self._driver)\n                if value:\n                    return value\n            except self._ignored_exceptions as exc:\n                screen = getattr(exc, \"screen\", None)\n                stacktrace = getattr(exc, \"stacktrace\", None)\n            if time.monotonic() > end_time:\n                break\n            time.sleep(self._poll)\n>       raise TimeoutException(message, screen, stacktrace)\nE       selenium.common.exceptions.TimeoutException: Message: \nE       Stacktrace:\nE       \tGetHandleVerifier [0x0x7ff7bdcb6f65+78965]\nE       \tGetHandleVerifier [0x0x7ff7bdcb6fc0+79056]\nE       \t(No symbol) [0x0x7ff7bda49dda]\nE       \t(No symbol) [0x0x7ff7bdaa02ea]\nE       \t(No symbol) [0x0x7ff7bdaa059c]\nE       \t(No symbol) [0x0x7ff7bdaf3f37]\nE       \t(No symbol) [0x0x7ff7bdac86af]\nE       \t(No symbol) [0x0x7ff7bdaf0dbe]\nE       \t(No symbol) [0x0x7ff7bdac8443]\nE       \t(No symbol) [0x0x7ff7bda91311]\nE       \t(No symbol) [0x0x7ff7bda920a3]\nE       \tGetHandleVerifier [0x0x7ff7bdf6e26d+2926461]\nE       \tGetHandleVerifier [0x0x7ff7bdf68993+2903715]\nE       \tGetHandleVerifier [0x0x7ff7bdf86aed+3026941]\nE       \tGetHandleVerifier [0x0x7ff7bdcd16fe+187406]\nE       \tGetHandleVerifier [0x0x7ff7bdcd96ef+220159]\nE       \tGetHandleVerifier [0x0x7ff7bdcbfaf4+114692]\nE       \tGetHandleVerifier [0x0x7ff7bdcbfca9+115129]\nE       \tGetHandleVerifier [0x0x7ff7bdca64d8+10728]\nE       \tBaseThreadInitThunk [0x0x7ff8e0e67374+20]\nE       \tRtlUserThreadStart [0x0x7ff8e18bcc91+33]\n\nmyenv\\lib\\site-packages\\selenium\\webdriver\\support\\wait.py:138: TimeoutException\n\nDuring handling of the above exception, another exception occurred:\n\nself = <test_items.test_production.TestProductionPage object at 0x000001961BFE8DC0>, login_to_production = <selenium.webdriver.chrome.webdriver.WebDriver (session=\"6783a117baf3e5fb518a445c209da53f\")>\n\n    @allure.story(\"选择下拉框成功，将开始生产改为结束\")\n    # @pytest.mark.run(order=1)\n    def test_production_editsele(self, login_to_production):\n        driver = login_to_production  # WebDriver 实例\n        production = ProductionPage(driver)  # 用 driver 初始化 ProductionPage\n        name = \"1测试C订单\"\n>       production.click_button(f'//tr[./td[2]//span[text()=\"{name}:2\"]]/td[6]')\n\nTests\\test_items\\test_production.py:561: \n_ _ _ _ _ _ _ _ _ _ _ _ _ _ _ _ _ _ _ _ _ _ _ _ _ _ _ _ _ _ _ _ _ _ _ _ _ _ _ _ _ _ _ _ _ _ _ _ _ _ _ _ _ _ _ _ _ _ _ _ _ _ _ _ _ _ _ _ _ _ _ _ _ _ _ _ _ _ _ _ _ _ _ _ _ _ _ _ _ _ _ _ _ _ _ _ _ _ _ _ _ _ _ _ _ _ _ _ _ _ _ _ _ _ _ _\nPages\\itemsPage\\production_page.py:41: in click_button\n    self.click(By.XPATH, xpath)\n_ _ _ _ _ _ _ _ _ _ _ _ _ _ _ _ _ _ _ _ _ _ _ _ _ _ _ _ _ _ _ _ _ _ _ _ _ _ _ _ _ _ _ _ _ _ _ _ _ _ _ _ _ _ _ _ _ _ _ _ _ _ _ _ _ _ _ _ _ _ _ _ _ _ _ _ _ _ _ _ _ _ _ _ _ _ _ _ _ _ _ _ _ _ _ _ _ _ _ _ _ _ _ _ _ _ _ _ _ _ _ _ _ _ _ _\n\nself = <Pages.itemsPage.production_page.ProductionPage object at 0x000001961CC71000>, by_or_element = 'xpath', value = '//tr[./td[2]//span[text()=\"1测试C订单:2\"]]/td[6]', wait_time = 10, retries = 2\n\n    def click(self, by_or_element, value=None, wait_time=10, retries=2):\n        \"\"\"\n        更稳健的点击方法：支持定位符或 WebElement，自动处理 stale 元素、点击拦截等问题。\n        \"\"\"\n        for attempt in range(retries):\n            try:\n                if value is not None:\n                    by = by_or_element\n                    logging.info(f\"点击元素：By = {by}, Value = {value}\")\n                    element = WebDriverWait(self.driver, wait_time).until(\n                        EC.element_to_be_clickable((by, value))\n                    )\n                else:\n                    logging.info(\"点击元素：WebElement 对象\")\n                    element = by_or_element\n    \n                element.click()\n                logging.info(\"✅ 点击成功\")\n                return\n    \n            except ElementClickInterceptedException:\n                logging.warning(\"⚠️ 原生点击被拦截，尝试使用 JS 点击\")\n                try:\n                    self.driver.execute_script(\"arguments[0].click();\", element)\n                    logging.info(\"✅ JS 点击成功\")\n                    return\n                except Exception as js_error:\n                    logging.warning(f\"⚠️ JS 点击失败：{js_error}\")\n                    sleep(1)\n                    continue  # 下一轮重试\n    \n            except StaleElementReferenceException:\n                logging.warning(f\"⚠️ 第 {attempt + 1} 次点击失败：元素过期，尝试重新定位\")\n                sleep(1)\n                continue  # 下一轮重试时重新定位\n    \n            except TimeoutException:\n                logging.error(f\"❌ 元素未在 {wait_time} 秒内变为可点击\")\n>               raise TimeoutException(f\"点击失败，找不到元素：{by_or_element} = {value}\")\nE               selenium.common.exceptions.TimeoutException: Message: 点击失败，找不到元素：xpath = //tr[./td[2]//span[text()=\"1测试C订单:2\"]]/td[6]\n\nPages\\base_page.py:78: TimeoutException","steps":[],"attachments":[{"uid":"af5d9786bab937de","name":"test_production_editsele_failure","source":"af5d9786bab937de.png","type":"image/png","size":78413},{"uid":"b6757f14df563804","name":"test_production_editsele_source","source":"b6757f14df563804.html","type":"text/html","size":1276379},{"uid":"8f501ea77ee79691","name":"log","source":"8f501ea77ee79691.txt","type":"text/plain","size":1328}],"parameters":[],"hasContent":true,"stepsCount":0,"attachmentStep":false,"attachmentsCount":3,"shouldDisplayMessage":true},"afterStages":[{"name":"login_to_production::0","time":{"start":1763396178873,"stop":1763396181025,"duration":2152},"status":"passed","steps":[],"attachments":[],"parameters":[],"hasContent":false,"stepsCount":0,"attachmentStep":false,"attachmentsCount":0,"shouldDisplayMessage":false}],"labels":[{"name":"feature","value":"生产报工测试用例"},{"name":"story","value":"选择下拉框成功，将开始生产改为结束"},{"name":"parentSuite","value":"Tests.test_items"},{"name":"suite","value":"test_production"},{"name":"subSuite","value":"TestProductionPage"},{"name":"host","value":"WIN-20240820MJV"},{"name":"thread","value":"24860-MainThread"},{"name":"framework","value":"pytest"},{"name":"language","value":"cpython3"},{"name":"package","value":"Tests.test_items.test_production"},{"name":"resultFormat","value":"allure2"}],"parameters":[],"links":[],"hidden":true,"retry":true,"extra":{"categories":[],"tags":[]},"source":"ca34ccdea43af995.json","parameterValues":[]}