{"uid":"ca4868b487bb6d45","name":"test_modeldata_click_save","fullName":"Tests.test_system.test_modeldata.TestSModelDataPage#test_modeldata_click_save","historyId":"9f46aee1db8ca0c5cd3f3ed28f6540c9","time":{"start":1769810392201,"stop":1769810404358,"duration":12157},"status":"broken","statusMessage":"selenium.common.exceptions.TimeoutException: Message: \nStacktrace:\n\tGetHandleVerifier [0x0x7ff6634d6f65+78965]\n\tGetHandleVerifier [0x0x7ff6634d6fc0+79056]\n\t(No symbol) [0x0x7ff663269dda]\n\t(No symbol) [0x0x7ff6632c02ea]\n\t(No symbol) [0x0x7ff6632c059c]\n\t(No symbol) [0x0x7ff663313f37]\n\t(No symbol) [0x0x7ff6632e86af]\n\t(No symbol) [0x0x7ff663310dbe]\n\t(No symbol) [0x0x7ff6632e8443]\n\t(No symbol) [0x0x7ff6632b1311]\n\t(No symbol) [0x0x7ff6632b20a3]\n\tGetHandleVerifier [0x0x7ff66378e26d+2926461]\n\tGetHandleVerifier [0x0x7ff663788993+2903715]\n\tGetHandleVerifier [0x0x7ff6637a6aed+3026941]\n\tGetHandleVerifier [0x0x7ff6634f16fe+187406]\n\tGetHandleVerifier [0x0x7ff6634f96ef+220159]\n\tGetHandleVerifier [0x0x7ff6634dfaf4+114692]\n\tGetHandleVerifier [0x0x7ff6634dfca9+115129]\n\tGetHandleVerifier [0x0x7ff6634c64d8+10728]\n\tBaseThreadInitThunk [0x0x7ffa14ef7374+20]\n\tRtlUserThreadStart [0x0x7ffa16b1cc91+33]","statusTrace":"self = <test_system.test_modeldata.TestSModelDataPage object at 0x000001F73DE710F0>, login_to_modeldata = <selenium.webdriver.chrome.webdriver.WebDriver (session=\"2d8b150946a799bfe3e38ecdac32e36b\")>\n\n    @allure.story(\"模型数据流设计页点击保存成功\")\n    # @pytest.mark.run(order=1)\n    def test_modeldata_click_save(self, login_to_modeldata):\n        driver = login_to_modeldata  # WebDriver 实例\n        model = OtherPage(driver)  # 用 driver 初始化 OtherPage\n        sleep(2)\n        model.click_button('(//span[text()=\"保存\"])[1]')\n>       message = model.get_find_message()\n\nTests\\test_system\\test_modeldata.py:71: \n_ _ _ _ _ _ _ _ _ _ _ _ _ _ _ _ _ _ _ _ _ _ _ _ _ _ _ _ _ _ _ _ _ _ _ _ _ _ _ _ _ _ _ _ _ _ _ _ _ _ _ _ _ _ _ _ _ _ _ _ _ _ _ _ _ _ _ _ _ _ _ _ _ _ _ _ _ _ _ _ _ _ _ _ _ _ _ _ _ _ _ _ _ _ _ _ _ _ _ _ _ _ _ _ _ _ _ _ _ _ _ _ _ _ _ _\nPages\\systemPage\\other_page.py:35: in get_find_message\n    message = WebDriverWait(self.driver, 10).until(\n_ _ _ _ _ _ _ _ _ _ _ _ _ _ _ _ _ _ _ _ _ _ _ _ _ _ _ _ _ _ _ _ _ _ _ _ _ _ _ _ _ _ _ _ _ _ _ _ _ _ _ _ _ _ _ _ _ _ _ _ _ _ _ _ _ _ _ _ _ _ _ _ _ _ _ _ _ _ _ _ _ _ _ _ _ _ _ _ _ _ _ _ _ _ _ _ _ _ _ _ _ _ _ _ _ _ _ _ _ _ _ _ _ _ _ _\n\nself = <selenium.webdriver.support.wait.WebDriverWait (session=\"2d8b150946a799bfe3e38ecdac32e36b\")>, method = <function visibility_of_element_located.<locals>._predicate at 0x000001F74039E9E0>, message = ''\n\n    def until(self, method: Callable[[D], Union[Literal[False], T]], message: str = \"\") -> T:\n        \"\"\"Wait until the method returns a value that is not False.\n    \n        Calls the method provided with the driver as an argument until the\n        return value does not evaluate to ``False``.\n    \n        Parameters:\n        -----------\n        method: callable(WebDriver)\n            - A callable object that takes a WebDriver instance as an argument.\n    \n        message: str\n            - Optional message for :exc:`TimeoutException`\n    \n        Return:\n        -------\n        object: T\n            - The result of the last call to `method`\n    \n        Raises:\n        -------\n        TimeoutException\n            - If 'method' does not return a truthy value within the WebDriverWait\n            object's timeout\n    \n        Example:\n        --------\n        >>> from selenium.webdriver.common.by import By\n        >>> from selenium.webdriver.support.ui import WebDriverWait\n        >>> from selenium.webdriver.support import expected_conditions as EC\n    \n        # Wait until an element is visible on the page\n        >>> wait = WebDriverWait(driver, 10)\n        >>> element = wait.until(EC.visibility_of_element_located((By.ID, \"exampleId\")))\n        >>> print(element.text)\n        \"\"\"\n        screen = None\n        stacktrace = None\n    \n        end_time = time.monotonic() + self._timeout\n        while True:\n            try:\n                value = method(self._driver)\n                if value:\n                    return value\n            except self._ignored_exceptions as exc:\n                screen = getattr(exc, \"screen\", None)\n                stacktrace = getattr(exc, \"stacktrace\", None)\n            if time.monotonic() > end_time:\n                break\n            time.sleep(self._poll)\n>       raise TimeoutException(message, screen, stacktrace)\nE       selenium.common.exceptions.TimeoutException: Message: \nE       Stacktrace:\nE       \tGetHandleVerifier [0x0x7ff6634d6f65+78965]\nE       \tGetHandleVerifier [0x0x7ff6634d6fc0+79056]\nE       \t(No symbol) [0x0x7ff663269dda]\nE       \t(No symbol) [0x0x7ff6632c02ea]\nE       \t(No symbol) [0x0x7ff6632c059c]\nE       \t(No symbol) [0x0x7ff663313f37]\nE       \t(No symbol) [0x0x7ff6632e86af]\nE       \t(No symbol) [0x0x7ff663310dbe]\nE       \t(No symbol) [0x0x7ff6632e8443]\nE       \t(No symbol) [0x0x7ff6632b1311]\nE       \t(No symbol) [0x0x7ff6632b20a3]\nE       \tGetHandleVerifier [0x0x7ff66378e26d+2926461]\nE       \tGetHandleVerifier [0x0x7ff663788993+2903715]\nE       \tGetHandleVerifier [0x0x7ff6637a6aed+3026941]\nE       \tGetHandleVerifier [0x0x7ff6634f16fe+187406]\nE       \tGetHandleVerifier [0x0x7ff6634f96ef+220159]\nE       \tGetHandleVerifier [0x0x7ff6634dfaf4+114692]\nE       \tGetHandleVerifier [0x0x7ff6634dfca9+115129]\nE       \tGetHandleVerifier [0x0x7ff6634c64d8+10728]\nE       \tBaseThreadInitThunk [0x0x7ffa14ef7374+20]\nE       \tRtlUserThreadStart [0x0x7ffa16b1cc91+33]\n\nmyenv\\lib\\site-packages\\selenium\\webdriver\\support\\wait.py:138: TimeoutException","flaky":false,"newFailed":false,"newBroken":false,"newPassed":false,"retriesCount":0,"retriesStatusChange":false,"beforeStages":[{"name":"login_to_modeldata","time":{"start":1769810379555,"stop":1769810392201,"duration":12646},"status":"passed","steps":[],"attachments":[],"parameters":[],"stepsCount":0,"attachmentStep":false,"hasContent":false,"attachmentsCount":0,"shouldDisplayMessage":false}],"testStage":{"status":"broken","statusMessage":"selenium.common.exceptions.TimeoutException: Message: \nStacktrace:\n\tGetHandleVerifier [0x0x7ff6634d6f65+78965]\n\tGetHandleVerifier [0x0x7ff6634d6fc0+79056]\n\t(No symbol) [0x0x7ff663269dda]\n\t(No symbol) [0x0x7ff6632c02ea]\n\t(No symbol) [0x0x7ff6632c059c]\n\t(No symbol) [0x0x7ff663313f37]\n\t(No symbol) [0x0x7ff6632e86af]\n\t(No symbol) [0x0x7ff663310dbe]\n\t(No symbol) [0x0x7ff6632e8443]\n\t(No symbol) [0x0x7ff6632b1311]\n\t(No symbol) [0x0x7ff6632b20a3]\n\tGetHandleVerifier [0x0x7ff66378e26d+2926461]\n\tGetHandleVerifier [0x0x7ff663788993+2903715]\n\tGetHandleVerifier [0x0x7ff6637a6aed+3026941]\n\tGetHandleVerifier [0x0x7ff6634f16fe+187406]\n\tGetHandleVerifier [0x0x7ff6634f96ef+220159]\n\tGetHandleVerifier [0x0x7ff6634dfaf4+114692]\n\tGetHandleVerifier [0x0x7ff6634dfca9+115129]\n\tGetHandleVerifier [0x0x7ff6634c64d8+10728]\n\tBaseThreadInitThunk [0x0x7ffa14ef7374+20]\n\tRtlUserThreadStart [0x0x7ffa16b1cc91+33]","statusTrace":"self = <test_system.test_modeldata.TestSModelDataPage object at 0x000001F73DE710F0>, login_to_modeldata = <selenium.webdriver.chrome.webdriver.WebDriver (session=\"2d8b150946a799bfe3e38ecdac32e36b\")>\n\n    @allure.story(\"模型数据流设计页点击保存成功\")\n    # @pytest.mark.run(order=1)\n    def test_modeldata_click_save(self, login_to_modeldata):\n        driver = login_to_modeldata  # WebDriver 实例\n        model = OtherPage(driver)  # 用 driver 初始化 OtherPage\n        sleep(2)\n        model.click_button('(//span[text()=\"保存\"])[1]')\n>       message = model.get_find_message()\n\nTests\\test_system\\test_modeldata.py:71: \n_ _ _ _ _ _ _ _ _ _ _ _ _ _ _ _ _ _ _ _ _ _ _ _ _ _ _ _ _ _ _ _ _ _ _ _ _ _ _ _ _ _ _ _ _ _ _ _ _ _ _ _ _ _ _ _ _ _ _ _ _ _ _ _ _ _ _ _ _ _ _ _ _ _ _ _ _ _ _ _ _ _ _ _ _ _ _ _ _ _ _ _ _ _ _ _ _ _ _ _ _ _ _ _ _ _ _ _ _ _ _ _ _ _ _ _\nPages\\systemPage\\other_page.py:35: in get_find_message\n    message = WebDriverWait(self.driver, 10).until(\n_ _ _ _ _ _ _ _ _ _ _ _ _ _ _ _ _ _ _ _ _ _ _ _ _ _ _ _ _ _ _ _ _ _ _ _ _ _ _ _ _ _ _ _ _ _ _ _ _ _ _ _ _ _ _ _ _ _ _ _ _ _ _ _ _ _ _ _ _ _ _ _ _ _ _ _ _ _ _ _ _ _ _ _ _ _ _ _ _ _ _ _ _ _ _ _ _ _ _ _ _ _ _ _ _ _ _ _ _ _ _ _ _ _ _ _\n\nself = <selenium.webdriver.support.wait.WebDriverWait (session=\"2d8b150946a799bfe3e38ecdac32e36b\")>, method = <function visibility_of_element_located.<locals>._predicate at 0x000001F74039E9E0>, message = ''\n\n    def until(self, method: Callable[[D], Union[Literal[False], T]], message: str = \"\") -> T:\n        \"\"\"Wait until the method returns a value that is not False.\n    \n        Calls the method provided with the driver as an argument until the\n        return value does not evaluate to ``False``.\n    \n        Parameters:\n        -----------\n        method: callable(WebDriver)\n            - A callable object that takes a WebDriver instance as an argument.\n    \n        message: str\n            - Optional message for :exc:`TimeoutException`\n    \n        Return:\n        -------\n        object: T\n            - The result of the last call to `method`\n    \n        Raises:\n        -------\n        TimeoutException\n            - If 'method' does not return a truthy value within the WebDriverWait\n            object's timeout\n    \n        Example:\n        --------\n        >>> from selenium.webdriver.common.by import By\n        >>> from selenium.webdriver.support.ui import WebDriverWait\n        >>> from selenium.webdriver.support import expected_conditions as EC\n    \n        # Wait until an element is visible on the page\n        >>> wait = WebDriverWait(driver, 10)\n        >>> element = wait.until(EC.visibility_of_element_located((By.ID, \"exampleId\")))\n        >>> print(element.text)\n        \"\"\"\n        screen = None\n        stacktrace = None\n    \n        end_time = time.monotonic() + self._timeout\n        while True:\n            try:\n                value = method(self._driver)\n                if value:\n                    return value\n            except self._ignored_exceptions as exc:\n                screen = getattr(exc, \"screen\", None)\n                stacktrace = getattr(exc, \"stacktrace\", None)\n            if time.monotonic() > end_time:\n                break\n            time.sleep(self._poll)\n>       raise TimeoutException(message, screen, stacktrace)\nE       selenium.common.exceptions.TimeoutException: Message: \nE       Stacktrace:\nE       \tGetHandleVerifier [0x0x7ff6634d6f65+78965]\nE       \tGetHandleVerifier [0x0x7ff6634d6fc0+79056]\nE       \t(No symbol) [0x0x7ff663269dda]\nE       \t(No symbol) [0x0x7ff6632c02ea]\nE       \t(No symbol) [0x0x7ff6632c059c]\nE       \t(No symbol) [0x0x7ff663313f37]\nE       \t(No symbol) [0x0x7ff6632e86af]\nE       \t(No symbol) [0x0x7ff663310dbe]\nE       \t(No symbol) [0x0x7ff6632e8443]\nE       \t(No symbol) [0x0x7ff6632b1311]\nE       \t(No symbol) [0x0x7ff6632b20a3]\nE       \tGetHandleVerifier [0x0x7ff66378e26d+2926461]\nE       \tGetHandleVerifier [0x0x7ff663788993+2903715]\nE       \tGetHandleVerifier [0x0x7ff6637a6aed+3026941]\nE       \tGetHandleVerifier [0x0x7ff6634f16fe+187406]\nE       \tGetHandleVerifier [0x0x7ff6634f96ef+220159]\nE       \tGetHandleVerifier [0x0x7ff6634dfaf4+114692]\nE       \tGetHandleVerifier [0x0x7ff6634dfca9+115129]\nE       \tGetHandleVerifier [0x0x7ff6634c64d8+10728]\nE       \tBaseThreadInitThunk [0x0x7ffa14ef7374+20]\nE       \tRtlUserThreadStart [0x0x7ffa16b1cc91+33]\n\nmyenv\\lib\\site-packages\\selenium\\webdriver\\support\\wait.py:138: TimeoutException","steps":[],"attachments":[{"uid":"b2707aca013b6572","name":"test_modeldata_click_save_20260131_060004","source":"b2707aca013b6572.png","type":"image/png","size":151137},{"uid":"39ac2afec3d96bb4","name":"test_modeldata_click_save_20260131_060004","source":"39ac2afec3d96bb4.png","type":"image/png","size":141106},{"uid":"263e36058184c6e0","name":"test_modeldata_click_save_20260131_060004","source":"263e36058184c6e0.png","type":"image/png","size":63634},{"uid":"5fd0944f7a422f6b","name":"log","source":"5fd0944f7a422f6b.txt","type":"text/plain","size":1175}],"parameters":[],"stepsCount":0,"attachmentStep":false,"hasContent":true,"attachmentsCount":4,"shouldDisplayMessage":true},"afterStages":[{"name":"login_to_modeldata::0","time":{"start":1769810413663,"stop":1769810415829,"duration":2166},"status":"passed","steps":[],"attachments":[],"parameters":[],"stepsCount":0,"attachmentStep":false,"hasContent":false,"attachmentsCount":0,"shouldDisplayMessage":false}],"labels":[{"name":"story","value":"模型数据流设计页点击保存成功"},{"name":"feature","value":"模型数据流设计页用例"},{"name":"parentSuite","value":"Tests.test_system"},{"name":"suite","value":"test_modeldata"},{"name":"subSuite","value":"TestSModelDataPage"},{"name":"host","value":"WIN-20240820MJV"},{"name":"thread","value":"18148-MainThread"},{"name":"framework","value":"pytest"},{"name":"language","value":"cpython3"},{"name":"package","value":"Tests.test_system.test_modeldata"},{"name":"resultFormat","value":"allure2"}],"parameters":[],"links":[],"hidden":true,"retry":true,"extra":{"categories":[],"tags":[]},"source":"ca4868b487bb6d45.json","parameterValues":[]}