{"uid":"cb88a2369889dc72","name":"test_setting_layoutlist_updatefail","fullName":"Tests.test_items.test_setting.TestSettingPage#test_setting_layoutlist_updatefail","historyId":"9871941699426fafe0b0464cce205826","time":{"start":1770051221442,"stop":1770051235647,"duration":14205},"status":"broken","statusMessage":"selenium.common.exceptions.TimeoutException: Message: \nStacktrace:\n\tGetHandleVerifier [0x0x7ff737376f65+78965]\n\tGetHandleVerifier [0x0x7ff737376fc0+79056]\n\t(No symbol) [0x0x7ff737109dda]\n\t(No symbol) [0x0x7ff7371602ea]\n\t(No symbol) [0x0x7ff73716059c]\n\t(No symbol) [0x0x7ff7371b3f37]\n\t(No symbol) [0x0x7ff7371886af]\n\t(No symbol) [0x0x7ff7371b0dbe]\n\t(No symbol) [0x0x7ff737188443]\n\t(No symbol) [0x0x7ff737151311]\n\t(No symbol) [0x0x7ff7371520a3]\n\tGetHandleVerifier [0x0x7ff73762e26d+2926461]\n\tGetHandleVerifier [0x0x7ff737628993+2903715]\n\tGetHandleVerifier [0x0x7ff737646aed+3026941]\n\tGetHandleVerifier [0x0x7ff7373916fe+187406]\n\tGetHandleVerifier [0x0x7ff7373996ef+220159]\n\tGetHandleVerifier [0x0x7ff73737faf4+114692]\n\tGetHandleVerifier [0x0x7ff73737fca9+115129]\n\tGetHandleVerifier [0x0x7ff7373664d8+10728]\n\tBaseThreadInitThunk [0x0x7ffa14ef7374+20]\n\tRtlUserThreadStart [0x0x7ffa16b1cc91+33]","statusTrace":"self = <test_items.test_setting.TestSettingPage object at 0x000001FD201A9000>, login_to_setting = <selenium.webdriver.chrome.webdriver.WebDriver (session=\"abdc3260100ce15e41a82979497c4ed6\")>\n\n    @allure.story(\"重复修改布局 不允许修改\")\n    # @pytest.mark.run(order=1)\n    def test_setting_layoutlist_updatefail(self, login_to_setting):\n        driver = login_to_setting  # WebDriver 实例\n        setting = SettingPage(driver)  # 用 driver 初始化 SettingPage\n        layout = \"修改布局\"\n        sleep(2)\n        setting.click_button('//i[@id=\"tabsDrawerIcon\"]')\n        sleep(1)\n    \n        # 获取目标 div 元素，这里的目标是具有特定文本的 div\n>       target_div = setting.get_find_element_xpath(\n            f'//div[@id=\"container\"]/div[.//text()=\"{layout}\"]'\n        )\n\nTests\\test_items\\test_setting.py:2187: \n_ _ _ _ _ _ _ _ _ _ _ _ _ _ _ _ _ _ _ _ _ _ _ _ _ _ _ _ _ _ _ _ _ _ _ _ _ _ _ _ _ _ _ _ _ _ _ _ _ _ _ _ _ _ _ _ _ _ _ _ _ _ _ _ _ _ _ _ _ _ _ _ _ _ _ _ _ _ _ _ _ _ _ _ _ _ _ _ _ _ _ _ _ _ _ _ _ _ _ _ _ _ _ _ _ _ _ _ _ _ _ _ _ _ _ _\nPages\\itemsPage\\setting_page.py:27: in get_find_element_xpath\n    return self.find_element(By.XPATH, xpath)\nPages\\base_page.py:28: in find_element\n    return WebDriverWait(self.driver, wait_time).until(\n_ _ _ _ _ _ _ _ _ _ _ _ _ _ _ _ _ _ _ _ _ _ _ _ _ _ _ _ _ _ _ _ _ _ _ _ _ _ _ _ _ _ _ _ _ _ _ _ _ _ _ _ _ _ _ _ _ _ _ _ _ _ _ _ _ _ _ _ _ _ _ _ _ _ _ _ _ _ _ _ _ _ _ _ _ _ _ _ _ _ _ _ _ _ _ _ _ _ _ _ _ _ _ _ _ _ _ _ _ _ _ _ _ _ _ _\n\nself = <selenium.webdriver.support.wait.WebDriverWait (session=\"abdc3260100ce15e41a82979497c4ed6\")>, method = <function presence_of_element_located.<locals>._predicate at 0x000001FD226F5750>, message = ''\n\n    def until(self, method: Callable[[D], Union[Literal[False], T]], message: str = \"\") -> T:\n        \"\"\"Wait until the method returns a value that is not False.\n    \n        Calls the method provided with the driver as an argument until the\n        return value does not evaluate to ``False``.\n    \n        Parameters:\n        -----------\n        method: callable(WebDriver)\n            - A callable object that takes a WebDriver instance as an argument.\n    \n        message: str\n            - Optional message for :exc:`TimeoutException`\n    \n        Return:\n        -------\n        object: T\n            - The result of the last call to `method`\n    \n        Raises:\n        -------\n        TimeoutException\n            - If 'method' does not return a truthy value within the WebDriverWait\n            object's timeout\n    \n        Example:\n        --------\n        >>> from selenium.webdriver.common.by import By\n        >>> from selenium.webdriver.support.ui import WebDriverWait\n        >>> from selenium.webdriver.support import expected_conditions as EC\n    \n        # Wait until an element is visible on the page\n        >>> wait = WebDriverWait(driver, 10)\n        >>> element = wait.until(EC.visibility_of_element_located((By.ID, \"exampleId\")))\n        >>> print(element.text)\n        \"\"\"\n        screen = None\n        stacktrace = None\n    \n        end_time = time.monotonic() + self._timeout\n        while True:\n            try:\n                value = method(self._driver)\n                if value:\n                    return value\n            except self._ignored_exceptions as exc:\n                screen = getattr(exc, \"screen\", None)\n                stacktrace = getattr(exc, \"stacktrace\", None)\n            if time.monotonic() > end_time:\n                break\n            time.sleep(self._poll)\n>       raise TimeoutException(message, screen, stacktrace)\nE       selenium.common.exceptions.TimeoutException: Message: \nE       Stacktrace:\nE       \tGetHandleVerifier [0x0x7ff737376f65+78965]\nE       \tGetHandleVerifier [0x0x7ff737376fc0+79056]\nE       \t(No symbol) [0x0x7ff737109dda]\nE       \t(No symbol) [0x0x7ff7371602ea]\nE       \t(No symbol) [0x0x7ff73716059c]\nE       \t(No symbol) [0x0x7ff7371b3f37]\nE       \t(No symbol) [0x0x7ff7371886af]\nE       \t(No symbol) [0x0x7ff7371b0dbe]\nE       \t(No symbol) [0x0x7ff737188443]\nE       \t(No symbol) [0x0x7ff737151311]\nE       \t(No symbol) [0x0x7ff7371520a3]\nE       \tGetHandleVerifier [0x0x7ff73762e26d+2926461]\nE       \tGetHandleVerifier [0x0x7ff737628993+2903715]\nE       \tGetHandleVerifier [0x0x7ff737646aed+3026941]\nE       \tGetHandleVerifier [0x0x7ff7373916fe+187406]\nE       \tGetHandleVerifier [0x0x7ff7373996ef+220159]\nE       \tGetHandleVerifier [0x0x7ff73737faf4+114692]\nE       \tGetHandleVerifier [0x0x7ff73737fca9+115129]\nE       \tGetHandleVerifier [0x0x7ff7373664d8+10728]\nE       \tBaseThreadInitThunk [0x0x7ffa14ef7374+20]\nE       \tRtlUserThreadStart [0x0x7ffa16b1cc91+33]\n\nmyenv\\lib\\site-packages\\selenium\\webdriver\\support\\wait.py:138: TimeoutException","flaky":false,"newFailed":false,"newBroken":false,"newPassed":false,"retriesCount":0,"retriesStatusChange":false,"beforeStages":[{"name":"login_to_setting","time":{"start":1770049789252,"stop":1770049808717,"duration":19465},"status":"passed","steps":[],"attachments":[],"parameters":[],"stepsCount":0,"hasContent":false,"attachmentStep":false,"shouldDisplayMessage":false,"attachmentsCount":0}],"testStage":{"status":"broken","statusMessage":"selenium.common.exceptions.TimeoutException: Message: \nStacktrace:\n\tGetHandleVerifier [0x0x7ff737376f65+78965]\n\tGetHandleVerifier [0x0x7ff737376fc0+79056]\n\t(No symbol) [0x0x7ff737109dda]\n\t(No symbol) [0x0x7ff7371602ea]\n\t(No symbol) [0x0x7ff73716059c]\n\t(No symbol) [0x0x7ff7371b3f37]\n\t(No symbol) [0x0x7ff7371886af]\n\t(No symbol) [0x0x7ff7371b0dbe]\n\t(No symbol) [0x0x7ff737188443]\n\t(No symbol) [0x0x7ff737151311]\n\t(No symbol) [0x0x7ff7371520a3]\n\tGetHandleVerifier [0x0x7ff73762e26d+2926461]\n\tGetHandleVerifier [0x0x7ff737628993+2903715]\n\tGetHandleVerifier [0x0x7ff737646aed+3026941]\n\tGetHandleVerifier [0x0x7ff7373916fe+187406]\n\tGetHandleVerifier [0x0x7ff7373996ef+220159]\n\tGetHandleVerifier [0x0x7ff73737faf4+114692]\n\tGetHandleVerifier [0x0x7ff73737fca9+115129]\n\tGetHandleVerifier [0x0x7ff7373664d8+10728]\n\tBaseThreadInitThunk [0x0x7ffa14ef7374+20]\n\tRtlUserThreadStart [0x0x7ffa16b1cc91+33]","statusTrace":"self = <test_items.test_setting.TestSettingPage object at 0x000001FD201A9000>, login_to_setting = <selenium.webdriver.chrome.webdriver.WebDriver (session=\"abdc3260100ce15e41a82979497c4ed6\")>\n\n    @allure.story(\"重复修改布局 不允许修改\")\n    # @pytest.mark.run(order=1)\n    def test_setting_layoutlist_updatefail(self, login_to_setting):\n        driver = login_to_setting  # WebDriver 实例\n        setting = SettingPage(driver)  # 用 driver 初始化 SettingPage\n        layout = \"修改布局\"\n        sleep(2)\n        setting.click_button('//i[@id=\"tabsDrawerIcon\"]')\n        sleep(1)\n    \n        # 获取目标 div 元素，这里的目标是具有特定文本的 div\n>       target_div = setting.get_find_element_xpath(\n            f'//div[@id=\"container\"]/div[.//text()=\"{layout}\"]'\n        )\n\nTests\\test_items\\test_setting.py:2187: \n_ _ _ _ _ _ _ _ _ _ _ _ _ _ _ _ _ _ _ _ _ _ _ _ _ _ _ _ _ _ _ _ _ _ _ _ _ _ _ _ _ _ _ _ _ _ _ _ _ _ _ _ _ _ _ _ _ _ _ _ _ _ _ _ _ _ _ _ _ _ _ _ _ _ _ _ _ _ _ _ _ _ _ _ _ _ _ _ _ _ _ _ _ _ _ _ _ _ _ _ _ _ _ _ _ _ _ _ _ _ _ _ _ _ _ _\nPages\\itemsPage\\setting_page.py:27: in get_find_element_xpath\n    return self.find_element(By.XPATH, xpath)\nPages\\base_page.py:28: in find_element\n    return WebDriverWait(self.driver, wait_time).until(\n_ _ _ _ _ _ _ _ _ _ _ _ _ _ _ _ _ _ _ _ _ _ _ _ _ _ _ _ _ _ _ _ _ _ _ _ _ _ _ _ _ _ _ _ _ _ _ _ _ _ _ _ _ _ _ _ _ _ _ _ _ _ _ _ _ _ _ _ _ _ _ _ _ _ _ _ _ _ _ _ _ _ _ _ _ _ _ _ _ _ _ _ _ _ _ _ _ _ _ _ _ _ _ _ _ _ _ _ _ _ _ _ _ _ _ _\n\nself = <selenium.webdriver.support.wait.WebDriverWait (session=\"abdc3260100ce15e41a82979497c4ed6\")>, method = <function presence_of_element_located.<locals>._predicate at 0x000001FD226F5750>, message = ''\n\n    def until(self, method: Callable[[D], Union[Literal[False], T]], message: str = \"\") -> T:\n        \"\"\"Wait until the method returns a value that is not False.\n    \n        Calls the method provided with the driver as an argument until the\n        return value does not evaluate to ``False``.\n    \n        Parameters:\n        -----------\n        method: callable(WebDriver)\n            - A callable object that takes a WebDriver instance as an argument.\n    \n        message: str\n            - Optional message for :exc:`TimeoutException`\n    \n        Return:\n        -------\n        object: T\n            - The result of the last call to `method`\n    \n        Raises:\n        -------\n        TimeoutException\n            - If 'method' does not return a truthy value within the WebDriverWait\n            object's timeout\n    \n        Example:\n        --------\n        >>> from selenium.webdriver.common.by import By\n        >>> from selenium.webdriver.support.ui import WebDriverWait\n        >>> from selenium.webdriver.support import expected_conditions as EC\n    \n        # Wait until an element is visible on the page\n        >>> wait = WebDriverWait(driver, 10)\n        >>> element = wait.until(EC.visibility_of_element_located((By.ID, \"exampleId\")))\n        >>> print(element.text)\n        \"\"\"\n        screen = None\n        stacktrace = None\n    \n        end_time = time.monotonic() + self._timeout\n        while True:\n            try:\n                value = method(self._driver)\n                if value:\n                    return value\n            except self._ignored_exceptions as exc:\n                screen = getattr(exc, \"screen\", None)\n                stacktrace = getattr(exc, \"stacktrace\", None)\n            if time.monotonic() > end_time:\n                break\n            time.sleep(self._poll)\n>       raise TimeoutException(message, screen, stacktrace)\nE       selenium.common.exceptions.TimeoutException: Message: \nE       Stacktrace:\nE       \tGetHandleVerifier [0x0x7ff737376f65+78965]\nE       \tGetHandleVerifier [0x0x7ff737376fc0+79056]\nE       \t(No symbol) [0x0x7ff737109dda]\nE       \t(No symbol) [0x0x7ff7371602ea]\nE       \t(No symbol) [0x0x7ff73716059c]\nE       \t(No symbol) [0x0x7ff7371b3f37]\nE       \t(No symbol) [0x0x7ff7371886af]\nE       \t(No symbol) [0x0x7ff7371b0dbe]\nE       \t(No symbol) [0x0x7ff737188443]\nE       \t(No symbol) [0x0x7ff737151311]\nE       \t(No symbol) [0x0x7ff7371520a3]\nE       \tGetHandleVerifier [0x0x7ff73762e26d+2926461]\nE       \tGetHandleVerifier [0x0x7ff737628993+2903715]\nE       \tGetHandleVerifier [0x0x7ff737646aed+3026941]\nE       \tGetHandleVerifier [0x0x7ff7373916fe+187406]\nE       \tGetHandleVerifier [0x0x7ff7373996ef+220159]\nE       \tGetHandleVerifier [0x0x7ff73737faf4+114692]\nE       \tGetHandleVerifier [0x0x7ff73737fca9+115129]\nE       \tGetHandleVerifier [0x0x7ff7373664d8+10728]\nE       \tBaseThreadInitThunk [0x0x7ffa14ef7374+20]\nE       \tRtlUserThreadStart [0x0x7ffa16b1cc91+33]\n\nmyenv\\lib\\site-packages\\selenium\\webdriver\\support\\wait.py:138: TimeoutException","steps":[],"attachments":[{"uid":"7b68f75dd10a5e64","name":"test_setting_layoutlist_updatefail_20260203_005355","source":"7b68f75dd10a5e64.png","type":"image/png","size":108268},{"uid":"e98698abee6a46bd","name":"test_setting_layoutlist_updatefail_20260203_005355","source":"e98698abee6a46bd.png","type":"image/png","size":108268},{"uid":"8234db36afdaf12a","name":"test_setting_layoutlist_updatefail_20260203_005355","source":"8234db36afdaf12a.png","type":"image/png","size":110531},{"uid":"ed07fea35861f3d1","name":"log","source":"ed07fea35861f3d1.txt","type":"text/plain","size":919}],"parameters":[],"stepsCount":0,"hasContent":true,"attachmentStep":false,"shouldDisplayMessage":true,"attachmentsCount":4},"afterStages":[{"name":"login_to_setting::0","time":{"start":1770051448387,"stop":1770051450662,"duration":2275},"status":"passed","steps":[],"attachments":[],"parameters":[],"stepsCount":0,"hasContent":false,"attachmentStep":false,"shouldDisplayMessage":false,"attachmentsCount":0}],"labels":[{"name":"story","value":"重复修改布局 不允许修改"},{"name":"feature","value":"标准应用设置测试用例"},{"name":"parentSuite","value":"Tests.test_items"},{"name":"suite","value":"test_setting"},{"name":"subSuite","value":"TestSettingPage"},{"name":"host","value":"WIN-20240820MJV"},{"name":"thread","value":"44308-MainThread"},{"name":"framework","value":"pytest"},{"name":"language","value":"cpython3"},{"name":"package","value":"Tests.test_items.test_setting"},{"name":"resultFormat","value":"allure2"}],"parameters":[],"links":[],"hidden":true,"retry":true,"extra":{"categories":[],"tags":[]},"source":"cb88a2369889dc72.json","parameterValues":[]}