{"uid":"cc3a6684854b96ca","name":"test_module_ctrls","fullName":"Tests.test_system.test_module.TestSModulePage#test_module_ctrls","historyId":"6314c1986d4dde6dcc1329ce27f3cf05","time":{"start":1770091583749,"stop":1770091596512,"duration":12763},"status":"broken","statusMessage":"selenium.common.exceptions.TimeoutException: Message: 点击失败，找不到元素：xpath = //div[@class=\"vxe-modal--footer\"]//span[text()=\"确定\"]","statusTrace":"self = <Pages.systemPage.expression_page.ExpressionPage object at 0x0000021DE7AE9A20>, by_or_element = 'xpath', value = '//div[@class=\"vxe-modal--footer\"]//span[text()=\"确定\"]', wait_time = 10, retries = 2\n\n    def click(self, by_or_element, value=None, wait_time=10, retries=2):\n        \"\"\"\n        更稳健的点击方法：支持定位符或 WebElement，自动处理 stale 元素、点击拦截等问题。\n        \"\"\"\n        for attempt in range(retries):\n            try:\n                if value is not None:\n                    by = by_or_element\n                    logging.info(f\"点击元素：By = {by}, Value = {value}\")\n>                   element = WebDriverWait(self.driver, wait_time).until(\n                        EC.element_to_be_clickable((by, value))\n                    )\n\nPages\\base_page.py:49: \n_ _ _ _ _ _ _ _ _ _ _ _ _ _ _ _ _ _ _ _ _ _ _ _ _ _ _ _ _ _ _ _ _ _ _ _ _ _ _ _ _ _ _ _ _ _ _ _ _ _ _ _ _ _ _ _ _ _ _ _ _ _ _ _ _ _ _ _ _ _ _ _ _ _ _ _ _ _ _ _ _ _ _ _ _ _ _ _ _ _ _ _ _ _ _ _ _ _ _ _ _ _ _ _ _ _ _ _ _ _ _ _ _ _ _ _\n\nself = <selenium.webdriver.support.wait.WebDriverWait (session=\"e703ef9e8e658b3ffde5ff3f84ef278e\")>, method = <function element_to_be_clickable.<locals>._predicate at 0x0000021DE7BAD870>, message = ''\n\n    def until(self, method: Callable[[D], Union[Literal[False], T]], message: str = \"\") -> T:\n        \"\"\"Wait until the method returns a value that is not False.\n    \n        Calls the method provided with the driver as an argument until the\n        return value does not evaluate to ``False``.\n    \n        Parameters:\n        -----------\n        method: callable(WebDriver)\n            - A callable object that takes a WebDriver instance as an argument.\n    \n        message: str\n            - Optional message for :exc:`TimeoutException`\n    \n        Return:\n        -------\n        object: T\n            - The result of the last call to `method`\n    \n        Raises:\n        -------\n        TimeoutException\n            - If 'method' does not return a truthy value within the WebDriverWait\n            object's timeout\n    \n        Example:\n        --------\n        >>> from selenium.webdriver.common.by import By\n        >>> from selenium.webdriver.support.ui import WebDriverWait\n        >>> from selenium.webdriver.support import expected_conditions as EC\n    \n        # Wait until an element is visible on the page\n        >>> wait = WebDriverWait(driver, 10)\n        >>> element = wait.until(EC.visibility_of_element_located((By.ID, \"exampleId\")))\n        >>> print(element.text)\n        \"\"\"\n        screen = None\n        stacktrace = None\n    \n        end_time = time.monotonic() + self._timeout\n        while True:\n            try:\n                value = method(self._driver)\n                if value:\n                    return value\n            except self._ignored_exceptions as exc:\n                screen = getattr(exc, \"screen\", None)\n                stacktrace = getattr(exc, \"stacktrace\", None)\n            if time.monotonic() > end_time:\n                break\n            time.sleep(self._poll)\n>       raise TimeoutException(message, screen, stacktrace)\nE       selenium.common.exceptions.TimeoutException: Message:\n\nmyenv\\lib\\site-packages\\selenium\\webdriver\\support\\wait.py:138: TimeoutException\n\nDuring handling of the above exception, another exception occurred:\n\nself = <test_system.test_module.TestSModulePage object at 0x0000021DE7F2FC40>, login_to_module = <selenium.webdriver.chrome.webdriver.WebDriver (session=\"e703ef9e8e658b3ffde5ff3f84ef278e\")>\n\n    @allure.story(\"模拟Shift+点击可多选ctrl+m编辑\")\n    # @pytest.mark.run(order=1)\n    def test_module_ctrls(self, login_to_module):\n        driver = login_to_module  # WebDriver 实例\n        module = ExpressionPage(driver)  # 用 driver 初始化 ExpressionPage\n        elements = ['//table[@class=\"vxe-table--body\"]//tr[1]//td[1]',\n                    '//table[@class=\"vxe-table--body\"]//tr[2]//td[1]']\n        module.click_button(elements[0])\n        # 第二个单元格 Shift+点击（选择范围）\n        cell2 = module.get_find_element_xpath(elements[1])\n        ActionChains(driver).key_down(Keys.CONTROL).click(cell2).key_up(Keys.CONTROL).perform()\n        sleep(1)\n        ActionChains(driver).key_down(Keys.CONTROL).send_keys('m').key_up(Keys.CONTROL).perform()\n        num = module.finds_elements(By.XPATH, '(//table[@class=\"vxe-table--body\"])[last()]//tr')\n>       module.click_button('//div[@class=\"vxe-modal--footer\"]//span[text()=\"确定\"]')\n\nTests\\test_system\\test_module.py:1493: \n_ _ _ _ _ _ _ _ _ _ _ _ _ _ _ _ _ _ _ _ _ _ _ _ _ _ _ _ _ _ _ _ _ _ _ _ _ _ _ _ _ _ _ _ _ _ _ _ _ _ _ _ _ _ _ _ _ _ _ _ _ _ _ _ _ _ _ _ _ _ _ _ _ _ _ _ _ _ _ _ _ _ _ _ _ _ _ _ _ _ _ _ _ _ _ _ _ _ _ _ _ _ _ _ _ _ _ _ _ _ _ _ _ _ _ _\nPages\\systemPage\\expression_page.py:24: in click_button\n    self.click(By.XPATH, xpath)\n_ _ _ _ _ _ _ _ _ _ _ _ _ _ _ _ _ _ _ _ _ _ _ _ _ _ _ _ _ _ _ _ _ _ _ _ _ _ _ _ _ _ _ _ _ _ _ _ _ _ _ _ _ _ _ _ _ _ _ _ _ _ _ _ _ _ _ _ _ _ _ _ _ _ _ _ _ _ _ _ _ _ _ _ _ _ _ _ _ _ _ _ _ _ _ _ _ _ _ _ _ _ _ _ _ _ _ _ _ _ _ _ _ _ _ _\n\nself = <Pages.systemPage.expression_page.ExpressionPage object at 0x0000021DE7AE9A20>, by_or_element = 'xpath', value = '//div[@class=\"vxe-modal--footer\"]//span[text()=\"确定\"]', wait_time = 10, retries = 2\n\n    def click(self, by_or_element, value=None, wait_time=10, retries=2):\n        \"\"\"\n        更稳健的点击方法：支持定位符或 WebElement，自动处理 stale 元素、点击拦截等问题。\n        \"\"\"\n        for attempt in range(retries):\n            try:\n                if value is not None:\n                    by = by_or_element\n                    logging.info(f\"点击元素：By = {by}, Value = {value}\")\n                    element = WebDriverWait(self.driver, wait_time).until(\n                        EC.element_to_be_clickable((by, value))\n                    )\n                else:\n                    logging.info(\"点击元素：WebElement 对象\")\n                    element = by_or_element\n    \n                element.click()\n                logging.info(\"✅ 点击成功\")\n                return\n    \n            except ElementClickInterceptedException:\n                logging.warning(\"⚠️ 原生点击被拦截，尝试使用 JS 点击\")\n                try:\n                    self.driver.execute_script(\"arguments[0].click();\", element)\n                    logging.info(\"✅ JS 点击成功\")\n                    return\n                except Exception as js_error:\n                    logging.warning(f\"⚠️ JS 点击失败：{js_error}\")\n                    sleep(1)\n                    continue  # 下一轮重试\n    \n            except StaleElementReferenceException:\n                logging.warning(f\"⚠️ 第 {attempt + 1} 次点击失败：元素过期，尝试重新定位\")\n                sleep(1)\n                continue  # 下一轮重试时重新定位\n    \n            except TimeoutException:\n                logging.error(f\"❌ 元素未在 {wait_time} 秒内变为可点击\")\n>               raise TimeoutException(f\"点击失败，找不到元素：{by_or_element} = {value}\")\nE               selenium.common.exceptions.TimeoutException: Message: 点击失败，找不到元素：xpath = //div[@class=\"vxe-modal--footer\"]//span[text()=\"确定\"]\n\nPages\\base_page.py:78: TimeoutException","flaky":false,"newFailed":false,"newBroken":false,"newPassed":false,"retriesCount":3,"retriesStatusChange":false,"beforeStages":[{"name":"login_to_module","time":{"start":1770090662423,"stop":1770090678158,"duration":15735},"status":"passed","steps":[],"attachments":[],"parameters":[],"hasContent":false,"stepsCount":0,"attachmentStep":false,"shouldDisplayMessage":false,"attachmentsCount":0}],"testStage":{"status":"broken","statusMessage":"selenium.common.exceptions.TimeoutException: Message: 点击失败，找不到元素：xpath = //div[@class=\"vxe-modal--footer\"]//span[text()=\"确定\"]","statusTrace":"self = <Pages.systemPage.expression_page.ExpressionPage object at 0x0000021DE7AE9A20>, by_or_element = 'xpath', value = '//div[@class=\"vxe-modal--footer\"]//span[text()=\"确定\"]', wait_time = 10, retries = 2\n\n    def click(self, by_or_element, value=None, wait_time=10, retries=2):\n        \"\"\"\n        更稳健的点击方法：支持定位符或 WebElement，自动处理 stale 元素、点击拦截等问题。\n        \"\"\"\n        for attempt in range(retries):\n            try:\n                if value is not None:\n                    by = by_or_element\n                    logging.info(f\"点击元素：By = {by}, Value = {value}\")\n>                   element = WebDriverWait(self.driver, wait_time).until(\n                        EC.element_to_be_clickable((by, value))\n                    )\n\nPages\\base_page.py:49: \n_ _ _ _ _ _ _ _ _ _ _ _ _ _ _ _ _ _ _ _ _ _ _ _ _ _ _ _ _ _ _ _ _ _ _ _ _ _ _ _ _ _ _ _ _ _ _ _ _ _ _ _ _ _ _ _ _ _ _ _ _ _ _ _ _ _ _ _ _ _ _ _ _ _ _ _ _ _ _ _ _ _ _ _ _ _ _ _ _ _ _ _ _ _ _ _ _ _ _ _ _ _ _ _ _ _ _ _ _ _ _ _ _ _ _ _\n\nself = <selenium.webdriver.support.wait.WebDriverWait (session=\"e703ef9e8e658b3ffde5ff3f84ef278e\")>, method = <function element_to_be_clickable.<locals>._predicate at 0x0000021DE7BAD870>, message = ''\n\n    def until(self, method: Callable[[D], Union[Literal[False], T]], message: str = \"\") -> T:\n        \"\"\"Wait until the method returns a value that is not False.\n    \n        Calls the method provided with the driver as an argument until the\n        return value does not evaluate to ``False``.\n    \n        Parameters:\n        -----------\n        method: callable(WebDriver)\n            - A callable object that takes a WebDriver instance as an argument.\n    \n        message: str\n            - Optional message for :exc:`TimeoutException`\n    \n        Return:\n        -------\n        object: T\n            - The result of the last call to `method`\n    \n        Raises:\n        -------\n        TimeoutException\n            - If 'method' does not return a truthy value within the WebDriverWait\n            object's timeout\n    \n        Example:\n        --------\n        >>> from selenium.webdriver.common.by import By\n        >>> from selenium.webdriver.support.ui import WebDriverWait\n        >>> from selenium.webdriver.support import expected_conditions as EC\n    \n        # Wait until an element is visible on the page\n        >>> wait = WebDriverWait(driver, 10)\n        >>> element = wait.until(EC.visibility_of_element_located((By.ID, \"exampleId\")))\n        >>> print(element.text)\n        \"\"\"\n        screen = None\n        stacktrace = None\n    \n        end_time = time.monotonic() + self._timeout\n        while True:\n            try:\n                value = method(self._driver)\n                if value:\n                    return value\n            except self._ignored_exceptions as exc:\n                screen = getattr(exc, \"screen\", None)\n                stacktrace = getattr(exc, \"stacktrace\", None)\n            if time.monotonic() > end_time:\n                break\n            time.sleep(self._poll)\n>       raise TimeoutException(message, screen, stacktrace)\nE       selenium.common.exceptions.TimeoutException: Message:\n\nmyenv\\lib\\site-packages\\selenium\\webdriver\\support\\wait.py:138: TimeoutException\n\nDuring handling of the above exception, another exception occurred:\n\nself = <test_system.test_module.TestSModulePage object at 0x0000021DE7F2FC40>, login_to_module = <selenium.webdriver.chrome.webdriver.WebDriver (session=\"e703ef9e8e658b3ffde5ff3f84ef278e\")>\n\n    @allure.story(\"模拟Shift+点击可多选ctrl+m编辑\")\n    # @pytest.mark.run(order=1)\n    def test_module_ctrls(self, login_to_module):\n        driver = login_to_module  # WebDriver 实例\n        module = ExpressionPage(driver)  # 用 driver 初始化 ExpressionPage\n        elements = ['//table[@class=\"vxe-table--body\"]//tr[1]//td[1]',\n                    '//table[@class=\"vxe-table--body\"]//tr[2]//td[1]']\n        module.click_button(elements[0])\n        # 第二个单元格 Shift+点击（选择范围）\n        cell2 = module.get_find_element_xpath(elements[1])\n        ActionChains(driver).key_down(Keys.CONTROL).click(cell2).key_up(Keys.CONTROL).perform()\n        sleep(1)\n        ActionChains(driver).key_down(Keys.CONTROL).send_keys('m').key_up(Keys.CONTROL).perform()\n        num = module.finds_elements(By.XPATH, '(//table[@class=\"vxe-table--body\"])[last()]//tr')\n>       module.click_button('//div[@class=\"vxe-modal--footer\"]//span[text()=\"确定\"]')\n\nTests\\test_system\\test_module.py:1493: \n_ _ _ _ _ _ _ _ _ _ _ _ _ _ _ _ _ _ _ _ _ _ _ _ _ _ _ _ _ _ _ _ _ _ _ _ _ _ _ _ _ _ _ _ _ _ _ _ _ _ _ _ _ _ _ _ _ _ _ _ _ _ _ _ _ _ _ _ _ _ _ _ _ _ _ _ _ _ _ _ _ _ _ _ _ _ _ _ _ _ _ _ _ _ _ _ _ _ _ _ _ _ _ _ _ _ _ _ _ _ _ _ _ _ _ _\nPages\\systemPage\\expression_page.py:24: in click_button\n    self.click(By.XPATH, xpath)\n_ _ _ _ _ _ _ _ _ _ _ _ _ _ _ _ _ _ _ _ _ _ _ _ _ _ _ _ _ _ _ _ _ _ _ _ _ _ _ _ _ _ _ _ _ _ _ _ _ _ _ _ _ _ _ _ _ _ _ _ _ _ _ _ _ _ _ _ _ _ _ _ _ _ _ _ _ _ _ _ _ _ _ _ _ _ _ _ _ _ _ _ _ _ _ _ _ _ _ _ _ _ _ _ _ _ _ _ _ _ _ _ _ _ _ _\n\nself = <Pages.systemPage.expression_page.ExpressionPage object at 0x0000021DE7AE9A20>, by_or_element = 'xpath', value = '//div[@class=\"vxe-modal--footer\"]//span[text()=\"确定\"]', wait_time = 10, retries = 2\n\n    def click(self, by_or_element, value=None, wait_time=10, retries=2):\n        \"\"\"\n        更稳健的点击方法：支持定位符或 WebElement，自动处理 stale 元素、点击拦截等问题。\n        \"\"\"\n        for attempt in range(retries):\n            try:\n                if value is not None:\n                    by = by_or_element\n                    logging.info(f\"点击元素：By = {by}, Value = {value}\")\n                    element = WebDriverWait(self.driver, wait_time).until(\n                        EC.element_to_be_clickable((by, value))\n                    )\n                else:\n                    logging.info(\"点击元素：WebElement 对象\")\n                    element = by_or_element\n    \n                element.click()\n                logging.info(\"✅ 点击成功\")\n                return\n    \n            except ElementClickInterceptedException:\n                logging.warning(\"⚠️ 原生点击被拦截，尝试使用 JS 点击\")\n                try:\n                    self.driver.execute_script(\"arguments[0].click();\", element)\n                    logging.info(\"✅ JS 点击成功\")\n                    return\n                except Exception as js_error:\n                    logging.warning(f\"⚠️ JS 点击失败：{js_error}\")\n                    sleep(1)\n                    continue  # 下一轮重试\n    \n            except StaleElementReferenceException:\n                logging.warning(f\"⚠️ 第 {attempt + 1} 次点击失败：元素过期，尝试重新定位\")\n                sleep(1)\n                continue  # 下一轮重试时重新定位\n    \n            except TimeoutException:\n                logging.error(f\"❌ 元素未在 {wait_time} 秒内变为可点击\")\n>               raise TimeoutException(f\"点击失败，找不到元素：{by_or_element} = {value}\")\nE               selenium.common.exceptions.TimeoutException: Message: 点击失败，找不到元素：xpath = //div[@class=\"vxe-modal--footer\"]//span[text()=\"确定\"]\n\nPages\\base_page.py:78: TimeoutException","steps":[],"attachments":[{"uid":"c24900259b18c74f","name":"test_module_ctrls_20260203_120636","source":"c24900259b18c74f.png","type":"image/png","size":69965},{"uid":"591a8310af073274","name":"log","source":"591a8310af073274.txt","type":"text/plain","size":1419}],"parameters":[],"hasContent":true,"stepsCount":0,"attachmentStep":false,"shouldDisplayMessage":true,"attachmentsCount":2},"afterStages":[{"name":"login_to_module::0","time":{"start":1770091625316,"stop":1770091627580,"duration":2264},"status":"passed","steps":[],"attachments":[],"parameters":[],"hasContent":false,"stepsCount":0,"attachmentStep":false,"shouldDisplayMessage":false,"attachmentsCount":0}],"labels":[{"name":"feature","value":"模块管理页用例"},{"name":"story","value":"模拟Shift+点击可多选ctrl+m编辑"},{"name":"parentSuite","value":"Tests.test_system"},{"name":"suite","value":"test_module"},{"name":"subSuite","value":"TestSModulePage"},{"name":"host","value":"WIN-20240820MJV"},{"name":"thread","value":"17248-MainThread"},{"name":"framework","value":"pytest"},{"name":"language","value":"cpython3"},{"name":"package","value":"Tests.test_system.test_module"},{"name":"resultFormat","value":"allure2"}],"parameters":[],"links":[],"hidden":false,"retry":false,"extra":{"severity":"normal","retries":[{"uid":"da6327b067eec221","status":"broken","statusDetails":"selenium.common.exceptions.TimeoutException: Message: 点击失败，找不到元素：xpath = //div[@class=\"vxe-modal--footer\"]//span[text()=\"确定\"]","time":{"start":1770091570817,"stop":1770091583595,"duration":12778}},{"uid":"f6e27e3d9dae7bcf","status":"broken","statusDetails":"selenium.common.exceptions.TimeoutException: Message: \nStacktrace:\n\tGetHandleVerifier [0x0x7ff737376f65+78965]\n\tGetHandleVerifier [0x0x7ff737376fc0+79056]\n\t(No symbol) [0x0x7ff737109dda]\n\t(No symbol) [0x0x7ff7371602ea]\n\t(No symbol) [0x0x7ff73716059c]\n\t(No symbol) [0x0x7ff7371b3f37]\n\t(No symbol) [0x0x7ff7371886af]\n\t(No symbol) [0x0x7ff7371b0dbe]\n\t(No symbol) [0x0x7ff737188443]\n\t(No symbol) [0x0x7ff737151311]\n\t(No symbol) [0x0x7ff7371520a3]\n\tGetHandleVerifier [0x0x7ff73762e26d+2926461]\n\tGetHandleVerifier [0x0x7ff737628993+2903715]\n\tGetHandleVerifier [0x0x7ff737646aed+3026941]\n\tGetHandleVerifier [0x0x7ff7373916fe+187406]\n\tGetHandleVerifier [0x0x7ff7373996ef+220159]\n\tGetHandleVerifier [0x0x7ff73737faf4+114692]\n\tGetHandleVerifier [0x0x7ff73737fca9+115129]\n\tGetHandleVerifier [0x0x7ff7373664d8+10728]\n\tBaseThreadInitThunk [0x0x7ffa14ef7374+20]\n\tRtlUserThreadStart [0x0x7ffa16b1cc91+33]","time":{"start":1770069039158,"stop":1770069049365,"duration":10207}},{"uid":"f46b452edb8cb297","status":"broken","statusDetails":"selenium.common.exceptions.TimeoutException: Message: \nStacktrace:\n\tGetHandleVerifier [0x0x7ff737376f65+78965]\n\tGetHandleVerifier [0x0x7ff737376fc0+79056]\n\t(No symbol) [0x0x7ff737109dda]\n\t(No symbol) [0x0x7ff7371602ea]\n\t(No symbol) [0x0x7ff73716059c]\n\t(No symbol) [0x0x7ff7371b3f37]\n\t(No symbol) [0x0x7ff7371886af]\n\t(No symbol) [0x0x7ff7371b0dbe]\n\t(No symbol) [0x0x7ff737188443]\n\t(No symbol) [0x0x7ff737151311]\n\t(No symbol) [0x0x7ff7371520a3]\n\tGetHandleVerifier [0x0x7ff73762e26d+2926461]\n\tGetHandleVerifier [0x0x7ff737628993+2903715]\n\tGetHandleVerifier [0x0x7ff737646aed+3026941]\n\tGetHandleVerifier [0x0x7ff7373916fe+187406]\n\tGetHandleVerifier [0x0x7ff7373996ef+220159]\n\tGetHandleVerifier [0x0x7ff73737faf4+114692]\n\tGetHandleVerifier [0x0x7ff73737fca9+115129]\n\tGetHandleVerifier [0x0x7ff7373664d8+10728]\n\tBaseThreadInitThunk [0x0x7ffa14ef7374+20]\n\tRtlUserThreadStart [0x0x7ffa16b1cc91+33]","time":{"start":1770069028682,"stop":1770069038824,"duration":10142}}],"categories":[{"name":"Test defects","matchedStatuses":[]}],"tags":[]},"source":"cc3a6684854b96ca.json","parameterValues":[]}