{"uid":"cc64cd8abb2d10bb","name":"test_user_lock3","fullName":"Tests.test_system.test_userRole.TestUserRolePage#test_user_lock3","historyId":"468409088473f25915bd2d34b36b31f1","time":{"start":1764103406881,"stop":1764103431655,"duration":24774},"status":"broken","statusMessage":"selenium.common.exceptions.TimeoutException: Message: \nStacktrace:\n\tGetHandleVerifier [0x0x7ff6140e6f65+78965]\n\tGetHandleVerifier [0x0x7ff6140e6fc0+79056]\n\t(No symbol) [0x0x7ff613e79dda]\n\t(No symbol) [0x0x7ff613ed02ea]\n\t(No symbol) [0x0x7ff613ed059c]\n\t(No symbol) [0x0x7ff613f23f37]\n\t(No symbol) [0x0x7ff613ef86af]\n\t(No symbol) [0x0x7ff613f20dbe]\n\t(No symbol) [0x0x7ff613ef8443]\n\t(No symbol) [0x0x7ff613ec1311]\n\t(No symbol) [0x0x7ff613ec20a3]\n\tGetHandleVerifier [0x0x7ff61439e26d+2926461]\n\tGetHandleVerifier [0x0x7ff614398993+2903715]\n\tGetHandleVerifier [0x0x7ff6143b6aed+3026941]\n\tGetHandleVerifier [0x0x7ff6141016fe+187406]\n\tGetHandleVerifier [0x0x7ff6141096ef+220159]\n\tGetHandleVerifier [0x0x7ff6140efaf4+114692]\n\tGetHandleVerifier [0x0x7ff6140efca9+115129]\n\tGetHandleVerifier [0x0x7ff6140d64d8+10728]\n\tBaseThreadInitThunk [0x0x7ffd261d7374+20]\n\tRtlUserThreadStart [0x0x7ffd2797cc91+33]","statusTrace":"self = <test_system.test_userRole.TestUserRolePage object at 0x000001684B965E10>, login_to_userrole = <selenium.webdriver.chrome.webdriver.WebDriver (session=\"718c1ac24c377cac2f677cf097fe86bc\")>\n\n    @allure.story(\"当前用户没有被锁定，点击解除所有锁定，显示用户未锁定\")\n    # @pytest.mark.run(order=1)\n    def test_user_lock3(self, login_to_userrole):\n        driver = login_to_userrole  # WebDriver 实例\n        user = UserRolePage(driver)  # 用 driver 初始化 UserRolePage\n        name = '1user2'\n        user.select_input(name)\n        sleep(1)\n        user.click_button(f'//table[@class=\"vxe-table--body\"]//tr/td[2]//span[text()=\"{name}\"]')\n        sleep(1)\n        user.click_all_button(\"编辑\")\n        sleep(1)\n        sy = user.get_find_element_xpath('//div[label[text()=\"是否锁定\"]]/div//span').get_attribute(\"class\")\n        if sy == 'ivu-checkbox ivu-checkbox-checked':\n            user.click_button('//div[label[text()=\"是否锁定\"]]/div//span')\n        sleep(1)\n        user.click_all_button(\"保存\")\n        message = user.get_find_message()\n        user.right_refresh()\n        user.select_input(name)\n        sleep(1)\n        table_sy = user.get_find_element_xpath(f'//table[@class=\"vxe-table--body\"]//tr[td[2]//span[text()=\"{name}\"]]/td[6]//span[1]').get_attribute(\"class\")\n        if table_sy == 'vxe-checkbox--icon vxe-icon-checkbox-unchecked':\n            user.click_all_button('解除所有锁定')\n>           message = user.get_error_message()\n\nTests\\test_system\\test_userRole.py:731: \n_ _ _ _ _ _ _ _ _ _ _ _ _ _ _ _ _ _ _ _ _ _ _ _ _ _ _ _ _ _ _ _ _ _ _ _ _ _ _ _ _ _ _ _ _ _ _ _ _ _ _ _ _ _ _ _ _ _ _ _ _ _ _ _ _ _ _ _ _ _ _ _ _ _ _ _ _ _ _ _ _ _ _ _ _ _ _ _ _ _ _ _ _ _ _ _ _ _ _ _ _ _ _ _ _ _ _ _ _ _ _ _ _ _ _ _\nPages\\systemPage\\userRole_page.py:44: in get_error_message\n    message = WebDriverWait(self.driver, 10).until(\n_ _ _ _ _ _ _ _ _ _ _ _ _ _ _ _ _ _ _ _ _ _ _ _ _ _ _ _ _ _ _ _ _ _ _ _ _ _ _ _ _ _ _ _ _ _ _ _ _ _ _ _ _ _ _ _ _ _ _ _ _ _ _ _ _ _ _ _ _ _ _ _ _ _ _ _ _ _ _ _ _ _ _ _ _ _ _ _ _ _ _ _ _ _ _ _ _ _ _ _ _ _ _ _ _ _ _ _ _ _ _ _ _ _ _ _\n\nself = <selenium.webdriver.support.wait.WebDriverWait (session=\"718c1ac24c377cac2f677cf097fe86bc\")>, method = <function visibility_of_element_located.<locals>._predicate at 0x000001684D8C3130>, message = ''\n\n    def until(self, method: Callable[[D], Union[Literal[False], T]], message: str = \"\") -> T:\n        \"\"\"Wait until the method returns a value that is not False.\n    \n        Calls the method provided with the driver as an argument until the\n        return value does not evaluate to ``False``.\n    \n        Parameters:\n        -----------\n        method: callable(WebDriver)\n            - A callable object that takes a WebDriver instance as an argument.\n    \n        message: str\n            - Optional message for :exc:`TimeoutException`\n    \n        Return:\n        -------\n        object: T\n            - The result of the last call to `method`\n    \n        Raises:\n        -------\n        TimeoutException\n            - If 'method' does not return a truthy value within the WebDriverWait\n            object's timeout\n    \n        Example:\n        --------\n        >>> from selenium.webdriver.common.by import By\n        >>> from selenium.webdriver.support.ui import WebDriverWait\n        >>> from selenium.webdriver.support import expected_conditions as EC\n    \n        # Wait until an element is visible on the page\n        >>> wait = WebDriverWait(driver, 10)\n        >>> element = wait.until(EC.visibility_of_element_located((By.ID, \"exampleId\")))\n        >>> print(element.text)\n        \"\"\"\n        screen = None\n        stacktrace = None\n    \n        end_time = time.monotonic() + self._timeout\n        while True:\n            try:\n                value = method(self._driver)\n                if value:\n                    return value\n            except self._ignored_exceptions as exc:\n                screen = getattr(exc, \"screen\", None)\n                stacktrace = getattr(exc, \"stacktrace\", None)\n            if time.monotonic() > end_time:\n                break\n            time.sleep(self._poll)\n>       raise TimeoutException(message, screen, stacktrace)\nE       selenium.common.exceptions.TimeoutException: Message: \nE       Stacktrace:\nE       \tGetHandleVerifier [0x0x7ff6140e6f65+78965]\nE       \tGetHandleVerifier [0x0x7ff6140e6fc0+79056]\nE       \t(No symbol) [0x0x7ff613e79dda]\nE       \t(No symbol) [0x0x7ff613ed02ea]\nE       \t(No symbol) [0x0x7ff613ed059c]\nE       \t(No symbol) [0x0x7ff613f23f37]\nE       \t(No symbol) [0x0x7ff613ef86af]\nE       \t(No symbol) [0x0x7ff613f20dbe]\nE       \t(No symbol) [0x0x7ff613ef8443]\nE       \t(No symbol) [0x0x7ff613ec1311]\nE       \t(No symbol) [0x0x7ff613ec20a3]\nE       \tGetHandleVerifier [0x0x7ff61439e26d+2926461]\nE       \tGetHandleVerifier [0x0x7ff614398993+2903715]\nE       \tGetHandleVerifier [0x0x7ff6143b6aed+3026941]\nE       \tGetHandleVerifier [0x0x7ff6141016fe+187406]\nE       \tGetHandleVerifier [0x0x7ff6141096ef+220159]\nE       \tGetHandleVerifier [0x0x7ff6140efaf4+114692]\nE       \tGetHandleVerifier [0x0x7ff6140efca9+115129]\nE       \tGetHandleVerifier [0x0x7ff6140d64d8+10728]\nE       \tBaseThreadInitThunk [0x0x7ffd261d7374+20]\nE       \tRtlUserThreadStart [0x0x7ffd2797cc91+33]\n\nmyenv\\lib\\site-packages\\selenium\\webdriver\\support\\wait.py:138: TimeoutException","flaky":false,"newFailed":false,"newBroken":false,"newPassed":false,"retriesCount":0,"retriesStatusChange":false,"beforeStages":[{"name":"login_to_userrole","time":{"start":1764103395801,"stop":1764103406881,"duration":11080},"status":"passed","steps":[],"attachments":[],"parameters":[],"hasContent":false,"attachmentStep":false,"stepsCount":0,"attachmentsCount":0,"shouldDisplayMessage":false}],"testStage":{"status":"broken","statusMessage":"selenium.common.exceptions.TimeoutException: Message: \nStacktrace:\n\tGetHandleVerifier [0x0x7ff6140e6f65+78965]\n\tGetHandleVerifier [0x0x7ff6140e6fc0+79056]\n\t(No symbol) [0x0x7ff613e79dda]\n\t(No symbol) [0x0x7ff613ed02ea]\n\t(No symbol) [0x0x7ff613ed059c]\n\t(No symbol) [0x0x7ff613f23f37]\n\t(No symbol) [0x0x7ff613ef86af]\n\t(No symbol) [0x0x7ff613f20dbe]\n\t(No symbol) [0x0x7ff613ef8443]\n\t(No symbol) [0x0x7ff613ec1311]\n\t(No symbol) [0x0x7ff613ec20a3]\n\tGetHandleVerifier [0x0x7ff61439e26d+2926461]\n\tGetHandleVerifier [0x0x7ff614398993+2903715]\n\tGetHandleVerifier [0x0x7ff6143b6aed+3026941]\n\tGetHandleVerifier [0x0x7ff6141016fe+187406]\n\tGetHandleVerifier [0x0x7ff6141096ef+220159]\n\tGetHandleVerifier [0x0x7ff6140efaf4+114692]\n\tGetHandleVerifier [0x0x7ff6140efca9+115129]\n\tGetHandleVerifier [0x0x7ff6140d64d8+10728]\n\tBaseThreadInitThunk [0x0x7ffd261d7374+20]\n\tRtlUserThreadStart [0x0x7ffd2797cc91+33]","statusTrace":"self = <test_system.test_userRole.TestUserRolePage object at 0x000001684B965E10>, login_to_userrole = <selenium.webdriver.chrome.webdriver.WebDriver (session=\"718c1ac24c377cac2f677cf097fe86bc\")>\n\n    @allure.story(\"当前用户没有被锁定，点击解除所有锁定，显示用户未锁定\")\n    # @pytest.mark.run(order=1)\n    def test_user_lock3(self, login_to_userrole):\n        driver = login_to_userrole  # WebDriver 实例\n        user = UserRolePage(driver)  # 用 driver 初始化 UserRolePage\n        name = '1user2'\n        user.select_input(name)\n        sleep(1)\n        user.click_button(f'//table[@class=\"vxe-table--body\"]//tr/td[2]//span[text()=\"{name}\"]')\n        sleep(1)\n        user.click_all_button(\"编辑\")\n        sleep(1)\n        sy = user.get_find_element_xpath('//div[label[text()=\"是否锁定\"]]/div//span').get_attribute(\"class\")\n        if sy == 'ivu-checkbox ivu-checkbox-checked':\n            user.click_button('//div[label[text()=\"是否锁定\"]]/div//span')\n        sleep(1)\n        user.click_all_button(\"保存\")\n        message = user.get_find_message()\n        user.right_refresh()\n        user.select_input(name)\n        sleep(1)\n        table_sy = user.get_find_element_xpath(f'//table[@class=\"vxe-table--body\"]//tr[td[2]//span[text()=\"{name}\"]]/td[6]//span[1]').get_attribute(\"class\")\n        if table_sy == 'vxe-checkbox--icon vxe-icon-checkbox-unchecked':\n            user.click_all_button('解除所有锁定')\n>           message = user.get_error_message()\n\nTests\\test_system\\test_userRole.py:731: \n_ _ _ _ _ _ _ _ _ _ _ _ _ _ _ _ _ _ _ _ _ _ _ _ _ _ _ _ _ _ _ _ _ _ _ _ _ _ _ _ _ _ _ _ _ _ _ _ _ _ _ _ _ _ _ _ _ _ _ _ _ _ _ _ _ _ _ _ _ _ _ _ _ _ _ _ _ _ _ _ _ _ _ _ _ _ _ _ _ _ _ _ _ _ _ _ _ _ _ _ _ _ _ _ _ _ _ _ _ _ _ _ _ _ _ _\nPages\\systemPage\\userRole_page.py:44: in get_error_message\n    message = WebDriverWait(self.driver, 10).until(\n_ _ _ _ _ _ _ _ _ _ _ _ _ _ _ _ _ _ _ _ _ _ _ _ _ _ _ _ _ _ _ _ _ _ _ _ _ _ _ _ _ _ _ _ _ _ _ _ _ _ _ _ _ _ _ _ _ _ _ _ _ _ _ _ _ _ _ _ _ _ _ _ _ _ _ _ _ _ _ _ _ _ _ _ _ _ _ _ _ _ _ _ _ _ _ _ _ _ _ _ _ _ _ _ _ _ _ _ _ _ _ _ _ _ _ _\n\nself = <selenium.webdriver.support.wait.WebDriverWait (session=\"718c1ac24c377cac2f677cf097fe86bc\")>, method = <function visibility_of_element_located.<locals>._predicate at 0x000001684D8C3130>, message = ''\n\n    def until(self, method: Callable[[D], Union[Literal[False], T]], message: str = \"\") -> T:\n        \"\"\"Wait until the method returns a value that is not False.\n    \n        Calls the method provided with the driver as an argument until the\n        return value does not evaluate to ``False``.\n    \n        Parameters:\n        -----------\n        method: callable(WebDriver)\n            - A callable object that takes a WebDriver instance as an argument.\n    \n        message: str\n            - Optional message for :exc:`TimeoutException`\n    \n        Return:\n        -------\n        object: T\n            - The result of the last call to `method`\n    \n        Raises:\n        -------\n        TimeoutException\n            - If 'method' does not return a truthy value within the WebDriverWait\n            object's timeout\n    \n        Example:\n        --------\n        >>> from selenium.webdriver.common.by import By\n        >>> from selenium.webdriver.support.ui import WebDriverWait\n        >>> from selenium.webdriver.support import expected_conditions as EC\n    \n        # Wait until an element is visible on the page\n        >>> wait = WebDriverWait(driver, 10)\n        >>> element = wait.until(EC.visibility_of_element_located((By.ID, \"exampleId\")))\n        >>> print(element.text)\n        \"\"\"\n        screen = None\n        stacktrace = None\n    \n        end_time = time.monotonic() + self._timeout\n        while True:\n            try:\n                value = method(self._driver)\n                if value:\n                    return value\n            except self._ignored_exceptions as exc:\n                screen = getattr(exc, \"screen\", None)\n                stacktrace = getattr(exc, \"stacktrace\", None)\n            if time.monotonic() > end_time:\n                break\n            time.sleep(self._poll)\n>       raise TimeoutException(message, screen, stacktrace)\nE       selenium.common.exceptions.TimeoutException: Message: \nE       Stacktrace:\nE       \tGetHandleVerifier [0x0x7ff6140e6f65+78965]\nE       \tGetHandleVerifier [0x0x7ff6140e6fc0+79056]\nE       \t(No symbol) [0x0x7ff613e79dda]\nE       \t(No symbol) [0x0x7ff613ed02ea]\nE       \t(No symbol) [0x0x7ff613ed059c]\nE       \t(No symbol) [0x0x7ff613f23f37]\nE       \t(No symbol) [0x0x7ff613ef86af]\nE       \t(No symbol) [0x0x7ff613f20dbe]\nE       \t(No symbol) [0x0x7ff613ef8443]\nE       \t(No symbol) [0x0x7ff613ec1311]\nE       \t(No symbol) [0x0x7ff613ec20a3]\nE       \tGetHandleVerifier [0x0x7ff61439e26d+2926461]\nE       \tGetHandleVerifier [0x0x7ff614398993+2903715]\nE       \tGetHandleVerifier [0x0x7ff6143b6aed+3026941]\nE       \tGetHandleVerifier [0x0x7ff6141016fe+187406]\nE       \tGetHandleVerifier [0x0x7ff6141096ef+220159]\nE       \tGetHandleVerifier [0x0x7ff6140efaf4+114692]\nE       \tGetHandleVerifier [0x0x7ff6140efca9+115129]\nE       \tGetHandleVerifier [0x0x7ff6140d64d8+10728]\nE       \tBaseThreadInitThunk [0x0x7ffd261d7374+20]\nE       \tRtlUserThreadStart [0x0x7ffd2797cc91+33]\n\nmyenv\\lib\\site-packages\\selenium\\webdriver\\support\\wait.py:138: TimeoutException","steps":[],"attachments":[{"uid":"eb640d27940cb88e","name":"test_user_lock3_failure","source":"eb640d27940cb88e.png","type":"image/png","size":135163},{"uid":"3a739892aef94691","name":"test_user_lock3_source","source":"3a739892aef94691.html","type":"text/html","size":1212070},{"uid":"4ecdb39502b5a7df","name":"log","source":"4ecdb39502b5a7df.txt","type":"text/plain","size":2817}],"parameters":[],"hasContent":true,"attachmentStep":false,"stepsCount":0,"attachmentsCount":3,"shouldDisplayMessage":true},"afterStages":[{"name":"login_to_userrole::0","time":{"start":1764103431834,"stop":1764103433990,"duration":2156},"status":"passed","steps":[],"attachments":[],"parameters":[],"hasContent":false,"attachmentStep":false,"stepsCount":0,"attachmentsCount":0,"shouldDisplayMessage":false}],"labels":[{"name":"feature","value":"用户权限管理页用例"},{"name":"story","value":"当前用户没有被锁定，点击解除所有锁定，显示用户未锁定"},{"name":"parentSuite","value":"Tests.test_system"},{"name":"suite","value":"test_userRole"},{"name":"subSuite","value":"TestUserRolePage"},{"name":"host","value":"WIN-20240820MJV"},{"name":"thread","value":"35780-MainThread"},{"name":"framework","value":"pytest"},{"name":"language","value":"cpython3"},{"name":"package","value":"Tests.test_system.test_userRole"},{"name":"resultFormat","value":"allure2"}],"parameters":[],"links":[],"hidden":true,"retry":true,"extra":{"categories":[],"tags":[]},"source":"cc64cd8abb2d10bb.json","parameterValues":[]}