{"uid":"cc9dd810b9406067","name":"test_acceptdata_select2","fullName":"Tests.test_system.test_acceptdata.TestSAcceptDataPage#test_acceptdata_select2","historyId":"07048f8ed6466fa01118b7de65b1dd3d","time":{"start":1764031310614,"stop":1764031318808,"duration":8194},"status":"failed","statusMessage":"AssertionError: assert False\n +  where False = all(<generator object TestSAcceptDataPage.test_acceptdata_select2.<locals>.<genexpr> at 0x000001E5C4191540>)","statusTrace":"self = <test_system.test_acceptdata.TestSAcceptDataPage object at 0x000001E5C13A81C0>, login_to_acceptdata = <selenium.webdriver.chrome.webdriver.WebDriver (session=\"e509347667ea774773b98f2ebea16805\")>\n\n    @allure.story(\"过滤条件查询，设置包含条件查询成功\")\n    # @pytest.mark.run(order=1)\n    def test_acceptdata_select2(self, login_to_acceptdata):\n        driver = login_to_acceptdata  # WebDriver 实例\n        acceptdata = ImpPage(driver)  # 用 driver 初始化 ImpPage\n        acceptdata.wait_for_el_loading_mask()\n        name = \"1测试\"\n        acceptdata.click_button('//div[p[text()=\"接口名称\"]]/following-sibling::div//i')\n        acceptdata.hover(\"包含\")\n        sleep(1)\n        acceptdata.select_input(name)\n        sleep(1)\n        eles = acceptdata.finds_elements(By.XPATH, '//table[@class=\"vxe-table--body\"]//tr//td[3]')\n        sleep(1)\n        list_ = [ele.text for ele in eles]\n        assert len(list_) > 0\n>       assert all(name in text for text in list_)\nE       assert False\nE        +  where False = all(<generator object TestSAcceptDataPage.test_acceptdata_select2.<locals>.<genexpr> at 0x000001E5C4191540>)\n\nTests\\test_system\\test_acceptdata.py:296: AssertionError","flaky":false,"newFailed":false,"newBroken":false,"newPassed":false,"retriesCount":0,"retriesStatusChange":false,"beforeStages":[{"name":"login_to_acceptdata","time":{"start":1764031301724,"stop":1764031310613,"duration":8889},"status":"passed","steps":[],"attachments":[],"parameters":[],"attachmentStep":false,"hasContent":false,"stepsCount":0,"attachmentsCount":0,"shouldDisplayMessage":false}],"testStage":{"status":"failed","statusMessage":"AssertionError: assert False\n +  where False = all(<generator object TestSAcceptDataPage.test_acceptdata_select2.<locals>.<genexpr> at 0x000001E5C4191540>)","statusTrace":"self = <test_system.test_acceptdata.TestSAcceptDataPage object at 0x000001E5C13A81C0>, login_to_acceptdata = <selenium.webdriver.chrome.webdriver.WebDriver (session=\"e509347667ea774773b98f2ebea16805\")>\n\n    @allure.story(\"过滤条件查询，设置包含条件查询成功\")\n    # @pytest.mark.run(order=1)\n    def test_acceptdata_select2(self, login_to_acceptdata):\n        driver = login_to_acceptdata  # WebDriver 实例\n        acceptdata = ImpPage(driver)  # 用 driver 初始化 ImpPage\n        acceptdata.wait_for_el_loading_mask()\n        name = \"1测试\"\n        acceptdata.click_button('//div[p[text()=\"接口名称\"]]/following-sibling::div//i')\n        acceptdata.hover(\"包含\")\n        sleep(1)\n        acceptdata.select_input(name)\n        sleep(1)\n        eles = acceptdata.finds_elements(By.XPATH, '//table[@class=\"vxe-table--body\"]//tr//td[3]')\n        sleep(1)\n        list_ = [ele.text for ele in eles]\n        assert len(list_) > 0\n>       assert all(name in text for text in list_)\nE       assert False\nE        +  where False = all(<generator object TestSAcceptDataPage.test_acceptdata_select2.<locals>.<genexpr> at 0x000001E5C4191540>)\n\nTests\\test_system\\test_acceptdata.py:296: AssertionError","steps":[],"attachments":[{"uid":"bc72f13d88c624b5","name":"test_acceptdata_select2_failure","source":"bc72f13d88c624b5.png","type":"image/png","size":58660},{"uid":"948721dd1312a790","name":"test_acceptdata_select2_source","source":"948721dd1312a790.html","type":"text/html","size":1119845},{"uid":"7c59ee067182d94a","name":"log","source":"7c59ee067182d94a.txt","type":"text/plain","size":1641}],"parameters":[],"attachmentStep":false,"hasContent":true,"stepsCount":0,"attachmentsCount":3,"shouldDisplayMessage":true},"afterStages":[{"name":"login_to_acceptdata::0","time":{"start":1764031318965,"stop":1764031321161,"duration":2196},"status":"passed","steps":[],"attachments":[],"parameters":[],"attachmentStep":false,"hasContent":false,"stepsCount":0,"attachmentsCount":0,"shouldDisplayMessage":false}],"labels":[{"name":"feature","value":"接收数据页用例"},{"name":"story","value":"过滤条件查询，设置包含条件查询成功"},{"name":"parentSuite","value":"Tests.test_system"},{"name":"suite","value":"test_acceptdata"},{"name":"subSuite","value":"TestSAcceptDataPage"},{"name":"host","value":"WIN-20240820MJV"},{"name":"thread","value":"17864-MainThread"},{"name":"framework","value":"pytest"},{"name":"language","value":"cpython3"},{"name":"package","value":"Tests.test_system.test_acceptdata"},{"name":"resultFormat","value":"allure2"}],"parameters":[],"links":[],"hidden":true,"retry":true,"extra":{"categories":[],"tags":[]},"source":"cc9dd810b9406067.json","parameterValues":[]}