{"uid":"cfd43ae34252ddec","name":"test_module_ctrlM","fullName":"Tests.test_system.test_module.TestSModulePage#test_module_ctrlM","historyId":"a6ab358c4f7e7fa3b9428e9a43593e35","time":{"start":1768943387187,"stop":1768943401120,"duration":13933},"status":"broken","statusMessage":"selenium.common.exceptions.TimeoutException: Message: \nStacktrace:\n\tGetHandleVerifier [0x0x7ff79dc26f65+78965]\n\tGetHandleVerifier [0x0x7ff79dc26fc0+79056]\n\t(No symbol) [0x0x7ff79d9b9dda]\n\t(No symbol) [0x0x7ff79da102ea]\n\t(No symbol) [0x0x7ff79da1059c]\n\t(No symbol) [0x0x7ff79da63f37]\n\t(No symbol) [0x0x7ff79da386af]\n\t(No symbol) [0x0x7ff79da60dbe]\n\t(No symbol) [0x0x7ff79da38443]\n\t(No symbol) [0x0x7ff79da01311]\n\t(No symbol) [0x0x7ff79da020a3]\n\tGetHandleVerifier [0x0x7ff79dede26d+2926461]\n\tGetHandleVerifier [0x0x7ff79ded8993+2903715]\n\tGetHandleVerifier [0x0x7ff79def6aed+3026941]\n\tGetHandleVerifier [0x0x7ff79dc416fe+187406]\n\tGetHandleVerifier [0x0x7ff79dc496ef+220159]\n\tGetHandleVerifier [0x0x7ff79dc2faf4+114692]\n\tGetHandleVerifier [0x0x7ff79dc2fca9+115129]\n\tGetHandleVerifier [0x0x7ff79dc164d8+10728]\n\tBaseThreadInitThunk [0x0x7ffc4d1c7374+20]\n\tRtlUserThreadStart [0x0x7ffc4ec7cc91+33]","statusTrace":"self = <test_system.test_module.TestSModulePage object at 0x000001A16C366140>, login_to_module = <selenium.webdriver.chrome.webdriver.WebDriver (session=\"4859244702e9f847d7d146e4ce80fe37\")>\n\n    @allure.story(\"模拟ctrl+m修改\")\n    # @pytest.mark.run(order=1)\n    def test_module_ctrlM(self, login_to_module):\n        driver = login_to_module  # WebDriver 实例\n        module = ExpressionPage(driver)  # 用 driver 初始化 ExpressionPage\n        module.click_button('//table[@class=\"vxe-table--body\"]//tr[1]//td[2]')\n        ActionChains(driver).key_down(Keys.CONTROL).send_keys('m').key_up(Keys.CONTROL).perform()\n        module.click_button('(//table[@class=\"vxe-table--body\"]//tr[1]/td[2])[2]')\n        module.enter_texts('(//table[@class=\"vxe-table--body\"]//tr[1]/td[2])[2]//input', '1没有数据修改')\n        ele1 = module.get_find_element_xpath(\n            '(//table[@class=\"vxe-table--body\"]//tr[1]/td[2])[2]//input').get_attribute(\n            \"value\")\n        module.click_button('//div[@class=\"vxe-modal--footer\"]//span[text()=\"确定\"]')\n>       module.get_find_message()\n\nTests\\test_system\\test_module.py:916: \n_ _ _ _ _ _ _ _ _ _ _ _ _ _ _ _ _ _ _ _ _ _ _ _ _ _ _ _ _ _ _ _ _ _ _ _ _ _ _ _ _ _ _ _ _ _ _ _ _ _ _ _ _ _ _ _ _ _ _ _ _ _ _ _ _ _ _ _ _ _ _ _ _ _ _ _ _ _ _ _ _ _ _ _ _ _ _ _ _ _ _ _ _ _ _ _ _ _ _ _ _ _ _ _ _ _ _ _ _ _ _ _ _ _ _ _\nPages\\systemPage\\expression_page.py:35: in get_find_message\n    message = WebDriverWait(self.driver, 10).until(\n_ _ _ _ _ _ _ _ _ _ _ _ _ _ _ _ _ _ _ _ _ _ _ _ _ _ _ _ _ _ _ _ _ _ _ _ _ _ _ _ _ _ _ _ _ _ _ _ _ _ _ _ _ _ _ _ _ _ _ _ _ _ _ _ _ _ _ _ _ _ _ _ _ _ _ _ _ _ _ _ _ _ _ _ _ _ _ _ _ _ _ _ _ _ _ _ _ _ _ _ _ _ _ _ _ _ _ _ _ _ _ _ _ _ _ _\n\nself = <selenium.webdriver.support.wait.WebDriverWait (session=\"4859244702e9f847d7d146e4ce80fe37\")>, method = <function visibility_of_element_located.<locals>._predicate at 0x000001A16E812680>, message = ''\n\n    def until(self, method: Callable[[D], Union[Literal[False], T]], message: str = \"\") -> T:\n        \"\"\"Wait until the method returns a value that is not False.\n    \n        Calls the method provided with the driver as an argument until the\n        return value does not evaluate to ``False``.\n    \n        Parameters:\n        -----------\n        method: callable(WebDriver)\n            - A callable object that takes a WebDriver instance as an argument.\n    \n        message: str\n            - Optional message for :exc:`TimeoutException`\n    \n        Return:\n        -------\n        object: T\n            - The result of the last call to `method`\n    \n        Raises:\n        -------\n        TimeoutException\n            - If 'method' does not return a truthy value within the WebDriverWait\n            object's timeout\n    \n        Example:\n        --------\n        >>> from selenium.webdriver.common.by import By\n        >>> from selenium.webdriver.support.ui import WebDriverWait\n        >>> from selenium.webdriver.support import expected_conditions as EC\n    \n        # Wait until an element is visible on the page\n        >>> wait = WebDriverWait(driver, 10)\n        >>> element = wait.until(EC.visibility_of_element_located((By.ID, \"exampleId\")))\n        >>> print(element.text)\n        \"\"\"\n        screen = None\n        stacktrace = None\n    \n        end_time = time.monotonic() + self._timeout\n        while True:\n            try:\n                value = method(self._driver)\n                if value:\n                    return value\n            except self._ignored_exceptions as exc:\n                screen = getattr(exc, \"screen\", None)\n                stacktrace = getattr(exc, \"stacktrace\", None)\n            if time.monotonic() > end_time:\n                break\n            time.sleep(self._poll)\n>       raise TimeoutException(message, screen, stacktrace)\nE       selenium.common.exceptions.TimeoutException: Message: \nE       Stacktrace:\nE       \tGetHandleVerifier [0x0x7ff79dc26f65+78965]\nE       \tGetHandleVerifier [0x0x7ff79dc26fc0+79056]\nE       \t(No symbol) [0x0x7ff79d9b9dda]\nE       \t(No symbol) [0x0x7ff79da102ea]\nE       \t(No symbol) [0x0x7ff79da1059c]\nE       \t(No symbol) [0x0x7ff79da63f37]\nE       \t(No symbol) [0x0x7ff79da386af]\nE       \t(No symbol) [0x0x7ff79da60dbe]\nE       \t(No symbol) [0x0x7ff79da38443]\nE       \t(No symbol) [0x0x7ff79da01311]\nE       \t(No symbol) [0x0x7ff79da020a3]\nE       \tGetHandleVerifier [0x0x7ff79dede26d+2926461]\nE       \tGetHandleVerifier [0x0x7ff79ded8993+2903715]\nE       \tGetHandleVerifier [0x0x7ff79def6aed+3026941]\nE       \tGetHandleVerifier [0x0x7ff79dc416fe+187406]\nE       \tGetHandleVerifier [0x0x7ff79dc496ef+220159]\nE       \tGetHandleVerifier [0x0x7ff79dc2faf4+114692]\nE       \tGetHandleVerifier [0x0x7ff79dc2fca9+115129]\nE       \tGetHandleVerifier [0x0x7ff79dc164d8+10728]\nE       \tBaseThreadInitThunk [0x0x7ffc4d1c7374+20]\nE       \tRtlUserThreadStart [0x0x7ffc4ec7cc91+33]\n\nmyenv\\lib\\site-packages\\selenium\\webdriver\\support\\wait.py:138: TimeoutException","flaky":false,"newFailed":false,"newBroken":false,"newPassed":false,"retriesCount":1,"retriesStatusChange":false,"beforeStages":[{"name":"login_to_module","time":{"start":1768942976323,"stop":1768942990300,"duration":13977},"status":"passed","steps":[],"attachments":[],"parameters":[],"hasContent":false,"attachmentStep":false,"stepsCount":0,"attachmentsCount":0,"shouldDisplayMessage":false}],"testStage":{"status":"broken","statusMessage":"selenium.common.exceptions.TimeoutException: Message: \nStacktrace:\n\tGetHandleVerifier [0x0x7ff79dc26f65+78965]\n\tGetHandleVerifier [0x0x7ff79dc26fc0+79056]\n\t(No symbol) [0x0x7ff79d9b9dda]\n\t(No symbol) [0x0x7ff79da102ea]\n\t(No symbol) [0x0x7ff79da1059c]\n\t(No symbol) [0x0x7ff79da63f37]\n\t(No symbol) [0x0x7ff79da386af]\n\t(No symbol) [0x0x7ff79da60dbe]\n\t(No symbol) [0x0x7ff79da38443]\n\t(No symbol) [0x0x7ff79da01311]\n\t(No symbol) [0x0x7ff79da020a3]\n\tGetHandleVerifier [0x0x7ff79dede26d+2926461]\n\tGetHandleVerifier [0x0x7ff79ded8993+2903715]\n\tGetHandleVerifier [0x0x7ff79def6aed+3026941]\n\tGetHandleVerifier [0x0x7ff79dc416fe+187406]\n\tGetHandleVerifier [0x0x7ff79dc496ef+220159]\n\tGetHandleVerifier [0x0x7ff79dc2faf4+114692]\n\tGetHandleVerifier [0x0x7ff79dc2fca9+115129]\n\tGetHandleVerifier [0x0x7ff79dc164d8+10728]\n\tBaseThreadInitThunk [0x0x7ffc4d1c7374+20]\n\tRtlUserThreadStart [0x0x7ffc4ec7cc91+33]","statusTrace":"self = <test_system.test_module.TestSModulePage object at 0x000001A16C366140>, login_to_module = <selenium.webdriver.chrome.webdriver.WebDriver (session=\"4859244702e9f847d7d146e4ce80fe37\")>\n\n    @allure.story(\"模拟ctrl+m修改\")\n    # @pytest.mark.run(order=1)\n    def test_module_ctrlM(self, login_to_module):\n        driver = login_to_module  # WebDriver 实例\n        module = ExpressionPage(driver)  # 用 driver 初始化 ExpressionPage\n        module.click_button('//table[@class=\"vxe-table--body\"]//tr[1]//td[2]')\n        ActionChains(driver).key_down(Keys.CONTROL).send_keys('m').key_up(Keys.CONTROL).perform()\n        module.click_button('(//table[@class=\"vxe-table--body\"]//tr[1]/td[2])[2]')\n        module.enter_texts('(//table[@class=\"vxe-table--body\"]//tr[1]/td[2])[2]//input', '1没有数据修改')\n        ele1 = module.get_find_element_xpath(\n            '(//table[@class=\"vxe-table--body\"]//tr[1]/td[2])[2]//input').get_attribute(\n            \"value\")\n        module.click_button('//div[@class=\"vxe-modal--footer\"]//span[text()=\"确定\"]')\n>       module.get_find_message()\n\nTests\\test_system\\test_module.py:916: \n_ _ _ _ _ _ _ _ _ _ _ _ _ _ _ _ _ _ _ _ _ _ _ _ _ _ _ _ _ _ _ _ _ _ _ _ _ _ _ _ _ _ _ _ _ _ _ _ _ _ _ _ _ _ _ _ _ _ _ _ _ _ _ _ _ _ _ _ _ _ _ _ _ _ _ _ _ _ _ _ _ _ _ _ _ _ _ _ _ _ _ _ _ _ _ _ _ _ _ _ _ _ _ _ _ _ _ _ _ _ _ _ _ _ _ _\nPages\\systemPage\\expression_page.py:35: in get_find_message\n    message = WebDriverWait(self.driver, 10).until(\n_ _ _ _ _ _ _ _ _ _ _ _ _ _ _ _ _ _ _ _ _ _ _ _ _ _ _ _ _ _ _ _ _ _ _ _ _ _ _ _ _ _ _ _ _ _ _ _ _ _ _ _ _ _ _ _ _ _ _ _ _ _ _ _ _ _ _ _ _ _ _ _ _ _ _ _ _ _ _ _ _ _ _ _ _ _ _ _ _ _ _ _ _ _ _ _ _ _ _ _ _ _ _ _ _ _ _ _ _ _ _ _ _ _ _ _\n\nself = <selenium.webdriver.support.wait.WebDriverWait (session=\"4859244702e9f847d7d146e4ce80fe37\")>, method = <function visibility_of_element_located.<locals>._predicate at 0x000001A16E812680>, message = ''\n\n    def until(self, method: Callable[[D], Union[Literal[False], T]], message: str = \"\") -> T:\n        \"\"\"Wait until the method returns a value that is not False.\n    \n        Calls the method provided with the driver as an argument until the\n        return value does not evaluate to ``False``.\n    \n        Parameters:\n        -----------\n        method: callable(WebDriver)\n            - A callable object that takes a WebDriver instance as an argument.\n    \n        message: str\n            - Optional message for :exc:`TimeoutException`\n    \n        Return:\n        -------\n        object: T\n            - The result of the last call to `method`\n    \n        Raises:\n        -------\n        TimeoutException\n            - If 'method' does not return a truthy value within the WebDriverWait\n            object's timeout\n    \n        Example:\n        --------\n        >>> from selenium.webdriver.common.by import By\n        >>> from selenium.webdriver.support.ui import WebDriverWait\n        >>> from selenium.webdriver.support import expected_conditions as EC\n    \n        # Wait until an element is visible on the page\n        >>> wait = WebDriverWait(driver, 10)\n        >>> element = wait.until(EC.visibility_of_element_located((By.ID, \"exampleId\")))\n        >>> print(element.text)\n        \"\"\"\n        screen = None\n        stacktrace = None\n    \n        end_time = time.monotonic() + self._timeout\n        while True:\n            try:\n                value = method(self._driver)\n                if value:\n                    return value\n            except self._ignored_exceptions as exc:\n                screen = getattr(exc, \"screen\", None)\n                stacktrace = getattr(exc, \"stacktrace\", None)\n            if time.monotonic() > end_time:\n                break\n            time.sleep(self._poll)\n>       raise TimeoutException(message, screen, stacktrace)\nE       selenium.common.exceptions.TimeoutException: Message: \nE       Stacktrace:\nE       \tGetHandleVerifier [0x0x7ff79dc26f65+78965]\nE       \tGetHandleVerifier [0x0x7ff79dc26fc0+79056]\nE       \t(No symbol) [0x0x7ff79d9b9dda]\nE       \t(No symbol) [0x0x7ff79da102ea]\nE       \t(No symbol) [0x0x7ff79da1059c]\nE       \t(No symbol) [0x0x7ff79da63f37]\nE       \t(No symbol) [0x0x7ff79da386af]\nE       \t(No symbol) [0x0x7ff79da60dbe]\nE       \t(No symbol) [0x0x7ff79da38443]\nE       \t(No symbol) [0x0x7ff79da01311]\nE       \t(No symbol) [0x0x7ff79da020a3]\nE       \tGetHandleVerifier [0x0x7ff79dede26d+2926461]\nE       \tGetHandleVerifier [0x0x7ff79ded8993+2903715]\nE       \tGetHandleVerifier [0x0x7ff79def6aed+3026941]\nE       \tGetHandleVerifier [0x0x7ff79dc416fe+187406]\nE       \tGetHandleVerifier [0x0x7ff79dc496ef+220159]\nE       \tGetHandleVerifier [0x0x7ff79dc2faf4+114692]\nE       \tGetHandleVerifier [0x0x7ff79dc2fca9+115129]\nE       \tGetHandleVerifier [0x0x7ff79dc164d8+10728]\nE       \tBaseThreadInitThunk [0x0x7ffc4d1c7374+20]\nE       \tRtlUserThreadStart [0x0x7ffc4ec7cc91+33]\n\nmyenv\\lib\\site-packages\\selenium\\webdriver\\support\\wait.py:138: TimeoutException","steps":[],"attachments":[{"uid":"deb87102eb9ba1c9","name":"test_module_ctrlM_20260121_051001","source":"deb87102eb9ba1c9.png","type":"image/png","size":109604},{"uid":"659bf77eac56873c","name":"test_module_ctrlM_20260121_051001","source":"659bf77eac56873c.png","type":"image/png","size":109637},{"uid":"805711ac1de78551","name":"test_module_ctrlM_20260121_051001","source":"805711ac1de78551.png","type":"image/png","size":249114},{"uid":"e4067081b075bc92","name":"test_module_ctrlM_20260121_051001","source":"e4067081b075bc92.png","type":"image/png","size":149727},{"uid":"62c51b499a2ce08a","name":"log","source":"62c51b499a2ce08a.txt","type":"text/plain","size":1911}],"parameters":[],"hasContent":true,"attachmentStep":false,"stepsCount":0,"attachmentsCount":5,"shouldDisplayMessage":true},"afterStages":[{"name":"login_to_module::0","time":{"start":1768943494195,"stop":1768943496379,"duration":2184},"status":"passed","steps":[],"attachments":[],"parameters":[],"hasContent":false,"attachmentStep":false,"stepsCount":0,"attachmentsCount":0,"shouldDisplayMessage":false}],"labels":[{"name":"feature","value":"模块管理页用例"},{"name":"story","value":"模拟ctrl+m修改"},{"name":"parentSuite","value":"Tests.test_system"},{"name":"suite","value":"test_module"},{"name":"subSuite","value":"TestSModulePage"},{"name":"host","value":"WIN-20240820MJV"},{"name":"thread","value":"43840-MainThread"},{"name":"framework","value":"pytest"},{"name":"language","value":"cpython3"},{"name":"package","value":"Tests.test_system.test_module"},{"name":"resultFormat","value":"allure2"}],"parameters":[],"links":[],"hidden":false,"retry":false,"extra":{"severity":"normal","retries":[{"uid":"7f0de8b6b192276f","status":"broken","statusDetails":"selenium.common.exceptions.TimeoutException: Message: \nStacktrace:\n\tGetHandleVerifier [0x0x7ff79dc26f65+78965]\n\tGetHandleVerifier [0x0x7ff79dc26fc0+79056]\n\t(No symbol) [0x0x7ff79d9b9dda]\n\t(No symbol) [0x0x7ff79da102ea]\n\t(No symbol) [0x0x7ff79da1059c]\n\t(No symbol) [0x0x7ff79da63f37]\n\t(No symbol) [0x0x7ff79da386af]\n\t(No symbol) [0x0x7ff79da60dbe]\n\t(No symbol) [0x0x7ff79da38443]\n\t(No symbol) [0x0x7ff79da01311]\n\t(No symbol) [0x0x7ff79da020a3]\n\tGetHandleVerifier [0x0x7ff79dede26d+2926461]\n\tGetHandleVerifier [0x0x7ff79ded8993+2903715]\n\tGetHandleVerifier [0x0x7ff79def6aed+3026941]\n\tGetHandleVerifier [0x0x7ff79dc416fe+187406]\n\tGetHandleVerifier [0x0x7ff79dc496ef+220159]\n\tGetHandleVerifier [0x0x7ff79dc2faf4+114692]\n\tGetHandleVerifier [0x0x7ff79dc2fca9+115129]\n\tGetHandleVerifier [0x0x7ff79dc164d8+10728]\n\tBaseThreadInitThunk [0x0x7ffc4d1c7374+20]\n\tRtlUserThreadStart [0x0x7ffc4ec7cc91+33]","time":{"start":1768943372794,"stop":1768943386648,"duration":13854}}],"categories":[{"name":"Test defects","matchedStatuses":[]}],"tags":[]},"source":"cfd43ae34252ddec.json","parameterValues":[]}