{"uid":"d0ee6ec7e8d98f0f","name":"test_module_ctrlI","fullName":"Tests.test_system.test_module.TestSModulePage#test_module_ctrlI","historyId":"3be12f027a69cdc4db5f8e1c5e888e47","time":{"start":1769464102238,"stop":1769464227104,"duration":124866},"status":"broken","statusMessage":"selenium.common.exceptions.TimeoutException: Message: \nStacktrace:\n\tGetHandleVerifier [0x0x7ff6f1146f65+78965]\n\tGetHandleVerifier [0x0x7ff6f1146fc0+79056]\n\t(No symbol) [0x0x7ff6f0ed9dda]\n\t(No symbol) [0x0x7ff6f0f302ea]\n\t(No symbol) [0x0x7ff6f0f3059c]\n\t(No symbol) [0x0x7ff6f0f83f37]\n\t(No symbol) [0x0x7ff6f0f586af]\n\t(No symbol) [0x0x7ff6f0f80dbe]\n\t(No symbol) [0x0x7ff6f0f58443]\n\t(No symbol) [0x0x7ff6f0f21311]\n\t(No symbol) [0x0x7ff6f0f220a3]\n\tGetHandleVerifier [0x0x7ff6f13fe26d+2926461]\n\tGetHandleVerifier [0x0x7ff6f13f8993+2903715]\n\tGetHandleVerifier [0x0x7ff6f1416aed+3026941]\n\tGetHandleVerifier [0x0x7ff6f11616fe+187406]\n\tGetHandleVerifier [0x0x7ff6f11696ef+220159]\n\tGetHandleVerifier [0x0x7ff6f114faf4+114692]\n\tGetHandleVerifier [0x0x7ff6f114fca9+115129]\n\tGetHandleVerifier [0x0x7ff6f11364d8+10728]\n\tBaseThreadInitThunk [0x0x7ffd42e67374+20]\n\tRtlUserThreadStart [0x0x7ffd43a1cc91+33]","statusTrace":"self = <test_system.test_module.TestSModulePage object at 0x0000022063AF2020>, login_to_module = <selenium.webdriver.chrome.webdriver.WebDriver (session=\"6e7074793354c0680d975b7fa858ec50\")>\n\n    @allure.story(\"模拟ctrl+i添加\")\n    # @pytest.mark.run(order=1)\n    def test_module_ctrlI(self, login_to_module):\n        driver = login_to_module  # WebDriver 实例\n        module = ExpressionPage(driver)  # 用 driver 初始化 ExpressionPage\n        module.click_button('//table[@class=\"vxe-table--body\"]//tr[2]//td[2]')\n        ActionChains(driver).key_down(Keys.CONTROL).send_keys('i').key_up(Keys.CONTROL).perform()\n        module.click_button('(//table[@class=\"vxe-table--body\"]//tr[1]/td[2])[2]')\n        module.enter_texts('(//table[@class=\"vxe-table--body\"]//tr[1]/td[2])[2]//input', '1没有数据添加')\n        sleep(1)\n        ele1 = module.get_find_element_xpath(\n            '(//table[@class=\"vxe-table--body\"]//tr[1]/td[2])[2]//input').get_attribute(\n            \"value\")\n        module.click_button('//div[@class=\"vxe-modal--footer\"]//span[text()=\"确定\"]')\n>       module.get_find_message()\n\nTests\\test_system\\test_module.py:1368: \n_ _ _ _ _ _ _ _ _ _ _ _ _ _ _ _ _ _ _ _ _ _ _ _ _ _ _ _ _ _ _ _ _ _ _ _ _ _ _ _ _ _ _ _ _ _ _ _ _ _ _ _ _ _ _ _ _ _ _ _ _ _ _ _ _ _ _ _ _ _ _ _ _ _ _ _ _ _ _ _ _ _ _ _ _ _ _ _ _ _ _ _ _ _ _ _ _ _ _ _ _ _ _ _ _ _ _ _ _ _ _ _ _ _ _ _\nPages\\systemPage\\expression_page.py:35: in get_find_message\n    message = WebDriverWait(self.driver, 120).until(\n_ _ _ _ _ _ _ _ _ _ _ _ _ _ _ _ _ _ _ _ _ _ _ _ _ _ _ _ _ _ _ _ _ _ _ _ _ _ _ _ _ _ _ _ _ _ _ _ _ _ _ _ _ _ _ _ _ _ _ _ _ _ _ _ _ _ _ _ _ _ _ _ _ _ _ _ _ _ _ _ _ _ _ _ _ _ _ _ _ _ _ _ _ _ _ _ _ _ _ _ _ _ _ _ _ _ _ _ _ _ _ _ _ _ _ _\n\nself = <selenium.webdriver.support.wait.WebDriverWait (session=\"6e7074793354c0680d975b7fa858ec50\")>, method = <function visibility_of_element_located.<locals>._predicate at 0x00000220664F5360>, message = ''\n\n    def until(self, method: Callable[[D], Union[Literal[False], T]], message: str = \"\") -> T:\n        \"\"\"Wait until the method returns a value that is not False.\n    \n        Calls the method provided with the driver as an argument until the\n        return value does not evaluate to ``False``.\n    \n        Parameters:\n        -----------\n        method: callable(WebDriver)\n            - A callable object that takes a WebDriver instance as an argument.\n    \n        message: str\n            - Optional message for :exc:`TimeoutException`\n    \n        Return:\n        -------\n        object: T\n            - The result of the last call to `method`\n    \n        Raises:\n        -------\n        TimeoutException\n            - If 'method' does not return a truthy value within the WebDriverWait\n            object's timeout\n    \n        Example:\n        --------\n        >>> from selenium.webdriver.common.by import By\n        >>> from selenium.webdriver.support.ui import WebDriverWait\n        >>> from selenium.webdriver.support import expected_conditions as EC\n    \n        # Wait until an element is visible on the page\n        >>> wait = WebDriverWait(driver, 10)\n        >>> element = wait.until(EC.visibility_of_element_located((By.ID, \"exampleId\")))\n        >>> print(element.text)\n        \"\"\"\n        screen = None\n        stacktrace = None\n    \n        end_time = time.monotonic() + self._timeout\n        while True:\n            try:\n                value = method(self._driver)\n                if value:\n                    return value\n            except self._ignored_exceptions as exc:\n                screen = getattr(exc, \"screen\", None)\n                stacktrace = getattr(exc, \"stacktrace\", None)\n            if time.monotonic() > end_time:\n                break\n            time.sleep(self._poll)\n>       raise TimeoutException(message, screen, stacktrace)\nE       selenium.common.exceptions.TimeoutException: Message: \nE       Stacktrace:\nE       \tGetHandleVerifier [0x0x7ff6f1146f65+78965]\nE       \tGetHandleVerifier [0x0x7ff6f1146fc0+79056]\nE       \t(No symbol) [0x0x7ff6f0ed9dda]\nE       \t(No symbol) [0x0x7ff6f0f302ea]\nE       \t(No symbol) [0x0x7ff6f0f3059c]\nE       \t(No symbol) [0x0x7ff6f0f83f37]\nE       \t(No symbol) [0x0x7ff6f0f586af]\nE       \t(No symbol) [0x0x7ff6f0f80dbe]\nE       \t(No symbol) [0x0x7ff6f0f58443]\nE       \t(No symbol) [0x0x7ff6f0f21311]\nE       \t(No symbol) [0x0x7ff6f0f220a3]\nE       \tGetHandleVerifier [0x0x7ff6f13fe26d+2926461]\nE       \tGetHandleVerifier [0x0x7ff6f13f8993+2903715]\nE       \tGetHandleVerifier [0x0x7ff6f1416aed+3026941]\nE       \tGetHandleVerifier [0x0x7ff6f11616fe+187406]\nE       \tGetHandleVerifier [0x0x7ff6f11696ef+220159]\nE       \tGetHandleVerifier [0x0x7ff6f114faf4+114692]\nE       \tGetHandleVerifier [0x0x7ff6f114fca9+115129]\nE       \tGetHandleVerifier [0x0x7ff6f11364d8+10728]\nE       \tBaseThreadInitThunk [0x0x7ffd42e67374+20]\nE       \tRtlUserThreadStart [0x0x7ffd43a1cc91+33]\n\nmyenv\\lib\\site-packages\\selenium\\webdriver\\support\\wait.py:138: TimeoutException","flaky":false,"newFailed":false,"newBroken":false,"newPassed":false,"retriesCount":1,"retriesStatusChange":false,"beforeStages":[{"name":"login_to_module","time":{"start":1769463323730,"stop":1769463337891,"duration":14161},"status":"passed","steps":[],"attachments":[],"parameters":[],"hasContent":false,"attachmentStep":false,"stepsCount":0,"attachmentsCount":0,"shouldDisplayMessage":false}],"testStage":{"status":"broken","statusMessage":"selenium.common.exceptions.TimeoutException: Message: \nStacktrace:\n\tGetHandleVerifier [0x0x7ff6f1146f65+78965]\n\tGetHandleVerifier [0x0x7ff6f1146fc0+79056]\n\t(No symbol) [0x0x7ff6f0ed9dda]\n\t(No symbol) [0x0x7ff6f0f302ea]\n\t(No symbol) [0x0x7ff6f0f3059c]\n\t(No symbol) [0x0x7ff6f0f83f37]\n\t(No symbol) [0x0x7ff6f0f586af]\n\t(No symbol) [0x0x7ff6f0f80dbe]\n\t(No symbol) [0x0x7ff6f0f58443]\n\t(No symbol) [0x0x7ff6f0f21311]\n\t(No symbol) [0x0x7ff6f0f220a3]\n\tGetHandleVerifier [0x0x7ff6f13fe26d+2926461]\n\tGetHandleVerifier [0x0x7ff6f13f8993+2903715]\n\tGetHandleVerifier [0x0x7ff6f1416aed+3026941]\n\tGetHandleVerifier [0x0x7ff6f11616fe+187406]\n\tGetHandleVerifier [0x0x7ff6f11696ef+220159]\n\tGetHandleVerifier [0x0x7ff6f114faf4+114692]\n\tGetHandleVerifier [0x0x7ff6f114fca9+115129]\n\tGetHandleVerifier [0x0x7ff6f11364d8+10728]\n\tBaseThreadInitThunk [0x0x7ffd42e67374+20]\n\tRtlUserThreadStart [0x0x7ffd43a1cc91+33]","statusTrace":"self = <test_system.test_module.TestSModulePage object at 0x0000022063AF2020>, login_to_module = <selenium.webdriver.chrome.webdriver.WebDriver (session=\"6e7074793354c0680d975b7fa858ec50\")>\n\n    @allure.story(\"模拟ctrl+i添加\")\n    # @pytest.mark.run(order=1)\n    def test_module_ctrlI(self, login_to_module):\n        driver = login_to_module  # WebDriver 实例\n        module = ExpressionPage(driver)  # 用 driver 初始化 ExpressionPage\n        module.click_button('//table[@class=\"vxe-table--body\"]//tr[2]//td[2]')\n        ActionChains(driver).key_down(Keys.CONTROL).send_keys('i').key_up(Keys.CONTROL).perform()\n        module.click_button('(//table[@class=\"vxe-table--body\"]//tr[1]/td[2])[2]')\n        module.enter_texts('(//table[@class=\"vxe-table--body\"]//tr[1]/td[2])[2]//input', '1没有数据添加')\n        sleep(1)\n        ele1 = module.get_find_element_xpath(\n            '(//table[@class=\"vxe-table--body\"]//tr[1]/td[2])[2]//input').get_attribute(\n            \"value\")\n        module.click_button('//div[@class=\"vxe-modal--footer\"]//span[text()=\"确定\"]')\n>       module.get_find_message()\n\nTests\\test_system\\test_module.py:1368: \n_ _ _ _ _ _ _ _ _ _ _ _ _ _ _ _ _ _ _ _ _ _ _ _ _ _ _ _ _ _ _ _ _ _ _ _ _ _ _ _ _ _ _ _ _ _ _ _ _ _ _ _ _ _ _ _ _ _ _ _ _ _ _ _ _ _ _ _ _ _ _ _ _ _ _ _ _ _ _ _ _ _ _ _ _ _ _ _ _ _ _ _ _ _ _ _ _ _ _ _ _ _ _ _ _ _ _ _ _ _ _ _ _ _ _ _\nPages\\systemPage\\expression_page.py:35: in get_find_message\n    message = WebDriverWait(self.driver, 120).until(\n_ _ _ _ _ _ _ _ _ _ _ _ _ _ _ _ _ _ _ _ _ _ _ _ _ _ _ _ _ _ _ _ _ _ _ _ _ _ _ _ _ _ _ _ _ _ _ _ _ _ _ _ _ _ _ _ _ _ _ _ _ _ _ _ _ _ _ _ _ _ _ _ _ _ _ _ _ _ _ _ _ _ _ _ _ _ _ _ _ _ _ _ _ _ _ _ _ _ _ _ _ _ _ _ _ _ _ _ _ _ _ _ _ _ _ _\n\nself = <selenium.webdriver.support.wait.WebDriverWait (session=\"6e7074793354c0680d975b7fa858ec50\")>, method = <function visibility_of_element_located.<locals>._predicate at 0x00000220664F5360>, message = ''\n\n    def until(self, method: Callable[[D], Union[Literal[False], T]], message: str = \"\") -> T:\n        \"\"\"Wait until the method returns a value that is not False.\n    \n        Calls the method provided with the driver as an argument until the\n        return value does not evaluate to ``False``.\n    \n        Parameters:\n        -----------\n        method: callable(WebDriver)\n            - A callable object that takes a WebDriver instance as an argument.\n    \n        message: str\n            - Optional message for :exc:`TimeoutException`\n    \n        Return:\n        -------\n        object: T\n            - The result of the last call to `method`\n    \n        Raises:\n        -------\n        TimeoutException\n            - If 'method' does not return a truthy value within the WebDriverWait\n            object's timeout\n    \n        Example:\n        --------\n        >>> from selenium.webdriver.common.by import By\n        >>> from selenium.webdriver.support.ui import WebDriverWait\n        >>> from selenium.webdriver.support import expected_conditions as EC\n    \n        # Wait until an element is visible on the page\n        >>> wait = WebDriverWait(driver, 10)\n        >>> element = wait.until(EC.visibility_of_element_located((By.ID, \"exampleId\")))\n        >>> print(element.text)\n        \"\"\"\n        screen = None\n        stacktrace = None\n    \n        end_time = time.monotonic() + self._timeout\n        while True:\n            try:\n                value = method(self._driver)\n                if value:\n                    return value\n            except self._ignored_exceptions as exc:\n                screen = getattr(exc, \"screen\", None)\n                stacktrace = getattr(exc, \"stacktrace\", None)\n            if time.monotonic() > end_time:\n                break\n            time.sleep(self._poll)\n>       raise TimeoutException(message, screen, stacktrace)\nE       selenium.common.exceptions.TimeoutException: Message: \nE       Stacktrace:\nE       \tGetHandleVerifier [0x0x7ff6f1146f65+78965]\nE       \tGetHandleVerifier [0x0x7ff6f1146fc0+79056]\nE       \t(No symbol) [0x0x7ff6f0ed9dda]\nE       \t(No symbol) [0x0x7ff6f0f302ea]\nE       \t(No symbol) [0x0x7ff6f0f3059c]\nE       \t(No symbol) [0x0x7ff6f0f83f37]\nE       \t(No symbol) [0x0x7ff6f0f586af]\nE       \t(No symbol) [0x0x7ff6f0f80dbe]\nE       \t(No symbol) [0x0x7ff6f0f58443]\nE       \t(No symbol) [0x0x7ff6f0f21311]\nE       \t(No symbol) [0x0x7ff6f0f220a3]\nE       \tGetHandleVerifier [0x0x7ff6f13fe26d+2926461]\nE       \tGetHandleVerifier [0x0x7ff6f13f8993+2903715]\nE       \tGetHandleVerifier [0x0x7ff6f1416aed+3026941]\nE       \tGetHandleVerifier [0x0x7ff6f11616fe+187406]\nE       \tGetHandleVerifier [0x0x7ff6f11696ef+220159]\nE       \tGetHandleVerifier [0x0x7ff6f114faf4+114692]\nE       \tGetHandleVerifier [0x0x7ff6f114fca9+115129]\nE       \tGetHandleVerifier [0x0x7ff6f11364d8+10728]\nE       \tBaseThreadInitThunk [0x0x7ffd42e67374+20]\nE       \tRtlUserThreadStart [0x0x7ffd43a1cc91+33]\n\nmyenv\\lib\\site-packages\\selenium\\webdriver\\support\\wait.py:138: TimeoutException","steps":[],"attachments":[{"uid":"dd06235289e3bb8b","name":"test_module_ctrlI_20260127_055027","source":"dd06235289e3bb8b.png","type":"image/png","size":46321},{"uid":"e1c7073ab111c0fd","name":"test_module_ctrlI_20260127_055027","source":"e1c7073ab111c0fd.png","type":"image/png","size":45662},{"uid":"464f3e5eb8b4e01c","name":"test_module_ctrlI_20260127_055027","source":"464f3e5eb8b4e01c.png","type":"image/png","size":70209},{"uid":"359321bc23fb10a","name":"log","source":"359321bc23fb10a.txt","type":"text/plain","size":1581}],"parameters":[],"hasContent":true,"attachmentStep":false,"stepsCount":0,"attachmentsCount":4,"shouldDisplayMessage":true},"afterStages":[{"name":"login_to_module::0","time":{"start":1769464466050,"stop":1769464468218,"duration":2168},"status":"passed","steps":[],"attachments":[],"parameters":[],"hasContent":false,"attachmentStep":false,"stepsCount":0,"attachmentsCount":0,"shouldDisplayMessage":false}],"labels":[{"name":"feature","value":"模块管理页用例"},{"name":"story","value":"模拟ctrl+i添加"},{"name":"parentSuite","value":"Tests.test_system"},{"name":"suite","value":"test_module"},{"name":"subSuite","value":"TestSModulePage"},{"name":"host","value":"WIN-20240820MJV"},{"name":"thread","value":"40768-MainThread"},{"name":"framework","value":"pytest"},{"name":"language","value":"cpython3"},{"name":"package","value":"Tests.test_system.test_module"},{"name":"resultFormat","value":"allure2"}],"parameters":[],"links":[],"hidden":false,"retry":false,"extra":{"severity":"normal","retries":[{"uid":"7fabaea6662d8fb5","status":"broken","statusDetails":"selenium.common.exceptions.TimeoutException: Message: \nStacktrace:\n\tGetHandleVerifier [0x0x7ff6f1146f65+78965]\n\tGetHandleVerifier [0x0x7ff6f1146fc0+79056]\n\t(No symbol) [0x0x7ff6f0ed9dda]\n\t(No symbol) [0x0x7ff6f0f302ea]\n\t(No symbol) [0x0x7ff6f0f3059c]\n\t(No symbol) [0x0x7ff6f0f83f37]\n\t(No symbol) [0x0x7ff6f0f586af]\n\t(No symbol) [0x0x7ff6f0f80dbe]\n\t(No symbol) [0x0x7ff6f0f58443]\n\t(No symbol) [0x0x7ff6f0f21311]\n\t(No symbol) [0x0x7ff6f0f220a3]\n\tGetHandleVerifier [0x0x7ff6f13fe26d+2926461]\n\tGetHandleVerifier [0x0x7ff6f13f8993+2903715]\n\tGetHandleVerifier [0x0x7ff6f1416aed+3026941]\n\tGetHandleVerifier [0x0x7ff6f11616fe+187406]\n\tGetHandleVerifier [0x0x7ff6f11696ef+220159]\n\tGetHandleVerifier [0x0x7ff6f114faf4+114692]\n\tGetHandleVerifier [0x0x7ff6f114fca9+115129]\n\tGetHandleVerifier [0x0x7ff6f11364d8+10728]\n\tBaseThreadInitThunk [0x0x7ffd42e67374+20]\n\tRtlUserThreadStart [0x0x7ffd43a1cc91+33]","time":{"start":1769464088880,"stop":1769464101817,"duration":12937}}],"categories":[{"name":"Test defects","matchedStatuses":[]}],"tags":[]},"source":"d0ee6ec7e8d98f0f.json","parameterValues":[]}