{"uid":"d0fefb6d54d6aa3f","name":"test_acceptdata_select4","fullName":"Tests.test_system.test_acceptdata.TestSAcceptDataPage#test_acceptdata_select4","historyId":"f78255b9054a9e71bfe9622ab3f1cec2","time":{"start":1764031413746,"stop":1764031420080,"duration":6334},"status":"failed","statusMessage":"AssertionError: assert False\n +  where False = all(<generator object TestSAcceptDataPage.test_acceptdata_select4.<locals>.<genexpr> at 0x000001E5C3D23990>)","statusTrace":"self = <test_system.test_acceptdata.TestSAcceptDataPage object at 0x000001E5C13DF4F0>, login_to_acceptdata = <selenium.webdriver.chrome.webdriver.WebDriver (session=\"ba8143a84eea63e01b53a15f12114fcc\")>\n\n    @allure.story(\"过滤条件查询，设置符合结尾查询成功\")\n    # @pytest.mark.run(order=1)\n    def test_acceptdata_select4(self, login_to_acceptdata):\n        driver = login_to_acceptdata  # WebDriver 实例\n        acceptdata = ImpPage(driver)  # 用 driver 初始化 ImpPage\n        acceptdata.wait_for_el_loading_mask()\n        name = \"2\"\n        acceptdata.click_button('//div[p[text()=\"接口名称\"]]/following-sibling::div//i')\n        acceptdata.hover(\"符合结尾\")\n        sleep(1)\n        acceptdata.select_input(name)\n        sleep(1)\n        eles = acceptdata.finds_elements(By.XPATH, '//table[@class=\"vxe-table--body\"]//tr//td[3]')\n        sleep(1)\n        list_ = [ele.text for ele in eles]\n        assert len(list_) > 0\n>       assert all(str(item).endswith(name) for item in list_)\nE       assert False\nE        +  where False = all(<generator object TestSAcceptDataPage.test_acceptdata_select4.<locals>.<genexpr> at 0x000001E5C3D23990>)\n\nTests\\test_system\\test_acceptdata.py:334: AssertionError","flaky":false,"newFailed":false,"newBroken":false,"newPassed":false,"retriesCount":1,"retriesStatusChange":false,"beforeStages":[{"name":"login_to_acceptdata","time":{"start":1764031404254,"stop":1764031413746,"duration":9492},"status":"passed","steps":[],"attachments":[],"parameters":[],"attachmentStep":false,"hasContent":false,"stepsCount":0,"attachmentsCount":0,"shouldDisplayMessage":false}],"testStage":{"status":"failed","statusMessage":"AssertionError: assert False\n +  where False = all(<generator object TestSAcceptDataPage.test_acceptdata_select4.<locals>.<genexpr> at 0x000001E5C3D23990>)","statusTrace":"self = <test_system.test_acceptdata.TestSAcceptDataPage object at 0x000001E5C13DF4F0>, login_to_acceptdata = <selenium.webdriver.chrome.webdriver.WebDriver (session=\"ba8143a84eea63e01b53a15f12114fcc\")>\n\n    @allure.story(\"过滤条件查询，设置符合结尾查询成功\")\n    # @pytest.mark.run(order=1)\n    def test_acceptdata_select4(self, login_to_acceptdata):\n        driver = login_to_acceptdata  # WebDriver 实例\n        acceptdata = ImpPage(driver)  # 用 driver 初始化 ImpPage\n        acceptdata.wait_for_el_loading_mask()\n        name = \"2\"\n        acceptdata.click_button('//div[p[text()=\"接口名称\"]]/following-sibling::div//i')\n        acceptdata.hover(\"符合结尾\")\n        sleep(1)\n        acceptdata.select_input(name)\n        sleep(1)\n        eles = acceptdata.finds_elements(By.XPATH, '//table[@class=\"vxe-table--body\"]//tr//td[3]')\n        sleep(1)\n        list_ = [ele.text for ele in eles]\n        assert len(list_) > 0\n>       assert all(str(item).endswith(name) for item in list_)\nE       assert False\nE        +  where False = all(<generator object TestSAcceptDataPage.test_acceptdata_select4.<locals>.<genexpr> at 0x000001E5C3D23990>)\n\nTests\\test_system\\test_acceptdata.py:334: AssertionError","steps":[],"attachments":[{"uid":"97dce05e99ec0ed9","name":"test_acceptdata_select4_failure","source":"97dce05e99ec0ed9.png","type":"image/png","size":98160},{"uid":"cb8fd3578e3364d3","name":"test_acceptdata_select4_source","source":"cb8fd3578e3364d3.html","type":"text/html","size":1164920},{"uid":"d55ebc60be32e9","name":"log","source":"d55ebc60be32e9.txt","type":"text/plain","size":3379}],"parameters":[],"attachmentStep":false,"hasContent":true,"stepsCount":0,"attachmentsCount":3,"shouldDisplayMessage":true},"afterStages":[{"name":"login_to_acceptdata::0","time":{"start":1764031420258,"stop":1764031422423,"duration":2165},"status":"passed","steps":[],"attachments":[],"parameters":[],"attachmentStep":false,"hasContent":false,"stepsCount":0,"attachmentsCount":0,"shouldDisplayMessage":false}],"labels":[{"name":"feature","value":"接收数据页用例"},{"name":"story","value":"过滤条件查询，设置符合结尾查询成功"},{"name":"parentSuite","value":"Tests.test_system"},{"name":"suite","value":"test_acceptdata"},{"name":"subSuite","value":"TestSAcceptDataPage"},{"name":"host","value":"WIN-20240820MJV"},{"name":"thread","value":"17864-MainThread"},{"name":"framework","value":"pytest"},{"name":"language","value":"cpython3"},{"name":"package","value":"Tests.test_system.test_acceptdata"},{"name":"resultFormat","value":"allure2"}],"parameters":[],"links":[],"hidden":false,"retry":false,"extra":{"severity":"normal","retries":[{"uid":"be1253f6ccc6062a","status":"failed","statusDetails":"AssertionError: assert False\n +  where False = all(<generator object TestSAcceptDataPage.test_acceptdata_select4.<locals>.<genexpr> at 0x000001E5C3C3BE60>)","time":{"start":1764031393589,"stop":1764031401854,"duration":8265}}],"categories":[{"name":"Product defects","matchedStatuses":[]}],"tags":[]},"source":"d0fefb6d54d6aa3f.json","parameterValues":[]}