{"uid":"d134b1e20cdda245","name":"test_affairs_process_addsuccess2","fullName":"Tests.test_system.test_affairs.TestAffairsPage#test_affairs_process_addsuccess2","historyId":"c250226a488837d7464c91e970d6857f","time":{"start":1768417867670,"stop":1768417885137,"duration":17467},"status":"broken","statusMessage":"selenium.common.exceptions.TimeoutException: Message: \nStacktrace:\n\tGetHandleVerifier [0x0x7ff62e736f65+78965]\n\tGetHandleVerifier [0x0x7ff62e736fc0+79056]\n\t(No symbol) [0x0x7ff62e4c9dda]\n\t(No symbol) [0x0x7ff62e5202ea]\n\t(No symbol) [0x0x7ff62e52059c]\n\t(No symbol) [0x0x7ff62e573f37]\n\t(No symbol) [0x0x7ff62e5486af]\n\t(No symbol) [0x0x7ff62e570dbe]\n\t(No symbol) [0x0x7ff62e548443]\n\t(No symbol) [0x0x7ff62e511311]\n\t(No symbol) [0x0x7ff62e5120a3]\n\tGetHandleVerifier [0x0x7ff62e9ee26d+2926461]\n\tGetHandleVerifier [0x0x7ff62e9e8993+2903715]\n\tGetHandleVerifier [0x0x7ff62ea06aed+3026941]\n\tGetHandleVerifier [0x0x7ff62e7516fe+187406]\n\tGetHandleVerifier [0x0x7ff62e7596ef+220159]\n\tGetHandleVerifier [0x0x7ff62e73faf4+114692]\n\tGetHandleVerifier [0x0x7ff62e73fca9+115129]\n\tGetHandleVerifier [0x0x7ff62e7264d8+10728]\n\tBaseThreadInitThunk [0x0x7ff90e507374+20]\n\tRtlUserThreadStart [0x0x7ff91019cc91+33]","statusTrace":"self = <test_system.test_affairs.TestAffairsPage object at 0x000001E1A6691DE0>, login_to_affairs = <selenium.webdriver.chrome.webdriver.WebDriver (session=\"bb26221600313b38cfa602f0cd502f85\")>\n\n    @allure.story(\"我的流程-频率为每天，执行顺序为每天执行一次，保存成功\")\n    # @pytest.mark.run(order=1)\n    def test_affairs_process_addsuccess2(self, login_to_affairs):\n        driver = login_to_affairs  # WebDriver 实例\n        affairs = AffairsPage(driver)  # 用 driver 初始化 AffairsPage\n        name = \"测试流程2\"\n        affairs.click_process()\n        affairs.add_process(name=name, type=\"服务\", frequency=\"每天\", time=\"1\")\n        affairs.click_save()\n>       message = affairs.get_find_message()\n\nTests\\test_system\\test_affairs.py:674: \n_ _ _ _ _ _ _ _ _ _ _ _ _ _ _ _ _ _ _ _ _ _ _ _ _ _ _ _ _ _ _ _ _ _ _ _ _ _ _ _ _ _ _ _ _ _ _ _ _ _ _ _ _ _ _ _ _ _ _ _ _ _ _ _ _ _ _ _ _ _ _ _ _ _ _ _ _ _ _ _ _ _ _ _ _ _ _ _ _ _ _ _ _ _ _ _ _ _ _ _ _ _ _ _ _ _ _ _ _ _ _ _ _ _ _ _\nPages\\systemPage\\affairs_page.py:34: in get_find_message\n    message = WebDriverWait(self.driver, 10).until(\n_ _ _ _ _ _ _ _ _ _ _ _ _ _ _ _ _ _ _ _ _ _ _ _ _ _ _ _ _ _ _ _ _ _ _ _ _ _ _ _ _ _ _ _ _ _ _ _ _ _ _ _ _ _ _ _ _ _ _ _ _ _ _ _ _ _ _ _ _ _ _ _ _ _ _ _ _ _ _ _ _ _ _ _ _ _ _ _ _ _ _ _ _ _ _ _ _ _ _ _ _ _ _ _ _ _ _ _ _ _ _ _ _ _ _ _\n\nself = <selenium.webdriver.support.wait.WebDriverWait (session=\"bb26221600313b38cfa602f0cd502f85\")>, method = <function visibility_of_element_located.<locals>._predicate at 0x000001E1A4D5BD00>, message = ''\n\n    def until(self, method: Callable[[D], Union[Literal[False], T]], message: str = \"\") -> T:\n        \"\"\"Wait until the method returns a value that is not False.\n    \n        Calls the method provided with the driver as an argument until the\n        return value does not evaluate to ``False``.\n    \n        Parameters:\n        -----------\n        method: callable(WebDriver)\n            - A callable object that takes a WebDriver instance as an argument.\n    \n        message: str\n            - Optional message for :exc:`TimeoutException`\n    \n        Return:\n        -------\n        object: T\n            - The result of the last call to `method`\n    \n        Raises:\n        -------\n        TimeoutException\n            - If 'method' does not return a truthy value within the WebDriverWait\n            object's timeout\n    \n        Example:\n        --------\n        >>> from selenium.webdriver.common.by import By\n        >>> from selenium.webdriver.support.ui import WebDriverWait\n        >>> from selenium.webdriver.support import expected_conditions as EC\n    \n        # Wait until an element is visible on the page\n        >>> wait = WebDriverWait(driver, 10)\n        >>> element = wait.until(EC.visibility_of_element_located((By.ID, \"exampleId\")))\n        >>> print(element.text)\n        \"\"\"\n        screen = None\n        stacktrace = None\n    \n        end_time = time.monotonic() + self._timeout\n        while True:\n            try:\n                value = method(self._driver)\n                if value:\n                    return value\n            except self._ignored_exceptions as exc:\n                screen = getattr(exc, \"screen\", None)\n                stacktrace = getattr(exc, \"stacktrace\", None)\n            if time.monotonic() > end_time:\n                break\n            time.sleep(self._poll)\n>       raise TimeoutException(message, screen, stacktrace)\nE       selenium.common.exceptions.TimeoutException: Message: \nE       Stacktrace:\nE       \tGetHandleVerifier [0x0x7ff62e736f65+78965]\nE       \tGetHandleVerifier [0x0x7ff62e736fc0+79056]\nE       \t(No symbol) [0x0x7ff62e4c9dda]\nE       \t(No symbol) [0x0x7ff62e5202ea]\nE       \t(No symbol) [0x0x7ff62e52059c]\nE       \t(No symbol) [0x0x7ff62e573f37]\nE       \t(No symbol) [0x0x7ff62e5486af]\nE       \t(No symbol) [0x0x7ff62e570dbe]\nE       \t(No symbol) [0x0x7ff62e548443]\nE       \t(No symbol) [0x0x7ff62e511311]\nE       \t(No symbol) [0x0x7ff62e5120a3]\nE       \tGetHandleVerifier [0x0x7ff62e9ee26d+2926461]\nE       \tGetHandleVerifier [0x0x7ff62e9e8993+2903715]\nE       \tGetHandleVerifier [0x0x7ff62ea06aed+3026941]\nE       \tGetHandleVerifier [0x0x7ff62e7516fe+187406]\nE       \tGetHandleVerifier [0x0x7ff62e7596ef+220159]\nE       \tGetHandleVerifier [0x0x7ff62e73faf4+114692]\nE       \tGetHandleVerifier [0x0x7ff62e73fca9+115129]\nE       \tGetHandleVerifier [0x0x7ff62e7264d8+10728]\nE       \tBaseThreadInitThunk [0x0x7ff90e507374+20]\nE       \tRtlUserThreadStart [0x0x7ff91019cc91+33]\n\nmyenv\\lib\\site-packages\\selenium\\webdriver\\support\\wait.py:138: TimeoutException","flaky":false,"newFailed":false,"newBroken":false,"newPassed":false,"retriesCount":1,"retriesStatusChange":true,"beforeStages":[{"name":"login_to_affairs","time":{"start":1768417854880,"stop":1768417867669,"duration":12789},"status":"passed","steps":[],"attachments":[],"parameters":[],"attachmentStep":false,"hasContent":false,"stepsCount":0,"shouldDisplayMessage":false,"attachmentsCount":0}],"testStage":{"status":"broken","statusMessage":"selenium.common.exceptions.TimeoutException: Message: \nStacktrace:\n\tGetHandleVerifier [0x0x7ff62e736f65+78965]\n\tGetHandleVerifier [0x0x7ff62e736fc0+79056]\n\t(No symbol) [0x0x7ff62e4c9dda]\n\t(No symbol) [0x0x7ff62e5202ea]\n\t(No symbol) [0x0x7ff62e52059c]\n\t(No symbol) [0x0x7ff62e573f37]\n\t(No symbol) [0x0x7ff62e5486af]\n\t(No symbol) [0x0x7ff62e570dbe]\n\t(No symbol) [0x0x7ff62e548443]\n\t(No symbol) [0x0x7ff62e511311]\n\t(No symbol) [0x0x7ff62e5120a3]\n\tGetHandleVerifier [0x0x7ff62e9ee26d+2926461]\n\tGetHandleVerifier [0x0x7ff62e9e8993+2903715]\n\tGetHandleVerifier [0x0x7ff62ea06aed+3026941]\n\tGetHandleVerifier [0x0x7ff62e7516fe+187406]\n\tGetHandleVerifier [0x0x7ff62e7596ef+220159]\n\tGetHandleVerifier [0x0x7ff62e73faf4+114692]\n\tGetHandleVerifier [0x0x7ff62e73fca9+115129]\n\tGetHandleVerifier [0x0x7ff62e7264d8+10728]\n\tBaseThreadInitThunk [0x0x7ff90e507374+20]\n\tRtlUserThreadStart [0x0x7ff91019cc91+33]","statusTrace":"self = <test_system.test_affairs.TestAffairsPage object at 0x000001E1A6691DE0>, login_to_affairs = <selenium.webdriver.chrome.webdriver.WebDriver (session=\"bb26221600313b38cfa602f0cd502f85\")>\n\n    @allure.story(\"我的流程-频率为每天，执行顺序为每天执行一次，保存成功\")\n    # @pytest.mark.run(order=1)\n    def test_affairs_process_addsuccess2(self, login_to_affairs):\n        driver = login_to_affairs  # WebDriver 实例\n        affairs = AffairsPage(driver)  # 用 driver 初始化 AffairsPage\n        name = \"测试流程2\"\n        affairs.click_process()\n        affairs.add_process(name=name, type=\"服务\", frequency=\"每天\", time=\"1\")\n        affairs.click_save()\n>       message = affairs.get_find_message()\n\nTests\\test_system\\test_affairs.py:674: \n_ _ _ _ _ _ _ _ _ _ _ _ _ _ _ _ _ _ _ _ _ _ _ _ _ _ _ _ _ _ _ _ _ _ _ _ _ _ _ _ _ _ _ _ _ _ _ _ _ _ _ _ _ _ _ _ _ _ _ _ _ _ _ _ _ _ _ _ _ _ _ _ _ _ _ _ _ _ _ _ _ _ _ _ _ _ _ _ _ _ _ _ _ _ _ _ _ _ _ _ _ _ _ _ _ _ _ _ _ _ _ _ _ _ _ _\nPages\\systemPage\\affairs_page.py:34: in get_find_message\n    message = WebDriverWait(self.driver, 10).until(\n_ _ _ _ _ _ _ _ _ _ _ _ _ _ _ _ _ _ _ _ _ _ _ _ _ _ _ _ _ _ _ _ _ _ _ _ _ _ _ _ _ _ _ _ _ _ _ _ _ _ _ _ _ _ _ _ _ _ _ _ _ _ _ _ _ _ _ _ _ _ _ _ _ _ _ _ _ _ _ _ _ _ _ _ _ _ _ _ _ _ _ _ _ _ _ _ _ _ _ _ _ _ _ _ _ _ _ _ _ _ _ _ _ _ _ _\n\nself = <selenium.webdriver.support.wait.WebDriverWait (session=\"bb26221600313b38cfa602f0cd502f85\")>, method = <function visibility_of_element_located.<locals>._predicate at 0x000001E1A4D5BD00>, message = ''\n\n    def until(self, method: Callable[[D], Union[Literal[False], T]], message: str = \"\") -> T:\n        \"\"\"Wait until the method returns a value that is not False.\n    \n        Calls the method provided with the driver as an argument until the\n        return value does not evaluate to ``False``.\n    \n        Parameters:\n        -----------\n        method: callable(WebDriver)\n            - A callable object that takes a WebDriver instance as an argument.\n    \n        message: str\n            - Optional message for :exc:`TimeoutException`\n    \n        Return:\n        -------\n        object: T\n            - The result of the last call to `method`\n    \n        Raises:\n        -------\n        TimeoutException\n            - If 'method' does not return a truthy value within the WebDriverWait\n            object's timeout\n    \n        Example:\n        --------\n        >>> from selenium.webdriver.common.by import By\n        >>> from selenium.webdriver.support.ui import WebDriverWait\n        >>> from selenium.webdriver.support import expected_conditions as EC\n    \n        # Wait until an element is visible on the page\n        >>> wait = WebDriverWait(driver, 10)\n        >>> element = wait.until(EC.visibility_of_element_located((By.ID, \"exampleId\")))\n        >>> print(element.text)\n        \"\"\"\n        screen = None\n        stacktrace = None\n    \n        end_time = time.monotonic() + self._timeout\n        while True:\n            try:\n                value = method(self._driver)\n                if value:\n                    return value\n            except self._ignored_exceptions as exc:\n                screen = getattr(exc, \"screen\", None)\n                stacktrace = getattr(exc, \"stacktrace\", None)\n            if time.monotonic() > end_time:\n                break\n            time.sleep(self._poll)\n>       raise TimeoutException(message, screen, stacktrace)\nE       selenium.common.exceptions.TimeoutException: Message: \nE       Stacktrace:\nE       \tGetHandleVerifier [0x0x7ff62e736f65+78965]\nE       \tGetHandleVerifier [0x0x7ff62e736fc0+79056]\nE       \t(No symbol) [0x0x7ff62e4c9dda]\nE       \t(No symbol) [0x0x7ff62e5202ea]\nE       \t(No symbol) [0x0x7ff62e52059c]\nE       \t(No symbol) [0x0x7ff62e573f37]\nE       \t(No symbol) [0x0x7ff62e5486af]\nE       \t(No symbol) [0x0x7ff62e570dbe]\nE       \t(No symbol) [0x0x7ff62e548443]\nE       \t(No symbol) [0x0x7ff62e511311]\nE       \t(No symbol) [0x0x7ff62e5120a3]\nE       \tGetHandleVerifier [0x0x7ff62e9ee26d+2926461]\nE       \tGetHandleVerifier [0x0x7ff62e9e8993+2903715]\nE       \tGetHandleVerifier [0x0x7ff62ea06aed+3026941]\nE       \tGetHandleVerifier [0x0x7ff62e7516fe+187406]\nE       \tGetHandleVerifier [0x0x7ff62e7596ef+220159]\nE       \tGetHandleVerifier [0x0x7ff62e73faf4+114692]\nE       \tGetHandleVerifier [0x0x7ff62e73fca9+115129]\nE       \tGetHandleVerifier [0x0x7ff62e7264d8+10728]\nE       \tBaseThreadInitThunk [0x0x7ff90e507374+20]\nE       \tRtlUserThreadStart [0x0x7ff91019cc91+33]\n\nmyenv\\lib\\site-packages\\selenium\\webdriver\\support\\wait.py:138: TimeoutException","steps":[],"attachments":[{"uid":"33eedb24e5d08fe0","name":"test_affairs_process_addsuccess2_20260115_031125","source":"33eedb24e5d08fe0.png","type":"image/png","size":109625},{"uid":"c66ab1f5cd339be1","name":"test_affairs_process_addsuccess2_20260115_031125","source":"c66ab1f5cd339be1.png","type":"image/png","size":110052},{"uid":"32445d9bece5959e","name":"test_affairs_process_addsuccess2_20260115_031125","source":"32445d9bece5959e.png","type":"image/png","size":84560},{"uid":"b6ab10a1e7d93e86","name":"log","source":"b6ab10a1e7d93e86.txt","type":"text/plain","size":5694}],"parameters":[],"attachmentStep":false,"hasContent":true,"stepsCount":0,"shouldDisplayMessage":true,"attachmentsCount":4},"afterStages":[{"name":"login_to_affairs::0","time":{"start":1768417885475,"stop":1768417887670,"duration":2195},"status":"passed","steps":[],"attachments":[],"parameters":[],"attachmentStep":false,"hasContent":false,"stepsCount":0,"shouldDisplayMessage":false,"attachmentsCount":0}],"labels":[{"name":"story","value":"我的流程-频率为每天，执行顺序为每天执行一次，保存成功"},{"name":"feature","value":"事务管理页用例"},{"name":"parentSuite","value":"Tests.test_system"},{"name":"suite","value":"test_affairs"},{"name":"subSuite","value":"TestAffairsPage"},{"name":"host","value":"WIN-20240820MJV"},{"name":"thread","value":"6652-MainThread"},{"name":"framework","value":"pytest"},{"name":"language","value":"cpython3"},{"name":"package","value":"Tests.test_system.test_affairs"},{"name":"resultFormat","value":"allure2"}],"parameters":[],"links":[],"hidden":false,"retry":false,"extra":{"severity":"normal","retries":[{"uid":"b396cd31234fdf39","status":"failed","statusDetails":"AssertionError: assert ('\\u65b0\\u589e...0\\u529f\\uff01' == '\\u65b0\\u589e...0\\u529f\\uff01'\n  \n  \u001B[0m\u001B[90m \u001B[39;49;00m 新增成功！\u001B[90m\u001B[39;49;00m and 0 == 1)\n +  where 0 = len([])","time":{"start":1768417841845,"stop":1768417852274,"duration":10429}}],"categories":[{"name":"Test defects","matchedStatuses":[]}],"tags":[]},"source":"d134b1e20cdda245.json","parameterValues":[]}