{"uid":"d2527d8d9f54b22c","name":"test_setting_layoutlist_updatefail","fullName":"Tests.test_items.test_setting.TestSettingPage#test_setting_layoutlist_updatefail","historyId":"9871941699426fafe0b0464cce205826","time":{"start":1762269329701,"stop":1762269342970,"duration":13269},"status":"broken","statusMessage":"selenium.common.exceptions.TimeoutException: Message: \nStacktrace:\n\tGetHandleVerifier [0x0x7ff761236f65+78965]\n\tGetHandleVerifier [0x0x7ff761236fc0+79056]\n\t(No symbol) [0x0x7ff760fc9dda]\n\t(No symbol) [0x0x7ff7610202ea]\n\t(No symbol) [0x0x7ff76102059c]\n\t(No symbol) [0x0x7ff761073f37]\n\t(No symbol) [0x0x7ff7610486af]\n\t(No symbol) [0x0x7ff761070dbe]\n\t(No symbol) [0x0x7ff761048443]\n\t(No symbol) [0x0x7ff761011311]\n\t(No symbol) [0x0x7ff7610120a3]\n\tGetHandleVerifier [0x0x7ff7614ee26d+2926461]\n\tGetHandleVerifier [0x0x7ff7614e8993+2903715]\n\tGetHandleVerifier [0x0x7ff761506aed+3026941]\n\tGetHandleVerifier [0x0x7ff7612516fe+187406]\n\tGetHandleVerifier [0x0x7ff7612596ef+220159]\n\tGetHandleVerifier [0x0x7ff76123faf4+114692]\n\tGetHandleVerifier [0x0x7ff76123fca9+115129]\n\tGetHandleVerifier [0x0x7ff7612264d8+10728]\n\tBaseThreadInitThunk [0x0x7ff956997374+20]\n\tRtlUserThreadStart [0x0x7ff956c3cc91+33]","statusTrace":"self = <test_items.test_setting.TestSettingPage object at 0x000001685682DF60>, login_to_setting = <selenium.webdriver.chrome.webdriver.WebDriver (session=\"306e46c9cfcba4b3328dd258e8d923a5\")>\n\n    @allure.story(\"重复修改布局 不允许修改\")\n    # @pytest.mark.run(order=1)\n    def test_setting_layoutlist_updatefail(self, login_to_setting):\n        driver = login_to_setting  # WebDriver 实例\n        setting = SettingPage(driver)  # 用 driver 初始化 SettingPage\n        layout = \"修改布局\"\n        sleep(2)\n        setting.click_button('//i[@id=\"tabsDrawerIcon\"]')\n        sleep(1)\n    \n        # 获取目标 div 元素，这里的目标是具有特定文本的 div\n>       target_div = setting.get_find_element_xpath(\n            f'//div[@id=\"container\"]/div[.//text()=\"{layout}\"]'\n        )\n\nTests\\test_items\\test_setting.py:2136: \n_ _ _ _ _ _ _ _ _ _ _ _ _ _ _ _ _ _ _ _ _ _ _ _ _ _ _ _ _ _ _ _ _ _ _ _ _ _ _ _ _ _ _ _ _ _ _ _ _ _ _ _ _ _ _ _ _ _ _ _ _ _ _ _ _ _ _ _ _ _ _ _ _ _ _ _ _ _ _ _ _ _ _ _ _ _ _ _ _ _ _ _ _ _ _ _ _ _ _ _ _ _ _ _ _ _ _ _ _ _ _ _ _ _ _ _\nPages\\itemsPage\\setting_page.py:27: in get_find_element_xpath\n    return self.find_element(By.XPATH, xpath)\nPages\\base_page.py:28: in find_element\n    return WebDriverWait(self.driver, wait_time).until(\n_ _ _ _ _ _ _ _ _ _ _ _ _ _ _ _ _ _ _ _ _ _ _ _ _ _ _ _ _ _ _ _ _ _ _ _ _ _ _ _ _ _ _ _ _ _ _ _ _ _ _ _ _ _ _ _ _ _ _ _ _ _ _ _ _ _ _ _ _ _ _ _ _ _ _ _ _ _ _ _ _ _ _ _ _ _ _ _ _ _ _ _ _ _ _ _ _ _ _ _ _ _ _ _ _ _ _ _ _ _ _ _ _ _ _ _\n\nself = <selenium.webdriver.support.wait.WebDriverWait (session=\"306e46c9cfcba4b3328dd258e8d923a5\")>, method = <function presence_of_element_located.<locals>._predicate at 0x0000016857518430>, message = ''\n\n    def until(self, method: Callable[[D], Union[Literal[False], T]], message: str = \"\") -> T:\n        \"\"\"Wait until the method returns a value that is not False.\n    \n        Calls the method provided with the driver as an argument until the\n        return value does not evaluate to ``False``.\n    \n        Parameters:\n        -----------\n        method: callable(WebDriver)\n            - A callable object that takes a WebDriver instance as an argument.\n    \n        message: str\n            - Optional message for :exc:`TimeoutException`\n    \n        Return:\n        -------\n        object: T\n            - The result of the last call to `method`\n    \n        Raises:\n        -------\n        TimeoutException\n            - If 'method' does not return a truthy value within the WebDriverWait\n            object's timeout\n    \n        Example:\n        --------\n        >>> from selenium.webdriver.common.by import By\n        >>> from selenium.webdriver.support.ui import WebDriverWait\n        >>> from selenium.webdriver.support import expected_conditions as EC\n    \n        # Wait until an element is visible on the page\n        >>> wait = WebDriverWait(driver, 10)\n        >>> element = wait.until(EC.visibility_of_element_located((By.ID, \"exampleId\")))\n        >>> print(element.text)\n        \"\"\"\n        screen = None\n        stacktrace = None\n    \n        end_time = time.monotonic() + self._timeout\n        while True:\n            try:\n                value = method(self._driver)\n                if value:\n                    return value\n            except self._ignored_exceptions as exc:\n                screen = getattr(exc, \"screen\", None)\n                stacktrace = getattr(exc, \"stacktrace\", None)\n            if time.monotonic() > end_time:\n                break\n            time.sleep(self._poll)\n>       raise TimeoutException(message, screen, stacktrace)\nE       selenium.common.exceptions.TimeoutException: Message: \nE       Stacktrace:\nE       \tGetHandleVerifier [0x0x7ff761236f65+78965]\nE       \tGetHandleVerifier [0x0x7ff761236fc0+79056]\nE       \t(No symbol) [0x0x7ff760fc9dda]\nE       \t(No symbol) [0x0x7ff7610202ea]\nE       \t(No symbol) [0x0x7ff76102059c]\nE       \t(No symbol) [0x0x7ff761073f37]\nE       \t(No symbol) [0x0x7ff7610486af]\nE       \t(No symbol) [0x0x7ff761070dbe]\nE       \t(No symbol) [0x0x7ff761048443]\nE       \t(No symbol) [0x0x7ff761011311]\nE       \t(No symbol) [0x0x7ff7610120a3]\nE       \tGetHandleVerifier [0x0x7ff7614ee26d+2926461]\nE       \tGetHandleVerifier [0x0x7ff7614e8993+2903715]\nE       \tGetHandleVerifier [0x0x7ff761506aed+3026941]\nE       \tGetHandleVerifier [0x0x7ff7612516fe+187406]\nE       \tGetHandleVerifier [0x0x7ff7612596ef+220159]\nE       \tGetHandleVerifier [0x0x7ff76123faf4+114692]\nE       \tGetHandleVerifier [0x0x7ff76123fca9+115129]\nE       \tGetHandleVerifier [0x0x7ff7612264d8+10728]\nE       \tBaseThreadInitThunk [0x0x7ff956997374+20]\nE       \tRtlUserThreadStart [0x0x7ff956c3cc91+33]\n\nmyenv\\lib\\site-packages\\selenium\\webdriver\\support\\wait.py:138: TimeoutException","flaky":false,"newFailed":false,"newBroken":false,"newPassed":false,"retriesCount":0,"retriesStatusChange":false,"beforeStages":[{"name":"login_to_setting","time":{"start":1762269317181,"stop":1762269329701,"duration":12520},"status":"passed","steps":[],"attachments":[],"parameters":[],"hasContent":false,"attachmentStep":false,"stepsCount":0,"attachmentsCount":0,"shouldDisplayMessage":false}],"testStage":{"status":"broken","statusMessage":"selenium.common.exceptions.TimeoutException: Message: \nStacktrace:\n\tGetHandleVerifier [0x0x7ff761236f65+78965]\n\tGetHandleVerifier [0x0x7ff761236fc0+79056]\n\t(No symbol) [0x0x7ff760fc9dda]\n\t(No symbol) [0x0x7ff7610202ea]\n\t(No symbol) [0x0x7ff76102059c]\n\t(No symbol) [0x0x7ff761073f37]\n\t(No symbol) [0x0x7ff7610486af]\n\t(No symbol) [0x0x7ff761070dbe]\n\t(No symbol) [0x0x7ff761048443]\n\t(No symbol) [0x0x7ff761011311]\n\t(No symbol) [0x0x7ff7610120a3]\n\tGetHandleVerifier [0x0x7ff7614ee26d+2926461]\n\tGetHandleVerifier [0x0x7ff7614e8993+2903715]\n\tGetHandleVerifier [0x0x7ff761506aed+3026941]\n\tGetHandleVerifier [0x0x7ff7612516fe+187406]\n\tGetHandleVerifier [0x0x7ff7612596ef+220159]\n\tGetHandleVerifier [0x0x7ff76123faf4+114692]\n\tGetHandleVerifier [0x0x7ff76123fca9+115129]\n\tGetHandleVerifier [0x0x7ff7612264d8+10728]\n\tBaseThreadInitThunk [0x0x7ff956997374+20]\n\tRtlUserThreadStart [0x0x7ff956c3cc91+33]","statusTrace":"self = <test_items.test_setting.TestSettingPage object at 0x000001685682DF60>, login_to_setting = <selenium.webdriver.chrome.webdriver.WebDriver (session=\"306e46c9cfcba4b3328dd258e8d923a5\")>\n\n    @allure.story(\"重复修改布局 不允许修改\")\n    # @pytest.mark.run(order=1)\n    def test_setting_layoutlist_updatefail(self, login_to_setting):\n        driver = login_to_setting  # WebDriver 实例\n        setting = SettingPage(driver)  # 用 driver 初始化 SettingPage\n        layout = \"修改布局\"\n        sleep(2)\n        setting.click_button('//i[@id=\"tabsDrawerIcon\"]')\n        sleep(1)\n    \n        # 获取目标 div 元素，这里的目标是具有特定文本的 div\n>       target_div = setting.get_find_element_xpath(\n            f'//div[@id=\"container\"]/div[.//text()=\"{layout}\"]'\n        )\n\nTests\\test_items\\test_setting.py:2136: \n_ _ _ _ _ _ _ _ _ _ _ _ _ _ _ _ _ _ _ _ _ _ _ _ _ _ _ _ _ _ _ _ _ _ _ _ _ _ _ _ _ _ _ _ _ _ _ _ _ _ _ _ _ _ _ _ _ _ _ _ _ _ _ _ _ _ _ _ _ _ _ _ _ _ _ _ _ _ _ _ _ _ _ _ _ _ _ _ _ _ _ _ _ _ _ _ _ _ _ _ _ _ _ _ _ _ _ _ _ _ _ _ _ _ _ _\nPages\\itemsPage\\setting_page.py:27: in get_find_element_xpath\n    return self.find_element(By.XPATH, xpath)\nPages\\base_page.py:28: in find_element\n    return WebDriverWait(self.driver, wait_time).until(\n_ _ _ _ _ _ _ _ _ _ _ _ _ _ _ _ _ _ _ _ _ _ _ _ _ _ _ _ _ _ _ _ _ _ _ _ _ _ _ _ _ _ _ _ _ _ _ _ _ _ _ _ _ _ _ _ _ _ _ _ _ _ _ _ _ _ _ _ _ _ _ _ _ _ _ _ _ _ _ _ _ _ _ _ _ _ _ _ _ _ _ _ _ _ _ _ _ _ _ _ _ _ _ _ _ _ _ _ _ _ _ _ _ _ _ _\n\nself = <selenium.webdriver.support.wait.WebDriverWait (session=\"306e46c9cfcba4b3328dd258e8d923a5\")>, method = <function presence_of_element_located.<locals>._predicate at 0x0000016857518430>, message = ''\n\n    def until(self, method: Callable[[D], Union[Literal[False], T]], message: str = \"\") -> T:\n        \"\"\"Wait until the method returns a value that is not False.\n    \n        Calls the method provided with the driver as an argument until the\n        return value does not evaluate to ``False``.\n    \n        Parameters:\n        -----------\n        method: callable(WebDriver)\n            - A callable object that takes a WebDriver instance as an argument.\n    \n        message: str\n            - Optional message for :exc:`TimeoutException`\n    \n        Return:\n        -------\n        object: T\n            - The result of the last call to `method`\n    \n        Raises:\n        -------\n        TimeoutException\n            - If 'method' does not return a truthy value within the WebDriverWait\n            object's timeout\n    \n        Example:\n        --------\n        >>> from selenium.webdriver.common.by import By\n        >>> from selenium.webdriver.support.ui import WebDriverWait\n        >>> from selenium.webdriver.support import expected_conditions as EC\n    \n        # Wait until an element is visible on the page\n        >>> wait = WebDriverWait(driver, 10)\n        >>> element = wait.until(EC.visibility_of_element_located((By.ID, \"exampleId\")))\n        >>> print(element.text)\n        \"\"\"\n        screen = None\n        stacktrace = None\n    \n        end_time = time.monotonic() + self._timeout\n        while True:\n            try:\n                value = method(self._driver)\n                if value:\n                    return value\n            except self._ignored_exceptions as exc:\n                screen = getattr(exc, \"screen\", None)\n                stacktrace = getattr(exc, \"stacktrace\", None)\n            if time.monotonic() > end_time:\n                break\n            time.sleep(self._poll)\n>       raise TimeoutException(message, screen, stacktrace)\nE       selenium.common.exceptions.TimeoutException: Message: \nE       Stacktrace:\nE       \tGetHandleVerifier [0x0x7ff761236f65+78965]\nE       \tGetHandleVerifier [0x0x7ff761236fc0+79056]\nE       \t(No symbol) [0x0x7ff760fc9dda]\nE       \t(No symbol) [0x0x7ff7610202ea]\nE       \t(No symbol) [0x0x7ff76102059c]\nE       \t(No symbol) [0x0x7ff761073f37]\nE       \t(No symbol) [0x0x7ff7610486af]\nE       \t(No symbol) [0x0x7ff761070dbe]\nE       \t(No symbol) [0x0x7ff761048443]\nE       \t(No symbol) [0x0x7ff761011311]\nE       \t(No symbol) [0x0x7ff7610120a3]\nE       \tGetHandleVerifier [0x0x7ff7614ee26d+2926461]\nE       \tGetHandleVerifier [0x0x7ff7614e8993+2903715]\nE       \tGetHandleVerifier [0x0x7ff761506aed+3026941]\nE       \tGetHandleVerifier [0x0x7ff7612516fe+187406]\nE       \tGetHandleVerifier [0x0x7ff7612596ef+220159]\nE       \tGetHandleVerifier [0x0x7ff76123faf4+114692]\nE       \tGetHandleVerifier [0x0x7ff76123fca9+115129]\nE       \tGetHandleVerifier [0x0x7ff7612264d8+10728]\nE       \tBaseThreadInitThunk [0x0x7ff956997374+20]\nE       \tRtlUserThreadStart [0x0x7ff956c3cc91+33]\n\nmyenv\\lib\\site-packages\\selenium\\webdriver\\support\\wait.py:138: TimeoutException","steps":[],"attachments":[{"uid":"a16c44e11e04d894","name":"test_setting_layoutlist_updatefail_failure","source":"a16c44e11e04d894.png","type":"image/png","size":108439},{"uid":"5bef3aa56d68952","name":"test_setting_layoutlist_updatefail_source","source":"5bef3aa56d68952.html","type":"text/html","size":1365271},{"uid":"c756e143942f85bb","name":"log","source":"c756e143942f85bb.txt","type":"text/plain","size":1522}],"parameters":[],"hasContent":true,"attachmentStep":false,"stepsCount":0,"attachmentsCount":3,"shouldDisplayMessage":true},"afterStages":[{"name":"login_to_setting::0","time":{"start":1762269343163,"stop":1762269345319,"duration":2156},"status":"passed","steps":[],"attachments":[],"parameters":[],"hasContent":false,"attachmentStep":false,"stepsCount":0,"attachmentsCount":0,"shouldDisplayMessage":false}],"labels":[{"name":"feature","value":"标准应用设置测试用例"},{"name":"story","value":"重复修改布局 不允许修改"},{"name":"parentSuite","value":"Tests.test_items"},{"name":"suite","value":"test_setting"},{"name":"subSuite","value":"TestSettingPage"},{"name":"host","value":"WIN-20240820MJV"},{"name":"thread","value":"33540-MainThread"},{"name":"framework","value":"pytest"},{"name":"language","value":"cpython3"},{"name":"package","value":"Tests.test_items.test_setting"},{"name":"resultFormat","value":"allure2"}],"parameters":[],"links":[],"hidden":true,"retry":true,"extra":{"categories":[],"tags":[]},"source":"d2527d8d9f54b22c.json","parameterValues":[]}