{"uid":"d30ef6d6390542b2","name":"test_changespec_addall","fullName":"Tests.test_items.test_changespec.TestChangeSpecPage#test_changespec_addall","historyId":"6f85f63032f9d4a4bf1e2d2f2811dff6","time":{"start":1762786850235,"stop":1762786879713,"duration":29478},"status":"broken","statusMessage":"selenium.common.exceptions.TimeoutException: Message: \nStacktrace:\n\tGetHandleVerifier [0x0x7ff7e9026f65+78965]\n\tGetHandleVerifier [0x0x7ff7e9026fc0+79056]\n\t(No symbol) [0x0x7ff7e8db9dda]\n\t(No symbol) [0x0x7ff7e8e102ea]\n\t(No symbol) [0x0x7ff7e8e1059c]\n\t(No symbol) [0x0x7ff7e8e63f37]\n\t(No symbol) [0x0x7ff7e8e386af]\n\t(No symbol) [0x0x7ff7e8e60dbe]\n\t(No symbol) [0x0x7ff7e8e38443]\n\t(No symbol) [0x0x7ff7e8e01311]\n\t(No symbol) [0x0x7ff7e8e020a3]\n\tGetHandleVerifier [0x0x7ff7e92de26d+2926461]\n\tGetHandleVerifier [0x0x7ff7e92d8993+2903715]\n\tGetHandleVerifier [0x0x7ff7e92f6aed+3026941]\n\tGetHandleVerifier [0x0x7ff7e90416fe+187406]\n\tGetHandleVerifier [0x0x7ff7e90496ef+220159]\n\tGetHandleVerifier [0x0x7ff7e902faf4+114692]\n\tGetHandleVerifier [0x0x7ff7e902fca9+115129]\n\tGetHandleVerifier [0x0x7ff7e90164d8+10728]\n\tBaseThreadInitThunk [0x0x7ffcf36a7374+20]\n\tRtlUserThreadStart [0x0x7ffcf523cc91+33]","statusTrace":"self = <test_items.test_changespec.TestChangeSpecPage object at 0x00000143DECAC0D0>, login_to_changespec = <selenium.webdriver.chrome.webdriver.WebDriver (session=\"5e8c7656cb7fb55d82f5d8b57f27ec79\")>\n\n    @allure.story(\"输入全部数据，添加保存成功\")\n    # @pytest.mark.run(order=1)\n    def test_changespec_addall(self, login_to_changespec):\n        driver = login_to_changespec  # WebDriver 实例\n        change = ChangeR(driver)  # 用 driver 初始化 ChangeR\n        adds = AddsPages(driver)\n        input_value = '11测试全部数据'\n        change.click_add_button()\n        text_list = [\n            '//label[text()=\"备注\"]/following-sibling::div//input',\n        ]\n        adds.batch_modify_input(text_list, input_value)\n    \n        value_bos = '(//div[@class=\"vxe-modal--body\"]//table[@class=\"vxe-table--body\"]//tr[1]/td[2])[2]/div/span'\n        box_list = [\n            '//label[text()=\"资源\"]/following-sibling::div//i',\n            '//label[text()=\"前生产特征\"]/following-sibling::div//i',\n            '//label[text()=\"后生产特征\"]/following-sibling::div//i',\n        ]\n        adds.batch_modify_dialog_box(box_list, value_bos)\n        resource_value = change.get_find_element_xpath('//label[text()=\"资源\"]/following-sibling::div//input').get_attribute(\"value\")\n    \n        code_value = '//span[text()=\"AdvanceAlongResourceWorkingTime\"]'\n        code_list = [\n            '//label[text()=\"切换时间调整表达式\"]/following-sibling::div//i',\n        ]\n        adds.batch_modify_code_box(code_list, code_value)\n    \n        input_num_value = '1'\n        num_list = [\n            '//label[text()=\"优先度\"]/following-sibling::div//input',\n            '//label[text()=\"切换时间(分钟)\"]/following-sibling::div//input',\n        ]\n        adds.batch_modify_input(num_list, input_num_value)\n    \n        box_input_list = [xpath.replace(\"//i\", \"//input\") for xpath in box_list]\n        code_input_list = [xpath.replace(\"//i\", \"//input\") for xpath in code_list]\n        all_value = text_list + box_input_list + code_input_list + num_list\n        len_num = len(all_value)\n        before_all_value = adds.batch_acquisition_input(all_value)\n        change.click_button(\n            '(//div[@class=\"h-40px flex-justify-end flex-align-items-end b-t-s-d9e3f3\"])[1]//span[text()=\"确定\"]')\n>       change.get_find_message()\n\nTests\\test_items\\test_changespec.py:997: \n_ _ _ _ _ _ _ _ _ _ _ _ _ _ _ _ _ _ _ _ _ _ _ _ _ _ _ _ _ _ _ _ _ _ _ _ _ _ _ _ _ _ _ _ _ _ _ _ _ _ _ _ _ _ _ _ _ _ _ _ _ _ _ _ _ _ _ _ _ _ _ _ _ _ _ _ _ _ _ _ _ _ _ _ _ _ _ _ _ _ _ _ _ _ _ _ _ _ _ _ _ _ _ _ _ _ _ _ _ _ _ _ _ _ _ _\nPages\\itemsPage\\changeR_page.py:60: in get_find_message\n    message = WebDriverWait(self.driver, 10).until(\n_ _ _ _ _ _ _ _ _ _ _ _ _ _ _ _ _ _ _ _ _ _ _ _ _ _ _ _ _ _ _ _ _ _ _ _ _ _ _ _ _ _ _ _ _ _ _ _ _ _ _ _ _ _ _ _ _ _ _ _ _ _ _ _ _ _ _ _ _ _ _ _ _ _ _ _ _ _ _ _ _ _ _ _ _ _ _ _ _ _ _ _ _ _ _ _ _ _ _ _ _ _ _ _ _ _ _ _ _ _ _ _ _ _ _ _\n\nself = <selenium.webdriver.support.wait.WebDriverWait (session=\"5e8c7656cb7fb55d82f5d8b57f27ec79\")>, method = <function visibility_of_element_located.<locals>._predicate at 0x00000143DFA7F9A0>, message = ''\n\n    def until(self, method: Callable[[D], Union[Literal[False], T]], message: str = \"\") -> T:\n        \"\"\"Wait until the method returns a value that is not False.\n    \n        Calls the method provided with the driver as an argument until the\n        return value does not evaluate to ``False``.\n    \n        Parameters:\n        -----------\n        method: callable(WebDriver)\n            - A callable object that takes a WebDriver instance as an argument.\n    \n        message: str\n            - Optional message for :exc:`TimeoutException`\n    \n        Return:\n        -------\n        object: T\n            - The result of the last call to `method`\n    \n        Raises:\n        -------\n        TimeoutException\n            - If 'method' does not return a truthy value within the WebDriverWait\n            object's timeout\n    \n        Example:\n        --------\n        >>> from selenium.webdriver.common.by import By\n        >>> from selenium.webdriver.support.ui import WebDriverWait\n        >>> from selenium.webdriver.support import expected_conditions as EC\n    \n        # Wait until an element is visible on the page\n        >>> wait = WebDriverWait(driver, 10)\n        >>> element = wait.until(EC.visibility_of_element_located((By.ID, \"exampleId\")))\n        >>> print(element.text)\n        \"\"\"\n        screen = None\n        stacktrace = None\n    \n        end_time = time.monotonic() + self._timeout\n        while True:\n            try:\n                value = method(self._driver)\n                if value:\n                    return value\n            except self._ignored_exceptions as exc:\n                screen = getattr(exc, \"screen\", None)\n                stacktrace = getattr(exc, \"stacktrace\", None)\n            if time.monotonic() > end_time:\n                break\n            time.sleep(self._poll)\n>       raise TimeoutException(message, screen, stacktrace)\nE       selenium.common.exceptions.TimeoutException: Message: \nE       Stacktrace:\nE       \tGetHandleVerifier [0x0x7ff7e9026f65+78965]\nE       \tGetHandleVerifier [0x0x7ff7e9026fc0+79056]\nE       \t(No symbol) [0x0x7ff7e8db9dda]\nE       \t(No symbol) [0x0x7ff7e8e102ea]\nE       \t(No symbol) [0x0x7ff7e8e1059c]\nE       \t(No symbol) [0x0x7ff7e8e63f37]\nE       \t(No symbol) [0x0x7ff7e8e386af]\nE       \t(No symbol) [0x0x7ff7e8e60dbe]\nE       \t(No symbol) [0x0x7ff7e8e38443]\nE       \t(No symbol) [0x0x7ff7e8e01311]\nE       \t(No symbol) [0x0x7ff7e8e020a3]\nE       \tGetHandleVerifier [0x0x7ff7e92de26d+2926461]\nE       \tGetHandleVerifier [0x0x7ff7e92d8993+2903715]\nE       \tGetHandleVerifier [0x0x7ff7e92f6aed+3026941]\nE       \tGetHandleVerifier [0x0x7ff7e90416fe+187406]\nE       \tGetHandleVerifier [0x0x7ff7e90496ef+220159]\nE       \tGetHandleVerifier [0x0x7ff7e902faf4+114692]\nE       \tGetHandleVerifier [0x0x7ff7e902fca9+115129]\nE       \tGetHandleVerifier [0x0x7ff7e90164d8+10728]\nE       \tBaseThreadInitThunk [0x0x7ffcf36a7374+20]\nE       \tRtlUserThreadStart [0x0x7ffcf523cc91+33]\n\nmyenv\\lib\\site-packages\\selenium\\webdriver\\support\\wait.py:138: TimeoutException","flaky":false,"newFailed":false,"newBroken":false,"newPassed":false,"retriesCount":1,"retriesStatusChange":false,"beforeStages":[{"name":"login_to_changespec","time":{"start":1762786834285,"stop":1762786850234,"duration":15949},"status":"passed","steps":[],"attachments":[],"parameters":[],"stepsCount":0,"hasContent":false,"attachmentStep":false,"attachmentsCount":0,"shouldDisplayMessage":false}],"testStage":{"status":"broken","statusMessage":"selenium.common.exceptions.TimeoutException: Message: \nStacktrace:\n\tGetHandleVerifier [0x0x7ff7e9026f65+78965]\n\tGetHandleVerifier [0x0x7ff7e9026fc0+79056]\n\t(No symbol) [0x0x7ff7e8db9dda]\n\t(No symbol) [0x0x7ff7e8e102ea]\n\t(No symbol) [0x0x7ff7e8e1059c]\n\t(No symbol) [0x0x7ff7e8e63f37]\n\t(No symbol) [0x0x7ff7e8e386af]\n\t(No symbol) [0x0x7ff7e8e60dbe]\n\t(No symbol) [0x0x7ff7e8e38443]\n\t(No symbol) [0x0x7ff7e8e01311]\n\t(No symbol) [0x0x7ff7e8e020a3]\n\tGetHandleVerifier [0x0x7ff7e92de26d+2926461]\n\tGetHandleVerifier [0x0x7ff7e92d8993+2903715]\n\tGetHandleVerifier [0x0x7ff7e92f6aed+3026941]\n\tGetHandleVerifier [0x0x7ff7e90416fe+187406]\n\tGetHandleVerifier [0x0x7ff7e90496ef+220159]\n\tGetHandleVerifier [0x0x7ff7e902faf4+114692]\n\tGetHandleVerifier [0x0x7ff7e902fca9+115129]\n\tGetHandleVerifier [0x0x7ff7e90164d8+10728]\n\tBaseThreadInitThunk [0x0x7ffcf36a7374+20]\n\tRtlUserThreadStart [0x0x7ffcf523cc91+33]","statusTrace":"self = <test_items.test_changespec.TestChangeSpecPage object at 0x00000143DECAC0D0>, login_to_changespec = <selenium.webdriver.chrome.webdriver.WebDriver (session=\"5e8c7656cb7fb55d82f5d8b57f27ec79\")>\n\n    @allure.story(\"输入全部数据，添加保存成功\")\n    # @pytest.mark.run(order=1)\n    def test_changespec_addall(self, login_to_changespec):\n        driver = login_to_changespec  # WebDriver 实例\n        change = ChangeR(driver)  # 用 driver 初始化 ChangeR\n        adds = AddsPages(driver)\n        input_value = '11测试全部数据'\n        change.click_add_button()\n        text_list = [\n            '//label[text()=\"备注\"]/following-sibling::div//input',\n        ]\n        adds.batch_modify_input(text_list, input_value)\n    \n        value_bos = '(//div[@class=\"vxe-modal--body\"]//table[@class=\"vxe-table--body\"]//tr[1]/td[2])[2]/div/span'\n        box_list = [\n            '//label[text()=\"资源\"]/following-sibling::div//i',\n            '//label[text()=\"前生产特征\"]/following-sibling::div//i',\n            '//label[text()=\"后生产特征\"]/following-sibling::div//i',\n        ]\n        adds.batch_modify_dialog_box(box_list, value_bos)\n        resource_value = change.get_find_element_xpath('//label[text()=\"资源\"]/following-sibling::div//input').get_attribute(\"value\")\n    \n        code_value = '//span[text()=\"AdvanceAlongResourceWorkingTime\"]'\n        code_list = [\n            '//label[text()=\"切换时间调整表达式\"]/following-sibling::div//i',\n        ]\n        adds.batch_modify_code_box(code_list, code_value)\n    \n        input_num_value = '1'\n        num_list = [\n            '//label[text()=\"优先度\"]/following-sibling::div//input',\n            '//label[text()=\"切换时间(分钟)\"]/following-sibling::div//input',\n        ]\n        adds.batch_modify_input(num_list, input_num_value)\n    \n        box_input_list = [xpath.replace(\"//i\", \"//input\") for xpath in box_list]\n        code_input_list = [xpath.replace(\"//i\", \"//input\") for xpath in code_list]\n        all_value = text_list + box_input_list + code_input_list + num_list\n        len_num = len(all_value)\n        before_all_value = adds.batch_acquisition_input(all_value)\n        change.click_button(\n            '(//div[@class=\"h-40px flex-justify-end flex-align-items-end b-t-s-d9e3f3\"])[1]//span[text()=\"确定\"]')\n>       change.get_find_message()\n\nTests\\test_items\\test_changespec.py:997: \n_ _ _ _ _ _ _ _ _ _ _ _ _ _ _ _ _ _ _ _ _ _ _ _ _ _ _ _ _ _ _ _ _ _ _ _ _ _ _ _ _ _ _ _ _ _ _ _ _ _ _ _ _ _ _ _ _ _ _ _ _ _ _ _ _ _ _ _ _ _ _ _ _ _ _ _ _ _ _ _ _ _ _ _ _ _ _ _ _ _ _ _ _ _ _ _ _ _ _ _ _ _ _ _ _ _ _ _ _ _ _ _ _ _ _ _\nPages\\itemsPage\\changeR_page.py:60: in get_find_message\n    message = WebDriverWait(self.driver, 10).until(\n_ _ _ _ _ _ _ _ _ _ _ _ _ _ _ _ _ _ _ _ _ _ _ _ _ _ _ _ _ _ _ _ _ _ _ _ _ _ _ _ _ _ _ _ _ _ _ _ _ _ _ _ _ _ _ _ _ _ _ _ _ _ _ _ _ _ _ _ _ _ _ _ _ _ _ _ _ _ _ _ _ _ _ _ _ _ _ _ _ _ _ _ _ _ _ _ _ _ _ _ _ _ _ _ _ _ _ _ _ _ _ _ _ _ _ _\n\nself = <selenium.webdriver.support.wait.WebDriverWait (session=\"5e8c7656cb7fb55d82f5d8b57f27ec79\")>, method = <function visibility_of_element_located.<locals>._predicate at 0x00000143DFA7F9A0>, message = ''\n\n    def until(self, method: Callable[[D], Union[Literal[False], T]], message: str = \"\") -> T:\n        \"\"\"Wait until the method returns a value that is not False.\n    \n        Calls the method provided with the driver as an argument until the\n        return value does not evaluate to ``False``.\n    \n        Parameters:\n        -----------\n        method: callable(WebDriver)\n            - A callable object that takes a WebDriver instance as an argument.\n    \n        message: str\n            - Optional message for :exc:`TimeoutException`\n    \n        Return:\n        -------\n        object: T\n            - The result of the last call to `method`\n    \n        Raises:\n        -------\n        TimeoutException\n            - If 'method' does not return a truthy value within the WebDriverWait\n            object's timeout\n    \n        Example:\n        --------\n        >>> from selenium.webdriver.common.by import By\n        >>> from selenium.webdriver.support.ui import WebDriverWait\n        >>> from selenium.webdriver.support import expected_conditions as EC\n    \n        # Wait until an element is visible on the page\n        >>> wait = WebDriverWait(driver, 10)\n        >>> element = wait.until(EC.visibility_of_element_located((By.ID, \"exampleId\")))\n        >>> print(element.text)\n        \"\"\"\n        screen = None\n        stacktrace = None\n    \n        end_time = time.monotonic() + self._timeout\n        while True:\n            try:\n                value = method(self._driver)\n                if value:\n                    return value\n            except self._ignored_exceptions as exc:\n                screen = getattr(exc, \"screen\", None)\n                stacktrace = getattr(exc, \"stacktrace\", None)\n            if time.monotonic() > end_time:\n                break\n            time.sleep(self._poll)\n>       raise TimeoutException(message, screen, stacktrace)\nE       selenium.common.exceptions.TimeoutException: Message: \nE       Stacktrace:\nE       \tGetHandleVerifier [0x0x7ff7e9026f65+78965]\nE       \tGetHandleVerifier [0x0x7ff7e9026fc0+79056]\nE       \t(No symbol) [0x0x7ff7e8db9dda]\nE       \t(No symbol) [0x0x7ff7e8e102ea]\nE       \t(No symbol) [0x0x7ff7e8e1059c]\nE       \t(No symbol) [0x0x7ff7e8e63f37]\nE       \t(No symbol) [0x0x7ff7e8e386af]\nE       \t(No symbol) [0x0x7ff7e8e60dbe]\nE       \t(No symbol) [0x0x7ff7e8e38443]\nE       \t(No symbol) [0x0x7ff7e8e01311]\nE       \t(No symbol) [0x0x7ff7e8e020a3]\nE       \tGetHandleVerifier [0x0x7ff7e92de26d+2926461]\nE       \tGetHandleVerifier [0x0x7ff7e92d8993+2903715]\nE       \tGetHandleVerifier [0x0x7ff7e92f6aed+3026941]\nE       \tGetHandleVerifier [0x0x7ff7e90416fe+187406]\nE       \tGetHandleVerifier [0x0x7ff7e90496ef+220159]\nE       \tGetHandleVerifier [0x0x7ff7e902faf4+114692]\nE       \tGetHandleVerifier [0x0x7ff7e902fca9+115129]\nE       \tGetHandleVerifier [0x0x7ff7e90164d8+10728]\nE       \tBaseThreadInitThunk [0x0x7ffcf36a7374+20]\nE       \tRtlUserThreadStart [0x0x7ffcf523cc91+33]\n\nmyenv\\lib\\site-packages\\selenium\\webdriver\\support\\wait.py:138: TimeoutException","steps":[],"attachments":[{"uid":"9af32cd336ad38ff","name":"test_changespec_addall_failure","source":"9af32cd336ad38ff.png","type":"image/png","size":99770},{"uid":"3b984dbffdfee4d9","name":"test_changespec_addall_source","source":"3b984dbffdfee4d9.html","type":"text/html","size":1356515},{"uid":"cd0a8dacb453576b","name":"log","source":"cd0a8dacb453576b.txt","type":"text/plain","size":10978}],"parameters":[],"stepsCount":0,"hasContent":true,"attachmentStep":false,"attachmentsCount":3,"shouldDisplayMessage":true},"afterStages":[{"name":"login_to_changespec::0","time":{"start":1762786879900,"stop":1762786882073,"duration":2173},"status":"passed","steps":[],"attachments":[],"parameters":[],"stepsCount":0,"hasContent":false,"attachmentStep":false,"attachmentsCount":0,"shouldDisplayMessage":false}],"labels":[{"name":"story","value":"输入全部数据，添加保存成功"},{"name":"feature","value":"生产特征切换表测试用例"},{"name":"parentSuite","value":"Tests.test_items"},{"name":"suite","value":"test_changespec"},{"name":"subSuite","value":"TestChangeSpecPage"},{"name":"host","value":"WIN-20240820MJV"},{"name":"thread","value":"12084-MainThread"},{"name":"framework","value":"pytest"},{"name":"language","value":"cpython3"},{"name":"package","value":"Tests.test_items.test_changespec"},{"name":"resultFormat","value":"allure2"}],"parameters":[],"links":[],"hidden":false,"retry":false,"extra":{"severity":"normal","retries":[{"uid":"f76c4bcf8d9dee73","status":"broken","statusDetails":"selenium.common.exceptions.TimeoutException: Message: 点击失败，找不到元素：xpath = (//div[@class=\"demo-drawer-footer\"])[2]//span[text()=\"确定\"]","time":{"start":1762786786813,"stop":1762786831907,"duration":45094}}],"categories":[{"name":"Test defects","matchedStatuses":[]}],"tags":[]},"source":"d30ef6d6390542b2.json","parameterValues":[]}