{"uid":"d5c92b679c045602","name":"test_planUnit_success1","fullName":"Tests.test_system.test_planUnit.TestPlanUnitPage#test_planUnit_success1","historyId":"4ef24c8cef65ae5f9a8952b573e7b688","time":{"start":1762457558241,"stop":1762457575293,"duration":17052},"status":"broken","statusMessage":"selenium.common.exceptions.TimeoutException: Message: \nStacktrace:\n\tGetHandleVerifier [0x0x7ff71a976f65+78965]\n\tGetHandleVerifier [0x0x7ff71a976fc0+79056]\n\t(No symbol) [0x0x7ff71a709dda]\n\t(No symbol) [0x0x7ff71a7602ea]\n\t(No symbol) [0x0x7ff71a76059c]\n\t(No symbol) [0x0x7ff71a7b3f37]\n\t(No symbol) [0x0x7ff71a7886af]\n\t(No symbol) [0x0x7ff71a7b0dbe]\n\t(No symbol) [0x0x7ff71a788443]\n\t(No symbol) [0x0x7ff71a751311]\n\t(No symbol) [0x0x7ff71a7520a3]\n\tGetHandleVerifier [0x0x7ff71ac2e26d+2926461]\n\tGetHandleVerifier [0x0x7ff71ac28993+2903715]\n\tGetHandleVerifier [0x0x7ff71ac46aed+3026941]\n\tGetHandleVerifier [0x0x7ff71a9916fe+187406]\n\tGetHandleVerifier [0x0x7ff71a9996ef+220159]\n\tGetHandleVerifier [0x0x7ff71a97faf4+114692]\n\tGetHandleVerifier [0x0x7ff71a97fca9+115129]\n\tGetHandleVerifier [0x0x7ff71a9664d8+10728]\n\tBaseThreadInitThunk [0x0x7ff956997374+20]\n\tRtlUserThreadStart [0x0x7ff956c3cc91+33]","statusTrace":"self = <test_system.test_planUnit.TestPlanUnitPage object at 0x0000027FDAC8F850>, login_to_planUnit = <selenium.webdriver.chrome.webdriver.WebDriver (session=\"7fbd907a079dd8b4ba9e9925110d9b19\")>\n\n    @allure.story(\"添加标准计划单元成功\")\n    # @pytest.mark.run(order=1)\n    def test_planUnit_success1(self, login_to_planUnit):\n        driver = login_to_planUnit  # WebDriver 实例\n        unit = PlanUnitPage(driver)  # 用 driver 初始化 PlanUnitPage\n        name = \"1测试计划单元标准\"\n        module = \"标准\"\n        unit.add_plan_unit(name, module)\n        unit.click_confirm_button()\n>       unit.get_find_message()\n\nTests\\test_system\\test_planUnit.py:158: \n_ _ _ _ _ _ _ _ _ _ _ _ _ _ _ _ _ _ _ _ _ _ _ _ _ _ _ _ _ _ _ _ _ _ _ _ _ _ _ _ _ _ _ _ _ _ _ _ _ _ _ _ _ _ _ _ _ _ _ _ _ _ _ _ _ _ _ _ _ _ _ _ _ _ _ _ _ _ _ _ _ _ _ _ _ _ _ _ _ _ _ _ _ _ _ _ _ _ _ _ _ _ _ _ _ _ _ _ _ _ _ _ _ _ _ _\nPages\\systemPage\\planUnit_page.py:35: in get_find_message\n    message = WebDriverWait(self.driver, 10).until(\n_ _ _ _ _ _ _ _ _ _ _ _ _ _ _ _ _ _ _ _ _ _ _ _ _ _ _ _ _ _ _ _ _ _ _ _ _ _ _ _ _ _ _ _ _ _ _ _ _ _ _ _ _ _ _ _ _ _ _ _ _ _ _ _ _ _ _ _ _ _ _ _ _ _ _ _ _ _ _ _ _ _ _ _ _ _ _ _ _ _ _ _ _ _ _ _ _ _ _ _ _ _ _ _ _ _ _ _ _ _ _ _ _ _ _ _\n\nself = <selenium.webdriver.support.wait.WebDriverWait (session=\"7fbd907a079dd8b4ba9e9925110d9b19\")>, method = <function visibility_of_element_located.<locals>._predicate at 0x0000027FDCF68310>, message = ''\n\n    def until(self, method: Callable[[D], Union[Literal[False], T]], message: str = \"\") -> T:\n        \"\"\"Wait until the method returns a value that is not False.\n    \n        Calls the method provided with the driver as an argument until the\n        return value does not evaluate to ``False``.\n    \n        Parameters:\n        -----------\n        method: callable(WebDriver)\n            - A callable object that takes a WebDriver instance as an argument.\n    \n        message: str\n            - Optional message for :exc:`TimeoutException`\n    \n        Return:\n        -------\n        object: T\n            - The result of the last call to `method`\n    \n        Raises:\n        -------\n        TimeoutException\n            - If 'method' does not return a truthy value within the WebDriverWait\n            object's timeout\n    \n        Example:\n        --------\n        >>> from selenium.webdriver.common.by import By\n        >>> from selenium.webdriver.support.ui import WebDriverWait\n        >>> from selenium.webdriver.support import expected_conditions as EC\n    \n        # Wait until an element is visible on the page\n        >>> wait = WebDriverWait(driver, 10)\n        >>> element = wait.until(EC.visibility_of_element_located((By.ID, \"exampleId\")))\n        >>> print(element.text)\n        \"\"\"\n        screen = None\n        stacktrace = None\n    \n        end_time = time.monotonic() + self._timeout\n        while True:\n            try:\n                value = method(self._driver)\n                if value:\n                    return value\n            except self._ignored_exceptions as exc:\n                screen = getattr(exc, \"screen\", None)\n                stacktrace = getattr(exc, \"stacktrace\", None)\n            if time.monotonic() > end_time:\n                break\n            time.sleep(self._poll)\n>       raise TimeoutException(message, screen, stacktrace)\nE       selenium.common.exceptions.TimeoutException: Message: \nE       Stacktrace:\nE       \tGetHandleVerifier [0x0x7ff71a976f65+78965]\nE       \tGetHandleVerifier [0x0x7ff71a976fc0+79056]\nE       \t(No symbol) [0x0x7ff71a709dda]\nE       \t(No symbol) [0x0x7ff71a7602ea]\nE       \t(No symbol) [0x0x7ff71a76059c]\nE       \t(No symbol) [0x0x7ff71a7b3f37]\nE       \t(No symbol) [0x0x7ff71a7886af]\nE       \t(No symbol) [0x0x7ff71a7b0dbe]\nE       \t(No symbol) [0x0x7ff71a788443]\nE       \t(No symbol) [0x0x7ff71a751311]\nE       \t(No symbol) [0x0x7ff71a7520a3]\nE       \tGetHandleVerifier [0x0x7ff71ac2e26d+2926461]\nE       \tGetHandleVerifier [0x0x7ff71ac28993+2903715]\nE       \tGetHandleVerifier [0x0x7ff71ac46aed+3026941]\nE       \tGetHandleVerifier [0x0x7ff71a9916fe+187406]\nE       \tGetHandleVerifier [0x0x7ff71a9996ef+220159]\nE       \tGetHandleVerifier [0x0x7ff71a97faf4+114692]\nE       \tGetHandleVerifier [0x0x7ff71a97fca9+115129]\nE       \tGetHandleVerifier [0x0x7ff71a9664d8+10728]\nE       \tBaseThreadInitThunk [0x0x7ff956997374+20]\nE       \tRtlUserThreadStart [0x0x7ff956c3cc91+33]\n\nmyenv\\lib\\site-packages\\selenium\\webdriver\\support\\wait.py:138: TimeoutException","flaky":false,"newFailed":false,"newBroken":false,"newPassed":false,"retriesCount":1,"retriesStatusChange":false,"beforeStages":[{"name":"login_to_planUnit","time":{"start":1762457546800,"stop":1762457558241,"duration":11441},"status":"passed","steps":[],"attachments":[],"parameters":[],"stepsCount":0,"hasContent":false,"attachmentStep":false,"shouldDisplayMessage":false,"attachmentsCount":0}],"testStage":{"status":"broken","statusMessage":"selenium.common.exceptions.TimeoutException: Message: \nStacktrace:\n\tGetHandleVerifier [0x0x7ff71a976f65+78965]\n\tGetHandleVerifier [0x0x7ff71a976fc0+79056]\n\t(No symbol) [0x0x7ff71a709dda]\n\t(No symbol) [0x0x7ff71a7602ea]\n\t(No symbol) [0x0x7ff71a76059c]\n\t(No symbol) [0x0x7ff71a7b3f37]\n\t(No symbol) [0x0x7ff71a7886af]\n\t(No symbol) [0x0x7ff71a7b0dbe]\n\t(No symbol) [0x0x7ff71a788443]\n\t(No symbol) [0x0x7ff71a751311]\n\t(No symbol) [0x0x7ff71a7520a3]\n\tGetHandleVerifier [0x0x7ff71ac2e26d+2926461]\n\tGetHandleVerifier [0x0x7ff71ac28993+2903715]\n\tGetHandleVerifier [0x0x7ff71ac46aed+3026941]\n\tGetHandleVerifier [0x0x7ff71a9916fe+187406]\n\tGetHandleVerifier [0x0x7ff71a9996ef+220159]\n\tGetHandleVerifier [0x0x7ff71a97faf4+114692]\n\tGetHandleVerifier [0x0x7ff71a97fca9+115129]\n\tGetHandleVerifier [0x0x7ff71a9664d8+10728]\n\tBaseThreadInitThunk [0x0x7ff956997374+20]\n\tRtlUserThreadStart [0x0x7ff956c3cc91+33]","statusTrace":"self = <test_system.test_planUnit.TestPlanUnitPage object at 0x0000027FDAC8F850>, login_to_planUnit = <selenium.webdriver.chrome.webdriver.WebDriver (session=\"7fbd907a079dd8b4ba9e9925110d9b19\")>\n\n    @allure.story(\"添加标准计划单元成功\")\n    # @pytest.mark.run(order=1)\n    def test_planUnit_success1(self, login_to_planUnit):\n        driver = login_to_planUnit  # WebDriver 实例\n        unit = PlanUnitPage(driver)  # 用 driver 初始化 PlanUnitPage\n        name = \"1测试计划单元标准\"\n        module = \"标准\"\n        unit.add_plan_unit(name, module)\n        unit.click_confirm_button()\n>       unit.get_find_message()\n\nTests\\test_system\\test_planUnit.py:158: \n_ _ _ _ _ _ _ _ _ _ _ _ _ _ _ _ _ _ _ _ _ _ _ _ _ _ _ _ _ _ _ _ _ _ _ _ _ _ _ _ _ _ _ _ _ _ _ _ _ _ _ _ _ _ _ _ _ _ _ _ _ _ _ _ _ _ _ _ _ _ _ _ _ _ _ _ _ _ _ _ _ _ _ _ _ _ _ _ _ _ _ _ _ _ _ _ _ _ _ _ _ _ _ _ _ _ _ _ _ _ _ _ _ _ _ _\nPages\\systemPage\\planUnit_page.py:35: in get_find_message\n    message = WebDriverWait(self.driver, 10).until(\n_ _ _ _ _ _ _ _ _ _ _ _ _ _ _ _ _ _ _ _ _ _ _ _ _ _ _ _ _ _ _ _ _ _ _ _ _ _ _ _ _ _ _ _ _ _ _ _ _ _ _ _ _ _ _ _ _ _ _ _ _ _ _ _ _ _ _ _ _ _ _ _ _ _ _ _ _ _ _ _ _ _ _ _ _ _ _ _ _ _ _ _ _ _ _ _ _ _ _ _ _ _ _ _ _ _ _ _ _ _ _ _ _ _ _ _\n\nself = <selenium.webdriver.support.wait.WebDriverWait (session=\"7fbd907a079dd8b4ba9e9925110d9b19\")>, method = <function visibility_of_element_located.<locals>._predicate at 0x0000027FDCF68310>, message = ''\n\n    def until(self, method: Callable[[D], Union[Literal[False], T]], message: str = \"\") -> T:\n        \"\"\"Wait until the method returns a value that is not False.\n    \n        Calls the method provided with the driver as an argument until the\n        return value does not evaluate to ``False``.\n    \n        Parameters:\n        -----------\n        method: callable(WebDriver)\n            - A callable object that takes a WebDriver instance as an argument.\n    \n        message: str\n            - Optional message for :exc:`TimeoutException`\n    \n        Return:\n        -------\n        object: T\n            - The result of the last call to `method`\n    \n        Raises:\n        -------\n        TimeoutException\n            - If 'method' does not return a truthy value within the WebDriverWait\n            object's timeout\n    \n        Example:\n        --------\n        >>> from selenium.webdriver.common.by import By\n        >>> from selenium.webdriver.support.ui import WebDriverWait\n        >>> from selenium.webdriver.support import expected_conditions as EC\n    \n        # Wait until an element is visible on the page\n        >>> wait = WebDriverWait(driver, 10)\n        >>> element = wait.until(EC.visibility_of_element_located((By.ID, \"exampleId\")))\n        >>> print(element.text)\n        \"\"\"\n        screen = None\n        stacktrace = None\n    \n        end_time = time.monotonic() + self._timeout\n        while True:\n            try:\n                value = method(self._driver)\n                if value:\n                    return value\n            except self._ignored_exceptions as exc:\n                screen = getattr(exc, \"screen\", None)\n                stacktrace = getattr(exc, \"stacktrace\", None)\n            if time.monotonic() > end_time:\n                break\n            time.sleep(self._poll)\n>       raise TimeoutException(message, screen, stacktrace)\nE       selenium.common.exceptions.TimeoutException: Message: \nE       Stacktrace:\nE       \tGetHandleVerifier [0x0x7ff71a976f65+78965]\nE       \tGetHandleVerifier [0x0x7ff71a976fc0+79056]\nE       \t(No symbol) [0x0x7ff71a709dda]\nE       \t(No symbol) [0x0x7ff71a7602ea]\nE       \t(No symbol) [0x0x7ff71a76059c]\nE       \t(No symbol) [0x0x7ff71a7b3f37]\nE       \t(No symbol) [0x0x7ff71a7886af]\nE       \t(No symbol) [0x0x7ff71a7b0dbe]\nE       \t(No symbol) [0x0x7ff71a788443]\nE       \t(No symbol) [0x0x7ff71a751311]\nE       \t(No symbol) [0x0x7ff71a7520a3]\nE       \tGetHandleVerifier [0x0x7ff71ac2e26d+2926461]\nE       \tGetHandleVerifier [0x0x7ff71ac28993+2903715]\nE       \tGetHandleVerifier [0x0x7ff71ac46aed+3026941]\nE       \tGetHandleVerifier [0x0x7ff71a9916fe+187406]\nE       \tGetHandleVerifier [0x0x7ff71a9996ef+220159]\nE       \tGetHandleVerifier [0x0x7ff71a97faf4+114692]\nE       \tGetHandleVerifier [0x0x7ff71a97fca9+115129]\nE       \tGetHandleVerifier [0x0x7ff71a9664d8+10728]\nE       \tBaseThreadInitThunk [0x0x7ff956997374+20]\nE       \tRtlUserThreadStart [0x0x7ff956c3cc91+33]\n\nmyenv\\lib\\site-packages\\selenium\\webdriver\\support\\wait.py:138: TimeoutException","steps":[],"attachments":[{"uid":"214fe13943851","name":"test_planUnit_success1_failure","source":"214fe13943851.png","type":"image/png","size":101301},{"uid":"571027ade88c1527","name":"test_planUnit_success1_source","source":"571027ade88c1527.html","type":"text/html","size":1272975},{"uid":"a731b9752acda85c","name":"log","source":"a731b9752acda85c.txt","type":"text/plain","size":3825}],"parameters":[],"stepsCount":0,"hasContent":true,"attachmentStep":false,"shouldDisplayMessage":true,"attachmentsCount":3},"afterStages":[{"name":"login_to_planUnit::0","time":{"start":1762457575472,"stop":1762457577662,"duration":2190},"status":"passed","steps":[],"attachments":[],"parameters":[],"stepsCount":0,"hasContent":false,"attachmentStep":false,"shouldDisplayMessage":false,"attachmentsCount":0}],"labels":[{"name":"feature","value":"计划单元页用例"},{"name":"story","value":"添加标准计划单元成功"},{"name":"parentSuite","value":"Tests.test_system"},{"name":"suite","value":"test_planUnit"},{"name":"subSuite","value":"TestPlanUnitPage"},{"name":"host","value":"WIN-20240820MJV"},{"name":"thread","value":"24676-MainThread"},{"name":"framework","value":"pytest"},{"name":"language","value":"cpython3"},{"name":"package","value":"Tests.test_system.test_planUnit"},{"name":"resultFormat","value":"allure2"}],"parameters":[],"links":[],"hidden":false,"retry":false,"extra":{"severity":"normal","retries":[{"uid":"cc627dcee46e715f","status":"broken","statusDetails":"selenium.common.exceptions.TimeoutException: Message: \nStacktrace:\n\tGetHandleVerifier [0x0x7ff71a976f65+78965]\n\tGetHandleVerifier [0x0x7ff71a976fc0+79056]\n\t(No symbol) [0x0x7ff71a709dda]\n\t(No symbol) [0x0x7ff71a7602ea]\n\t(No symbol) [0x0x7ff71a76059c]\n\t(No symbol) [0x0x7ff71a7b3f37]\n\t(No symbol) [0x0x7ff71a7886af]\n\t(No symbol) [0x0x7ff71a7b0dbe]\n\t(No symbol) [0x0x7ff71a788443]\n\t(No symbol) [0x0x7ff71a751311]\n\t(No symbol) [0x0x7ff71a7520a3]\n\tGetHandleVerifier [0x0x7ff71ac2e26d+2926461]\n\tGetHandleVerifier [0x0x7ff71ac28993+2903715]\n\tGetHandleVerifier [0x0x7ff71ac46aed+3026941]\n\tGetHandleVerifier [0x0x7ff71a9916fe+187406]\n\tGetHandleVerifier [0x0x7ff71a9996ef+220159]\n\tGetHandleVerifier [0x0x7ff71a97faf4+114692]\n\tGetHandleVerifier [0x0x7ff71a97fca9+115129]\n\tGetHandleVerifier [0x0x7ff71a9664d8+10728]\n\tBaseThreadInitThunk [0x0x7ff956997374+20]\n\tRtlUserThreadStart [0x0x7ff956c3cc91+33]","time":{"start":1762457525290,"stop":1762457544443,"duration":19153}}],"categories":[{"name":"Test defects","matchedStatuses":[]}],"tags":[]},"source":"d5c92b679c045602.json","parameterValues":[]}