{"uid":"d5cdcd9ae301fd45","name":"test_plan_closebutton","fullName":"Tests.test_items.test_plan.TestPlanPage#test_plan_closebutton","historyId":"517533ef47ffbd03f0030f9d56ed47e1","time":{"start":1768401060554,"stop":1768401073623,"duration":13069},"status":"broken","statusMessage":"selenium.common.exceptions.TimeoutException: Message: \nStacktrace:\n\tGetHandleVerifier [0x0x7ff62e736f65+78965]\n\tGetHandleVerifier [0x0x7ff62e736fc0+79056]\n\t(No symbol) [0x0x7ff62e4c9dda]\n\t(No symbol) [0x0x7ff62e5202ea]\n\t(No symbol) [0x0x7ff62e52059c]\n\t(No symbol) [0x0x7ff62e573f37]\n\t(No symbol) [0x0x7ff62e5486af]\n\t(No symbol) [0x0x7ff62e570dbe]\n\t(No symbol) [0x0x7ff62e548443]\n\t(No symbol) [0x0x7ff62e511311]\n\t(No symbol) [0x0x7ff62e5120a3]\n\tGetHandleVerifier [0x0x7ff62e9ee26d+2926461]\n\tGetHandleVerifier [0x0x7ff62e9e8993+2903715]\n\tGetHandleVerifier [0x0x7ff62ea06aed+3026941]\n\tGetHandleVerifier [0x0x7ff62e7516fe+187406]\n\tGetHandleVerifier [0x0x7ff62e7596ef+220159]\n\tGetHandleVerifier [0x0x7ff62e73faf4+114692]\n\tGetHandleVerifier [0x0x7ff62e73fca9+115129]\n\tGetHandleVerifier [0x0x7ff62e7264d8+10728]\n\tBaseThreadInitThunk [0x0x7ff90e507374+20]\n\tRtlUserThreadStart [0x0x7ff91019cc91+33]","statusTrace":"self = <test_items.test_plan.TestPlanPage object at 0x000001E1A6042DA0>, login_to_plan = <selenium.webdriver.chrome.webdriver.WebDriver (session=\"065692c0b9c8014b58cd4a51e1d70f6d\")>\n\n    @allure.story(\"方案管理中计划方案组合框显示关闭，不显示该方案\")\n    # @pytest.mark.run(order=1)\n    def test_plan_closebutton(self, login_to_plan):\n        driver = login_to_plan  # WebDriver 实例\n        plan = PlanPage(driver)  # 用 driver 初始化 PlanPage\n        sched = SchedPage(driver)  # 用 driver 初始化 SchedPage\n        wait = WebDriverWait(driver, 20)\n        list_ = [\"计划方案管理\"]\n        for v in list_:\n            plan.click_button(f'(//span[text()=\"{v}\"])[1]')\n        # 选择第一个方案\n        sched_text = sched.get_find_element_xpath(\n            '//div[@class=\"ivu-tree\"]//li/ul[1]'\n        ).text\n        sched.click_button('//div[@class=\"ivu-tree\"]//li/ul[1]')\n        sched.click_attribute_button()\n        # 点击开关 如果为开 则关闭\n>       ele = sched.get_find_element_xpath(\n            '//div[text()=\"计划方案组合框显示\"]/following-sibling::div//span[1]'\n        )\n\nTests\\test_items\\test_plan.py:141: \n_ _ _ _ _ _ _ _ _ _ _ _ _ _ _ _ _ _ _ _ _ _ _ _ _ _ _ _ _ _ _ _ _ _ _ _ _ _ _ _ _ _ _ _ _ _ _ _ _ _ _ _ _ _ _ _ _ _ _ _ _ _ _ _ _ _ _ _ _ _ _ _ _ _ _ _ _ _ _ _ _ _ _ _ _ _ _ _ _ _ _ _ _ _ _ _ _ _ _ _ _ _ _ _ _ _ _ _ _ _ _ _ _ _ _ _\nPages\\itemsPage\\sched_page.py:86: in get_find_element_xpath\n    return self.find_element(By.XPATH, xpath)\nPages\\base_page.py:28: in find_element\n    return WebDriverWait(self.driver, wait_time).until(\n_ _ _ _ _ _ _ _ _ _ _ _ _ _ _ _ _ _ _ _ _ _ _ _ _ _ _ _ _ _ _ _ _ _ _ _ _ _ _ _ _ _ _ _ _ _ _ _ _ _ _ _ _ _ _ _ _ _ _ _ _ _ _ _ _ _ _ _ _ _ _ _ _ _ _ _ _ _ _ _ _ _ _ _ _ _ _ _ _ _ _ _ _ _ _ _ _ _ _ _ _ _ _ _ _ _ _ _ _ _ _ _ _ _ _ _\n\nself = <selenium.webdriver.support.wait.WebDriverWait (session=\"065692c0b9c8014b58cd4a51e1d70f6d\")>, method = <function presence_of_element_located.<locals>._predicate at 0x000001E1A81263B0>, message = ''\n\n    def until(self, method: Callable[[D], Union[Literal[False], T]], message: str = \"\") -> T:\n        \"\"\"Wait until the method returns a value that is not False.\n    \n        Calls the method provided with the driver as an argument until the\n        return value does not evaluate to ``False``.\n    \n        Parameters:\n        -----------\n        method: callable(WebDriver)\n            - A callable object that takes a WebDriver instance as an argument.\n    \n        message: str\n            - Optional message for :exc:`TimeoutException`\n    \n        Return:\n        -------\n        object: T\n            - The result of the last call to `method`\n    \n        Raises:\n        -------\n        TimeoutException\n            - If 'method' does not return a truthy value within the WebDriverWait\n            object's timeout\n    \n        Example:\n        --------\n        >>> from selenium.webdriver.common.by import By\n        >>> from selenium.webdriver.support.ui import WebDriverWait\n        >>> from selenium.webdriver.support import expected_conditions as EC\n    \n        # Wait until an element is visible on the page\n        >>> wait = WebDriverWait(driver, 10)\n        >>> element = wait.until(EC.visibility_of_element_located((By.ID, \"exampleId\")))\n        >>> print(element.text)\n        \"\"\"\n        screen = None\n        stacktrace = None\n    \n        end_time = time.monotonic() + self._timeout\n        while True:\n            try:\n                value = method(self._driver)\n                if value:\n                    return value\n            except self._ignored_exceptions as exc:\n                screen = getattr(exc, \"screen\", None)\n                stacktrace = getattr(exc, \"stacktrace\", None)\n            if time.monotonic() > end_time:\n                break\n            time.sleep(self._poll)\n>       raise TimeoutException(message, screen, stacktrace)\nE       selenium.common.exceptions.TimeoutException: Message: \nE       Stacktrace:\nE       \tGetHandleVerifier [0x0x7ff62e736f65+78965]\nE       \tGetHandleVerifier [0x0x7ff62e736fc0+79056]\nE       \t(No symbol) [0x0x7ff62e4c9dda]\nE       \t(No symbol) [0x0x7ff62e5202ea]\nE       \t(No symbol) [0x0x7ff62e52059c]\nE       \t(No symbol) [0x0x7ff62e573f37]\nE       \t(No symbol) [0x0x7ff62e5486af]\nE       \t(No symbol) [0x0x7ff62e570dbe]\nE       \t(No symbol) [0x0x7ff62e548443]\nE       \t(No symbol) [0x0x7ff62e511311]\nE       \t(No symbol) [0x0x7ff62e5120a3]\nE       \tGetHandleVerifier [0x0x7ff62e9ee26d+2926461]\nE       \tGetHandleVerifier [0x0x7ff62e9e8993+2903715]\nE       \tGetHandleVerifier [0x0x7ff62ea06aed+3026941]\nE       \tGetHandleVerifier [0x0x7ff62e7516fe+187406]\nE       \tGetHandleVerifier [0x0x7ff62e7596ef+220159]\nE       \tGetHandleVerifier [0x0x7ff62e73faf4+114692]\nE       \tGetHandleVerifier [0x0x7ff62e73fca9+115129]\nE       \tGetHandleVerifier [0x0x7ff62e7264d8+10728]\nE       \tBaseThreadInitThunk [0x0x7ff90e507374+20]\nE       \tRtlUserThreadStart [0x0x7ff91019cc91+33]\n\nmyenv\\lib\\site-packages\\selenium\\webdriver\\support\\wait.py:138: TimeoutException","flaky":false,"newFailed":false,"newBroken":false,"newPassed":false,"retriesCount":0,"retriesStatusChange":false,"beforeStages":[{"name":"login_to_plan","time":{"start":1768401041165,"stop":1768401060554,"duration":19389},"status":"passed","steps":[],"attachments":[],"parameters":[],"attachmentStep":false,"hasContent":false,"stepsCount":0,"shouldDisplayMessage":false,"attachmentsCount":0}],"testStage":{"status":"broken","statusMessage":"selenium.common.exceptions.TimeoutException: Message: \nStacktrace:\n\tGetHandleVerifier [0x0x7ff62e736f65+78965]\n\tGetHandleVerifier [0x0x7ff62e736fc0+79056]\n\t(No symbol) [0x0x7ff62e4c9dda]\n\t(No symbol) [0x0x7ff62e5202ea]\n\t(No symbol) [0x0x7ff62e52059c]\n\t(No symbol) [0x0x7ff62e573f37]\n\t(No symbol) [0x0x7ff62e5486af]\n\t(No symbol) [0x0x7ff62e570dbe]\n\t(No symbol) [0x0x7ff62e548443]\n\t(No symbol) [0x0x7ff62e511311]\n\t(No symbol) [0x0x7ff62e5120a3]\n\tGetHandleVerifier [0x0x7ff62e9ee26d+2926461]\n\tGetHandleVerifier [0x0x7ff62e9e8993+2903715]\n\tGetHandleVerifier [0x0x7ff62ea06aed+3026941]\n\tGetHandleVerifier [0x0x7ff62e7516fe+187406]\n\tGetHandleVerifier [0x0x7ff62e7596ef+220159]\n\tGetHandleVerifier [0x0x7ff62e73faf4+114692]\n\tGetHandleVerifier [0x0x7ff62e73fca9+115129]\n\tGetHandleVerifier [0x0x7ff62e7264d8+10728]\n\tBaseThreadInitThunk [0x0x7ff90e507374+20]\n\tRtlUserThreadStart [0x0x7ff91019cc91+33]","statusTrace":"self = <test_items.test_plan.TestPlanPage object at 0x000001E1A6042DA0>, login_to_plan = <selenium.webdriver.chrome.webdriver.WebDriver (session=\"065692c0b9c8014b58cd4a51e1d70f6d\")>\n\n    @allure.story(\"方案管理中计划方案组合框显示关闭，不显示该方案\")\n    # @pytest.mark.run(order=1)\n    def test_plan_closebutton(self, login_to_plan):\n        driver = login_to_plan  # WebDriver 实例\n        plan = PlanPage(driver)  # 用 driver 初始化 PlanPage\n        sched = SchedPage(driver)  # 用 driver 初始化 SchedPage\n        wait = WebDriverWait(driver, 20)\n        list_ = [\"计划方案管理\"]\n        for v in list_:\n            plan.click_button(f'(//span[text()=\"{v}\"])[1]')\n        # 选择第一个方案\n        sched_text = sched.get_find_element_xpath(\n            '//div[@class=\"ivu-tree\"]//li/ul[1]'\n        ).text\n        sched.click_button('//div[@class=\"ivu-tree\"]//li/ul[1]')\n        sched.click_attribute_button()\n        # 点击开关 如果为开 则关闭\n>       ele = sched.get_find_element_xpath(\n            '//div[text()=\"计划方案组合框显示\"]/following-sibling::div//span[1]'\n        )\n\nTests\\test_items\\test_plan.py:141: \n_ _ _ _ _ _ _ _ _ _ _ _ _ _ _ _ _ _ _ _ _ _ _ _ _ _ _ _ _ _ _ _ _ _ _ _ _ _ _ _ _ _ _ _ _ _ _ _ _ _ _ _ _ _ _ _ _ _ _ _ _ _ _ _ _ _ _ _ _ _ _ _ _ _ _ _ _ _ _ _ _ _ _ _ _ _ _ _ _ _ _ _ _ _ _ _ _ _ _ _ _ _ _ _ _ _ _ _ _ _ _ _ _ _ _ _\nPages\\itemsPage\\sched_page.py:86: in get_find_element_xpath\n    return self.find_element(By.XPATH, xpath)\nPages\\base_page.py:28: in find_element\n    return WebDriverWait(self.driver, wait_time).until(\n_ _ _ _ _ _ _ _ _ _ _ _ _ _ _ _ _ _ _ _ _ _ _ _ _ _ _ _ _ _ _ _ _ _ _ _ _ _ _ _ _ _ _ _ _ _ _ _ _ _ _ _ _ _ _ _ _ _ _ _ _ _ _ _ _ _ _ _ _ _ _ _ _ _ _ _ _ _ _ _ _ _ _ _ _ _ _ _ _ _ _ _ _ _ _ _ _ _ _ _ _ _ _ _ _ _ _ _ _ _ _ _ _ _ _ _\n\nself = <selenium.webdriver.support.wait.WebDriverWait (session=\"065692c0b9c8014b58cd4a51e1d70f6d\")>, method = <function presence_of_element_located.<locals>._predicate at 0x000001E1A81263B0>, message = ''\n\n    def until(self, method: Callable[[D], Union[Literal[False], T]], message: str = \"\") -> T:\n        \"\"\"Wait until the method returns a value that is not False.\n    \n        Calls the method provided with the driver as an argument until the\n        return value does not evaluate to ``False``.\n    \n        Parameters:\n        -----------\n        method: callable(WebDriver)\n            - A callable object that takes a WebDriver instance as an argument.\n    \n        message: str\n            - Optional message for :exc:`TimeoutException`\n    \n        Return:\n        -------\n        object: T\n            - The result of the last call to `method`\n    \n        Raises:\n        -------\n        TimeoutException\n            - If 'method' does not return a truthy value within the WebDriverWait\n            object's timeout\n    \n        Example:\n        --------\n        >>> from selenium.webdriver.common.by import By\n        >>> from selenium.webdriver.support.ui import WebDriverWait\n        >>> from selenium.webdriver.support import expected_conditions as EC\n    \n        # Wait until an element is visible on the page\n        >>> wait = WebDriverWait(driver, 10)\n        >>> element = wait.until(EC.visibility_of_element_located((By.ID, \"exampleId\")))\n        >>> print(element.text)\n        \"\"\"\n        screen = None\n        stacktrace = None\n    \n        end_time = time.monotonic() + self._timeout\n        while True:\n            try:\n                value = method(self._driver)\n                if value:\n                    return value\n            except self._ignored_exceptions as exc:\n                screen = getattr(exc, \"screen\", None)\n                stacktrace = getattr(exc, \"stacktrace\", None)\n            if time.monotonic() > end_time:\n                break\n            time.sleep(self._poll)\n>       raise TimeoutException(message, screen, stacktrace)\nE       selenium.common.exceptions.TimeoutException: Message: \nE       Stacktrace:\nE       \tGetHandleVerifier [0x0x7ff62e736f65+78965]\nE       \tGetHandleVerifier [0x0x7ff62e736fc0+79056]\nE       \t(No symbol) [0x0x7ff62e4c9dda]\nE       \t(No symbol) [0x0x7ff62e5202ea]\nE       \t(No symbol) [0x0x7ff62e52059c]\nE       \t(No symbol) [0x0x7ff62e573f37]\nE       \t(No symbol) [0x0x7ff62e5486af]\nE       \t(No symbol) [0x0x7ff62e570dbe]\nE       \t(No symbol) [0x0x7ff62e548443]\nE       \t(No symbol) [0x0x7ff62e511311]\nE       \t(No symbol) [0x0x7ff62e5120a3]\nE       \tGetHandleVerifier [0x0x7ff62e9ee26d+2926461]\nE       \tGetHandleVerifier [0x0x7ff62e9e8993+2903715]\nE       \tGetHandleVerifier [0x0x7ff62ea06aed+3026941]\nE       \tGetHandleVerifier [0x0x7ff62e7516fe+187406]\nE       \tGetHandleVerifier [0x0x7ff62e7596ef+220159]\nE       \tGetHandleVerifier [0x0x7ff62e73faf4+114692]\nE       \tGetHandleVerifier [0x0x7ff62e73fca9+115129]\nE       \tGetHandleVerifier [0x0x7ff62e7264d8+10728]\nE       \tBaseThreadInitThunk [0x0x7ff90e507374+20]\nE       \tRtlUserThreadStart [0x0x7ff91019cc91+33]\n\nmyenv\\lib\\site-packages\\selenium\\webdriver\\support\\wait.py:138: TimeoutException","steps":[],"attachments":[{"uid":"a3d221e212b93143","name":"test_plan_closebutton_20260114_223113","source":"a3d221e212b93143.png","type":"image/png","size":76680},{"uid":"89639165084e23ff","name":"log","source":"89639165084e23ff.txt","type":"text/plain","size":2513}],"parameters":[],"attachmentStep":false,"hasContent":true,"stepsCount":0,"shouldDisplayMessage":true,"attachmentsCount":2},"afterStages":[{"name":"login_to_plan::0","time":{"start":1768401073733,"stop":1768401075934,"duration":2201},"status":"passed","steps":[],"attachments":[],"parameters":[],"attachmentStep":false,"hasContent":false,"stepsCount":0,"shouldDisplayMessage":false,"attachmentsCount":0}],"labels":[{"name":"feature","value":"计划计算测试用例"},{"name":"story","value":"方案管理中计划方案组合框显示关闭，不显示该方案"},{"name":"parentSuite","value":"Tests.test_items"},{"name":"suite","value":"test_plan"},{"name":"subSuite","value":"TestPlanPage"},{"name":"host","value":"WIN-20240820MJV"},{"name":"thread","value":"6652-MainThread"},{"name":"framework","value":"pytest"},{"name":"language","value":"cpython3"},{"name":"package","value":"Tests.test_items.test_plan"},{"name":"resultFormat","value":"allure2"}],"parameters":[],"links":[],"hidden":true,"retry":true,"extra":{"categories":[],"tags":[]},"source":"d5cdcd9ae301fd45.json","parameterValues":[]}