{"uid":"d60ab75ece00da05","name":"test_sched_addrepeatsuccess1","fullName":"Tests.test_items.test_sched.TestSchedPage#test_sched_addrepeatsuccess1","historyId":"714386c6e4e0af0bb4036a2a9bf624df","time":{"start":1763562986831,"stop":1763562999453,"duration":12622},"status":"broken","statusMessage":"selenium.common.exceptions.TimeoutException: Message: \nStacktrace:\n\tGetHandleVerifier [0x0x7ff7bcef6f65+78965]\n\tGetHandleVerifier [0x0x7ff7bcef6fc0+79056]\n\t(No symbol) [0x0x7ff7bcc89dda]\n\t(No symbol) [0x0x7ff7bcce02ea]\n\t(No symbol) [0x0x7ff7bcce059c]\n\t(No symbol) [0x0x7ff7bcd33f37]\n\t(No symbol) [0x0x7ff7bcd086af]\n\t(No symbol) [0x0x7ff7bcd30dbe]\n\t(No symbol) [0x0x7ff7bcd08443]\n\t(No symbol) [0x0x7ff7bccd1311]\n\t(No symbol) [0x0x7ff7bccd20a3]\n\tGetHandleVerifier [0x0x7ff7bd1ae26d+2926461]\n\tGetHandleVerifier [0x0x7ff7bd1a8993+2903715]\n\tGetHandleVerifier [0x0x7ff7bd1c6aed+3026941]\n\tGetHandleVerifier [0x0x7ff7bcf116fe+187406]\n\tGetHandleVerifier [0x0x7ff7bcf196ef+220159]\n\tGetHandleVerifier [0x0x7ff7bceffaf4+114692]\n\tGetHandleVerifier [0x0x7ff7bceffca9+115129]\n\tGetHandleVerifier [0x0x7ff7bcee64d8+10728]\n\tBaseThreadInitThunk [0x0x7ffcce1b7374+20]\n\tRtlUserThreadStart [0x0x7ffcce53cc91+33]","statusTrace":"self = <test_items.test_sched.TestSchedPage object at 0x000002934F8D1840>, login_to_sched = <selenium.webdriver.chrome.webdriver.WebDriver (session=\"d45c25e9dfaca74d2f8ab8224fd0e834\")>\n\n    @allure.story(\"添加复制测试方案成功\")\n    # @pytest.mark.run(order=1)\n    def test_sched_addrepeatsuccess1(self, login_to_sched):\n        driver = login_to_sched  # WebDriver 实例\n        sched = SchedPage(driver)  # 用 driver 初始化 SchedPage\n    \n        sched.click_add_schedbutton()  # 点击添加方案\n        name = \"排产方案(订单级)复制\"\n        sched.enter_texts(\n            '//label[text()=\"名称\"]/following-sibling::div//input', f\"{name}\"\n        )\n    \n        sched.click_button(\n            '//label[text()=\"选择复制的方案\"]/following-sibling::div/div'\n        )  # 点击下拉框\n        sched.click_button('//li[text()=\"排产方案(订单级)\"]')\n        sched.click_ok_schedbutton()  # 点击确定\n>       sched.click_save_button()  # 点击保存\n\nTests\\test_items\\test_sched.py:446: \n_ _ _ _ _ _ _ _ _ _ _ _ _ _ _ _ _ _ _ _ _ _ _ _ _ _ _ _ _ _ _ _ _ _ _ _ _ _ _ _ _ _ _ _ _ _ _ _ _ _ _ _ _ _ _ _ _ _ _ _ _ _ _ _ _ _ _ _ _ _ _ _ _ _ _ _ _ _ _ _ _ _ _ _ _ _ _ _ _ _ _ _ _ _ _ _ _ _ _ _ _ _ _ _ _ _ _ _ _ _ _ _ _ _ _ _\nPages\\itemsPage\\sched_page.py:62: in click_save_button\n    self.get_find_message()\nPages\\itemsPage\\sched_page.py:93: in get_find_message\n    message = WebDriverWait(self.driver, 10).until(\n_ _ _ _ _ _ _ _ _ _ _ _ _ _ _ _ _ _ _ _ _ _ _ _ _ _ _ _ _ _ _ _ _ _ _ _ _ _ _ _ _ _ _ _ _ _ _ _ _ _ _ _ _ _ _ _ _ _ _ _ _ _ _ _ _ _ _ _ _ _ _ _ _ _ _ _ _ _ _ _ _ _ _ _ _ _ _ _ _ _ _ _ _ _ _ _ _ _ _ _ _ _ _ _ _ _ _ _ _ _ _ _ _ _ _ _\n\nself = <selenium.webdriver.support.wait.WebDriverWait (session=\"d45c25e9dfaca74d2f8ab8224fd0e834\")>, method = <function visibility_of_element_located.<locals>._predicate at 0x000002935032A9E0>, message = ''\n\n    def until(self, method: Callable[[D], Union[Literal[False], T]], message: str = \"\") -> T:\n        \"\"\"Wait until the method returns a value that is not False.\n    \n        Calls the method provided with the driver as an argument until the\n        return value does not evaluate to ``False``.\n    \n        Parameters:\n        -----------\n        method: callable(WebDriver)\n            - A callable object that takes a WebDriver instance as an argument.\n    \n        message: str\n            - Optional message for :exc:`TimeoutException`\n    \n        Return:\n        -------\n        object: T\n            - The result of the last call to `method`\n    \n        Raises:\n        -------\n        TimeoutException\n            - If 'method' does not return a truthy value within the WebDriverWait\n            object's timeout\n    \n        Example:\n        --------\n        >>> from selenium.webdriver.common.by import By\n        >>> from selenium.webdriver.support.ui import WebDriverWait\n        >>> from selenium.webdriver.support import expected_conditions as EC\n    \n        # Wait until an element is visible on the page\n        >>> wait = WebDriverWait(driver, 10)\n        >>> element = wait.until(EC.visibility_of_element_located((By.ID, \"exampleId\")))\n        >>> print(element.text)\n        \"\"\"\n        screen = None\n        stacktrace = None\n    \n        end_time = time.monotonic() + self._timeout\n        while True:\n            try:\n                value = method(self._driver)\n                if value:\n                    return value\n            except self._ignored_exceptions as exc:\n                screen = getattr(exc, \"screen\", None)\n                stacktrace = getattr(exc, \"stacktrace\", None)\n            if time.monotonic() > end_time:\n                break\n            time.sleep(self._poll)\n>       raise TimeoutException(message, screen, stacktrace)\nE       selenium.common.exceptions.TimeoutException: Message: \nE       Stacktrace:\nE       \tGetHandleVerifier [0x0x7ff7bcef6f65+78965]\nE       \tGetHandleVerifier [0x0x7ff7bcef6fc0+79056]\nE       \t(No symbol) [0x0x7ff7bcc89dda]\nE       \t(No symbol) [0x0x7ff7bcce02ea]\nE       \t(No symbol) [0x0x7ff7bcce059c]\nE       \t(No symbol) [0x0x7ff7bcd33f37]\nE       \t(No symbol) [0x0x7ff7bcd086af]\nE       \t(No symbol) [0x0x7ff7bcd30dbe]\nE       \t(No symbol) [0x0x7ff7bcd08443]\nE       \t(No symbol) [0x0x7ff7bccd1311]\nE       \t(No symbol) [0x0x7ff7bccd20a3]\nE       \tGetHandleVerifier [0x0x7ff7bd1ae26d+2926461]\nE       \tGetHandleVerifier [0x0x7ff7bd1a8993+2903715]\nE       \tGetHandleVerifier [0x0x7ff7bd1c6aed+3026941]\nE       \tGetHandleVerifier [0x0x7ff7bcf116fe+187406]\nE       \tGetHandleVerifier [0x0x7ff7bcf196ef+220159]\nE       \tGetHandleVerifier [0x0x7ff7bceffaf4+114692]\nE       \tGetHandleVerifier [0x0x7ff7bceffca9+115129]\nE       \tGetHandleVerifier [0x0x7ff7bcee64d8+10728]\nE       \tBaseThreadInitThunk [0x0x7ffcce1b7374+20]\nE       \tRtlUserThreadStart [0x0x7ffcce53cc91+33]\n\nmyenv\\lib\\site-packages\\selenium\\webdriver\\support\\wait.py:138: TimeoutException","flaky":false,"newFailed":false,"newBroken":false,"newPassed":false,"retriesCount":0,"retriesStatusChange":false,"beforeStages":[{"name":"login_to_sched","time":{"start":1763562969416,"stop":1763562986831,"duration":17415},"status":"passed","steps":[],"attachments":[],"parameters":[],"shouldDisplayMessage":false,"attachmentsCount":0,"attachmentStep":false,"hasContent":false,"stepsCount":0}],"testStage":{"status":"broken","statusMessage":"selenium.common.exceptions.TimeoutException: Message: \nStacktrace:\n\tGetHandleVerifier [0x0x7ff7bcef6f65+78965]\n\tGetHandleVerifier [0x0x7ff7bcef6fc0+79056]\n\t(No symbol) [0x0x7ff7bcc89dda]\n\t(No symbol) [0x0x7ff7bcce02ea]\n\t(No symbol) [0x0x7ff7bcce059c]\n\t(No symbol) [0x0x7ff7bcd33f37]\n\t(No symbol) [0x0x7ff7bcd086af]\n\t(No symbol) [0x0x7ff7bcd30dbe]\n\t(No symbol) [0x0x7ff7bcd08443]\n\t(No symbol) [0x0x7ff7bccd1311]\n\t(No symbol) [0x0x7ff7bccd20a3]\n\tGetHandleVerifier [0x0x7ff7bd1ae26d+2926461]\n\tGetHandleVerifier [0x0x7ff7bd1a8993+2903715]\n\tGetHandleVerifier [0x0x7ff7bd1c6aed+3026941]\n\tGetHandleVerifier [0x0x7ff7bcf116fe+187406]\n\tGetHandleVerifier [0x0x7ff7bcf196ef+220159]\n\tGetHandleVerifier [0x0x7ff7bceffaf4+114692]\n\tGetHandleVerifier [0x0x7ff7bceffca9+115129]\n\tGetHandleVerifier [0x0x7ff7bcee64d8+10728]\n\tBaseThreadInitThunk [0x0x7ffcce1b7374+20]\n\tRtlUserThreadStart [0x0x7ffcce53cc91+33]","statusTrace":"self = <test_items.test_sched.TestSchedPage object at 0x000002934F8D1840>, login_to_sched = <selenium.webdriver.chrome.webdriver.WebDriver (session=\"d45c25e9dfaca74d2f8ab8224fd0e834\")>\n\n    @allure.story(\"添加复制测试方案成功\")\n    # @pytest.mark.run(order=1)\n    def test_sched_addrepeatsuccess1(self, login_to_sched):\n        driver = login_to_sched  # WebDriver 实例\n        sched = SchedPage(driver)  # 用 driver 初始化 SchedPage\n    \n        sched.click_add_schedbutton()  # 点击添加方案\n        name = \"排产方案(订单级)复制\"\n        sched.enter_texts(\n            '//label[text()=\"名称\"]/following-sibling::div//input', f\"{name}\"\n        )\n    \n        sched.click_button(\n            '//label[text()=\"选择复制的方案\"]/following-sibling::div/div'\n        )  # 点击下拉框\n        sched.click_button('//li[text()=\"排产方案(订单级)\"]')\n        sched.click_ok_schedbutton()  # 点击确定\n>       sched.click_save_button()  # 点击保存\n\nTests\\test_items\\test_sched.py:446: \n_ _ _ _ _ _ _ _ _ _ _ _ _ _ _ _ _ _ _ _ _ _ _ _ _ _ _ _ _ _ _ _ _ _ _ _ _ _ _ _ _ _ _ _ _ _ _ _ _ _ _ _ _ _ _ _ _ _ _ _ _ _ _ _ _ _ _ _ _ _ _ _ _ _ _ _ _ _ _ _ _ _ _ _ _ _ _ _ _ _ _ _ _ _ _ _ _ _ _ _ _ _ _ _ _ _ _ _ _ _ _ _ _ _ _ _\nPages\\itemsPage\\sched_page.py:62: in click_save_button\n    self.get_find_message()\nPages\\itemsPage\\sched_page.py:93: in get_find_message\n    message = WebDriverWait(self.driver, 10).until(\n_ _ _ _ _ _ _ _ _ _ _ _ _ _ _ _ _ _ _ _ _ _ _ _ _ _ _ _ _ _ _ _ _ _ _ _ _ _ _ _ _ _ _ _ _ _ _ _ _ _ _ _ _ _ _ _ _ _ _ _ _ _ _ _ _ _ _ _ _ _ _ _ _ _ _ _ _ _ _ _ _ _ _ _ _ _ _ _ _ _ _ _ _ _ _ _ _ _ _ _ _ _ _ _ _ _ _ _ _ _ _ _ _ _ _ _\n\nself = <selenium.webdriver.support.wait.WebDriverWait (session=\"d45c25e9dfaca74d2f8ab8224fd0e834\")>, method = <function visibility_of_element_located.<locals>._predicate at 0x000002935032A9E0>, message = ''\n\n    def until(self, method: Callable[[D], Union[Literal[False], T]], message: str = \"\") -> T:\n        \"\"\"Wait until the method returns a value that is not False.\n    \n        Calls the method provided with the driver as an argument until the\n        return value does not evaluate to ``False``.\n    \n        Parameters:\n        -----------\n        method: callable(WebDriver)\n            - A callable object that takes a WebDriver instance as an argument.\n    \n        message: str\n            - Optional message for :exc:`TimeoutException`\n    \n        Return:\n        -------\n        object: T\n            - The result of the last call to `method`\n    \n        Raises:\n        -------\n        TimeoutException\n            - If 'method' does not return a truthy value within the WebDriverWait\n            object's timeout\n    \n        Example:\n        --------\n        >>> from selenium.webdriver.common.by import By\n        >>> from selenium.webdriver.support.ui import WebDriverWait\n        >>> from selenium.webdriver.support import expected_conditions as EC\n    \n        # Wait until an element is visible on the page\n        >>> wait = WebDriverWait(driver, 10)\n        >>> element = wait.until(EC.visibility_of_element_located((By.ID, \"exampleId\")))\n        >>> print(element.text)\n        \"\"\"\n        screen = None\n        stacktrace = None\n    \n        end_time = time.monotonic() + self._timeout\n        while True:\n            try:\n                value = method(self._driver)\n                if value:\n                    return value\n            except self._ignored_exceptions as exc:\n                screen = getattr(exc, \"screen\", None)\n                stacktrace = getattr(exc, \"stacktrace\", None)\n            if time.monotonic() > end_time:\n                break\n            time.sleep(self._poll)\n>       raise TimeoutException(message, screen, stacktrace)\nE       selenium.common.exceptions.TimeoutException: Message: \nE       Stacktrace:\nE       \tGetHandleVerifier [0x0x7ff7bcef6f65+78965]\nE       \tGetHandleVerifier [0x0x7ff7bcef6fc0+79056]\nE       \t(No symbol) [0x0x7ff7bcc89dda]\nE       \t(No symbol) [0x0x7ff7bcce02ea]\nE       \t(No symbol) [0x0x7ff7bcce059c]\nE       \t(No symbol) [0x0x7ff7bcd33f37]\nE       \t(No symbol) [0x0x7ff7bcd086af]\nE       \t(No symbol) [0x0x7ff7bcd30dbe]\nE       \t(No symbol) [0x0x7ff7bcd08443]\nE       \t(No symbol) [0x0x7ff7bccd1311]\nE       \t(No symbol) [0x0x7ff7bccd20a3]\nE       \tGetHandleVerifier [0x0x7ff7bd1ae26d+2926461]\nE       \tGetHandleVerifier [0x0x7ff7bd1a8993+2903715]\nE       \tGetHandleVerifier [0x0x7ff7bd1c6aed+3026941]\nE       \tGetHandleVerifier [0x0x7ff7bcf116fe+187406]\nE       \tGetHandleVerifier [0x0x7ff7bcf196ef+220159]\nE       \tGetHandleVerifier [0x0x7ff7bceffaf4+114692]\nE       \tGetHandleVerifier [0x0x7ff7bceffca9+115129]\nE       \tGetHandleVerifier [0x0x7ff7bcee64d8+10728]\nE       \tBaseThreadInitThunk [0x0x7ffcce1b7374+20]\nE       \tRtlUserThreadStart [0x0x7ffcce53cc91+33]\n\nmyenv\\lib\\site-packages\\selenium\\webdriver\\support\\wait.py:138: TimeoutException","steps":[],"attachments":[{"uid":"273e2516926d74f0","name":"test_sched_addrepeatsuccess1_failure","source":"273e2516926d74f0.png","type":"image/png","size":84259},{"uid":"a84fb9099f9c8196","name":"test_sched_addrepeatsuccess1_source","source":"a84fb9099f9c8196.html","type":"text/html","size":1103923},{"uid":"d4a422af852d4f15","name":"log","source":"d4a422af852d4f15.txt","type":"text/plain","size":2086}],"parameters":[],"shouldDisplayMessage":true,"attachmentsCount":3,"attachmentStep":false,"hasContent":true,"stepsCount":0},"afterStages":[{"name":"login_to_sched::0","time":{"start":1763562999611,"stop":1763563001785,"duration":2174},"status":"passed","steps":[],"attachments":[],"parameters":[],"shouldDisplayMessage":false,"attachmentsCount":0,"attachmentStep":false,"hasContent":false,"stepsCount":0}],"labels":[{"name":"story","value":"添加复制测试方案成功"},{"name":"feature","value":"方案管理表测试用例"},{"name":"parentSuite","value":"Tests.test_items"},{"name":"suite","value":"test_sched"},{"name":"subSuite","value":"TestSchedPage"},{"name":"host","value":"WIN-20240820MJV"},{"name":"thread","value":"24608-MainThread"},{"name":"framework","value":"pytest"},{"name":"language","value":"cpython3"},{"name":"package","value":"Tests.test_items.test_sched"},{"name":"resultFormat","value":"allure2"}],"parameters":[],"links":[],"hidden":true,"retry":true,"extra":{"categories":[],"tags":[]},"source":"d60ab75ece00da05.json","parameterValues":[]}