{"uid":"d767fd2e859ca8f0","name":"test_chart_textverify","fullName":"Tests.test_items.test_chart.TestChartPage#test_chart_textverify","historyId":"ac0aa70b3f25e6603d4348808b139a88","time":{"start":1762266368957,"stop":1762266383573,"duration":14616},"status":"broken","statusMessage":"selenium.common.exceptions.TimeoutException: Message: \nStacktrace:\n\tGetHandleVerifier [0x0x7ff761236f65+78965]\n\tGetHandleVerifier [0x0x7ff761236fc0+79056]\n\t(No symbol) [0x0x7ff760fc9dda]\n\t(No symbol) [0x0x7ff7610202ea]\n\t(No symbol) [0x0x7ff76102059c]\n\t(No symbol) [0x0x7ff761073f37]\n\t(No symbol) [0x0x7ff7610486af]\n\t(No symbol) [0x0x7ff761070dbe]\n\t(No symbol) [0x0x7ff761048443]\n\t(No symbol) [0x0x7ff761011311]\n\t(No symbol) [0x0x7ff7610120a3]\n\tGetHandleVerifier [0x0x7ff7614ee26d+2926461]\n\tGetHandleVerifier [0x0x7ff7614e8993+2903715]\n\tGetHandleVerifier [0x0x7ff761506aed+3026941]\n\tGetHandleVerifier [0x0x7ff7612516fe+187406]\n\tGetHandleVerifier [0x0x7ff7612596ef+220159]\n\tGetHandleVerifier [0x0x7ff76123faf4+114692]\n\tGetHandleVerifier [0x0x7ff76123fca9+115129]\n\tGetHandleVerifier [0x0x7ff7612264d8+10728]\n\tBaseThreadInitThunk [0x0x7ff956997374+20]\n\tRtlUserThreadStart [0x0x7ff956c3cc91+33]","statusTrace":"self = <test_items.test_chart.TestChartPage object at 0x0000016856565360>, login_to_chart = <selenium.webdriver.chrome.webdriver.WebDriver (session=\"e42cf68cce163e2e5d337d6a7b52eebf\")>\n\n    @allure.story(\"校验文本框成功\")\n    # @pytest.mark.run(order=1)\n    def test_chart_textverify(self, login_to_chart):\n        driver = login_to_chart  # WebDriver 实例\n        chart = ChartPage(driver)  # 用 driver 初始化 ChartPage\n        name = '111111111111111133331122221111222221111111113333111111144444111111111111111111111111111111111111111111111111'\n        chart.click_add_button()\n        chart.enter_texts('//input[@placeholder=\"请输入名称\"]', name)\n        chart.clicl_confirm_button()\n        eles = driver.find_elements(\n            By.XPATH, '//div[@class=\"el-tabs__nav is-top\"]/div[@role=\"tab\"]'\n        )\n        i = 0\n        while i < len(eles):\n            if eles[i].text == name:\n                break\n            i += 1\n        wait = WebDriverWait(driver, 10)\n>       element = wait.until(\n            EC.presence_of_element_located(\n                (\n                    By.XPATH,\n                    f'//div[@class=\"el-tabs__nav is-top\"]/div[@role=\"tab\" and text()=\"{name}\"]',\n                )\n            )\n        )\n\nTests\\test_items\\test_chart.py:79: \n_ _ _ _ _ _ _ _ _ _ _ _ _ _ _ _ _ _ _ _ _ _ _ _ _ _ _ _ _ _ _ _ _ _ _ _ _ _ _ _ _ _ _ _ _ _ _ _ _ _ _ _ _ _ _ _ _ _ _ _ _ _ _ _ _ _ _ _ _ _ _ _ _ _ _ _ _ _ _ _ _ _ _ _ _ _ _ _ _ _ _ _ _ _ _ _ _ _ _ _ _ _ _ _ _ _ _ _ _ _ _ _ _ _ _ _\n\nself = <selenium.webdriver.support.wait.WebDriverWait (session=\"e42cf68cce163e2e5d337d6a7b52eebf\")>, method = <function presence_of_element_located.<locals>._predicate at 0x00000168572C8820>, message = ''\n\n    def until(self, method: Callable[[D], Union[Literal[False], T]], message: str = \"\") -> T:\n        \"\"\"Wait until the method returns a value that is not False.\n    \n        Calls the method provided with the driver as an argument until the\n        return value does not evaluate to ``False``.\n    \n        Parameters:\n        -----------\n        method: callable(WebDriver)\n            - A callable object that takes a WebDriver instance as an argument.\n    \n        message: str\n            - Optional message for :exc:`TimeoutException`\n    \n        Return:\n        -------\n        object: T\n            - The result of the last call to `method`\n    \n        Raises:\n        -------\n        TimeoutException\n            - If 'method' does not return a truthy value within the WebDriverWait\n            object's timeout\n    \n        Example:\n        --------\n        >>> from selenium.webdriver.common.by import By\n        >>> from selenium.webdriver.support.ui import WebDriverWait\n        >>> from selenium.webdriver.support import expected_conditions as EC\n    \n        # Wait until an element is visible on the page\n        >>> wait = WebDriverWait(driver, 10)\n        >>> element = wait.until(EC.visibility_of_element_located((By.ID, \"exampleId\")))\n        >>> print(element.text)\n        \"\"\"\n        screen = None\n        stacktrace = None\n    \n        end_time = time.monotonic() + self._timeout\n        while True:\n            try:\n                value = method(self._driver)\n                if value:\n                    return value\n            except self._ignored_exceptions as exc:\n                screen = getattr(exc, \"screen\", None)\n                stacktrace = getattr(exc, \"stacktrace\", None)\n            if time.monotonic() > end_time:\n                break\n            time.sleep(self._poll)\n>       raise TimeoutException(message, screen, stacktrace)\nE       selenium.common.exceptions.TimeoutException: Message: \nE       Stacktrace:\nE       \tGetHandleVerifier [0x0x7ff761236f65+78965]\nE       \tGetHandleVerifier [0x0x7ff761236fc0+79056]\nE       \t(No symbol) [0x0x7ff760fc9dda]\nE       \t(No symbol) [0x0x7ff7610202ea]\nE       \t(No symbol) [0x0x7ff76102059c]\nE       \t(No symbol) [0x0x7ff761073f37]\nE       \t(No symbol) [0x0x7ff7610486af]\nE       \t(No symbol) [0x0x7ff761070dbe]\nE       \t(No symbol) [0x0x7ff761048443]\nE       \t(No symbol) [0x0x7ff761011311]\nE       \t(No symbol) [0x0x7ff7610120a3]\nE       \tGetHandleVerifier [0x0x7ff7614ee26d+2926461]\nE       \tGetHandleVerifier [0x0x7ff7614e8993+2903715]\nE       \tGetHandleVerifier [0x0x7ff761506aed+3026941]\nE       \tGetHandleVerifier [0x0x7ff7612516fe+187406]\nE       \tGetHandleVerifier [0x0x7ff7612596ef+220159]\nE       \tGetHandleVerifier [0x0x7ff76123faf4+114692]\nE       \tGetHandleVerifier [0x0x7ff76123fca9+115129]\nE       \tGetHandleVerifier [0x0x7ff7612264d8+10728]\nE       \tBaseThreadInitThunk [0x0x7ff956997374+20]\nE       \tRtlUserThreadStart [0x0x7ff956c3cc91+33]\n\nmyenv\\lib\\site-packages\\selenium\\webdriver\\support\\wait.py:138: TimeoutException","flaky":false,"newFailed":false,"newBroken":false,"newPassed":false,"retriesCount":1,"retriesStatusChange":false,"beforeStages":[{"name":"login_to_chart","time":{"start":1762266355038,"stop":1762266368957,"duration":13919},"status":"passed","steps":[],"attachments":[],"parameters":[],"hasContent":false,"attachmentStep":false,"stepsCount":0,"attachmentsCount":0,"shouldDisplayMessage":false}],"testStage":{"status":"broken","statusMessage":"selenium.common.exceptions.TimeoutException: Message: \nStacktrace:\n\tGetHandleVerifier [0x0x7ff761236f65+78965]\n\tGetHandleVerifier [0x0x7ff761236fc0+79056]\n\t(No symbol) [0x0x7ff760fc9dda]\n\t(No symbol) [0x0x7ff7610202ea]\n\t(No symbol) [0x0x7ff76102059c]\n\t(No symbol) [0x0x7ff761073f37]\n\t(No symbol) [0x0x7ff7610486af]\n\t(No symbol) [0x0x7ff761070dbe]\n\t(No symbol) [0x0x7ff761048443]\n\t(No symbol) [0x0x7ff761011311]\n\t(No symbol) [0x0x7ff7610120a3]\n\tGetHandleVerifier [0x0x7ff7614ee26d+2926461]\n\tGetHandleVerifier [0x0x7ff7614e8993+2903715]\n\tGetHandleVerifier [0x0x7ff761506aed+3026941]\n\tGetHandleVerifier [0x0x7ff7612516fe+187406]\n\tGetHandleVerifier [0x0x7ff7612596ef+220159]\n\tGetHandleVerifier [0x0x7ff76123faf4+114692]\n\tGetHandleVerifier [0x0x7ff76123fca9+115129]\n\tGetHandleVerifier [0x0x7ff7612264d8+10728]\n\tBaseThreadInitThunk [0x0x7ff956997374+20]\n\tRtlUserThreadStart [0x0x7ff956c3cc91+33]","statusTrace":"self = <test_items.test_chart.TestChartPage object at 0x0000016856565360>, login_to_chart = <selenium.webdriver.chrome.webdriver.WebDriver (session=\"e42cf68cce163e2e5d337d6a7b52eebf\")>\n\n    @allure.story(\"校验文本框成功\")\n    # @pytest.mark.run(order=1)\n    def test_chart_textverify(self, login_to_chart):\n        driver = login_to_chart  # WebDriver 实例\n        chart = ChartPage(driver)  # 用 driver 初始化 ChartPage\n        name = '111111111111111133331122221111222221111111113333111111144444111111111111111111111111111111111111111111111111'\n        chart.click_add_button()\n        chart.enter_texts('//input[@placeholder=\"请输入名称\"]', name)\n        chart.clicl_confirm_button()\n        eles = driver.find_elements(\n            By.XPATH, '//div[@class=\"el-tabs__nav is-top\"]/div[@role=\"tab\"]'\n        )\n        i = 0\n        while i < len(eles):\n            if eles[i].text == name:\n                break\n            i += 1\n        wait = WebDriverWait(driver, 10)\n>       element = wait.until(\n            EC.presence_of_element_located(\n                (\n                    By.XPATH,\n                    f'//div[@class=\"el-tabs__nav is-top\"]/div[@role=\"tab\" and text()=\"{name}\"]',\n                )\n            )\n        )\n\nTests\\test_items\\test_chart.py:79: \n_ _ _ _ _ _ _ _ _ _ _ _ _ _ _ _ _ _ _ _ _ _ _ _ _ _ _ _ _ _ _ _ _ _ _ _ _ _ _ _ _ _ _ _ _ _ _ _ _ _ _ _ _ _ _ _ _ _ _ _ _ _ _ _ _ _ _ _ _ _ _ _ _ _ _ _ _ _ _ _ _ _ _ _ _ _ _ _ _ _ _ _ _ _ _ _ _ _ _ _ _ _ _ _ _ _ _ _ _ _ _ _ _ _ _ _\n\nself = <selenium.webdriver.support.wait.WebDriverWait (session=\"e42cf68cce163e2e5d337d6a7b52eebf\")>, method = <function presence_of_element_located.<locals>._predicate at 0x00000168572C8820>, message = ''\n\n    def until(self, method: Callable[[D], Union[Literal[False], T]], message: str = \"\") -> T:\n        \"\"\"Wait until the method returns a value that is not False.\n    \n        Calls the method provided with the driver as an argument until the\n        return value does not evaluate to ``False``.\n    \n        Parameters:\n        -----------\n        method: callable(WebDriver)\n            - A callable object that takes a WebDriver instance as an argument.\n    \n        message: str\n            - Optional message for :exc:`TimeoutException`\n    \n        Return:\n        -------\n        object: T\n            - The result of the last call to `method`\n    \n        Raises:\n        -------\n        TimeoutException\n            - If 'method' does not return a truthy value within the WebDriverWait\n            object's timeout\n    \n        Example:\n        --------\n        >>> from selenium.webdriver.common.by import By\n        >>> from selenium.webdriver.support.ui import WebDriverWait\n        >>> from selenium.webdriver.support import expected_conditions as EC\n    \n        # Wait until an element is visible on the page\n        >>> wait = WebDriverWait(driver, 10)\n        >>> element = wait.until(EC.visibility_of_element_located((By.ID, \"exampleId\")))\n        >>> print(element.text)\n        \"\"\"\n        screen = None\n        stacktrace = None\n    \n        end_time = time.monotonic() + self._timeout\n        while True:\n            try:\n                value = method(self._driver)\n                if value:\n                    return value\n            except self._ignored_exceptions as exc:\n                screen = getattr(exc, \"screen\", None)\n                stacktrace = getattr(exc, \"stacktrace\", None)\n            if time.monotonic() > end_time:\n                break\n            time.sleep(self._poll)\n>       raise TimeoutException(message, screen, stacktrace)\nE       selenium.common.exceptions.TimeoutException: Message: \nE       Stacktrace:\nE       \tGetHandleVerifier [0x0x7ff761236f65+78965]\nE       \tGetHandleVerifier [0x0x7ff761236fc0+79056]\nE       \t(No symbol) [0x0x7ff760fc9dda]\nE       \t(No symbol) [0x0x7ff7610202ea]\nE       \t(No symbol) [0x0x7ff76102059c]\nE       \t(No symbol) [0x0x7ff761073f37]\nE       \t(No symbol) [0x0x7ff7610486af]\nE       \t(No symbol) [0x0x7ff761070dbe]\nE       \t(No symbol) [0x0x7ff761048443]\nE       \t(No symbol) [0x0x7ff761011311]\nE       \t(No symbol) [0x0x7ff7610120a3]\nE       \tGetHandleVerifier [0x0x7ff7614ee26d+2926461]\nE       \tGetHandleVerifier [0x0x7ff7614e8993+2903715]\nE       \tGetHandleVerifier [0x0x7ff761506aed+3026941]\nE       \tGetHandleVerifier [0x0x7ff7612516fe+187406]\nE       \tGetHandleVerifier [0x0x7ff7612596ef+220159]\nE       \tGetHandleVerifier [0x0x7ff76123faf4+114692]\nE       \tGetHandleVerifier [0x0x7ff76123fca9+115129]\nE       \tGetHandleVerifier [0x0x7ff7612264d8+10728]\nE       \tBaseThreadInitThunk [0x0x7ff956997374+20]\nE       \tRtlUserThreadStart [0x0x7ff956c3cc91+33]\n\nmyenv\\lib\\site-packages\\selenium\\webdriver\\support\\wait.py:138: TimeoutException","steps":[],"attachments":[{"uid":"9b1ed694eedbe7ce","name":"test_chart_textverify_failure","source":"9b1ed694eedbe7ce.png","type":"image/png","size":87099},{"uid":"e70740168b11fab5","name":"test_chart_textverify_source","source":"e70740168b11fab5.html","type":"text/html","size":1160013},{"uid":"5216778c410a54ae","name":"log","source":"5216778c410a54ae.txt","type":"text/plain","size":3095}],"parameters":[],"hasContent":true,"attachmentStep":false,"stepsCount":0,"attachmentsCount":3,"shouldDisplayMessage":true},"afterStages":[{"name":"login_to_chart::0","time":{"start":1762266383745,"stop":1762266385911,"duration":2166},"status":"passed","steps":[],"attachments":[],"parameters":[],"hasContent":false,"attachmentStep":false,"stepsCount":0,"attachmentsCount":0,"shouldDisplayMessage":false}],"labels":[{"name":"feature","value":"资源甘特图测试用例"},{"name":"story","value":"校验文本框成功"},{"name":"parentSuite","value":"Tests.test_items"},{"name":"suite","value":"test_chart"},{"name":"subSuite","value":"TestChartPage"},{"name":"host","value":"WIN-20240820MJV"},{"name":"thread","value":"33540-MainThread"},{"name":"framework","value":"pytest"},{"name":"language","value":"cpython3"},{"name":"package","value":"Tests.test_items.test_chart"},{"name":"resultFormat","value":"allure2"}],"parameters":[],"links":[],"hidden":false,"retry":false,"extra":{"severity":"normal","retries":[{"uid":"c0ba7bdff0297f7e","status":"broken","statusDetails":"selenium.common.exceptions.TimeoutException: Message: \nStacktrace:\n\tGetHandleVerifier [0x0x7ff761236f65+78965]\n\tGetHandleVerifier [0x0x7ff761236fc0+79056]\n\t(No symbol) [0x0x7ff760fc9dda]\n\t(No symbol) [0x0x7ff7610202ea]\n\t(No symbol) [0x0x7ff76102059c]\n\t(No symbol) [0x0x7ff761073f37]\n\t(No symbol) [0x0x7ff7610486af]\n\t(No symbol) [0x0x7ff761070dbe]\n\t(No symbol) [0x0x7ff761048443]\n\t(No symbol) [0x0x7ff761011311]\n\t(No symbol) [0x0x7ff7610120a3]\n\tGetHandleVerifier [0x0x7ff7614ee26d+2926461]\n\tGetHandleVerifier [0x0x7ff7614e8993+2903715]\n\tGetHandleVerifier [0x0x7ff761506aed+3026941]\n\tGetHandleVerifier [0x0x7ff7612516fe+187406]\n\tGetHandleVerifier [0x0x7ff7612596ef+220159]\n\tGetHandleVerifier [0x0x7ff76123faf4+114692]\n\tGetHandleVerifier [0x0x7ff76123fca9+115129]\n\tGetHandleVerifier [0x0x7ff7612264d8+10728]\n\tBaseThreadInitThunk [0x0x7ff956997374+20]\n\tRtlUserThreadStart [0x0x7ff956c3cc91+33]","time":{"start":1762266337889,"stop":1762266352708,"duration":14819}}],"categories":[{"name":"Test defects","matchedStatuses":[]}],"tags":[]},"source":"d767fd2e859ca8f0.json","parameterValues":[]}