{"uid":"d8db35e089eef287","name":"test_orderchart_textverify","fullName":"Tests.test_items.test_chart.TestChartPage#test_orderchart_textverify","historyId":"a43a92e732ef4c7093bcfc8e867d353e","time":{"start":1762793241088,"stop":1762793258398,"duration":17310},"status":"broken","statusMessage":"selenium.common.exceptions.TimeoutException: Message: \nStacktrace:\n\tGetHandleVerifier [0x0x7ff7e9026f65+78965]\n\tGetHandleVerifier [0x0x7ff7e9026fc0+79056]\n\t(No symbol) [0x0x7ff7e8db9dda]\n\t(No symbol) [0x0x7ff7e8e102ea]\n\t(No symbol) [0x0x7ff7e8e1059c]\n\t(No symbol) [0x0x7ff7e8e63f37]\n\t(No symbol) [0x0x7ff7e8e386af]\n\t(No symbol) [0x0x7ff7e8e60dbe]\n\t(No symbol) [0x0x7ff7e8e38443]\n\t(No symbol) [0x0x7ff7e8e01311]\n\t(No symbol) [0x0x7ff7e8e020a3]\n\tGetHandleVerifier [0x0x7ff7e92de26d+2926461]\n\tGetHandleVerifier [0x0x7ff7e92d8993+2903715]\n\tGetHandleVerifier [0x0x7ff7e92f6aed+3026941]\n\tGetHandleVerifier [0x0x7ff7e90416fe+187406]\n\tGetHandleVerifier [0x0x7ff7e90496ef+220159]\n\tGetHandleVerifier [0x0x7ff7e902faf4+114692]\n\tGetHandleVerifier [0x0x7ff7e902fca9+115129]\n\tGetHandleVerifier [0x0x7ff7e90164d8+10728]\n\tBaseThreadInitThunk [0x0x7ffcf36a7374+20]\n\tRtlUserThreadStart [0x0x7ffcf523cc91+33]","statusTrace":"self = <test_items.test_chart.TestChartPage object at 0x00000143DEC7D720>, login_to_chart = <selenium.webdriver.chrome.webdriver.WebDriver (session=\"c75b9522dfb72b2e72bb1566621d1bec\")>\n\n    @allure.story(\"校验文本框成功\")\n    # @pytest.mark.run(order=1)\n    def test_orderchart_textverify(self, login_to_chart):\n        driver = login_to_chart  # WebDriver 实例\n        chart = ChartPage(driver)  # 用 driver 初始化 ChartPage\n        chart.click_close_page('订单甘特图')\n        name = '111111111111111133331122221111222221111111113333111111144444111111111111111111111111111111111111111111111111'\n        chart.click_add_button()\n        chart.enter_texts('//input[@placeholder=\"请输入名称\"]', name)\n        chart.click_order_confirm_button()\n        eles = driver.find_elements(\n            By.XPATH, '//div[@class=\"el-tabs__nav is-top\"]/div[@role=\"tab\"]'\n        )\n        i = 0\n        while i < len(eles):\n            if eles[i].text == name:\n                break\n            i += 1\n        wait = WebDriverWait(driver, 10)\n>       element = wait.until(\n            EC.presence_of_element_located(\n                (\n                    By.XPATH,\n                    f'//div[@class=\"el-tabs__nav is-top\"]/div[@role=\"tab\" and text()=\"{name}\"]',\n                )\n            )\n        )\n\nTests\\test_items\\test_chart.py:656: \n_ _ _ _ _ _ _ _ _ _ _ _ _ _ _ _ _ _ _ _ _ _ _ _ _ _ _ _ _ _ _ _ _ _ _ _ _ _ _ _ _ _ _ _ _ _ _ _ _ _ _ _ _ _ _ _ _ _ _ _ _ _ _ _ _ _ _ _ _ _ _ _ _ _ _ _ _ _ _ _ _ _ _ _ _ _ _ _ _ _ _ _ _ _ _ _ _ _ _ _ _ _ _ _ _ _ _ _ _ _ _ _ _ _ _ _\n\nself = <selenium.webdriver.support.wait.WebDriverWait (session=\"c75b9522dfb72b2e72bb1566621d1bec\")>, method = <function presence_of_element_located.<locals>._predicate at 0x00000143DFD2DF30>, message = ''\n\n    def until(self, method: Callable[[D], Union[Literal[False], T]], message: str = \"\") -> T:\n        \"\"\"Wait until the method returns a value that is not False.\n    \n        Calls the method provided with the driver as an argument until the\n        return value does not evaluate to ``False``.\n    \n        Parameters:\n        -----------\n        method: callable(WebDriver)\n            - A callable object that takes a WebDriver instance as an argument.\n    \n        message: str\n            - Optional message for :exc:`TimeoutException`\n    \n        Return:\n        -------\n        object: T\n            - The result of the last call to `method`\n    \n        Raises:\n        -------\n        TimeoutException\n            - If 'method' does not return a truthy value within the WebDriverWait\n            object's timeout\n    \n        Example:\n        --------\n        >>> from selenium.webdriver.common.by import By\n        >>> from selenium.webdriver.support.ui import WebDriverWait\n        >>> from selenium.webdriver.support import expected_conditions as EC\n    \n        # Wait until an element is visible on the page\n        >>> wait = WebDriverWait(driver, 10)\n        >>> element = wait.until(EC.visibility_of_element_located((By.ID, \"exampleId\")))\n        >>> print(element.text)\n        \"\"\"\n        screen = None\n        stacktrace = None\n    \n        end_time = time.monotonic() + self._timeout\n        while True:\n            try:\n                value = method(self._driver)\n                if value:\n                    return value\n            except self._ignored_exceptions as exc:\n                screen = getattr(exc, \"screen\", None)\n                stacktrace = getattr(exc, \"stacktrace\", None)\n            if time.monotonic() > end_time:\n                break\n            time.sleep(self._poll)\n>       raise TimeoutException(message, screen, stacktrace)\nE       selenium.common.exceptions.TimeoutException: Message: \nE       Stacktrace:\nE       \tGetHandleVerifier [0x0x7ff7e9026f65+78965]\nE       \tGetHandleVerifier [0x0x7ff7e9026fc0+79056]\nE       \t(No symbol) [0x0x7ff7e8db9dda]\nE       \t(No symbol) [0x0x7ff7e8e102ea]\nE       \t(No symbol) [0x0x7ff7e8e1059c]\nE       \t(No symbol) [0x0x7ff7e8e63f37]\nE       \t(No symbol) [0x0x7ff7e8e386af]\nE       \t(No symbol) [0x0x7ff7e8e60dbe]\nE       \t(No symbol) [0x0x7ff7e8e38443]\nE       \t(No symbol) [0x0x7ff7e8e01311]\nE       \t(No symbol) [0x0x7ff7e8e020a3]\nE       \tGetHandleVerifier [0x0x7ff7e92de26d+2926461]\nE       \tGetHandleVerifier [0x0x7ff7e92d8993+2903715]\nE       \tGetHandleVerifier [0x0x7ff7e92f6aed+3026941]\nE       \tGetHandleVerifier [0x0x7ff7e90416fe+187406]\nE       \tGetHandleVerifier [0x0x7ff7e90496ef+220159]\nE       \tGetHandleVerifier [0x0x7ff7e902faf4+114692]\nE       \tGetHandleVerifier [0x0x7ff7e902fca9+115129]\nE       \tGetHandleVerifier [0x0x7ff7e90164d8+10728]\nE       \tBaseThreadInitThunk [0x0x7ffcf36a7374+20]\nE       \tRtlUserThreadStart [0x0x7ffcf523cc91+33]\n\nmyenv\\lib\\site-packages\\selenium\\webdriver\\support\\wait.py:138: TimeoutException","flaky":false,"newFailed":false,"newBroken":false,"newPassed":false,"retriesCount":0,"retriesStatusChange":false,"beforeStages":[{"name":"login_to_chart","time":{"start":1762793227482,"stop":1762793241087,"duration":13605},"status":"passed","steps":[],"attachments":[],"parameters":[],"stepsCount":0,"hasContent":false,"attachmentStep":false,"attachmentsCount":0,"shouldDisplayMessage":false}],"testStage":{"status":"broken","statusMessage":"selenium.common.exceptions.TimeoutException: Message: \nStacktrace:\n\tGetHandleVerifier [0x0x7ff7e9026f65+78965]\n\tGetHandleVerifier [0x0x7ff7e9026fc0+79056]\n\t(No symbol) [0x0x7ff7e8db9dda]\n\t(No symbol) [0x0x7ff7e8e102ea]\n\t(No symbol) [0x0x7ff7e8e1059c]\n\t(No symbol) [0x0x7ff7e8e63f37]\n\t(No symbol) [0x0x7ff7e8e386af]\n\t(No symbol) [0x0x7ff7e8e60dbe]\n\t(No symbol) [0x0x7ff7e8e38443]\n\t(No symbol) [0x0x7ff7e8e01311]\n\t(No symbol) [0x0x7ff7e8e020a3]\n\tGetHandleVerifier [0x0x7ff7e92de26d+2926461]\n\tGetHandleVerifier [0x0x7ff7e92d8993+2903715]\n\tGetHandleVerifier [0x0x7ff7e92f6aed+3026941]\n\tGetHandleVerifier [0x0x7ff7e90416fe+187406]\n\tGetHandleVerifier [0x0x7ff7e90496ef+220159]\n\tGetHandleVerifier [0x0x7ff7e902faf4+114692]\n\tGetHandleVerifier [0x0x7ff7e902fca9+115129]\n\tGetHandleVerifier [0x0x7ff7e90164d8+10728]\n\tBaseThreadInitThunk [0x0x7ffcf36a7374+20]\n\tRtlUserThreadStart [0x0x7ffcf523cc91+33]","statusTrace":"self = <test_items.test_chart.TestChartPage object at 0x00000143DEC7D720>, login_to_chart = <selenium.webdriver.chrome.webdriver.WebDriver (session=\"c75b9522dfb72b2e72bb1566621d1bec\")>\n\n    @allure.story(\"校验文本框成功\")\n    # @pytest.mark.run(order=1)\n    def test_orderchart_textverify(self, login_to_chart):\n        driver = login_to_chart  # WebDriver 实例\n        chart = ChartPage(driver)  # 用 driver 初始化 ChartPage\n        chart.click_close_page('订单甘特图')\n        name = '111111111111111133331122221111222221111111113333111111144444111111111111111111111111111111111111111111111111'\n        chart.click_add_button()\n        chart.enter_texts('//input[@placeholder=\"请输入名称\"]', name)\n        chart.click_order_confirm_button()\n        eles = driver.find_elements(\n            By.XPATH, '//div[@class=\"el-tabs__nav is-top\"]/div[@role=\"tab\"]'\n        )\n        i = 0\n        while i < len(eles):\n            if eles[i].text == name:\n                break\n            i += 1\n        wait = WebDriverWait(driver, 10)\n>       element = wait.until(\n            EC.presence_of_element_located(\n                (\n                    By.XPATH,\n                    f'//div[@class=\"el-tabs__nav is-top\"]/div[@role=\"tab\" and text()=\"{name}\"]',\n                )\n            )\n        )\n\nTests\\test_items\\test_chart.py:656: \n_ _ _ _ _ _ _ _ _ _ _ _ _ _ _ _ _ _ _ _ _ _ _ _ _ _ _ _ _ _ _ _ _ _ _ _ _ _ _ _ _ _ _ _ _ _ _ _ _ _ _ _ _ _ _ _ _ _ _ _ _ _ _ _ _ _ _ _ _ _ _ _ _ _ _ _ _ _ _ _ _ _ _ _ _ _ _ _ _ _ _ _ _ _ _ _ _ _ _ _ _ _ _ _ _ _ _ _ _ _ _ _ _ _ _ _\n\nself = <selenium.webdriver.support.wait.WebDriverWait (session=\"c75b9522dfb72b2e72bb1566621d1bec\")>, method = <function presence_of_element_located.<locals>._predicate at 0x00000143DFD2DF30>, message = ''\n\n    def until(self, method: Callable[[D], Union[Literal[False], T]], message: str = \"\") -> T:\n        \"\"\"Wait until the method returns a value that is not False.\n    \n        Calls the method provided with the driver as an argument until the\n        return value does not evaluate to ``False``.\n    \n        Parameters:\n        -----------\n        method: callable(WebDriver)\n            - A callable object that takes a WebDriver instance as an argument.\n    \n        message: str\n            - Optional message for :exc:`TimeoutException`\n    \n        Return:\n        -------\n        object: T\n            - The result of the last call to `method`\n    \n        Raises:\n        -------\n        TimeoutException\n            - If 'method' does not return a truthy value within the WebDriverWait\n            object's timeout\n    \n        Example:\n        --------\n        >>> from selenium.webdriver.common.by import By\n        >>> from selenium.webdriver.support.ui import WebDriverWait\n        >>> from selenium.webdriver.support import expected_conditions as EC\n    \n        # Wait until an element is visible on the page\n        >>> wait = WebDriverWait(driver, 10)\n        >>> element = wait.until(EC.visibility_of_element_located((By.ID, \"exampleId\")))\n        >>> print(element.text)\n        \"\"\"\n        screen = None\n        stacktrace = None\n    \n        end_time = time.monotonic() + self._timeout\n        while True:\n            try:\n                value = method(self._driver)\n                if value:\n                    return value\n            except self._ignored_exceptions as exc:\n                screen = getattr(exc, \"screen\", None)\n                stacktrace = getattr(exc, \"stacktrace\", None)\n            if time.monotonic() > end_time:\n                break\n            time.sleep(self._poll)\n>       raise TimeoutException(message, screen, stacktrace)\nE       selenium.common.exceptions.TimeoutException: Message: \nE       Stacktrace:\nE       \tGetHandleVerifier [0x0x7ff7e9026f65+78965]\nE       \tGetHandleVerifier [0x0x7ff7e9026fc0+79056]\nE       \t(No symbol) [0x0x7ff7e8db9dda]\nE       \t(No symbol) [0x0x7ff7e8e102ea]\nE       \t(No symbol) [0x0x7ff7e8e1059c]\nE       \t(No symbol) [0x0x7ff7e8e63f37]\nE       \t(No symbol) [0x0x7ff7e8e386af]\nE       \t(No symbol) [0x0x7ff7e8e60dbe]\nE       \t(No symbol) [0x0x7ff7e8e38443]\nE       \t(No symbol) [0x0x7ff7e8e01311]\nE       \t(No symbol) [0x0x7ff7e8e020a3]\nE       \tGetHandleVerifier [0x0x7ff7e92de26d+2926461]\nE       \tGetHandleVerifier [0x0x7ff7e92d8993+2903715]\nE       \tGetHandleVerifier [0x0x7ff7e92f6aed+3026941]\nE       \tGetHandleVerifier [0x0x7ff7e90416fe+187406]\nE       \tGetHandleVerifier [0x0x7ff7e90496ef+220159]\nE       \tGetHandleVerifier [0x0x7ff7e902faf4+114692]\nE       \tGetHandleVerifier [0x0x7ff7e902fca9+115129]\nE       \tGetHandleVerifier [0x0x7ff7e90164d8+10728]\nE       \tBaseThreadInitThunk [0x0x7ffcf36a7374+20]\nE       \tRtlUserThreadStart [0x0x7ffcf523cc91+33]\n\nmyenv\\lib\\site-packages\\selenium\\webdriver\\support\\wait.py:138: TimeoutException","steps":[],"attachments":[{"uid":"d736bd81004156c2","name":"test_orderchart_textverify_failure","source":"d736bd81004156c2.png","type":"image/png","size":81758},{"uid":"8dcf9bfb159b2bb8","name":"test_orderchart_textverify_source","source":"8dcf9bfb159b2bb8.html","type":"text/html","size":1139255},{"uid":"66616aefe7d17de6","name":"log","source":"66616aefe7d17de6.txt","type":"text/plain","size":1957}],"parameters":[],"stepsCount":0,"hasContent":true,"attachmentStep":false,"attachmentsCount":3,"shouldDisplayMessage":true},"afterStages":[{"name":"login_to_chart::0","time":{"start":1762793258580,"stop":1762793260758,"duration":2178},"status":"passed","steps":[],"attachments":[],"parameters":[],"stepsCount":0,"hasContent":false,"attachmentStep":false,"attachmentsCount":0,"shouldDisplayMessage":false}],"labels":[{"name":"feature","value":"甘特图测试用例"},{"name":"story","value":"校验文本框成功"},{"name":"parentSuite","value":"Tests.test_items"},{"name":"suite","value":"test_chart"},{"name":"subSuite","value":"TestChartPage"},{"name":"host","value":"WIN-20240820MJV"},{"name":"thread","value":"12084-MainThread"},{"name":"framework","value":"pytest"},{"name":"language","value":"cpython3"},{"name":"package","value":"Tests.test_items.test_chart"},{"name":"resultFormat","value":"allure2"}],"parameters":[],"links":[],"hidden":true,"retry":true,"extra":{"categories":[],"tags":[]},"source":"d8db35e089eef287.json","parameterValues":[]}