{"uid":"d921a733ec5d6d0f","name":"test_interfaceconfiguration_update1","fullName":"Tests.test_system.test_interfaceconfiguration.TestSInterfaceConfigurationPage#test_interfaceconfiguration_update1","historyId":"5cd7359a0fa44f61b9f61a816735ad89","time":{"start":1763508416452,"stop":1763508426531,"duration":10079},"status":"broken","statusMessage":"selenium.common.exceptions.TimeoutException: Message: 点击失败，找不到元素：xpath = //table[@class=\"vxe-table--body\"]//tr/td[3]//span[text()=\"测试数据22\"]","statusTrace":"self = <Pages.systemPage.imp_page.ImpPage object at 0x0000011B48DD9AE0>, by_or_element = 'xpath', value = '//table[@class=\"vxe-table--body\"]//tr/td[3]//span[text()=\"测试数据22\"]', wait_time = 10, retries = 2\n\n    def click(self, by_or_element, value=None, wait_time=10, retries=2):\n        \"\"\"\n        更稳健的点击方法：支持定位符或 WebElement，自动处理 stale 元素、点击拦截等问题。\n        \"\"\"\n        for attempt in range(retries):\n            try:\n                if value is not None:\n                    by = by_or_element\n                    logging.info(f\"点击元素：By = {by}, Value = {value}\")\n>                   element = WebDriverWait(self.driver, wait_time).until(\n                        EC.element_to_be_clickable((by, value))\n                    )\n\nPages\\base_page.py:49: \n_ _ _ _ _ _ _ _ _ _ _ _ _ _ _ _ _ _ _ _ _ _ _ _ _ _ _ _ _ _ _ _ _ _ _ _ _ _ _ _ _ _ _ _ _ _ _ _ _ _ _ _ _ _ _ _ _ _ _ _ _ _ _ _ _ _ _ _ _ _ _ _ _ _ _ _ _ _ _ _ _ _ _ _ _ _ _ _ _ _ _ _ _ _ _ _ _ _ _ _ _ _ _ _ _ _ _ _ _ _ _ _ _ _ _ _\n\nself = <selenium.webdriver.support.wait.WebDriverWait (session=\"f9f3c7822e5def5768e799a6a5a1e993\")>, method = <function element_to_be_clickable.<locals>._predicate at 0x0000011B493CAA70>, message = ''\n\n    def until(self, method: Callable[[D], Union[Literal[False], T]], message: str = \"\") -> T:\n        \"\"\"Wait until the method returns a value that is not False.\n    \n        Calls the method provided with the driver as an argument until the\n        return value does not evaluate to ``False``.\n    \n        Parameters:\n        -----------\n        method: callable(WebDriver)\n            - A callable object that takes a WebDriver instance as an argument.\n    \n        message: str\n            - Optional message for :exc:`TimeoutException`\n    \n        Return:\n        -------\n        object: T\n            - The result of the last call to `method`\n    \n        Raises:\n        -------\n        TimeoutException\n            - If 'method' does not return a truthy value within the WebDriverWait\n            object's timeout\n    \n        Example:\n        --------\n        >>> from selenium.webdriver.common.by import By\n        >>> from selenium.webdriver.support.ui import WebDriverWait\n        >>> from selenium.webdriver.support import expected_conditions as EC\n    \n        # Wait until an element is visible on the page\n        >>> wait = WebDriverWait(driver, 10)\n        >>> element = wait.until(EC.visibility_of_element_located((By.ID, \"exampleId\")))\n        >>> print(element.text)\n        \"\"\"\n        screen = None\n        stacktrace = None\n    \n        end_time = time.monotonic() + self._timeout\n        while True:\n            try:\n                value = method(self._driver)\n                if value:\n                    return value\n            except self._ignored_exceptions as exc:\n                screen = getattr(exc, \"screen\", None)\n                stacktrace = getattr(exc, \"stacktrace\", None)\n            if time.monotonic() > end_time:\n                break\n            time.sleep(self._poll)\n>       raise TimeoutException(message, screen, stacktrace)\nE       selenium.common.exceptions.TimeoutException: Message: \nE       Stacktrace:\nE       \tGetHandleVerifier [0x0x7ff702b86f65+78965]\nE       \tGetHandleVerifier [0x0x7ff702b86fc0+79056]\nE       \t(No symbol) [0x0x7ff702919dda]\nE       \t(No symbol) [0x0x7ff7029702ea]\nE       \t(No symbol) [0x0x7ff70297059c]\nE       \t(No symbol) [0x0x7ff7029c3f37]\nE       \t(No symbol) [0x0x7ff7029986af]\nE       \t(No symbol) [0x0x7ff7029c0dbe]\nE       \t(No symbol) [0x0x7ff702998443]\nE       \t(No symbol) [0x0x7ff702961311]\nE       \t(No symbol) [0x0x7ff7029620a3]\nE       \tGetHandleVerifier [0x0x7ff702e3e26d+2926461]\nE       \tGetHandleVerifier [0x0x7ff702e38993+2903715]\nE       \tGetHandleVerifier [0x0x7ff702e56aed+3026941]\nE       \tGetHandleVerifier [0x0x7ff702ba16fe+187406]\nE       \tGetHandleVerifier [0x0x7ff702ba96ef+220159]\nE       \tGetHandleVerifier [0x0x7ff702b8faf4+114692]\nE       \tGetHandleVerifier [0x0x7ff702b8fca9+115129]\nE       \tGetHandleVerifier [0x0x7ff702b764d8+10728]\nE       \tBaseThreadInitThunk [0x0x7ff8e0e67374+20]\nE       \tRtlUserThreadStart [0x0x7ff8e18bcc91+33]\n\nmyenv\\lib\\site-packages\\selenium\\webdriver\\support\\wait.py:138: TimeoutException\n\nDuring handling of the above exception, another exception occurred:\n\nself = <test_system.test_interfaceconfiguration.TestSInterfaceConfigurationPage object at 0x0000011B47001720>\nlogin_to_interfaceconfiguration = <selenium.webdriver.chrome.webdriver.WebDriver (session=\"f9f3c7822e5def5768e799a6a5a1e993\")>\n\n    @allure.story(\"修改访问地址成功\")\n    # @pytest.mark.run(order=1)\n    def test_interfaceconfiguration_update1(self, login_to_interfaceconfiguration):\n        driver = login_to_interfaceconfiguration  # WebDriver 实例\n        interfaceconfiguration = ImpPage(driver)  # 用 driver 初始化 ImpPage\n>       interfaceconfiguration.click_button('//table[@class=\"vxe-table--body\"]//tr/td[3]//span[text()=\"测试数据22\"]')\n\nTests\\test_system\\test_interfaceconfiguration.py:214: \n_ _ _ _ _ _ _ _ _ _ _ _ _ _ _ _ _ _ _ _ _ _ _ _ _ _ _ _ _ _ _ _ _ _ _ _ _ _ _ _ _ _ _ _ _ _ _ _ _ _ _ _ _ _ _ _ _ _ _ _ _ _ _ _ _ _ _ _ _ _ _ _ _ _ _ _ _ _ _ _ _ _ _ _ _ _ _ _ _ _ _ _ _ _ _ _ _ _ _ _ _ _ _ _ _ _ _ _ _ _ _ _ _ _ _ _\nPages\\systemPage\\imp_page.py:23: in click_button\n    self.click(By.XPATH, xpath)\n_ _ _ _ _ _ _ _ _ _ _ _ _ _ _ _ _ _ _ _ _ _ _ _ _ _ _ _ _ _ _ _ _ _ _ _ _ _ _ _ _ _ _ _ _ _ _ _ _ _ _ _ _ _ _ _ _ _ _ _ _ _ _ _ _ _ _ _ _ _ _ _ _ _ _ _ _ _ _ _ _ _ _ _ _ _ _ _ _ _ _ _ _ _ _ _ _ _ _ _ _ _ _ _ _ _ _ _ _ _ _ _ _ _ _ _\n\nself = <Pages.systemPage.imp_page.ImpPage object at 0x0000011B48DD9AE0>, by_or_element = 'xpath', value = '//table[@class=\"vxe-table--body\"]//tr/td[3]//span[text()=\"测试数据22\"]', wait_time = 10, retries = 2\n\n    def click(self, by_or_element, value=None, wait_time=10, retries=2):\n        \"\"\"\n        更稳健的点击方法：支持定位符或 WebElement，自动处理 stale 元素、点击拦截等问题。\n        \"\"\"\n        for attempt in range(retries):\n            try:\n                if value is not None:\n                    by = by_or_element\n                    logging.info(f\"点击元素：By = {by}, Value = {value}\")\n                    element = WebDriverWait(self.driver, wait_time).until(\n                        EC.element_to_be_clickable((by, value))\n                    )\n                else:\n                    logging.info(\"点击元素：WebElement 对象\")\n                    element = by_or_element\n    \n                element.click()\n                logging.info(\"✅ 点击成功\")\n                return\n    \n            except ElementClickInterceptedException:\n                logging.warning(\"⚠️ 原生点击被拦截，尝试使用 JS 点击\")\n                try:\n                    self.driver.execute_script(\"arguments[0].click();\", element)\n                    logging.info(\"✅ JS 点击成功\")\n                    return\n                except Exception as js_error:\n                    logging.warning(f\"⚠️ JS 点击失败：{js_error}\")\n                    sleep(1)\n                    continue  # 下一轮重试\n    \n            except StaleElementReferenceException:\n                logging.warning(f\"⚠️ 第 {attempt + 1} 次点击失败：元素过期，尝试重新定位\")\n                sleep(1)\n                continue  # 下一轮重试时重新定位\n    \n            except TimeoutException:\n                logging.error(f\"❌ 元素未在 {wait_time} 秒内变为可点击\")\n>               raise TimeoutException(f\"点击失败，找不到元素：{by_or_element} = {value}\")\nE               selenium.common.exceptions.TimeoutException: Message: 点击失败，找不到元素：xpath = //table[@class=\"vxe-table--body\"]//tr/td[3]//span[text()=\"测试数据22\"]\n\nPages\\base_page.py:78: TimeoutException","flaky":false,"newFailed":false,"newBroken":false,"newPassed":false,"retriesCount":1,"retriesStatusChange":false,"beforeStages":[{"name":"login_to_interfaceconfiguration","time":{"start":1763508400285,"stop":1763508416452,"duration":16167},"status":"passed","steps":[],"attachments":[],"parameters":[],"shouldDisplayMessage":false,"attachmentsCount":0,"stepsCount":0,"hasContent":false,"attachmentStep":false}],"testStage":{"status":"broken","statusMessage":"selenium.common.exceptions.TimeoutException: Message: 点击失败，找不到元素：xpath = //table[@class=\"vxe-table--body\"]//tr/td[3]//span[text()=\"测试数据22\"]","statusTrace":"self = <Pages.systemPage.imp_page.ImpPage object at 0x0000011B48DD9AE0>, by_or_element = 'xpath', value = '//table[@class=\"vxe-table--body\"]//tr/td[3]//span[text()=\"测试数据22\"]', wait_time = 10, retries = 2\n\n    def click(self, by_or_element, value=None, wait_time=10, retries=2):\n        \"\"\"\n        更稳健的点击方法：支持定位符或 WebElement，自动处理 stale 元素、点击拦截等问题。\n        \"\"\"\n        for attempt in range(retries):\n            try:\n                if value is not None:\n                    by = by_or_element\n                    logging.info(f\"点击元素：By = {by}, Value = {value}\")\n>                   element = WebDriverWait(self.driver, wait_time).until(\n                        EC.element_to_be_clickable((by, value))\n                    )\n\nPages\\base_page.py:49: \n_ _ _ _ _ _ _ _ _ _ _ _ _ _ _ _ _ _ _ _ _ _ _ _ _ _ _ _ _ _ _ _ _ _ _ _ _ _ _ _ _ _ _ _ _ _ _ _ _ _ _ _ _ _ _ _ _ _ _ _ _ _ _ _ _ _ _ _ _ _ _ _ _ _ _ _ _ _ _ _ _ _ _ _ _ _ _ _ _ _ _ _ _ _ _ _ _ _ _ _ _ _ _ _ _ _ _ _ _ _ _ _ _ _ _ _\n\nself = <selenium.webdriver.support.wait.WebDriverWait (session=\"f9f3c7822e5def5768e799a6a5a1e993\")>, method = <function element_to_be_clickable.<locals>._predicate at 0x0000011B493CAA70>, message = ''\n\n    def until(self, method: Callable[[D], Union[Literal[False], T]], message: str = \"\") -> T:\n        \"\"\"Wait until the method returns a value that is not False.\n    \n        Calls the method provided with the driver as an argument until the\n        return value does not evaluate to ``False``.\n    \n        Parameters:\n        -----------\n        method: callable(WebDriver)\n            - A callable object that takes a WebDriver instance as an argument.\n    \n        message: str\n            - Optional message for :exc:`TimeoutException`\n    \n        Return:\n        -------\n        object: T\n            - The result of the last call to `method`\n    \n        Raises:\n        -------\n        TimeoutException\n            - If 'method' does not return a truthy value within the WebDriverWait\n            object's timeout\n    \n        Example:\n        --------\n        >>> from selenium.webdriver.common.by import By\n        >>> from selenium.webdriver.support.ui import WebDriverWait\n        >>> from selenium.webdriver.support import expected_conditions as EC\n    \n        # Wait until an element is visible on the page\n        >>> wait = WebDriverWait(driver, 10)\n        >>> element = wait.until(EC.visibility_of_element_located((By.ID, \"exampleId\")))\n        >>> print(element.text)\n        \"\"\"\n        screen = None\n        stacktrace = None\n    \n        end_time = time.monotonic() + self._timeout\n        while True:\n            try:\n                value = method(self._driver)\n                if value:\n                    return value\n            except self._ignored_exceptions as exc:\n                screen = getattr(exc, \"screen\", None)\n                stacktrace = getattr(exc, \"stacktrace\", None)\n            if time.monotonic() > end_time:\n                break\n            time.sleep(self._poll)\n>       raise TimeoutException(message, screen, stacktrace)\nE       selenium.common.exceptions.TimeoutException: Message: \nE       Stacktrace:\nE       \tGetHandleVerifier [0x0x7ff702b86f65+78965]\nE       \tGetHandleVerifier [0x0x7ff702b86fc0+79056]\nE       \t(No symbol) [0x0x7ff702919dda]\nE       \t(No symbol) [0x0x7ff7029702ea]\nE       \t(No symbol) [0x0x7ff70297059c]\nE       \t(No symbol) [0x0x7ff7029c3f37]\nE       \t(No symbol) [0x0x7ff7029986af]\nE       \t(No symbol) [0x0x7ff7029c0dbe]\nE       \t(No symbol) [0x0x7ff702998443]\nE       \t(No symbol) [0x0x7ff702961311]\nE       \t(No symbol) [0x0x7ff7029620a3]\nE       \tGetHandleVerifier [0x0x7ff702e3e26d+2926461]\nE       \tGetHandleVerifier [0x0x7ff702e38993+2903715]\nE       \tGetHandleVerifier [0x0x7ff702e56aed+3026941]\nE       \tGetHandleVerifier [0x0x7ff702ba16fe+187406]\nE       \tGetHandleVerifier [0x0x7ff702ba96ef+220159]\nE       \tGetHandleVerifier [0x0x7ff702b8faf4+114692]\nE       \tGetHandleVerifier [0x0x7ff702b8fca9+115129]\nE       \tGetHandleVerifier [0x0x7ff702b764d8+10728]\nE       \tBaseThreadInitThunk [0x0x7ff8e0e67374+20]\nE       \tRtlUserThreadStart [0x0x7ff8e18bcc91+33]\n\nmyenv\\lib\\site-packages\\selenium\\webdriver\\support\\wait.py:138: TimeoutException\n\nDuring handling of the above exception, another exception occurred:\n\nself = <test_system.test_interfaceconfiguration.TestSInterfaceConfigurationPage object at 0x0000011B47001720>\nlogin_to_interfaceconfiguration = <selenium.webdriver.chrome.webdriver.WebDriver (session=\"f9f3c7822e5def5768e799a6a5a1e993\")>\n\n    @allure.story(\"修改访问地址成功\")\n    # @pytest.mark.run(order=1)\n    def test_interfaceconfiguration_update1(self, login_to_interfaceconfiguration):\n        driver = login_to_interfaceconfiguration  # WebDriver 实例\n        interfaceconfiguration = ImpPage(driver)  # 用 driver 初始化 ImpPage\n>       interfaceconfiguration.click_button('//table[@class=\"vxe-table--body\"]//tr/td[3]//span[text()=\"测试数据22\"]')\n\nTests\\test_system\\test_interfaceconfiguration.py:214: \n_ _ _ _ _ _ _ _ _ _ _ _ _ _ _ _ _ _ _ _ _ _ _ _ _ _ _ _ _ _ _ _ _ _ _ _ _ _ _ _ _ _ _ _ _ _ _ _ _ _ _ _ _ _ _ _ _ _ _ _ _ _ _ _ _ _ _ _ _ _ _ _ _ _ _ _ _ _ _ _ _ _ _ _ _ _ _ _ _ _ _ _ _ _ _ _ _ _ _ _ _ _ _ _ _ _ _ _ _ _ _ _ _ _ _ _\nPages\\systemPage\\imp_page.py:23: in click_button\n    self.click(By.XPATH, xpath)\n_ _ _ _ _ _ _ _ _ _ _ _ _ _ _ _ _ _ _ _ _ _ _ _ _ _ _ _ _ _ _ _ _ _ _ _ _ _ _ _ _ _ _ _ _ _ _ _ _ _ _ _ _ _ _ _ _ _ _ _ _ _ _ _ _ _ _ _ _ _ _ _ _ _ _ _ _ _ _ _ _ _ _ _ _ _ _ _ _ _ _ _ _ _ _ _ _ _ _ _ _ _ _ _ _ _ _ _ _ _ _ _ _ _ _ _\n\nself = <Pages.systemPage.imp_page.ImpPage object at 0x0000011B48DD9AE0>, by_or_element = 'xpath', value = '//table[@class=\"vxe-table--body\"]//tr/td[3]//span[text()=\"测试数据22\"]', wait_time = 10, retries = 2\n\n    def click(self, by_or_element, value=None, wait_time=10, retries=2):\n        \"\"\"\n        更稳健的点击方法：支持定位符或 WebElement，自动处理 stale 元素、点击拦截等问题。\n        \"\"\"\n        for attempt in range(retries):\n            try:\n                if value is not None:\n                    by = by_or_element\n                    logging.info(f\"点击元素：By = {by}, Value = {value}\")\n                    element = WebDriverWait(self.driver, wait_time).until(\n                        EC.element_to_be_clickable((by, value))\n                    )\n                else:\n                    logging.info(\"点击元素：WebElement 对象\")\n                    element = by_or_element\n    \n                element.click()\n                logging.info(\"✅ 点击成功\")\n                return\n    \n            except ElementClickInterceptedException:\n                logging.warning(\"⚠️ 原生点击被拦截，尝试使用 JS 点击\")\n                try:\n                    self.driver.execute_script(\"arguments[0].click();\", element)\n                    logging.info(\"✅ JS 点击成功\")\n                    return\n                except Exception as js_error:\n                    logging.warning(f\"⚠️ JS 点击失败：{js_error}\")\n                    sleep(1)\n                    continue  # 下一轮重试\n    \n            except StaleElementReferenceException:\n                logging.warning(f\"⚠️ 第 {attempt + 1} 次点击失败：元素过期，尝试重新定位\")\n                sleep(1)\n                continue  # 下一轮重试时重新定位\n    \n            except TimeoutException:\n                logging.error(f\"❌ 元素未在 {wait_time} 秒内变为可点击\")\n>               raise TimeoutException(f\"点击失败，找不到元素：{by_or_element} = {value}\")\nE               selenium.common.exceptions.TimeoutException: Message: 点击失败，找不到元素：xpath = //table[@class=\"vxe-table--body\"]//tr/td[3]//span[text()=\"测试数据22\"]\n\nPages\\base_page.py:78: TimeoutException","steps":[],"attachments":[{"uid":"b77a05095985eac6","name":"test_interfaceconfiguration_update1_failure","source":"b77a05095985eac6.png","type":"image/png","size":148570},{"uid":"a7bb9adc7d69c7eb","name":"test_interfaceconfiguration_update1_source","source":"a7bb9adc7d69c7eb.html","type":"text/html","size":1205501},{"uid":"6399e3d69f54daac","name":"log","source":"6399e3d69f54daac.txt","type":"text/plain","size":2701}],"parameters":[],"shouldDisplayMessage":true,"attachmentsCount":3,"stepsCount":0,"hasContent":true,"attachmentStep":false},"afterStages":[{"name":"login_to_interfaceconfiguration::0","time":{"start":1763508426693,"stop":1763508428855,"duration":2162},"status":"passed","steps":[],"attachments":[],"parameters":[],"shouldDisplayMessage":false,"attachmentsCount":0,"stepsCount":0,"hasContent":false,"attachmentStep":false}],"labels":[{"name":"feature","value":"接口配置分发页用例"},{"name":"story","value":"修改访问地址成功"},{"name":"parentSuite","value":"Tests.test_system"},{"name":"suite","value":"test_interfaceconfiguration"},{"name":"subSuite","value":"TestSInterfaceConfigurationPage"},{"name":"host","value":"WIN-20240820MJV"},{"name":"thread","value":"25116-MainThread"},{"name":"framework","value":"pytest"},{"name":"language","value":"cpython3"},{"name":"package","value":"Tests.test_system.test_interfaceconfiguration"},{"name":"resultFormat","value":"allure2"}],"parameters":[],"links":[],"hidden":false,"retry":false,"extra":{"severity":"normal","retries":[{"uid":"42611ae2502b48b6","status":"broken","statusDetails":"selenium.common.exceptions.TimeoutException: Message: 点击失败，找不到元素：xpath = //table[@class=\"vxe-table--body\"]//tr/td[3]//span[text()=\"测试数据22\"]","time":{"start":1763508387888,"stop":1763508397956,"duration":10068}}],"categories":[{"name":"Test defects","matchedStatuses":[]}],"tags":[]},"source":"d921a733ec5d6d0f.json","parameterValues":[]}