{"uid":"dc216bbbae888c39","name":"test_database_dataselect1","fullName":"Tests.test_system.test_database.TestSDateBasePage#test_database_dataselect1","historyId":"1ed5e5ab2cd5fc0d1ed807d8a27cedb9","time":{"start":1761858979312,"stop":1761858984984,"duration":5672},"status":"failed","statusMessage":"AssertionError: assert False\n +  where False = all(<generator object TestSDateBasePage.test_database_dataselect1.<locals>.<genexpr> at 0x0000021E193C1E70>)","statusTrace":"self = <test_system.test_database.TestSDateBasePage object at 0x0000021E16AC42B0>, login_to_database = <selenium.webdriver.chrome.webdriver.WebDriver (session=\"eda45f0804b2c8af03c8d4c456e8b204\")>\n\n    @allure.story(\"数据库查询成功\")\n    # @pytest.mark.run(order=1)\n    def test_database_dataselect1(self, login_to_database):\n        driver = login_to_database  # WebDriver 实例\n        data = DateBasePage(driver)  # 用 driver 初始化 DateBasePage\n        name = 'APS_Item'\n        data.click_select_button()\n        data.enter_texts('//div[@class=\"content-siadeNav\"]//input[@placeholder=\"请输入\"]', name)\n        sleep(1)\n        eles = data.finds_elements(By.XPATH, '(//div[@class=\"content-siadeNav\"]//div[@role=\"group\"])[2]/div/div/span[2]')\n        list_name = [ele.text for ele in eles]\n>       assert all(name in ele for ele in list_name)\nE       assert False\nE        +  where False = all(<generator object TestSDateBasePage.test_database_dataselect1.<locals>.<genexpr> at 0x0000021E193C1E70>)\n\nTests\\test_system\\test_database.py:232: AssertionError","flaky":false,"newFailed":false,"newBroken":false,"newPassed":false,"retriesCount":0,"retriesStatusChange":false,"beforeStages":[{"name":"login_to_database","time":{"start":1761858965445,"stop":1761858979312,"duration":13867},"status":"passed","steps":[],"attachments":[],"parameters":[],"hasContent":false,"attachmentStep":false,"stepsCount":0,"shouldDisplayMessage":false,"attachmentsCount":0}],"testStage":{"status":"failed","statusMessage":"AssertionError: assert False\n +  where False = all(<generator object TestSDateBasePage.test_database_dataselect1.<locals>.<genexpr> at 0x0000021E193C1E70>)","statusTrace":"self = <test_system.test_database.TestSDateBasePage object at 0x0000021E16AC42B0>, login_to_database = <selenium.webdriver.chrome.webdriver.WebDriver (session=\"eda45f0804b2c8af03c8d4c456e8b204\")>\n\n    @allure.story(\"数据库查询成功\")\n    # @pytest.mark.run(order=1)\n    def test_database_dataselect1(self, login_to_database):\n        driver = login_to_database  # WebDriver 实例\n        data = DateBasePage(driver)  # 用 driver 初始化 DateBasePage\n        name = 'APS_Item'\n        data.click_select_button()\n        data.enter_texts('//div[@class=\"content-siadeNav\"]//input[@placeholder=\"请输入\"]', name)\n        sleep(1)\n        eles = data.finds_elements(By.XPATH, '(//div[@class=\"content-siadeNav\"]//div[@role=\"group\"])[2]/div/div/span[2]')\n        list_name = [ele.text for ele in eles]\n>       assert all(name in ele for ele in list_name)\nE       assert False\nE        +  where False = all(<generator object TestSDateBasePage.test_database_dataselect1.<locals>.<genexpr> at 0x0000021E193C1E70>)\n\nTests\\test_system\\test_database.py:232: AssertionError","steps":[],"attachments":[{"uid":"737ae84b92784618","name":"test_database_dataselect1_failure","source":"737ae84b92784618.png","type":"image/png","size":78681},{"uid":"8eccc53dc8c771f5","name":"test_database_dataselect1_source","source":"8eccc53dc8c771f5.html","type":"text/html","size":1331581},{"uid":"af6fb60746119f8a","name":"log","source":"af6fb60746119f8a.txt","type":"text/plain","size":1500}],"parameters":[],"hasContent":true,"attachmentStep":false,"stepsCount":0,"shouldDisplayMessage":true,"attachmentsCount":3},"afterStages":[{"name":"login_to_database::0","time":{"start":1761858985160,"stop":1761858987349,"duration":2189},"status":"passed","steps":[],"attachments":[],"parameters":[],"hasContent":false,"attachmentStep":false,"stepsCount":0,"shouldDisplayMessage":false,"attachmentsCount":0}],"labels":[{"name":"feature","value":"数据库维护页用例"},{"name":"story","value":"数据库查询成功"},{"name":"parentSuite","value":"Tests.test_system"},{"name":"suite","value":"test_database"},{"name":"subSuite","value":"TestSDateBasePage"},{"name":"host","value":"WIN-20240820MJV"},{"name":"thread","value":"23908-MainThread"},{"name":"framework","value":"pytest"},{"name":"language","value":"cpython3"},{"name":"package","value":"Tests.test_system.test_database"},{"name":"resultFormat","value":"allure2"}],"parameters":[],"links":[],"hidden":true,"retry":true,"extra":{"categories":[],"tags":[]},"source":"dc216bbbae888c39.json","parameterValues":[]}