{"uid":"dcabfd7f33c118df","name":"test_inTransitInventory_ctrlIrepeat","fullName":"Tests.test_material.test_inTransitInventory.TestItemPage#test_inTransitInventory_ctrlIrepeat","historyId":"f004ff55d77cf2cb4ebc3237c607dda7","time":{"start":1770347551264,"stop":1770347562465,"duration":11201},"status":"broken","statusMessage":"selenium.common.exceptions.TimeoutException: Message: \nStacktrace:\n\tGetHandleVerifier [0x0x7ff603556f65+78965]\n\tGetHandleVerifier [0x0x7ff603556fc0+79056]\n\t(No symbol) [0x0x7ff6032e9dda]\n\t(No symbol) [0x0x7ff6033402ea]\n\t(No symbol) [0x0x7ff60334059c]\n\t(No symbol) [0x0x7ff603393f37]\n\t(No symbol) [0x0x7ff6033686af]\n\t(No symbol) [0x0x7ff603390dbe]\n\t(No symbol) [0x0x7ff603368443]\n\t(No symbol) [0x0x7ff603331311]\n\t(No symbol) [0x0x7ff6033320a3]\n\tGetHandleVerifier [0x0x7ff60380e26d+2926461]\n\tGetHandleVerifier [0x0x7ff603808993+2903715]\n\tGetHandleVerifier [0x0x7ff603826aed+3026941]\n\tGetHandleVerifier [0x0x7ff6035716fe+187406]\n\tGetHandleVerifier [0x0x7ff6035796ef+220159]\n\tGetHandleVerifier [0x0x7ff60355faf4+114692]\n\tGetHandleVerifier [0x0x7ff60355fca9+115129]\n\tGetHandleVerifier [0x0x7ff6035464d8+10728]\n\tBaseThreadInitThunk [0x0x7ffa14ef7374+20]\n\tRtlUserThreadStart [0x0x7ffa16b1cc91+33]","statusTrace":"self = <test_material.test_inTransitInventory.TestItemPage object at 0x000001FDBCAC2650>, login_to_item = <selenium.webdriver.chrome.webdriver.WebDriver (session=\"36a04c1803ccd2aebdd8e0923150908c\")>\n\n    @allure.story(\"模拟ctrl+i添加重复\")\n    # @pytest.mark.run(order=1)\n    def test_inTransitInventory_ctrlIrepeat(self, login_to_item):\n        self.item.click_button('//table[@class=\"vxe-table--body\"]//tr[2]//td[2]')\n        ActionChains(self.driver).key_down(Keys.CONTROL).send_keys('i').key_up(Keys.CONTROL).perform()\n        ele1 = self.item.get_find_element_xpath('(//table[@class=\"vxe-table--body\"]//tr[1]/td[2])[2]').get_attribute(\n            \"innerText\")\n        self.item.click_button('//div[@class=\"vxe-modal--footer\"]//span[text()=\"确定\"]')\n>       message = self.item.get_find_element_xpath('//div[text()=\" 记录已存在,请检查！ \"]').get_attribute(\"innerText\")\n\nTests\\test_material\\test_inTransitInventory.py:663: \n_ _ _ _ _ _ _ _ _ _ _ _ _ _ _ _ _ _ _ _ _ _ _ _ _ _ _ _ _ _ _ _ _ _ _ _ _ _ _ _ _ _ _ _ _ _ _ _ _ _ _ _ _ _ _ _ _ _ _ _ _ _ _ _ _ _ _ _ _ _ _ _ _ _ _ _ _ _ _ _ _ _ _ _ _ _ _ _ _ _ _ _ _ _ _ _ _ _ _ _ _ _ _ _ _ _ _ _ _ _ _ _ _ _ _ _\nPages\\materialPage\\warehouseLocation_page.py:333: in get_find_element_xpath\n    return self.find_element(By.XPATH, xpath)\nPages\\base_page.py:28: in find_element\n    return WebDriverWait(self.driver, wait_time).until(\n_ _ _ _ _ _ _ _ _ _ _ _ _ _ _ _ _ _ _ _ _ _ _ _ _ _ _ _ _ _ _ _ _ _ _ _ _ _ _ _ _ _ _ _ _ _ _ _ _ _ _ _ _ _ _ _ _ _ _ _ _ _ _ _ _ _ _ _ _ _ _ _ _ _ _ _ _ _ _ _ _ _ _ _ _ _ _ _ _ _ _ _ _ _ _ _ _ _ _ _ _ _ _ _ _ _ _ _ _ _ _ _ _ _ _ _\n\nself = <selenium.webdriver.support.wait.WebDriverWait (session=\"36a04c1803ccd2aebdd8e0923150908c\")>, method = <function presence_of_element_located.<locals>._predicate at 0x000001FDBCD3D5A0>, message = ''\n\n    def until(self, method: Callable[[D], Union[Literal[False], T]], message: str = \"\") -> T:\n        \"\"\"Wait until the method returns a value that is not False.\n    \n        Calls the method provided with the driver as an argument until the\n        return value does not evaluate to ``False``.\n    \n        Parameters:\n        -----------\n        method: callable(WebDriver)\n            - A callable object that takes a WebDriver instance as an argument.\n    \n        message: str\n            - Optional message for :exc:`TimeoutException`\n    \n        Return:\n        -------\n        object: T\n            - The result of the last call to `method`\n    \n        Raises:\n        -------\n        TimeoutException\n            - If 'method' does not return a truthy value within the WebDriverWait\n            object's timeout\n    \n        Example:\n        --------\n        >>> from selenium.webdriver.common.by import By\n        >>> from selenium.webdriver.support.ui import WebDriverWait\n        >>> from selenium.webdriver.support import expected_conditions as EC\n    \n        # Wait until an element is visible on the page\n        >>> wait = WebDriverWait(driver, 10)\n        >>> element = wait.until(EC.visibility_of_element_located((By.ID, \"exampleId\")))\n        >>> print(element.text)\n        \"\"\"\n        screen = None\n        stacktrace = None\n    \n        end_time = time.monotonic() + self._timeout\n        while True:\n            try:\n                value = method(self._driver)\n                if value:\n                    return value\n            except self._ignored_exceptions as exc:\n                screen = getattr(exc, \"screen\", None)\n                stacktrace = getattr(exc, \"stacktrace\", None)\n            if time.monotonic() > end_time:\n                break\n            time.sleep(self._poll)\n>       raise TimeoutException(message, screen, stacktrace)\nE       selenium.common.exceptions.TimeoutException: Message: \nE       Stacktrace:\nE       \tGetHandleVerifier [0x0x7ff603556f65+78965]\nE       \tGetHandleVerifier [0x0x7ff603556fc0+79056]\nE       \t(No symbol) [0x0x7ff6032e9dda]\nE       \t(No symbol) [0x0x7ff6033402ea]\nE       \t(No symbol) [0x0x7ff60334059c]\nE       \t(No symbol) [0x0x7ff603393f37]\nE       \t(No symbol) [0x0x7ff6033686af]\nE       \t(No symbol) [0x0x7ff603390dbe]\nE       \t(No symbol) [0x0x7ff603368443]\nE       \t(No symbol) [0x0x7ff603331311]\nE       \t(No symbol) [0x0x7ff6033320a3]\nE       \tGetHandleVerifier [0x0x7ff60380e26d+2926461]\nE       \tGetHandleVerifier [0x0x7ff603808993+2903715]\nE       \tGetHandleVerifier [0x0x7ff603826aed+3026941]\nE       \tGetHandleVerifier [0x0x7ff6035716fe+187406]\nE       \tGetHandleVerifier [0x0x7ff6035796ef+220159]\nE       \tGetHandleVerifier [0x0x7ff60355faf4+114692]\nE       \tGetHandleVerifier [0x0x7ff60355fca9+115129]\nE       \tGetHandleVerifier [0x0x7ff6035464d8+10728]\nE       \tBaseThreadInitThunk [0x0x7ffa14ef7374+20]\nE       \tRtlUserThreadStart [0x0x7ffa16b1cc91+33]\n\nmyenv\\lib\\site-packages\\selenium\\webdriver\\support\\wait.py:138: TimeoutException","flaky":false,"newFailed":false,"newBroken":false,"newPassed":false,"retriesCount":3,"retriesStatusChange":false,"beforeStages":[{"name":"login_to_item","time":{"start":1770347009056,"stop":1770347027787,"duration":18731},"status":"passed","steps":[],"attachments":[],"parameters":[],"attachmentsCount":0,"shouldDisplayMessage":false,"stepsCount":0,"hasContent":false,"attachmentStep":false},{"name":"setup","time":{"start":1770347551262,"stop":1770347551264,"duration":2},"status":"passed","steps":[],"attachments":[],"parameters":[],"attachmentsCount":0,"shouldDisplayMessage":false,"stepsCount":0,"hasContent":false,"attachmentStep":false}],"testStage":{"status":"broken","statusMessage":"selenium.common.exceptions.TimeoutException: Message: \nStacktrace:\n\tGetHandleVerifier [0x0x7ff603556f65+78965]\n\tGetHandleVerifier [0x0x7ff603556fc0+79056]\n\t(No symbol) [0x0x7ff6032e9dda]\n\t(No symbol) [0x0x7ff6033402ea]\n\t(No symbol) [0x0x7ff60334059c]\n\t(No symbol) [0x0x7ff603393f37]\n\t(No symbol) [0x0x7ff6033686af]\n\t(No symbol) [0x0x7ff603390dbe]\n\t(No symbol) [0x0x7ff603368443]\n\t(No symbol) [0x0x7ff603331311]\n\t(No symbol) [0x0x7ff6033320a3]\n\tGetHandleVerifier [0x0x7ff60380e26d+2926461]\n\tGetHandleVerifier [0x0x7ff603808993+2903715]\n\tGetHandleVerifier [0x0x7ff603826aed+3026941]\n\tGetHandleVerifier [0x0x7ff6035716fe+187406]\n\tGetHandleVerifier [0x0x7ff6035796ef+220159]\n\tGetHandleVerifier [0x0x7ff60355faf4+114692]\n\tGetHandleVerifier [0x0x7ff60355fca9+115129]\n\tGetHandleVerifier [0x0x7ff6035464d8+10728]\n\tBaseThreadInitThunk [0x0x7ffa14ef7374+20]\n\tRtlUserThreadStart [0x0x7ffa16b1cc91+33]","statusTrace":"self = <test_material.test_inTransitInventory.TestItemPage object at 0x000001FDBCAC2650>, login_to_item = <selenium.webdriver.chrome.webdriver.WebDriver (session=\"36a04c1803ccd2aebdd8e0923150908c\")>\n\n    @allure.story(\"模拟ctrl+i添加重复\")\n    # @pytest.mark.run(order=1)\n    def test_inTransitInventory_ctrlIrepeat(self, login_to_item):\n        self.item.click_button('//table[@class=\"vxe-table--body\"]//tr[2]//td[2]')\n        ActionChains(self.driver).key_down(Keys.CONTROL).send_keys('i').key_up(Keys.CONTROL).perform()\n        ele1 = self.item.get_find_element_xpath('(//table[@class=\"vxe-table--body\"]//tr[1]/td[2])[2]').get_attribute(\n            \"innerText\")\n        self.item.click_button('//div[@class=\"vxe-modal--footer\"]//span[text()=\"确定\"]')\n>       message = self.item.get_find_element_xpath('//div[text()=\" 记录已存在,请检查！ \"]').get_attribute(\"innerText\")\n\nTests\\test_material\\test_inTransitInventory.py:663: \n_ _ _ _ _ _ _ _ _ _ _ _ _ _ _ _ _ _ _ _ _ _ _ _ _ _ _ _ _ _ _ _ _ _ _ _ _ _ _ _ _ _ _ _ _ _ _ _ _ _ _ _ _ _ _ _ _ _ _ _ _ _ _ _ _ _ _ _ _ _ _ _ _ _ _ _ _ _ _ _ _ _ _ _ _ _ _ _ _ _ _ _ _ _ _ _ _ _ _ _ _ _ _ _ _ _ _ _ _ _ _ _ _ _ _ _\nPages\\materialPage\\warehouseLocation_page.py:333: in get_find_element_xpath\n    return self.find_element(By.XPATH, xpath)\nPages\\base_page.py:28: in find_element\n    return WebDriverWait(self.driver, wait_time).until(\n_ _ _ _ _ _ _ _ _ _ _ _ _ _ _ _ _ _ _ _ _ _ _ _ _ _ _ _ _ _ _ _ _ _ _ _ _ _ _ _ _ _ _ _ _ _ _ _ _ _ _ _ _ _ _ _ _ _ _ _ _ _ _ _ _ _ _ _ _ _ _ _ _ _ _ _ _ _ _ _ _ _ _ _ _ _ _ _ _ _ _ _ _ _ _ _ _ _ _ _ _ _ _ _ _ _ _ _ _ _ _ _ _ _ _ _\n\nself = <selenium.webdriver.support.wait.WebDriverWait (session=\"36a04c1803ccd2aebdd8e0923150908c\")>, method = <function presence_of_element_located.<locals>._predicate at 0x000001FDBCD3D5A0>, message = ''\n\n    def until(self, method: Callable[[D], Union[Literal[False], T]], message: str = \"\") -> T:\n        \"\"\"Wait until the method returns a value that is not False.\n    \n        Calls the method provided with the driver as an argument until the\n        return value does not evaluate to ``False``.\n    \n        Parameters:\n        -----------\n        method: callable(WebDriver)\n            - A callable object that takes a WebDriver instance as an argument.\n    \n        message: str\n            - Optional message for :exc:`TimeoutException`\n    \n        Return:\n        -------\n        object: T\n            - The result of the last call to `method`\n    \n        Raises:\n        -------\n        TimeoutException\n            - If 'method' does not return a truthy value within the WebDriverWait\n            object's timeout\n    \n        Example:\n        --------\n        >>> from selenium.webdriver.common.by import By\n        >>> from selenium.webdriver.support.ui import WebDriverWait\n        >>> from selenium.webdriver.support import expected_conditions as EC\n    \n        # Wait until an element is visible on the page\n        >>> wait = WebDriverWait(driver, 10)\n        >>> element = wait.until(EC.visibility_of_element_located((By.ID, \"exampleId\")))\n        >>> print(element.text)\n        \"\"\"\n        screen = None\n        stacktrace = None\n    \n        end_time = time.monotonic() + self._timeout\n        while True:\n            try:\n                value = method(self._driver)\n                if value:\n                    return value\n            except self._ignored_exceptions as exc:\n                screen = getattr(exc, \"screen\", None)\n                stacktrace = getattr(exc, \"stacktrace\", None)\n            if time.monotonic() > end_time:\n                break\n            time.sleep(self._poll)\n>       raise TimeoutException(message, screen, stacktrace)\nE       selenium.common.exceptions.TimeoutException: Message: \nE       Stacktrace:\nE       \tGetHandleVerifier [0x0x7ff603556f65+78965]\nE       \tGetHandleVerifier [0x0x7ff603556fc0+79056]\nE       \t(No symbol) [0x0x7ff6032e9dda]\nE       \t(No symbol) [0x0x7ff6033402ea]\nE       \t(No symbol) [0x0x7ff60334059c]\nE       \t(No symbol) [0x0x7ff603393f37]\nE       \t(No symbol) [0x0x7ff6033686af]\nE       \t(No symbol) [0x0x7ff603390dbe]\nE       \t(No symbol) [0x0x7ff603368443]\nE       \t(No symbol) [0x0x7ff603331311]\nE       \t(No symbol) [0x0x7ff6033320a3]\nE       \tGetHandleVerifier [0x0x7ff60380e26d+2926461]\nE       \tGetHandleVerifier [0x0x7ff603808993+2903715]\nE       \tGetHandleVerifier [0x0x7ff603826aed+3026941]\nE       \tGetHandleVerifier [0x0x7ff6035716fe+187406]\nE       \tGetHandleVerifier [0x0x7ff6035796ef+220159]\nE       \tGetHandleVerifier [0x0x7ff60355faf4+114692]\nE       \tGetHandleVerifier [0x0x7ff60355fca9+115129]\nE       \tGetHandleVerifier [0x0x7ff6035464d8+10728]\nE       \tBaseThreadInitThunk [0x0x7ffa14ef7374+20]\nE       \tRtlUserThreadStart [0x0x7ffa16b1cc91+33]\n\nmyenv\\lib\\site-packages\\selenium\\webdriver\\support\\wait.py:138: TimeoutException","steps":[],"attachments":[{"uid":"cd8cc0047c83b0f8","name":"test_inTransitInventory_ctrlIrepeat_20260206_111242","source":"cd8cc0047c83b0f8.png","type":"image/png","size":114349},{"uid":"fcd507c927c986ae","name":"log","source":"fcd507c927c986ae.txt","type":"text/plain","size":1541}],"parameters":[],"attachmentsCount":2,"shouldDisplayMessage":true,"stepsCount":0,"hasContent":true,"attachmentStep":false},"afterStages":[{"name":"login_to_item::0","time":{"start":1770347678092,"stop":1770347680285,"duration":2193},"status":"passed","steps":[],"attachments":[],"parameters":[],"attachmentsCount":0,"shouldDisplayMessage":false,"stepsCount":0,"hasContent":false,"attachmentStep":false}],"labels":[{"name":"story","value":"模拟ctrl+i添加重复"},{"name":"feature","value":"在途库存测试用例"},{"name":"parentSuite","value":"Tests.test_material"},{"name":"suite","value":"test_inTransitInventory"},{"name":"subSuite","value":"TestItemPage"},{"name":"host","value":"WIN-20240820MJV"},{"name":"thread","value":"25088-MainThread"},{"name":"framework","value":"pytest"},{"name":"language","value":"cpython3"},{"name":"package","value":"Tests.test_material.test_inTransitInventory"},{"name":"resultFormat","value":"allure2"}],"parameters":[],"links":[],"hidden":false,"retry":false,"extra":{"severity":"normal","retries":[{"uid":"acb5e29fc8ed0e8f","status":"broken","statusDetails":"selenium.common.exceptions.TimeoutException: Message: \nStacktrace:\n\tGetHandleVerifier [0x0x7ff603556f65+78965]\n\tGetHandleVerifier [0x0x7ff603556fc0+79056]\n\t(No symbol) [0x0x7ff6032e9dda]\n\t(No symbol) [0x0x7ff6033402ea]\n\t(No symbol) [0x0x7ff60334059c]\n\t(No symbol) [0x0x7ff603393f37]\n\t(No symbol) [0x0x7ff6033686af]\n\t(No symbol) [0x0x7ff603390dbe]\n\t(No symbol) [0x0x7ff603368443]\n\t(No symbol) [0x0x7ff603331311]\n\t(No symbol) [0x0x7ff6033320a3]\n\tGetHandleVerifier [0x0x7ff60380e26d+2926461]\n\tGetHandleVerifier [0x0x7ff603808993+2903715]\n\tGetHandleVerifier [0x0x7ff603826aed+3026941]\n\tGetHandleVerifier [0x0x7ff6035716fe+187406]\n\tGetHandleVerifier [0x0x7ff6035796ef+220159]\n\tGetHandleVerifier [0x0x7ff60355faf4+114692]\n\tGetHandleVerifier [0x0x7ff60355fca9+115129]\n\tGetHandleVerifier [0x0x7ff6035464d8+10728]\n\tBaseThreadInitThunk [0x0x7ffa14ef7374+20]\n\tRtlUserThreadStart [0x0x7ffa16b1cc91+33]","time":{"start":1770347540662,"stop":1770347551109,"duration":10447}},{"uid":"44262a8e9cf55fb7","status":"broken","statusDetails":"selenium.common.exceptions.TimeoutException: Message: \nStacktrace:\n\tGetHandleVerifier [0x0x7ff722056f65+78965]\n\tGetHandleVerifier [0x0x7ff722056fc0+79056]\n\t(No symbol) [0x0x7ff721de9dda]\n\t(No symbol) [0x0x7ff721e402ea]\n\t(No symbol) [0x0x7ff721e4059c]\n\t(No symbol) [0x0x7ff721e93f37]\n\t(No symbol) [0x0x7ff721e686af]\n\t(No symbol) [0x0x7ff721e90dbe]\n\t(No symbol) [0x0x7ff721e68443]\n\t(No symbol) [0x0x7ff721e31311]\n\t(No symbol) [0x0x7ff721e320a3]\n\tGetHandleVerifier [0x0x7ff72230e26d+2926461]\n\tGetHandleVerifier [0x0x7ff722308993+2903715]\n\tGetHandleVerifier [0x0x7ff722326aed+3026941]\n\tGetHandleVerifier [0x0x7ff7220716fe+187406]\n\tGetHandleVerifier [0x0x7ff7220796ef+220159]\n\tGetHandleVerifier [0x0x7ff72205faf4+114692]\n\tGetHandleVerifier [0x0x7ff72205fca9+115129]\n\tGetHandleVerifier [0x0x7ff7220464d8+10728]\n\tBaseThreadInitThunk [0x0x7ffa14ef7374+20]\n\tRtlUserThreadStart [0x0x7ffa16b1cc91+33]","time":{"start":1770320697341,"stop":1770320709604,"duration":12263}},{"uid":"4a22c0f8f0ec2a9c","status":"broken","statusDetails":"selenium.common.exceptions.TimeoutException: Message: \nStacktrace:\n\tGetHandleVerifier [0x0x7ff722056f65+78965]\n\tGetHandleVerifier [0x0x7ff722056fc0+79056]\n\t(No symbol) [0x0x7ff721de9dda]\n\t(No symbol) [0x0x7ff721e402ea]\n\t(No symbol) [0x0x7ff721e4059c]\n\t(No symbol) [0x0x7ff721e93f37]\n\t(No symbol) [0x0x7ff721e686af]\n\t(No symbol) [0x0x7ff721e90dbe]\n\t(No symbol) [0x0x7ff721e68443]\n\t(No symbol) [0x0x7ff721e31311]\n\t(No symbol) [0x0x7ff721e320a3]\n\tGetHandleVerifier [0x0x7ff72230e26d+2926461]\n\tGetHandleVerifier [0x0x7ff722308993+2903715]\n\tGetHandleVerifier [0x0x7ff722326aed+3026941]\n\tGetHandleVerifier [0x0x7ff7220716fe+187406]\n\tGetHandleVerifier [0x0x7ff7220796ef+220159]\n\tGetHandleVerifier [0x0x7ff72205faf4+114692]\n\tGetHandleVerifier [0x0x7ff72205fca9+115129]\n\tGetHandleVerifier [0x0x7ff7220464d8+10728]\n\tBaseThreadInitThunk [0x0x7ffa14ef7374+20]\n\tRtlUserThreadStart [0x0x7ffa16b1cc91+33]","time":{"start":1770320684892,"stop":1770320697218,"duration":12326}}],"categories":[{"name":"Test defects","matchedStatuses":[]}],"tags":[]},"source":"dcabfd7f33c118df.json","parameterValues":[]}