{"uid":"de5141b81dfd15c8","name":"test_interfaceexecution_select2","fullName":"Tests.test_system.test_interfaceexecution.TestsInterfaceExecutionPage#test_interfaceexecution_select2","historyId":"3221970daf518bf1fdde1ae6d9d62560","time":{"start":1762468693897,"stop":1762468702058,"duration":8161},"status":"failed","statusMessage":"AssertionError: assert False\n +  where False = all(<generator object TestsInterfaceExecutionPage.test_interfaceexecution_select2.<locals>.<genexpr> at 0x0000027FDD6FAFF0>)","statusTrace":"self = <test_system.test_interfaceexecution.TestsInterfaceExecutionPage object at 0x0000027FDADC2860>, login_to_interfaceexecution = <selenium.webdriver.chrome.webdriver.WebDriver (session=\"0a08b4a8e92b7cc96865b26035565f24\")>\n\n    @allure.story(\"过滤条件查询，设置包含条件查询成功\")\n    # @pytest.mark.run(order=1)\n    def test_interfaceexecution_select2(self, login_to_interfaceexecution):\n        driver = login_to_interfaceexecution  # WebDriver 实例\n        interface = ImpPage(driver)  # 用 driver 初始化 ImpPage\n        interface.wait_for_loading_to_disappear()\n        name = \"1测试\"\n        interface.click_button('//div[p[text()=\"接口名称\"]]/following-sibling::div//i')\n        interface.hover(\"包含\")\n        sleep(1)\n        interface.select_input(name)\n        sleep(1)\n        eles = interface.finds_elements(By.XPATH, '//table[@class=\"vxe-table--body\"]//tr//td[3]')\n        sleep(1)\n        list_ = [ele.text for ele in eles]\n>       assert all(name in text for text in list_)\nE       assert False\nE        +  where False = all(<generator object TestsInterfaceExecutionPage.test_interfaceexecution_select2.<locals>.<genexpr> at 0x0000027FDD6FAFF0>)\n\nTests\\test_system\\test_interfaceexecution.py:177: AssertionError","flaky":false,"newFailed":false,"newBroken":false,"newPassed":false,"retriesCount":1,"retriesStatusChange":false,"beforeStages":[{"name":"login_to_interfaceexecution","time":{"start":1762468681367,"stop":1762468693897,"duration":12530},"status":"passed","steps":[],"attachments":[],"parameters":[],"stepsCount":0,"hasContent":false,"attachmentStep":false,"shouldDisplayMessage":false,"attachmentsCount":0}],"testStage":{"status":"failed","statusMessage":"AssertionError: assert False\n +  where False = all(<generator object TestsInterfaceExecutionPage.test_interfaceexecution_select2.<locals>.<genexpr> at 0x0000027FDD6FAFF0>)","statusTrace":"self = <test_system.test_interfaceexecution.TestsInterfaceExecutionPage object at 0x0000027FDADC2860>, login_to_interfaceexecution = <selenium.webdriver.chrome.webdriver.WebDriver (session=\"0a08b4a8e92b7cc96865b26035565f24\")>\n\n    @allure.story(\"过滤条件查询，设置包含条件查询成功\")\n    # @pytest.mark.run(order=1)\n    def test_interfaceexecution_select2(self, login_to_interfaceexecution):\n        driver = login_to_interfaceexecution  # WebDriver 实例\n        interface = ImpPage(driver)  # 用 driver 初始化 ImpPage\n        interface.wait_for_loading_to_disappear()\n        name = \"1测试\"\n        interface.click_button('//div[p[text()=\"接口名称\"]]/following-sibling::div//i')\n        interface.hover(\"包含\")\n        sleep(1)\n        interface.select_input(name)\n        sleep(1)\n        eles = interface.finds_elements(By.XPATH, '//table[@class=\"vxe-table--body\"]//tr//td[3]')\n        sleep(1)\n        list_ = [ele.text for ele in eles]\n>       assert all(name in text for text in list_)\nE       assert False\nE        +  where False = all(<generator object TestsInterfaceExecutionPage.test_interfaceexecution_select2.<locals>.<genexpr> at 0x0000027FDD6FAFF0>)\n\nTests\\test_system\\test_interfaceexecution.py:177: AssertionError","steps":[],"attachments":[{"uid":"c306e91b5442ce0","name":"test_interfaceexecution_select2_failure","source":"c306e91b5442ce0.png","type":"image/png","size":60599},{"uid":"5d13632b92f38fe2","name":"test_interfaceexecution_select2_source","source":"5d13632b92f38fe2.html","type":"text/html","size":1106925},{"uid":"b51ba75dec89e47f","name":"log","source":"b51ba75dec89e47f.txt","type":"text/plain","size":3283}],"parameters":[],"stepsCount":0,"hasContent":true,"attachmentStep":false,"shouldDisplayMessage":true,"attachmentsCount":3},"afterStages":[{"name":"login_to_interfaceexecution::0","time":{"start":1762468702202,"stop":1762468704346,"duration":2144},"status":"passed","steps":[],"attachments":[],"parameters":[],"stepsCount":0,"hasContent":false,"attachmentStep":false,"shouldDisplayMessage":false,"attachmentsCount":0}],"labels":[{"name":"story","value":"过滤条件查询，设置包含条件查询成功"},{"name":"feature","value":"接口执行页用例"},{"name":"parentSuite","value":"Tests.test_system"},{"name":"suite","value":"test_interfaceexecution"},{"name":"subSuite","value":"TestsInterfaceExecutionPage"},{"name":"host","value":"WIN-20240820MJV"},{"name":"thread","value":"24676-MainThread"},{"name":"framework","value":"pytest"},{"name":"language","value":"cpython3"},{"name":"package","value":"Tests.test_system.test_interfaceexecution"},{"name":"resultFormat","value":"allure2"}],"parameters":[],"links":[],"hidden":false,"retry":false,"extra":{"severity":"normal","retries":[{"uid":"2657e77d5de61469","status":"failed","statusDetails":"AssertionError: assert False\n +  where False = all(<generator object TestsInterfaceExecutionPage.test_interfaceexecution_select2.<locals>.<genexpr> at 0x0000027FDD6F8270>)","time":{"start":1762468670879,"stop":1762468679065,"duration":8186}}],"categories":[{"name":"Product defects","matchedStatuses":[]}],"tags":[]},"source":"de5141b81dfd15c8.json","parameterValues":[]}