{"uid":"e072e54c749639ff","name":"test_database_delfieldtable","fullName":"Tests.test_system.test_database.TestSDateBasePage#test_database_delfieldtable","historyId":"0f78e83760c9e751d169dd4976066ed1","time":{"start":1763074765551,"stop":1763074780310,"duration":14759},"status":"broken","statusMessage":"selenium.common.exceptions.TimeoutException: Message: 点击失败，找不到元素：xpath = (//table[@class=\"vxe-table--body\"])[1]//tr[1]/td[2]//span[text()=\"AAtest1\"]","statusTrace":"self = <Pages.systemPage.database_page.DateBasePage object at 0x0000025DC7876E00>, by_or_element = 'xpath', value = '(//table[@class=\"vxe-table--body\"])[1]//tr[1]/td[2]//span[text()=\"AAtest1\"]', wait_time = 10, retries = 2\n\n    def click(self, by_or_element, value=None, wait_time=10, retries=2):\n        \"\"\"\n        更稳健的点击方法：支持定位符或 WebElement，自动处理 stale 元素、点击拦截等问题。\n        \"\"\"\n        for attempt in range(retries):\n            try:\n                if value is not None:\n                    by = by_or_element\n                    logging.info(f\"点击元素：By = {by}, Value = {value}\")\n>                   element = WebDriverWait(self.driver, wait_time).until(\n                        EC.element_to_be_clickable((by, value))\n                    )\n\nPages\\base_page.py:49: \n_ _ _ _ _ _ _ _ _ _ _ _ _ _ _ _ _ _ _ _ _ _ _ _ _ _ _ _ _ _ _ _ _ _ _ _ _ _ _ _ _ _ _ _ _ _ _ _ _ _ _ _ _ _ _ _ _ _ _ _ _ _ _ _ _ _ _ _ _ _ _ _ _ _ _ _ _ _ _ _ _ _ _ _ _ _ _ _ _ _ _ _ _ _ _ _ _ _ _ _ _ _ _ _ _ _ _ _ _ _ _ _ _ _ _ _\n\nself = <selenium.webdriver.support.wait.WebDriverWait (session=\"d7f2ed2242c7f7918ad2c83acf8e72f4\")>, method = <function element_to_be_clickable.<locals>._predicate at 0x0000025DC44725F0>, message = ''\n\n    def until(self, method: Callable[[D], Union[Literal[False], T]], message: str = \"\") -> T:\n        \"\"\"Wait until the method returns a value that is not False.\n    \n        Calls the method provided with the driver as an argument until the\n        return value does not evaluate to ``False``.\n    \n        Parameters:\n        -----------\n        method: callable(WebDriver)\n            - A callable object that takes a WebDriver instance as an argument.\n    \n        message: str\n            - Optional message for :exc:`TimeoutException`\n    \n        Return:\n        -------\n        object: T\n            - The result of the last call to `method`\n    \n        Raises:\n        -------\n        TimeoutException\n            - If 'method' does not return a truthy value within the WebDriverWait\n            object's timeout\n    \n        Example:\n        --------\n        >>> from selenium.webdriver.common.by import By\n        >>> from selenium.webdriver.support.ui import WebDriverWait\n        >>> from selenium.webdriver.support import expected_conditions as EC\n    \n        # Wait until an element is visible on the page\n        >>> wait = WebDriverWait(driver, 10)\n        >>> element = wait.until(EC.visibility_of_element_located((By.ID, \"exampleId\")))\n        >>> print(element.text)\n        \"\"\"\n        screen = None\n        stacktrace = None\n    \n        end_time = time.monotonic() + self._timeout\n        while True:\n            try:\n                value = method(self._driver)\n                if value:\n                    return value\n            except self._ignored_exceptions as exc:\n                screen = getattr(exc, \"screen\", None)\n                stacktrace = getattr(exc, \"stacktrace\", None)\n            if time.monotonic() > end_time:\n                break\n            time.sleep(self._poll)\n>       raise TimeoutException(message, screen, stacktrace)\nE       selenium.common.exceptions.TimeoutException: Message: \nE       Stacktrace:\nE       \tGetHandleVerifier [0x0x7ff6784e6f65+78965]\nE       \tGetHandleVerifier [0x0x7ff6784e6fc0+79056]\nE       \t(No symbol) [0x0x7ff678279dda]\nE       \t(No symbol) [0x0x7ff6782d02ea]\nE       \t(No symbol) [0x0x7ff6782d059c]\nE       \t(No symbol) [0x0x7ff678323f37]\nE       \t(No symbol) [0x0x7ff6782f86af]\nE       \t(No symbol) [0x0x7ff678320dbe]\nE       \t(No symbol) [0x0x7ff6782f8443]\nE       \t(No symbol) [0x0x7ff6782c1311]\nE       \t(No symbol) [0x0x7ff6782c20a3]\nE       \tGetHandleVerifier [0x0x7ff67879e26d+2926461]\nE       \tGetHandleVerifier [0x0x7ff678798993+2903715]\nE       \tGetHandleVerifier [0x0x7ff6787b6aed+3026941]\nE       \tGetHandleVerifier [0x0x7ff6785016fe+187406]\nE       \tGetHandleVerifier [0x0x7ff6785096ef+220159]\nE       \tGetHandleVerifier [0x0x7ff6784efaf4+114692]\nE       \tGetHandleVerifier [0x0x7ff6784efca9+115129]\nE       \tGetHandleVerifier [0x0x7ff6784d64d8+10728]\nE       \tBaseThreadInitThunk [0x0x7ffdb4e97374+20]\nE       \tRtlUserThreadStart [0x0x7ffdb649cc91+33]\n\nmyenv\\lib\\site-packages\\selenium\\webdriver\\support\\wait.py:138: TimeoutException\n\nDuring handling of the above exception, another exception occurred:\n\nself = <test_system.test_database.TestSDateBasePage object at 0x0000025DC553A350>, login_to_database = <selenium.webdriver.chrome.webdriver.WebDriver (session=\"d7f2ed2242c7f7918ad2c83acf8e72f4\")>\n\n    @allure.story(\"删除表数据成功\")\n    # @pytest.mark.run(order=1)\n    def test_database_delfieldtable(self, login_to_database):\n        driver = login_to_database  # WebDriver 实例\n        data = DateBasePage(driver)  # 用 driver 初始化 DateBasePage\n        code = 'AAtest1'\n        sleep(2)\n        data.select_input_database(\"表代码\", code)\n        sleep(1.5)\n>       data.click_button(f'(//table[@class=\"vxe-table--body\"])[1]//tr[1]/td[2]//span[text()=\"{code}\"]')\n\nTests\\test_system\\test_database.py:372: \n_ _ _ _ _ _ _ _ _ _ _ _ _ _ _ _ _ _ _ _ _ _ _ _ _ _ _ _ _ _ _ _ _ _ _ _ _ _ _ _ _ _ _ _ _ _ _ _ _ _ _ _ _ _ _ _ _ _ _ _ _ _ _ _ _ _ _ _ _ _ _ _ _ _ _ _ _ _ _ _ _ _ _ _ _ _ _ _ _ _ _ _ _ _ _ _ _ _ _ _ _ _ _ _ _ _ _ _ _ _ _ _ _ _ _ _\nPages\\systemPage\\database_page.py:24: in click_button\n    self.click(By.XPATH, xpath)\n_ _ _ _ _ _ _ _ _ _ _ _ _ _ _ _ _ _ _ _ _ _ _ _ _ _ _ _ _ _ _ _ _ _ _ _ _ _ _ _ _ _ _ _ _ _ _ _ _ _ _ _ _ _ _ _ _ _ _ _ _ _ _ _ _ _ _ _ _ _ _ _ _ _ _ _ _ _ _ _ _ _ _ _ _ _ _ _ _ _ _ _ _ _ _ _ _ _ _ _ _ _ _ _ _ _ _ _ _ _ _ _ _ _ _ _\n\nself = <Pages.systemPage.database_page.DateBasePage object at 0x0000025DC7876E00>, by_or_element = 'xpath', value = '(//table[@class=\"vxe-table--body\"])[1]//tr[1]/td[2]//span[text()=\"AAtest1\"]', wait_time = 10, retries = 2\n\n    def click(self, by_or_element, value=None, wait_time=10, retries=2):\n        \"\"\"\n        更稳健的点击方法：支持定位符或 WebElement，自动处理 stale 元素、点击拦截等问题。\n        \"\"\"\n        for attempt in range(retries):\n            try:\n                if value is not None:\n                    by = by_or_element\n                    logging.info(f\"点击元素：By = {by}, Value = {value}\")\n                    element = WebDriverWait(self.driver, wait_time).until(\n                        EC.element_to_be_clickable((by, value))\n                    )\n                else:\n                    logging.info(\"点击元素：WebElement 对象\")\n                    element = by_or_element\n    \n                element.click()\n                logging.info(\"✅ 点击成功\")\n                return\n    \n            except ElementClickInterceptedException:\n                logging.warning(\"⚠️ 原生点击被拦截，尝试使用 JS 点击\")\n                try:\n                    self.driver.execute_script(\"arguments[0].click();\", element)\n                    logging.info(\"✅ JS 点击成功\")\n                    return\n                except Exception as js_error:\n                    logging.warning(f\"⚠️ JS 点击失败：{js_error}\")\n                    sleep(1)\n                    continue  # 下一轮重试\n    \n            except StaleElementReferenceException:\n                logging.warning(f\"⚠️ 第 {attempt + 1} 次点击失败：元素过期，尝试重新定位\")\n                sleep(1)\n                continue  # 下一轮重试时重新定位\n    \n            except TimeoutException:\n                logging.error(f\"❌ 元素未在 {wait_time} 秒内变为可点击\")\n>               raise TimeoutException(f\"点击失败，找不到元素：{by_or_element} = {value}\")\nE               selenium.common.exceptions.TimeoutException: Message: 点击失败，找不到元素：xpath = (//table[@class=\"vxe-table--body\"])[1]//tr[1]/td[2]//span[text()=\"AAtest1\"]\n\nPages\\base_page.py:78: TimeoutException","flaky":false,"newFailed":false,"newBroken":false,"newPassed":false,"retriesCount":1,"retriesStatusChange":true,"beforeStages":[{"name":"login_to_database","time":{"start":1763074752543,"stop":1763074765551,"duration":13008},"status":"passed","steps":[],"attachments":[],"parameters":[],"attachmentsCount":0,"shouldDisplayMessage":false,"stepsCount":0,"attachmentStep":false,"hasContent":false}],"testStage":{"status":"broken","statusMessage":"selenium.common.exceptions.TimeoutException: Message: 点击失败，找不到元素：xpath = (//table[@class=\"vxe-table--body\"])[1]//tr[1]/td[2]//span[text()=\"AAtest1\"]","statusTrace":"self = <Pages.systemPage.database_page.DateBasePage object at 0x0000025DC7876E00>, by_or_element = 'xpath', value = '(//table[@class=\"vxe-table--body\"])[1]//tr[1]/td[2]//span[text()=\"AAtest1\"]', wait_time = 10, retries = 2\n\n    def click(self, by_or_element, value=None, wait_time=10, retries=2):\n        \"\"\"\n        更稳健的点击方法：支持定位符或 WebElement，自动处理 stale 元素、点击拦截等问题。\n        \"\"\"\n        for attempt in range(retries):\n            try:\n                if value is not None:\n                    by = by_or_element\n                    logging.info(f\"点击元素：By = {by}, Value = {value}\")\n>                   element = WebDriverWait(self.driver, wait_time).until(\n                        EC.element_to_be_clickable((by, value))\n                    )\n\nPages\\base_page.py:49: \n_ _ _ _ _ _ _ _ _ _ _ _ _ _ _ _ _ _ _ _ _ _ _ _ _ _ _ _ _ _ _ _ _ _ _ _ _ _ _ _ _ _ _ _ _ _ _ _ _ _ _ _ _ _ _ _ _ _ _ _ _ _ _ _ _ _ _ _ _ _ _ _ _ _ _ _ _ _ _ _ _ _ _ _ _ _ _ _ _ _ _ _ _ _ _ _ _ _ _ _ _ _ _ _ _ _ _ _ _ _ _ _ _ _ _ _\n\nself = <selenium.webdriver.support.wait.WebDriverWait (session=\"d7f2ed2242c7f7918ad2c83acf8e72f4\")>, method = <function element_to_be_clickable.<locals>._predicate at 0x0000025DC44725F0>, message = ''\n\n    def until(self, method: Callable[[D], Union[Literal[False], T]], message: str = \"\") -> T:\n        \"\"\"Wait until the method returns a value that is not False.\n    \n        Calls the method provided with the driver as an argument until the\n        return value does not evaluate to ``False``.\n    \n        Parameters:\n        -----------\n        method: callable(WebDriver)\n            - A callable object that takes a WebDriver instance as an argument.\n    \n        message: str\n            - Optional message for :exc:`TimeoutException`\n    \n        Return:\n        -------\n        object: T\n            - The result of the last call to `method`\n    \n        Raises:\n        -------\n        TimeoutException\n            - If 'method' does not return a truthy value within the WebDriverWait\n            object's timeout\n    \n        Example:\n        --------\n        >>> from selenium.webdriver.common.by import By\n        >>> from selenium.webdriver.support.ui import WebDriverWait\n        >>> from selenium.webdriver.support import expected_conditions as EC\n    \n        # Wait until an element is visible on the page\n        >>> wait = WebDriverWait(driver, 10)\n        >>> element = wait.until(EC.visibility_of_element_located((By.ID, \"exampleId\")))\n        >>> print(element.text)\n        \"\"\"\n        screen = None\n        stacktrace = None\n    \n        end_time = time.monotonic() + self._timeout\n        while True:\n            try:\n                value = method(self._driver)\n                if value:\n                    return value\n            except self._ignored_exceptions as exc:\n                screen = getattr(exc, \"screen\", None)\n                stacktrace = getattr(exc, \"stacktrace\", None)\n            if time.monotonic() > end_time:\n                break\n            time.sleep(self._poll)\n>       raise TimeoutException(message, screen, stacktrace)\nE       selenium.common.exceptions.TimeoutException: Message: \nE       Stacktrace:\nE       \tGetHandleVerifier [0x0x7ff6784e6f65+78965]\nE       \tGetHandleVerifier [0x0x7ff6784e6fc0+79056]\nE       \t(No symbol) [0x0x7ff678279dda]\nE       \t(No symbol) [0x0x7ff6782d02ea]\nE       \t(No symbol) [0x0x7ff6782d059c]\nE       \t(No symbol) [0x0x7ff678323f37]\nE       \t(No symbol) [0x0x7ff6782f86af]\nE       \t(No symbol) [0x0x7ff678320dbe]\nE       \t(No symbol) [0x0x7ff6782f8443]\nE       \t(No symbol) [0x0x7ff6782c1311]\nE       \t(No symbol) [0x0x7ff6782c20a3]\nE       \tGetHandleVerifier [0x0x7ff67879e26d+2926461]\nE       \tGetHandleVerifier [0x0x7ff678798993+2903715]\nE       \tGetHandleVerifier [0x0x7ff6787b6aed+3026941]\nE       \tGetHandleVerifier [0x0x7ff6785016fe+187406]\nE       \tGetHandleVerifier [0x0x7ff6785096ef+220159]\nE       \tGetHandleVerifier [0x0x7ff6784efaf4+114692]\nE       \tGetHandleVerifier [0x0x7ff6784efca9+115129]\nE       \tGetHandleVerifier [0x0x7ff6784d64d8+10728]\nE       \tBaseThreadInitThunk [0x0x7ffdb4e97374+20]\nE       \tRtlUserThreadStart [0x0x7ffdb649cc91+33]\n\nmyenv\\lib\\site-packages\\selenium\\webdriver\\support\\wait.py:138: TimeoutException\n\nDuring handling of the above exception, another exception occurred:\n\nself = <test_system.test_database.TestSDateBasePage object at 0x0000025DC553A350>, login_to_database = <selenium.webdriver.chrome.webdriver.WebDriver (session=\"d7f2ed2242c7f7918ad2c83acf8e72f4\")>\n\n    @allure.story(\"删除表数据成功\")\n    # @pytest.mark.run(order=1)\n    def test_database_delfieldtable(self, login_to_database):\n        driver = login_to_database  # WebDriver 实例\n        data = DateBasePage(driver)  # 用 driver 初始化 DateBasePage\n        code = 'AAtest1'\n        sleep(2)\n        data.select_input_database(\"表代码\", code)\n        sleep(1.5)\n>       data.click_button(f'(//table[@class=\"vxe-table--body\"])[1]//tr[1]/td[2]//span[text()=\"{code}\"]')\n\nTests\\test_system\\test_database.py:372: \n_ _ _ _ _ _ _ _ _ _ _ _ _ _ _ _ _ _ _ _ _ _ _ _ _ _ _ _ _ _ _ _ _ _ _ _ _ _ _ _ _ _ _ _ _ _ _ _ _ _ _ _ _ _ _ _ _ _ _ _ _ _ _ _ _ _ _ _ _ _ _ _ _ _ _ _ _ _ _ _ _ _ _ _ _ _ _ _ _ _ _ _ _ _ _ _ _ _ _ _ _ _ _ _ _ _ _ _ _ _ _ _ _ _ _ _\nPages\\systemPage\\database_page.py:24: in click_button\n    self.click(By.XPATH, xpath)\n_ _ _ _ _ _ _ _ _ _ _ _ _ _ _ _ _ _ _ _ _ _ _ _ _ _ _ _ _ _ _ _ _ _ _ _ _ _ _ _ _ _ _ _ _ _ _ _ _ _ _ _ _ _ _ _ _ _ _ _ _ _ _ _ _ _ _ _ _ _ _ _ _ _ _ _ _ _ _ _ _ _ _ _ _ _ _ _ _ _ _ _ _ _ _ _ _ _ _ _ _ _ _ _ _ _ _ _ _ _ _ _ _ _ _ _\n\nself = <Pages.systemPage.database_page.DateBasePage object at 0x0000025DC7876E00>, by_or_element = 'xpath', value = '(//table[@class=\"vxe-table--body\"])[1]//tr[1]/td[2]//span[text()=\"AAtest1\"]', wait_time = 10, retries = 2\n\n    def click(self, by_or_element, value=None, wait_time=10, retries=2):\n        \"\"\"\n        更稳健的点击方法：支持定位符或 WebElement，自动处理 stale 元素、点击拦截等问题。\n        \"\"\"\n        for attempt in range(retries):\n            try:\n                if value is not None:\n                    by = by_or_element\n                    logging.info(f\"点击元素：By = {by}, Value = {value}\")\n                    element = WebDriverWait(self.driver, wait_time).until(\n                        EC.element_to_be_clickable((by, value))\n                    )\n                else:\n                    logging.info(\"点击元素：WebElement 对象\")\n                    element = by_or_element\n    \n                element.click()\n                logging.info(\"✅ 点击成功\")\n                return\n    \n            except ElementClickInterceptedException:\n                logging.warning(\"⚠️ 原生点击被拦截，尝试使用 JS 点击\")\n                try:\n                    self.driver.execute_script(\"arguments[0].click();\", element)\n                    logging.info(\"✅ JS 点击成功\")\n                    return\n                except Exception as js_error:\n                    logging.warning(f\"⚠️ JS 点击失败：{js_error}\")\n                    sleep(1)\n                    continue  # 下一轮重试\n    \n            except StaleElementReferenceException:\n                logging.warning(f\"⚠️ 第 {attempt + 1} 次点击失败：元素过期，尝试重新定位\")\n                sleep(1)\n                continue  # 下一轮重试时重新定位\n    \n            except TimeoutException:\n                logging.error(f\"❌ 元素未在 {wait_time} 秒内变为可点击\")\n>               raise TimeoutException(f\"点击失败，找不到元素：{by_or_element} = {value}\")\nE               selenium.common.exceptions.TimeoutException: Message: 点击失败，找不到元素：xpath = (//table[@class=\"vxe-table--body\"])[1]//tr[1]/td[2]//span[text()=\"AAtest1\"]\n\nPages\\base_page.py:78: TimeoutException","steps":[],"attachments":[{"uid":"a4a77cbc65446597","name":"test_database_delfieldtable_failure","source":"a4a77cbc65446597.png","type":"image/png","size":99153},{"uid":"10c1279949ead1f8","name":"test_database_delfieldtable_source","source":"10c1279949ead1f8.html","type":"text/html","size":1430054},{"uid":"7214626d23899c36","name":"log","source":"7214626d23899c36.txt","type":"text/plain","size":3530}],"parameters":[],"attachmentsCount":3,"shouldDisplayMessage":true,"stepsCount":0,"attachmentStep":false,"hasContent":true},"afterStages":[{"name":"login_to_database::0","time":{"start":1763074780533,"stop":1763074782683,"duration":2150},"status":"passed","steps":[],"attachments":[],"parameters":[],"attachmentsCount":0,"shouldDisplayMessage":false,"stepsCount":0,"attachmentStep":false,"hasContent":false}],"labels":[{"name":"feature","value":"数据库维护页用例"},{"name":"story","value":"删除表数据成功"},{"name":"parentSuite","value":"Tests.test_system"},{"name":"suite","value":"test_database"},{"name":"subSuite","value":"TestSDateBasePage"},{"name":"host","value":"WIN-20240820MJV"},{"name":"thread","value":"22584-MainThread"},{"name":"framework","value":"pytest"},{"name":"language","value":"cpython3"},{"name":"package","value":"Tests.test_system.test_database"},{"name":"resultFormat","value":"allure2"}],"parameters":[],"links":[],"hidden":false,"retry":false,"extra":{"severity":"normal","retries":[{"uid":"e05be812834572d9","status":"failed","statusDetails":"AssertionError: assert '删除成功！' == '删除成功'\n  \n  \u001B[0m\u001B[91m- 删除成功\u001B[39;49;00m\u001B[90m\u001B[39;49;00m\n  \u001B[92m+ 删除成功！\u001B[39;49;00m\u001B[90m\u001B[39;49;00m\n  ?     +\u001B[90m\u001B[39;49;00m","time":{"start":1763074739180,"stop":1763074750177,"duration":10997}}],"categories":[{"name":"Test defects","matchedStatuses":[]}],"tags":[]},"source":"e072e54c749639ff.json","parameterValues":[]}