{"uid":"e2af7026e91d2440","name":"test_coverage_shift","fullName":"Tests.test_items.test_coverage.TestCoveragePage#test_coverage_shift","historyId":"ef640c44416bec6f6b64318206d45ddb","time":{"start":1768307238305,"stop":1768307248486,"duration":10181},"status":"broken","statusMessage":"selenium.common.exceptions.TimeoutException: Message: \nStacktrace:\n\tGetHandleVerifier [0x0x7ff732cc6f65+78965]\n\tGetHandleVerifier [0x0x7ff732cc6fc0+79056]\n\t(No symbol) [0x0x7ff732a59dda]\n\t(No symbol) [0x0x7ff732ab02ea]\n\t(No symbol) [0x0x7ff732ab059c]\n\t(No symbol) [0x0x7ff732b03f37]\n\t(No symbol) [0x0x7ff732ad86af]\n\t(No symbol) [0x0x7ff732b00dbe]\n\t(No symbol) [0x0x7ff732ad8443]\n\t(No symbol) [0x0x7ff732aa1311]\n\t(No symbol) [0x0x7ff732aa20a3]\n\tGetHandleVerifier [0x0x7ff732f7e26d+2926461]\n\tGetHandleVerifier [0x0x7ff732f78993+2903715]\n\tGetHandleVerifier [0x0x7ff732f96aed+3026941]\n\tGetHandleVerifier [0x0x7ff732ce16fe+187406]\n\tGetHandleVerifier [0x0x7ff732ce96ef+220159]\n\tGetHandleVerifier [0x0x7ff732ccfaf4+114692]\n\tGetHandleVerifier [0x0x7ff732ccfca9+115129]\n\tGetHandleVerifier [0x0x7ff732cb64d8+10728]\n\tBaseThreadInitThunk [0x0x7ff90e507374+20]\n\tRtlUserThreadStart [0x0x7ff91019cc91+33]","statusTrace":"self = <test_items.test_coverage.TestCoveragePage object at 0x000001C8190CCC40>, login_to_coverage = <selenium.webdriver.chrome.webdriver.WebDriver (session=\"2f2d15d09d63bd4936d0810662b5fc26\")>\n\n    @allure.story(\"模拟Shift+点击可多选ctrl+i添加\")\n    # @pytest.mark.run(order=1)\n    def test_coverage_shift(self, login_to_coverage):\n        driver = login_to_coverage  # WebDriver 实例\n        coverage = Coverage(driver)  # 用 driver 初始化 Coverage\n        elements = ['(//table[@class=\"vxe-table--body\"]//tr[1]//td[1])[2]',\n                    '(//table[@class=\"vxe-table--body\"]//tr[2]//td[1])[2]']\n        coverage.click_button(elements[0])\n        # 第二个单元格 Shift+点击（选择范围）\n>       cell2 = coverage.get_find_element_xpath(elements[1])\n\nTests\\test_items\\test_coverage.py:1075: \n_ _ _ _ _ _ _ _ _ _ _ _ _ _ _ _ _ _ _ _ _ _ _ _ _ _ _ _ _ _ _ _ _ _ _ _ _ _ _ _ _ _ _ _ _ _ _ _ _ _ _ _ _ _ _ _ _ _ _ _ _ _ _ _ _ _ _ _ _ _ _ _ _ _ _ _ _ _ _ _ _ _ _ _ _ _ _ _ _ _ _ _ _ _ _ _ _ _ _ _ _ _ _ _ _ _ _ _ _ _ _ _ _ _ _ _\nPages\\itemsPage\\coverage_page.py:47: in get_find_element_xpath\n    return self.find_element(By.XPATH, xpath)\nPages\\base_page.py:28: in find_element\n    return WebDriverWait(self.driver, wait_time).until(\n_ _ _ _ _ _ _ _ _ _ _ _ _ _ _ _ _ _ _ _ _ _ _ _ _ _ _ _ _ _ _ _ _ _ _ _ _ _ _ _ _ _ _ _ _ _ _ _ _ _ _ _ _ _ _ _ _ _ _ _ _ _ _ _ _ _ _ _ _ _ _ _ _ _ _ _ _ _ _ _ _ _ _ _ _ _ _ _ _ _ _ _ _ _ _ _ _ _ _ _ _ _ _ _ _ _ _ _ _ _ _ _ _ _ _ _\n\nself = <selenium.webdriver.support.wait.WebDriverWait (session=\"2f2d15d09d63bd4936d0810662b5fc26\")>, method = <function presence_of_element_located.<locals>._predicate at 0x000001C819EDAB90>, message = ''\n\n    def until(self, method: Callable[[D], Union[Literal[False], T]], message: str = \"\") -> T:\n        \"\"\"Wait until the method returns a value that is not False.\n    \n        Calls the method provided with the driver as an argument until the\n        return value does not evaluate to ``False``.\n    \n        Parameters:\n        -----------\n        method: callable(WebDriver)\n            - A callable object that takes a WebDriver instance as an argument.\n    \n        message: str\n            - Optional message for :exc:`TimeoutException`\n    \n        Return:\n        -------\n        object: T\n            - The result of the last call to `method`\n    \n        Raises:\n        -------\n        TimeoutException\n            - If 'method' does not return a truthy value within the WebDriverWait\n            object's timeout\n    \n        Example:\n        --------\n        >>> from selenium.webdriver.common.by import By\n        >>> from selenium.webdriver.support.ui import WebDriverWait\n        >>> from selenium.webdriver.support import expected_conditions as EC\n    \n        # Wait until an element is visible on the page\n        >>> wait = WebDriverWait(driver, 10)\n        >>> element = wait.until(EC.visibility_of_element_located((By.ID, \"exampleId\")))\n        >>> print(element.text)\n        \"\"\"\n        screen = None\n        stacktrace = None\n    \n        end_time = time.monotonic() + self._timeout\n        while True:\n            try:\n                value = method(self._driver)\n                if value:\n                    return value\n            except self._ignored_exceptions as exc:\n                screen = getattr(exc, \"screen\", None)\n                stacktrace = getattr(exc, \"stacktrace\", None)\n            if time.monotonic() > end_time:\n                break\n            time.sleep(self._poll)\n>       raise TimeoutException(message, screen, stacktrace)\nE       selenium.common.exceptions.TimeoutException: Message: \nE       Stacktrace:\nE       \tGetHandleVerifier [0x0x7ff732cc6f65+78965]\nE       \tGetHandleVerifier [0x0x7ff732cc6fc0+79056]\nE       \t(No symbol) [0x0x7ff732a59dda]\nE       \t(No symbol) [0x0x7ff732ab02ea]\nE       \t(No symbol) [0x0x7ff732ab059c]\nE       \t(No symbol) [0x0x7ff732b03f37]\nE       \t(No symbol) [0x0x7ff732ad86af]\nE       \t(No symbol) [0x0x7ff732b00dbe]\nE       \t(No symbol) [0x0x7ff732ad8443]\nE       \t(No symbol) [0x0x7ff732aa1311]\nE       \t(No symbol) [0x0x7ff732aa20a3]\nE       \tGetHandleVerifier [0x0x7ff732f7e26d+2926461]\nE       \tGetHandleVerifier [0x0x7ff732f78993+2903715]\nE       \tGetHandleVerifier [0x0x7ff732f96aed+3026941]\nE       \tGetHandleVerifier [0x0x7ff732ce16fe+187406]\nE       \tGetHandleVerifier [0x0x7ff732ce96ef+220159]\nE       \tGetHandleVerifier [0x0x7ff732ccfaf4+114692]\nE       \tGetHandleVerifier [0x0x7ff732ccfca9+115129]\nE       \tGetHandleVerifier [0x0x7ff732cb64d8+10728]\nE       \tBaseThreadInitThunk [0x0x7ff90e507374+20]\nE       \tRtlUserThreadStart [0x0x7ff91019cc91+33]\n\nmyenv\\lib\\site-packages\\selenium\\webdriver\\support\\wait.py:138: TimeoutException","flaky":false,"newFailed":false,"newBroken":false,"newPassed":false,"retriesCount":0,"retriesStatusChange":false,"beforeStages":[{"name":"login_to_coverage","time":{"start":1768306868600,"stop":1768306888859,"duration":20259},"status":"passed","steps":[],"attachments":[],"parameters":[],"stepsCount":0,"hasContent":false,"attachmentStep":false,"shouldDisplayMessage":false,"attachmentsCount":0}],"testStage":{"status":"broken","statusMessage":"selenium.common.exceptions.TimeoutException: Message: \nStacktrace:\n\tGetHandleVerifier [0x0x7ff732cc6f65+78965]\n\tGetHandleVerifier [0x0x7ff732cc6fc0+79056]\n\t(No symbol) [0x0x7ff732a59dda]\n\t(No symbol) [0x0x7ff732ab02ea]\n\t(No symbol) [0x0x7ff732ab059c]\n\t(No symbol) [0x0x7ff732b03f37]\n\t(No symbol) [0x0x7ff732ad86af]\n\t(No symbol) [0x0x7ff732b00dbe]\n\t(No symbol) [0x0x7ff732ad8443]\n\t(No symbol) [0x0x7ff732aa1311]\n\t(No symbol) [0x0x7ff732aa20a3]\n\tGetHandleVerifier [0x0x7ff732f7e26d+2926461]\n\tGetHandleVerifier [0x0x7ff732f78993+2903715]\n\tGetHandleVerifier [0x0x7ff732f96aed+3026941]\n\tGetHandleVerifier [0x0x7ff732ce16fe+187406]\n\tGetHandleVerifier [0x0x7ff732ce96ef+220159]\n\tGetHandleVerifier [0x0x7ff732ccfaf4+114692]\n\tGetHandleVerifier [0x0x7ff732ccfca9+115129]\n\tGetHandleVerifier [0x0x7ff732cb64d8+10728]\n\tBaseThreadInitThunk [0x0x7ff90e507374+20]\n\tRtlUserThreadStart [0x0x7ff91019cc91+33]","statusTrace":"self = <test_items.test_coverage.TestCoveragePage object at 0x000001C8190CCC40>, login_to_coverage = <selenium.webdriver.chrome.webdriver.WebDriver (session=\"2f2d15d09d63bd4936d0810662b5fc26\")>\n\n    @allure.story(\"模拟Shift+点击可多选ctrl+i添加\")\n    # @pytest.mark.run(order=1)\n    def test_coverage_shift(self, login_to_coverage):\n        driver = login_to_coverage  # WebDriver 实例\n        coverage = Coverage(driver)  # 用 driver 初始化 Coverage\n        elements = ['(//table[@class=\"vxe-table--body\"]//tr[1]//td[1])[2]',\n                    '(//table[@class=\"vxe-table--body\"]//tr[2]//td[1])[2]']\n        coverage.click_button(elements[0])\n        # 第二个单元格 Shift+点击（选择范围）\n>       cell2 = coverage.get_find_element_xpath(elements[1])\n\nTests\\test_items\\test_coverage.py:1075: \n_ _ _ _ _ _ _ _ _ _ _ _ _ _ _ _ _ _ _ _ _ _ _ _ _ _ _ _ _ _ _ _ _ _ _ _ _ _ _ _ _ _ _ _ _ _ _ _ _ _ _ _ _ _ _ _ _ _ _ _ _ _ _ _ _ _ _ _ _ _ _ _ _ _ _ _ _ _ _ _ _ _ _ _ _ _ _ _ _ _ _ _ _ _ _ _ _ _ _ _ _ _ _ _ _ _ _ _ _ _ _ _ _ _ _ _\nPages\\itemsPage\\coverage_page.py:47: in get_find_element_xpath\n    return self.find_element(By.XPATH, xpath)\nPages\\base_page.py:28: in find_element\n    return WebDriverWait(self.driver, wait_time).until(\n_ _ _ _ _ _ _ _ _ _ _ _ _ _ _ _ _ _ _ _ _ _ _ _ _ _ _ _ _ _ _ _ _ _ _ _ _ _ _ _ _ _ _ _ _ _ _ _ _ _ _ _ _ _ _ _ _ _ _ _ _ _ _ _ _ _ _ _ _ _ _ _ _ _ _ _ _ _ _ _ _ _ _ _ _ _ _ _ _ _ _ _ _ _ _ _ _ _ _ _ _ _ _ _ _ _ _ _ _ _ _ _ _ _ _ _\n\nself = <selenium.webdriver.support.wait.WebDriverWait (session=\"2f2d15d09d63bd4936d0810662b5fc26\")>, method = <function presence_of_element_located.<locals>._predicate at 0x000001C819EDAB90>, message = ''\n\n    def until(self, method: Callable[[D], Union[Literal[False], T]], message: str = \"\") -> T:\n        \"\"\"Wait until the method returns a value that is not False.\n    \n        Calls the method provided with the driver as an argument until the\n        return value does not evaluate to ``False``.\n    \n        Parameters:\n        -----------\n        method: callable(WebDriver)\n            - A callable object that takes a WebDriver instance as an argument.\n    \n        message: str\n            - Optional message for :exc:`TimeoutException`\n    \n        Return:\n        -------\n        object: T\n            - The result of the last call to `method`\n    \n        Raises:\n        -------\n        TimeoutException\n            - If 'method' does not return a truthy value within the WebDriverWait\n            object's timeout\n    \n        Example:\n        --------\n        >>> from selenium.webdriver.common.by import By\n        >>> from selenium.webdriver.support.ui import WebDriverWait\n        >>> from selenium.webdriver.support import expected_conditions as EC\n    \n        # Wait until an element is visible on the page\n        >>> wait = WebDriverWait(driver, 10)\n        >>> element = wait.until(EC.visibility_of_element_located((By.ID, \"exampleId\")))\n        >>> print(element.text)\n        \"\"\"\n        screen = None\n        stacktrace = None\n    \n        end_time = time.monotonic() + self._timeout\n        while True:\n            try:\n                value = method(self._driver)\n                if value:\n                    return value\n            except self._ignored_exceptions as exc:\n                screen = getattr(exc, \"screen\", None)\n                stacktrace = getattr(exc, \"stacktrace\", None)\n            if time.monotonic() > end_time:\n                break\n            time.sleep(self._poll)\n>       raise TimeoutException(message, screen, stacktrace)\nE       selenium.common.exceptions.TimeoutException: Message: \nE       Stacktrace:\nE       \tGetHandleVerifier [0x0x7ff732cc6f65+78965]\nE       \tGetHandleVerifier [0x0x7ff732cc6fc0+79056]\nE       \t(No symbol) [0x0x7ff732a59dda]\nE       \t(No symbol) [0x0x7ff732ab02ea]\nE       \t(No symbol) [0x0x7ff732ab059c]\nE       \t(No symbol) [0x0x7ff732b03f37]\nE       \t(No symbol) [0x0x7ff732ad86af]\nE       \t(No symbol) [0x0x7ff732b00dbe]\nE       \t(No symbol) [0x0x7ff732ad8443]\nE       \t(No symbol) [0x0x7ff732aa1311]\nE       \t(No symbol) [0x0x7ff732aa20a3]\nE       \tGetHandleVerifier [0x0x7ff732f7e26d+2926461]\nE       \tGetHandleVerifier [0x0x7ff732f78993+2903715]\nE       \tGetHandleVerifier [0x0x7ff732f96aed+3026941]\nE       \tGetHandleVerifier [0x0x7ff732ce16fe+187406]\nE       \tGetHandleVerifier [0x0x7ff732ce96ef+220159]\nE       \tGetHandleVerifier [0x0x7ff732ccfaf4+114692]\nE       \tGetHandleVerifier [0x0x7ff732ccfca9+115129]\nE       \tGetHandleVerifier [0x0x7ff732cb64d8+10728]\nE       \tBaseThreadInitThunk [0x0x7ff90e507374+20]\nE       \tRtlUserThreadStart [0x0x7ff91019cc91+33]\n\nmyenv\\lib\\site-packages\\selenium\\webdriver\\support\\wait.py:138: TimeoutException","steps":[],"attachments":[{"uid":"e981c7ba655f1266","name":"test_coverage_shift_20260113_202728","source":"e981c7ba655f1266.png","type":"image/png","size":69566},{"uid":"fa5af7c0db71c37c","name":"log","source":"fa5af7c0db71c37c.txt","type":"text/plain","size":438}],"parameters":[],"stepsCount":0,"hasContent":true,"attachmentStep":false,"shouldDisplayMessage":true,"attachmentsCount":2},"afterStages":[{"name":"login_to_coverage::0","time":{"start":1768307323332,"stop":1768307325518,"duration":2186},"status":"passed","steps":[],"attachments":[],"parameters":[],"stepsCount":0,"hasContent":false,"attachmentStep":false,"shouldDisplayMessage":false,"attachmentsCount":0}],"labels":[{"name":"story","value":"模拟Shift+点击可多选ctrl+i添加"},{"name":"feature","value":"覆盖日历表测试用例"},{"name":"parentSuite","value":"Tests.test_items"},{"name":"suite","value":"test_coverage"},{"name":"subSuite","value":"TestCoveragePage"},{"name":"host","value":"WIN-20240820MJV"},{"name":"thread","value":"33200-MainThread"},{"name":"framework","value":"pytest"},{"name":"language","value":"cpython3"},{"name":"package","value":"Tests.test_items.test_coverage"},{"name":"resultFormat","value":"allure2"}],"parameters":[],"links":[],"hidden":true,"retry":true,"extra":{"categories":[],"tags":[]},"source":"e2af7026e91d2440.json","parameterValues":[]}