{"uid":"e38100ae258d299a","name":"test_materialplan_success","fullName":"Tests.test_material.test_materialplan.TestMaterialPlanPage#test_materialplan_success","historyId":"d9d83b70188dee25ffb1449f120b16bd","time":{"start":1764270682092,"stop":1764270748805,"duration":66713},"status":"broken","statusMessage":"selenium.common.exceptions.TimeoutException: Message: \nStacktrace:\n\tGetHandleVerifier [0x0x7ff637c36f65+78965]\n\tGetHandleVerifier [0x0x7ff637c36fc0+79056]\n\t(No symbol) [0x0x7ff6379c9dda]\n\t(No symbol) [0x0x7ff637a202ea]\n\t(No symbol) [0x0x7ff637a2059c]\n\t(No symbol) [0x0x7ff637a73f37]\n\t(No symbol) [0x0x7ff637a486af]\n\t(No symbol) [0x0x7ff637a70dbe]\n\t(No symbol) [0x0x7ff637a48443]\n\t(No symbol) [0x0x7ff637a11311]\n\t(No symbol) [0x0x7ff637a120a3]\n\tGetHandleVerifier [0x0x7ff637eee26d+2926461]\n\tGetHandleVerifier [0x0x7ff637ee8993+2903715]\n\tGetHandleVerifier [0x0x7ff637f06aed+3026941]\n\tGetHandleVerifier [0x0x7ff637c516fe+187406]\n\tGetHandleVerifier [0x0x7ff637c596ef+220159]\n\tGetHandleVerifier [0x0x7ff637c3faf4+114692]\n\tGetHandleVerifier [0x0x7ff637c3fca9+115129]\n\tGetHandleVerifier [0x0x7ff637c264d8+10728]\n\tBaseThreadInitThunk [0x0x7ffd261d7374+20]\n\tRtlUserThreadStart [0x0x7ffd2797cc91+33]","statusTrace":"self = <test_material.test_materialplan.TestMaterialPlanPage object at 0x000001DE7D41D5A0>, login_to_materialplan = <selenium.webdriver.chrome.webdriver.WebDriver (session=\"eabe8e126410f62b53b595e9fccdfb48\")>\n\n    @allure.story(\"执行成功\")\n    # @pytest.mark.run(order=1)\n    def test_materialplan_success(self, login_to_materialplan):\n        driver = login_to_materialplan\n        plan = PlanPage(driver)\n        wait = WebDriverWait(driver, 60)\n    \n        # 等待 el-loading-spinner 消失\n        WebDriverWait(driver, 10).until(\n            EC.invisibility_of_element_located((By.CLASS_NAME, \"el-loading-spinner\"))\n        )\n        target = WebDriverWait(driver, 10).until(\n            EC.element_to_be_clickable((By.XPATH, '//div[@class=\"vue-treeselect__control-arrow-container\"]'))\n        )\n        sleep(3)\n        target.click()\n    \n        # 等待第一个方案标签可点击后点击选择\n        first_option = wait.until(\n            EC.element_to_be_clickable(\n                (\n                    By.XPATH,\n                    '//div[@class=\"vue-treeselect__list\"]/div[1]',\n                )\n            )\n        )\n        first_option.click()\n    \n        # 执行计划\n        plan.click_plan()\n        # 等待“完成”的文本出现\n        success_element1 = wait.until(\n            EC.presence_of_element_located(\n                (By.XPATH, '(//div[@class=\"d-flex\"])[1]/p[text()=\" 完成 \"]')\n            )\n        )\n    \n        # 等待“完成”的文本出现\n>       success_element3 = wait.until(\n            EC.presence_of_element_located(\n                (By.XPATH, '(//div[@class=\"d-flex\"])[3]/p[text()=\" 完成 \"]')\n            )\n        )\n\nTests\\test_material\\test_materialplan.py:118: \n_ _ _ _ _ _ _ _ _ _ _ _ _ _ _ _ _ _ _ _ _ _ _ _ _ _ _ _ _ _ _ _ _ _ _ _ _ _ _ _ _ _ _ _ _ _ _ _ _ _ _ _ _ _ _ _ _ _ _ _ _ _ _ _ _ _ _ _ _ _ _ _ _ _ _ _ _ _ _ _ _ _ _ _ _ _ _ _ _ _ _ _ _ _ _ _ _ _ _ _ _ _ _ _ _ _ _ _ _ _ _ _ _ _ _ _\n\nself = <selenium.webdriver.support.wait.WebDriverWait (session=\"eabe8e126410f62b53b595e9fccdfb48\")>, method = <function presence_of_element_located.<locals>._predicate at 0x000001DE004DD900>, message = ''\n\n    def until(self, method: Callable[[D], Union[Literal[False], T]], message: str = \"\") -> T:\n        \"\"\"Wait until the method returns a value that is not False.\n    \n        Calls the method provided with the driver as an argument until the\n        return value does not evaluate to ``False``.\n    \n        Parameters:\n        -----------\n        method: callable(WebDriver)\n            - A callable object that takes a WebDriver instance as an argument.\n    \n        message: str\n            - Optional message for :exc:`TimeoutException`\n    \n        Return:\n        -------\n        object: T\n            - The result of the last call to `method`\n    \n        Raises:\n        -------\n        TimeoutException\n            - If 'method' does not return a truthy value within the WebDriverWait\n            object's timeout\n    \n        Example:\n        --------\n        >>> from selenium.webdriver.common.by import By\n        >>> from selenium.webdriver.support.ui import WebDriverWait\n        >>> from selenium.webdriver.support import expected_conditions as EC\n    \n        # Wait until an element is visible on the page\n        >>> wait = WebDriverWait(driver, 10)\n        >>> element = wait.until(EC.visibility_of_element_located((By.ID, \"exampleId\")))\n        >>> print(element.text)\n        \"\"\"\n        screen = None\n        stacktrace = None\n    \n        end_time = time.monotonic() + self._timeout\n        while True:\n            try:\n                value = method(self._driver)\n                if value:\n                    return value\n            except self._ignored_exceptions as exc:\n                screen = getattr(exc, \"screen\", None)\n                stacktrace = getattr(exc, \"stacktrace\", None)\n            if time.monotonic() > end_time:\n                break\n            time.sleep(self._poll)\n>       raise TimeoutException(message, screen, stacktrace)\nE       selenium.common.exceptions.TimeoutException: Message: \nE       Stacktrace:\nE       \tGetHandleVerifier [0x0x7ff637c36f65+78965]\nE       \tGetHandleVerifier [0x0x7ff637c36fc0+79056]\nE       \t(No symbol) [0x0x7ff6379c9dda]\nE       \t(No symbol) [0x0x7ff637a202ea]\nE       \t(No symbol) [0x0x7ff637a2059c]\nE       \t(No symbol) [0x0x7ff637a73f37]\nE       \t(No symbol) [0x0x7ff637a486af]\nE       \t(No symbol) [0x0x7ff637a70dbe]\nE       \t(No symbol) [0x0x7ff637a48443]\nE       \t(No symbol) [0x0x7ff637a11311]\nE       \t(No symbol) [0x0x7ff637a120a3]\nE       \tGetHandleVerifier [0x0x7ff637eee26d+2926461]\nE       \tGetHandleVerifier [0x0x7ff637ee8993+2903715]\nE       \tGetHandleVerifier [0x0x7ff637f06aed+3026941]\nE       \tGetHandleVerifier [0x0x7ff637c516fe+187406]\nE       \tGetHandleVerifier [0x0x7ff637c596ef+220159]\nE       \tGetHandleVerifier [0x0x7ff637c3faf4+114692]\nE       \tGetHandleVerifier [0x0x7ff637c3fca9+115129]\nE       \tGetHandleVerifier [0x0x7ff637c264d8+10728]\nE       \tBaseThreadInitThunk [0x0x7ffd261d7374+20]\nE       \tRtlUserThreadStart [0x0x7ffd2797cc91+33]\n\nmyenv\\lib\\site-packages\\selenium\\webdriver\\support\\wait.py:138: TimeoutException","flaky":false,"newFailed":false,"newBroken":false,"newPassed":false,"retriesCount":1,"retriesStatusChange":false,"beforeStages":[{"name":"login_to_materialplan","time":{"start":1764270669242,"stop":1764270682091,"duration":12849},"status":"passed","steps":[],"attachments":[],"parameters":[],"shouldDisplayMessage":false,"attachmentsCount":0,"stepsCount":0,"attachmentStep":false,"hasContent":false}],"testStage":{"status":"broken","statusMessage":"selenium.common.exceptions.TimeoutException: Message: \nStacktrace:\n\tGetHandleVerifier [0x0x7ff637c36f65+78965]\n\tGetHandleVerifier [0x0x7ff637c36fc0+79056]\n\t(No symbol) [0x0x7ff6379c9dda]\n\t(No symbol) [0x0x7ff637a202ea]\n\t(No symbol) [0x0x7ff637a2059c]\n\t(No symbol) [0x0x7ff637a73f37]\n\t(No symbol) [0x0x7ff637a486af]\n\t(No symbol) [0x0x7ff637a70dbe]\n\t(No symbol) [0x0x7ff637a48443]\n\t(No symbol) [0x0x7ff637a11311]\n\t(No symbol) [0x0x7ff637a120a3]\n\tGetHandleVerifier [0x0x7ff637eee26d+2926461]\n\tGetHandleVerifier [0x0x7ff637ee8993+2903715]\n\tGetHandleVerifier [0x0x7ff637f06aed+3026941]\n\tGetHandleVerifier [0x0x7ff637c516fe+187406]\n\tGetHandleVerifier [0x0x7ff637c596ef+220159]\n\tGetHandleVerifier [0x0x7ff637c3faf4+114692]\n\tGetHandleVerifier [0x0x7ff637c3fca9+115129]\n\tGetHandleVerifier [0x0x7ff637c264d8+10728]\n\tBaseThreadInitThunk [0x0x7ffd261d7374+20]\n\tRtlUserThreadStart [0x0x7ffd2797cc91+33]","statusTrace":"self = <test_material.test_materialplan.TestMaterialPlanPage object at 0x000001DE7D41D5A0>, login_to_materialplan = <selenium.webdriver.chrome.webdriver.WebDriver (session=\"eabe8e126410f62b53b595e9fccdfb48\")>\n\n    @allure.story(\"执行成功\")\n    # @pytest.mark.run(order=1)\n    def test_materialplan_success(self, login_to_materialplan):\n        driver = login_to_materialplan\n        plan = PlanPage(driver)\n        wait = WebDriverWait(driver, 60)\n    \n        # 等待 el-loading-spinner 消失\n        WebDriverWait(driver, 10).until(\n            EC.invisibility_of_element_located((By.CLASS_NAME, \"el-loading-spinner\"))\n        )\n        target = WebDriverWait(driver, 10).until(\n            EC.element_to_be_clickable((By.XPATH, '//div[@class=\"vue-treeselect__control-arrow-container\"]'))\n        )\n        sleep(3)\n        target.click()\n    \n        # 等待第一个方案标签可点击后点击选择\n        first_option = wait.until(\n            EC.element_to_be_clickable(\n                (\n                    By.XPATH,\n                    '//div[@class=\"vue-treeselect__list\"]/div[1]',\n                )\n            )\n        )\n        first_option.click()\n    \n        # 执行计划\n        plan.click_plan()\n        # 等待“完成”的文本出现\n        success_element1 = wait.until(\n            EC.presence_of_element_located(\n                (By.XPATH, '(//div[@class=\"d-flex\"])[1]/p[text()=\" 完成 \"]')\n            )\n        )\n    \n        # 等待“完成”的文本出现\n>       success_element3 = wait.until(\n            EC.presence_of_element_located(\n                (By.XPATH, '(//div[@class=\"d-flex\"])[3]/p[text()=\" 完成 \"]')\n            )\n        )\n\nTests\\test_material\\test_materialplan.py:118: \n_ _ _ _ _ _ _ _ _ _ _ _ _ _ _ _ _ _ _ _ _ _ _ _ _ _ _ _ _ _ _ _ _ _ _ _ _ _ _ _ _ _ _ _ _ _ _ _ _ _ _ _ _ _ _ _ _ _ _ _ _ _ _ _ _ _ _ _ _ _ _ _ _ _ _ _ _ _ _ _ _ _ _ _ _ _ _ _ _ _ _ _ _ _ _ _ _ _ _ _ _ _ _ _ _ _ _ _ _ _ _ _ _ _ _ _\n\nself = <selenium.webdriver.support.wait.WebDriverWait (session=\"eabe8e126410f62b53b595e9fccdfb48\")>, method = <function presence_of_element_located.<locals>._predicate at 0x000001DE004DD900>, message = ''\n\n    def until(self, method: Callable[[D], Union[Literal[False], T]], message: str = \"\") -> T:\n        \"\"\"Wait until the method returns a value that is not False.\n    \n        Calls the method provided with the driver as an argument until the\n        return value does not evaluate to ``False``.\n    \n        Parameters:\n        -----------\n        method: callable(WebDriver)\n            - A callable object that takes a WebDriver instance as an argument.\n    \n        message: str\n            - Optional message for :exc:`TimeoutException`\n    \n        Return:\n        -------\n        object: T\n            - The result of the last call to `method`\n    \n        Raises:\n        -------\n        TimeoutException\n            - If 'method' does not return a truthy value within the WebDriverWait\n            object's timeout\n    \n        Example:\n        --------\n        >>> from selenium.webdriver.common.by import By\n        >>> from selenium.webdriver.support.ui import WebDriverWait\n        >>> from selenium.webdriver.support import expected_conditions as EC\n    \n        # Wait until an element is visible on the page\n        >>> wait = WebDriverWait(driver, 10)\n        >>> element = wait.until(EC.visibility_of_element_located((By.ID, \"exampleId\")))\n        >>> print(element.text)\n        \"\"\"\n        screen = None\n        stacktrace = None\n    \n        end_time = time.monotonic() + self._timeout\n        while True:\n            try:\n                value = method(self._driver)\n                if value:\n                    return value\n            except self._ignored_exceptions as exc:\n                screen = getattr(exc, \"screen\", None)\n                stacktrace = getattr(exc, \"stacktrace\", None)\n            if time.monotonic() > end_time:\n                break\n            time.sleep(self._poll)\n>       raise TimeoutException(message, screen, stacktrace)\nE       selenium.common.exceptions.TimeoutException: Message: \nE       Stacktrace:\nE       \tGetHandleVerifier [0x0x7ff637c36f65+78965]\nE       \tGetHandleVerifier [0x0x7ff637c36fc0+79056]\nE       \t(No symbol) [0x0x7ff6379c9dda]\nE       \t(No symbol) [0x0x7ff637a202ea]\nE       \t(No symbol) [0x0x7ff637a2059c]\nE       \t(No symbol) [0x0x7ff637a73f37]\nE       \t(No symbol) [0x0x7ff637a486af]\nE       \t(No symbol) [0x0x7ff637a70dbe]\nE       \t(No symbol) [0x0x7ff637a48443]\nE       \t(No symbol) [0x0x7ff637a11311]\nE       \t(No symbol) [0x0x7ff637a120a3]\nE       \tGetHandleVerifier [0x0x7ff637eee26d+2926461]\nE       \tGetHandleVerifier [0x0x7ff637ee8993+2903715]\nE       \tGetHandleVerifier [0x0x7ff637f06aed+3026941]\nE       \tGetHandleVerifier [0x0x7ff637c516fe+187406]\nE       \tGetHandleVerifier [0x0x7ff637c596ef+220159]\nE       \tGetHandleVerifier [0x0x7ff637c3faf4+114692]\nE       \tGetHandleVerifier [0x0x7ff637c3fca9+115129]\nE       \tGetHandleVerifier [0x0x7ff637c264d8+10728]\nE       \tBaseThreadInitThunk [0x0x7ffd261d7374+20]\nE       \tRtlUserThreadStart [0x0x7ffd2797cc91+33]\n\nmyenv\\lib\\site-packages\\selenium\\webdriver\\support\\wait.py:138: TimeoutException","steps":[],"attachments":[{"uid":"96a68e38b56b73c0","name":"test_materialplan_success_failure","source":"96a68e38b56b73c0.png","type":"image/png","size":92685},{"uid":"bf7f8fba136df3ee","name":"test_materialplan_success_source","source":"bf7f8fba136df3ee.html","type":"text/html","size":1081073},{"uid":"7958861bf47124db","name":"log","source":"7958861bf47124db.txt","type":"text/plain","size":2587}],"parameters":[],"shouldDisplayMessage":true,"attachmentsCount":3,"stepsCount":0,"attachmentStep":false,"hasContent":true},"afterStages":[{"name":"login_to_materialplan::0","time":{"start":1764270748979,"stop":1764270751166,"duration":2187},"status":"passed","steps":[],"attachments":[],"parameters":[],"shouldDisplayMessage":false,"attachmentsCount":0,"stepsCount":0,"attachmentStep":false,"hasContent":false}],"labels":[{"name":"feature","value":"物控计算测试用例"},{"name":"story","value":"执行成功"},{"name":"parentSuite","value":"Tests.test_material"},{"name":"suite","value":"test_materialplan"},{"name":"subSuite","value":"TestMaterialPlanPage"},{"name":"host","value":"WIN-20240820MJV"},{"name":"thread","value":"20860-MainThread"},{"name":"framework","value":"pytest"},{"name":"language","value":"cpython3"},{"name":"package","value":"Tests.test_material.test_materialplan"},{"name":"resultFormat","value":"allure2"}],"parameters":[],"links":[],"hidden":false,"retry":false,"extra":{"severity":"normal","retries":[{"uid":"860b1480eb6a16b8","status":"broken","statusDetails":"selenium.common.exceptions.TimeoutException: Message: \nStacktrace:\n\tGetHandleVerifier [0x0x7ff637c36f65+78965]\n\tGetHandleVerifier [0x0x7ff637c36fc0+79056]\n\t(No symbol) [0x0x7ff6379c9dda]\n\t(No symbol) [0x0x7ff637a202ea]\n\t(No symbol) [0x0x7ff637a2059c]\n\t(No symbol) [0x0x7ff637a73f37]\n\t(No symbol) [0x0x7ff637a486af]\n\t(No symbol) [0x0x7ff637a70dbe]\n\t(No symbol) [0x0x7ff637a48443]\n\t(No symbol) [0x0x7ff637a11311]\n\t(No symbol) [0x0x7ff637a120a3]\n\tGetHandleVerifier [0x0x7ff637eee26d+2926461]\n\tGetHandleVerifier [0x0x7ff637ee8993+2903715]\n\tGetHandleVerifier [0x0x7ff637f06aed+3026941]\n\tGetHandleVerifier [0x0x7ff637c516fe+187406]\n\tGetHandleVerifier [0x0x7ff637c596ef+220159]\n\tGetHandleVerifier [0x0x7ff637c3faf4+114692]\n\tGetHandleVerifier [0x0x7ff637c3fca9+115129]\n\tGetHandleVerifier [0x0x7ff637c264d8+10728]\n\tBaseThreadInitThunk [0x0x7ffd261d7374+20]\n\tRtlUserThreadStart [0x0x7ffd2797cc91+33]","time":{"start":1764270597442,"stop":1764270666864,"duration":69422}}],"categories":[{"name":"Test defects","matchedStatuses":[]}],"tags":[]},"source":"e38100ae258d299a.json","parameterValues":[]}