{"uid":"e46ef25245d42967","name":"test_home_delete","fullName":"Tests.test_system.test_home.TestHomePage#test_home_delete","historyId":"a811a2687d27896e712f44a4c71d17b1","time":{"start":1761246751980,"stop":1761246775494,"duration":23514},"status":"failed","statusMessage":"AssertionError: assert 3 == 2","statusTrace":"self = <test_system.test_home.TestHomePage object at 0x000001FC18DD7340>, login_to_home = <selenium.webdriver.chrome.webdriver.WebDriver (session=\"60a34e90752529b243a6228a34c33608\")>\n\n    @allure.story(\"删除组件成功\")\n    # @pytest.mark.run(order=1)\n    def test_home_delete(self, login_to_home):\n        driver = login_to_home  # WebDriver 实例\n        home = HomePage(driver)  # 用 driver 初始化 HomePage\n        home.click_button('//div[@id=\"homeCanvasBox\"]/div[2]')\n        home.clear_button(\"确定\")\n        home.click_save_button()\n        home.wait_for_loading_to_disappear()\n        home.right_refresh()\n        num = home.count_div_elements()\n>       assert num == 2\nE       assert 3 == 2\n\nTests\\test_system\\test_home.py:315: AssertionError","flaky":false,"newFailed":false,"newBroken":false,"newPassed":false,"retriesCount":0,"retriesStatusChange":false,"beforeStages":[{"name":"login_to_home","time":{"start":1761246731795,"stop":1761246751978,"duration":20183},"status":"passed","steps":[],"attachments":[],"parameters":[],"stepsCount":0,"hasContent":false,"attachmentStep":false,"shouldDisplayMessage":false,"attachmentsCount":0}],"testStage":{"status":"failed","statusMessage":"AssertionError: assert 3 == 2","statusTrace":"self = <test_system.test_home.TestHomePage object at 0x000001FC18DD7340>, login_to_home = <selenium.webdriver.chrome.webdriver.WebDriver (session=\"60a34e90752529b243a6228a34c33608\")>\n\n    @allure.story(\"删除组件成功\")\n    # @pytest.mark.run(order=1)\n    def test_home_delete(self, login_to_home):\n        driver = login_to_home  # WebDriver 实例\n        home = HomePage(driver)  # 用 driver 初始化 HomePage\n        home.click_button('//div[@id=\"homeCanvasBox\"]/div[2]')\n        home.clear_button(\"确定\")\n        home.click_save_button()\n        home.wait_for_loading_to_disappear()\n        home.right_refresh()\n        num = home.count_div_elements()\n>       assert num == 2\nE       assert 3 == 2\n\nTests\\test_system\\test_home.py:315: AssertionError","steps":[],"attachments":[{"uid":"12b1203d43ae762c","name":"test_home_delete_failure","source":"12b1203d43ae762c.png","type":"image/png","size":78331},{"uid":"6db055052c4178b6","name":"test_home_delete_source","source":"6db055052c4178b6.html","type":"text/html","size":5730237},{"uid":"165a5db6c54cb2e9","name":"log","source":"165a5db6c54cb2e9.txt","type":"text/plain","size":1624}],"parameters":[],"stepsCount":0,"hasContent":true,"attachmentStep":false,"shouldDisplayMessage":true,"attachmentsCount":3},"afterStages":[{"name":"login_to_home::0","time":{"start":1761246777191,"stop":1761246779758,"duration":2567},"status":"passed","steps":[],"attachments":[],"parameters":[],"stepsCount":0,"hasContent":false,"attachmentStep":false,"shouldDisplayMessage":false,"attachmentsCount":0}],"labels":[{"name":"story","value":"删除组件成功"},{"name":"feature","value":"主页设置页用例"},{"name":"parentSuite","value":"Tests.test_system"},{"name":"suite","value":"test_home"},{"name":"subSuite","value":"TestHomePage"},{"name":"host","value":"WIN-20240820MJV"},{"name":"thread","value":"21764-MainThread"},{"name":"framework","value":"pytest"},{"name":"language","value":"cpython3"},{"name":"package","value":"Tests.test_system.test_home"},{"name":"resultFormat","value":"allure2"}],"parameters":[],"links":[],"hidden":true,"retry":true,"extra":{"categories":[],"tags":[]},"source":"e46ef25245d42967.json","parameterValues":[]}