{"uid":"e68f4952b0c77047","name":"test_sched_addcommandsuccess","fullName":"Tests.test_items.test_sched.TestSchedPage#test_sched_addcommandsuccess","historyId":"8b0daa731f4085263536af83201c8fb9","time":{"start":1763047372701,"stop":1763047378816,"duration":6115},"status":"broken","statusMessage":"selenium.common.exceptions.NoSuchElementException: Message: no such element: Unable to locate element: {\"method\":\"xpath\",\"selector\":\"//span[text()=\"33\"]/preceding-sibling::span\"}\n  (Session info: chrome=137.0.7151.69); For documentation on this error, please visit: https://www.selenium.dev/documentation/webdriver/troubleshooting/errors#no-such-element-exception\nStacktrace:\n\tGetHandleVerifier [0x0x7ff6784e6f65+78965]\n\tGetHandleVerifier [0x0x7ff6784e6fc0+79056]\n\t(No symbol) [0x0x7ff678279dda]\n\t(No symbol) [0x0x7ff6782d02ea]\n\t(No symbol) [0x0x7ff6782d059c]\n\t(No symbol) [0x0x7ff678323f37]\n\t(No symbol) [0x0x7ff6782f86af]\n\t(No symbol) [0x0x7ff678320dbe]\n\t(No symbol) [0x0x7ff6782f8443]\n\t(No symbol) [0x0x7ff6782c1311]\n\t(No symbol) [0x0x7ff6782c20a3]\n\tGetHandleVerifier [0x0x7ff67879e26d+2926461]\n\tGetHandleVerifier [0x0x7ff678798993+2903715]\n\tGetHandleVerifier [0x0x7ff6787b6aed+3026941]\n\tGetHandleVerifier [0x0x7ff6785016fe+187406]\n\tGetHandleVerifier [0x0x7ff6785096ef+220159]\n\tGetHandleVerifier [0x0x7ff6784efaf4+114692]\n\tGetHandleVerifier [0x0x7ff6784efca9+115129]\n\tGetHandleVerifier [0x0x7ff6784d64d8+10728]\n\tBaseThreadInitThunk [0x0x7ffdb4e97374+20]\n\tRtlUserThreadStart [0x0x7ffdb649cc91+33]","statusTrace":"self = <test_items.test_sched.TestSchedPage object at 0x0000025DC557E1A0>, login_to_sched = <selenium.webdriver.chrome.webdriver.WebDriver (session=\"060a1ddb83892f88bd74de562a18f91c\")>\n\n    @allure.story(\"添加命令成功\")\n    # @pytest.mark.run(order=1)\n    def test_sched_addcommandsuccess(self, login_to_sched):\n        driver = login_to_sched  # WebDriver 实例\n        sched = SchedPage(driver)  # 用 driver 初始化 SchedPage\n    \n        # 选中命令点击添加\n        addul1 = driver.find_elements(\n            By.XPATH,\n            '//ul[@class=\"ivu-tree-children\" and @visible=\"visible\"]/li/ul[last()]/li/ul',\n        )\n        # 第一个命令 xpth\n        command = '(//div[@class=\"ivu-radio-group ivu-radio-group-small ivu-radio-small ivu-radio-group-button\"])[1]/label[1]'\n        sched.click_button(command)\n        command_text = sched.get_find_element_xpath(command)\n    \n>       element = driver.find_element(\n            By.XPATH, '//span[text()=\"33\"]/preceding-sibling::span'\n        )\n\nTests\\test_items\\test_sched.py:233: \n_ _ _ _ _ _ _ _ _ _ _ _ _ _ _ _ _ _ _ _ _ _ _ _ _ _ _ _ _ _ _ _ _ _ _ _ _ _ _ _ _ _ _ _ _ _ _ _ _ _ _ _ _ _ _ _ _ _ _ _ _ _ _ _ _ _ _ _ _ _ _ _ _ _ _ _ _ _ _ _ _ _ _ _ _ _ _ _ _ _ _ _ _ _ _ _ _ _ _ _ _ _ _ _ _ _ _ _ _ _ _ _ _ _ _ _\nmyenv\\lib\\site-packages\\selenium\\webdriver\\remote\\webdriver.py:914: in find_element\n    return self.execute(Command.FIND_ELEMENT, {\"using\": by, \"value\": value})[\"value\"]\nmyenv\\lib\\site-packages\\selenium\\webdriver\\remote\\webdriver.py:447: in execute\n    self.error_handler.check_response(response)\n_ _ _ _ _ _ _ _ _ _ _ _ _ _ _ _ _ _ _ _ _ _ _ _ _ _ _ _ _ _ _ _ _ _ _ _ _ _ _ _ _ _ _ _ _ _ _ _ _ _ _ _ _ _ _ _ _ _ _ _ _ _ _ _ _ _ _ _ _ _ _ _ _ _ _ _ _ _ _ _ _ _ _ _ _ _ _ _ _ _ _ _ _ _ _ _ _ _ _ _ _ _ _ _ _ _ _ _ _ _ _ _ _ _ _ _\n\nself = <selenium.webdriver.remote.errorhandler.ErrorHandler object at 0x0000025DC605A290>\nresponse = {'status': 404, 'value': '{\"value\":{\"error\":\"no such element\",\"message\":\"no such element: Unable to locate element: {\\...ff6784d64d8+10728]\\\\n\\\\tBaseThreadInitThunk [0x0x7ffdb4e97374+20]\\\\n\\\\tRtlUserThreadStart [0x0x7ffdb649cc91+33]\\\\n\"}}'}\n\n    def check_response(self, response: Dict[str, Any]) -> None:\n        \"\"\"Checks that a JSON response from the WebDriver does not have an\n        error.\n    \n        :Args:\n         - response - The JSON response from the WebDriver server as a dictionary\n           object.\n    \n        :Raises: If the response contains an error message.\n        \"\"\"\n        status = response.get(\"status\", None)\n        if not status or status == ErrorCode.SUCCESS:\n            return\n        value = None\n        message = response.get(\"message\", \"\")\n        screen: str = response.get(\"screen\", \"\")\n        stacktrace = None\n        if isinstance(status, int):\n            value_json = response.get(\"value\", None)\n            if value_json and isinstance(value_json, str):\n                import json\n    \n                try:\n                    value = json.loads(value_json)\n                    if len(value) == 1:\n                        value = value[\"value\"]\n                    status = value.get(\"error\", None)\n                    if not status:\n                        status = value.get(\"status\", ErrorCode.UNKNOWN_ERROR)\n                        message = value.get(\"value\") or value.get(\"message\")\n                        if not isinstance(message, str):\n                            value = message\n                            message = message.get(\"message\")\n                    else:\n                        message = value.get(\"message\", None)\n                except ValueError:\n                    pass\n    \n        exception_class: Type[WebDriverException]\n        e = ErrorCode()\n        error_codes = [item for item in dir(e) if not item.startswith(\"__\")]\n        for error_code in error_codes:\n            error_info = getattr(ErrorCode, error_code)\n            if isinstance(error_info, list) and status in error_info:\n                exception_class = getattr(ExceptionMapping, error_code, WebDriverException)\n                break\n        else:\n            exception_class = WebDriverException\n    \n        if not value:\n            value = response[\"value\"]\n        if isinstance(value, str):\n            raise exception_class(value)\n        if message == \"\" and \"message\" in value:\n            message = value[\"message\"]\n    \n        screen = None  # type: ignore[assignment]\n        if \"screen\" in value:\n            screen = value[\"screen\"]\n    \n        stacktrace = None\n        st_value = value.get(\"stackTrace\") or value.get(\"stacktrace\")\n        if st_value:\n            if isinstance(st_value, str):\n                stacktrace = st_value.split(\"\\n\")\n            else:\n                stacktrace = []\n                try:\n                    for frame in st_value:\n                        line = frame.get(\"lineNumber\", \"\")\n                        file = frame.get(\"fileName\", \"<anonymous>\")\n                        if line:\n                            file = f\"{file}:{line}\"\n                        meth = frame.get(\"methodName\", \"<anonymous>\")\n                        if \"className\" in frame:\n                            meth = f\"{frame['className']}.{meth}\"\n                        msg = \"    at %s (%s)\"\n                        msg = msg % (meth, file)\n                        stacktrace.append(msg)\n                except TypeError:\n                    pass\n        if exception_class == UnexpectedAlertPresentException:\n            alert_text = None\n            if \"data\" in value:\n                alert_text = value[\"data\"].get(\"text\")\n            elif \"alert\" in value:\n                alert_text = value[\"alert\"].get(\"text\")\n            raise exception_class(message, screen, stacktrace, alert_text)  # type: ignore[call-arg]  # mypy is not smart enough here\n>       raise exception_class(message, screen, stacktrace)\nE       selenium.common.exceptions.NoSuchElementException: Message: no such element: Unable to locate element: {\"method\":\"xpath\",\"selector\":\"//span[text()=\"33\"]/preceding-sibling::span\"}\nE         (Session info: chrome=137.0.7151.69); For documentation on this error, please visit: https://www.selenium.dev/documentation/webdriver/troubleshooting/errors#no-such-element-exception\nE       Stacktrace:\nE       \tGetHandleVerifier [0x0x7ff6784e6f65+78965]\nE       \tGetHandleVerifier [0x0x7ff6784e6fc0+79056]\nE       \t(No symbol) [0x0x7ff678279dda]\nE       \t(No symbol) [0x0x7ff6782d02ea]\nE       \t(No symbol) [0x0x7ff6782d059c]\nE       \t(No symbol) [0x0x7ff678323f37]\nE       \t(No symbol) [0x0x7ff6782f86af]\nE       \t(No symbol) [0x0x7ff678320dbe]\nE       \t(No symbol) [0x0x7ff6782f8443]\nE       \t(No symbol) [0x0x7ff6782c1311]\nE       \t(No symbol) [0x0x7ff6782c20a3]\nE       \tGetHandleVerifier [0x0x7ff67879e26d+2926461]\nE       \tGetHandleVerifier [0x0x7ff678798993+2903715]\nE       \tGetHandleVerifier [0x0x7ff6787b6aed+3026941]\nE       \tGetHandleVerifier [0x0x7ff6785016fe+187406]\nE       \tGetHandleVerifier [0x0x7ff6785096ef+220159]\nE       \tGetHandleVerifier [0x0x7ff6784efaf4+114692]\nE       \tGetHandleVerifier [0x0x7ff6784efca9+115129]\nE       \tGetHandleVerifier [0x0x7ff6784d64d8+10728]\nE       \tBaseThreadInitThunk [0x0x7ffdb4e97374+20]\nE       \tRtlUserThreadStart [0x0x7ffdb649cc91+33]\n\nmyenv\\lib\\site-packages\\selenium\\webdriver\\remote\\errorhandler.py:232: NoSuchElementException","flaky":false,"newFailed":false,"newBroken":false,"newPassed":false,"retriesCount":0,"retriesStatusChange":false,"beforeStages":[{"name":"login_to_sched","time":{"start":1763047361057,"stop":1763047372701,"duration":11644},"status":"passed","steps":[],"attachments":[],"parameters":[],"attachmentsCount":0,"shouldDisplayMessage":false,"stepsCount":0,"attachmentStep":false,"hasContent":false}],"testStage":{"status":"broken","statusMessage":"selenium.common.exceptions.NoSuchElementException: Message: no such element: Unable to locate element: {\"method\":\"xpath\",\"selector\":\"//span[text()=\"33\"]/preceding-sibling::span\"}\n  (Session info: chrome=137.0.7151.69); For documentation on this error, please visit: https://www.selenium.dev/documentation/webdriver/troubleshooting/errors#no-such-element-exception\nStacktrace:\n\tGetHandleVerifier [0x0x7ff6784e6f65+78965]\n\tGetHandleVerifier [0x0x7ff6784e6fc0+79056]\n\t(No symbol) [0x0x7ff678279dda]\n\t(No symbol) [0x0x7ff6782d02ea]\n\t(No symbol) [0x0x7ff6782d059c]\n\t(No symbol) [0x0x7ff678323f37]\n\t(No symbol) [0x0x7ff6782f86af]\n\t(No symbol) [0x0x7ff678320dbe]\n\t(No symbol) [0x0x7ff6782f8443]\n\t(No symbol) [0x0x7ff6782c1311]\n\t(No symbol) [0x0x7ff6782c20a3]\n\tGetHandleVerifier [0x0x7ff67879e26d+2926461]\n\tGetHandleVerifier [0x0x7ff678798993+2903715]\n\tGetHandleVerifier [0x0x7ff6787b6aed+3026941]\n\tGetHandleVerifier [0x0x7ff6785016fe+187406]\n\tGetHandleVerifier [0x0x7ff6785096ef+220159]\n\tGetHandleVerifier [0x0x7ff6784efaf4+114692]\n\tGetHandleVerifier [0x0x7ff6784efca9+115129]\n\tGetHandleVerifier [0x0x7ff6784d64d8+10728]\n\tBaseThreadInitThunk [0x0x7ffdb4e97374+20]\n\tRtlUserThreadStart [0x0x7ffdb649cc91+33]","statusTrace":"self = <test_items.test_sched.TestSchedPage object at 0x0000025DC557E1A0>, login_to_sched = <selenium.webdriver.chrome.webdriver.WebDriver (session=\"060a1ddb83892f88bd74de562a18f91c\")>\n\n    @allure.story(\"添加命令成功\")\n    # @pytest.mark.run(order=1)\n    def test_sched_addcommandsuccess(self, login_to_sched):\n        driver = login_to_sched  # WebDriver 实例\n        sched = SchedPage(driver)  # 用 driver 初始化 SchedPage\n    \n        # 选中命令点击添加\n        addul1 = driver.find_elements(\n            By.XPATH,\n            '//ul[@class=\"ivu-tree-children\" and @visible=\"visible\"]/li/ul[last()]/li/ul',\n        )\n        # 第一个命令 xpth\n        command = '(//div[@class=\"ivu-radio-group ivu-radio-group-small ivu-radio-small ivu-radio-group-button\"])[1]/label[1]'\n        sched.click_button(command)\n        command_text = sched.get_find_element_xpath(command)\n    \n>       element = driver.find_element(\n            By.XPATH, '//span[text()=\"33\"]/preceding-sibling::span'\n        )\n\nTests\\test_items\\test_sched.py:233: \n_ _ _ _ _ _ _ _ _ _ _ _ _ _ _ _ _ _ _ _ _ _ _ _ _ _ _ _ _ _ _ _ _ _ _ _ _ _ _ _ _ _ _ _ _ _ _ _ _ _ _ _ _ _ _ _ _ _ _ _ _ _ _ _ _ _ _ _ _ _ _ _ _ _ _ _ _ _ _ _ _ _ _ _ _ _ _ _ _ _ _ _ _ _ _ _ _ _ _ _ _ _ _ _ _ _ _ _ _ _ _ _ _ _ _ _\nmyenv\\lib\\site-packages\\selenium\\webdriver\\remote\\webdriver.py:914: in find_element\n    return self.execute(Command.FIND_ELEMENT, {\"using\": by, \"value\": value})[\"value\"]\nmyenv\\lib\\site-packages\\selenium\\webdriver\\remote\\webdriver.py:447: in execute\n    self.error_handler.check_response(response)\n_ _ _ _ _ _ _ _ _ _ _ _ _ _ _ _ _ _ _ _ _ _ _ _ _ _ _ _ _ _ _ _ _ _ _ _ _ _ _ _ _ _ _ _ _ _ _ _ _ _ _ _ _ _ _ _ _ _ _ _ _ _ _ _ _ _ _ _ _ _ _ _ _ _ _ _ _ _ _ _ _ _ _ _ _ _ _ _ _ _ _ _ _ _ _ _ _ _ _ _ _ _ _ _ _ _ _ _ _ _ _ _ _ _ _ _\n\nself = <selenium.webdriver.remote.errorhandler.ErrorHandler object at 0x0000025DC605A290>\nresponse = {'status': 404, 'value': '{\"value\":{\"error\":\"no such element\",\"message\":\"no such element: Unable to locate element: {\\...ff6784d64d8+10728]\\\\n\\\\tBaseThreadInitThunk [0x0x7ffdb4e97374+20]\\\\n\\\\tRtlUserThreadStart [0x0x7ffdb649cc91+33]\\\\n\"}}'}\n\n    def check_response(self, response: Dict[str, Any]) -> None:\n        \"\"\"Checks that a JSON response from the WebDriver does not have an\n        error.\n    \n        :Args:\n         - response - The JSON response from the WebDriver server as a dictionary\n           object.\n    \n        :Raises: If the response contains an error message.\n        \"\"\"\n        status = response.get(\"status\", None)\n        if not status or status == ErrorCode.SUCCESS:\n            return\n        value = None\n        message = response.get(\"message\", \"\")\n        screen: str = response.get(\"screen\", \"\")\n        stacktrace = None\n        if isinstance(status, int):\n            value_json = response.get(\"value\", None)\n            if value_json and isinstance(value_json, str):\n                import json\n    \n                try:\n                    value = json.loads(value_json)\n                    if len(value) == 1:\n                        value = value[\"value\"]\n                    status = value.get(\"error\", None)\n                    if not status:\n                        status = value.get(\"status\", ErrorCode.UNKNOWN_ERROR)\n                        message = value.get(\"value\") or value.get(\"message\")\n                        if not isinstance(message, str):\n                            value = message\n                            message = message.get(\"message\")\n                    else:\n                        message = value.get(\"message\", None)\n                except ValueError:\n                    pass\n    \n        exception_class: Type[WebDriverException]\n        e = ErrorCode()\n        error_codes = [item for item in dir(e) if not item.startswith(\"__\")]\n        for error_code in error_codes:\n            error_info = getattr(ErrorCode, error_code)\n            if isinstance(error_info, list) and status in error_info:\n                exception_class = getattr(ExceptionMapping, error_code, WebDriverException)\n                break\n        else:\n            exception_class = WebDriverException\n    \n        if not value:\n            value = response[\"value\"]\n        if isinstance(value, str):\n            raise exception_class(value)\n        if message == \"\" and \"message\" in value:\n            message = value[\"message\"]\n    \n        screen = None  # type: ignore[assignment]\n        if \"screen\" in value:\n            screen = value[\"screen\"]\n    \n        stacktrace = None\n        st_value = value.get(\"stackTrace\") or value.get(\"stacktrace\")\n        if st_value:\n            if isinstance(st_value, str):\n                stacktrace = st_value.split(\"\\n\")\n            else:\n                stacktrace = []\n                try:\n                    for frame in st_value:\n                        line = frame.get(\"lineNumber\", \"\")\n                        file = frame.get(\"fileName\", \"<anonymous>\")\n                        if line:\n                            file = f\"{file}:{line}\"\n                        meth = frame.get(\"methodName\", \"<anonymous>\")\n                        if \"className\" in frame:\n                            meth = f\"{frame['className']}.{meth}\"\n                        msg = \"    at %s (%s)\"\n                        msg = msg % (meth, file)\n                        stacktrace.append(msg)\n                except TypeError:\n                    pass\n        if exception_class == UnexpectedAlertPresentException:\n            alert_text = None\n            if \"data\" in value:\n                alert_text = value[\"data\"].get(\"text\")\n            elif \"alert\" in value:\n                alert_text = value[\"alert\"].get(\"text\")\n            raise exception_class(message, screen, stacktrace, alert_text)  # type: ignore[call-arg]  # mypy is not smart enough here\n>       raise exception_class(message, screen, stacktrace)\nE       selenium.common.exceptions.NoSuchElementException: Message: no such element: Unable to locate element: {\"method\":\"xpath\",\"selector\":\"//span[text()=\"33\"]/preceding-sibling::span\"}\nE         (Session info: chrome=137.0.7151.69); For documentation on this error, please visit: https://www.selenium.dev/documentation/webdriver/troubleshooting/errors#no-such-element-exception\nE       Stacktrace:\nE       \tGetHandleVerifier [0x0x7ff6784e6f65+78965]\nE       \tGetHandleVerifier [0x0x7ff6784e6fc0+79056]\nE       \t(No symbol) [0x0x7ff678279dda]\nE       \t(No symbol) [0x0x7ff6782d02ea]\nE       \t(No symbol) [0x0x7ff6782d059c]\nE       \t(No symbol) [0x0x7ff678323f37]\nE       \t(No symbol) [0x0x7ff6782f86af]\nE       \t(No symbol) [0x0x7ff678320dbe]\nE       \t(No symbol) [0x0x7ff6782f8443]\nE       \t(No symbol) [0x0x7ff6782c1311]\nE       \t(No symbol) [0x0x7ff6782c20a3]\nE       \tGetHandleVerifier [0x0x7ff67879e26d+2926461]\nE       \tGetHandleVerifier [0x0x7ff678798993+2903715]\nE       \tGetHandleVerifier [0x0x7ff6787b6aed+3026941]\nE       \tGetHandleVerifier [0x0x7ff6785016fe+187406]\nE       \tGetHandleVerifier [0x0x7ff6785096ef+220159]\nE       \tGetHandleVerifier [0x0x7ff6784efaf4+114692]\nE       \tGetHandleVerifier [0x0x7ff6784efca9+115129]\nE       \tGetHandleVerifier [0x0x7ff6784d64d8+10728]\nE       \tBaseThreadInitThunk [0x0x7ffdb4e97374+20]\nE       \tRtlUserThreadStart [0x0x7ffdb649cc91+33]\n\nmyenv\\lib\\site-packages\\selenium\\webdriver\\remote\\errorhandler.py:232: NoSuchElementException","steps":[],"attachments":[{"uid":"df36d2428c3a213a","name":"test_sched_addcommandsuccess_failure","source":"df36d2428c3a213a.png","type":"image/png","size":60504},{"uid":"3b9ca717cb7f6d7a","name":"test_sched_addcommandsuccess_source","source":"3b9ca717cb7f6d7a.html","type":"text/html","size":1097551},{"uid":"11abe2b25f1147d6","name":"log","source":"11abe2b25f1147d6.txt","type":"text/plain","size":1522}],"parameters":[],"attachmentsCount":3,"shouldDisplayMessage":true,"stepsCount":0,"attachmentStep":false,"hasContent":true},"afterStages":[{"name":"login_to_sched::0","time":{"start":1763047379002,"stop":1763047381201,"duration":2199},"status":"passed","steps":[],"attachments":[],"parameters":[],"attachmentsCount":0,"shouldDisplayMessage":false,"stepsCount":0,"attachmentStep":false,"hasContent":false}],"labels":[{"name":"story","value":"添加命令成功"},{"name":"feature","value":"方案管理表测试用例"},{"name":"parentSuite","value":"Tests.test_items"},{"name":"suite","value":"test_sched"},{"name":"subSuite","value":"TestSchedPage"},{"name":"host","value":"WIN-20240820MJV"},{"name":"thread","value":"22584-MainThread"},{"name":"framework","value":"pytest"},{"name":"language","value":"cpython3"},{"name":"package","value":"Tests.test_items.test_sched"},{"name":"resultFormat","value":"allure2"}],"parameters":[],"links":[],"hidden":true,"retry":true,"extra":{"categories":[],"tags":[]},"source":"e68f4952b0c77047.json","parameterValues":[]}