{"uid":"e6ef9a3d2d857b38","name":"test_materialRequirementsDefinition_addsuccess3","fullName":"Tests.test_material.test_materialRequirementsDefinition.TestSMaterialRequirementsDefinitionPage#test_materialRequirementsDefinition_addsuccess3","historyId":"f74820b6530afee2031aff5096aae4a2","time":{"start":1765398205836,"stop":1765398240103,"duration":34267},"status":"broken","statusMessage":"selenium.common.exceptions.TimeoutException: Message: \nStacktrace:\n\tGetHandleVerifier [0x0x7ff785d56f65+78965]\n\tGetHandleVerifier [0x0x7ff785d56fc0+79056]\n\t(No symbol) [0x0x7ff785ae9dda]\n\t(No symbol) [0x0x7ff785b402ea]\n\t(No symbol) [0x0x7ff785b4059c]\n\t(No symbol) [0x0x7ff785b93f37]\n\t(No symbol) [0x0x7ff785b686af]\n\t(No symbol) [0x0x7ff785b90dbe]\n\t(No symbol) [0x0x7ff785b68443]\n\t(No symbol) [0x0x7ff785b31311]\n\t(No symbol) [0x0x7ff785b320a3]\n\tGetHandleVerifier [0x0x7ff78600e26d+2926461]\n\tGetHandleVerifier [0x0x7ff786008993+2903715]\n\tGetHandleVerifier [0x0x7ff786026aed+3026941]\n\tGetHandleVerifier [0x0x7ff785d716fe+187406]\n\tGetHandleVerifier [0x0x7ff785d796ef+220159]\n\tGetHandleVerifier [0x0x7ff785d5faf4+114692]\n\tGetHandleVerifier [0x0x7ff785d5fca9+115129]\n\tGetHandleVerifier [0x0x7ff785d464d8+10728]\n\tBaseThreadInitThunk [0x0x7ffe121c7374+20]\n\tRtlUserThreadStart [0x0x7ffe133dcc91+33]","statusTrace":"self = <test_material.test_materialRequirementsDefinition.TestSMaterialRequirementsDefinitionPage object at 0x000002C3A98CC0A0>\nlogin_to_materialRequirementsDefinition = <selenium.webdriver.chrome.webdriver.WebDriver (session=\"dacc25a6b51737e4e0dfd6def36070b8\")>\n\n    @allure.story(\"添加测试数据需求来源编码成功\")\n    # @pytest.mark.run(order=1)\n    def test_materialRequirementsDefinition_addsuccess3(self, login_to_materialRequirementsDefinition):\n        driver = login_to_materialRequirementsDefinition  # WebDriver 实例\n        material = MaterialControlDefinition(driver)  # 用 driver 初始化 MaterialControlDefinition\n        value = \"2测试数据2\"\n>       material.add_data(value)\n\nTests\\test_material\\test_materialRequirementsDefinition.py:151: \n_ _ _ _ _ _ _ _ _ _ _ _ _ _ _ _ _ _ _ _ _ _ _ _ _ _ _ _ _ _ _ _ _ _ _ _ _ _ _ _ _ _ _ _ _ _ _ _ _ _ _ _ _ _ _ _ _ _ _ _ _ _ _ _ _ _ _ _ _ _ _ _ _ _ _ _ _ _ _ _ _ _ _ _ _ _ _ _ _ _ _ _ _ _ _ _ _ _ _ _ _ _ _ _ _ _ _ _ _ _ _ _ _ _ _ _\nPages\\materialPage\\materialControlDefinition_page.py:197: in add_data\n    self.double_click_th_dropdown_box(last_)\nPages\\materialPage\\materialControlDefinition_page.py:132: in double_click_th_dropdown_box\n    ActionChains(self.driver).double_click(self.get_find_element_xpath(d['select'])).perform()\nPages\\materialPage\\materialControlDefinition_page.py:29: in get_find_element_xpath\n    return self.find_element(By.XPATH, xpath)\nPages\\base_page.py:28: in find_element\n    return WebDriverWait(self.driver, wait_time).until(\n_ _ _ _ _ _ _ _ _ _ _ _ _ _ _ _ _ _ _ _ _ _ _ _ _ _ _ _ _ _ _ _ _ _ _ _ _ _ _ _ _ _ _ _ _ _ _ _ _ _ _ _ _ _ _ _ _ _ _ _ _ _ _ _ _ _ _ _ _ _ _ _ _ _ _ _ _ _ _ _ _ _ _ _ _ _ _ _ _ _ _ _ _ _ _ _ _ _ _ _ _ _ _ _ _ _ _ _ _ _ _ _ _ _ _ _\n\nself = <selenium.webdriver.support.wait.WebDriverWait (session=\"dacc25a6b51737e4e0dfd6def36070b8\")>, method = <function presence_of_element_located.<locals>._predicate at 0x000002C3AB66F640>, message = ''\n\n    def until(self, method: Callable[[D], Union[Literal[False], T]], message: str = \"\") -> T:\n        \"\"\"Wait until the method returns a value that is not False.\n    \n        Calls the method provided with the driver as an argument until the\n        return value does not evaluate to ``False``.\n    \n        Parameters:\n        -----------\n        method: callable(WebDriver)\n            - A callable object that takes a WebDriver instance as an argument.\n    \n        message: str\n            - Optional message for :exc:`TimeoutException`\n    \n        Return:\n        -------\n        object: T\n            - The result of the last call to `method`\n    \n        Raises:\n        -------\n        TimeoutException\n            - If 'method' does not return a truthy value within the WebDriverWait\n            object's timeout\n    \n        Example:\n        --------\n        >>> from selenium.webdriver.common.by import By\n        >>> from selenium.webdriver.support.ui import WebDriverWait\n        >>> from selenium.webdriver.support import expected_conditions as EC\n    \n        # Wait until an element is visible on the page\n        >>> wait = WebDriverWait(driver, 10)\n        >>> element = wait.until(EC.visibility_of_element_located((By.ID, \"exampleId\")))\n        >>> print(element.text)\n        \"\"\"\n        screen = None\n        stacktrace = None\n    \n        end_time = time.monotonic() + self._timeout\n        while True:\n            try:\n                value = method(self._driver)\n                if value:\n                    return value\n            except self._ignored_exceptions as exc:\n                screen = getattr(exc, \"screen\", None)\n                stacktrace = getattr(exc, \"stacktrace\", None)\n            if time.monotonic() > end_time:\n                break\n            time.sleep(self._poll)\n>       raise TimeoutException(message, screen, stacktrace)\nE       selenium.common.exceptions.TimeoutException: Message: \nE       Stacktrace:\nE       \tGetHandleVerifier [0x0x7ff785d56f65+78965]\nE       \tGetHandleVerifier [0x0x7ff785d56fc0+79056]\nE       \t(No symbol) [0x0x7ff785ae9dda]\nE       \t(No symbol) [0x0x7ff785b402ea]\nE       \t(No symbol) [0x0x7ff785b4059c]\nE       \t(No symbol) [0x0x7ff785b93f37]\nE       \t(No symbol) [0x0x7ff785b686af]\nE       \t(No symbol) [0x0x7ff785b90dbe]\nE       \t(No symbol) [0x0x7ff785b68443]\nE       \t(No symbol) [0x0x7ff785b31311]\nE       \t(No symbol) [0x0x7ff785b320a3]\nE       \tGetHandleVerifier [0x0x7ff78600e26d+2926461]\nE       \tGetHandleVerifier [0x0x7ff786008993+2903715]\nE       \tGetHandleVerifier [0x0x7ff786026aed+3026941]\nE       \tGetHandleVerifier [0x0x7ff785d716fe+187406]\nE       \tGetHandleVerifier [0x0x7ff785d796ef+220159]\nE       \tGetHandleVerifier [0x0x7ff785d5faf4+114692]\nE       \tGetHandleVerifier [0x0x7ff785d5fca9+115129]\nE       \tGetHandleVerifier [0x0x7ff785d464d8+10728]\nE       \tBaseThreadInitThunk [0x0x7ffe121c7374+20]\nE       \tRtlUserThreadStart [0x0x7ffe133dcc91+33]\n\nmyenv\\lib\\site-packages\\selenium\\webdriver\\support\\wait.py:138: TimeoutException","flaky":false,"newFailed":false,"newBroken":false,"newPassed":false,"retriesCount":1,"retriesStatusChange":false,"beforeStages":[{"name":"login_to_materialRequirementsDefinition","time":{"start":1765398192769,"stop":1765398205836,"duration":13067},"status":"passed","steps":[],"attachments":[],"parameters":[],"stepsCount":0,"hasContent":false,"attachmentStep":false,"shouldDisplayMessage":false,"attachmentsCount":0}],"testStage":{"status":"broken","statusMessage":"selenium.common.exceptions.TimeoutException: Message: \nStacktrace:\n\tGetHandleVerifier [0x0x7ff785d56f65+78965]\n\tGetHandleVerifier [0x0x7ff785d56fc0+79056]\n\t(No symbol) [0x0x7ff785ae9dda]\n\t(No symbol) [0x0x7ff785b402ea]\n\t(No symbol) [0x0x7ff785b4059c]\n\t(No symbol) [0x0x7ff785b93f37]\n\t(No symbol) [0x0x7ff785b686af]\n\t(No symbol) [0x0x7ff785b90dbe]\n\t(No symbol) [0x0x7ff785b68443]\n\t(No symbol) [0x0x7ff785b31311]\n\t(No symbol) [0x0x7ff785b320a3]\n\tGetHandleVerifier [0x0x7ff78600e26d+2926461]\n\tGetHandleVerifier [0x0x7ff786008993+2903715]\n\tGetHandleVerifier [0x0x7ff786026aed+3026941]\n\tGetHandleVerifier [0x0x7ff785d716fe+187406]\n\tGetHandleVerifier [0x0x7ff785d796ef+220159]\n\tGetHandleVerifier [0x0x7ff785d5faf4+114692]\n\tGetHandleVerifier [0x0x7ff785d5fca9+115129]\n\tGetHandleVerifier [0x0x7ff785d464d8+10728]\n\tBaseThreadInitThunk [0x0x7ffe121c7374+20]\n\tRtlUserThreadStart [0x0x7ffe133dcc91+33]","statusTrace":"self = <test_material.test_materialRequirementsDefinition.TestSMaterialRequirementsDefinitionPage object at 0x000002C3A98CC0A0>\nlogin_to_materialRequirementsDefinition = <selenium.webdriver.chrome.webdriver.WebDriver (session=\"dacc25a6b51737e4e0dfd6def36070b8\")>\n\n    @allure.story(\"添加测试数据需求来源编码成功\")\n    # @pytest.mark.run(order=1)\n    def test_materialRequirementsDefinition_addsuccess3(self, login_to_materialRequirementsDefinition):\n        driver = login_to_materialRequirementsDefinition  # WebDriver 实例\n        material = MaterialControlDefinition(driver)  # 用 driver 初始化 MaterialControlDefinition\n        value = \"2测试数据2\"\n>       material.add_data(value)\n\nTests\\test_material\\test_materialRequirementsDefinition.py:151: \n_ _ _ _ _ _ _ _ _ _ _ _ _ _ _ _ _ _ _ _ _ _ _ _ _ _ _ _ _ _ _ _ _ _ _ _ _ _ _ _ _ _ _ _ _ _ _ _ _ _ _ _ _ _ _ _ _ _ _ _ _ _ _ _ _ _ _ _ _ _ _ _ _ _ _ _ _ _ _ _ _ _ _ _ _ _ _ _ _ _ _ _ _ _ _ _ _ _ _ _ _ _ _ _ _ _ _ _ _ _ _ _ _ _ _ _\nPages\\materialPage\\materialControlDefinition_page.py:197: in add_data\n    self.double_click_th_dropdown_box(last_)\nPages\\materialPage\\materialControlDefinition_page.py:132: in double_click_th_dropdown_box\n    ActionChains(self.driver).double_click(self.get_find_element_xpath(d['select'])).perform()\nPages\\materialPage\\materialControlDefinition_page.py:29: in get_find_element_xpath\n    return self.find_element(By.XPATH, xpath)\nPages\\base_page.py:28: in find_element\n    return WebDriverWait(self.driver, wait_time).until(\n_ _ _ _ _ _ _ _ _ _ _ _ _ _ _ _ _ _ _ _ _ _ _ _ _ _ _ _ _ _ _ _ _ _ _ _ _ _ _ _ _ _ _ _ _ _ _ _ _ _ _ _ _ _ _ _ _ _ _ _ _ _ _ _ _ _ _ _ _ _ _ _ _ _ _ _ _ _ _ _ _ _ _ _ _ _ _ _ _ _ _ _ _ _ _ _ _ _ _ _ _ _ _ _ _ _ _ _ _ _ _ _ _ _ _ _\n\nself = <selenium.webdriver.support.wait.WebDriverWait (session=\"dacc25a6b51737e4e0dfd6def36070b8\")>, method = <function presence_of_element_located.<locals>._predicate at 0x000002C3AB66F640>, message = ''\n\n    def until(self, method: Callable[[D], Union[Literal[False], T]], message: str = \"\") -> T:\n        \"\"\"Wait until the method returns a value that is not False.\n    \n        Calls the method provided with the driver as an argument until the\n        return value does not evaluate to ``False``.\n    \n        Parameters:\n        -----------\n        method: callable(WebDriver)\n            - A callable object that takes a WebDriver instance as an argument.\n    \n        message: str\n            - Optional message for :exc:`TimeoutException`\n    \n        Return:\n        -------\n        object: T\n            - The result of the last call to `method`\n    \n        Raises:\n        -------\n        TimeoutException\n            - If 'method' does not return a truthy value within the WebDriverWait\n            object's timeout\n    \n        Example:\n        --------\n        >>> from selenium.webdriver.common.by import By\n        >>> from selenium.webdriver.support.ui import WebDriverWait\n        >>> from selenium.webdriver.support import expected_conditions as EC\n    \n        # Wait until an element is visible on the page\n        >>> wait = WebDriverWait(driver, 10)\n        >>> element = wait.until(EC.visibility_of_element_located((By.ID, \"exampleId\")))\n        >>> print(element.text)\n        \"\"\"\n        screen = None\n        stacktrace = None\n    \n        end_time = time.monotonic() + self._timeout\n        while True:\n            try:\n                value = method(self._driver)\n                if value:\n                    return value\n            except self._ignored_exceptions as exc:\n                screen = getattr(exc, \"screen\", None)\n                stacktrace = getattr(exc, \"stacktrace\", None)\n            if time.monotonic() > end_time:\n                break\n            time.sleep(self._poll)\n>       raise TimeoutException(message, screen, stacktrace)\nE       selenium.common.exceptions.TimeoutException: Message: \nE       Stacktrace:\nE       \tGetHandleVerifier [0x0x7ff785d56f65+78965]\nE       \tGetHandleVerifier [0x0x7ff785d56fc0+79056]\nE       \t(No symbol) [0x0x7ff785ae9dda]\nE       \t(No symbol) [0x0x7ff785b402ea]\nE       \t(No symbol) [0x0x7ff785b4059c]\nE       \t(No symbol) [0x0x7ff785b93f37]\nE       \t(No symbol) [0x0x7ff785b686af]\nE       \t(No symbol) [0x0x7ff785b90dbe]\nE       \t(No symbol) [0x0x7ff785b68443]\nE       \t(No symbol) [0x0x7ff785b31311]\nE       \t(No symbol) [0x0x7ff785b320a3]\nE       \tGetHandleVerifier [0x0x7ff78600e26d+2926461]\nE       \tGetHandleVerifier [0x0x7ff786008993+2903715]\nE       \tGetHandleVerifier [0x0x7ff786026aed+3026941]\nE       \tGetHandleVerifier [0x0x7ff785d716fe+187406]\nE       \tGetHandleVerifier [0x0x7ff785d796ef+220159]\nE       \tGetHandleVerifier [0x0x7ff785d5faf4+114692]\nE       \tGetHandleVerifier [0x0x7ff785d5fca9+115129]\nE       \tGetHandleVerifier [0x0x7ff785d464d8+10728]\nE       \tBaseThreadInitThunk [0x0x7ffe121c7374+20]\nE       \tRtlUserThreadStart [0x0x7ffe133dcc91+33]\n\nmyenv\\lib\\site-packages\\selenium\\webdriver\\support\\wait.py:138: TimeoutException","steps":[],"attachments":[{"uid":"7b7505feb9a6275e","name":"test_materialRequirementsDefinition_addsuccess3","source":"7b7505feb9a6275e.png","type":"image/png","size":74907},{"uid":"53fe5f43175ba4e2","name":"test_materialRequirementsDefinition_addsuccess3","source":"53fe5f43175ba4e2.png","type":"image/png","size":74907},{"uid":"4b46dddfaf9cd95f","name":"test_materialRequirementsDefinition_addsuccess3","source":"4b46dddfaf9cd95f.png","type":"image/png","size":106589},{"uid":"d75bcc869b9e1eb4","name":"log","source":"d75bcc869b9e1eb4.txt","type":"text/plain","size":13085}],"parameters":[],"stepsCount":0,"hasContent":true,"attachmentStep":false,"shouldDisplayMessage":true,"attachmentsCount":4},"afterStages":[{"name":"login_to_materialRequirementsDefinition::0","time":{"start":1765398240465,"stop":1765398242639,"duration":2174},"status":"passed","steps":[],"attachments":[],"parameters":[],"stepsCount":0,"hasContent":false,"attachmentStep":false,"shouldDisplayMessage":false,"attachmentsCount":0}],"labels":[{"name":"story","value":"添加测试数据需求来源编码成功"},{"name":"feature","value":"物控需求定义页用例"},{"name":"parentSuite","value":"Tests.test_material"},{"name":"suite","value":"test_materialRequirementsDefinition"},{"name":"subSuite","value":"TestSMaterialRequirementsDefinitionPage"},{"name":"host","value":"WIN-20240820MJV"},{"name":"thread","value":"16148-MainThread"},{"name":"framework","value":"pytest"},{"name":"language","value":"cpython3"},{"name":"package","value":"Tests.test_material.test_materialRequirementsDefinition"},{"name":"resultFormat","value":"allure2"}],"parameters":[],"links":[],"hidden":false,"retry":false,"extra":{"severity":"normal","retries":[{"uid":"c5a9c8e64b551598","status":"broken","statusDetails":"selenium.common.exceptions.TimeoutException: Message: \nStacktrace:\n\tGetHandleVerifier [0x0x7ff785d56f65+78965]\n\tGetHandleVerifier [0x0x7ff785d56fc0+79056]\n\t(No symbol) [0x0x7ff785ae9dda]\n\t(No symbol) [0x0x7ff785b402ea]\n\t(No symbol) [0x0x7ff785b4059c]\n\t(No symbol) [0x0x7ff785b93f37]\n\t(No symbol) [0x0x7ff785b686af]\n\t(No symbol) [0x0x7ff785b90dbe]\n\t(No symbol) [0x0x7ff785b68443]\n\t(No symbol) [0x0x7ff785b31311]\n\t(No symbol) [0x0x7ff785b320a3]\n\tGetHandleVerifier [0x0x7ff78600e26d+2926461]\n\tGetHandleVerifier [0x0x7ff786008993+2903715]\n\tGetHandleVerifier [0x0x7ff786026aed+3026941]\n\tGetHandleVerifier [0x0x7ff785d716fe+187406]\n\tGetHandleVerifier [0x0x7ff785d796ef+220159]\n\tGetHandleVerifier [0x0x7ff785d5faf4+114692]\n\tGetHandleVerifier [0x0x7ff785d5fca9+115129]\n\tGetHandleVerifier [0x0x7ff785d464d8+10728]\n\tBaseThreadInitThunk [0x0x7ffe121c7374+20]\n\tRtlUserThreadStart [0x0x7ffe133dcc91+33]","time":{"start":1765398156124,"stop":1765398190242,"duration":34118}}],"categories":[{"name":"Test defects","matchedStatuses":[]}],"tags":[]},"source":"e6ef9a3d2d857b38.json","parameterValues":[]}