{"uid":"e890c94c807276a9","name":"test_interfaceexecution_select2","fullName":"Tests.test_system.test_interfaceexecution.TestsInterfaceExecutionPage#test_interfaceexecution_select2","historyId":"3221970daf518bf1fdde1ae6d9d62560","time":{"start":1762900817327,"stop":1762900825454,"duration":8127},"status":"failed","statusMessage":"AssertionError: assert False\n +  where False = all(<generator object TestsInterfaceExecutionPage.test_interfaceexecution_select2.<locals>.<genexpr> at 0x0000017149270970>)","statusTrace":"self = <test_system.test_interfaceexecution.TestsInterfaceExecutionPage object at 0x000001714A837790>, login_to_interfaceexecution = <selenium.webdriver.chrome.webdriver.WebDriver (session=\"5c285764cf72606626300e02ae880b45\")>\n\n    @allure.story(\"过滤条件查询，设置包含条件查询成功\")\n    # @pytest.mark.run(order=1)\n    def test_interfaceexecution_select2(self, login_to_interfaceexecution):\n        driver = login_to_interfaceexecution  # WebDriver 实例\n        interface = ImpPage(driver)  # 用 driver 初始化 ImpPage\n        interface.wait_for_loading_to_disappear()\n        name = \"1测试\"\n        interface.click_button('//div[p[text()=\"接口名称\"]]/following-sibling::div//i')\n        interface.hover(\"包含\")\n        sleep(1)\n        interface.select_input(name)\n        sleep(1)\n        eles = interface.finds_elements(By.XPATH, '//table[@class=\"vxe-table--body\"]//tr//td[3]')\n        sleep(1)\n        list_ = [ele.text for ele in eles]\n>       assert all(name in text for text in list_)\nE       assert False\nE        +  where False = all(<generator object TestsInterfaceExecutionPage.test_interfaceexecution_select2.<locals>.<genexpr> at 0x0000017149270970>)\n\nTests\\test_system\\test_interfaceexecution.py:178: AssertionError","flaky":false,"newFailed":false,"newBroken":false,"newPassed":false,"retriesCount":1,"retriesStatusChange":false,"beforeStages":[{"name":"login_to_interfaceexecution","time":{"start":1762900807603,"stop":1762900817327,"duration":9724},"status":"passed","steps":[],"attachments":[],"parameters":[],"attachmentStep":false,"hasContent":false,"stepsCount":0,"attachmentsCount":0,"shouldDisplayMessage":false}],"testStage":{"status":"failed","statusMessage":"AssertionError: assert False\n +  where False = all(<generator object TestsInterfaceExecutionPage.test_interfaceexecution_select2.<locals>.<genexpr> at 0x0000017149270970>)","statusTrace":"self = <test_system.test_interfaceexecution.TestsInterfaceExecutionPage object at 0x000001714A837790>, login_to_interfaceexecution = <selenium.webdriver.chrome.webdriver.WebDriver (session=\"5c285764cf72606626300e02ae880b45\")>\n\n    @allure.story(\"过滤条件查询，设置包含条件查询成功\")\n    # @pytest.mark.run(order=1)\n    def test_interfaceexecution_select2(self, login_to_interfaceexecution):\n        driver = login_to_interfaceexecution  # WebDriver 实例\n        interface = ImpPage(driver)  # 用 driver 初始化 ImpPage\n        interface.wait_for_loading_to_disappear()\n        name = \"1测试\"\n        interface.click_button('//div[p[text()=\"接口名称\"]]/following-sibling::div//i')\n        interface.hover(\"包含\")\n        sleep(1)\n        interface.select_input(name)\n        sleep(1)\n        eles = interface.finds_elements(By.XPATH, '//table[@class=\"vxe-table--body\"]//tr//td[3]')\n        sleep(1)\n        list_ = [ele.text for ele in eles]\n>       assert all(name in text for text in list_)\nE       assert False\nE        +  where False = all(<generator object TestsInterfaceExecutionPage.test_interfaceexecution_select2.<locals>.<genexpr> at 0x0000017149270970>)\n\nTests\\test_system\\test_interfaceexecution.py:178: AssertionError","steps":[],"attachments":[{"uid":"b6695dfab97ac4c3","name":"test_interfaceexecution_select2_failure","source":"b6695dfab97ac4c3.png","type":"image/png","size":60601},{"uid":"b4d4b212b178619c","name":"test_interfaceexecution_select2_source","source":"b4d4b212b178619c.html","type":"text/html","size":1106638},{"uid":"a60d526c5eadc200","name":"log","source":"a60d526c5eadc200.txt","type":"text/plain","size":3283}],"parameters":[],"attachmentStep":false,"hasContent":true,"stepsCount":0,"attachmentsCount":3,"shouldDisplayMessage":true},"afterStages":[{"name":"login_to_interfaceexecution::0","time":{"start":1762900825603,"stop":1762900827764,"duration":2161},"status":"passed","steps":[],"attachments":[],"parameters":[],"attachmentStep":false,"hasContent":false,"stepsCount":0,"attachmentsCount":0,"shouldDisplayMessage":false}],"labels":[{"name":"feature","value":"接口执行页用例"},{"name":"story","value":"过滤条件查询，设置包含条件查询成功"},{"name":"parentSuite","value":"Tests.test_system"},{"name":"suite","value":"test_interfaceexecution"},{"name":"subSuite","value":"TestsInterfaceExecutionPage"},{"name":"host","value":"WIN-20240820MJV"},{"name":"thread","value":"16176-MainThread"},{"name":"framework","value":"pytest"},{"name":"language","value":"cpython3"},{"name":"package","value":"Tests.test_system.test_interfaceexecution"},{"name":"resultFormat","value":"allure2"}],"parameters":[],"links":[],"hidden":false,"retry":false,"extra":{"severity":"normal","retries":[{"uid":"ab8453b44d06f4e9","status":"failed","statusDetails":"AssertionError: assert False\n +  where False = all(<generator object TestsInterfaceExecutionPage.test_interfaceexecution_select2.<locals>.<genexpr> at 0x0000017149273BC0>)","time":{"start":1762900797131,"stop":1762900805249,"duration":8118}}],"categories":[{"name":"Product defects","matchedStatuses":[]}],"tags":[]},"source":"e890c94c807276a9.json","parameterValues":[]}