{"uid":"e9a06b4979606450","name":"test_acceptdata_select4","fullName":"Tests.test_system.test_acceptdata.TestSAcceptDataPage#test_acceptdata_select4","historyId":"f78255b9054a9e71bfe9622ab3f1cec2","time":{"start":1762392398097,"stop":1762392406263,"duration":8166},"status":"failed","statusMessage":"AssertionError: assert False\n +  where False = all(<generator object TestSAcceptDataPage.test_acceptdata_select4.<locals>.<genexpr> at 0x0000023D346FA1F0>)","statusTrace":"self = <test_system.test_acceptdata.TestSAcceptDataPage object at 0x0000023D31DFA6E0>, login_to_acceptdata = <selenium.webdriver.chrome.webdriver.WebDriver (session=\"8513aa78d22b05cec0389f4ce44e7ec0\")>\n\n    @allure.story(\"过滤条件查询，设置符合结尾查询成功\")\n    # @pytest.mark.run(order=1)\n    def test_acceptdata_select4(self, login_to_acceptdata):\n        driver = login_to_acceptdata  # WebDriver 实例\n        acceptdata = ImpPage(driver)  # 用 driver 初始化 ImpPage\n        acceptdata.wait_for_loading_to_disappear()\n        name = \"2\"\n        acceptdata.click_button('//div[p[text()=\"接口名称\"]]/following-sibling::div//i')\n        acceptdata.hover(\"符合结尾\")\n        sleep(1)\n        acceptdata.select_input(name)\n        sleep(1)\n        eles = acceptdata.finds_elements(By.XPATH, '//table[@class=\"vxe-table--body\"]//tr//td[3]')\n        sleep(1)\n        list_ = [ele.text for ele in eles]\n>       assert all(str(item).endswith(name) for item in list_)\nE       assert False\nE        +  where False = all(<generator object TestSAcceptDataPage.test_acceptdata_select4.<locals>.<genexpr> at 0x0000023D346FA1F0>)\n\nTests\\test_system\\test_acceptdata.py:330: AssertionError","flaky":false,"newFailed":false,"newBroken":false,"newPassed":false,"retriesCount":0,"retriesStatusChange":false,"beforeStages":[{"name":"login_to_acceptdata","time":{"start":1762392383487,"stop":1762392398096,"duration":14609},"status":"passed","steps":[],"attachments":[],"parameters":[],"stepsCount":0,"hasContent":false,"attachmentStep":false,"attachmentsCount":0,"shouldDisplayMessage":false}],"testStage":{"status":"failed","statusMessage":"AssertionError: assert False\n +  where False = all(<generator object TestSAcceptDataPage.test_acceptdata_select4.<locals>.<genexpr> at 0x0000023D346FA1F0>)","statusTrace":"self = <test_system.test_acceptdata.TestSAcceptDataPage object at 0x0000023D31DFA6E0>, login_to_acceptdata = <selenium.webdriver.chrome.webdriver.WebDriver (session=\"8513aa78d22b05cec0389f4ce44e7ec0\")>\n\n    @allure.story(\"过滤条件查询，设置符合结尾查询成功\")\n    # @pytest.mark.run(order=1)\n    def test_acceptdata_select4(self, login_to_acceptdata):\n        driver = login_to_acceptdata  # WebDriver 实例\n        acceptdata = ImpPage(driver)  # 用 driver 初始化 ImpPage\n        acceptdata.wait_for_loading_to_disappear()\n        name = \"2\"\n        acceptdata.click_button('//div[p[text()=\"接口名称\"]]/following-sibling::div//i')\n        acceptdata.hover(\"符合结尾\")\n        sleep(1)\n        acceptdata.select_input(name)\n        sleep(1)\n        eles = acceptdata.finds_elements(By.XPATH, '//table[@class=\"vxe-table--body\"]//tr//td[3]')\n        sleep(1)\n        list_ = [ele.text for ele in eles]\n>       assert all(str(item).endswith(name) for item in list_)\nE       assert False\nE        +  where False = all(<generator object TestSAcceptDataPage.test_acceptdata_select4.<locals>.<genexpr> at 0x0000023D346FA1F0>)\n\nTests\\test_system\\test_acceptdata.py:330: AssertionError","steps":[],"attachments":[{"uid":"75be24a160a9a3fb","name":"test_acceptdata_select4_failure","source":"75be24a160a9a3fb.png","type":"image/png","size":64371},{"uid":"21f81cccc7513f94","name":"test_acceptdata_select4_source","source":"21f81cccc7513f94.html","type":"text/html","size":1128225},{"uid":"1f29797c46680fed","name":"log","source":"1f29797c46680fed.txt","type":"text/plain","size":1641}],"parameters":[],"stepsCount":0,"hasContent":true,"attachmentStep":false,"attachmentsCount":3,"shouldDisplayMessage":true},"afterStages":[{"name":"login_to_acceptdata::0","time":{"start":1762392406412,"stop":1762392408569,"duration":2157},"status":"passed","steps":[],"attachments":[],"parameters":[],"stepsCount":0,"hasContent":false,"attachmentStep":false,"attachmentsCount":0,"shouldDisplayMessage":false}],"labels":[{"name":"story","value":"过滤条件查询，设置符合结尾查询成功"},{"name":"feature","value":"接收数据页用例"},{"name":"parentSuite","value":"Tests.test_system"},{"name":"suite","value":"test_acceptdata"},{"name":"subSuite","value":"TestSAcceptDataPage"},{"name":"host","value":"WIN-20240820MJV"},{"name":"thread","value":"34192-MainThread"},{"name":"framework","value":"pytest"},{"name":"language","value":"cpython3"},{"name":"package","value":"Tests.test_system.test_acceptdata"},{"name":"resultFormat","value":"allure2"}],"parameters":[],"links":[],"hidden":true,"retry":true,"extra":{"categories":[],"tags":[]},"source":"e9a06b4979606450.json","parameterValues":[]}