{"uid":"eb49fec622225880","name":"test_unit_ctrlM","fullName":"Tests.test_system.test_planUnit.TestPlanUnitPage#test_unit_ctrlM","historyId":"d768e1f4378d29ddeef62d945b019016","time":{"start":1769802769427,"stop":1769802784113,"duration":14686},"status":"broken","statusMessage":"selenium.common.exceptions.TimeoutException: Message: \nStacktrace:\n\tGetHandleVerifier [0x0x7ff6634d6f65+78965]\n\tGetHandleVerifier [0x0x7ff6634d6fc0+79056]\n\t(No symbol) [0x0x7ff663269dda]\n\t(No symbol) [0x0x7ff6632c02ea]\n\t(No symbol) [0x0x7ff6632c059c]\n\t(No symbol) [0x0x7ff663313f37]\n\t(No symbol) [0x0x7ff6632e86af]\n\t(No symbol) [0x0x7ff663310dbe]\n\t(No symbol) [0x0x7ff6632e8443]\n\t(No symbol) [0x0x7ff6632b1311]\n\t(No symbol) [0x0x7ff6632b20a3]\n\tGetHandleVerifier [0x0x7ff66378e26d+2926461]\n\tGetHandleVerifier [0x0x7ff663788993+2903715]\n\tGetHandleVerifier [0x0x7ff6637a6aed+3026941]\n\tGetHandleVerifier [0x0x7ff6634f16fe+187406]\n\tGetHandleVerifier [0x0x7ff6634f96ef+220159]\n\tGetHandleVerifier [0x0x7ff6634dfaf4+114692]\n\tGetHandleVerifier [0x0x7ff6634dfca9+115129]\n\tGetHandleVerifier [0x0x7ff6634c64d8+10728]\n\tBaseThreadInitThunk [0x0x7ffa14ef7374+20]\n\tRtlUserThreadStart [0x0x7ffa16b1cc91+33]","statusTrace":"self = <test_system.test_planUnit.TestPlanUnitPage object at 0x000001F73E17FE20>, login_to_planUnit = <selenium.webdriver.chrome.webdriver.WebDriver (session=\"5fade2a1ad20fb8223ff4c61a7b12c17\")>\n\n    @allure.story(\"模拟ctrl+m修改\")\n    # @pytest.mark.run(order=1)\n    def test_unit_ctrlM(self, login_to_planUnit):\n        driver = login_to_planUnit  # WebDriver 实例\n        unit = PlanUnitPage(driver)  # 用 driver 初始化 PlanUnitPage\n        unit.click_button('//table[@class=\"vxe-table--body\"]//tr[1]//td[2]')\n        ActionChains(driver).key_down(Keys.CONTROL).send_keys('m').key_up(Keys.CONTROL).perform()\n        unit.click_button('(//table[@class=\"vxe-table--body\"]//tr[1]/td[2])[2]')\n        unit.enter_texts('(//table[@class=\"vxe-table--body\"]//tr[1]/td[3])[2]//input', '1没有数据修改')\n        ele1 = unit.get_find_element_xpath(\n            '(//table[@class=\"vxe-table--body\"]//tr[1]/td[3])[2]//input').get_attribute(\n            \"value\")\n        unit.click_button('//div[@class=\"vxe-modal--footer\"]//span[text()=\"确定\"]')\n        unit.get_find_message()\n        unit.select_input('1没有数据添加')\n        ele2 = unit.get_find_element_xpath('(//table[@class=\"vxe-table--body\"]//tr[1]/td[3])[1]').get_attribute(\n            \"innerText\")\n        assert ele1 == ele2\n        unit.click_button('//table[@class=\"vxe-table--body\"]//tr[1]//td[2]')\n        unit.click_all_button('删除')\n        unit.click_button('//div[@class=\"ivu-modal-confirm-footer\"]//span[text()=\"确定\"]')\n>       message = unit.get_find_message()\n\nTests\\test_system\\test_planUnit.py:871: \n_ _ _ _ _ _ _ _ _ _ _ _ _ _ _ _ _ _ _ _ _ _ _ _ _ _ _ _ _ _ _ _ _ _ _ _ _ _ _ _ _ _ _ _ _ _ _ _ _ _ _ _ _ _ _ _ _ _ _ _ _ _ _ _ _ _ _ _ _ _ _ _ _ _ _ _ _ _ _ _ _ _ _ _ _ _ _ _ _ _ _ _ _ _ _ _ _ _ _ _ _ _ _ _ _ _ _ _ _ _ _ _ _ _ _ _\nPages\\systemPage\\planUnit_page.py:35: in get_find_message\n    message = WebDriverWait(self.driver, 10).until(\n_ _ _ _ _ _ _ _ _ _ _ _ _ _ _ _ _ _ _ _ _ _ _ _ _ _ _ _ _ _ _ _ _ _ _ _ _ _ _ _ _ _ _ _ _ _ _ _ _ _ _ _ _ _ _ _ _ _ _ _ _ _ _ _ _ _ _ _ _ _ _ _ _ _ _ _ _ _ _ _ _ _ _ _ _ _ _ _ _ _ _ _ _ _ _ _ _ _ _ _ _ _ _ _ _ _ _ _ _ _ _ _ _ _ _ _\n\nself = <selenium.webdriver.support.wait.WebDriverWait (session=\"5fade2a1ad20fb8223ff4c61a7b12c17\")>, method = <function visibility_of_element_located.<locals>._predicate at 0x000001F73C11AA70>, message = ''\n\n    def until(self, method: Callable[[D], Union[Literal[False], T]], message: str = \"\") -> T:\n        \"\"\"Wait until the method returns a value that is not False.\n    \n        Calls the method provided with the driver as an argument until the\n        return value does not evaluate to ``False``.\n    \n        Parameters:\n        -----------\n        method: callable(WebDriver)\n            - A callable object that takes a WebDriver instance as an argument.\n    \n        message: str\n            - Optional message for :exc:`TimeoutException`\n    \n        Return:\n        -------\n        object: T\n            - The result of the last call to `method`\n    \n        Raises:\n        -------\n        TimeoutException\n            - If 'method' does not return a truthy value within the WebDriverWait\n            object's timeout\n    \n        Example:\n        --------\n        >>> from selenium.webdriver.common.by import By\n        >>> from selenium.webdriver.support.ui import WebDriverWait\n        >>> from selenium.webdriver.support import expected_conditions as EC\n    \n        # Wait until an element is visible on the page\n        >>> wait = WebDriverWait(driver, 10)\n        >>> element = wait.until(EC.visibility_of_element_located((By.ID, \"exampleId\")))\n        >>> print(element.text)\n        \"\"\"\n        screen = None\n        stacktrace = None\n    \n        end_time = time.monotonic() + self._timeout\n        while True:\n            try:\n                value = method(self._driver)\n                if value:\n                    return value\n            except self._ignored_exceptions as exc:\n                screen = getattr(exc, \"screen\", None)\n                stacktrace = getattr(exc, \"stacktrace\", None)\n            if time.monotonic() > end_time:\n                break\n            time.sleep(self._poll)\n>       raise TimeoutException(message, screen, stacktrace)\nE       selenium.common.exceptions.TimeoutException: Message: \nE       Stacktrace:\nE       \tGetHandleVerifier [0x0x7ff6634d6f65+78965]\nE       \tGetHandleVerifier [0x0x7ff6634d6fc0+79056]\nE       \t(No symbol) [0x0x7ff663269dda]\nE       \t(No symbol) [0x0x7ff6632c02ea]\nE       \t(No symbol) [0x0x7ff6632c059c]\nE       \t(No symbol) [0x0x7ff663313f37]\nE       \t(No symbol) [0x0x7ff6632e86af]\nE       \t(No symbol) [0x0x7ff663310dbe]\nE       \t(No symbol) [0x0x7ff6632e8443]\nE       \t(No symbol) [0x0x7ff6632b1311]\nE       \t(No symbol) [0x0x7ff6632b20a3]\nE       \tGetHandleVerifier [0x0x7ff66378e26d+2926461]\nE       \tGetHandleVerifier [0x0x7ff663788993+2903715]\nE       \tGetHandleVerifier [0x0x7ff6637a6aed+3026941]\nE       \tGetHandleVerifier [0x0x7ff6634f16fe+187406]\nE       \tGetHandleVerifier [0x0x7ff6634f96ef+220159]\nE       \tGetHandleVerifier [0x0x7ff6634dfaf4+114692]\nE       \tGetHandleVerifier [0x0x7ff6634dfca9+115129]\nE       \tGetHandleVerifier [0x0x7ff6634c64d8+10728]\nE       \tBaseThreadInitThunk [0x0x7ffa14ef7374+20]\nE       \tRtlUserThreadStart [0x0x7ffa16b1cc91+33]\n\nmyenv\\lib\\site-packages\\selenium\\webdriver\\support\\wait.py:138: TimeoutException","flaky":false,"newFailed":false,"newBroken":false,"newPassed":false,"retriesCount":0,"retriesStatusChange":false,"beforeStages":[{"name":"login_to_planUnit","time":{"start":1769802450389,"stop":1769802464568,"duration":14179},"status":"passed","steps":[],"attachments":[],"parameters":[],"attachmentStep":false,"hasContent":false,"stepsCount":0,"attachmentsCount":0,"shouldDisplayMessage":false}],"testStage":{"status":"broken","statusMessage":"selenium.common.exceptions.TimeoutException: Message: \nStacktrace:\n\tGetHandleVerifier [0x0x7ff6634d6f65+78965]\n\tGetHandleVerifier [0x0x7ff6634d6fc0+79056]\n\t(No symbol) [0x0x7ff663269dda]\n\t(No symbol) [0x0x7ff6632c02ea]\n\t(No symbol) [0x0x7ff6632c059c]\n\t(No symbol) [0x0x7ff663313f37]\n\t(No symbol) [0x0x7ff6632e86af]\n\t(No symbol) [0x0x7ff663310dbe]\n\t(No symbol) [0x0x7ff6632e8443]\n\t(No symbol) [0x0x7ff6632b1311]\n\t(No symbol) [0x0x7ff6632b20a3]\n\tGetHandleVerifier [0x0x7ff66378e26d+2926461]\n\tGetHandleVerifier [0x0x7ff663788993+2903715]\n\tGetHandleVerifier [0x0x7ff6637a6aed+3026941]\n\tGetHandleVerifier [0x0x7ff6634f16fe+187406]\n\tGetHandleVerifier [0x0x7ff6634f96ef+220159]\n\tGetHandleVerifier [0x0x7ff6634dfaf4+114692]\n\tGetHandleVerifier [0x0x7ff6634dfca9+115129]\n\tGetHandleVerifier [0x0x7ff6634c64d8+10728]\n\tBaseThreadInitThunk [0x0x7ffa14ef7374+20]\n\tRtlUserThreadStart [0x0x7ffa16b1cc91+33]","statusTrace":"self = <test_system.test_planUnit.TestPlanUnitPage object at 0x000001F73E17FE20>, login_to_planUnit = <selenium.webdriver.chrome.webdriver.WebDriver (session=\"5fade2a1ad20fb8223ff4c61a7b12c17\")>\n\n    @allure.story(\"模拟ctrl+m修改\")\n    # @pytest.mark.run(order=1)\n    def test_unit_ctrlM(self, login_to_planUnit):\n        driver = login_to_planUnit  # WebDriver 实例\n        unit = PlanUnitPage(driver)  # 用 driver 初始化 PlanUnitPage\n        unit.click_button('//table[@class=\"vxe-table--body\"]//tr[1]//td[2]')\n        ActionChains(driver).key_down(Keys.CONTROL).send_keys('m').key_up(Keys.CONTROL).perform()\n        unit.click_button('(//table[@class=\"vxe-table--body\"]//tr[1]/td[2])[2]')\n        unit.enter_texts('(//table[@class=\"vxe-table--body\"]//tr[1]/td[3])[2]//input', '1没有数据修改')\n        ele1 = unit.get_find_element_xpath(\n            '(//table[@class=\"vxe-table--body\"]//tr[1]/td[3])[2]//input').get_attribute(\n            \"value\")\n        unit.click_button('//div[@class=\"vxe-modal--footer\"]//span[text()=\"确定\"]')\n        unit.get_find_message()\n        unit.select_input('1没有数据添加')\n        ele2 = unit.get_find_element_xpath('(//table[@class=\"vxe-table--body\"]//tr[1]/td[3])[1]').get_attribute(\n            \"innerText\")\n        assert ele1 == ele2\n        unit.click_button('//table[@class=\"vxe-table--body\"]//tr[1]//td[2]')\n        unit.click_all_button('删除')\n        unit.click_button('//div[@class=\"ivu-modal-confirm-footer\"]//span[text()=\"确定\"]')\n>       message = unit.get_find_message()\n\nTests\\test_system\\test_planUnit.py:871: \n_ _ _ _ _ _ _ _ _ _ _ _ _ _ _ _ _ _ _ _ _ _ _ _ _ _ _ _ _ _ _ _ _ _ _ _ _ _ _ _ _ _ _ _ _ _ _ _ _ _ _ _ _ _ _ _ _ _ _ _ _ _ _ _ _ _ _ _ _ _ _ _ _ _ _ _ _ _ _ _ _ _ _ _ _ _ _ _ _ _ _ _ _ _ _ _ _ _ _ _ _ _ _ _ _ _ _ _ _ _ _ _ _ _ _ _\nPages\\systemPage\\planUnit_page.py:35: in get_find_message\n    message = WebDriverWait(self.driver, 10).until(\n_ _ _ _ _ _ _ _ _ _ _ _ _ _ _ _ _ _ _ _ _ _ _ _ _ _ _ _ _ _ _ _ _ _ _ _ _ _ _ _ _ _ _ _ _ _ _ _ _ _ _ _ _ _ _ _ _ _ _ _ _ _ _ _ _ _ _ _ _ _ _ _ _ _ _ _ _ _ _ _ _ _ _ _ _ _ _ _ _ _ _ _ _ _ _ _ _ _ _ _ _ _ _ _ _ _ _ _ _ _ _ _ _ _ _ _\n\nself = <selenium.webdriver.support.wait.WebDriverWait (session=\"5fade2a1ad20fb8223ff4c61a7b12c17\")>, method = <function visibility_of_element_located.<locals>._predicate at 0x000001F73C11AA70>, message = ''\n\n    def until(self, method: Callable[[D], Union[Literal[False], T]], message: str = \"\") -> T:\n        \"\"\"Wait until the method returns a value that is not False.\n    \n        Calls the method provided with the driver as an argument until the\n        return value does not evaluate to ``False``.\n    \n        Parameters:\n        -----------\n        method: callable(WebDriver)\n            - A callable object that takes a WebDriver instance as an argument.\n    \n        message: str\n            - Optional message for :exc:`TimeoutException`\n    \n        Return:\n        -------\n        object: T\n            - The result of the last call to `method`\n    \n        Raises:\n        -------\n        TimeoutException\n            - If 'method' does not return a truthy value within the WebDriverWait\n            object's timeout\n    \n        Example:\n        --------\n        >>> from selenium.webdriver.common.by import By\n        >>> from selenium.webdriver.support.ui import WebDriverWait\n        >>> from selenium.webdriver.support import expected_conditions as EC\n    \n        # Wait until an element is visible on the page\n        >>> wait = WebDriverWait(driver, 10)\n        >>> element = wait.until(EC.visibility_of_element_located((By.ID, \"exampleId\")))\n        >>> print(element.text)\n        \"\"\"\n        screen = None\n        stacktrace = None\n    \n        end_time = time.monotonic() + self._timeout\n        while True:\n            try:\n                value = method(self._driver)\n                if value:\n                    return value\n            except self._ignored_exceptions as exc:\n                screen = getattr(exc, \"screen\", None)\n                stacktrace = getattr(exc, \"stacktrace\", None)\n            if time.monotonic() > end_time:\n                break\n            time.sleep(self._poll)\n>       raise TimeoutException(message, screen, stacktrace)\nE       selenium.common.exceptions.TimeoutException: Message: \nE       Stacktrace:\nE       \tGetHandleVerifier [0x0x7ff6634d6f65+78965]\nE       \tGetHandleVerifier [0x0x7ff6634d6fc0+79056]\nE       \t(No symbol) [0x0x7ff663269dda]\nE       \t(No symbol) [0x0x7ff6632c02ea]\nE       \t(No symbol) [0x0x7ff6632c059c]\nE       \t(No symbol) [0x0x7ff663313f37]\nE       \t(No symbol) [0x0x7ff6632e86af]\nE       \t(No symbol) [0x0x7ff663310dbe]\nE       \t(No symbol) [0x0x7ff6632e8443]\nE       \t(No symbol) [0x0x7ff6632b1311]\nE       \t(No symbol) [0x0x7ff6632b20a3]\nE       \tGetHandleVerifier [0x0x7ff66378e26d+2926461]\nE       \tGetHandleVerifier [0x0x7ff663788993+2903715]\nE       \tGetHandleVerifier [0x0x7ff6637a6aed+3026941]\nE       \tGetHandleVerifier [0x0x7ff6634f16fe+187406]\nE       \tGetHandleVerifier [0x0x7ff6634f96ef+220159]\nE       \tGetHandleVerifier [0x0x7ff6634dfaf4+114692]\nE       \tGetHandleVerifier [0x0x7ff6634dfca9+115129]\nE       \tGetHandleVerifier [0x0x7ff6634c64d8+10728]\nE       \tBaseThreadInitThunk [0x0x7ffa14ef7374+20]\nE       \tRtlUserThreadStart [0x0x7ffa16b1cc91+33]\n\nmyenv\\lib\\site-packages\\selenium\\webdriver\\support\\wait.py:138: TimeoutException","steps":[],"attachments":[{"uid":"29cec8594e544a78","name":"test_unit_ctrlM_20260131_035304","source":"29cec8594e544a78.png","type":"image/png","size":151137},{"uid":"c44d172659f50e15","name":"test_unit_ctrlM_20260131_035304","source":"c44d172659f50e15.png","type":"image/png","size":141106},{"uid":"668cd431a5b9133a","name":"test_unit_ctrlM_20260131_035304","source":"668cd431a5b9133a.png","type":"image/png","size":76428},{"uid":"cb2b41bb2dd2fcff","name":"log","source":"cb2b41bb2dd2fcff.txt","type":"text/plain","size":1506}],"parameters":[],"attachmentStep":false,"hasContent":true,"stepsCount":0,"attachmentsCount":4,"shouldDisplayMessage":true},"afterStages":[{"name":"login_to_planUnit::0","time":{"start":1769802896584,"stop":1769802898784,"duration":2200},"status":"passed","steps":[],"attachments":[],"parameters":[],"attachmentStep":false,"hasContent":false,"stepsCount":0,"attachmentsCount":0,"shouldDisplayMessage":false}],"labels":[{"name":"feature","value":"计划单元页用例"},{"name":"story","value":"模拟ctrl+m修改"},{"name":"parentSuite","value":"Tests.test_system"},{"name":"suite","value":"test_planUnit"},{"name":"subSuite","value":"TestPlanUnitPage"},{"name":"host","value":"WIN-20240820MJV"},{"name":"thread","value":"18148-MainThread"},{"name":"framework","value":"pytest"},{"name":"language","value":"cpython3"},{"name":"package","value":"Tests.test_system.test_planUnit"},{"name":"resultFormat","value":"allure2"}],"parameters":[],"links":[],"hidden":true,"retry":true,"extra":{"categories":[],"tags":[]},"source":"eb49fec622225880.json","parameterValues":[]}