{"uid":"eb7ea6bb8d217b5","name":"test_acceptdata_select4","fullName":"Tests.test_system.test_acceptdata.TestSAcceptDataPage#test_acceptdata_select4","historyId":"f78255b9054a9e71bfe9622ab3f1cec2","time":{"start":1763508037922,"stop":1763508046144,"duration":8222},"status":"failed","statusMessage":"AssertionError: assert False\n +  where False = all(<generator object TestSAcceptDataPage.test_acceptdata_select4.<locals>.<genexpr> at 0x0000011B493351C0>)","statusTrace":"self = <test_system.test_acceptdata.TestSAcceptDataPage object at 0x0000011B46EA4520>, login_to_acceptdata = <selenium.webdriver.chrome.webdriver.WebDriver (session=\"48e4df31fedca335891807fd3d5cd82a\")>\n\n    @allure.story(\"过滤条件查询，设置符合结尾查询成功\")\n    # @pytest.mark.run(order=1)\n    def test_acceptdata_select4(self, login_to_acceptdata):\n        driver = login_to_acceptdata  # WebDriver 实例\n        acceptdata = ImpPage(driver)  # 用 driver 初始化 ImpPage\n        acceptdata.wait_for_el_loading_mask()\n        name = \"2\"\n        acceptdata.click_button('//div[p[text()=\"接口名称\"]]/following-sibling::div//i')\n        acceptdata.hover(\"符合结尾\")\n        sleep(1)\n        acceptdata.select_input(name)\n        sleep(1)\n        eles = acceptdata.finds_elements(By.XPATH, '//table[@class=\"vxe-table--body\"]//tr//td[3]')\n        sleep(1)\n        list_ = [ele.text for ele in eles]\n>       assert all(str(item).endswith(name) for item in list_)\nE       assert False\nE        +  where False = all(<generator object TestSAcceptDataPage.test_acceptdata_select4.<locals>.<genexpr> at 0x0000011B493351C0>)\n\nTests\\test_system\\test_acceptdata.py:331: AssertionError","flaky":false,"newFailed":false,"newBroken":false,"newPassed":false,"retriesCount":0,"retriesStatusChange":false,"beforeStages":[{"name":"login_to_acceptdata","time":{"start":1763508025924,"stop":1763508037921,"duration":11997},"status":"passed","steps":[],"attachments":[],"parameters":[],"shouldDisplayMessage":false,"attachmentsCount":0,"stepsCount":0,"hasContent":false,"attachmentStep":false}],"testStage":{"status":"failed","statusMessage":"AssertionError: assert False\n +  where False = all(<generator object TestSAcceptDataPage.test_acceptdata_select4.<locals>.<genexpr> at 0x0000011B493351C0>)","statusTrace":"self = <test_system.test_acceptdata.TestSAcceptDataPage object at 0x0000011B46EA4520>, login_to_acceptdata = <selenium.webdriver.chrome.webdriver.WebDriver (session=\"48e4df31fedca335891807fd3d5cd82a\")>\n\n    @allure.story(\"过滤条件查询，设置符合结尾查询成功\")\n    # @pytest.mark.run(order=1)\n    def test_acceptdata_select4(self, login_to_acceptdata):\n        driver = login_to_acceptdata  # WebDriver 实例\n        acceptdata = ImpPage(driver)  # 用 driver 初始化 ImpPage\n        acceptdata.wait_for_el_loading_mask()\n        name = \"2\"\n        acceptdata.click_button('//div[p[text()=\"接口名称\"]]/following-sibling::div//i')\n        acceptdata.hover(\"符合结尾\")\n        sleep(1)\n        acceptdata.select_input(name)\n        sleep(1)\n        eles = acceptdata.finds_elements(By.XPATH, '//table[@class=\"vxe-table--body\"]//tr//td[3]')\n        sleep(1)\n        list_ = [ele.text for ele in eles]\n>       assert all(str(item).endswith(name) for item in list_)\nE       assert False\nE        +  where False = all(<generator object TestSAcceptDataPage.test_acceptdata_select4.<locals>.<genexpr> at 0x0000011B493351C0>)\n\nTests\\test_system\\test_acceptdata.py:331: AssertionError","steps":[],"attachments":[{"uid":"63b6315f07fe1959","name":"test_acceptdata_select4_failure","source":"63b6315f07fe1959.png","type":"image/png","size":98182},{"uid":"ba9c5a6265793761","name":"test_acceptdata_select4_source","source":"ba9c5a6265793761.html","type":"text/html","size":1165113},{"uid":"15c48be1cd0358a0","name":"log","source":"15c48be1cd0358a0.txt","type":"text/plain","size":1641}],"parameters":[],"shouldDisplayMessage":true,"attachmentsCount":3,"stepsCount":0,"hasContent":true,"attachmentStep":false},"afterStages":[{"name":"login_to_acceptdata::0","time":{"start":1763508046278,"stop":1763508048452,"duration":2174},"status":"passed","steps":[],"attachments":[],"parameters":[],"shouldDisplayMessage":false,"attachmentsCount":0,"stepsCount":0,"hasContent":false,"attachmentStep":false}],"labels":[{"name":"feature","value":"接收数据页用例"},{"name":"story","value":"过滤条件查询，设置符合结尾查询成功"},{"name":"parentSuite","value":"Tests.test_system"},{"name":"suite","value":"test_acceptdata"},{"name":"subSuite","value":"TestSAcceptDataPage"},{"name":"host","value":"WIN-20240820MJV"},{"name":"thread","value":"25116-MainThread"},{"name":"framework","value":"pytest"},{"name":"language","value":"cpython3"},{"name":"package","value":"Tests.test_system.test_acceptdata"},{"name":"resultFormat","value":"allure2"}],"parameters":[],"links":[],"hidden":true,"retry":true,"extra":{"categories":[],"tags":[]},"source":"eb7ea6bb8d217b5.json","parameterValues":[]}