{"uid":"ec8ca7496858b7d6","name":"test_inTransitInventory_addsuccess1","fullName":"Tests.test_material.test_inTransitInventory.TestItemPage#test_inTransitInventory_addsuccess1","historyId":"4ef3fac9e1255c02164acdfd666f8d4e","time":{"start":1764267152564,"stop":1764267174301,"duration":21737},"status":"broken","statusMessage":"selenium.common.exceptions.NoSuchElementException: Message: 元素未找到（XPath列表第1个）: //div[@id='57p8grgc-dh81']//input; For documentation on this error, please visit: https://www.selenium.dev/documentation/webdriver/troubleshooting/errors#no-such-element-exception","statusTrace":"self = <Pages.materialPage.warehouseLocation_page.WarehouseLocationPage object at 0x000001DE7D2C9C00>\nxpath_list = [\"//div[@id='57p8grgc-dh81']//input\", \"//div[@id='pu1pmnxq-m04t']//input\", \"//div[@id='yqmmoush-1fzt']//input\", \"//div[@id='guh55bc6-owa8']//input\", \"//div[@id='86pxmzzh-teuf']//input\"], text_value = '222'\n\n    def batch_acquisition_input(self, xpath_list=[], text_value=\"\"):\n        \"\"\"批量获取输入框\"\"\"\n        values = []\n        for index, xpath in enumerate(xpath_list, 1):\n            try:\n                # 显式等待元素可见（最多等待10秒）\n>               element = WebDriverWait(self.driver, 10).until(\n                    EC.visibility_of_element_located((\"xpath\", xpath))\n                )\n\nPages\\materialPage\\warehouseLocation_page.py:218: \n_ _ _ _ _ _ _ _ _ _ _ _ _ _ _ _ _ _ _ _ _ _ _ _ _ _ _ _ _ _ _ _ _ _ _ _ _ _ _ _ _ _ _ _ _ _ _ _ _ _ _ _ _ _ _ _ _ _ _ _ _ _ _ _ _ _ _ _ _ _ _ _ _ _ _ _ _ _ _ _ _ _ _ _ _ _ _ _ _ _ _ _ _ _ _ _ _ _ _ _ _ _ _ _ _ _ _ _ _ _ _ _ _ _ _ _\n\nself = <selenium.webdriver.support.wait.WebDriverWait (session=\"7881618a0f1d8997d6cef2244f24daee\")>, method = <function visibility_of_element_located.<locals>._predicate at 0x000001DE00240940>, message = ''\n\n    def until(self, method: Callable[[D], Union[Literal[False], T]], message: str = \"\") -> T:\n        \"\"\"Wait until the method returns a value that is not False.\n    \n        Calls the method provided with the driver as an argument until the\n        return value does not evaluate to ``False``.\n    \n        Parameters:\n        -----------\n        method: callable(WebDriver)\n            - A callable object that takes a WebDriver instance as an argument.\n    \n        message: str\n            - Optional message for :exc:`TimeoutException`\n    \n        Return:\n        -------\n        object: T\n            - The result of the last call to `method`\n    \n        Raises:\n        -------\n        TimeoutException\n            - If 'method' does not return a truthy value within the WebDriverWait\n            object's timeout\n    \n        Example:\n        --------\n        >>> from selenium.webdriver.common.by import By\n        >>> from selenium.webdriver.support.ui import WebDriverWait\n        >>> from selenium.webdriver.support import expected_conditions as EC\n    \n        # Wait until an element is visible on the page\n        >>> wait = WebDriverWait(driver, 10)\n        >>> element = wait.until(EC.visibility_of_element_located((By.ID, \"exampleId\")))\n        >>> print(element.text)\n        \"\"\"\n        screen = None\n        stacktrace = None\n    \n        end_time = time.monotonic() + self._timeout\n        while True:\n            try:\n                value = method(self._driver)\n                if value:\n                    return value\n            except self._ignored_exceptions as exc:\n                screen = getattr(exc, \"screen\", None)\n                stacktrace = getattr(exc, \"stacktrace\", None)\n            if time.monotonic() > end_time:\n                break\n            time.sleep(self._poll)\n>       raise TimeoutException(message, screen, stacktrace)\nE       selenium.common.exceptions.TimeoutException: Message: \nE       Stacktrace:\nE       \tGetHandleVerifier [0x0x7ff637c36f65+78965]\nE       \tGetHandleVerifier [0x0x7ff637c36fc0+79056]\nE       \t(No symbol) [0x0x7ff6379c9dda]\nE       \t(No symbol) [0x0x7ff637a202ea]\nE       \t(No symbol) [0x0x7ff637a2059c]\nE       \t(No symbol) [0x0x7ff637a73f37]\nE       \t(No symbol) [0x0x7ff637a486af]\nE       \t(No symbol) [0x0x7ff637a70dbe]\nE       \t(No symbol) [0x0x7ff637a48443]\nE       \t(No symbol) [0x0x7ff637a11311]\nE       \t(No symbol) [0x0x7ff637a120a3]\nE       \tGetHandleVerifier [0x0x7ff637eee26d+2926461]\nE       \tGetHandleVerifier [0x0x7ff637ee8993+2903715]\nE       \tGetHandleVerifier [0x0x7ff637f06aed+3026941]\nE       \tGetHandleVerifier [0x0x7ff637c516fe+187406]\nE       \tGetHandleVerifier [0x0x7ff637c596ef+220159]\nE       \tGetHandleVerifier [0x0x7ff637c3faf4+114692]\nE       \tGetHandleVerifier [0x0x7ff637c3fca9+115129]\nE       \tGetHandleVerifier [0x0x7ff637c264d8+10728]\nE       \tBaseThreadInitThunk [0x0x7ffd261d7374+20]\nE       \tRtlUserThreadStart [0x0x7ffd2797cc91+33]\n\nmyenv\\lib\\site-packages\\selenium\\webdriver\\support\\wait.py:138: TimeoutException\n\nDuring handling of the above exception, another exception occurred:\n\nself = <test_material.test_inTransitInventory.TestItemPage object at 0x000001DE7D6636D0>, login_to_item = <selenium.webdriver.chrome.webdriver.WebDriver (session=\"7881618a0f1d8997d6cef2244f24daee\")>\n\n    @allure.story(\"添加测试数据\")\n    # @pytest.mark.run(order=1)\n    def test_inTransitInventory_addsuccess1(self, login_to_item):\n        self.item.click_add_button()  # 检查点击添加\n        # 输入框要修改的值\n        text_str = \"222\"\n        date_str = \"2025/07/23 00:00:00\"\n        sleep(1)\n        ele = self.item.get_find_element_xpath(\n            \"//div[@id='ala93hyv-asdp']//input\"\n        )\n        # 清空数字输入框\n        ele.send_keys(Keys.CONTROL, \"a\")\n        ele.send_keys(Keys.BACK_SPACE)\n        # 批量修改输入框\n        self.item.batch_modify_input(self.req_input_add_xpath_list, text_str)\n        self.item.batch_modify_input(self.req_date_add_xpath_list, date_str)\n    \n        sleep(1)\n        # 点击确定\n        self.item.click_button('(//button[@type=\"button\"]/span[text()=\"确定\"])[5]')\n        sleep(1)\n        # 选中新增行\n        self.item.click_button('//tr[./td[2][.//span[text()=\"222\"]]]/td[2]')\n        # 点击编辑按钮\n        self.item.click_edi_button()\n        sleep(1)\n        # 批量获取输入框的value\n>       input_values = self.item.batch_acquisition_input(self.req_input_edit_xpath_list, text_str)\n\nTests\\test_material\\test_inTransitInventory.py:293: \n_ _ _ _ _ _ _ _ _ _ _ _ _ _ _ _ _ _ _ _ _ _ _ _ _ _ _ _ _ _ _ _ _ _ _ _ _ _ _ _ _ _ _ _ _ _ _ _ _ _ _ _ _ _ _ _ _ _ _ _ _ _ _ _ _ _ _ _ _ _ _ _ _ _ _ _ _ _ _ _ _ _ _ _ _ _ _ _ _ _ _ _ _ _ _ _ _ _ _ _ _ _ _ _ _ _ _ _ _ _ _ _ _ _ _ _\n\nself = <Pages.materialPage.warehouseLocation_page.WarehouseLocationPage object at 0x000001DE7D2C9C00>\nxpath_list = [\"//div[@id='57p8grgc-dh81']//input\", \"//div[@id='pu1pmnxq-m04t']//input\", \"//div[@id='yqmmoush-1fzt']//input\", \"//div[@id='guh55bc6-owa8']//input\", \"//div[@id='86pxmzzh-teuf']//input\"], text_value = '222'\n\n    def batch_acquisition_input(self, xpath_list=[], text_value=\"\"):\n        \"\"\"批量获取输入框\"\"\"\n        values = []\n        for index, xpath in enumerate(xpath_list, 1):\n            try:\n                # 显式等待元素可见（最多等待10秒）\n                element = WebDriverWait(self.driver, 10).until(\n                    EC.visibility_of_element_located((\"xpath\", xpath))\n                )\n    \n                # 获取输入框的值\n                value = element.get_attribute(\"value\")\n                if value == text_value:\n                    values.append(value)\n    \n            except TimeoutException:\n>               raise NoSuchElementException(\n                    f\"元素未找到（XPath列表第{index}个）: {xpath}\"\n                )\nE               selenium.common.exceptions.NoSuchElementException: Message: 元素未找到（XPath列表第1个）: //div[@id='57p8grgc-dh81']//input; For documentation on this error, please visit: https://www.selenium.dev/documentation/webdriver/troubleshooting/errors#no-such-element-exception\n\nPages\\materialPage\\warehouseLocation_page.py:228: NoSuchElementException","flaky":false,"newFailed":false,"newBroken":false,"newPassed":false,"retriesCount":1,"retriesStatusChange":false,"beforeStages":[{"name":"login_to_item","time":{"start":1764267140815,"stop":1764267152560,"duration":11745},"status":"passed","steps":[],"attachments":[],"parameters":[],"shouldDisplayMessage":false,"attachmentsCount":0,"stepsCount":0,"attachmentStep":false,"hasContent":false},{"name":"setup","time":{"start":1764267152561,"stop":1764267152563,"duration":2},"status":"passed","steps":[],"attachments":[],"parameters":[],"shouldDisplayMessage":false,"attachmentsCount":0,"stepsCount":0,"attachmentStep":false,"hasContent":false}],"testStage":{"status":"broken","statusMessage":"selenium.common.exceptions.NoSuchElementException: Message: 元素未找到（XPath列表第1个）: //div[@id='57p8grgc-dh81']//input; For documentation on this error, please visit: https://www.selenium.dev/documentation/webdriver/troubleshooting/errors#no-such-element-exception","statusTrace":"self = <Pages.materialPage.warehouseLocation_page.WarehouseLocationPage object at 0x000001DE7D2C9C00>\nxpath_list = [\"//div[@id='57p8grgc-dh81']//input\", \"//div[@id='pu1pmnxq-m04t']//input\", \"//div[@id='yqmmoush-1fzt']//input\", \"//div[@id='guh55bc6-owa8']//input\", \"//div[@id='86pxmzzh-teuf']//input\"], text_value = '222'\n\n    def batch_acquisition_input(self, xpath_list=[], text_value=\"\"):\n        \"\"\"批量获取输入框\"\"\"\n        values = []\n        for index, xpath in enumerate(xpath_list, 1):\n            try:\n                # 显式等待元素可见（最多等待10秒）\n>               element = WebDriverWait(self.driver, 10).until(\n                    EC.visibility_of_element_located((\"xpath\", xpath))\n                )\n\nPages\\materialPage\\warehouseLocation_page.py:218: \n_ _ _ _ _ _ _ _ _ _ _ _ _ _ _ _ _ _ _ _ _ _ _ _ _ _ _ _ _ _ _ _ _ _ _ _ _ _ _ _ _ _ _ _ _ _ _ _ _ _ _ _ _ _ _ _ _ _ _ _ _ _ _ _ _ _ _ _ _ _ _ _ _ _ _ _ _ _ _ _ _ _ _ _ _ _ _ _ _ _ _ _ _ _ _ _ _ _ _ _ _ _ _ _ _ _ _ _ _ _ _ _ _ _ _ _\n\nself = <selenium.webdriver.support.wait.WebDriverWait (session=\"7881618a0f1d8997d6cef2244f24daee\")>, method = <function visibility_of_element_located.<locals>._predicate at 0x000001DE00240940>, message = ''\n\n    def until(self, method: Callable[[D], Union[Literal[False], T]], message: str = \"\") -> T:\n        \"\"\"Wait until the method returns a value that is not False.\n    \n        Calls the method provided with the driver as an argument until the\n        return value does not evaluate to ``False``.\n    \n        Parameters:\n        -----------\n        method: callable(WebDriver)\n            - A callable object that takes a WebDriver instance as an argument.\n    \n        message: str\n            - Optional message for :exc:`TimeoutException`\n    \n        Return:\n        -------\n        object: T\n            - The result of the last call to `method`\n    \n        Raises:\n        -------\n        TimeoutException\n            - If 'method' does not return a truthy value within the WebDriverWait\n            object's timeout\n    \n        Example:\n        --------\n        >>> from selenium.webdriver.common.by import By\n        >>> from selenium.webdriver.support.ui import WebDriverWait\n        >>> from selenium.webdriver.support import expected_conditions as EC\n    \n        # Wait until an element is visible on the page\n        >>> wait = WebDriverWait(driver, 10)\n        >>> element = wait.until(EC.visibility_of_element_located((By.ID, \"exampleId\")))\n        >>> print(element.text)\n        \"\"\"\n        screen = None\n        stacktrace = None\n    \n        end_time = time.monotonic() + self._timeout\n        while True:\n            try:\n                value = method(self._driver)\n                if value:\n                    return value\n            except self._ignored_exceptions as exc:\n                screen = getattr(exc, \"screen\", None)\n                stacktrace = getattr(exc, \"stacktrace\", None)\n            if time.monotonic() > end_time:\n                break\n            time.sleep(self._poll)\n>       raise TimeoutException(message, screen, stacktrace)\nE       selenium.common.exceptions.TimeoutException: Message: \nE       Stacktrace:\nE       \tGetHandleVerifier [0x0x7ff637c36f65+78965]\nE       \tGetHandleVerifier [0x0x7ff637c36fc0+79056]\nE       \t(No symbol) [0x0x7ff6379c9dda]\nE       \t(No symbol) [0x0x7ff637a202ea]\nE       \t(No symbol) [0x0x7ff637a2059c]\nE       \t(No symbol) [0x0x7ff637a73f37]\nE       \t(No symbol) [0x0x7ff637a486af]\nE       \t(No symbol) [0x0x7ff637a70dbe]\nE       \t(No symbol) [0x0x7ff637a48443]\nE       \t(No symbol) [0x0x7ff637a11311]\nE       \t(No symbol) [0x0x7ff637a120a3]\nE       \tGetHandleVerifier [0x0x7ff637eee26d+2926461]\nE       \tGetHandleVerifier [0x0x7ff637ee8993+2903715]\nE       \tGetHandleVerifier [0x0x7ff637f06aed+3026941]\nE       \tGetHandleVerifier [0x0x7ff637c516fe+187406]\nE       \tGetHandleVerifier [0x0x7ff637c596ef+220159]\nE       \tGetHandleVerifier [0x0x7ff637c3faf4+114692]\nE       \tGetHandleVerifier [0x0x7ff637c3fca9+115129]\nE       \tGetHandleVerifier [0x0x7ff637c264d8+10728]\nE       \tBaseThreadInitThunk [0x0x7ffd261d7374+20]\nE       \tRtlUserThreadStart [0x0x7ffd2797cc91+33]\n\nmyenv\\lib\\site-packages\\selenium\\webdriver\\support\\wait.py:138: TimeoutException\n\nDuring handling of the above exception, another exception occurred:\n\nself = <test_material.test_inTransitInventory.TestItemPage object at 0x000001DE7D6636D0>, login_to_item = <selenium.webdriver.chrome.webdriver.WebDriver (session=\"7881618a0f1d8997d6cef2244f24daee\")>\n\n    @allure.story(\"添加测试数据\")\n    # @pytest.mark.run(order=1)\n    def test_inTransitInventory_addsuccess1(self, login_to_item):\n        self.item.click_add_button()  # 检查点击添加\n        # 输入框要修改的值\n        text_str = \"222\"\n        date_str = \"2025/07/23 00:00:00\"\n        sleep(1)\n        ele = self.item.get_find_element_xpath(\n            \"//div[@id='ala93hyv-asdp']//input\"\n        )\n        # 清空数字输入框\n        ele.send_keys(Keys.CONTROL, \"a\")\n        ele.send_keys(Keys.BACK_SPACE)\n        # 批量修改输入框\n        self.item.batch_modify_input(self.req_input_add_xpath_list, text_str)\n        self.item.batch_modify_input(self.req_date_add_xpath_list, date_str)\n    \n        sleep(1)\n        # 点击确定\n        self.item.click_button('(//button[@type=\"button\"]/span[text()=\"确定\"])[5]')\n        sleep(1)\n        # 选中新增行\n        self.item.click_button('//tr[./td[2][.//span[text()=\"222\"]]]/td[2]')\n        # 点击编辑按钮\n        self.item.click_edi_button()\n        sleep(1)\n        # 批量获取输入框的value\n>       input_values = self.item.batch_acquisition_input(self.req_input_edit_xpath_list, text_str)\n\nTests\\test_material\\test_inTransitInventory.py:293: \n_ _ _ _ _ _ _ _ _ _ _ _ _ _ _ _ _ _ _ _ _ _ _ _ _ _ _ _ _ _ _ _ _ _ _ _ _ _ _ _ _ _ _ _ _ _ _ _ _ _ _ _ _ _ _ _ _ _ _ _ _ _ _ _ _ _ _ _ _ _ _ _ _ _ _ _ _ _ _ _ _ _ _ _ _ _ _ _ _ _ _ _ _ _ _ _ _ _ _ _ _ _ _ _ _ _ _ _ _ _ _ _ _ _ _ _\n\nself = <Pages.materialPage.warehouseLocation_page.WarehouseLocationPage object at 0x000001DE7D2C9C00>\nxpath_list = [\"//div[@id='57p8grgc-dh81']//input\", \"//div[@id='pu1pmnxq-m04t']//input\", \"//div[@id='yqmmoush-1fzt']//input\", \"//div[@id='guh55bc6-owa8']//input\", \"//div[@id='86pxmzzh-teuf']//input\"], text_value = '222'\n\n    def batch_acquisition_input(self, xpath_list=[], text_value=\"\"):\n        \"\"\"批量获取输入框\"\"\"\n        values = []\n        for index, xpath in enumerate(xpath_list, 1):\n            try:\n                # 显式等待元素可见（最多等待10秒）\n                element = WebDriverWait(self.driver, 10).until(\n                    EC.visibility_of_element_located((\"xpath\", xpath))\n                )\n    \n                # 获取输入框的值\n                value = element.get_attribute(\"value\")\n                if value == text_value:\n                    values.append(value)\n    \n            except TimeoutException:\n>               raise NoSuchElementException(\n                    f\"元素未找到（XPath列表第{index}个）: {xpath}\"\n                )\nE               selenium.common.exceptions.NoSuchElementException: Message: 元素未找到（XPath列表第1个）: //div[@id='57p8grgc-dh81']//input; For documentation on this error, please visit: https://www.selenium.dev/documentation/webdriver/troubleshooting/errors#no-such-element-exception\n\nPages\\materialPage\\warehouseLocation_page.py:228: NoSuchElementException","steps":[],"attachments":[{"uid":"e2d3d3b642e84907","name":"test_inTransitInventory_addsuccess1_failure","source":"e2d3d3b642e84907.png","type":"image/png","size":156279},{"uid":"dd9401d6048c2895","name":"test_inTransitInventory_addsuccess1_source","source":"dd9401d6048c2895.html","type":"text/html","size":1571310},{"uid":"a4508a90067951ec","name":"log","source":"a4508a90067951ec.txt","type":"text/plain","size":3931}],"parameters":[],"shouldDisplayMessage":true,"attachmentsCount":3,"stepsCount":0,"attachmentStep":false,"hasContent":true},"afterStages":[{"name":"login_to_item::0","time":{"start":1764267174513,"stop":1764267176671,"duration":2158},"status":"passed","steps":[],"attachments":[],"parameters":[],"shouldDisplayMessage":false,"attachmentsCount":0,"stepsCount":0,"attachmentStep":false,"hasContent":false}],"labels":[{"name":"story","value":"添加测试数据"},{"name":"feature","value":"在途库存测试用例"},{"name":"parentSuite","value":"Tests.test_material"},{"name":"suite","value":"test_inTransitInventory"},{"name":"subSuite","value":"TestItemPage"},{"name":"host","value":"WIN-20240820MJV"},{"name":"thread","value":"20860-MainThread"},{"name":"framework","value":"pytest"},{"name":"language","value":"cpython3"},{"name":"package","value":"Tests.test_material.test_inTransitInventory"},{"name":"resultFormat","value":"allure2"}],"parameters":[],"links":[],"hidden":false,"retry":false,"extra":{"severity":"normal","retries":[{"uid":"d5f0ef6050abefba","status":"broken","statusDetails":"selenium.common.exceptions.NoSuchElementException: Message: 元素未找到（XPath列表第1个）: //div[@id='57p8grgc-dh81']//input; For documentation on this error, please visit: https://www.selenium.dev/documentation/webdriver/troubleshooting/errors#no-such-element-exception","time":{"start":1764267117712,"stop":1764267138441,"duration":20729}}],"categories":[{"name":"Test defects","matchedStatuses":[]}],"tags":[]},"source":"ec8ca7496858b7d6.json","parameterValues":[]}