{"uid":"f0018c2250579ef","name":"test_interfaceconfiguration_addsuccess2","fullName":"Tests.test_system.test_interfaceconfiguration.TestSInterfaceConfigurationPage#test_interfaceconfiguration_addsuccess2","historyId":"083c7d47a296b4a3486ccd091d2f21f6","time":{"start":1764031678400,"stop":1764031696445,"duration":18045},"status":"broken","statusMessage":"selenium.common.exceptions.TimeoutException: Message: \nStacktrace:\n\tGetHandleVerifier [0x0x7ff713cb6f65+78965]\n\tGetHandleVerifier [0x0x7ff713cb6fc0+79056]\n\t(No symbol) [0x0x7ff713a49dda]\n\t(No symbol) [0x0x7ff713aa02ea]\n\t(No symbol) [0x0x7ff713aa059c]\n\t(No symbol) [0x0x7ff713af3f37]\n\t(No symbol) [0x0x7ff713ac86af]\n\t(No symbol) [0x0x7ff713af0dbe]\n\t(No symbol) [0x0x7ff713ac8443]\n\t(No symbol) [0x0x7ff713a91311]\n\t(No symbol) [0x0x7ff713a920a3]\n\tGetHandleVerifier [0x0x7ff713f6e26d+2926461]\n\tGetHandleVerifier [0x0x7ff713f68993+2903715]\n\tGetHandleVerifier [0x0x7ff713f86aed+3026941]\n\tGetHandleVerifier [0x0x7ff713cd16fe+187406]\n\tGetHandleVerifier [0x0x7ff713cd96ef+220159]\n\tGetHandleVerifier [0x0x7ff713cbfaf4+114692]\n\tGetHandleVerifier [0x0x7ff713cbfca9+115129]\n\tGetHandleVerifier [0x0x7ff713ca64d8+10728]\n\tBaseThreadInitThunk [0x0x7ffd261d7374+20]\n\tRtlUserThreadStart [0x0x7ffd2797cc91+33]","statusTrace":"self = <test_system.test_interfaceconfiguration.TestSInterfaceConfigurationPage object at 0x000001E5C15FF520>\nlogin_to_interfaceconfiguration = <selenium.webdriver.chrome.webdriver.WebDriver (session=\"99c8f9a84b9c518fee0e19aee562fdc3\")>\n\n    @allure.story(\"添加测试数据成功\")\n    # @pytest.mark.run(order=1)\n    def test_interfaceconfiguration_addsuccess2(self, login_to_interfaceconfiguration):\n        driver = login_to_interfaceconfiguration  # WebDriver 实例\n        interfaceconfiguration = ImpPage(driver)  # 用 driver 初始化 ImpPage\n        adds = AddsPages(driver)\n        plan = DateDriver.planning\n        input_value = '测试数据22'\n        interfaceconfiguration.click_all_button(\"新增\")\n    \n        text_list = [\n            '//div[label[text()=\"接口名称:\"]]//input[@type=\"text\"]',\n            '//div[label[text()=\"访问地址:\"]]//input[@type=\"text\"]',\n            '//div[label[text()=\"顺序号:\"]]//input'\n        ]\n        adds.batch_modify_input(text_list, input_value)\n    \n        select_list = [\n            {\"select\": '//div[label[text()=\"源系统:\"]]//input[@type=\"text\"]', \"value\": '(//li[text()=\"SRM\"])[1]'},\n            {\"select\": '//div[label[text()=\"目的系统:\"]]//input[@type=\"text\"]', \"value\": '(//li[text()=\"APS\"])[2]'},\n            {\"select\": '//div[label[text()=\"服务方式:\"]]//input[@type=\"text\"]', \"value\": '//li[text()=\"WebApi\"]'},\n            {\"select\": '//div[label[text()=\"授权计划单元:\"]]//input[@type=\"text\"]',\n             \"value\": f'(//li[text()=\"{plan}\"])[last()]'},\n        ]\n        adds.batch_modify_select_input(select_list)\n        interfaceconfiguration.click_button('//div[label[text()=\"授权计划单元:\"]]//input[@type=\"text\"]')\n        select_list = [{\"select\": '//div[label[text()=\"接口环境:\"]]//span', \"value\": f'(//li[text()=\"测试\"])[2]'}]\n        adds.batch_modify_select_input(select_list)\n    \n        interfaceconfiguration.click_confirm()\n>       message = interfaceconfiguration.get_find_message()\n\nTests\\test_system\\test_interfaceconfiguration.py:198: \n_ _ _ _ _ _ _ _ _ _ _ _ _ _ _ _ _ _ _ _ _ _ _ _ _ _ _ _ _ _ _ _ _ _ _ _ _ _ _ _ _ _ _ _ _ _ _ _ _ _ _ _ _ _ _ _ _ _ _ _ _ _ _ _ _ _ _ _ _ _ _ _ _ _ _ _ _ _ _ _ _ _ _ _ _ _ _ _ _ _ _ _ _ _ _ _ _ _ _ _ _ _ _ _ _ _ _ _ _ _ _ _ _ _ _ _\nPages\\systemPage\\imp_page.py:42: in get_find_message\n    message = WebDriverWait(self.driver, 10).until(\n_ _ _ _ _ _ _ _ _ _ _ _ _ _ _ _ _ _ _ _ _ _ _ _ _ _ _ _ _ _ _ _ _ _ _ _ _ _ _ _ _ _ _ _ _ _ _ _ _ _ _ _ _ _ _ _ _ _ _ _ _ _ _ _ _ _ _ _ _ _ _ _ _ _ _ _ _ _ _ _ _ _ _ _ _ _ _ _ _ _ _ _ _ _ _ _ _ _ _ _ _ _ _ _ _ _ _ _ _ _ _ _ _ _ _ _\n\nself = <selenium.webdriver.support.wait.WebDriverWait (session=\"99c8f9a84b9c518fee0e19aee562fdc3\")>, method = <function visibility_of_element_located.<locals>._predicate at 0x000001E5C3BA5000>, message = ''\n\n    def until(self, method: Callable[[D], Union[Literal[False], T]], message: str = \"\") -> T:\n        \"\"\"Wait until the method returns a value that is not False.\n    \n        Calls the method provided with the driver as an argument until the\n        return value does not evaluate to ``False``.\n    \n        Parameters:\n        -----------\n        method: callable(WebDriver)\n            - A callable object that takes a WebDriver instance as an argument.\n    \n        message: str\n            - Optional message for :exc:`TimeoutException`\n    \n        Return:\n        -------\n        object: T\n            - The result of the last call to `method`\n    \n        Raises:\n        -------\n        TimeoutException\n            - If 'method' does not return a truthy value within the WebDriverWait\n            object's timeout\n    \n        Example:\n        --------\n        >>> from selenium.webdriver.common.by import By\n        >>> from selenium.webdriver.support.ui import WebDriverWait\n        >>> from selenium.webdriver.support import expected_conditions as EC\n    \n        # Wait until an element is visible on the page\n        >>> wait = WebDriverWait(driver, 10)\n        >>> element = wait.until(EC.visibility_of_element_located((By.ID, \"exampleId\")))\n        >>> print(element.text)\n        \"\"\"\n        screen = None\n        stacktrace = None\n    \n        end_time = time.monotonic() + self._timeout\n        while True:\n            try:\n                value = method(self._driver)\n                if value:\n                    return value\n            except self._ignored_exceptions as exc:\n                screen = getattr(exc, \"screen\", None)\n                stacktrace = getattr(exc, \"stacktrace\", None)\n            if time.monotonic() > end_time:\n                break\n            time.sleep(self._poll)\n>       raise TimeoutException(message, screen, stacktrace)\nE       selenium.common.exceptions.TimeoutException: Message: \nE       Stacktrace:\nE       \tGetHandleVerifier [0x0x7ff713cb6f65+78965]\nE       \tGetHandleVerifier [0x0x7ff713cb6fc0+79056]\nE       \t(No symbol) [0x0x7ff713a49dda]\nE       \t(No symbol) [0x0x7ff713aa02ea]\nE       \t(No symbol) [0x0x7ff713aa059c]\nE       \t(No symbol) [0x0x7ff713af3f37]\nE       \t(No symbol) [0x0x7ff713ac86af]\nE       \t(No symbol) [0x0x7ff713af0dbe]\nE       \t(No symbol) [0x0x7ff713ac8443]\nE       \t(No symbol) [0x0x7ff713a91311]\nE       \t(No symbol) [0x0x7ff713a920a3]\nE       \tGetHandleVerifier [0x0x7ff713f6e26d+2926461]\nE       \tGetHandleVerifier [0x0x7ff713f68993+2903715]\nE       \tGetHandleVerifier [0x0x7ff713f86aed+3026941]\nE       \tGetHandleVerifier [0x0x7ff713cd16fe+187406]\nE       \tGetHandleVerifier [0x0x7ff713cd96ef+220159]\nE       \tGetHandleVerifier [0x0x7ff713cbfaf4+114692]\nE       \tGetHandleVerifier [0x0x7ff713cbfca9+115129]\nE       \tGetHandleVerifier [0x0x7ff713ca64d8+10728]\nE       \tBaseThreadInitThunk [0x0x7ffd261d7374+20]\nE       \tRtlUserThreadStart [0x0x7ffd2797cc91+33]\n\nmyenv\\lib\\site-packages\\selenium\\webdriver\\support\\wait.py:138: TimeoutException","flaky":false,"newFailed":false,"newBroken":false,"newPassed":false,"retriesCount":1,"retriesStatusChange":false,"beforeStages":[{"name":"login_to_interfaceconfiguration","time":{"start":1764031666907,"stop":1764031678399,"duration":11492},"status":"passed","steps":[],"attachments":[],"parameters":[],"attachmentStep":false,"hasContent":false,"stepsCount":0,"attachmentsCount":0,"shouldDisplayMessage":false}],"testStage":{"status":"broken","statusMessage":"selenium.common.exceptions.TimeoutException: Message: \nStacktrace:\n\tGetHandleVerifier [0x0x7ff713cb6f65+78965]\n\tGetHandleVerifier [0x0x7ff713cb6fc0+79056]\n\t(No symbol) [0x0x7ff713a49dda]\n\t(No symbol) [0x0x7ff713aa02ea]\n\t(No symbol) [0x0x7ff713aa059c]\n\t(No symbol) [0x0x7ff713af3f37]\n\t(No symbol) [0x0x7ff713ac86af]\n\t(No symbol) [0x0x7ff713af0dbe]\n\t(No symbol) [0x0x7ff713ac8443]\n\t(No symbol) [0x0x7ff713a91311]\n\t(No symbol) [0x0x7ff713a920a3]\n\tGetHandleVerifier [0x0x7ff713f6e26d+2926461]\n\tGetHandleVerifier [0x0x7ff713f68993+2903715]\n\tGetHandleVerifier [0x0x7ff713f86aed+3026941]\n\tGetHandleVerifier [0x0x7ff713cd16fe+187406]\n\tGetHandleVerifier [0x0x7ff713cd96ef+220159]\n\tGetHandleVerifier [0x0x7ff713cbfaf4+114692]\n\tGetHandleVerifier [0x0x7ff713cbfca9+115129]\n\tGetHandleVerifier [0x0x7ff713ca64d8+10728]\n\tBaseThreadInitThunk [0x0x7ffd261d7374+20]\n\tRtlUserThreadStart [0x0x7ffd2797cc91+33]","statusTrace":"self = <test_system.test_interfaceconfiguration.TestSInterfaceConfigurationPage object at 0x000001E5C15FF520>\nlogin_to_interfaceconfiguration = <selenium.webdriver.chrome.webdriver.WebDriver (session=\"99c8f9a84b9c518fee0e19aee562fdc3\")>\n\n    @allure.story(\"添加测试数据成功\")\n    # @pytest.mark.run(order=1)\n    def test_interfaceconfiguration_addsuccess2(self, login_to_interfaceconfiguration):\n        driver = login_to_interfaceconfiguration  # WebDriver 实例\n        interfaceconfiguration = ImpPage(driver)  # 用 driver 初始化 ImpPage\n        adds = AddsPages(driver)\n        plan = DateDriver.planning\n        input_value = '测试数据22'\n        interfaceconfiguration.click_all_button(\"新增\")\n    \n        text_list = [\n            '//div[label[text()=\"接口名称:\"]]//input[@type=\"text\"]',\n            '//div[label[text()=\"访问地址:\"]]//input[@type=\"text\"]',\n            '//div[label[text()=\"顺序号:\"]]//input'\n        ]\n        adds.batch_modify_input(text_list, input_value)\n    \n        select_list = [\n            {\"select\": '//div[label[text()=\"源系统:\"]]//input[@type=\"text\"]', \"value\": '(//li[text()=\"SRM\"])[1]'},\n            {\"select\": '//div[label[text()=\"目的系统:\"]]//input[@type=\"text\"]', \"value\": '(//li[text()=\"APS\"])[2]'},\n            {\"select\": '//div[label[text()=\"服务方式:\"]]//input[@type=\"text\"]', \"value\": '//li[text()=\"WebApi\"]'},\n            {\"select\": '//div[label[text()=\"授权计划单元:\"]]//input[@type=\"text\"]',\n             \"value\": f'(//li[text()=\"{plan}\"])[last()]'},\n        ]\n        adds.batch_modify_select_input(select_list)\n        interfaceconfiguration.click_button('//div[label[text()=\"授权计划单元:\"]]//input[@type=\"text\"]')\n        select_list = [{\"select\": '//div[label[text()=\"接口环境:\"]]//span', \"value\": f'(//li[text()=\"测试\"])[2]'}]\n        adds.batch_modify_select_input(select_list)\n    \n        interfaceconfiguration.click_confirm()\n>       message = interfaceconfiguration.get_find_message()\n\nTests\\test_system\\test_interfaceconfiguration.py:198: \n_ _ _ _ _ _ _ _ _ _ _ _ _ _ _ _ _ _ _ _ _ _ _ _ _ _ _ _ _ _ _ _ _ _ _ _ _ _ _ _ _ _ _ _ _ _ _ _ _ _ _ _ _ _ _ _ _ _ _ _ _ _ _ _ _ _ _ _ _ _ _ _ _ _ _ _ _ _ _ _ _ _ _ _ _ _ _ _ _ _ _ _ _ _ _ _ _ _ _ _ _ _ _ _ _ _ _ _ _ _ _ _ _ _ _ _\nPages\\systemPage\\imp_page.py:42: in get_find_message\n    message = WebDriverWait(self.driver, 10).until(\n_ _ _ _ _ _ _ _ _ _ _ _ _ _ _ _ _ _ _ _ _ _ _ _ _ _ _ _ _ _ _ _ _ _ _ _ _ _ _ _ _ _ _ _ _ _ _ _ _ _ _ _ _ _ _ _ _ _ _ _ _ _ _ _ _ _ _ _ _ _ _ _ _ _ _ _ _ _ _ _ _ _ _ _ _ _ _ _ _ _ _ _ _ _ _ _ _ _ _ _ _ _ _ _ _ _ _ _ _ _ _ _ _ _ _ _\n\nself = <selenium.webdriver.support.wait.WebDriverWait (session=\"99c8f9a84b9c518fee0e19aee562fdc3\")>, method = <function visibility_of_element_located.<locals>._predicate at 0x000001E5C3BA5000>, message = ''\n\n    def until(self, method: Callable[[D], Union[Literal[False], T]], message: str = \"\") -> T:\n        \"\"\"Wait until the method returns a value that is not False.\n    \n        Calls the method provided with the driver as an argument until the\n        return value does not evaluate to ``False``.\n    \n        Parameters:\n        -----------\n        method: callable(WebDriver)\n            - A callable object that takes a WebDriver instance as an argument.\n    \n        message: str\n            - Optional message for :exc:`TimeoutException`\n    \n        Return:\n        -------\n        object: T\n            - The result of the last call to `method`\n    \n        Raises:\n        -------\n        TimeoutException\n            - If 'method' does not return a truthy value within the WebDriverWait\n            object's timeout\n    \n        Example:\n        --------\n        >>> from selenium.webdriver.common.by import By\n        >>> from selenium.webdriver.support.ui import WebDriverWait\n        >>> from selenium.webdriver.support import expected_conditions as EC\n    \n        # Wait until an element is visible on the page\n        >>> wait = WebDriverWait(driver, 10)\n        >>> element = wait.until(EC.visibility_of_element_located((By.ID, \"exampleId\")))\n        >>> print(element.text)\n        \"\"\"\n        screen = None\n        stacktrace = None\n    \n        end_time = time.monotonic() + self._timeout\n        while True:\n            try:\n                value = method(self._driver)\n                if value:\n                    return value\n            except self._ignored_exceptions as exc:\n                screen = getattr(exc, \"screen\", None)\n                stacktrace = getattr(exc, \"stacktrace\", None)\n            if time.monotonic() > end_time:\n                break\n            time.sleep(self._poll)\n>       raise TimeoutException(message, screen, stacktrace)\nE       selenium.common.exceptions.TimeoutException: Message: \nE       Stacktrace:\nE       \tGetHandleVerifier [0x0x7ff713cb6f65+78965]\nE       \tGetHandleVerifier [0x0x7ff713cb6fc0+79056]\nE       \t(No symbol) [0x0x7ff713a49dda]\nE       \t(No symbol) [0x0x7ff713aa02ea]\nE       \t(No symbol) [0x0x7ff713aa059c]\nE       \t(No symbol) [0x0x7ff713af3f37]\nE       \t(No symbol) [0x0x7ff713ac86af]\nE       \t(No symbol) [0x0x7ff713af0dbe]\nE       \t(No symbol) [0x0x7ff713ac8443]\nE       \t(No symbol) [0x0x7ff713a91311]\nE       \t(No symbol) [0x0x7ff713a920a3]\nE       \tGetHandleVerifier [0x0x7ff713f6e26d+2926461]\nE       \tGetHandleVerifier [0x0x7ff713f68993+2903715]\nE       \tGetHandleVerifier [0x0x7ff713f86aed+3026941]\nE       \tGetHandleVerifier [0x0x7ff713cd16fe+187406]\nE       \tGetHandleVerifier [0x0x7ff713cd96ef+220159]\nE       \tGetHandleVerifier [0x0x7ff713cbfaf4+114692]\nE       \tGetHandleVerifier [0x0x7ff713cbfca9+115129]\nE       \tGetHandleVerifier [0x0x7ff713ca64d8+10728]\nE       \tBaseThreadInitThunk [0x0x7ffd261d7374+20]\nE       \tRtlUserThreadStart [0x0x7ffd2797cc91+33]\n\nmyenv\\lib\\site-packages\\selenium\\webdriver\\support\\wait.py:138: TimeoutException","steps":[],"attachments":[{"uid":"8bd3e3b4b3204624","name":"test_interfaceconfiguration_addsuccess2_failure","source":"8bd3e3b4b3204624.png","type":"image/png","size":97980},{"uid":"41a78ef5d75ca1d1","name":"test_interfaceconfiguration_addsuccess2_source","source":"41a78ef5d75ca1d1.html","type":"text/html","size":1440107},{"uid":"aedd048e9e9d33ac","name":"log","source":"aedd048e9e9d33ac.txt","type":"text/plain","size":7419}],"parameters":[],"attachmentStep":false,"hasContent":true,"stepsCount":0,"attachmentsCount":3,"shouldDisplayMessage":true},"afterStages":[{"name":"login_to_interfaceconfiguration::0","time":{"start":1764031696632,"stop":1764031698822,"duration":2190},"status":"passed","steps":[],"attachments":[],"parameters":[],"attachmentStep":false,"hasContent":false,"stepsCount":0,"attachmentsCount":0,"shouldDisplayMessage":false}],"labels":[{"name":"story","value":"添加测试数据成功"},{"name":"feature","value":"接口配置分发页用例"},{"name":"parentSuite","value":"Tests.test_system"},{"name":"suite","value":"test_interfaceconfiguration"},{"name":"subSuite","value":"TestSInterfaceConfigurationPage"},{"name":"host","value":"WIN-20240820MJV"},{"name":"thread","value":"17864-MainThread"},{"name":"framework","value":"pytest"},{"name":"language","value":"cpython3"},{"name":"package","value":"Tests.test_system.test_interfaceconfiguration"},{"name":"resultFormat","value":"allure2"}],"parameters":[],"links":[],"hidden":false,"retry":false,"extra":{"severity":"normal","retries":[{"uid":"ebc27cf7abed7c2d","status":"broken","statusDetails":"selenium.common.exceptions.TimeoutException: Message: \nStacktrace:\n\tGetHandleVerifier [0x0x7ff713cb6f65+78965]\n\tGetHandleVerifier [0x0x7ff713cb6fc0+79056]\n\t(No symbol) [0x0x7ff713a49dda]\n\t(No symbol) [0x0x7ff713aa02ea]\n\t(No symbol) [0x0x7ff713aa059c]\n\t(No symbol) [0x0x7ff713af3f37]\n\t(No symbol) [0x0x7ff713ac86af]\n\t(No symbol) [0x0x7ff713af0dbe]\n\t(No symbol) [0x0x7ff713ac8443]\n\t(No symbol) [0x0x7ff713a91311]\n\t(No symbol) [0x0x7ff713a920a3]\n\tGetHandleVerifier [0x0x7ff713f6e26d+2926461]\n\tGetHandleVerifier [0x0x7ff713f68993+2903715]\n\tGetHandleVerifier [0x0x7ff713f86aed+3026941]\n\tGetHandleVerifier [0x0x7ff713cd16fe+187406]\n\tGetHandleVerifier [0x0x7ff713cd96ef+220159]\n\tGetHandleVerifier [0x0x7ff713cbfaf4+114692]\n\tGetHandleVerifier [0x0x7ff713cbfca9+115129]\n\tGetHandleVerifier [0x0x7ff713ca64d8+10728]\n\tBaseThreadInitThunk [0x0x7ffd261d7374+20]\n\tRtlUserThreadStart [0x0x7ffd2797cc91+33]","time":{"start":1764031637578,"stop":1764031664548,"duration":26970}}],"categories":[{"name":"Test defects","matchedStatuses":[]}],"tags":[]},"source":"f0018c2250579ef.json","parameterValues":[]}