{"uid":"f01e7790a8335c70","name":"test_auditlog_defaultsele1","fullName":"Tests.test_system.test_auditLog.TestAuditLogPage#test_auditlog_defaultsele1","historyId":"f191bc4f3a5d93b98597c088aaa67dc6","time":{"start":1769545812573,"stop":1769545822634,"duration":10061},"status":"broken","statusMessage":"selenium.common.exceptions.TimeoutException: Message:","statusTrace":"self = <test_system.test_auditLog.TestAuditLogPage object at 0x00000203BB4785B0>, login_to_auditlog = <selenium.webdriver.chrome.webdriver.WebDriver (session=\"4a0044efce926889d62780d5d9b470cf\")>\n\n    @allure.story(\"点击查询默认显示当天有异常数据\")\n    # @pytest.mark.run(order=1)\n    def test_auditlog_defaultsele1(self, login_to_auditlog):\n        driver = login_to_auditlog  # WebDriver 实例\n        audit = AuditLogPage(driver)  # 用 driver 初始化 AuditLogPage\n        today = datetime.now().date()\n        # 格式化为年/月/日\n        formatted_date = today.strftime(\"%Y/%m/%d\")\n        audit.click_all_button(\"查询\")\n>       WebDriverWait(driver, 10).until(EC.invisibility_of_element_located((By.CLASS_NAME, \"is--visible\")))\n\nTests\\test_system\\test_auditLog.py:92: \n_ _ _ _ _ _ _ _ _ _ _ _ _ _ _ _ _ _ _ _ _ _ _ _ _ _ _ _ _ _ _ _ _ _ _ _ _ _ _ _ _ _ _ _ _ _ _ _ _ _ _ _ _ _ _ _ _ _ _ _ _ _ _ _ _ _ _ _ _ _ _ _ _ _ _ _ _ _ _ _ _ _ _ _ _ _ _ _ _ _ _ _ _ _ _ _ _ _ _ _ _ _ _ _ _ _ _ _ _ _ _ _ _ _ _ _\n\nself = <selenium.webdriver.support.wait.WebDriverWait (session=\"4a0044efce926889d62780d5d9b470cf\")>, method = <function invisibility_of_element_located.<locals>._predicate at 0x00000203BD770040>, message = ''\n\n    def until(self, method: Callable[[D], Union[Literal[False], T]], message: str = \"\") -> T:\n        \"\"\"Wait until the method returns a value that is not False.\n    \n        Calls the method provided with the driver as an argument until the\n        return value does not evaluate to ``False``.\n    \n        Parameters:\n        -----------\n        method: callable(WebDriver)\n            - A callable object that takes a WebDriver instance as an argument.\n    \n        message: str\n            - Optional message for :exc:`TimeoutException`\n    \n        Return:\n        -------\n        object: T\n            - The result of the last call to `method`\n    \n        Raises:\n        -------\n        TimeoutException\n            - If 'method' does not return a truthy value within the WebDriverWait\n            object's timeout\n    \n        Example:\n        --------\n        >>> from selenium.webdriver.common.by import By\n        >>> from selenium.webdriver.support.ui import WebDriverWait\n        >>> from selenium.webdriver.support import expected_conditions as EC\n    \n        # Wait until an element is visible on the page\n        >>> wait = WebDriverWait(driver, 10)\n        >>> element = wait.until(EC.visibility_of_element_located((By.ID, \"exampleId\")))\n        >>> print(element.text)\n        \"\"\"\n        screen = None\n        stacktrace = None\n    \n        end_time = time.monotonic() + self._timeout\n        while True:\n            try:\n                value = method(self._driver)\n                if value:\n                    return value\n            except self._ignored_exceptions as exc:\n                screen = getattr(exc, \"screen\", None)\n                stacktrace = getattr(exc, \"stacktrace\", None)\n            if time.monotonic() > end_time:\n                break\n            time.sleep(self._poll)\n>       raise TimeoutException(message, screen, stacktrace)\nE       selenium.common.exceptions.TimeoutException: Message:\n\nmyenv\\lib\\site-packages\\selenium\\webdriver\\support\\wait.py:138: TimeoutException","flaky":false,"newFailed":false,"newBroken":false,"newPassed":false,"retriesCount":0,"retriesStatusChange":false,"beforeStages":[{"name":"login_to_auditlog","time":{"start":1769545795544,"stop":1769545809321,"duration":13777},"status":"passed","steps":[],"attachments":[],"parameters":[],"hasContent":false,"attachmentStep":false,"stepsCount":0,"attachmentsCount":0,"shouldDisplayMessage":false}],"testStage":{"status":"broken","statusMessage":"selenium.common.exceptions.TimeoutException: Message:","statusTrace":"self = <test_system.test_auditLog.TestAuditLogPage object at 0x00000203BB4785B0>, login_to_auditlog = <selenium.webdriver.chrome.webdriver.WebDriver (session=\"4a0044efce926889d62780d5d9b470cf\")>\n\n    @allure.story(\"点击查询默认显示当天有异常数据\")\n    # @pytest.mark.run(order=1)\n    def test_auditlog_defaultsele1(self, login_to_auditlog):\n        driver = login_to_auditlog  # WebDriver 实例\n        audit = AuditLogPage(driver)  # 用 driver 初始化 AuditLogPage\n        today = datetime.now().date()\n        # 格式化为年/月/日\n        formatted_date = today.strftime(\"%Y/%m/%d\")\n        audit.click_all_button(\"查询\")\n>       WebDriverWait(driver, 10).until(EC.invisibility_of_element_located((By.CLASS_NAME, \"is--visible\")))\n\nTests\\test_system\\test_auditLog.py:92: \n_ _ _ _ _ _ _ _ _ _ _ _ _ _ _ _ _ _ _ _ _ _ _ _ _ _ _ _ _ _ _ _ _ _ _ _ _ _ _ _ _ _ _ _ _ _ _ _ _ _ _ _ _ _ _ _ _ _ _ _ _ _ _ _ _ _ _ _ _ _ _ _ _ _ _ _ _ _ _ _ _ _ _ _ _ _ _ _ _ _ _ _ _ _ _ _ _ _ _ _ _ _ _ _ _ _ _ _ _ _ _ _ _ _ _ _\n\nself = <selenium.webdriver.support.wait.WebDriverWait (session=\"4a0044efce926889d62780d5d9b470cf\")>, method = <function invisibility_of_element_located.<locals>._predicate at 0x00000203BD770040>, message = ''\n\n    def until(self, method: Callable[[D], Union[Literal[False], T]], message: str = \"\") -> T:\n        \"\"\"Wait until the method returns a value that is not False.\n    \n        Calls the method provided with the driver as an argument until the\n        return value does not evaluate to ``False``.\n    \n        Parameters:\n        -----------\n        method: callable(WebDriver)\n            - A callable object that takes a WebDriver instance as an argument.\n    \n        message: str\n            - Optional message for :exc:`TimeoutException`\n    \n        Return:\n        -------\n        object: T\n            - The result of the last call to `method`\n    \n        Raises:\n        -------\n        TimeoutException\n            - If 'method' does not return a truthy value within the WebDriverWait\n            object's timeout\n    \n        Example:\n        --------\n        >>> from selenium.webdriver.common.by import By\n        >>> from selenium.webdriver.support.ui import WebDriverWait\n        >>> from selenium.webdriver.support import expected_conditions as EC\n    \n        # Wait until an element is visible on the page\n        >>> wait = WebDriverWait(driver, 10)\n        >>> element = wait.until(EC.visibility_of_element_located((By.ID, \"exampleId\")))\n        >>> print(element.text)\n        \"\"\"\n        screen = None\n        stacktrace = None\n    \n        end_time = time.monotonic() + self._timeout\n        while True:\n            try:\n                value = method(self._driver)\n                if value:\n                    return value\n            except self._ignored_exceptions as exc:\n                screen = getattr(exc, \"screen\", None)\n                stacktrace = getattr(exc, \"stacktrace\", None)\n            if time.monotonic() > end_time:\n                break\n            time.sleep(self._poll)\n>       raise TimeoutException(message, screen, stacktrace)\nE       selenium.common.exceptions.TimeoutException: Message:\n\nmyenv\\lib\\site-packages\\selenium\\webdriver\\support\\wait.py:138: TimeoutException","steps":[],"attachments":[{"uid":"71423fbde589fecd","name":"test_auditlog_defaultsele1_20260128_043022","source":"71423fbde589fecd.png","type":"image/png","size":106101},{"uid":"6bd45ddee81c378e","name":"test_auditlog_defaultsele1_20260128_043022","source":"6bd45ddee81c378e.png","type":"image/png","size":105968},{"uid":"de3ffdd8be26a000","name":"test_auditlog_defaultsele1_20260128_043022","source":"de3ffdd8be26a000.png","type":"image/png","size":8090},{"uid":"66f834b62183eae6","name":"test_auditlog_defaultsele1_20260128_043022","source":"66f834b62183eae6.png","type":"image/png","size":25802},{"uid":"6cc5ac75ef0e19a9","name":"test_auditlog_defaultsele1_20260128_043023","source":"6cc5ac75ef0e19a9.png","type":"image/png","size":25802},{"uid":"fd14c3c1f78c183d","name":"test_auditlog_defaultsele1_20260128_043023","source":"fd14c3c1f78c183d.png","type":"image/png","size":19002},{"uid":"fcd78c68728f6f7a","name":"test_auditlog_defaultsele1_20260128_043023","source":"fcd78c68728f6f7a.png","type":"image/png","size":25802},{"uid":"7a8e4c2758b4d88d","name":"test_auditlog_defaultsele1_20260128_043023","source":"7a8e4c2758b4d88d.png","type":"image/png","size":19002},{"uid":"be375e9c06e0b479","name":"test_auditlog_defaultsele1_20260128_043023","source":"be375e9c06e0b479.png","type":"image/png","size":25802},{"uid":"b4b1298c8d4e8817","name":"test_auditlog_defaultsele1_20260128_043023","source":"b4b1298c8d4e8817.png","type":"image/png","size":25802},{"uid":"d16770a220ce802","name":"test_auditlog_defaultsele1_20260128_043023","source":"d16770a220ce802.png","type":"image/png","size":19002},{"uid":"5b280881450fd4dc","name":"test_auditlog_defaultsele1_20260128_043023","source":"5b280881450fd4dc.png","type":"image/png","size":25802},{"uid":"d353a7fab6c1a1b9","name":"test_auditlog_defaultsele1_20260128_043023","source":"d353a7fab6c1a1b9.png","type":"image/png","size":54709},{"uid":"2501b399949baa77","name":"log","source":"2501b399949baa77.txt","type":"text/plain","size":175}],"parameters":[],"hasContent":true,"attachmentStep":false,"stepsCount":0,"attachmentsCount":14,"shouldDisplayMessage":true},"afterStages":[{"name":"login_to_auditlog::0","time":{"start":1769545969275,"stop":1769545971468,"duration":2193},"status":"passed","steps":[],"attachments":[],"parameters":[],"hasContent":false,"attachmentStep":false,"stepsCount":0,"attachmentsCount":0,"shouldDisplayMessage":false}],"labels":[{"name":"feature","value":"审核日志页用例"},{"name":"story","value":"点击查询默认显示当天有异常数据"},{"name":"parentSuite","value":"Tests.test_system"},{"name":"suite","value":"test_auditLog"},{"name":"subSuite","value":"TestAuditLogPage"},{"name":"host","value":"WIN-20240820MJV"},{"name":"thread","value":"11452-MainThread"},{"name":"framework","value":"pytest"},{"name":"language","value":"cpython3"},{"name":"package","value":"Tests.test_system.test_auditLog"},{"name":"resultFormat","value":"allure2"}],"parameters":[],"links":[],"hidden":true,"retry":true,"extra":{"categories":[],"tags":[]},"source":"f01e7790a8335c70.json","parameterValues":[]}