{"uid":"f0cce68c7542082d","name":"test_affairs_process_nextfail6","fullName":"Tests.test_system.test_affairs.TestAffairsPage#test_affairs_process_nextfail6","historyId":"3653be1f671ddc098e5706373460245a","time":{"start":1769713108269,"stop":1769713111925,"duration":3656},"status":"broken","statusMessage":"selenium.common.exceptions.ElementNotInteractableException: Message: element not interactable\n  (Session info: chrome=137.0.7151.69)\nStacktrace:\n\tGetHandleVerifier [0x0x7ff7c78e6f65+78965]\n\tGetHandleVerifier [0x0x7ff7c78e6fc0+79056]\n\t(No symbol) [0x0x7ff7c7679c0c]\n\t(No symbol) [0x0x7ff7c76c9932]\n\t(No symbol) [0x0x7ff7c76c7799]\n\t(No symbol) [0x0x7ff7c76f866a]\n\t(No symbol) [0x0x7ff7c76c2b56]\n\t(No symbol) [0x0x7ff7c76f8880]\n\t(No symbol) [0x0x7ff7c7720dbe]\n\t(No symbol) [0x0x7ff7c76f8443]\n\t(No symbol) [0x0x7ff7c76c1311]\n\t(No symbol) [0x0x7ff7c76c20a3]\n\tGetHandleVerifier [0x0x7ff7c7b9e26d+2926461]\n\tGetHandleVerifier [0x0x7ff7c7b98993+2903715]\n\tGetHandleVerifier [0x0x7ff7c7bb6aed+3026941]\n\tGetHandleVerifier [0x0x7ff7c79016fe+187406]\n\tGetHandleVerifier [0x0x7ff7c79096ef+220159]\n\tGetHandleVerifier [0x0x7ff7c78efaf4+114692]\n\tGetHandleVerifier [0x0x7ff7c78efca9+115129]\n\tGetHandleVerifier [0x0x7ff7c78d64d8+10728]\n\tBaseThreadInitThunk [0x0x7ffa14ef7374+20]\n\tRtlUserThreadStart [0x0x7ffa16b1cc91+33]","statusTrace":"self = <test_system.test_affairs.TestAffairsPage object at 0x000002074D87E7A0>, login_to_affairs = <selenium.webdriver.chrome.webdriver.WebDriver (session=\"7a40a444eafbc9b18664077d4affb01e\")>\n\n    @allure.story(\"我的流程-频率为周，不填写时间设置，不允许点击下一步\")\n    # @pytest.mark.run(order=1)\n    def test_affairs_process_nextfail6(self, login_to_affairs):\n        driver = login_to_affairs  # WebDriver 实例\n        affairs = AffairsPage(driver)  # 用 driver 初始化 AffairsPage\n        affairs.click_process()\n>       affairs.add_process(name=\"测试流程1\", type=\"服务\", frequency=\"周\")\n\nTests\\test_system\\test_affairs.py:823: \n_ _ _ _ _ _ _ _ _ _ _ _ _ _ _ _ _ _ _ _ _ _ _ _ _ _ _ _ _ _ _ _ _ _ _ _ _ _ _ _ _ _ _ _ _ _ _ _ _ _ _ _ _ _ _ _ _ _ _ _ _ _ _ _ _ _ _ _ _ _ _ _ _ _ _ _ _ _ _ _ _ _ _ _ _ _ _ _ _ _ _ _ _ _ _ _ _ _ _ _ _ _ _ _ _ _ _ _ _ _ _ _ _ _ _ _\nPages\\systemPage\\affairs_page.py:298: in add_process\n    self.enter_texts('//div[label[text()=\"名称\"]]/div//input', name)\nPages\\systemPage\\affairs_page.py:19: in enter_texts\n    self.enter_text(By.XPATH, xpath, text)\nPages\\base_page.py:103: in enter_text\n    element.send_keys(text)\nmyenv\\lib\\site-packages\\selenium\\webdriver\\remote\\webelement.py:305: in send_keys\n    self._execute(\nmyenv\\lib\\site-packages\\selenium\\webdriver\\remote\\webelement.py:574: in _execute\n    return self._parent.execute(command, params)\nmyenv\\lib\\site-packages\\selenium\\webdriver\\remote\\webdriver.py:447: in execute\n    self.error_handler.check_response(response)\n_ _ _ _ _ _ _ _ _ _ _ _ _ _ _ _ _ _ _ _ _ _ _ _ _ _ _ _ _ _ _ _ _ _ _ _ _ _ _ _ _ _ _ _ _ _ _ _ _ _ _ _ _ _ _ _ _ _ _ _ _ _ _ _ _ _ _ _ _ _ _ _ _ _ _ _ _ _ _ _ _ _ _ _ _ _ _ _ _ _ _ _ _ _ _ _ _ _ _ _ _ _ _ _ _ _ _ _ _ _ _ _ _ _ _ _\n\nself = <selenium.webdriver.remote.errorhandler.ErrorHandler object at 0x000002074DFB4DC0>\nresponse = {'status': 400, 'value': '{\"value\":{\"error\":\"element not interactable\",\"message\":\"element not interactable\\\\n  (Sessio...ff7c78d64d8+10728]\\\\n\\\\tBaseThreadInitThunk [0x0x7ffa14ef7374+20]\\\\n\\\\tRtlUserThreadStart [0x0x7ffa16b1cc91+33]\\\\n\"}}'}\n\n    def check_response(self, response: Dict[str, Any]) -> None:\n        \"\"\"Checks that a JSON response from the WebDriver does not have an\n        error.\n    \n        :Args:\n         - response - The JSON response from the WebDriver server as a dictionary\n           object.\n    \n        :Raises: If the response contains an error message.\n        \"\"\"\n        status = response.get(\"status\", None)\n        if not status or status == ErrorCode.SUCCESS:\n            return\n        value = None\n        message = response.get(\"message\", \"\")\n        screen: str = response.get(\"screen\", \"\")\n        stacktrace = None\n        if isinstance(status, int):\n            value_json = response.get(\"value\", None)\n            if value_json and isinstance(value_json, str):\n                import json\n    \n                try:\n                    value = json.loads(value_json)\n                    if len(value) == 1:\n                        value = value[\"value\"]\n                    status = value.get(\"error\", None)\n                    if not status:\n                        status = value.get(\"status\", ErrorCode.UNKNOWN_ERROR)\n                        message = value.get(\"value\") or value.get(\"message\")\n                        if not isinstance(message, str):\n                            value = message\n                            message = message.get(\"message\")\n                    else:\n                        message = value.get(\"message\", None)\n                except ValueError:\n                    pass\n    \n        exception_class: Type[WebDriverException]\n        e = ErrorCode()\n        error_codes = [item for item in dir(e) if not item.startswith(\"__\")]\n        for error_code in error_codes:\n            error_info = getattr(ErrorCode, error_code)\n            if isinstance(error_info, list) and status in error_info:\n                exception_class = getattr(ExceptionMapping, error_code, WebDriverException)\n                break\n        else:\n            exception_class = WebDriverException\n    \n        if not value:\n            value = response[\"value\"]\n        if isinstance(value, str):\n            raise exception_class(value)\n        if message == \"\" and \"message\" in value:\n            message = value[\"message\"]\n    \n        screen = None  # type: ignore[assignment]\n        if \"screen\" in value:\n            screen = value[\"screen\"]\n    \n        stacktrace = None\n        st_value = value.get(\"stackTrace\") or value.get(\"stacktrace\")\n        if st_value:\n            if isinstance(st_value, str):\n                stacktrace = st_value.split(\"\\n\")\n            else:\n                stacktrace = []\n                try:\n                    for frame in st_value:\n                        line = frame.get(\"lineNumber\", \"\")\n                        file = frame.get(\"fileName\", \"<anonymous>\")\n                        if line:\n                            file = f\"{file}:{line}\"\n                        meth = frame.get(\"methodName\", \"<anonymous>\")\n                        if \"className\" in frame:\n                            meth = f\"{frame['className']}.{meth}\"\n                        msg = \"    at %s (%s)\"\n                        msg = msg % (meth, file)\n                        stacktrace.append(msg)\n                except TypeError:\n                    pass\n        if exception_class == UnexpectedAlertPresentException:\n            alert_text = None\n            if \"data\" in value:\n                alert_text = value[\"data\"].get(\"text\")\n            elif \"alert\" in value:\n                alert_text = value[\"alert\"].get(\"text\")\n            raise exception_class(message, screen, stacktrace, alert_text)  # type: ignore[call-arg]  # mypy is not smart enough here\n>       raise exception_class(message, screen, stacktrace)\nE       selenium.common.exceptions.ElementNotInteractableException: Message: element not interactable\nE         (Session info: chrome=137.0.7151.69)\nE       Stacktrace:\nE       \tGetHandleVerifier [0x0x7ff7c78e6f65+78965]\nE       \tGetHandleVerifier [0x0x7ff7c78e6fc0+79056]\nE       \t(No symbol) [0x0x7ff7c7679c0c]\nE       \t(No symbol) [0x0x7ff7c76c9932]\nE       \t(No symbol) [0x0x7ff7c76c7799]\nE       \t(No symbol) [0x0x7ff7c76f866a]\nE       \t(No symbol) [0x0x7ff7c76c2b56]\nE       \t(No symbol) [0x0x7ff7c76f8880]\nE       \t(No symbol) [0x0x7ff7c7720dbe]\nE       \t(No symbol) [0x0x7ff7c76f8443]\nE       \t(No symbol) [0x0x7ff7c76c1311]\nE       \t(No symbol) [0x0x7ff7c76c20a3]\nE       \tGetHandleVerifier [0x0x7ff7c7b9e26d+2926461]\nE       \tGetHandleVerifier [0x0x7ff7c7b98993+2903715]\nE       \tGetHandleVerifier [0x0x7ff7c7bb6aed+3026941]\nE       \tGetHandleVerifier [0x0x7ff7c79016fe+187406]\nE       \tGetHandleVerifier [0x0x7ff7c79096ef+220159]\nE       \tGetHandleVerifier [0x0x7ff7c78efaf4+114692]\nE       \tGetHandleVerifier [0x0x7ff7c78efca9+115129]\nE       \tGetHandleVerifier [0x0x7ff7c78d64d8+10728]\nE       \tBaseThreadInitThunk [0x0x7ffa14ef7374+20]\nE       \tRtlUserThreadStart [0x0x7ffa16b1cc91+33]\n\nmyenv\\lib\\site-packages\\selenium\\webdriver\\remote\\errorhandler.py:232: ElementNotInteractableException","flaky":false,"newFailed":false,"newBroken":false,"newPassed":false,"retriesCount":1,"retriesStatusChange":false,"beforeStages":[{"name":"login_to_affairs","time":{"start":1769712540552,"stop":1769712559656,"duration":19104},"status":"passed","steps":[],"attachments":[],"parameters":[],"stepsCount":0,"attachmentStep":false,"hasContent":false,"shouldDisplayMessage":false,"attachmentsCount":0}],"testStage":{"status":"broken","statusMessage":"selenium.common.exceptions.ElementNotInteractableException: Message: element not interactable\n  (Session info: chrome=137.0.7151.69)\nStacktrace:\n\tGetHandleVerifier [0x0x7ff7c78e6f65+78965]\n\tGetHandleVerifier [0x0x7ff7c78e6fc0+79056]\n\t(No symbol) [0x0x7ff7c7679c0c]\n\t(No symbol) [0x0x7ff7c76c9932]\n\t(No symbol) [0x0x7ff7c76c7799]\n\t(No symbol) [0x0x7ff7c76f866a]\n\t(No symbol) [0x0x7ff7c76c2b56]\n\t(No symbol) [0x0x7ff7c76f8880]\n\t(No symbol) [0x0x7ff7c7720dbe]\n\t(No symbol) [0x0x7ff7c76f8443]\n\t(No symbol) [0x0x7ff7c76c1311]\n\t(No symbol) [0x0x7ff7c76c20a3]\n\tGetHandleVerifier [0x0x7ff7c7b9e26d+2926461]\n\tGetHandleVerifier [0x0x7ff7c7b98993+2903715]\n\tGetHandleVerifier [0x0x7ff7c7bb6aed+3026941]\n\tGetHandleVerifier [0x0x7ff7c79016fe+187406]\n\tGetHandleVerifier [0x0x7ff7c79096ef+220159]\n\tGetHandleVerifier [0x0x7ff7c78efaf4+114692]\n\tGetHandleVerifier [0x0x7ff7c78efca9+115129]\n\tGetHandleVerifier [0x0x7ff7c78d64d8+10728]\n\tBaseThreadInitThunk [0x0x7ffa14ef7374+20]\n\tRtlUserThreadStart [0x0x7ffa16b1cc91+33]","statusTrace":"self = <test_system.test_affairs.TestAffairsPage object at 0x000002074D87E7A0>, login_to_affairs = <selenium.webdriver.chrome.webdriver.WebDriver (session=\"7a40a444eafbc9b18664077d4affb01e\")>\n\n    @allure.story(\"我的流程-频率为周，不填写时间设置，不允许点击下一步\")\n    # @pytest.mark.run(order=1)\n    def test_affairs_process_nextfail6(self, login_to_affairs):\n        driver = login_to_affairs  # WebDriver 实例\n        affairs = AffairsPage(driver)  # 用 driver 初始化 AffairsPage\n        affairs.click_process()\n>       affairs.add_process(name=\"测试流程1\", type=\"服务\", frequency=\"周\")\n\nTests\\test_system\\test_affairs.py:823: \n_ _ _ _ _ _ _ _ _ _ _ _ _ _ _ _ _ _ _ _ _ _ _ _ _ _ _ _ _ _ _ _ _ _ _ _ _ _ _ _ _ _ _ _ _ _ _ _ _ _ _ _ _ _ _ _ _ _ _ _ _ _ _ _ _ _ _ _ _ _ _ _ _ _ _ _ _ _ _ _ _ _ _ _ _ _ _ _ _ _ _ _ _ _ _ _ _ _ _ _ _ _ _ _ _ _ _ _ _ _ _ _ _ _ _ _\nPages\\systemPage\\affairs_page.py:298: in add_process\n    self.enter_texts('//div[label[text()=\"名称\"]]/div//input', name)\nPages\\systemPage\\affairs_page.py:19: in enter_texts\n    self.enter_text(By.XPATH, xpath, text)\nPages\\base_page.py:103: in enter_text\n    element.send_keys(text)\nmyenv\\lib\\site-packages\\selenium\\webdriver\\remote\\webelement.py:305: in send_keys\n    self._execute(\nmyenv\\lib\\site-packages\\selenium\\webdriver\\remote\\webelement.py:574: in _execute\n    return self._parent.execute(command, params)\nmyenv\\lib\\site-packages\\selenium\\webdriver\\remote\\webdriver.py:447: in execute\n    self.error_handler.check_response(response)\n_ _ _ _ _ _ _ _ _ _ _ _ _ _ _ _ _ _ _ _ _ _ _ _ _ _ _ _ _ _ _ _ _ _ _ _ _ _ _ _ _ _ _ _ _ _ _ _ _ _ _ _ _ _ _ _ _ _ _ _ _ _ _ _ _ _ _ _ _ _ _ _ _ _ _ _ _ _ _ _ _ _ _ _ _ _ _ _ _ _ _ _ _ _ _ _ _ _ _ _ _ _ _ _ _ _ _ _ _ _ _ _ _ _ _ _\n\nself = <selenium.webdriver.remote.errorhandler.ErrorHandler object at 0x000002074DFB4DC0>\nresponse = {'status': 400, 'value': '{\"value\":{\"error\":\"element not interactable\",\"message\":\"element not interactable\\\\n  (Sessio...ff7c78d64d8+10728]\\\\n\\\\tBaseThreadInitThunk [0x0x7ffa14ef7374+20]\\\\n\\\\tRtlUserThreadStart [0x0x7ffa16b1cc91+33]\\\\n\"}}'}\n\n    def check_response(self, response: Dict[str, Any]) -> None:\n        \"\"\"Checks that a JSON response from the WebDriver does not have an\n        error.\n    \n        :Args:\n         - response - The JSON response from the WebDriver server as a dictionary\n           object.\n    \n        :Raises: If the response contains an error message.\n        \"\"\"\n        status = response.get(\"status\", None)\n        if not status or status == ErrorCode.SUCCESS:\n            return\n        value = None\n        message = response.get(\"message\", \"\")\n        screen: str = response.get(\"screen\", \"\")\n        stacktrace = None\n        if isinstance(status, int):\n            value_json = response.get(\"value\", None)\n            if value_json and isinstance(value_json, str):\n                import json\n    \n                try:\n                    value = json.loads(value_json)\n                    if len(value) == 1:\n                        value = value[\"value\"]\n                    status = value.get(\"error\", None)\n                    if not status:\n                        status = value.get(\"status\", ErrorCode.UNKNOWN_ERROR)\n                        message = value.get(\"value\") or value.get(\"message\")\n                        if not isinstance(message, str):\n                            value = message\n                            message = message.get(\"message\")\n                    else:\n                        message = value.get(\"message\", None)\n                except ValueError:\n                    pass\n    \n        exception_class: Type[WebDriverException]\n        e = ErrorCode()\n        error_codes = [item for item in dir(e) if not item.startswith(\"__\")]\n        for error_code in error_codes:\n            error_info = getattr(ErrorCode, error_code)\n            if isinstance(error_info, list) and status in error_info:\n                exception_class = getattr(ExceptionMapping, error_code, WebDriverException)\n                break\n        else:\n            exception_class = WebDriverException\n    \n        if not value:\n            value = response[\"value\"]\n        if isinstance(value, str):\n            raise exception_class(value)\n        if message == \"\" and \"message\" in value:\n            message = value[\"message\"]\n    \n        screen = None  # type: ignore[assignment]\n        if \"screen\" in value:\n            screen = value[\"screen\"]\n    \n        stacktrace = None\n        st_value = value.get(\"stackTrace\") or value.get(\"stacktrace\")\n        if st_value:\n            if isinstance(st_value, str):\n                stacktrace = st_value.split(\"\\n\")\n            else:\n                stacktrace = []\n                try:\n                    for frame in st_value:\n                        line = frame.get(\"lineNumber\", \"\")\n                        file = frame.get(\"fileName\", \"<anonymous>\")\n                        if line:\n                            file = f\"{file}:{line}\"\n                        meth = frame.get(\"methodName\", \"<anonymous>\")\n                        if \"className\" in frame:\n                            meth = f\"{frame['className']}.{meth}\"\n                        msg = \"    at %s (%s)\"\n                        msg = msg % (meth, file)\n                        stacktrace.append(msg)\n                except TypeError:\n                    pass\n        if exception_class == UnexpectedAlertPresentException:\n            alert_text = None\n            if \"data\" in value:\n                alert_text = value[\"data\"].get(\"text\")\n            elif \"alert\" in value:\n                alert_text = value[\"alert\"].get(\"text\")\n            raise exception_class(message, screen, stacktrace, alert_text)  # type: ignore[call-arg]  # mypy is not smart enough here\n>       raise exception_class(message, screen, stacktrace)\nE       selenium.common.exceptions.ElementNotInteractableException: Message: element not interactable\nE         (Session info: chrome=137.0.7151.69)\nE       Stacktrace:\nE       \tGetHandleVerifier [0x0x7ff7c78e6f65+78965]\nE       \tGetHandleVerifier [0x0x7ff7c78e6fc0+79056]\nE       \t(No symbol) [0x0x7ff7c7679c0c]\nE       \t(No symbol) [0x0x7ff7c76c9932]\nE       \t(No symbol) [0x0x7ff7c76c7799]\nE       \t(No symbol) [0x0x7ff7c76f866a]\nE       \t(No symbol) [0x0x7ff7c76c2b56]\nE       \t(No symbol) [0x0x7ff7c76f8880]\nE       \t(No symbol) [0x0x7ff7c7720dbe]\nE       \t(No symbol) [0x0x7ff7c76f8443]\nE       \t(No symbol) [0x0x7ff7c76c1311]\nE       \t(No symbol) [0x0x7ff7c76c20a3]\nE       \tGetHandleVerifier [0x0x7ff7c7b9e26d+2926461]\nE       \tGetHandleVerifier [0x0x7ff7c7b98993+2903715]\nE       \tGetHandleVerifier [0x0x7ff7c7bb6aed+3026941]\nE       \tGetHandleVerifier [0x0x7ff7c79016fe+187406]\nE       \tGetHandleVerifier [0x0x7ff7c79096ef+220159]\nE       \tGetHandleVerifier [0x0x7ff7c78efaf4+114692]\nE       \tGetHandleVerifier [0x0x7ff7c78efca9+115129]\nE       \tGetHandleVerifier [0x0x7ff7c78d64d8+10728]\nE       \tBaseThreadInitThunk [0x0x7ffa14ef7374+20]\nE       \tRtlUserThreadStart [0x0x7ffa16b1cc91+33]\n\nmyenv\\lib\\site-packages\\selenium\\webdriver\\remote\\errorhandler.py:232: ElementNotInteractableException","steps":[],"attachments":[{"uid":"c812aaf4838a76bd","name":"test_affairs_process_nextfail6_20260130_025832","source":"c812aaf4838a76bd.png","type":"image/png","size":71300},{"uid":"e9824cd09270454d","name":"log","source":"e9824cd09270454d.txt","type":"text/plain","size":1023}],"parameters":[],"stepsCount":0,"attachmentStep":false,"hasContent":true,"shouldDisplayMessage":true,"attachmentsCount":2},"afterStages":[{"name":"login_to_affairs::0","time":{"start":1769713624243,"stop":1769713626483,"duration":2240},"status":"passed","steps":[],"attachments":[],"parameters":[],"stepsCount":0,"attachmentStep":false,"hasContent":false,"shouldDisplayMessage":false,"attachmentsCount":0}],"labels":[{"name":"feature","value":"事务管理页用例"},{"name":"story","value":"我的流程-频率为周，不填写时间设置，不允许点击下一步"},{"name":"parentSuite","value":"Tests.test_system"},{"name":"suite","value":"test_affairs"},{"name":"subSuite","value":"TestAffairsPage"},{"name":"host","value":"WIN-20240820MJV"},{"name":"thread","value":"42656-MainThread"},{"name":"framework","value":"pytest"},{"name":"language","value":"cpython3"},{"name":"package","value":"Tests.test_system.test_affairs"},{"name":"resultFormat","value":"allure2"}],"parameters":[],"links":[],"hidden":false,"retry":false,"extra":{"severity":"normal","retries":[{"uid":"83f011f8888ab1f7","status":"broken","statusDetails":"selenium.common.exceptions.ElementNotInteractableException: Message: element not interactable\n  (Session info: chrome=137.0.7151.69)\nStacktrace:\n\tGetHandleVerifier [0x0x7ff7c78e6f65+78965]\n\tGetHandleVerifier [0x0x7ff7c78e6fc0+79056]\n\t(No symbol) [0x0x7ff7c7679c0c]\n\t(No symbol) [0x0x7ff7c76c9932]\n\t(No symbol) [0x0x7ff7c76c7799]\n\t(No symbol) [0x0x7ff7c76f866a]\n\t(No symbol) [0x0x7ff7c76c2b56]\n\t(No symbol) [0x0x7ff7c76f8880]\n\t(No symbol) [0x0x7ff7c7720dbe]\n\t(No symbol) [0x0x7ff7c76f8443]\n\t(No symbol) [0x0x7ff7c76c1311]\n\t(No symbol) [0x0x7ff7c76c20a3]\n\tGetHandleVerifier [0x0x7ff7c7b9e26d+2926461]\n\tGetHandleVerifier [0x0x7ff7c7b98993+2903715]\n\tGetHandleVerifier [0x0x7ff7c7bb6aed+3026941]\n\tGetHandleVerifier [0x0x7ff7c79016fe+187406]\n\tGetHandleVerifier [0x0x7ff7c79096ef+220159]\n\tGetHandleVerifier [0x0x7ff7c78efaf4+114692]\n\tGetHandleVerifier [0x0x7ff7c78efca9+115129]\n\tGetHandleVerifier [0x0x7ff7c78d64d8+10728]\n\tBaseThreadInitThunk [0x0x7ffa14ef7374+20]\n\tRtlUserThreadStart [0x0x7ffa16b1cc91+33]","time":{"start":1769713104295,"stop":1769713108049,"duration":3754}}],"categories":[{"name":"Test defects","matchedStatuses":[]}],"tags":[]},"source":"f0cce68c7542082d.json","parameterValues":[]}