{"uid":"f5640551ed32c600","name":"test_shift_editcolorsuccess","fullName":"Tests.test_items.test_shift.TestShiftPage#test_shift_editcolorsuccess","historyId":"e8eca79259cd09add4407d6c25010ccf","time":{"start":1769087490509,"stop":1769087504055,"duration":13546},"status":"broken","statusMessage":"selenium.common.exceptions.TimeoutException: Message: \nStacktrace:\n\tGetHandleVerifier [0x0x7ff6c0556f65+78965]\n\tGetHandleVerifier [0x0x7ff6c0556fc0+79056]\n\t(No symbol) [0x0x7ff6c02e9dda]\n\t(No symbol) [0x0x7ff6c03402ea]\n\t(No symbol) [0x0x7ff6c034059c]\n\t(No symbol) [0x0x7ff6c0393f37]\n\t(No symbol) [0x0x7ff6c03686af]\n\t(No symbol) [0x0x7ff6c0390dbe]\n\t(No symbol) [0x0x7ff6c0368443]\n\t(No symbol) [0x0x7ff6c0331311]\n\t(No symbol) [0x0x7ff6c03320a3]\n\tGetHandleVerifier [0x0x7ff6c080e26d+2926461]\n\tGetHandleVerifier [0x0x7ff6c0808993+2903715]\n\tGetHandleVerifier [0x0x7ff6c0826aed+3026941]\n\tGetHandleVerifier [0x0x7ff6c05716fe+187406]\n\tGetHandleVerifier [0x0x7ff6c05796ef+220159]\n\tGetHandleVerifier [0x0x7ff6c055faf4+114692]\n\tGetHandleVerifier [0x0x7ff6c055fca9+115129]\n\tGetHandleVerifier [0x0x7ff6c05464d8+10728]\n\tBaseThreadInitThunk [0x0x7ffc4d1c7374+20]\n\tRtlUserThreadStart [0x0x7ffc4ec7cc91+33]","statusTrace":"self = <test_items.test_shift.TestShiftPage object at 0x00000218C67FF040>, login_to_shift = <selenium.webdriver.chrome.webdriver.WebDriver (session=\"f111bf25d09eaac9f4c384c8d1060657\")>\n\n    @allure.story(\"修改显示颜色成功\")\n    # @pytest.mark.run(order=1)\n    def test_shift_editcolorsuccess(self, login_to_shift):\n        driver = login_to_shift  # WebDriver 实例\n        shift = ShiftPage(driver)  # 用 driver 初始化 ShiftPage\n        name = \"1测试A\"\n        # 选中班次代码\n        shift.click_button(f'(//span[text()=\"{name}\"])[1]')\n        # 点击修改按钮\n        shift.click_edi_button()\n        sleep(2)\n        # 生成随机数\n        random_int = random.randint(1, 10)\n    \n        # 显示颜色下拉框\n        shift.click_button('(//label[text()=\"显示颜色\"])[1]/parent::div//i')\n        # 显示颜色\n        shift.click_button(f'//span[text()=\"{random_int}\"]')\n        # 获取下拉框数据\n>       shiftsel = shift.get_find_element_xpath(\n            '//div[label[text()=\"显示颜色\"]]/div//span[@class=\"ivu-select-selected-value\"]'\n        ).get_attribute(\"innerText\")\n\nTests\\test_items\\test_shift.py:623: \n_ _ _ _ _ _ _ _ _ _ _ _ _ _ _ _ _ _ _ _ _ _ _ _ _ _ _ _ _ _ _ _ _ _ _ _ _ _ _ _ _ _ _ _ _ _ _ _ _ _ _ _ _ _ _ _ _ _ _ _ _ _ _ _ _ _ _ _ _ _ _ _ _ _ _ _ _ _ _ _ _ _ _ _ _ _ _ _ _ _ _ _ _ _ _ _ _ _ _ _ _ _ _ _ _ _ _ _ _ _ _ _ _ _ _ _\nPages\\itemsPage\\shift_page.py:46: in get_find_element_xpath\n    return self.find_element(By.XPATH, xpath)\nPages\\base_page.py:28: in find_element\n    return WebDriverWait(self.driver, wait_time).until(\n_ _ _ _ _ _ _ _ _ _ _ _ _ _ _ _ _ _ _ _ _ _ _ _ _ _ _ _ _ _ _ _ _ _ _ _ _ _ _ _ _ _ _ _ _ _ _ _ _ _ _ _ _ _ _ _ _ _ _ _ _ _ _ _ _ _ _ _ _ _ _ _ _ _ _ _ _ _ _ _ _ _ _ _ _ _ _ _ _ _ _ _ _ _ _ _ _ _ _ _ _ _ _ _ _ _ _ _ _ _ _ _ _ _ _ _\n\nself = <selenium.webdriver.support.wait.WebDriverWait (session=\"f111bf25d09eaac9f4c384c8d1060657\")>, method = <function presence_of_element_located.<locals>._predicate at 0x00000218C7240940>, message = ''\n\n    def until(self, method: Callable[[D], Union[Literal[False], T]], message: str = \"\") -> T:\n        \"\"\"Wait until the method returns a value that is not False.\n    \n        Calls the method provided with the driver as an argument until the\n        return value does not evaluate to ``False``.\n    \n        Parameters:\n        -----------\n        method: callable(WebDriver)\n            - A callable object that takes a WebDriver instance as an argument.\n    \n        message: str\n            - Optional message for :exc:`TimeoutException`\n    \n        Return:\n        -------\n        object: T\n            - The result of the last call to `method`\n    \n        Raises:\n        -------\n        TimeoutException\n            - If 'method' does not return a truthy value within the WebDriverWait\n            object's timeout\n    \n        Example:\n        --------\n        >>> from selenium.webdriver.common.by import By\n        >>> from selenium.webdriver.support.ui import WebDriverWait\n        >>> from selenium.webdriver.support import expected_conditions as EC\n    \n        # Wait until an element is visible on the page\n        >>> wait = WebDriverWait(driver, 10)\n        >>> element = wait.until(EC.visibility_of_element_located((By.ID, \"exampleId\")))\n        >>> print(element.text)\n        \"\"\"\n        screen = None\n        stacktrace = None\n    \n        end_time = time.monotonic() + self._timeout\n        while True:\n            try:\n                value = method(self._driver)\n                if value:\n                    return value\n            except self._ignored_exceptions as exc:\n                screen = getattr(exc, \"screen\", None)\n                stacktrace = getattr(exc, \"stacktrace\", None)\n            if time.monotonic() > end_time:\n                break\n            time.sleep(self._poll)\n>       raise TimeoutException(message, screen, stacktrace)\nE       selenium.common.exceptions.TimeoutException: Message: \nE       Stacktrace:\nE       \tGetHandleVerifier [0x0x7ff6c0556f65+78965]\nE       \tGetHandleVerifier [0x0x7ff6c0556fc0+79056]\nE       \t(No symbol) [0x0x7ff6c02e9dda]\nE       \t(No symbol) [0x0x7ff6c03402ea]\nE       \t(No symbol) [0x0x7ff6c034059c]\nE       \t(No symbol) [0x0x7ff6c0393f37]\nE       \t(No symbol) [0x0x7ff6c03686af]\nE       \t(No symbol) [0x0x7ff6c0390dbe]\nE       \t(No symbol) [0x0x7ff6c0368443]\nE       \t(No symbol) [0x0x7ff6c0331311]\nE       \t(No symbol) [0x0x7ff6c03320a3]\nE       \tGetHandleVerifier [0x0x7ff6c080e26d+2926461]\nE       \tGetHandleVerifier [0x0x7ff6c0808993+2903715]\nE       \tGetHandleVerifier [0x0x7ff6c0826aed+3026941]\nE       \tGetHandleVerifier [0x0x7ff6c05716fe+187406]\nE       \tGetHandleVerifier [0x0x7ff6c05796ef+220159]\nE       \tGetHandleVerifier [0x0x7ff6c055faf4+114692]\nE       \tGetHandleVerifier [0x0x7ff6c055fca9+115129]\nE       \tGetHandleVerifier [0x0x7ff6c05464d8+10728]\nE       \tBaseThreadInitThunk [0x0x7ffc4d1c7374+20]\nE       \tRtlUserThreadStart [0x0x7ffc4ec7cc91+33]\n\nmyenv\\lib\\site-packages\\selenium\\webdriver\\support\\wait.py:138: TimeoutException","flaky":false,"newFailed":false,"newBroken":false,"newPassed":false,"retriesCount":0,"retriesStatusChange":false,"beforeStages":[{"name":"login_to_shift","time":{"start":1769087309251,"stop":1769087327204,"duration":17953},"status":"passed","steps":[],"attachments":[],"parameters":[],"hasContent":false,"stepsCount":0,"attachmentStep":false,"shouldDisplayMessage":false,"attachmentsCount":0}],"testStage":{"status":"broken","statusMessage":"selenium.common.exceptions.TimeoutException: Message: \nStacktrace:\n\tGetHandleVerifier [0x0x7ff6c0556f65+78965]\n\tGetHandleVerifier [0x0x7ff6c0556fc0+79056]\n\t(No symbol) [0x0x7ff6c02e9dda]\n\t(No symbol) [0x0x7ff6c03402ea]\n\t(No symbol) [0x0x7ff6c034059c]\n\t(No symbol) [0x0x7ff6c0393f37]\n\t(No symbol) [0x0x7ff6c03686af]\n\t(No symbol) [0x0x7ff6c0390dbe]\n\t(No symbol) [0x0x7ff6c0368443]\n\t(No symbol) [0x0x7ff6c0331311]\n\t(No symbol) [0x0x7ff6c03320a3]\n\tGetHandleVerifier [0x0x7ff6c080e26d+2926461]\n\tGetHandleVerifier [0x0x7ff6c0808993+2903715]\n\tGetHandleVerifier [0x0x7ff6c0826aed+3026941]\n\tGetHandleVerifier [0x0x7ff6c05716fe+187406]\n\tGetHandleVerifier [0x0x7ff6c05796ef+220159]\n\tGetHandleVerifier [0x0x7ff6c055faf4+114692]\n\tGetHandleVerifier [0x0x7ff6c055fca9+115129]\n\tGetHandleVerifier [0x0x7ff6c05464d8+10728]\n\tBaseThreadInitThunk [0x0x7ffc4d1c7374+20]\n\tRtlUserThreadStart [0x0x7ffc4ec7cc91+33]","statusTrace":"self = <test_items.test_shift.TestShiftPage object at 0x00000218C67FF040>, login_to_shift = <selenium.webdriver.chrome.webdriver.WebDriver (session=\"f111bf25d09eaac9f4c384c8d1060657\")>\n\n    @allure.story(\"修改显示颜色成功\")\n    # @pytest.mark.run(order=1)\n    def test_shift_editcolorsuccess(self, login_to_shift):\n        driver = login_to_shift  # WebDriver 实例\n        shift = ShiftPage(driver)  # 用 driver 初始化 ShiftPage\n        name = \"1测试A\"\n        # 选中班次代码\n        shift.click_button(f'(//span[text()=\"{name}\"])[1]')\n        # 点击修改按钮\n        shift.click_edi_button()\n        sleep(2)\n        # 生成随机数\n        random_int = random.randint(1, 10)\n    \n        # 显示颜色下拉框\n        shift.click_button('(//label[text()=\"显示颜色\"])[1]/parent::div//i')\n        # 显示颜色\n        shift.click_button(f'//span[text()=\"{random_int}\"]')\n        # 获取下拉框数据\n>       shiftsel = shift.get_find_element_xpath(\n            '//div[label[text()=\"显示颜色\"]]/div//span[@class=\"ivu-select-selected-value\"]'\n        ).get_attribute(\"innerText\")\n\nTests\\test_items\\test_shift.py:623: \n_ _ _ _ _ _ _ _ _ _ _ _ _ _ _ _ _ _ _ _ _ _ _ _ _ _ _ _ _ _ _ _ _ _ _ _ _ _ _ _ _ _ _ _ _ _ _ _ _ _ _ _ _ _ _ _ _ _ _ _ _ _ _ _ _ _ _ _ _ _ _ _ _ _ _ _ _ _ _ _ _ _ _ _ _ _ _ _ _ _ _ _ _ _ _ _ _ _ _ _ _ _ _ _ _ _ _ _ _ _ _ _ _ _ _ _\nPages\\itemsPage\\shift_page.py:46: in get_find_element_xpath\n    return self.find_element(By.XPATH, xpath)\nPages\\base_page.py:28: in find_element\n    return WebDriverWait(self.driver, wait_time).until(\n_ _ _ _ _ _ _ _ _ _ _ _ _ _ _ _ _ _ _ _ _ _ _ _ _ _ _ _ _ _ _ _ _ _ _ _ _ _ _ _ _ _ _ _ _ _ _ _ _ _ _ _ _ _ _ _ _ _ _ _ _ _ _ _ _ _ _ _ _ _ _ _ _ _ _ _ _ _ _ _ _ _ _ _ _ _ _ _ _ _ _ _ _ _ _ _ _ _ _ _ _ _ _ _ _ _ _ _ _ _ _ _ _ _ _ _\n\nself = <selenium.webdriver.support.wait.WebDriverWait (session=\"f111bf25d09eaac9f4c384c8d1060657\")>, method = <function presence_of_element_located.<locals>._predicate at 0x00000218C7240940>, message = ''\n\n    def until(self, method: Callable[[D], Union[Literal[False], T]], message: str = \"\") -> T:\n        \"\"\"Wait until the method returns a value that is not False.\n    \n        Calls the method provided with the driver as an argument until the\n        return value does not evaluate to ``False``.\n    \n        Parameters:\n        -----------\n        method: callable(WebDriver)\n            - A callable object that takes a WebDriver instance as an argument.\n    \n        message: str\n            - Optional message for :exc:`TimeoutException`\n    \n        Return:\n        -------\n        object: T\n            - The result of the last call to `method`\n    \n        Raises:\n        -------\n        TimeoutException\n            - If 'method' does not return a truthy value within the WebDriverWait\n            object's timeout\n    \n        Example:\n        --------\n        >>> from selenium.webdriver.common.by import By\n        >>> from selenium.webdriver.support.ui import WebDriverWait\n        >>> from selenium.webdriver.support import expected_conditions as EC\n    \n        # Wait until an element is visible on the page\n        >>> wait = WebDriverWait(driver, 10)\n        >>> element = wait.until(EC.visibility_of_element_located((By.ID, \"exampleId\")))\n        >>> print(element.text)\n        \"\"\"\n        screen = None\n        stacktrace = None\n    \n        end_time = time.monotonic() + self._timeout\n        while True:\n            try:\n                value = method(self._driver)\n                if value:\n                    return value\n            except self._ignored_exceptions as exc:\n                screen = getattr(exc, \"screen\", None)\n                stacktrace = getattr(exc, \"stacktrace\", None)\n            if time.monotonic() > end_time:\n                break\n            time.sleep(self._poll)\n>       raise TimeoutException(message, screen, stacktrace)\nE       selenium.common.exceptions.TimeoutException: Message: \nE       Stacktrace:\nE       \tGetHandleVerifier [0x0x7ff6c0556f65+78965]\nE       \tGetHandleVerifier [0x0x7ff6c0556fc0+79056]\nE       \t(No symbol) [0x0x7ff6c02e9dda]\nE       \t(No symbol) [0x0x7ff6c03402ea]\nE       \t(No symbol) [0x0x7ff6c034059c]\nE       \t(No symbol) [0x0x7ff6c0393f37]\nE       \t(No symbol) [0x0x7ff6c03686af]\nE       \t(No symbol) [0x0x7ff6c0390dbe]\nE       \t(No symbol) [0x0x7ff6c0368443]\nE       \t(No symbol) [0x0x7ff6c0331311]\nE       \t(No symbol) [0x0x7ff6c03320a3]\nE       \tGetHandleVerifier [0x0x7ff6c080e26d+2926461]\nE       \tGetHandleVerifier [0x0x7ff6c0808993+2903715]\nE       \tGetHandleVerifier [0x0x7ff6c0826aed+3026941]\nE       \tGetHandleVerifier [0x0x7ff6c05716fe+187406]\nE       \tGetHandleVerifier [0x0x7ff6c05796ef+220159]\nE       \tGetHandleVerifier [0x0x7ff6c055faf4+114692]\nE       \tGetHandleVerifier [0x0x7ff6c055fca9+115129]\nE       \tGetHandleVerifier [0x0x7ff6c05464d8+10728]\nE       \tBaseThreadInitThunk [0x0x7ffc4d1c7374+20]\nE       \tRtlUserThreadStart [0x0x7ffc4ec7cc91+33]\n\nmyenv\\lib\\site-packages\\selenium\\webdriver\\support\\wait.py:138: TimeoutException","steps":[],"attachments":[{"uid":"d7705d77e5db070c","name":"test_shift_editcolorsuccess_20260122_211144","source":"d7705d77e5db070c.png","type":"image/png","size":97171},{"uid":"aec0ce7e251d919f","name":"log","source":"aec0ce7e251d919f.txt","type":"text/plain","size":1051}],"parameters":[],"hasContent":true,"stepsCount":0,"attachmentStep":false,"shouldDisplayMessage":true,"attachmentsCount":2},"afterStages":[{"name":"login_to_shift::0","time":{"start":1769087854878,"stop":1769087857042,"duration":2164},"status":"passed","steps":[],"attachments":[],"parameters":[],"hasContent":false,"stepsCount":0,"attachmentStep":false,"shouldDisplayMessage":false,"attachmentsCount":0}],"labels":[{"name":"feature","value":"班次表测试用例"},{"name":"story","value":"修改显示颜色成功"},{"name":"parentSuite","value":"Tests.test_items"},{"name":"suite","value":"test_shift"},{"name":"subSuite","value":"TestShiftPage"},{"name":"host","value":"WIN-20240820MJV"},{"name":"thread","value":"43156-MainThread"},{"name":"framework","value":"pytest"},{"name":"language","value":"cpython3"},{"name":"package","value":"Tests.test_items.test_shift"},{"name":"resultFormat","value":"allure2"}],"parameters":[],"links":[],"hidden":true,"retry":true,"extra":{"categories":[],"tags":[]},"source":"f5640551ed32c600.json","parameterValues":[]}