{"uid":"f7b1488a48a5fc42","name":"test_home_savete","fullName":"Tests.test_system.test_home.TestHomePage#test_home_savete","historyId":"6dbcb35317cdb14c5771e13b936a7aa3","time":{"start":1761768877223,"stop":1761768895075,"duration":17852},"status":"broken","statusMessage":"selenium.common.exceptions.TimeoutException: Message: \nStacktrace:\n\tGetHandleVerifier [0x0x7ff7c25b6f65+78965]\n\tGetHandleVerifier [0x0x7ff7c25b6fc0+79056]\n\t(No symbol) [0x0x7ff7c2349dda]\n\t(No symbol) [0x0x7ff7c23a02ea]\n\t(No symbol) [0x0x7ff7c23a059c]\n\t(No symbol) [0x0x7ff7c23f3f37]\n\t(No symbol) [0x0x7ff7c23c86af]\n\t(No symbol) [0x0x7ff7c23f0dbe]\n\t(No symbol) [0x0x7ff7c23c8443]\n\t(No symbol) [0x0x7ff7c2391311]\n\t(No symbol) [0x0x7ff7c23920a3]\n\tGetHandleVerifier [0x0x7ff7c286e26d+2926461]\n\tGetHandleVerifier [0x0x7ff7c2868993+2903715]\n\tGetHandleVerifier [0x0x7ff7c2886aed+3026941]\n\tGetHandleVerifier [0x0x7ff7c25d16fe+187406]\n\tGetHandleVerifier [0x0x7ff7c25d96ef+220159]\n\tGetHandleVerifier [0x0x7ff7c25bfaf4+114692]\n\tGetHandleVerifier [0x0x7ff7c25bfca9+115129]\n\tGetHandleVerifier [0x0x7ff7c25a64d8+10728]\n\tBaseThreadInitThunk [0x0x7ff832417374+20]\n\tRtlUserThreadStart [0x0x7ff833d3cc91+33]","statusTrace":"self = <test_system.test_home.TestHomePage object at 0x0000018AD1E52680>, login_to_home = <selenium.webdriver.chrome.webdriver.WebDriver (session=\"8fef2062829daffd1c3dc6f65b2bcb44\")>\n\n    @allure.story(\"删除测试布局成功\")\n    # @pytest.mark.run(order=1)\n    def test_home_savete(self, login_to_home):\n        driver = login_to_home  # WebDriver 实例\n        home = HomePage(driver)  # 用 driver 初始化 HomePage\n        name = \"初始模版使用\"\n        home.click_template()\n        home.click_button(f'//div[./span[text()=\" {name} \"]]/span[text()=\" 加载模板 \"]')\n        home.click_button(\n            '//div[div[text()=\"是否加载这个模板？加载后会覆盖当前内容。\"]]/following-sibling::div//span[text()=\"确定\"]')\n        home.wait_for_loading_to_disappear()\n        home.click_save_button()\n>       message = home.get_find_message()\n\nTests\\test_system\\test_home.py:485: \n_ _ _ _ _ _ _ _ _ _ _ _ _ _ _ _ _ _ _ _ _ _ _ _ _ _ _ _ _ _ _ _ _ _ _ _ _ _ _ _ _ _ _ _ _ _ _ _ _ _ _ _ _ _ _ _ _ _ _ _ _ _ _ _ _ _ _ _ _ _ _ _ _ _ _ _ _ _ _ _ _ _ _ _ _ _ _ _ _ _ _ _ _ _ _ _ _ _ _ _ _ _ _ _ _ _ _ _ _ _ _ _ _ _ _ _\nPages\\systemPage\\homepage_page.py:33: in get_find_message\n    message = WebDriverWait(self.driver, 10).until(\n_ _ _ _ _ _ _ _ _ _ _ _ _ _ _ _ _ _ _ _ _ _ _ _ _ _ _ _ _ _ _ _ _ _ _ _ _ _ _ _ _ _ _ _ _ _ _ _ _ _ _ _ _ _ _ _ _ _ _ _ _ _ _ _ _ _ _ _ _ _ _ _ _ _ _ _ _ _ _ _ _ _ _ _ _ _ _ _ _ _ _ _ _ _ _ _ _ _ _ _ _ _ _ _ _ _ _ _ _ _ _ _ _ _ _ _\n\nself = <selenium.webdriver.support.wait.WebDriverWait (session=\"8fef2062829daffd1c3dc6f65b2bcb44\")>, method = <function visibility_of_element_located.<locals>._predicate at 0x0000018AD3CCE200>, message = ''\n\n    def until(self, method: Callable[[D], Union[Literal[False], T]], message: str = \"\") -> T:\n        \"\"\"Wait until the method returns a value that is not False.\n    \n        Calls the method provided with the driver as an argument until the\n        return value does not evaluate to ``False``.\n    \n        Parameters:\n        -----------\n        method: callable(WebDriver)\n            - A callable object that takes a WebDriver instance as an argument.\n    \n        message: str\n            - Optional message for :exc:`TimeoutException`\n    \n        Return:\n        -------\n        object: T\n            - The result of the last call to `method`\n    \n        Raises:\n        -------\n        TimeoutException\n            - If 'method' does not return a truthy value within the WebDriverWait\n            object's timeout\n    \n        Example:\n        --------\n        >>> from selenium.webdriver.common.by import By\n        >>> from selenium.webdriver.support.ui import WebDriverWait\n        >>> from selenium.webdriver.support import expected_conditions as EC\n    \n        # Wait until an element is visible on the page\n        >>> wait = WebDriverWait(driver, 10)\n        >>> element = wait.until(EC.visibility_of_element_located((By.ID, \"exampleId\")))\n        >>> print(element.text)\n        \"\"\"\n        screen = None\n        stacktrace = None\n    \n        end_time = time.monotonic() + self._timeout\n        while True:\n            try:\n                value = method(self._driver)\n                if value:\n                    return value\n            except self._ignored_exceptions as exc:\n                screen = getattr(exc, \"screen\", None)\n                stacktrace = getattr(exc, \"stacktrace\", None)\n            if time.monotonic() > end_time:\n                break\n            time.sleep(self._poll)\n>       raise TimeoutException(message, screen, stacktrace)\nE       selenium.common.exceptions.TimeoutException: Message: \nE       Stacktrace:\nE       \tGetHandleVerifier [0x0x7ff7c25b6f65+78965]\nE       \tGetHandleVerifier [0x0x7ff7c25b6fc0+79056]\nE       \t(No symbol) [0x0x7ff7c2349dda]\nE       \t(No symbol) [0x0x7ff7c23a02ea]\nE       \t(No symbol) [0x0x7ff7c23a059c]\nE       \t(No symbol) [0x0x7ff7c23f3f37]\nE       \t(No symbol) [0x0x7ff7c23c86af]\nE       \t(No symbol) [0x0x7ff7c23f0dbe]\nE       \t(No symbol) [0x0x7ff7c23c8443]\nE       \t(No symbol) [0x0x7ff7c2391311]\nE       \t(No symbol) [0x0x7ff7c23920a3]\nE       \tGetHandleVerifier [0x0x7ff7c286e26d+2926461]\nE       \tGetHandleVerifier [0x0x7ff7c2868993+2903715]\nE       \tGetHandleVerifier [0x0x7ff7c2886aed+3026941]\nE       \tGetHandleVerifier [0x0x7ff7c25d16fe+187406]\nE       \tGetHandleVerifier [0x0x7ff7c25d96ef+220159]\nE       \tGetHandleVerifier [0x0x7ff7c25bfaf4+114692]\nE       \tGetHandleVerifier [0x0x7ff7c25bfca9+115129]\nE       \tGetHandleVerifier [0x0x7ff7c25a64d8+10728]\nE       \tBaseThreadInitThunk [0x0x7ff832417374+20]\nE       \tRtlUserThreadStart [0x0x7ff833d3cc91+33]\n\nmyenv\\lib\\site-packages\\selenium\\webdriver\\support\\wait.py:138: TimeoutException","flaky":false,"newFailed":false,"newBroken":false,"newPassed":false,"retriesCount":0,"retriesStatusChange":false,"beforeStages":[{"name":"login_to_home","time":{"start":1761768856579,"stop":1761768877221,"duration":20642},"status":"passed","steps":[],"attachments":[],"parameters":[],"stepsCount":0,"attachmentStep":false,"hasContent":false,"shouldDisplayMessage":false,"attachmentsCount":0}],"testStage":{"status":"broken","statusMessage":"selenium.common.exceptions.TimeoutException: Message: \nStacktrace:\n\tGetHandleVerifier [0x0x7ff7c25b6f65+78965]\n\tGetHandleVerifier [0x0x7ff7c25b6fc0+79056]\n\t(No symbol) [0x0x7ff7c2349dda]\n\t(No symbol) [0x0x7ff7c23a02ea]\n\t(No symbol) [0x0x7ff7c23a059c]\n\t(No symbol) [0x0x7ff7c23f3f37]\n\t(No symbol) [0x0x7ff7c23c86af]\n\t(No symbol) [0x0x7ff7c23f0dbe]\n\t(No symbol) [0x0x7ff7c23c8443]\n\t(No symbol) [0x0x7ff7c2391311]\n\t(No symbol) [0x0x7ff7c23920a3]\n\tGetHandleVerifier [0x0x7ff7c286e26d+2926461]\n\tGetHandleVerifier [0x0x7ff7c2868993+2903715]\n\tGetHandleVerifier [0x0x7ff7c2886aed+3026941]\n\tGetHandleVerifier [0x0x7ff7c25d16fe+187406]\n\tGetHandleVerifier [0x0x7ff7c25d96ef+220159]\n\tGetHandleVerifier [0x0x7ff7c25bfaf4+114692]\n\tGetHandleVerifier [0x0x7ff7c25bfca9+115129]\n\tGetHandleVerifier [0x0x7ff7c25a64d8+10728]\n\tBaseThreadInitThunk [0x0x7ff832417374+20]\n\tRtlUserThreadStart [0x0x7ff833d3cc91+33]","statusTrace":"self = <test_system.test_home.TestHomePage object at 0x0000018AD1E52680>, login_to_home = <selenium.webdriver.chrome.webdriver.WebDriver (session=\"8fef2062829daffd1c3dc6f65b2bcb44\")>\n\n    @allure.story(\"删除测试布局成功\")\n    # @pytest.mark.run(order=1)\n    def test_home_savete(self, login_to_home):\n        driver = login_to_home  # WebDriver 实例\n        home = HomePage(driver)  # 用 driver 初始化 HomePage\n        name = \"初始模版使用\"\n        home.click_template()\n        home.click_button(f'//div[./span[text()=\" {name} \"]]/span[text()=\" 加载模板 \"]')\n        home.click_button(\n            '//div[div[text()=\"是否加载这个模板？加载后会覆盖当前内容。\"]]/following-sibling::div//span[text()=\"确定\"]')\n        home.wait_for_loading_to_disappear()\n        home.click_save_button()\n>       message = home.get_find_message()\n\nTests\\test_system\\test_home.py:485: \n_ _ _ _ _ _ _ _ _ _ _ _ _ _ _ _ _ _ _ _ _ _ _ _ _ _ _ _ _ _ _ _ _ _ _ _ _ _ _ _ _ _ _ _ _ _ _ _ _ _ _ _ _ _ _ _ _ _ _ _ _ _ _ _ _ _ _ _ _ _ _ _ _ _ _ _ _ _ _ _ _ _ _ _ _ _ _ _ _ _ _ _ _ _ _ _ _ _ _ _ _ _ _ _ _ _ _ _ _ _ _ _ _ _ _ _\nPages\\systemPage\\homepage_page.py:33: in get_find_message\n    message = WebDriverWait(self.driver, 10).until(\n_ _ _ _ _ _ _ _ _ _ _ _ _ _ _ _ _ _ _ _ _ _ _ _ _ _ _ _ _ _ _ _ _ _ _ _ _ _ _ _ _ _ _ _ _ _ _ _ _ _ _ _ _ _ _ _ _ _ _ _ _ _ _ _ _ _ _ _ _ _ _ _ _ _ _ _ _ _ _ _ _ _ _ _ _ _ _ _ _ _ _ _ _ _ _ _ _ _ _ _ _ _ _ _ _ _ _ _ _ _ _ _ _ _ _ _\n\nself = <selenium.webdriver.support.wait.WebDriverWait (session=\"8fef2062829daffd1c3dc6f65b2bcb44\")>, method = <function visibility_of_element_located.<locals>._predicate at 0x0000018AD3CCE200>, message = ''\n\n    def until(self, method: Callable[[D], Union[Literal[False], T]], message: str = \"\") -> T:\n        \"\"\"Wait until the method returns a value that is not False.\n    \n        Calls the method provided with the driver as an argument until the\n        return value does not evaluate to ``False``.\n    \n        Parameters:\n        -----------\n        method: callable(WebDriver)\n            - A callable object that takes a WebDriver instance as an argument.\n    \n        message: str\n            - Optional message for :exc:`TimeoutException`\n    \n        Return:\n        -------\n        object: T\n            - The result of the last call to `method`\n    \n        Raises:\n        -------\n        TimeoutException\n            - If 'method' does not return a truthy value within the WebDriverWait\n            object's timeout\n    \n        Example:\n        --------\n        >>> from selenium.webdriver.common.by import By\n        >>> from selenium.webdriver.support.ui import WebDriverWait\n        >>> from selenium.webdriver.support import expected_conditions as EC\n    \n        # Wait until an element is visible on the page\n        >>> wait = WebDriverWait(driver, 10)\n        >>> element = wait.until(EC.visibility_of_element_located((By.ID, \"exampleId\")))\n        >>> print(element.text)\n        \"\"\"\n        screen = None\n        stacktrace = None\n    \n        end_time = time.monotonic() + self._timeout\n        while True:\n            try:\n                value = method(self._driver)\n                if value:\n                    return value\n            except self._ignored_exceptions as exc:\n                screen = getattr(exc, \"screen\", None)\n                stacktrace = getattr(exc, \"stacktrace\", None)\n            if time.monotonic() > end_time:\n                break\n            time.sleep(self._poll)\n>       raise TimeoutException(message, screen, stacktrace)\nE       selenium.common.exceptions.TimeoutException: Message: \nE       Stacktrace:\nE       \tGetHandleVerifier [0x0x7ff7c25b6f65+78965]\nE       \tGetHandleVerifier [0x0x7ff7c25b6fc0+79056]\nE       \t(No symbol) [0x0x7ff7c2349dda]\nE       \t(No symbol) [0x0x7ff7c23a02ea]\nE       \t(No symbol) [0x0x7ff7c23a059c]\nE       \t(No symbol) [0x0x7ff7c23f3f37]\nE       \t(No symbol) [0x0x7ff7c23c86af]\nE       \t(No symbol) [0x0x7ff7c23f0dbe]\nE       \t(No symbol) [0x0x7ff7c23c8443]\nE       \t(No symbol) [0x0x7ff7c2391311]\nE       \t(No symbol) [0x0x7ff7c23920a3]\nE       \tGetHandleVerifier [0x0x7ff7c286e26d+2926461]\nE       \tGetHandleVerifier [0x0x7ff7c2868993+2903715]\nE       \tGetHandleVerifier [0x0x7ff7c2886aed+3026941]\nE       \tGetHandleVerifier [0x0x7ff7c25d16fe+187406]\nE       \tGetHandleVerifier [0x0x7ff7c25d96ef+220159]\nE       \tGetHandleVerifier [0x0x7ff7c25bfaf4+114692]\nE       \tGetHandleVerifier [0x0x7ff7c25bfca9+115129]\nE       \tGetHandleVerifier [0x0x7ff7c25a64d8+10728]\nE       \tBaseThreadInitThunk [0x0x7ff832417374+20]\nE       \tRtlUserThreadStart [0x0x7ff833d3cc91+33]\n\nmyenv\\lib\\site-packages\\selenium\\webdriver\\support\\wait.py:138: TimeoutException","steps":[],"attachments":[{"uid":"6b4c8f372710d445","name":"test_home_savete_failure","source":"6b4c8f372710d445.png","type":"image/png","size":73460},{"uid":"c1df438fa487dd30","name":"test_home_savete_source","source":"c1df438fa487dd30.html","type":"text/html","size":5511293},{"uid":"8c26df9b6020d347","name":"log","source":"8c26df9b6020d347.txt","type":"text/plain","size":1441}],"parameters":[],"stepsCount":0,"attachmentStep":false,"hasContent":true,"shouldDisplayMessage":true,"attachmentsCount":3},"afterStages":[{"name":"login_to_home::0","time":{"start":1761768897076,"stop":1761768899699,"duration":2623},"status":"passed","steps":[],"attachments":[],"parameters":[],"stepsCount":0,"attachmentStep":false,"hasContent":false,"shouldDisplayMessage":false,"attachmentsCount":0}],"labels":[{"name":"story","value":"删除测试布局成功"},{"name":"feature","value":"主页设置页用例"},{"name":"parentSuite","value":"Tests.test_system"},{"name":"suite","value":"test_home"},{"name":"subSuite","value":"TestHomePage"},{"name":"host","value":"WIN-20240820MJV"},{"name":"thread","value":"2848-MainThread"},{"name":"framework","value":"pytest"},{"name":"language","value":"cpython3"},{"name":"package","value":"Tests.test_system.test_home"},{"name":"resultFormat","value":"allure2"}],"parameters":[],"links":[],"hidden":true,"retry":true,"extra":{"categories":[],"tags":[]},"source":"f7b1488a48a5fc42.json","parameterValues":[]}