{"uid":"f7b3982d5698b478","name":"test_systemSettings_trademark2","fullName":"Tests.test_system.test_systemSettings.TestSystemSettingsPage#test_systemSettings_trademark2","historyId":"a341a5d3ecdb25abbf19a4907a1aa3e8","time":{"start":1766009599467,"stop":1766009611367,"duration":11900},"status":"broken","statusMessage":"selenium.common.exceptions.TimeoutException: Message: \nStacktrace:\n\tGetHandleVerifier [0x0x7ff719a76f65+78965]\n\tGetHandleVerifier [0x0x7ff719a76fc0+79056]\n\t(No symbol) [0x0x7ff719809dda]\n\t(No symbol) [0x0x7ff7198602ea]\n\t(No symbol) [0x0x7ff71986059c]\n\t(No symbol) [0x0x7ff7198b3f37]\n\t(No symbol) [0x0x7ff7198886af]\n\t(No symbol) [0x0x7ff7198b0dbe]\n\t(No symbol) [0x0x7ff719888443]\n\t(No symbol) [0x0x7ff719851311]\n\t(No symbol) [0x0x7ff7198520a3]\n\tGetHandleVerifier [0x0x7ff719d2e26d+2926461]\n\tGetHandleVerifier [0x0x7ff719d28993+2903715]\n\tGetHandleVerifier [0x0x7ff719d46aed+3026941]\n\tGetHandleVerifier [0x0x7ff719a916fe+187406]\n\tGetHandleVerifier [0x0x7ff719a996ef+220159]\n\tGetHandleVerifier [0x0x7ff719a7faf4+114692]\n\tGetHandleVerifier [0x0x7ff719a7fca9+115129]\n\tGetHandleVerifier [0x0x7ff719a664d8+10728]\n\tBaseThreadInitThunk [0x0x7fffafcf7374+20]\n\tRtlUserThreadStart [0x0x7fffb071cc91+33]","statusTrace":"self = <test_system.test_systemSettings.TestSystemSettingsPage object at 0x0000020DCCF66C50>, login_to_systemSettings = <selenium.webdriver.chrome.webdriver.WebDriver (session=\"2df3adc0d016f0579853e4f32edcf9d9\")>\n\n    @allure.story(\"商标名称不填默认为 Elligent SCP\")\n    # @pytest.mark.run(order=1)\n    def test_systemSettings_trademark2(self, login_to_systemSettings):\n        driver = login_to_systemSettings  # WebDriver 实例\n        settings = SystemSettingsPage(driver)  # 用 driver 初始化 SystemSettingsPage\n        text = 'Elligent SCP'\n        ele = settings.get_find_element_xpath('//div[p[text()=\" 商标名称: \"]]//input')\n        ele.send_keys(Keys.CONTROL + \"a\")\n        ele.send_keys(Keys.DELETE)\n        sleep(1)\n        settings.click_save_button()\n>       maeessage = settings.get_find_message()\n\nTests\\test_system\\test_systemSettings.py:90: \n_ _ _ _ _ _ _ _ _ _ _ _ _ _ _ _ _ _ _ _ _ _ _ _ _ _ _ _ _ _ _ _ _ _ _ _ _ _ _ _ _ _ _ _ _ _ _ _ _ _ _ _ _ _ _ _ _ _ _ _ _ _ _ _ _ _ _ _ _ _ _ _ _ _ _ _ _ _ _ _ _ _ _ _ _ _ _ _ _ _ _ _ _ _ _ _ _ _ _ _ _ _ _ _ _ _ _ _ _ _ _ _ _ _ _ _\nPages\\systemPage\\systemSettings_page.py:35: in get_find_message\n    message = WebDriverWait(self.driver, 10).until(\n_ _ _ _ _ _ _ _ _ _ _ _ _ _ _ _ _ _ _ _ _ _ _ _ _ _ _ _ _ _ _ _ _ _ _ _ _ _ _ _ _ _ _ _ _ _ _ _ _ _ _ _ _ _ _ _ _ _ _ _ _ _ _ _ _ _ _ _ _ _ _ _ _ _ _ _ _ _ _ _ _ _ _ _ _ _ _ _ _ _ _ _ _ _ _ _ _ _ _ _ _ _ _ _ _ _ _ _ _ _ _ _ _ _ _ _\n\nself = <selenium.webdriver.support.wait.WebDriverWait (session=\"2df3adc0d016f0579853e4f32edcf9d9\")>, method = <function visibility_of_element_located.<locals>._predicate at 0x0000020DCE9BFF40>, message = ''\n\n    def until(self, method: Callable[[D], Union[Literal[False], T]], message: str = \"\") -> T:\n        \"\"\"Wait until the method returns a value that is not False.\n    \n        Calls the method provided with the driver as an argument until the\n        return value does not evaluate to ``False``.\n    \n        Parameters:\n        -----------\n        method: callable(WebDriver)\n            - A callable object that takes a WebDriver instance as an argument.\n    \n        message: str\n            - Optional message for :exc:`TimeoutException`\n    \n        Return:\n        -------\n        object: T\n            - The result of the last call to `method`\n    \n        Raises:\n        -------\n        TimeoutException\n            - If 'method' does not return a truthy value within the WebDriverWait\n            object's timeout\n    \n        Example:\n        --------\n        >>> from selenium.webdriver.common.by import By\n        >>> from selenium.webdriver.support.ui import WebDriverWait\n        >>> from selenium.webdriver.support import expected_conditions as EC\n    \n        # Wait until an element is visible on the page\n        >>> wait = WebDriverWait(driver, 10)\n        >>> element = wait.until(EC.visibility_of_element_located((By.ID, \"exampleId\")))\n        >>> print(element.text)\n        \"\"\"\n        screen = None\n        stacktrace = None\n    \n        end_time = time.monotonic() + self._timeout\n        while True:\n            try:\n                value = method(self._driver)\n                if value:\n                    return value\n            except self._ignored_exceptions as exc:\n                screen = getattr(exc, \"screen\", None)\n                stacktrace = getattr(exc, \"stacktrace\", None)\n            if time.monotonic() > end_time:\n                break\n            time.sleep(self._poll)\n>       raise TimeoutException(message, screen, stacktrace)\nE       selenium.common.exceptions.TimeoutException: Message: \nE       Stacktrace:\nE       \tGetHandleVerifier [0x0x7ff719a76f65+78965]\nE       \tGetHandleVerifier [0x0x7ff719a76fc0+79056]\nE       \t(No symbol) [0x0x7ff719809dda]\nE       \t(No symbol) [0x0x7ff7198602ea]\nE       \t(No symbol) [0x0x7ff71986059c]\nE       \t(No symbol) [0x0x7ff7198b3f37]\nE       \t(No symbol) [0x0x7ff7198886af]\nE       \t(No symbol) [0x0x7ff7198b0dbe]\nE       \t(No symbol) [0x0x7ff719888443]\nE       \t(No symbol) [0x0x7ff719851311]\nE       \t(No symbol) [0x0x7ff7198520a3]\nE       \tGetHandleVerifier [0x0x7ff719d2e26d+2926461]\nE       \tGetHandleVerifier [0x0x7ff719d28993+2903715]\nE       \tGetHandleVerifier [0x0x7ff719d46aed+3026941]\nE       \tGetHandleVerifier [0x0x7ff719a916fe+187406]\nE       \tGetHandleVerifier [0x0x7ff719a996ef+220159]\nE       \tGetHandleVerifier [0x0x7ff719a7faf4+114692]\nE       \tGetHandleVerifier [0x0x7ff719a7fca9+115129]\nE       \tGetHandleVerifier [0x0x7ff719a664d8+10728]\nE       \tBaseThreadInitThunk [0x0x7fffafcf7374+20]\nE       \tRtlUserThreadStart [0x0x7fffb071cc91+33]\n\nmyenv\\lib\\site-packages\\selenium\\webdriver\\support\\wait.py:138: TimeoutException","flaky":false,"newFailed":false,"newBroken":false,"newPassed":false,"retriesCount":0,"retriesStatusChange":false,"beforeStages":[{"name":"login_to_systemSettings","time":{"start":1766009586518,"stop":1766009599467,"duration":12949},"status":"passed","steps":[],"attachments":[],"parameters":[],"hasContent":false,"stepsCount":0,"attachmentStep":false,"shouldDisplayMessage":false,"attachmentsCount":0}],"testStage":{"status":"broken","statusMessage":"selenium.common.exceptions.TimeoutException: Message: \nStacktrace:\n\tGetHandleVerifier [0x0x7ff719a76f65+78965]\n\tGetHandleVerifier [0x0x7ff719a76fc0+79056]\n\t(No symbol) [0x0x7ff719809dda]\n\t(No symbol) [0x0x7ff7198602ea]\n\t(No symbol) [0x0x7ff71986059c]\n\t(No symbol) [0x0x7ff7198b3f37]\n\t(No symbol) [0x0x7ff7198886af]\n\t(No symbol) [0x0x7ff7198b0dbe]\n\t(No symbol) [0x0x7ff719888443]\n\t(No symbol) [0x0x7ff719851311]\n\t(No symbol) [0x0x7ff7198520a3]\n\tGetHandleVerifier [0x0x7ff719d2e26d+2926461]\n\tGetHandleVerifier [0x0x7ff719d28993+2903715]\n\tGetHandleVerifier [0x0x7ff719d46aed+3026941]\n\tGetHandleVerifier [0x0x7ff719a916fe+187406]\n\tGetHandleVerifier [0x0x7ff719a996ef+220159]\n\tGetHandleVerifier [0x0x7ff719a7faf4+114692]\n\tGetHandleVerifier [0x0x7ff719a7fca9+115129]\n\tGetHandleVerifier [0x0x7ff719a664d8+10728]\n\tBaseThreadInitThunk [0x0x7fffafcf7374+20]\n\tRtlUserThreadStart [0x0x7fffb071cc91+33]","statusTrace":"self = <test_system.test_systemSettings.TestSystemSettingsPage object at 0x0000020DCCF66C50>, login_to_systemSettings = <selenium.webdriver.chrome.webdriver.WebDriver (session=\"2df3adc0d016f0579853e4f32edcf9d9\")>\n\n    @allure.story(\"商标名称不填默认为 Elligent SCP\")\n    # @pytest.mark.run(order=1)\n    def test_systemSettings_trademark2(self, login_to_systemSettings):\n        driver = login_to_systemSettings  # WebDriver 实例\n        settings = SystemSettingsPage(driver)  # 用 driver 初始化 SystemSettingsPage\n        text = 'Elligent SCP'\n        ele = settings.get_find_element_xpath('//div[p[text()=\" 商标名称: \"]]//input')\n        ele.send_keys(Keys.CONTROL + \"a\")\n        ele.send_keys(Keys.DELETE)\n        sleep(1)\n        settings.click_save_button()\n>       maeessage = settings.get_find_message()\n\nTests\\test_system\\test_systemSettings.py:90: \n_ _ _ _ _ _ _ _ _ _ _ _ _ _ _ _ _ _ _ _ _ _ _ _ _ _ _ _ _ _ _ _ _ _ _ _ _ _ _ _ _ _ _ _ _ _ _ _ _ _ _ _ _ _ _ _ _ _ _ _ _ _ _ _ _ _ _ _ _ _ _ _ _ _ _ _ _ _ _ _ _ _ _ _ _ _ _ _ _ _ _ _ _ _ _ _ _ _ _ _ _ _ _ _ _ _ _ _ _ _ _ _ _ _ _ _\nPages\\systemPage\\systemSettings_page.py:35: in get_find_message\n    message = WebDriverWait(self.driver, 10).until(\n_ _ _ _ _ _ _ _ _ _ _ _ _ _ _ _ _ _ _ _ _ _ _ _ _ _ _ _ _ _ _ _ _ _ _ _ _ _ _ _ _ _ _ _ _ _ _ _ _ _ _ _ _ _ _ _ _ _ _ _ _ _ _ _ _ _ _ _ _ _ _ _ _ _ _ _ _ _ _ _ _ _ _ _ _ _ _ _ _ _ _ _ _ _ _ _ _ _ _ _ _ _ _ _ _ _ _ _ _ _ _ _ _ _ _ _\n\nself = <selenium.webdriver.support.wait.WebDriverWait (session=\"2df3adc0d016f0579853e4f32edcf9d9\")>, method = <function visibility_of_element_located.<locals>._predicate at 0x0000020DCE9BFF40>, message = ''\n\n    def until(self, method: Callable[[D], Union[Literal[False], T]], message: str = \"\") -> T:\n        \"\"\"Wait until the method returns a value that is not False.\n    \n        Calls the method provided with the driver as an argument until the\n        return value does not evaluate to ``False``.\n    \n        Parameters:\n        -----------\n        method: callable(WebDriver)\n            - A callable object that takes a WebDriver instance as an argument.\n    \n        message: str\n            - Optional message for :exc:`TimeoutException`\n    \n        Return:\n        -------\n        object: T\n            - The result of the last call to `method`\n    \n        Raises:\n        -------\n        TimeoutException\n            - If 'method' does not return a truthy value within the WebDriverWait\n            object's timeout\n    \n        Example:\n        --------\n        >>> from selenium.webdriver.common.by import By\n        >>> from selenium.webdriver.support.ui import WebDriverWait\n        >>> from selenium.webdriver.support import expected_conditions as EC\n    \n        # Wait until an element is visible on the page\n        >>> wait = WebDriverWait(driver, 10)\n        >>> element = wait.until(EC.visibility_of_element_located((By.ID, \"exampleId\")))\n        >>> print(element.text)\n        \"\"\"\n        screen = None\n        stacktrace = None\n    \n        end_time = time.monotonic() + self._timeout\n        while True:\n            try:\n                value = method(self._driver)\n                if value:\n                    return value\n            except self._ignored_exceptions as exc:\n                screen = getattr(exc, \"screen\", None)\n                stacktrace = getattr(exc, \"stacktrace\", None)\n            if time.monotonic() > end_time:\n                break\n            time.sleep(self._poll)\n>       raise TimeoutException(message, screen, stacktrace)\nE       selenium.common.exceptions.TimeoutException: Message: \nE       Stacktrace:\nE       \tGetHandleVerifier [0x0x7ff719a76f65+78965]\nE       \tGetHandleVerifier [0x0x7ff719a76fc0+79056]\nE       \t(No symbol) [0x0x7ff719809dda]\nE       \t(No symbol) [0x0x7ff7198602ea]\nE       \t(No symbol) [0x0x7ff71986059c]\nE       \t(No symbol) [0x0x7ff7198b3f37]\nE       \t(No symbol) [0x0x7ff7198886af]\nE       \t(No symbol) [0x0x7ff7198b0dbe]\nE       \t(No symbol) [0x0x7ff719888443]\nE       \t(No symbol) [0x0x7ff719851311]\nE       \t(No symbol) [0x0x7ff7198520a3]\nE       \tGetHandleVerifier [0x0x7ff719d2e26d+2926461]\nE       \tGetHandleVerifier [0x0x7ff719d28993+2903715]\nE       \tGetHandleVerifier [0x0x7ff719d46aed+3026941]\nE       \tGetHandleVerifier [0x0x7ff719a916fe+187406]\nE       \tGetHandleVerifier [0x0x7ff719a996ef+220159]\nE       \tGetHandleVerifier [0x0x7ff719a7faf4+114692]\nE       \tGetHandleVerifier [0x0x7ff719a7fca9+115129]\nE       \tGetHandleVerifier [0x0x7ff719a664d8+10728]\nE       \tBaseThreadInitThunk [0x0x7fffafcf7374+20]\nE       \tRtlUserThreadStart [0x0x7fffb071cc91+33]\n\nmyenv\\lib\\site-packages\\selenium\\webdriver\\support\\wait.py:138: TimeoutException","steps":[],"attachments":[{"uid":"200c1ffab4807fa","name":"test_systemSettings_trademark2","source":"200c1ffab4807fa.png","type":"image/png","size":84646},{"uid":"2efd295109416d85","name":"log","source":"2efd295109416d85.txt","type":"text/plain","size":1383}],"parameters":[],"hasContent":true,"stepsCount":0,"attachmentStep":false,"shouldDisplayMessage":true,"attachmentsCount":2},"afterStages":[{"name":"login_to_systemSettings::0","time":{"start":1766009611463,"stop":1766009613628,"duration":2165},"status":"passed","steps":[],"attachments":[],"parameters":[],"hasContent":false,"stepsCount":0,"attachmentStep":false,"shouldDisplayMessage":false,"attachmentsCount":0}],"labels":[{"name":"feature","value":"系统标识设置页用例"},{"name":"story","value":"商标名称不填默认为 Elligent SCP"},{"name":"parentSuite","value":"Tests.test_system"},{"name":"suite","value":"test_systemSettings"},{"name":"subSuite","value":"TestSystemSettingsPage"},{"name":"host","value":"WIN-20240820MJV"},{"name":"thread","value":"26220-MainThread"},{"name":"framework","value":"pytest"},{"name":"language","value":"cpython3"},{"name":"package","value":"Tests.test_system.test_systemSettings"},{"name":"resultFormat","value":"allure2"}],"parameters":[],"links":[],"hidden":true,"retry":true,"extra":{"categories":[],"tags":[]},"source":"f7b3982d5698b478.json","parameterValues":[]}