{"uid":"f9d8cb80ffbe196e","name":"test_role_success1","fullName":"Tests.test_system.test_role.TestRolePage#test_role_success1","historyId":"01546aee86968e47d2ea990fcc6c86e6","time":{"start":1769111374080,"stop":1769111484539,"duration":110459},"status":"broken","statusMessage":"selenium.common.exceptions.TimeoutException: Message: \nStacktrace:\n\tGetHandleVerifier [0x0x7ff6c0556f65+78965]\n\tGetHandleVerifier [0x0x7ff6c0556fc0+79056]\n\t(No symbol) [0x0x7ff6c02e9dda]\n\t(No symbol) [0x0x7ff6c03402ea]\n\t(No symbol) [0x0x7ff6c034059c]\n\t(No symbol) [0x0x7ff6c0393f37]\n\t(No symbol) [0x0x7ff6c03686af]\n\t(No symbol) [0x0x7ff6c0390dbe]\n\t(No symbol) [0x0x7ff6c0368443]\n\t(No symbol) [0x0x7ff6c0331311]\n\t(No symbol) [0x0x7ff6c03320a3]\n\tGetHandleVerifier [0x0x7ff6c080e26d+2926461]\n\tGetHandleVerifier [0x0x7ff6c0808993+2903715]\n\tGetHandleVerifier [0x0x7ff6c0826aed+3026941]\n\tGetHandleVerifier [0x0x7ff6c05716fe+187406]\n\tGetHandleVerifier [0x0x7ff6c05796ef+220159]\n\tGetHandleVerifier [0x0x7ff6c055faf4+114692]\n\tGetHandleVerifier [0x0x7ff6c055fca9+115129]\n\tGetHandleVerifier [0x0x7ff6c05464d8+10728]\n\tBaseThreadInitThunk [0x0x7ffc4d1c7374+20]\n\tRtlUserThreadStart [0x0x7ffc4ec7cc91+33]","statusTrace":"self = <test_system.test_role.TestRolePage object at 0x00000218C6EEACE0>, login_to_role = <selenium.webdriver.chrome.webdriver.WebDriver (session=\"2b2348ef88e7a3f86ec6cb88114d0296\")>\n\n    @allure.story(\"添加角色成功，勾选所有菜单,并且增加该用户权限，可切换新建单元\")\n    # @pytest.mark.run(order=1)\n    def test_role_success1(self, login_to_role):\n        driver = login_to_role  # WebDriver 实例\n        role = RolePage(driver)  # 用 driver 初始化 RolePage\n        page = LoginPage(driver)\n        date_driver = DateDriver()\n        role.wait_for_el_loading_mask()\n        name = \"1测试角色代码1\"\n        module = \"1测试A\"\n        role.add_role(name, module)\n        num = len(role.finds_elements(By.XPATH, '//div[@class=\"ivu-tree\"]//li/label/span'))\n        for i in range(1, num+1):\n            sleep(0.1)\n            role.click_button(f'(//div[@class=\"ivu-tree\"]//li/label/span)[{i}]')\n        role.click_all_button(\"保存\")\n>       role.get_find_message()\n\nTests\\test_system\\test_role.py:164: \n_ _ _ _ _ _ _ _ _ _ _ _ _ _ _ _ _ _ _ _ _ _ _ _ _ _ _ _ _ _ _ _ _ _ _ _ _ _ _ _ _ _ _ _ _ _ _ _ _ _ _ _ _ _ _ _ _ _ _ _ _ _ _ _ _ _ _ _ _ _ _ _ _ _ _ _ _ _ _ _ _ _ _ _ _ _ _ _ _ _ _ _ _ _ _ _ _ _ _ _ _ _ _ _ _ _ _ _ _ _ _ _ _ _ _ _\nPages\\systemPage\\role_page.py:35: in get_find_message\n    message = WebDriverWait(self.driver, 100).until(\n_ _ _ _ _ _ _ _ _ _ _ _ _ _ _ _ _ _ _ _ _ _ _ _ _ _ _ _ _ _ _ _ _ _ _ _ _ _ _ _ _ _ _ _ _ _ _ _ _ _ _ _ _ _ _ _ _ _ _ _ _ _ _ _ _ _ _ _ _ _ _ _ _ _ _ _ _ _ _ _ _ _ _ _ _ _ _ _ _ _ _ _ _ _ _ _ _ _ _ _ _ _ _ _ _ _ _ _ _ _ _ _ _ _ _ _\n\nself = <selenium.webdriver.support.wait.WebDriverWait (session=\"2b2348ef88e7a3f86ec6cb88114d0296\")>, method = <function visibility_of_element_located.<locals>._predicate at 0x00000218C93FBC70>, message = ''\n\n    def until(self, method: Callable[[D], Union[Literal[False], T]], message: str = \"\") -> T:\n        \"\"\"Wait until the method returns a value that is not False.\n    \n        Calls the method provided with the driver as an argument until the\n        return value does not evaluate to ``False``.\n    \n        Parameters:\n        -----------\n        method: callable(WebDriver)\n            - A callable object that takes a WebDriver instance as an argument.\n    \n        message: str\n            - Optional message for :exc:`TimeoutException`\n    \n        Return:\n        -------\n        object: T\n            - The result of the last call to `method`\n    \n        Raises:\n        -------\n        TimeoutException\n            - If 'method' does not return a truthy value within the WebDriverWait\n            object's timeout\n    \n        Example:\n        --------\n        >>> from selenium.webdriver.common.by import By\n        >>> from selenium.webdriver.support.ui import WebDriverWait\n        >>> from selenium.webdriver.support import expected_conditions as EC\n    \n        # Wait until an element is visible on the page\n        >>> wait = WebDriverWait(driver, 10)\n        >>> element = wait.until(EC.visibility_of_element_located((By.ID, \"exampleId\")))\n        >>> print(element.text)\n        \"\"\"\n        screen = None\n        stacktrace = None\n    \n        end_time = time.monotonic() + self._timeout\n        while True:\n            try:\n                value = method(self._driver)\n                if value:\n                    return value\n            except self._ignored_exceptions as exc:\n                screen = getattr(exc, \"screen\", None)\n                stacktrace = getattr(exc, \"stacktrace\", None)\n            if time.monotonic() > end_time:\n                break\n            time.sleep(self._poll)\n>       raise TimeoutException(message, screen, stacktrace)\nE       selenium.common.exceptions.TimeoutException: Message: \nE       Stacktrace:\nE       \tGetHandleVerifier [0x0x7ff6c0556f65+78965]\nE       \tGetHandleVerifier [0x0x7ff6c0556fc0+79056]\nE       \t(No symbol) [0x0x7ff6c02e9dda]\nE       \t(No symbol) [0x0x7ff6c03402ea]\nE       \t(No symbol) [0x0x7ff6c034059c]\nE       \t(No symbol) [0x0x7ff6c0393f37]\nE       \t(No symbol) [0x0x7ff6c03686af]\nE       \t(No symbol) [0x0x7ff6c0390dbe]\nE       \t(No symbol) [0x0x7ff6c0368443]\nE       \t(No symbol) [0x0x7ff6c0331311]\nE       \t(No symbol) [0x0x7ff6c03320a3]\nE       \tGetHandleVerifier [0x0x7ff6c080e26d+2926461]\nE       \tGetHandleVerifier [0x0x7ff6c0808993+2903715]\nE       \tGetHandleVerifier [0x0x7ff6c0826aed+3026941]\nE       \tGetHandleVerifier [0x0x7ff6c05716fe+187406]\nE       \tGetHandleVerifier [0x0x7ff6c05796ef+220159]\nE       \tGetHandleVerifier [0x0x7ff6c055faf4+114692]\nE       \tGetHandleVerifier [0x0x7ff6c055fca9+115129]\nE       \tGetHandleVerifier [0x0x7ff6c05464d8+10728]\nE       \tBaseThreadInitThunk [0x0x7ffc4d1c7374+20]\nE       \tRtlUserThreadStart [0x0x7ffc4ec7cc91+33]\n\nmyenv\\lib\\site-packages\\selenium\\webdriver\\support\\wait.py:138: TimeoutException","flaky":false,"newFailed":false,"newBroken":false,"newPassed":false,"retriesCount":1,"retriesStatusChange":true,"beforeStages":[{"name":"login_to_role","time":{"start":1769111217190,"stop":1769111229740,"duration":12550},"status":"passed","steps":[],"attachments":[],"parameters":[],"stepsCount":0,"hasContent":false,"attachmentStep":false,"attachmentsCount":0,"shouldDisplayMessage":false}],"testStage":{"status":"broken","statusMessage":"selenium.common.exceptions.TimeoutException: Message: \nStacktrace:\n\tGetHandleVerifier [0x0x7ff6c0556f65+78965]\n\tGetHandleVerifier [0x0x7ff6c0556fc0+79056]\n\t(No symbol) [0x0x7ff6c02e9dda]\n\t(No symbol) [0x0x7ff6c03402ea]\n\t(No symbol) [0x0x7ff6c034059c]\n\t(No symbol) [0x0x7ff6c0393f37]\n\t(No symbol) [0x0x7ff6c03686af]\n\t(No symbol) [0x0x7ff6c0390dbe]\n\t(No symbol) [0x0x7ff6c0368443]\n\t(No symbol) [0x0x7ff6c0331311]\n\t(No symbol) [0x0x7ff6c03320a3]\n\tGetHandleVerifier [0x0x7ff6c080e26d+2926461]\n\tGetHandleVerifier [0x0x7ff6c0808993+2903715]\n\tGetHandleVerifier [0x0x7ff6c0826aed+3026941]\n\tGetHandleVerifier [0x0x7ff6c05716fe+187406]\n\tGetHandleVerifier [0x0x7ff6c05796ef+220159]\n\tGetHandleVerifier [0x0x7ff6c055faf4+114692]\n\tGetHandleVerifier [0x0x7ff6c055fca9+115129]\n\tGetHandleVerifier [0x0x7ff6c05464d8+10728]\n\tBaseThreadInitThunk [0x0x7ffc4d1c7374+20]\n\tRtlUserThreadStart [0x0x7ffc4ec7cc91+33]","statusTrace":"self = <test_system.test_role.TestRolePage object at 0x00000218C6EEACE0>, login_to_role = <selenium.webdriver.chrome.webdriver.WebDriver (session=\"2b2348ef88e7a3f86ec6cb88114d0296\")>\n\n    @allure.story(\"添加角色成功，勾选所有菜单,并且增加该用户权限，可切换新建单元\")\n    # @pytest.mark.run(order=1)\n    def test_role_success1(self, login_to_role):\n        driver = login_to_role  # WebDriver 实例\n        role = RolePage(driver)  # 用 driver 初始化 RolePage\n        page = LoginPage(driver)\n        date_driver = DateDriver()\n        role.wait_for_el_loading_mask()\n        name = \"1测试角色代码1\"\n        module = \"1测试A\"\n        role.add_role(name, module)\n        num = len(role.finds_elements(By.XPATH, '//div[@class=\"ivu-tree\"]//li/label/span'))\n        for i in range(1, num+1):\n            sleep(0.1)\n            role.click_button(f'(//div[@class=\"ivu-tree\"]//li/label/span)[{i}]')\n        role.click_all_button(\"保存\")\n>       role.get_find_message()\n\nTests\\test_system\\test_role.py:164: \n_ _ _ _ _ _ _ _ _ _ _ _ _ _ _ _ _ _ _ _ _ _ _ _ _ _ _ _ _ _ _ _ _ _ _ _ _ _ _ _ _ _ _ _ _ _ _ _ _ _ _ _ _ _ _ _ _ _ _ _ _ _ _ _ _ _ _ _ _ _ _ _ _ _ _ _ _ _ _ _ _ _ _ _ _ _ _ _ _ _ _ _ _ _ _ _ _ _ _ _ _ _ _ _ _ _ _ _ _ _ _ _ _ _ _ _\nPages\\systemPage\\role_page.py:35: in get_find_message\n    message = WebDriverWait(self.driver, 100).until(\n_ _ _ _ _ _ _ _ _ _ _ _ _ _ _ _ _ _ _ _ _ _ _ _ _ _ _ _ _ _ _ _ _ _ _ _ _ _ _ _ _ _ _ _ _ _ _ _ _ _ _ _ _ _ _ _ _ _ _ _ _ _ _ _ _ _ _ _ _ _ _ _ _ _ _ _ _ _ _ _ _ _ _ _ _ _ _ _ _ _ _ _ _ _ _ _ _ _ _ _ _ _ _ _ _ _ _ _ _ _ _ _ _ _ _ _\n\nself = <selenium.webdriver.support.wait.WebDriverWait (session=\"2b2348ef88e7a3f86ec6cb88114d0296\")>, method = <function visibility_of_element_located.<locals>._predicate at 0x00000218C93FBC70>, message = ''\n\n    def until(self, method: Callable[[D], Union[Literal[False], T]], message: str = \"\") -> T:\n        \"\"\"Wait until the method returns a value that is not False.\n    \n        Calls the method provided with the driver as an argument until the\n        return value does not evaluate to ``False``.\n    \n        Parameters:\n        -----------\n        method: callable(WebDriver)\n            - A callable object that takes a WebDriver instance as an argument.\n    \n        message: str\n            - Optional message for :exc:`TimeoutException`\n    \n        Return:\n        -------\n        object: T\n            - The result of the last call to `method`\n    \n        Raises:\n        -------\n        TimeoutException\n            - If 'method' does not return a truthy value within the WebDriverWait\n            object's timeout\n    \n        Example:\n        --------\n        >>> from selenium.webdriver.common.by import By\n        >>> from selenium.webdriver.support.ui import WebDriverWait\n        >>> from selenium.webdriver.support import expected_conditions as EC\n    \n        # Wait until an element is visible on the page\n        >>> wait = WebDriverWait(driver, 10)\n        >>> element = wait.until(EC.visibility_of_element_located((By.ID, \"exampleId\")))\n        >>> print(element.text)\n        \"\"\"\n        screen = None\n        stacktrace = None\n    \n        end_time = time.monotonic() + self._timeout\n        while True:\n            try:\n                value = method(self._driver)\n                if value:\n                    return value\n            except self._ignored_exceptions as exc:\n                screen = getattr(exc, \"screen\", None)\n                stacktrace = getattr(exc, \"stacktrace\", None)\n            if time.monotonic() > end_time:\n                break\n            time.sleep(self._poll)\n>       raise TimeoutException(message, screen, stacktrace)\nE       selenium.common.exceptions.TimeoutException: Message: \nE       Stacktrace:\nE       \tGetHandleVerifier [0x0x7ff6c0556f65+78965]\nE       \tGetHandleVerifier [0x0x7ff6c0556fc0+79056]\nE       \t(No symbol) [0x0x7ff6c02e9dda]\nE       \t(No symbol) [0x0x7ff6c03402ea]\nE       \t(No symbol) [0x0x7ff6c034059c]\nE       \t(No symbol) [0x0x7ff6c0393f37]\nE       \t(No symbol) [0x0x7ff6c03686af]\nE       \t(No symbol) [0x0x7ff6c0390dbe]\nE       \t(No symbol) [0x0x7ff6c0368443]\nE       \t(No symbol) [0x0x7ff6c0331311]\nE       \t(No symbol) [0x0x7ff6c03320a3]\nE       \tGetHandleVerifier [0x0x7ff6c080e26d+2926461]\nE       \tGetHandleVerifier [0x0x7ff6c0808993+2903715]\nE       \tGetHandleVerifier [0x0x7ff6c0826aed+3026941]\nE       \tGetHandleVerifier [0x0x7ff6c05716fe+187406]\nE       \tGetHandleVerifier [0x0x7ff6c05796ef+220159]\nE       \tGetHandleVerifier [0x0x7ff6c055faf4+114692]\nE       \tGetHandleVerifier [0x0x7ff6c055fca9+115129]\nE       \tGetHandleVerifier [0x0x7ff6c05464d8+10728]\nE       \tBaseThreadInitThunk [0x0x7ffc4d1c7374+20]\nE       \tRtlUserThreadStart [0x0x7ffc4ec7cc91+33]\n\nmyenv\\lib\\site-packages\\selenium\\webdriver\\support\\wait.py:138: TimeoutException","steps":[],"attachments":[{"uid":"c5fcff1f3def8101","name":"test_role_success1_20260123_035124","source":"c5fcff1f3def8101.png","type":"image/png","size":106121},{"uid":"5921b2a8e2351c91","name":"test_role_success1_20260123_035124","source":"5921b2a8e2351c91.png","type":"image/png","size":106074},{"uid":"4fee1e4fc4440c0b","name":"test_role_success1_20260123_035124","source":"4fee1e4fc4440c0b.png","type":"image/png","size":19002},{"uid":"9524b7256fddea8e","name":"test_role_success1_20260123_035124","source":"9524b7256fddea8e.png","type":"image/png","size":19002},{"uid":"2806aeee3d47cf0c","name":"test_role_success1_20260123_035125","source":"2806aeee3d47cf0c.png","type":"image/png","size":19002},{"uid":"ebe8a905ab481b40","name":"test_role_success1_20260123_035125","source":"ebe8a905ab481b40.png","type":"image/png","size":19002},{"uid":"1315508e19db2c95","name":"test_role_success1_20260123_035125","source":"1315508e19db2c95.png","type":"image/png","size":137161},{"uid":"21ab7e22efa3a42b","name":"log","source":"21ab7e22efa3a42b.txt","type":"text/plain","size":14409}],"parameters":[],"stepsCount":0,"hasContent":true,"attachmentStep":false,"attachmentsCount":8,"shouldDisplayMessage":true},"afterStages":[{"name":"login_to_role::0","time":{"start":1769111938675,"stop":1769111940843,"duration":2168},"status":"passed","steps":[],"attachments":[],"parameters":[],"stepsCount":0,"hasContent":false,"attachmentStep":false,"attachmentsCount":0,"shouldDisplayMessage":false}],"labels":[{"name":"story","value":"添加角色成功，勾选所有菜单,并且增加该用户权限，可切换新建单元"},{"name":"feature","value":"角色管理页用例"},{"name":"parentSuite","value":"Tests.test_system"},{"name":"suite","value":"test_role"},{"name":"subSuite","value":"TestRolePage"},{"name":"host","value":"WIN-20240820MJV"},{"name":"thread","value":"43156-MainThread"},{"name":"framework","value":"pytest"},{"name":"language","value":"cpython3"},{"name":"package","value":"Tests.test_system.test_role"},{"name":"resultFormat","value":"allure2"}],"parameters":[],"links":[],"hidden":false,"retry":false,"extra":{"severity":"normal","retries":[{"uid":"7a85e7a399bb5862","status":"failed","statusDetails":"AssertionError: assert ('\\u4fdd\\u5b58\\u6210\\u529f' == '\\u4fdd\\u5b58\\u6210\\u529f'\n  \n  \u001B[0m\u001B[90m \u001B[39;49;00m 保存成功\u001B[90m\u001B[39;49;00m and 9 >= 7 and '金属（演示）' == '1测试A'\n  \n  \u001B[0m\u001B[91m- 1测试A\u001B[39;49;00m\u001B[90m\u001B[39;49;00m\n  \u001B[92m+ 金属（演示）\u001B[39;49;00m\u001B[90m\u001B[39;49;00m)","time":{"start":1769111256368,"stop":1769111373267,"duration":116899}}],"categories":[{"name":"Test defects","matchedStatuses":[]}],"tags":[]},"source":"f9d8cb80ffbe196e.json","parameterValues":[]}