{"uid":"fb6acd6c1f3433a2","name":"test_affairs_log_sel3","fullName":"Tests.test_system.test_affairs.TestAffairsPage#test_affairs_log_sel3","historyId":"cccf4ab41891acb1a4334d230911651d","time":{"start":1765914139341,"stop":1765914146770,"duration":7429},"status":"failed","statusMessage":"AssertionError: assert False\n +  where False = all(<generator object TestAffairsPage.test_affairs_log_sel3.<locals>.<genexpr> at 0x0000029D6D2DCEB0>)","statusTrace":"self = <test_system.test_affairs.TestAffairsPage object at 0x0000029D6B87F910>, login_to_affairs = <selenium.webdriver.chrome.webdriver.WebDriver (session=\"1d188f9b520182ca93c9215528995af6\")>\n\n    @allure.story(\"流程日志-执行执行状态执行成功搜索成功\")\n    def test_affairs_log_sel3(self, login_to_affairs):\n        driver = login_to_affairs  # WebDriver 实例\n        affairs = AffairsPage(driver)  # 用 driver 初始化 AffairsPage\n        ptype = \"执行失败\"\n        num = 1000\n        affairs.click_process_log()\n        affairs.click_paging(num)\n        sleep(1)\n        affairs.sel_log_all(ptype=ptype)\n        list_ = []\n        cells = driver.find_elements(By.XPATH, '(//table[@class=\"el-table__body\"])[2]//tr/td[1]')\n        for cell in cells:\n            list_.append(cell.text)\n>       assert all(ptype == t for t in list_)\nE       assert False\nE        +  where False = all(<generator object TestAffairsPage.test_affairs_log_sel3.<locals>.<genexpr> at 0x0000029D6D2DCEB0>)\n\nTests\\test_system\\test_affairs.py:1377: AssertionError","flaky":false,"newFailed":false,"newBroken":false,"newPassed":false,"retriesCount":0,"retriesStatusChange":false,"beforeStages":[{"name":"login_to_affairs","time":{"start":1765914125338,"stop":1765914139341,"duration":14003},"status":"passed","steps":[],"attachments":[],"parameters":[],"shouldDisplayMessage":false,"attachmentsCount":0,"stepsCount":0,"attachmentStep":false,"hasContent":false}],"testStage":{"status":"failed","statusMessage":"AssertionError: assert False\n +  where False = all(<generator object TestAffairsPage.test_affairs_log_sel3.<locals>.<genexpr> at 0x0000029D6D2DCEB0>)","statusTrace":"self = <test_system.test_affairs.TestAffairsPage object at 0x0000029D6B87F910>, login_to_affairs = <selenium.webdriver.chrome.webdriver.WebDriver (session=\"1d188f9b520182ca93c9215528995af6\")>\n\n    @allure.story(\"流程日志-执行执行状态执行成功搜索成功\")\n    def test_affairs_log_sel3(self, login_to_affairs):\n        driver = login_to_affairs  # WebDriver 实例\n        affairs = AffairsPage(driver)  # 用 driver 初始化 AffairsPage\n        ptype = \"执行失败\"\n        num = 1000\n        affairs.click_process_log()\n        affairs.click_paging(num)\n        sleep(1)\n        affairs.sel_log_all(ptype=ptype)\n        list_ = []\n        cells = driver.find_elements(By.XPATH, '(//table[@class=\"el-table__body\"])[2]//tr/td[1]')\n        for cell in cells:\n            list_.append(cell.text)\n>       assert all(ptype == t for t in list_)\nE       assert False\nE        +  where False = all(<generator object TestAffairsPage.test_affairs_log_sel3.<locals>.<genexpr> at 0x0000029D6D2DCEB0>)\n\nTests\\test_system\\test_affairs.py:1377: AssertionError","steps":[],"attachments":[{"uid":"1405ca15bedc7682","name":"test_affairs_log_sel3","source":"1405ca15bedc7682.png","type":"image/png","size":131741},{"uid":"c942026ed4adf670","name":"log","source":"c942026ed4adf670.txt","type":"text/plain","size":2162}],"parameters":[],"shouldDisplayMessage":true,"attachmentsCount":2,"stepsCount":0,"attachmentStep":false,"hasContent":true},"afterStages":[{"name":"login_to_affairs::0","time":{"start":1765914146923,"stop":1765914149093,"duration":2170},"status":"passed","steps":[],"attachments":[],"parameters":[],"shouldDisplayMessage":false,"attachmentsCount":0,"stepsCount":0,"attachmentStep":false,"hasContent":false}],"labels":[{"name":"feature","value":"事务管理页用例"},{"name":"story","value":"流程日志-执行执行状态执行成功搜索成功"},{"name":"parentSuite","value":"Tests.test_system"},{"name":"suite","value":"test_affairs"},{"name":"subSuite","value":"TestAffairsPage"},{"name":"host","value":"WIN-20240820MJV"},{"name":"thread","value":"19556-MainThread"},{"name":"framework","value":"pytest"},{"name":"language","value":"cpython3"},{"name":"package","value":"Tests.test_system.test_affairs"},{"name":"resultFormat","value":"allure2"}],"parameters":[],"links":[],"hidden":true,"retry":true,"extra":{"categories":[],"tags":[]},"source":"fb6acd6c1f3433a2.json","parameterValues":[]}