{"name": "test_user_t1", "status": "broken", "statusDetails": {"message": "selenium.common.exceptions.TimeoutException: Message: 点击失败，找不到元素：xpath = //table[@class=\"vxe-table--body\"]//tr/td[2]//span[text()=\"1user2\"]", "trace": "self = <Pages.systemPage.userRole_page.UserRolePage object at 0x000002324E508520>\nby_or_element = 'xpath'\nvalue = '//table[@class=\"vxe-table--body\"]//tr/td[2]//span[text()=\"1user2\"]'\nwait_time = 10\n\n    def click(self, by_or_element, value=None, wait_time=10):\n        if value is not None:\n            by = by_or_element\n            logging.info(f\"点击元素：By = {by}, Value = {value}\")\n            try:\n>               element = WebDriverWait(self.driver, wait_time).until(\n                    EC.element_to_be_clickable((by, value))\n                )\n\n..\\..\\Pages\\base_page.py:45: \n_ _ _ _ _ _ _ _ _ _ _ _ _ _ _ _ _ _ _ _ _ _ _ _ _ _ _ _ _ _ _ _ _ _ _ _ _ _ _ _\n\nself = <selenium.webdriver.support.wait.WebDriverWait (session=\"de2e9e5493688219ba2b01a760ddd496\")>\nmethod = <function element_to_be_clickable.<locals>._predicate at 0x000002324E46D240>\nmessage = ''\n\n    def until(self, method: Callable[[D], Union[Literal[False], T]], message: str = \"\") -> T:\n        \"\"\"Wait until the method returns a value that is not False.\n    \n        Calls the method provided with the driver as an argument until the\n        return value does not evaluate to ``False``.\n    \n        Parameters:\n        -----------\n        method: callable(WebDriver)\n            - A callable object that takes a WebDriver instance as an argument.\n    \n        message: str\n            - Optional message for :exc:`TimeoutException`\n    \n        Return:\n        -------\n        object: T\n            - The result of the last call to `method`\n    \n        Raises:\n        -------\n        TimeoutException\n            - If 'method' does not return a truthy value within the WebDriverWait\n            object's timeout\n    \n        Example:\n        --------\n        >>> from selenium.webdriver.common.by import By\n        >>> from selenium.webdriver.support.ui import WebDriverWait\n        >>> from selenium.webdriver.support import expected_conditions as EC\n    \n        # Wait until an element is visible on the page\n        >>> wait = WebDriverWait(driver, 10)\n        >>> element = wait.until(EC.visibility_of_element_located((By.ID, \"exampleId\")))\n        >>> print(element.text)\n        \"\"\"\n        screen = None\n        stacktrace = None\n    \n        end_time = time.monotonic() + self._timeout\n        while True:\n            try:\n                value = method(self._driver)\n                if value:\n                    return value\n            except self._ignored_exceptions as exc:\n                screen = getattr(exc, \"screen\", None)\n                stacktrace = getattr(exc, \"stacktrace\", None)\n            if time.monotonic() > end_time:\n                break\n            time.sleep(self._poll)\n>       raise TimeoutException(message, screen, stacktrace)\nE       selenium.common.exceptions.TimeoutException: Message: \nE       Stacktrace:\nE       \tGetHandleVerifier [0x0x7ff761fd6f65+78965]\nE       \tGetHandleVerifier [0x0x7ff761fd6fc0+79056]\nE       \t(No symbol) [0x0x7ff761d69dda]\nE       \t(No symbol) [0x0x7ff761dc02ea]\nE       \t(No symbol) [0x0x7ff761dc059c]\nE       \t(No symbol) [0x0x7ff761e13f37]\nE       \t(No symbol) [0x0x7ff761de86af]\nE       \t(No symbol) [0x0x7ff761e10dbe]\nE       \t(No symbol) [0x0x7ff761de8443]\nE       \t(No symbol) [0x0x7ff761db1311]\nE       \t(No symbol) [0x0x7ff761db20a3]\nE       \tGetHandleVerifier [0x0x7ff76228e26d+2926461]\nE       \tGetHandleVerifier [0x0x7ff762288993+2903715]\nE       \tGetHandleVerifier [0x0x7ff7622a6aed+3026941]\nE       \tGetHandleVerifier [0x0x7ff761ff16fe+187406]\nE       \tGetHandleVerifier [0x0x7ff761ff96ef+220159]\nE       \tGetHandleVerifier [0x0x7ff761fdfaf4+114692]\nE       \tGetHandleVerifier [0x0x7ff761fdfca9+115129]\nE       \tGetHandleVerifier [0x0x7ff761fc64d8+10728]\nE       \tBaseThreadInitThunk [0x0x7ffee7407374+20]\nE       \tRtlUserThreadStart [0x0x7ffee89bcc91+33]\n\nD:\\Program Files\\Python310\\lib\\site-packages\\selenium\\webdriver\\support\\wait.py:146: TimeoutException\n\nDuring handling of the above exception, another exception occurred:\n\nself = <test_system.test_userRole.TestUserRolePage object at 0x000002324E4D7340>\nlogin_to_userrole = <selenium.webdriver.chrome.webdriver.WebDriver (session=\"de2e9e5493688219ba2b01a760ddd496\")>\n\n    @allure.story(\"设置用户锁定成功\")\n    # @pytest.mark.run(order=1)\n    def test_user_t1(self, login_to_userrole):\n        driver = login_to_userrole  # WebDriver 实例\n        user = UserRolePage(driver)  # 用 driver 初始化 UserRolePage\n        page = LoginPage(driver)\n        name = '1user2'\n        password = 'Qw123456'\n        user.select_input(name)\n        sleep(1)\n>       user.click_button(f'//table[@class=\"vxe-table--body\"]//tr/td[2]//span[text()=\"{name}\"]')\n\ntest_userRole.py:469: \n_ _ _ _ _ _ _ _ _ _ _ _ _ _ _ _ _ _ _ _ _ _ _ _ _ _ _ _ _ _ _ _ _ _ _ _ _ _ _ _\n..\\..\\Pages\\systemPage\\userRole_page.py:24: in click_button\n    self.click(By.XPATH, xpath)\n_ _ _ _ _ _ _ _ _ _ _ _ _ _ _ _ _ _ _ _ _ _ _ _ _ _ _ _ _ _ _ _ _ _ _ _ _ _ _ _\n\nself = <Pages.systemPage.userRole_page.UserRolePage object at 0x000002324E508520>\nby_or_element = 'xpath'\nvalue = '//table[@class=\"vxe-table--body\"]//tr/td[2]//span[text()=\"1user2\"]'\nwait_time = 10\n\n    def click(self, by_or_element, value=None, wait_time=10):\n        if value is not None:\n            by = by_or_element\n            logging.info(f\"点击元素：By = {by}, Value = {value}\")\n            try:\n                element = WebDriverWait(self.driver, wait_time).until(\n                    EC.element_to_be_clickable((by, value))\n                )\n            except TimeoutException:\n                logging.warning(f\"❌ 点击超时：元素 {by} = {value} 未在 {wait_time} 秒内变为可点击\")\n>               raise TimeoutException(f\"点击失败，找不到元素：{by} = {value}\")\nE               selenium.common.exceptions.TimeoutException: Message: 点击失败，找不到元素：xpath = //table[@class=\"vxe-table--body\"]//tr/td[2]//span[text()=\"1user2\"]\n\n..\\..\\Pages\\base_page.py:50: TimeoutException"}, "attachments": [{"name": "test_user_t1_failure", "source": "d1a6f16d-1314-4845-b404-a18758589373-attachment.png", "type": "image/png"}, {"name": "test_user_t1_source", "source": "71f78ec6-e839-44a1-8efd-585baea58e1f-attachment.html", "type": "text/html"}, {"name": "log", "source": "c8b82c8d-5e53-4c5f-b056-15965ff1061f-attachment.txt", "type": "text/plain"}], "start": 1761558201015, "stop": 1761558213017, "uuid": "47be0199-7ecb-4ad2-801b-83ab4c1dfb2e", "historyId": "8b510fa1823a4aabd5da42775a48d931", "testCaseId": "8b510fa1823a4aabd5da42775a48d931", "fullName": "Tests.test_system.test_userRole.TestUserRolePage#test_user_t1", "labels": [{"name": "feature", "value": "用户权限管理页用例"}, {"name": "story", "value": "设置用户锁定成功"}, {"name": "tag", "value": "run(order=206)"}, {"name": "parentSuite", "value": "Tests.test_system"}, {"name": "suite", "value": "test_userRole"}, {"name": "subSuite", "value": "TestUserRolePage"}, {"name": "host", "value": "WIN-20240820MJV"}, {"name": "thread", "value": "31464-MainThread"}, {"name": "framework", "value": "pytest"}, {"name": "language", "value": "cpython3"}, {"name": "package", "value": "Tests.test_system.test_userRole"}]}