{"name": "test_imp_clickexecute", "status": "broken", "statusDetails": {"message": "selenium.common.exceptions.TimeoutException: Message: 点击失败，找不到元素：xpath = //div[@class=\"d-alIt-ba cursor-pointer m-l-22 col-black font14\"]//span[text()=\" 执行方案\"]", "trace": "self = <Pages.systemPage.imp_page.ImpPage object at 0x00000285CAE21450>\nby_or_element = 'xpath'\nvalue = '//div[@class=\"d-alIt-ba cursor-pointer m-l-22 col-black font14\"]//span[text()=\" 执行方案\"]'\nwait_time = 10\n\n    def click(self, by_or_element, value=None, wait_time=10):\n        if value is not None:\n            by = by_or_element\n            logging.info(f\"点击元素：By = {by}, Value = {value}\")\n            try:\n>               element = WebDriverWait(self.driver, wait_time).until(\n                    EC.element_to_be_clickable((by, value))\n                )\n\n..\\..\\Pages\\base_page.py:45: \n_ _ _ _ _ _ _ _ _ _ _ _ _ _ _ _ _ _ _ _ _ _ _ _ _ _ _ _ _ _ _ _ _ _ _ _ _ _ _ _\n\nself = <selenium.webdriver.support.wait.WebDriverWait (session=\"cb20721a861359c2c0daa3e570bb3756\")>\nmethod = <function element_to_be_clickable.<locals>._predicate at 0x00000285CADBD2D0>\nmessage = ''\n\n    def until(self, method: Callable[[D], Union[Literal[False], T]], message: str = \"\") -> T:\n        \"\"\"Wait until the method returns a value that is not False.\n    \n        Calls the method provided with the driver as an argument until the\n        return value does not evaluate to ``False``.\n    \n        Parameters:\n        -----------\n        method: callable(WebDriver)\n            - A callable object that takes a WebDriver instance as an argument.\n    \n        message: str\n            - Optional message for :exc:`TimeoutException`\n    \n        Return:\n        -------\n        object: T\n            - The result of the last call to `method`\n    \n        Raises:\n        -------\n        TimeoutException\n            - If 'method' does not return a truthy value within the WebDriverWait\n            object's timeout\n    \n        Example:\n        --------\n        >>> from selenium.webdriver.common.by import By\n        >>> from selenium.webdriver.support.ui import WebDriverWait\n        >>> from selenium.webdriver.support import expected_conditions as EC\n    \n        # Wait until an element is visible on the page\n        >>> wait = WebDriverWait(driver, 10)\n        >>> element = wait.until(EC.visibility_of_element_located((By.ID, \"exampleId\")))\n        >>> print(element.text)\n        \"\"\"\n        screen = None\n        stacktrace = None\n    \n        end_time = time.monotonic() + self._timeout\n        while True:\n            try:\n                value = method(self._driver)\n                if value:\n                    return value\n            except self._ignored_exceptions as exc:\n                screen = getattr(exc, \"screen\", None)\n                stacktrace = getattr(exc, \"stacktrace\", None)\n            if time.monotonic() > end_time:\n                break\n            time.sleep(self._poll)\n>       raise TimeoutException(message, screen, stacktrace)\nE       selenium.common.exceptions.TimeoutException: Message: \nE       Stacktrace:\nE       \tGetHandleVerifier [0x0x7ff6151c6f65+78965]\nE       \tGetHandleVerifier [0x0x7ff6151c6fc0+79056]\nE       \t(No symbol) [0x0x7ff614f59dda]\nE       \t(No symbol) [0x0x7ff614fb02ea]\nE       \t(No symbol) [0x0x7ff614fb059c]\nE       \t(No symbol) [0x0x7ff615003f37]\nE       \t(No symbol) [0x0x7ff614fd86af]\nE       \t(No symbol) [0x0x7ff615000dbe]\nE       \t(No symbol) [0x0x7ff614fd8443]\nE       \t(No symbol) [0x0x7ff614fa1311]\nE       \t(No symbol) [0x0x7ff614fa20a3]\nE       \tGetHandleVerifier [0x0x7ff61547e26d+2926461]\nE       \tGetHandleVerifier [0x0x7ff615478993+2903715]\nE       \tGetHandleVerifier [0x0x7ff615496aed+3026941]\nE       \tGetHandleVerifier [0x0x7ff6151e16fe+187406]\nE       \tGetHandleVerifier [0x0x7ff6151e96ef+220159]\nE       \tGetHandleVerifier [0x0x7ff6151cfaf4+114692]\nE       \tGetHandleVerifier [0x0x7ff6151cfca9+115129]\nE       \tGetHandleVerifier [0x0x7ff6151b64d8+10728]\nE       \tBaseThreadInitThunk [0x0x7ffee7407374+20]\nE       \tRtlUserThreadStart [0x0x7ffee89bcc91+33]\n\nD:\\Program Files\\Python310\\lib\\site-packages\\selenium\\webdriver\\support\\wait.py:146: TimeoutException\n\nDuring handling of the above exception, another exception occurred:\n\nself = <test_system.test_imp.TestImpPage object at 0x00000285CAE217B0>\nlogin_to_imp = <selenium.webdriver.chrome.webdriver.WebDriver (session=\"cb20721a861359c2c0daa3e570bb3756\")>\n\n    @allure.story(\"点击执行方案没有报服务器端错误\")\n    # @pytest.mark.run(order=1)\n    def test_imp_clickexecute(self, login_to_imp):\n        driver = login_to_imp  # WebDriver 实例\n        imp = ImpPage(driver)  # 用 driver 初始化 ImpPage\n        name = \"1导入设置方案\"\n        imp.click_button(\n            '//div[@class=\"flex-alignItems-center background-ffffff h-36px w-b-100 m-l-12 toolbar-container\"]//input[@class=\"ivu-select-input\"]')\n        WebDriverWait(driver, 10).until(EC.element_to_be_clickable((By.XPATH, f'//ul/li[text()=\"{name}\"]'))).click()\n>       imp.click_button('//div[@class=\"d-alIt-ba cursor-pointer m-l-22 col-black font14\"]//span[text()=\" 执行方案\"]')\n\ntest_imp.py:161: \n_ _ _ _ _ _ _ _ _ _ _ _ _ _ _ _ _ _ _ _ _ _ _ _ _ _ _ _ _ _ _ _ _ _ _ _ _ _ _ _\n..\\..\\Pages\\systemPage\\imp_page.py:23: in click_button\n    self.click(By.XPATH, xpath)\n_ _ _ _ _ _ _ _ _ _ _ _ _ _ _ _ _ _ _ _ _ _ _ _ _ _ _ _ _ _ _ _ _ _ _ _ _ _ _ _\n\nself = <Pages.systemPage.imp_page.ImpPage object at 0x00000285CAE21450>\nby_or_element = 'xpath'\nvalue = '//div[@class=\"d-alIt-ba cursor-pointer m-l-22 col-black font14\"]//span[text()=\" 执行方案\"]'\nwait_time = 10\n\n    def click(self, by_or_element, value=None, wait_time=10):\n        if value is not None:\n            by = by_or_element\n            logging.info(f\"点击元素：By = {by}, Value = {value}\")\n            try:\n                element = WebDriverWait(self.driver, wait_time).until(\n                    EC.element_to_be_clickable((by, value))\n                )\n            except TimeoutException:\n                logging.warning(f\"❌ 点击超时：元素 {by} = {value} 未在 {wait_time} 秒内变为可点击\")\n>               raise TimeoutException(f\"点击失败，找不到元素：{by} = {value}\")\nE               selenium.common.exceptions.TimeoutException: Message: 点击失败，找不到元素：xpath = //div[@class=\"d-alIt-ba cursor-pointer m-l-22 col-black font14\"]//span[text()=\" 执行方案\"]\n\n..\\..\\Pages\\base_page.py:50: TimeoutException"}, "attachments": [{"name": "test_imp_clickexecute_failure", "source": "fbe3f4ff-4342-43fe-baaa-3df0966bcd10-attachment.png", "type": "image/png"}, {"name": "test_imp_clickexecute_source", "source": "13b2e7ef-3568-4698-a483-665c714424ae-attachment.html", "type": "text/html"}, {"name": "log", "source": "6885b98f-5b96-4ff8-8b04-85873b752f3d-attachment.txt", "type": "text/plain"}], "start": 1761639391449, "stop": 1761639402458, "uuid": "67edc369-83e9-4295-abf4-0db8b1fb33d6", "historyId": "0515e0b1de8329a850df81ff404adab7", "testCaseId": "0515e0b1de8329a850df81ff404adab7", "fullName": "Tests.test_system.test_imp.TestImpPage#test_imp_clickexecute", "labels": [{"name": "feature", "value": "导入设置页用例"}, {"name": "story", "value": "点击执行方案没有报服务器端错误"}, {"name": "tag", "value": "run(order=207)"}, {"name": "parentSuite", "value": "Tests.test_system"}, {"name": "suite", "value": "test_imp"}, {"name": "subSuite", "value": "TestImpPage"}, {"name": "host", "value": "WIN-20240820MJV"}, {"name": "thread", "value": "61468-MainThread"}, {"name": "framework", "value": "pytest"}, {"name": "language", "value": "cpython3"}, {"name": "package", "value": "Tests.test_system.test_imp"}]}