{"name": "test_systemSettings_inputnum1", "status": "broken", "statusDetails": {"message": "selenium.common.exceptions.TimeoutException: Message: \nStacktrace:\n\tGetHandleVerifier [0x0x7ff61ae06f65+78965]\n\tGetHandleVerifier [0x0x7ff61ae06fc0+79056]\n\t(No symbol) [0x0x7ff61ab99dda]\n\t(No symbol) [0x0x7ff61abf02ea]\n\t(No symbol) [0x0x7ff61abf059c]\n\t(No symbol) [0x0x7ff61ac43f37]\n\t(No symbol) [0x0x7ff61ac186af]\n\t(No symbol) [0x0x7ff61ac40dbe]\n\t(No symbol) [0x0x7ff61ac18443]\n\t(No symbol) [0x0x7ff61abe1311]\n\t(No symbol) [0x0x7ff61abe20a3]\n\tGetHandleVerifier [0x0x7ff61b0be26d+2926461]\n\tGetHandleVerifier [0x0x7ff61b0b8993+2903715]\n\tGetHandleVerifier [0x0x7ff61b0d6aed+3026941]\n\tGetHandleVerifier [0x0x7ff61ae216fe+187406]\n\tGetHandleVerifier [0x0x7ff61ae296ef+220159]\n\tGetHandleVerifier [0x0x7ff61ae0faf4+114692]\n\tGetHandleVerifier [0x0x7ff61ae0fca9+115129]\n\tGetHandleVerifier [0x0x7ff61adf64d8+10728]\n\tBaseThreadInitThunk [0x0x7ffee7407374+20]\n\tRtlUserThreadStart [0x0x7ffee89bcc91+33]", "trace": "self = <test_system.test_systemSettings.TestSystemSettingsPage object at 0x0000016B9B30FE20>\nlogin_to_systemSettings = <selenium.webdriver.chrome.webdriver.WebDriver (session=\"eec66a46a4e8920ece284795e6c813d6\")>\n\n    @allure.story(\"校验数字文本框最大只能输入99999999999\")\n    # @pytest.mark.run(order=1)\n    def test_systemSettings_inputnum1(self, login_to_systemSettings):\n        driver = login_to_systemSettings  # WebDriver 实例\n        settings = SystemSettingsPage(driver)  # 用 driver 初始化 SystemSettingsPage\n        settings.enter_texts('//div[p[text()=\" 禁用不登录账户（天）: \"]]//input', \"e./,124ds.jd.fvwq324444443521244444444tgg77飞435535353535erq\")\n        settings.click_save_button()\n>       maeessage = settings.get_find_message()\n\ntest_systemSettings.py:286: \n_ _ _ _ _ _ _ _ _ _ _ _ _ _ _ _ _ _ _ _ _ _ _ _ _ _ _ _ _ _ _ _ _ _ _ _ _ _ _ _\n..\\..\\Pages\\systemPage\\systemSettings_page.py:35: in get_find_message\n    message = WebDriverWait(self.driver, 10).until(\n_ _ _ _ _ _ _ _ _ _ _ _ _ _ _ _ _ _ _ _ _ _ _ _ _ _ _ _ _ _ _ _ _ _ _ _ _ _ _ _\n\nself = <selenium.webdriver.support.wait.WebDriverWait (session=\"eec66a46a4e8920ece284795e6c813d6\")>\nmethod = <function visibility_of_element_located.<locals>._predicate at 0x0000016B9B2DD360>\nmessage = ''\n\n    def until(self, method: Callable[[D], Union[Literal[False], T]], message: str = \"\") -> T:\n        \"\"\"Wait until the method returns a value that is not False.\n    \n        Calls the method provided with the driver as an argument until the\n        return value does not evaluate to ``False``.\n    \n        Parameters:\n        -----------\n        method: callable(WebDriver)\n            - A callable object that takes a WebDriver instance as an argument.\n    \n        message: str\n            - Optional message for :exc:`TimeoutException`\n    \n        Return:\n        -------\n        object: T\n            - The result of the last call to `method`\n    \n        Raises:\n        -------\n        TimeoutException\n            - If 'method' does not return a truthy value within the WebDriverWait\n            object's timeout\n    \n        Example:\n        --------\n        >>> from selenium.webdriver.common.by import By\n        >>> from selenium.webdriver.support.ui import WebDriverWait\n        >>> from selenium.webdriver.support import expected_conditions as EC\n    \n        # Wait until an element is visible on the page\n        >>> wait = WebDriverWait(driver, 10)\n        >>> element = wait.until(EC.visibility_of_element_located((By.ID, \"exampleId\")))\n        >>> print(element.text)\n        \"\"\"\n        screen = None\n        stacktrace = None\n    \n        end_time = time.monotonic() + self._timeout\n        while True:\n            try:\n                value = method(self._driver)\n                if value:\n                    return value\n            except self._ignored_exceptions as exc:\n                screen = getattr(exc, \"screen\", None)\n                stacktrace = getattr(exc, \"stacktrace\", None)\n            if time.monotonic() > end_time:\n                break\n            time.sleep(self._poll)\n>       raise TimeoutException(message, screen, stacktrace)\nE       selenium.common.exceptions.TimeoutException: Message: \nE       Stacktrace:\nE       \tGetHandleVerifier [0x0x7ff61ae06f65+78965]\nE       \tGetHandleVerifier [0x0x7ff61ae06fc0+79056]\nE       \t(No symbol) [0x0x7ff61ab99dda]\nE       \t(No symbol) [0x0x7ff61abf02ea]\nE       \t(No symbol) [0x0x7ff61abf059c]\nE       \t(No symbol) [0x0x7ff61ac43f37]\nE       \t(No symbol) [0x0x7ff61ac186af]\nE       \t(No symbol) [0x0x7ff61ac40dbe]\nE       \t(No symbol) [0x0x7ff61ac18443]\nE       \t(No symbol) [0x0x7ff61abe1311]\nE       \t(No symbol) [0x0x7ff61abe20a3]\nE       \tGetHandleVerifier [0x0x7ff61b0be26d+2926461]\nE       \tGetHandleVerifier [0x0x7ff61b0b8993+2903715]\nE       \tGetHandleVerifier [0x0x7ff61b0d6aed+3026941]\nE       \tGetHandleVerifier [0x0x7ff61ae216fe+187406]\nE       \tGetHandleVerifier [0x0x7ff61ae296ef+220159]\nE       \tGetHandleVerifier [0x0x7ff61ae0faf4+114692]\nE       \tGetHandleVerifier [0x0x7ff61ae0fca9+115129]\nE       \tGetHandleVerifier [0x0x7ff61adf64d8+10728]\nE       \tBaseThreadInitThunk [0x0x7ffee7407374+20]\nE       \tRtlUserThreadStart [0x0x7ffee89bcc91+33]\n\nD:\\Program Files\\Python310\\lib\\site-packages\\selenium\\webdriver\\support\\wait.py:146: TimeoutException"}, "attachments": [{"name": "test_systemSettings_inputnum1_failure", "source": "3ea43168-74e3-478f-beff-b93ea36eda9f-attachment.png", "type": "image/png"}, {"name": "test_systemSettings_inputnum1_source", "source": "881174fc-5b97-4a49-bd28-192aa5700296-attachment.html", "type": "text/html"}, {"name": "log", "source": "c961e855-3403-420e-9eab-4b8a8005ee21-attachment.txt", "type": "text/plain"}], "start": 1761531707598, "stop": 1761531718509, "uuid": "c6e1616f-4205-4683-a012-cb687192eb54", "historyId": "951eb851b3dee07e702ea54a3f6e50ef", "testCaseId": "951eb851b3dee07e702ea54a3f6e50ef", "fullName": "Tests.test_system.test_systemSettings.TestSystemSettingsPage#test_systemSettings_inputnum1", "labels": [{"name": "story", "value": "校验数字文本框最大只能输入99999999999"}, {"name": "feature", "value": "系统标识设置页用例"}, {"name": "tag", "value": "run(order=211)"}, {"name": "parentSuite", "value": "Tests.test_system"}, {"name": "suite", "value": "test_systemSettings"}, {"name": "subSuite", "value": "TestSystemSettingsPage"}, {"name": "host", "value": "WIN-20240820MJV"}, {"name": "thread", "value": "23356-MainThread"}, {"name": "framework", "value": "pytest"}, {"name": "language", "value": "cpython3"}, {"name": "package", "value": "Tests.test_system.test_systemSettings"}]}