{"name": "test_database_synchronize1", "status": "broken", "statusDetails": {"message": "selenium.common.exceptions.TimeoutException: Message: \nStacktrace:\n\tGetHandleVerifier [0x0x7ff7eb106f65+78965]\n\tGetHandleVerifier [0x0x7ff7eb106fc0+79056]\n\t(No symbol) [0x0x7ff7eae99dda]\n\t(No symbol) [0x0x7ff7eaef02ea]\n\t(No symbol) [0x0x7ff7eaef059c]\n\t(No symbol) [0x0x7ff7eaf43f37]\n\t(No symbol) [0x0x7ff7eaf186af]\n\t(No symbol) [0x0x7ff7eaf40dbe]\n\t(No symbol) [0x0x7ff7eaf18443]\n\t(No symbol) [0x0x7ff7eaee1311]\n\t(No symbol) [0x0x7ff7eaee20a3]\n\tGetHandleVerifier [0x0x7ff7eb3be26d+2926461]\n\tGetHandleVerifier [0x0x7ff7eb3b8993+2903715]\n\tGetHandleVerifier [0x0x7ff7eb3d6aed+3026941]\n\tGetHandleVerifier [0x0x7ff7eb1216fe+187406]\n\tGetHandleVerifier [0x0x7ff7eb1296ef+220159]\n\tGetHandleVerifier [0x0x7ff7eb10faf4+114692]\n\tGetHandleVerifier [0x0x7ff7eb10fca9+115129]\n\tGetHandleVerifier [0x0x7ff7eb0f64d8+10728]\n\tBaseThreadInitThunk [0x0x7ff832417374+20]\n\tRtlUserThreadStart [0x0x7ff833d3cc91+33]", "trace": "self = <test_system.test_database.TestSDateBasePage object at 0x00000138F443EB90>\nlogin_to_database = <selenium.webdriver.chrome.webdriver.WebDriver (session=\"b8ec833d07d6f2f0064f8b98b6d9c814\")>\n\n    @allure.story(\"同步单表成功\")\n    # @pytest.mark.run(order=1)\n    def test_database_synchronize1(self, login_to_database):\n        driver = login_to_database  # WebDriver 实例\n        data = DateBasePage(driver)  # 用 driver 初始化 DateBasePage\n        data.click_all_button(\"同步单表\")\n>       message = data.get_find_message()\n\ntest_database.py:203: \n_ _ _ _ _ _ _ _ _ _ _ _ _ _ _ _ _ _ _ _ _ _ _ _ _ _ _ _ _ _ _ _ _ _ _ _ _ _ _ _\n..\\..\\Pages\\systemPage\\database_page.py:35: in get_find_message\n    message = WebDriverWait(self.driver, 10).until(\n_ _ _ _ _ _ _ _ _ _ _ _ _ _ _ _ _ _ _ _ _ _ _ _ _ _ _ _ _ _ _ _ _ _ _ _ _ _ _ _\n\nself = <selenium.webdriver.support.wait.WebDriverWait (session=\"b8ec833d07d6f2f0064f8b98b6d9c814\")>\nmethod = <function visibility_of_element_located.<locals>._predicate at 0x00000138F43CF2E0>\nmessage = ''\n\n    def until(self, method: Callable[[D], Union[Literal[False], T]], message: str = \"\") -> T:\n        \"\"\"Wait until the method returns a value that is not False.\n    \n        Calls the method provided with the driver as an argument until the\n        return value does not evaluate to ``False``.\n    \n        Parameters:\n        -----------\n        method: callable(WebDriver)\n            - A callable object that takes a WebDriver instance as an argument.\n    \n        message: str\n            - Optional message for :exc:`TimeoutException`\n    \n        Return:\n        -------\n        object: T\n            - The result of the last call to `method`\n    \n        Raises:\n        -------\n        TimeoutException\n            - If 'method' does not return a truthy value within the WebDriverWait\n            object's timeout\n    \n        Example:\n        --------\n        >>> from selenium.webdriver.common.by import By\n        >>> from selenium.webdriver.support.ui import WebDriverWait\n        >>> from selenium.webdriver.support import expected_conditions as EC\n    \n        # Wait until an element is visible on the page\n        >>> wait = WebDriverWait(driver, 10)\n        >>> element = wait.until(EC.visibility_of_element_located((By.ID, \"exampleId\")))\n        >>> print(element.text)\n        \"\"\"\n        screen = None\n        stacktrace = None\n    \n        end_time = time.monotonic() + self._timeout\n        while True:\n            try:\n                value = method(self._driver)\n                if value:\n                    return value\n            except self._ignored_exceptions as exc:\n                screen = getattr(exc, \"screen\", None)\n                stacktrace = getattr(exc, \"stacktrace\", None)\n            if time.monotonic() > end_time:\n                break\n            time.sleep(self._poll)\n>       raise TimeoutException(message, screen, stacktrace)\nE       selenium.common.exceptions.TimeoutException: Message: \nE       Stacktrace:\nE       \tGetHandleVerifier [0x0x7ff7eb106f65+78965]\nE       \tGetHandleVerifier [0x0x7ff7eb106fc0+79056]\nE       \t(No symbol) [0x0x7ff7eae99dda]\nE       \t(No symbol) [0x0x7ff7eaef02ea]\nE       \t(No symbol) [0x0x7ff7eaef059c]\nE       \t(No symbol) [0x0x7ff7eaf43f37]\nE       \t(No symbol) [0x0x7ff7eaf186af]\nE       \t(No symbol) [0x0x7ff7eaf40dbe]\nE       \t(No symbol) [0x0x7ff7eaf18443]\nE       \t(No symbol) [0x0x7ff7eaee1311]\nE       \t(No symbol) [0x0x7ff7eaee20a3]\nE       \tGetHandleVerifier [0x0x7ff7eb3be26d+2926461]\nE       \tGetHandleVerifier [0x0x7ff7eb3b8993+2903715]\nE       \tGetHandleVerifier [0x0x7ff7eb3d6aed+3026941]\nE       \tGetHandleVerifier [0x0x7ff7eb1216fe+187406]\nE       \tGetHandleVerifier [0x0x7ff7eb1296ef+220159]\nE       \tGetHandleVerifier [0x0x7ff7eb10faf4+114692]\nE       \tGetHandleVerifier [0x0x7ff7eb10fca9+115129]\nE       \tGetHandleVerifier [0x0x7ff7eb0f64d8+10728]\nE       \tBaseThreadInitThunk [0x0x7ff832417374+20]\nE       \tRtlUserThreadStart [0x0x7ff833d3cc91+33]\n\nD:\\Program Files\\Python310\\lib\\site-packages\\selenium\\webdriver\\support\\wait.py:146: TimeoutException"}, "attachments": [{"name": "test_database_synchronize1_failure", "source": "51198d4b-f310-453e-84c6-ff335e73367a-attachment.png", "type": "image/png"}, {"name": "test_database_synchronize1_source", "source": "ed0d9dda-0232-4e9f-b282-63be73302ed0-attachment.html", "type": "text/html"}, {"name": "log", "source": "fdff4778-03c9-4543-af09-52a7f087d7d6-attachment.txt", "type": "text/plain"}], "start": 1761726047792, "stop": 1761726059024, "uuid": "8bf877b4-7fa7-475d-a1ab-af9ac969cc20", "historyId": "028618c318cf678fa0ec1d5cc0869ab9", "testCaseId": "028618c318cf678fa0ec1d5cc0869ab9", "fullName": "Tests.test_system.test_database.TestSDateBasePage#test_database_synchronize1", "labels": [{"name": "feature", "value": "数据库维护页用例"}, {"name": "story", "value": "同步单表成功"}, {"name": "tag", "value": "run(order=218)"}, {"name": "parentSuite", "value": "Tests.test_system"}, {"name": "suite", "value": "test_database"}, {"name": "subSuite", "value": "TestSDateBasePage"}, {"name": "host", "value": "WIN-20240820MJV"}, {"name": "thread", "value": "25824-MainThread"}, {"name": "framework", "value": "pytest"}, {"name": "language", "value": "cpython3"}, {"name": "package", "value": "Tests.test_system.test_database"}]}