{"name": "test_systemSettings_inputnum3", "status": "broken", "statusDetails": {"message": "selenium.common.exceptions.TimeoutException: Message: \nStacktrace:\n\tGetHandleVerifier [0x0x7ff61ae06f65+78965]\n\tGetHandleVerifier [0x0x7ff61ae06fc0+79056]\n\t(No symbol) [0x0x7ff61ab99dda]\n\t(No symbol) [0x0x7ff61abf02ea]\n\t(No symbol) [0x0x7ff61abf059c]\n\t(No symbol) [0x0x7ff61ac43f37]\n\t(No symbol) [0x0x7ff61ac186af]\n\t(No symbol) [0x0x7ff61ac40dbe]\n\t(No symbol) [0x0x7ff61ac18443]\n\t(No symbol) [0x0x7ff61abe1311]\n\t(No symbol) [0x0x7ff61abe20a3]\n\tGetHandleVerifier [0x0x7ff61b0be26d+2926461]\n\tGetHandleVerifier [0x0x7ff61b0b8993+2903715]\n\tGetHandleVerifier [0x0x7ff61b0d6aed+3026941]\n\tGetHandleVerifier [0x0x7ff61ae216fe+187406]\n\tGetHandleVerifier [0x0x7ff61ae296ef+220159]\n\tGetHandleVerifier [0x0x7ff61ae0faf4+114692]\n\tGetHandleVerifier [0x0x7ff61ae0fca9+115129]\n\tGetHandleVerifier [0x0x7ff61adf64d8+10728]\n\tBaseThreadInitThunk [0x0x7ffee7407374+20]\n\tRtlUserThreadStart [0x0x7ffee89bcc91+33]", "trace": "self = <test_system.test_systemSettings.TestSystemSettingsPage object at 0x000001B9C04F8820>\nlogin_to_systemSettings = <selenium.webdriver.chrome.webdriver.WebDriver (session=\"aadc1cf00c57b0f44d4af0c85b598af5\")>\n\n    @allure.story(\"平台设置数字文本框做校验\")\n    # @pytest.mark.run(order=1)\n    def test_systemSettings_inputnum3(self, login_to_systemSettings):\n        driver = login_to_systemSettings  # WebDriver 实例\n        settings = SystemSettingsPage(driver)  # 用 driver 初始化 SystemSettingsPage\n        settings.click_button('//div[text()=\" 平台设置 \"]')\n>       settings.enter_texts('//div[p[text()=\" 数据库命令超时时间: \"]]//input',\n                             \"e./,124ds.jd.fvwq324444443521244444444tgg77飞435535353535erq\")\n\ntest_systemSettings.py:322: \n_ _ _ _ _ _ _ _ _ _ _ _ _ _ _ _ _ _ _ _ _ _ _ _ _ _ _ _ _ _ _ _ _ _ _ _ _ _ _ _\n..\\..\\Pages\\systemPage\\systemSettings_page.py:20: in enter_texts\n    self.enter_text(By.XPATH, xpath, text)\n..\\..\\Pages\\base_page.py:66: in enter_text\n    element = WebDriverWait(self.driver, wait_time).until(\n_ _ _ _ _ _ _ _ _ _ _ _ _ _ _ _ _ _ _ _ _ _ _ _ _ _ _ _ _ _ _ _ _ _ _ _ _ _ _ _\n\nself = <selenium.webdriver.support.wait.WebDriverWait (session=\"aadc1cf00c57b0f44d4af0c85b598af5\")>\nmethod = <function visibility_of_element_located.<locals>._predicate at 0x000001B9C048D360>\nmessage = ''\n\n    def until(self, method: Callable[[D], Union[Literal[False], T]], message: str = \"\") -> T:\n        \"\"\"Wait until the method returns a value that is not False.\n    \n        Calls the method provided with the driver as an argument until the\n        return value does not evaluate to ``False``.\n    \n        Parameters:\n        -----------\n        method: callable(WebDriver)\n            - A callable object that takes a WebDriver instance as an argument.\n    \n        message: str\n            - Optional message for :exc:`TimeoutException`\n    \n        Return:\n        -------\n        object: T\n            - The result of the last call to `method`\n    \n        Raises:\n        -------\n        TimeoutException\n            - If 'method' does not return a truthy value within the WebDriverWait\n            object's timeout\n    \n        Example:\n        --------\n        >>> from selenium.webdriver.common.by import By\n        >>> from selenium.webdriver.support.ui import WebDriverWait\n        >>> from selenium.webdriver.support import expected_conditions as EC\n    \n        # Wait until an element is visible on the page\n        >>> wait = WebDriverWait(driver, 10)\n        >>> element = wait.until(EC.visibility_of_element_located((By.ID, \"exampleId\")))\n        >>> print(element.text)\n        \"\"\"\n        screen = None\n        stacktrace = None\n    \n        end_time = time.monotonic() + self._timeout\n        while True:\n            try:\n                value = method(self._driver)\n                if value:\n                    return value\n            except self._ignored_exceptions as exc:\n                screen = getattr(exc, \"screen\", None)\n                stacktrace = getattr(exc, \"stacktrace\", None)\n            if time.monotonic() > end_time:\n                break\n            time.sleep(self._poll)\n>       raise TimeoutException(message, screen, stacktrace)\nE       selenium.common.exceptions.TimeoutException: Message: \nE       Stacktrace:\nE       \tGetHandleVerifier [0x0x7ff61ae06f65+78965]\nE       \tGetHandleVerifier [0x0x7ff61ae06fc0+79056]\nE       \t(No symbol) [0x0x7ff61ab99dda]\nE       \t(No symbol) [0x0x7ff61abf02ea]\nE       \t(No symbol) [0x0x7ff61abf059c]\nE       \t(No symbol) [0x0x7ff61ac43f37]\nE       \t(No symbol) [0x0x7ff61ac186af]\nE       \t(No symbol) [0x0x7ff61ac40dbe]\nE       \t(No symbol) [0x0x7ff61ac18443]\nE       \t(No symbol) [0x0x7ff61abe1311]\nE       \t(No symbol) [0x0x7ff61abe20a3]\nE       \tGetHandleVerifier [0x0x7ff61b0be26d+2926461]\nE       \tGetHandleVerifier [0x0x7ff61b0b8993+2903715]\nE       \tGetHandleVerifier [0x0x7ff61b0d6aed+3026941]\nE       \tGetHandleVerifier [0x0x7ff61ae216fe+187406]\nE       \tGetHandleVerifier [0x0x7ff61ae296ef+220159]\nE       \tGetHandleVerifier [0x0x7ff61ae0faf4+114692]\nE       \tGetHandleVerifier [0x0x7ff61ae0fca9+115129]\nE       \tGetHandleVerifier [0x0x7ff61adf64d8+10728]\nE       \tBaseThreadInitThunk [0x0x7ffee7407374+20]\nE       \tRtlUserThreadStart [0x0x7ffee89bcc91+33]\n\nD:\\Program Files\\Python310\\lib\\site-packages\\selenium\\webdriver\\support\\wait.py:146: TimeoutException"}, "attachments": [{"name": "test_systemSettings_inputnum3_failure", "source": "de57e9d6-6612-4155-9a26-7da8f097d6b9-attachment.png", "type": "image/png"}, {"name": "test_systemSettings_inputnum3_source", "source": "3fd841f1-4bfe-49ea-9549-09e78ac5973e-attachment.html", "type": "text/html"}, {"name": "log", "source": "c4d191c6-a1c3-40d5-8175-43aa726b90e2-attachment.txt", "type": "text/plain"}], "start": 1761531888795, "stop": 1761531899067, "uuid": "f7e1658d-45d0-439b-922e-b5f00a74e1c8", "historyId": "6d51feb6cf1e99d6b769e2568cdc09e5", "testCaseId": "6d51feb6cf1e99d6b769e2568cdc09e5", "fullName": "Tests.test_system.test_systemSettings.TestSystemSettingsPage#test_systemSettings_inputnum3", "labels": [{"name": "story", "value": "平台设置数字文本框做校验"}, {"name": "feature", "value": "系统标识设置页用例"}, {"name": "tag", "value": "run(order=211)"}, {"name": "parentSuite", "value": "Tests.test_system"}, {"name": "suite", "value": "test_systemSettings"}, {"name": "subSuite", "value": "TestSystemSettingsPage"}, {"name": "host", "value": "WIN-20240820MJV"}, {"name": "thread", "value": "20616-MainThread"}, {"name": "framework", "value": "pytest"}, {"name": "language", "value": "cpython3"}, {"name": "package", "value": "Tests.test_system.test_systemSettings"}]}